1676223132.2355392;P2;PEER ENTERED;
1676223144.7807155;P2;TOPOLOGY UPDATE;{"P1": {"P2": 100, "P3": 100, "P4": 100, "P5": 100}, "P2": {"P1": 100}, "P3": {"P1": 100}, "P4": {"P1": 100}, "P5": {"P1": 100}}
1676223150.3282256;P2;TOPOLOGY UPDATE;{"P1": {"P2": 100, "P3": 100, "P4": 100, "P5": 100}, "P2": {"P1": 100}, "P3": {"P1": 100}, "P4": {"P1": 100}, "P5": {"P1": 100}}
1676223155.1838708;P2;TOPOLOGY UPDATE;{"P1": {"P2": 100, "P3": 100, "P4": 100, "P5": 100}, "P2": {"P1": 100}, "P3": {"P1": 100}, "P4": {"P1": 100}, "P5": {"P1": 100}}
1676223174.7836835;P2;LEAST COST PATH;{"P1": ["P2"], "P2": [], "P3": ["P1"], "P4": ["P1"], "P5": ["P1"]}
1676223180.33336;P2;LEAST COST PATH;{"P1": ["P2"], "P2": [], "P3": ["P1"], "P4": ["P1"], "P5": ["P1"]}
1676223182.232332;P2;TOPOLOGY UPDATE;{"P1": {"P2": 100, "P3": 100, "P4": 100, "P5": 100}, "P2": {"P1": 100}, "P3": {"P1": 100}, "P4": {"P1": 100}, "P5": {"P1": 100}}
1676223185.1853669;P2;LEAST COST PATH;{"P1": ["P2"], "P2": [], "P3": ["P1"], "P4": ["P1"], "P5": ["P1"]}
1676223199.8165448;P2;NODE FAILURE;set()
1676223199.8168144;P2;TOPOLOGY UPDATE;{"P1": {"P2": 383, "P3": 470, "P4": 1280, "P5": 100}, "P2": {"P1": 383}, "P3": {"P1": 470}, "P4": {"P1": 1280}, "P5": {"P1": 100}}
1676223207.2387595;P2;NODE FAILURE;set()
1676223207.2390182;P2;TOPOLOGY UPDATE;{"P1": {"P2": 383, "P3": 470, "P4": 1280, "P5": 1391}, "P2": {"P1": 383}, "P3": {"P1": 470}, "P4": {"P1": 1280}, "P5": {"P1": 1391}}
1676223210.2807488;P2;NODE FAILURE;set()
1676223210.2810085;P2;TOPOLOGY UPDATE;{"P1": {"P2": 383, "P3": 470, "P4": 1280, "P5": 1391}, "P2": {"P1": 383}, "P3": {"P1": 470}, "P4": {"P1": 1280}, "P5": {"P1": 1391}}
1676223212.2335322;P2;LEAST COST PATH;{"P1": ["P2"], "P2": [], "P3": ["P1"], "P4": ["P1"], "P5": ["P1"]}
1676223214.8373091;P2;NODE FAILURE;set()
1676223214.837557;P2;TOPOLOGY UPDATE;{"P1": {"P2": 383, "P3": 470, "P4": 1280, "P5": 1391}, "P2": {"P1": 383}, "P3": {"P1": 470}, "P4": {"P1": 1280}, "P5": {"P1": 1391}}
1676223219.7367103;P2;NODE FAILURE;set()
1676223219.7369494;P2;TOPOLOGY UPDATE;{"P1": {"P2": 383, "P3": 470, "P4": 1280, "P5": 1391}, "P2": {"P1": 383}, "P3": {"P1": 470}, "P4": {"P1": 1280}, "P5": {"P1": 1391}}
1676223229.8177416;P2;LEAST COST PATH;{"P1": ["P2"], "P2": [], "P3": ["P1"], "P4": ["P1"], "P5": ["P1"]}
1676223237.2425041;P2;LEAST COST PATH;{"P1": ["P2"], "P2": [], "P3": ["P1"], "P4": ["P1"], "P5": ["P1"]}
1676223240.2826254;P2;LEAST COST PATH;{"P1": ["P2"], "P2": [], "P3": ["P1"], "P4": ["P1"], "P5": ["P1"]}
1676223244.839526;P2;LEAST COST PATH;{"P1": ["P2"], "P2": [], "P3": ["P1"], "P4": ["P1"], "P5": ["P1"]}
1676223244.8628914;P2;NODE FAILURE;set()
1676223244.86314;P2;TOPOLOGY UPDATE;{"P1": {"P2": 451, "P3": 470, "P4": 1280, "P5": 1391}, "P2": {"P1": 451}, "P3": {"P1": 470}, "P4": {"P1": 1280}, "P5": {"P1": 1391}}
1676223249.7387214;P2;LEAST COST PATH;{"P1": ["P2"], "P2": [], "P3": ["P1"], "P4": ["P1"], "P5": ["P1"]}
1676223255.327383;P2;NODE FAILURE;set()
1676223255.327586;P2;TOPOLOGY UPDATE;{"P1": {"P2": 451, "P3": 531, "P4": 1106, "P5": 1391}, "P2": {"P1": 451}, "P3": {"P1": 531}, "P4": {"P1": 1106}, "P5": {"P1": 1391}}
1676223259.8695486;P2;NODE FAILURE;set()
1676223259.8697927;P2;TOPOLOGY UPDATE;{"P1": {"P2": 451, "P3": 531, "P4": 1106, "P5": 1391}, "P2": {"P1": 451}, "P3": {"P1": 531}, "P4": {"P1": 1106}, "P5": {"P1": 1391}}
1676223267.304735;P2;NODE FAILURE;set()
1676223267.3049922;P2;TOPOLOGY UPDATE;{"P1": {"P2": 451, "P3": 531, "P4": 1106, "P5": 1391}, "P2": {"P1": 451}, "P3": {"P1": 531}, "P4": {"P1": 1106}, "P5": {"P1": 1391}}
1676223274.864271;P2;LEAST COST PATH;{"P1": ["P2"], "P2": [], "P3": ["P1"], "P4": ["P1"], "P5": ["P1"]}
1676223279.8638737;P2;NODE FAILURE;set()
1676223279.864065;P2;TOPOLOGY UPDATE;{"P1": {"P2": 451, "P3": 531, "P4": 1106, "P5": 1391}, "P2": {"P1": 451}, "P3": {"P1": 531}, "P4": {"P1": 1106}, "P5": {"P1": 1391}}
1676223285.329843;P2;LEAST COST PATH;{"P1": ["P2"], "P2": [], "P3": ["P1"], "P4": ["P1"], "P5": ["P1"]}
1676223289.8716445;P2;LEAST COST PATH;{"P1": ["P2"], "P2": [], "P3": ["P1"], "P4": ["P1"], "P5": ["P1"]}
1676223289.8999119;P2;NODE FAILURE;set()
1676223289.9001799;P2;TOPOLOGY UPDATE;{"P1": {"P2": 451, "P3": 531, "P4": 1106, "P5": 1095}, "P2": {"P1": 451}, "P3": {"P1": 531}, "P4": {"P1": 1106}, "P5": {"P1": 1095}}
1676223297.306404;P2;LEAST COST PATH;{"P1": ["P2"], "P2": [], "P3": ["P1"], "P4": ["P1"], "P5": ["P1"]}
1676223304.9109745;P2;NODE FAILURE;set()
1676223304.9112277;P2;TOPOLOGY UPDATE;{"P1": {"P2": 413, "P3": 531, "P4": 740, "P5": 1095}, "P2": {"P1": 413}, "P3": {"P1": 531}, "P4": {"P1": 740}, "P5": {"P1": 1095}}
1676223309.8652868;P2;LEAST COST PATH;{"P1": ["P2"], "P2": [], "P3": ["P1"], "P4": ["P1"], "P5": ["P1"]}
1676223312.354783;P2;NODE FAILURE;set()
1676223312.3549647;P2;TOPOLOGY UPDATE;{"P1": {"P2": 413, "P3": 475, "P4": 740, "P5": 1095}, "P2": {"P1": 413}, "P3": {"P1": 475}, "P4": {"P1": 740}, "P5": {"P1": 1095}}
1676223315.4018219;P2;NODE FAILURE;set()
1676223315.402059;P2;TOPOLOGY UPDATE;{"P1": {"P2": 413, "P3": 475, "P4": 740, "P5": 1095}, "P2": {"P1": 413}, "P3": {"P1": 475}, "P4": {"P1": 740}, "P5": {"P1": 1095}}
1676223319.9015846;P2;LEAST COST PATH;{"P1": ["P2"], "P2": [], "P3": ["P1"], "P4": ["P1"], "P5": ["P1"]}
1676223319.9270074;P2;NODE FAILURE;set()
1676223319.9273705;P2;TOPOLOGY UPDATE;{"P1": {"P2": 413, "P3": 475, "P4": 740, "P5": 1095}, "P2": {"P1": 413}, "P3": {"P1": 475}, "P4": {"P1": 740}, "P5": {"P1": 1095}}
1676223334.9132535;P2;LEAST COST PATH;{"P1": ["P2"], "P2": [], "P3": ["P1"], "P4": ["P1"], "P5": ["P1"]}
1676223342.3567755;P2;LEAST COST PATH;{"P1": ["P2"], "P2": [], "P3": ["P1"], "P4": ["P1"], "P5": ["P1"]}
1676223345.4051502;P2;LEAST COST PATH;{"P1": ["P2"], "P2": [], "P3": ["P1"], "P4": ["P1"], "P5": ["P1"]}
1676223349.9298797;P2;LEAST COST PATH;{"P1": ["P2"], "P2": [], "P3": ["P1"], "P4": ["P1"], "P5": ["P1"]}
1676223349.961998;P2;NODE FAILURE;set()
1676223349.9621797;P2;TOPOLOGY UPDATE;{"P1": {"P2": 113, "P3": 475, "P4": 785, "P5": 1279}, "P2": {"P1": 113}, "P3": {"P1": 475}, "P4": {"P1": 785}, "P5": {"P1": 1279}}
1676223357.3875375;P2;NODE FAILURE;set()
1676223357.3877647;P2;TOPOLOGY UPDATE;{"P1": {"P2": 113, "P3": 475, "P4": 785, "P5": 1279}, "P2": {"P1": 113}, "P3": {"P1": 475}, "P4": {"P1": 785}, "P5": {"P1": 1279}}
1676223360.432294;P2;NODE FAILURE;set()
1676223360.4324925;P2;TOPOLOGY UPDATE;{"P1": {"P2": 113, "P3": 475, "P4": 785, "P5": 1279}, "P2": {"P1": 113}, "P3": {"P1": 475}, "P4": {"P1": 785}, "P5": {"P1": 1279}}
1676223379.9637086;P2;LEAST COST PATH;{"P1": ["P2"], "P2": [], "P3": ["P1"], "P4": ["P1"], "P5": ["P1"]}
1676223387.3917248;P2;LEAST COST PATH;{"P1": ["P2"], "P2": [], "P3": ["P1"], "P4": ["P1"], "P5": ["P1"]}
1676223390.434621;P2;LEAST COST PATH;{"P1": ["P2"], "P2": [], "P3": ["P1"], "P4": ["P1"], "P5": ["P1"]}
1676223395.001631;P2;NODE FAILURE;set()
1676223395.0018315;P2;TOPOLOGY UPDATE;{"P1": {"P2": 268, "P3": 1358, "P4": 785, "P5": 1279}, "P2": {"P1": 268}, "P3": {"P1": 1358}, "P4": {"P1": 785}, "P5": {"P1": 1279}}
1676223410.0229995;P2;NODE FAILURE;set()
1676223410.0234241;P2;TOPOLOGY UPDATE;{"P1": {"P2": 268, "P3": 1358, "P4": 834, "P5": 1231}, "P2": {"P1": 268}, "P3": {"P1": 1358}, "P4": {"P1": 834}, "P5": {"P1": 1231}}
1676223414.9402134;P2;NODE FAILURE;set()
1676223414.940612;P2;TOPOLOGY UPDATE;{"P1": {"P2": 268, "P3": 1358, "P4": 834, "P5": 1231}, "P2": {"P1": 268}, "P3": {"P1": 1358}, "P4": {"P1": 834}, "P5": {"P1": 1231}}
1676223417.9741514;P2;NODE FAILURE;set()
1676223417.9743195;P2;TOPOLOGY UPDATE;{"P1": {"P2": 268, "P3": 1358, "P4": 834, "P5": 1231}, "P2": {"P1": 268}, "P3": {"P1": 1358}, "P4": {"P1": 834}, "P5": {"P1": 1231}}
1676223424.059491;P2;NODE FAILURE;set()
1676223424.0598874;P2;TOPOLOGY UPDATE;{"P1": {"P2": 268, "P3": 1358, "P4": 834, "P5": 1231}, "P2": {"P1": 268}, "P3": {"P1": 1358}, "P4": {"P1": 834}, "P5": {"P1": 1231}}
1676223425.0024657;P2;LEAST COST PATH;{"P1": ["P2"], "P2": [], "P3": ["P1"], "P4": ["P1"], "P5": ["P1"]}
1676223440.0242176;P2;LEAST COST PATH;{"P1": ["P2"], "P2": [], "P3": ["P1"], "P4": ["P1"], "P5": ["P1"]}
1676223444.945273;P2;LEAST COST PATH;{"P1": ["P2"], "P2": [], "P3": ["P1"], "P4": ["P1"], "P5": ["P1"]}
1676223447.9757018;P2;LEAST COST PATH;{"P1": ["P2"], "P2": [], "P3": ["P1"], "P4": ["P1"], "P5": ["P1"]}
1676223454.0605128;P2;LEAST COST PATH;{"P1": ["P2"], "P2": [], "P3": ["P1"], "P4": ["P1"], "P5": ["P1"]}
1676223455.0849328;P2;NODE FAILURE;set()
1676223455.0850909;P2;TOPOLOGY UPDATE;{"P1": {"P2": 451, "P3": 875, "P4": 834, "P5": 1231}, "P2": {"P1": 451}, "P3": {"P1": 875}, "P4": {"P1": 834}, "P5": {"P1": 1231}}
1676223470.1164865;P2;NODE FAILURE;set()
1676223470.1166542;P2;TOPOLOGY UPDATE;{"P1": {"P2": 451, "P3": 875, "P4": 1066, "P5": 1632}, "P2": {"P1": 451}, "P3": {"P1": 875}, "P4": {"P1": 1066}, "P5": {"P1": 1632}}
1676223475.0511236;P2;NODE FAILURE;set()
1676223475.0513139;P2;TOPOLOGY UPDATE;{"P1": {"P2": 451, "P3": 875, "P4": 1066, "P5": 1632}, "P2": {"P1": 451}, "P3": {"P1": 875}, "P4": {"P1": 1066}, "P5": {"P1": 1632}}
1676223478.089358;P2;NODE FAILURE;set()
1676223478.0897312;P2;TOPOLOGY UPDATE;{"P1": {"P2": 451, "P3": 875, "P4": 1066, "P5": 1632}, "P2": {"P1": 451}, "P3": {"P1": 875}, "P4": {"P1": 1066}, "P5": {"P1": 1632}}
1676223481.1474478;P2;NODE FAILURE;set()
1676223481.1478446;P2;TOPOLOGY UPDATE;{"P1": {"P2": 451, "P3": 875, "P4": 1066, "P5": 1632}, "P2": {"P1": 451}, "P3": {"P1": 875}, "P4": {"P1": 1066}, "P5": {"P1": 1632}}
1676223485.085506;P2;LEAST COST PATH;{"P1": ["P2"], "P2": [], "P3": ["P1"], "P4": ["P1"], "P5": ["P1"]}
1676223500.1172268;P2;LEAST COST PATH;{"P1": ["P2"], "P2": [], "P3": ["P1"], "P4": ["P1"], "P5": ["P1"]}
1676223500.1634455;P2;NODE FAILURE;set()
1676223500.16357;P2;TOPOLOGY UPDATE;{"P1": {"P2": 451, "P3": 470, "P4": 1066, "P5": 1632}, "P2": {"P1": 451}, "P3": {"P1": 470}, "P4": {"P1": 1066}, "P5": {"P1": 1632}}
1676223505.054962;P2;LEAST COST PATH;{"P1": ["P2"], "P2": [], "P3": ["P1"], "P4": ["P1"], "P5": ["P1"]}
1676223508.095838;P2;LEAST COST PATH;{"P1": ["P2"], "P2": [], "P3": ["P1"], "P4": ["P1"], "P5": ["P1"]}
1676223511.1506705;P2;LEAST COST PATH;{"P1": ["P2"], "P2": [], "P3": ["P1"], "P4": ["P1"], "P5": ["P1"]}
1676223515.2177236;P2;NODE FAILURE;set()
1676223515.2178843;P2;TOPOLOGY UPDATE;{"P1": {"P2": 420, "P3": 470, "P4": 1015, "P5": 1254}, "P2": {"P1": 420}, "P3": {"P1": 470}, "P4": {"P1": 1015}, "P5": {"P1": 1254}}
1676223520.0209386;P2;NODE FAILURE;set()
1676223520.0210803;P2;TOPOLOGY UPDATE;{"P1": {"P2": 420, "P3": 470, "P4": 1015, "P5": 1254}, "P2": {"P1": 420}, "P3": {"P1": 470}, "P4": {"P1": 1015}, "P5": {"P1": 1254}}
1676223523.0914824;P2;NODE FAILURE;set()
1676223523.0918431;P2;TOPOLOGY UPDATE;{"P1": {"P2": 420, "P3": 470, "P4": 1015, "P5": 1254}, "P2": {"P1": 420}, "P3": {"P1": 470}, "P4": {"P1": 1015}, "P5": {"P1": 1254}}
1676223526.1391096;P2;NODE FAILURE;set()
1676223526.1394818;P2;TOPOLOGY UPDATE;{"P1": {"P2": 420, "P3": 470, "P4": 1015, "P5": 1254}, "P2": {"P1": 420}, "P3": {"P1": 470}, "P4": {"P1": 1015}, "P5": {"P1": 1254}}
1676223530.164047;P2;LEAST COST PATH;{"P1": ["P2"], "P2": [], "P3": ["P1"], "P4": ["P1"], "P5": ["P1"]}
1676223545.2190487;P2;LEAST COST PATH;{"P1": ["P2"], "P2": [], "P3": ["P1"], "P4": ["P1"], "P5": ["P1"]}
1676223550.0254567;P2;LEAST COST PATH;{"P1": ["P2"], "P2": [], "P3": ["P1"], "P4": ["P1"], "P5": ["P1"]}
1676223553.0930626;P2;LEAST COST PATH;{"P1": ["P2"], "P2": [], "P3": ["P1"], "P4": ["P1"], "P5": ["P1"]}
1676223556.1402946;P2;LEAST COST PATH;{"P1": ["P2"], "P2": [], "P3": ["P1"], "P4": ["P1"], "P5": ["P1"]}
1676223560.2846448;P2;NODE FAILURE;set()
1676223560.2850642;P2;TOPOLOGY UPDATE;{"P1": {"P2": 384, "P3": 752, "P4": 1015, "P5": 1254}, "P2": {"P1": 384}, "P3": {"P1": 752}, "P4": {"P1": 1015}, "P5": {"P1": 1254}}
1676223570.5701602;P2;NODE FAILURE;set()
1676223570.5704343;P2;TOPOLOGY UPDATE;{"P1": {"P2": 384, "P3": 752, "P4": 985, "P5": 1157}, "P2": {"P1": 384}, "P3": {"P1": 752}, "P4": {"P1": 985}, "P5": {"P1": 1157}}
1676223575.3062284;P2;NODE FAILURE;set()
1676223575.3063884;P2;TOPOLOGY UPDATE;{"P1": {"P2": 384, "P3": 752, "P4": 985, "P5": 1157}, "P2": {"P1": 384}, "P3": {"P1": 752}, "P4": {"P1": 985}, "P5": {"P1": 1157}}
1676223580.211519;P2;NODE FAILURE;set()
1676223580.2117295;P2;TOPOLOGY UPDATE;{"P1": {"P2": 384, "P3": 752, "P4": 985, "P5": 1157}, "P2": {"P1": 384}, "P3": {"P1": 752}, "P4": {"P1": 985}, "P5": {"P1": 1157}}
1676223583.2739246;P2;NODE FAILURE;set()
1676223583.2745984;P2;TOPOLOGY UPDATE;{"P1": {"P2": 384, "P3": 752, "P4": 985, "P5": 1157}, "P2": {"P1": 384}, "P3": {"P1": 752}, "P4": {"P1": 985}, "P5": {"P1": 1157}}
1676223590.2858243;P2;LEAST COST PATH;{"P1": ["P2"], "P2": [], "P3": ["P1"], "P4": ["P1"], "P5": ["P1"]}
1676223600.5711155;P2;LEAST COST PATH;{"P1": ["P2"], "P2": [], "P3": ["P1"], "P4": ["P1"], "P5": ["P1"]}
1676223605.307345;P2;LEAST COST PATH;{"P1": ["P2"], "P2": [], "P3": ["P1"], "P4": ["P1"], "P5": ["P1"]}
1676223605.3595338;P2;NODE FAILURE;set()
1676223605.3597083;P2;TOPOLOGY UPDATE;{"P1": {"P2": 675, "P3": 813, "P4": 985, "P5": 1157}, "P2": {"P1": 675}, "P3": {"P1": 813}, "P4": {"P1": 985}, "P5": {"P1": 1157}}
1676223610.2123349;P2;LEAST COST PATH;{"P1": ["P2"], "P2": [], "P3": ["P1"], "P4": ["P1"], "P5": ["P1"]}
1676223613.278971;P2;LEAST COST PATH;{"P1": ["P2"], "P2": [], "P3": ["P1"], "P4": ["P1"], "P5": ["P1"]}
1676223620.3793213;P2;NODE FAILURE;set()
1676223620.379571;P2;TOPOLOGY UPDATE;{"P1": {"P2": 675, "P3": 813, "P4": 944, "P5": 1159}, "P2": {"P1": 675}, "P3": {"P1": 813}, "P4": {"P1": 944}, "P5": {"P1": 1159}}
1676223627.6334348;P2;NODE FAILURE;set()
1676223627.6336575;P2;TOPOLOGY UPDATE;{"P1": {"P2": 675, "P3": 813, "P4": 944, "P5": 1159}, "P2": {"P1": 675}, "P3": {"P1": 813}, "P4": {"P1": 944}, "P5": {"P1": 1159}}
1676223630.7016647;P2;NODE FAILURE;set()
1676223630.7019136;P2;TOPOLOGY UPDATE;{"P1": {"P2": 675, "P3": 813, "P4": 944, "P5": 1159}, "P2": {"P1": 675}, "P3": {"P1": 813}, "P4": {"P1": 944}, "P5": {"P1": 1159}}
1676223635.3605287;P2;LEAST COST PATH;{"P1": ["P2"], "P2": [], "P3": ["P1"], "P4": ["P1"], "P5": ["P1"]}
1676223640.1140008;P2;NODE FAILURE;set()
1676223640.1141863;P2;TOPOLOGY UPDATE;{"P1": {"P2": 675, "P3": 813, "P4": 944, "P5": 1159}, "P2": {"P1": 675}, "P3": {"P1": 813}, "P4": {"P1": 944}, "P5": {"P1": 1159}}
1676223650.3806455;P2;LEAST COST PATH;{"P1": ["P2"], "P2": [], "P3": ["P1"], "P4": ["P1"], "P5": ["P1"]}
1676223650.4327133;P2;NODE FAILURE;set()
1676223650.4328604;P2;TOPOLOGY UPDATE;{"P1": {"P2": 675, "P3": 663, "P4": 944, "P5": 1159}, "P2": {"P1": 675}, "P3": {"P1": 663}, "P4": {"P1": 944}, "P5": {"P1": 1159}}
1676223657.6343713;P2;LEAST COST PATH;{"P1": ["P2"], "P2": [], "P3": ["P1"], "P4": ["P1"], "P5": ["P1"]}
1676223660.7026992;P2;LEAST COST PATH;{"P1": ["P2"], "P2": [], "P3": ["P1"], "P4": ["P1"], "P5": ["P1"]}
1676223665.4465775;P2;NODE FAILURE;set()
1676223665.4469647;P2;TOPOLOGY UPDATE;{"P1": {"P2": 578, "P3": 663, "P4": 891, "P5": 1108}, "P2": {"P1": 578}, "P3": {"P1": 663}, "P4": {"P1": 891}, "P5": {"P1": 1108}}
1676223670.1149814;P2;LEAST COST PATH;{"P1": ["P2"], "P2": [], "P3": ["P1"], "P4": ["P1"], "P5": ["P1"]}
1676223672.6682553;P2;NODE FAILURE;set()
1676223672.6684263;P2;TOPOLOGY UPDATE;{"P1": {"P2": 578, "P3": 663, "P4": 891, "P5": 1108}, "P2": {"P1": 578}, "P3": {"P1": 663}, "P4": {"P1": 891}, "P5": {"P1": 1108}}
1676223675.7243218;P2;NODE FAILURE;set()
1676223675.7247205;P2;TOPOLOGY UPDATE;{"P1": {"P2": 578, "P3": 663, "P4": 891, "P5": 1108}, "P2": {"P1": 578}, "P3": {"P1": 663}, "P4": {"P1": 891}, "P5": {"P1": 1108}}
1676223680.4334438;P2;LEAST COST PATH;{"P1": ["P2"], "P2": [], "P3": ["P1"], "P4": ["P1"], "P5": ["P1"]}
1676223685.1469166;P2;NODE FAILURE;set()
1676223685.1473413;P2;TOPOLOGY UPDATE;{"P1": {"P2": 578, "P3": 663, "P4": 891, "P5": 1108}, "P2": {"P1": 578}, "P3": {"P1": 663}, "P4": {"P1": 891}, "P5": {"P1": 1108}}
1676223695.4476411;P2;LEAST COST PATH;{"P1": ["P2"], "P2": [], "P3": ["P1"], "P4": ["P1"], "P5": ["P1"]}
1676223702.6690443;P2;LEAST COST PATH;{"P1": ["P2"], "P2": [], "P3": ["P1"], "P4": ["P1"], "P5": ["P1"]}
1676223705.7265382;P2;LEAST COST PATH;{"P1": ["P2"], "P2": [], "P3": ["P1"], "P4": ["P1"], "P5": ["P1"]}
1676223710.5246725;P2;NODE FAILURE;set()
1676223710.5248322;P2;TOPOLOGY UPDATE;{"P1": {"P2": 541, "P3": 641, "P4": 891, "P5": 1108}, "P2": {"P1": 541}, "P3": {"P1": 641}, "P4": {"P1": 891}, "P5": {"P1": 1108}}
1676223715.1483083;P2;LEAST COST PATH;{"P1": ["P2"], "P2": [], "P3": ["P1"], "P4": ["P1"], "P5": ["P1"]}
1676223720.6933548;P2;NODE FAILURE;set()
1676223720.693772;P2;TOPOLOGY UPDATE;{"P1": {"P2": 541, "P3": 641, "P4": 860, "P5": 1071}, "P2": {"P1": 541}, "P3": {"P1": 641}, "P4": {"P1": 860}, "P5": {"P1": 1071}}
1676223725.5545766;P2;NODE FAILURE;set()
1676223725.5548997;P2;TOPOLOGY UPDATE;{"P1": {"P2": 541, "P3": 641, "P4": 860, "P5": 1071}, "P2": {"P1": 541}, "P3": {"P1": 641}, "P4": {"P1": 860}, "P5": {"P1": 1071}}
1676223732.7212193;P2;NODE FAILURE;set()
1676223732.721699;P2;TOPOLOGY UPDATE;{"P1": {"P2": 541, "P3": 641, "P4": 860, "P5": 1071}, "P2": {"P1": 541}, "P3": {"P1": 641}, "P4": {"P1": 860}, "P5": {"P1": 1071}}
1676223740.5253732;P2;LEAST COST PATH;{"P1": ["P2"], "P2": [], "P3": ["P1"], "P4": ["P1"], "P5": ["P1"]}
1676223745.3385818;P2;NODE FAILURE;set()
1676223745.3390322;P2;TOPOLOGY UPDATE;{"P1": {"P2": 541, "P3": 641, "P4": 860, "P5": 1071}, "P2": {"P1": 541}, "P3": {"P1": 641}, "P4": {"P1": 860}, "P5": {"P1": 1071}}
1676223750.694938;P2;LEAST COST PATH;{"P1": ["P2"], "P2": [], "P3": ["P1"], "P4": ["P1"], "P5": ["P1"]}
1676223755.5556238;P2;LEAST COST PATH;{"P1": ["P2"], "P2": [], "P3": ["P1"], "P4": ["P1"], "P5": ["P1"]}
1676223755.6151795;P2;NODE FAILURE;set()
1676223755.615325;P2;TOPOLOGY UPDATE;{"P1": {"P2": 523, "P3": 606, "P4": 860, "P5": 1071}, "P2": {"P1": 523}, "P3": {"P1": 606}, "P4": {"P1": 860}, "P5": {"P1": 1071}}
1676223762.723664;P2;LEAST COST PATH;{"P1": ["P2"], "P2": [], "P3": ["P1"], "P4": ["P1"], "P5": ["P1"]}
1676223770.6371958;P2;NODE FAILURE;set()
1676223770.6373622;P2;TOPOLOGY UPDATE;{"P1": {"P2": 523, "P3": 606, "P4": 847, "P5": 1127}, "P2": {"P1": 523}, "P3": {"P1": 606}, "P4": {"P1": 847}, "P5": {"P1": 1127}}
1676223775.3403018;P2;LEAST COST PATH;{"P1": ["P2"], "P2": [], "P3": ["P1"], "P4": ["P1"], "P5": ["P1"]}
1676223777.7848973;P2;NODE FAILURE;set()
1676223777.7852116;P2;TOPOLOGY UPDATE;{"P1": {"P2": 523, "P3": 606, "P4": 847, "P5": 1127}, "P2": {"P1": 523}, "P3": {"P1": 606}, "P4": {"P1": 847}, "P5": {"P1": 1127}}
1676223780.8261063;P2;NODE FAILURE;set()
1676223780.8263109;P2;TOPOLOGY UPDATE;{"P1": {"P2": 523, "P3": 606, "P4": 847, "P5": 1127}, "P2": {"P1": 523}, "P3": {"P1": 606}, "P4": {"P1": 847}, "P5": {"P1": 1127}}
1676223785.6158736;P2;LEAST COST PATH;{"P1": ["P2"], "P2": [], "P3": ["P1"], "P4": ["P1"], "P5": ["P1"]}
1676223800.6389906;P2;LEAST COST PATH;{"P1": ["P2"], "P2": [], "P3": ["P1"], "P4": ["P1"], "P5": ["P1"]}
1676223800.6859882;P2;NODE FAILURE;set()
1676223800.6861591;P2;TOPOLOGY UPDATE;{"P1": {"P2": 523, "P3": 619, "P4": 847, "P5": 1127}, "P2": {"P1": 523}, "P3": {"P1": 619}, "P4": {"P1": 847}, "P5": {"P1": 1127}}
1676223805.9714983;P2;NODE FAILURE;set()
1676223805.9717474;P2;TOPOLOGY UPDATE;{"P1": {"P2": 298, "P3": 619, "P4": 886, "P5": 1069}, "P2": {"P1": 298}, "P3": {"P1": 619}, "P4": {"P1": 886}, "P5": {"P1": 1069}}
1676223807.7860427;P2;LEAST COST PATH;{"P1": ["P2"], "P2": [], "P3": ["P1"], "P4": ["P1"], "P5": ["P1"]}
1676223810.8269966;P2;LEAST COST PATH;{"P1": ["P2"], "P2": [], "P3": ["P1"], "P4": ["P1"], "P5": ["P1"]}
1676223815.7098897;P2;NODE FAILURE;set()
1676223815.7100463;P2;TOPOLOGY UPDATE;{"P1": {"P2": 298, "P3": 619, "P4": 886, "P5": 1069}, "P2": {"P1": 298}, "P3": {"P1": 619}, "P4": {"P1": 886}, "P5": {"P1": 1069}}
1676223822.7921221;P2;NODE FAILURE;set()
1676223822.7923434;P2;TOPOLOGY UPDATE;{"P1": {"P2": 298, "P3": 619, "P4": 886, "P5": 1069}, "P2": {"P1": 298}, "P3": {"P1": 619}, "P4": {"P1": 886}, "P5": {"P1": 1069}}
1676223825.844613;P2;NODE FAILURE;set()
1676223825.8448198;P2;TOPOLOGY UPDATE;{"P1": {"P2": 298, "P3": 619, "P4": 886, "P5": 1069}, "P2": {"P1": 298}, "P3": {"P1": 619}, "P4": {"P1": 886}, "P5": {"P1": 1069}}
1676223830.6866858;P2;LEAST COST PATH;{"P1": ["P2"], "P2": [], "P3": ["P1"], "P4": ["P1"], "P5": ["P1"]}
1676223835.9722059;P2;LEAST COST PATH;{"P1": ["P2"], "P2": [], "P3": ["P1"], "P4": ["P1"], "P5": ["P1"]}
1676223845.710546;P2;LEAST COST PATH;{"P1": ["P2"], "P2": [], "P3": ["P1"], "P4": ["P1"], "P5": ["P1"]}
1676223852.7931063;P2;LEAST COST PATH;{"P1": ["P2"], "P2": [], "P3": ["P1"], "P4": ["P1"], "P5": ["P1"]}
1676223855.8453712;P2;LEAST COST PATH;{"P1": ["P2"], "P2": [], "P3": ["P1"], "P4": ["P1"], "P5": ["P1"]}
1676223860.9228437;P2;NODE FAILURE;set()
1676223860.9230547;P2;TOPOLOGY UPDATE;{"P1": {"P2": 553, "P3": 1090, "P4": 886, "P5": 1069}, "P2": {"P1": 553}, "P3": {"P1": 1090}, "P4": {"P1": 886}, "P5": {"P1": 1069}}
1676223870.8119812;P2;NODE FAILURE;set()
1676223870.8124774;P2;TOPOLOGY UPDATE;{"P1": {"P2": 553, "P3": 1090, "P4": 651, "P5": 845}, "P2": {"P1": 553}, "P3": {"P1": 1090}, "P4": {"P1": 651}, "P5": {"P1": 845}}
1676223875.8057547;P2;NODE FAILURE;set()
1676223875.8063445;P2;TOPOLOGY UPDATE;{"P1": {"P2": 553, "P3": 1090, "P4": 651, "P5": 845}, "P2": {"P1": 553}, "P3": {"P1": 1090}, "P4": {"P1": 651}, "P5": {"P1": 845}}
1676223880.5888107;P2;NODE FAILURE;set()
1676223880.5889745;P2;TOPOLOGY UPDATE;{"P1": {"P2": 553, "P3": 1090, "P4": 651, "P5": 845}, "P2": {"P1": 553}, "P3": {"P1": 1090}, "P4": {"P1": 651}, "P5": {"P1": 845}}
1676223883.6367953;P2;NODE FAILURE;set()
1676223883.636955;P2;TOPOLOGY UPDATE;{"P1": {"P2": 553, "P3": 1090, "P4": 651, "P5": 845}, "P2": {"P1": 553}, "P3": {"P1": 1090}, "P4": {"P1": 651}, "P5": {"P1": 845}}
1676223890.9240875;P2;LEAST COST PATH;{"P1": ["P2"], "P2": [], "P3": ["P1"], "P4": ["P1"], "P5": ["P1"]}
1676223900.813579;P2;LEAST COST PATH;{"P1": ["P2"], "P2": [], "P3": ["P1"], "P4": ["P1"], "P5": ["P1"]}
1676223905.8073132;P2;LEAST COST PATH;{"P1": ["P2"], "P2": [], "P3": ["P1"], "P4": ["P1"], "P5": ["P1"]}
1676223905.8522017;P2;NODE FAILURE;set()
1676223905.8523624;P2;TOPOLOGY UPDATE;{"P1": {"P2": 502, "P3": 953, "P4": 651, "P5": 845}, "P2": {"P1": 502}, "P3": {"P1": 953}, "P4": {"P1": 651}, "P5": {"P1": 845}}
1676223910.5896745;P2;LEAST COST PATH;{"P1": ["P2"], "P2": [], "P3": ["P1"], "P4": ["P1"], "P5": ["P1"]}
1676223913.638308;P2;LEAST COST PATH;{"P1": ["P2"], "P2": [], "P3": ["P1"], "P4": ["P1"], "P5": ["P1"]}
1676223920.876326;P2;NODE FAILURE;set()
1676223920.8764887;P2;TOPOLOGY UPDATE;{"P1": {"P2": 502, "P3": 953, "P4": 814, "P5": 938}, "P2": {"P1": 502}, "P3": {"P1": 953}, "P4": {"P1": 814}, "P5": {"P1": 938}}
1676223927.8761206;P2;NODE FAILURE;set()
1676223927.8766868;P2;TOPOLOGY UPDATE;{"P1": {"P2": 502, "P3": 953, "P4": 814, "P5": 938}, "P2": {"P1": 502}, "P3": {"P1": 953}, "P4": {"P1": 814}, "P5": {"P1": 938}}
1676223930.9250221;P2;NODE FAILURE;set()
1676223930.9253047;P2;TOPOLOGY UPDATE;{"P1": {"P2": 502, "P3": 953, "P4": 814, "P5": 938}, "P2": {"P1": 502}, "P3": {"P1": 953}, "P4": {"P1": 814}, "P5": {"P1": 938}}
1676223935.853013;P2;LEAST COST PATH;{"P1": ["P2"], "P2": [], "P3": ["P1"], "P4": ["P1"], "P5": ["P1"]}
1676223940.6934438;P2;NODE FAILURE;set()
1676223940.6936712;P2;TOPOLOGY UPDATE;{"P1": {"P2": 502, "P3": 953, "P4": 814, "P5": 938}, "P2": {"P1": 502}, "P3": {"P1": 953}, "P4": {"P1": 814}, "P5": {"P1": 938}}
1676223950.8770833;P2;LEAST COST PATH;{"P1": ["P2"], "P2": [], "P3": ["P1"], "P4": ["P1"], "P5": ["P1"]}
1676223950.9142444;P2;NODE FAILURE;set()
1676223950.9144955;P2;TOPOLOGY UPDATE;{"P1": {"P2": 502, "P3": 868, "P4": 814, "P5": 938}, "P2": {"P1": 502}, "P3": {"P1": 868}, "P4": {"P1": 814}, "P5": {"P1": 938}}
1676223957.8810446;P2;LEAST COST PATH;{"P1": ["P2"], "P2": [], "P3": ["P1"], "P4": ["P1"], "P5": ["P1"]}
1676223960.9266515;P2;LEAST COST PATH;{"P1": ["P2"], "P2": [], "P3": ["P1"], "P4": ["P1"], "P5": ["P1"]}
1676223965.947269;P2;NODE FAILURE;set()
1676223965.9474304;P2;TOPOLOGY UPDATE;{"P1": {"P2": 479, "P3": 868, "P4": 804, "P5": 930}, "P2": {"P1": 479}, "P3": {"P1": 868}, "P4": {"P1": 804}, "P5": {"P1": 930}}
1676223970.698494;P2;LEAST COST PATH;{"P1": ["P2"], "P2": [], "P3": ["P1"], "P4": ["P1"], "P5": ["P1"]}
1676223975.9537957;P2;NODE FAILURE;set()
1676223975.9539733;P2;TOPOLOGY UPDATE;{"P1": {"P2": 479, "P3": 868, "P4": 804, "P5": 930}, "P2": {"P1": 479}, "P3": {"P1": 868}, "P4": {"P1": 804}, "P5": {"P1": 930}}
1676223980.915081;P2;LEAST COST PATH;{"P1": ["P2"], "P2": [], "P3": ["P1"], "P4": ["P1"], "P5": ["P1"]}
1676223985.4599512;P2;NODE FAILURE;set()
1676223985.4602466;P2;TOPOLOGY UPDATE;{"P1": {"P2": 479, "P3": 868, "P4": 804, "P5": 930}, "P2": {"P1": 479}, "P3": {"P1": 868}, "P4": {"P1": 804}, "P5": {"P1": 930}}
1676223995.9482074;P2;LEAST COST PATH;{"P1": ["P2"], "P2": [], "P3": ["P1"], "P4": ["P1"], "P5": ["P1"]}
1676224005.9547346;P2;LEAST COST PATH;{"P1": ["P2"], "P2": [], "P3": ["P1"], "P4": ["P1"], "P5": ["P1"]}
1676224011.013075;P2;NODE FAILURE;set()
1676224011.013486;P2;TOPOLOGY UPDATE;{"P1": {"P2": 424, "P3": 652, "P4": 804, "P5": 930}, "P2": {"P1": 424}, "P3": {"P1": 652}, "P4": {"P1": 804}, "P5": {"P1": 930}}
1676224015.4670074;P2;LEAST COST PATH;{"P1": ["P2"], "P2": [], "P3": ["P1"], "P4": ["P1"], "P5": ["P1"]}
1676224020.9582953;P2;NODE FAILURE;set()
1676224020.9585001;P2;TOPOLOGY UPDATE;{"P1": {"P2": 424, "P3": 652, "P4": 745, "P5": 858}, "P2": {"P1": 424}, "P3": {"P1": 652}, "P4": {"P1": 745}, "P5": {"P1": 858}}
1676224026.0600748;P2;NODE FAILURE;set()
1676224026.0604436;P2;TOPOLOGY UPDATE;{"P1": {"P2": 424, "P3": 652, "P4": 745, "P5": 858}, "P2": {"P1": 424}, "P3": {"P1": 652}, "P4": {"P1": 745}, "P5": {"P1": 858}}
1676224041.0144358;P2;LEAST COST PATH;{"P1": ["P2"], "P2": [], "P3": ["P1"], "P4": ["P1"], "P5": ["P1"]}
1676224046.3134868;P2;NODE FAILURE;set()
1676224046.3136282;P2;TOPOLOGY UPDATE;{"P1": {"P2": 507, "P3": 654, "P4": 745, "P5": 858}, "P2": {"P1": 507}, "P3": {"P1": 654}, "P4": {"P1": 745}, "P5": {"P1": 858}}
1676224049.3805652;P2;NODE FAILURE;set()
1676224049.3807433;P2;TOPOLOGY UPDATE;{"P1": {"P2": 507, "P3": 654, "P4": 745, "P5": 858}, "P2": {"P1": 507}, "P3": {"P1": 654}, "P4": {"P1": 745}, "P5": {"P1": 858}}
1676224050.9591477;P2;LEAST COST PATH;{"P1": ["P2"], "P2": [], "P3": ["P1"], "P4": ["P1"], "P5": ["P1"]}
1676224056.0611095;P2;LEAST COST PATH;{"P1": ["P2"], "P2": [], "P3": ["P1"], "P4": ["P1"], "P5": ["P1"]}
1676224056.1231456;P2;NODE FAILURE;set()
1676224056.1233032;P2;TOPOLOGY UPDATE;{"P1": {"P2": 507, "P3": 654, "P4": 745, "P5": 858}, "P2": {"P1": 507}, "P3": {"P1": 654}, "P4": {"P1": 745}, "P5": {"P1": 858}}
1676224071.1406012;P2;NODE FAILURE;set()
1676224071.1407647;P2;TOPOLOGY UPDATE;{"P1": {"P2": 507, "P3": 654, "P4": 789, "P5": 951}, "P2": {"P1": 507}, "P3": {"P1": 654}, "P4": {"P1": 789}, "P5": {"P1": 951}}
1676224076.314318;P2;LEAST COST PATH;{"P1": ["P2"], "P2": [], "P3": ["P1"], "P4": ["P1"], "P5": ["P1"]}
1676224079.3812282;P2;LEAST COST PATH;{"P1": ["P2"], "P2": [], "P3": ["P1"], "P4": ["P1"], "P5": ["P1"]}
1676224081.0199838;P2;NODE FAILURE;set()
1676224081.0201526;P2;TOPOLOGY UPDATE;{"P1": {"P2": 507, "P3": 654, "P4": 789, "P5": 951}, "P2": {"P1": 507}, "P3": {"P1": 654}, "P4": {"P1": 789}, "P5": {"P1": 951}}
1676224086.1242988;P2;LEAST COST PATH;{"P1": ["P2"], "P2": [], "P3": ["P1"], "P4": ["P1"], "P5": ["P1"]}
1676224090.759595;P2;NODE FAILURE;set()
1676224090.7597816;P2;TOPOLOGY UPDATE;{"P1": {"P2": 507, "P3": 654, "P4": 789, "P5": 951}, "P2": {"P1": 507}, "P3": {"P1": 654}, "P4": {"P1": 789}, "P5": {"P1": 951}}
1676224093.7885025;P2;NODE FAILURE;set()
1676224093.7886965;P2;TOPOLOGY UPDATE;{"P1": {"P2": 507, "P3": 654, "P4": 789, "P5": 951}, "P2": {"P1": 507}, "P3": {"P1": 654}, "P4": {"P1": 789}, "P5": {"P1": 951}}
1676224101.1413074;P2;LEAST COST PATH;{"P1": ["P2"], "P2": [], "P3": ["P1"], "P4": ["P1"], "P5": ["P1"]}
1676224111.0206823;P2;LEAST COST PATH;{"P1": ["P2"], "P2": [], "P3": ["P1"], "P4": ["P1"], "P5": ["P1"]}
1676224116.203691;P2;NODE FAILURE;set()
1676224116.2038531;P2;TOPOLOGY UPDATE;{"P1": {"P2": 396, "P3": 1067, "P4": 789, "P5": 824}, "P2": {"P1": 396}, "P3": {"P1": 1067}, "P4": {"P1": 789}, "P5": {"P1": 824}}
1676224120.7604148;P2;LEAST COST PATH;{"P1": ["P2"], "P2": [], "P3": ["P1"], "P4": ["P1"], "P5": ["P1"]}
1676224123.7895029;P2;LEAST COST PATH;{"P1": ["P2"], "P2": [], "P3": ["P1"], "P4": ["P1"], "P5": ["P1"]}
1676224126.0622509;P2;NODE FAILURE;set()
1676224126.0624933;P2;TOPOLOGY UPDATE;{"P1": {"P2": 396, "P3": 1067, "P4": 586, "P5": 824}, "P2": {"P1": 396}, "P3": {"P1": 1067}, "P4": {"P1": 586}, "P5": {"P1": 824}}
1676224131.2343476;P2;NODE FAILURE;set()
1676224131.23465;P2;TOPOLOGY UPDATE;{"P1": {"P2": 396, "P3": 1067, "P4": 586, "P5": 824}, "P2": {"P1": 396}, "P3": {"P1": 1067}, "P4": {"P1": 586}, "P5": {"P1": 824}}
1676224146.2043538;P2;LEAST COST PATH;{"P1": ["P2"], "P2": [], "P3": ["P1"], "P4": ["P1"], "P5": ["P1"]}
1676224150.681179;P2;NODE FAILURE;set()
1676224150.6813095;P2;TOPOLOGY UPDATE;{"P1": {"P2": 396, "P3": 1067, "P4": 586, "P5": 824}, "P2": {"P1": 396}, "P3": {"P1": 1067}, "P4": {"P1": 586}, "P5": {"P1": 824}}
1676224156.0630972;P2;LEAST COST PATH;{"P1": ["P2"], "P2": [], "P3": ["P1"], "P4": ["P1"], "P5": ["P1"]}
1676224161.2355313;P2;LEAST COST PATH;{"P1": ["P2"], "P2": [], "P3": ["P1"], "P4": ["P1"], "P5": ["P1"]}
1676224161.290585;P2;NODE FAILURE;set()
1676224161.2909698;P2;TOPOLOGY UPDATE;{"P1": {"P2": 360, "P3": 920, "P4": 586, "P5": 824}, "P2": {"P1": 360}, "P3": {"P1": 920}, "P4": {"P1": 586}, "P5": {"P1": 824}}
1676224171.4603097;P2;NODE FAILURE;set()
1676224171.4605706;P2;TOPOLOGY UPDATE;{"P1": {"P2": 360, "P3": 920, "P4": 674, "P5": 785}, "P2": {"P1": 360}, "P3": {"P1": 920}, "P4": {"P1": 674}, "P5": {"P1": 785}}
1676224176.3028746;P2;NODE FAILURE;set()
1676224176.3030627;P2;TOPOLOGY UPDATE;{"P1": {"P2": 360, "P3": 920, "P4": 674, "P5": 785}, "P2": {"P1": 360}, "P3": {"P1": 920}, "P4": {"P1": 674}, "P5": {"P1": 785}}
1676224180.68168;P2;LEAST COST PATH;{"P1": ["P2"], "P2": [], "P3": ["P1"], "P4": ["P1"], "P5": ["P1"]}
1676224191.2919266;P2;LEAST COST PATH;{"P1": ["P2"], "P2": [], "P3": ["P1"], "P4": ["P1"], "P5": ["P1"]}
1676224195.7660415;P2;NODE FAILURE;set()
1676224195.7662723;P2;TOPOLOGY UPDATE;{"P1": {"P2": 360, "P3": 920, "P4": 674, "P5": 785}, "P2": {"P1": 360}, "P3": {"P1": 920}, "P4": {"P1": 674}, "P5": {"P1": 785}}
1676224198.8226638;P2;NODE FAILURE;set()
1676224198.823003;P2;TOPOLOGY UPDATE;{"P1": {"P2": 375, "P3": 764, "P4": 674, "P5": 785}, "P2": {"P1": 375}, "P3": {"P1": 764}, "P4": {"P1": 674}, "P5": {"P1": 785}}
1676224201.4611702;P2;LEAST COST PATH;{"P1": ["P2"], "P2": [], "P3": ["P1"], "P4": ["P1"], "P5": ["P1"]}
1676224206.303724;P2;LEAST COST PATH;{"P1": ["P2"], "P2": [], "P3": ["P1"], "P4": ["P1"], "P5": ["P1"]}
1676224206.352886;P2;NODE FAILURE;set()
1676224206.3531673;P2;TOPOLOGY UPDATE;{"P1": {"P2": 375, "P3": 764, "P4": 674, "P5": 785}, "P2": {"P1": 375}, "P3": {"P1": 764}, "P4": {"P1": 674}, "P5": {"P1": 785}}
1676224221.3750718;P2;NODE FAILURE;set()
1676224221.3753188;P2;TOPOLOGY UPDATE;{"P1": {"P2": 375, "P3": 764, "P4": 690, "P5": 802}, "P2": {"P1": 375}, "P3": {"P1": 764}, "P4": {"P1": 690}, "P5": {"P1": 802}}
1676224225.7669625;P2;LEAST COST PATH;{"P1": ["P2"], "P2": [], "P3": ["P1"], "P4": ["P1"], "P5": ["P1"]}
1676224228.8237162;P2;LEAST COST PATH;{"P1": ["P2"], "P2": [], "P3": ["P1"], "P4": ["P1"], "P5": ["P1"]}
1676224231.169244;P2;NODE FAILURE;set()
1676224231.1694717;P2;TOPOLOGY UPDATE;{"P1": {"P2": 375, "P3": 764, "P4": 690, "P5": 802}, "P2": {"P1": 375}, "P3": {"P1": 764}, "P4": {"P1": 690}, "P5": {"P1": 802}}
1676224236.353903;P2;LEAST COST PATH;{"P1": ["P2"], "P2": [], "P3": ["P1"], "P4": ["P1"], "P5": ["P1"]}
1676224243.5097506;P2;NODE FAILURE;set()
1676224243.5102868;P2;TOPOLOGY UPDATE;{"P1": {"P2": 375, "P3": 764, "P4": 690, "P5": 802}, "P2": {"P1": 375}, "P3": {"P1": 764}, "P4": {"P1": 690}, "P5": {"P1": 802}}
1676224251.376233;P2;LEAST COST PATH;{"P1": ["P2"], "P2": [], "P3": ["P1"], "P4": ["P1"], "P5": ["P1"]}
1676224256.3764255;P2;NODE FAILURE;set()
1676224256.3765721;P2;TOPOLOGY UPDATE;{"P1": {"P2": 375, "P3": 764, "P4": 690, "P5": 802}, "P2": {"P1": 375}, "P3": {"P1": 764}, "P4": {"P1": 690}, "P5": {"P1": 802}}
1676224261.1700108;P2;LEAST COST PATH;{"P1": ["P2"], "P2": [], "P3": ["P1"], "P4": ["P1"], "P5": ["P1"]}
1676224266.44812;P2;NODE FAILURE;set()
1676224266.4484396;P2;TOPOLOGY UPDATE;{"P1": {"P2": 199, "P3": 569, "P4": 690, "P5": 802}, "P2": {"P1": 199}, "P3": {"P1": 569}, "P4": {"P1": 690}, "P5": {"P1": 802}}
1676224273.5138288;P2;LEAST COST PATH;{"P1": ["P2"], "P2": [], "P3": ["P1"], "P4": ["P1"], "P5": ["P1"]}
1676224276.222167;P2;NODE FAILURE;set()
1676224276.2223024;P2;TOPOLOGY UPDATE;{"P1": {"P2": 199, "P3": 569, "P4": 692, "P5": 802}, "P2": {"P1": 199}, "P3": {"P1": 569}, "P4": {"P1": 692}, "P5": {"P1": 802}}
1676224281.4736238;P2;NODE FAILURE;set()
1676224281.4739397;P2;TOPOLOGY UPDATE;{"P1": {"P2": 199, "P3": 569, "P4": 692, "P5": 802}, "P2": {"P1": 199}, "P3": {"P1": 569}, "P4": {"P1": 692}, "P5": {"P1": 802}}
1676224286.3773332;P2;LEAST COST PATH;{"P1": ["P2"], "P2": [], "P3": ["P1"], "P4": ["P1"], "P5": ["P1"]}
1676224296.449154;P2;LEAST COST PATH;{"P1": ["P2"], "P2": [], "P3": ["P1"], "P4": ["P1"], "P5": ["P1"]}
1676224300.8632865;P2;NODE FAILURE;set()
1676224300.8634086;P2;TOPOLOGY UPDATE;{"P1": {"P2": 199, "P3": 569, "P4": 692, "P5": 802}, "P2": {"P1": 199}, "P3": {"P1": 569}, "P4": {"P1": 692}, "P5": {"P1": 802}}
1676224303.9431698;P2;NODE FAILURE;set()
1676224303.9434147;P2;TOPOLOGY UPDATE;{"P1": {"P2": 475, "P3": 778, "P4": 692, "P5": 802}, "P2": {"P1": 475}, "P3": {"P1": 778}, "P4": {"P1": 692}, "P5": {"P1": 802}}
1676224306.2229607;P2;LEAST COST PATH;{"P1": ["P2"], "P2": [], "P3": ["P1"], "P4": ["P1"], "P5": ["P1"]}
1676224311.474655;P2;LEAST COST PATH;{"P1": ["P2"], "P2": [], "P3": ["P1"], "P4": ["P1"], "P5": ["P1"]}
1676224311.5275664;P2;NODE FAILURE;set()
1676224311.5277624;P2;TOPOLOGY UPDATE;{"P1": {"P2": 475, "P3": 778, "P4": 692, "P5": 802}, "P2": {"P1": 475}, "P3": {"P1": 778}, "P4": {"P1": 692}, "P5": {"P1": 802}}
1676224326.5520818;P2;NODE FAILURE;set()
1676224326.5522413;P2;TOPOLOGY UPDATE;{"P1": {"P2": 475, "P3": 778, "P4": 618, "P5": 733}, "P2": {"P1": 475}, "P3": {"P1": 778}, "P4": {"P1": 618}, "P5": {"P1": 733}}
1676224330.8638923;P2;LEAST COST PATH;{"P1": ["P2"], "P2": [], "P3": ["P1"], "P4": ["P1"], "P5": ["P1"]}
1676224333.944151;P2;LEAST COST PATH;{"P1": ["P2"], "P2": [], "P3": ["P1"], "P4": ["P1"], "P5": ["P1"]}
1676224336.2765322;P2;NODE FAILURE;set()
1676224336.2766604;P2;TOPOLOGY UPDATE;{"P1": {"P2": 475, "P3": 778, "P4": 618, "P5": 733}, "P2": {"P1": 475}, "P3": {"P1": 778}, "P4": {"P1": 618}, "P5": {"P1": 733}}
1676224341.5282767;P2;LEAST COST PATH;{"P1": ["P2"], "P2": [], "P3": ["P1"], "P4": ["P1"], "P5": ["P1"]}
1676224345.8475835;P2;NODE FAILURE;set()
1676224345.847813;P2;TOPOLOGY UPDATE;{"P1": {"P2": 475, "P3": 778, "P4": 618, "P5": 733}, "P2": {"P1": 475}, "P3": {"P1": 778}, "P4": {"P1": 618}, "P5": {"P1": 733}}
1676224356.552847;P2;LEAST COST PATH;{"P1": ["P2"], "P2": [], "P3": ["P1"], "P4": ["P1"], "P5": ["P1"]}
1676224366.2771318;P2;LEAST COST PATH;{"P1": ["P2"], "P2": [], "P3": ["P1"], "P4": ["P1"], "P5": ["P1"]}
1676224375.8485155;P2;LEAST COST PATH;{"P1": ["P2"], "P2": [], "P3": ["P1"], "P4": ["P1"], "P5": ["P1"]}
1676224376.7089097;P2;NODE FAILURE;set()
1676224376.7090685;P2;TOPOLOGY UPDATE;{"P1": {"P2": 491, "P3": 1107, "P4": 1275, "P5": 1388}, "P2": {"P1": 491}, "P3": {"P1": 1107}, "P4": {"P1": 1275}, "P5": {"P1": 1388}}
1676224378.4039235;P2;NODE FAILURE;set()
1676224378.4040463;P2;TOPOLOGY UPDATE;{"P1": {"P2": 491, "P3": 1107, "P4": 1275, "P5": 1388}, "P2": {"P1": 491}, "P3": {"P1": 1107}, "P4": {"P1": 1275}, "P5": {"P1": 1388}}
1676224386.6614335;P2;NODE FAILURE;set()
1676224386.6615937;P2;TOPOLOGY UPDATE;{"P1": {"P2": 491, "P3": 1107, "P4": 1275, "P5": 1388}, "P2": {"P1": 491}, "P3": {"P1": 1107}, "P4": {"P1": 1275}, "P5": {"P1": 1388}}
1676224396.3379853;P2;NODE FAILURE;set()
1676224396.338234;P2;TOPOLOGY UPDATE;{"P1": {"P2": 491, "P3": 1107, "P4": 1275, "P5": 1388}, "P2": {"P1": 491}, "P3": {"P1": 1107}, "P4": {"P1": 1275}, "P5": {"P1": 1388}}
1676224406.7096481;P2;LEAST COST PATH;{"P1": ["P2"], "P2": [], "P3": ["P1"], "P4": ["P1"], "P5": ["P1"]}
1676224408.4045455;P2;LEAST COST PATH;{"P1": ["P2"], "P2": [], "P3": ["P1"], "P4": ["P1"], "P5": ["P1"]}
1676224416.6621654;P2;LEAST COST PATH;{"P1": ["P2"], "P2": [], "P3": ["P1"], "P4": ["P1"], "P5": ["P1"]}
1676224416.723782;P2;NODE FAILURE;set()
1676224416.7239025;P2;TOPOLOGY UPDATE;{"P1": {"P2": 542, "P3": 922, "P4": 1275, "P5": 1388}, "P2": {"P1": 542}, "P3": {"P1": 922}, "P4": {"P1": 1275}, "P5": {"P1": 1388}}
1676224421.5155993;P2;NODE FAILURE;set()
1676224421.515759;P2;TOPOLOGY UPDATE;{"P1": {"P2": 542, "P3": 922, "P4": 1275, "P5": 1388}, "P2": {"P1": 542}, "P3": {"P1": 922}, "P4": {"P1": 1275}, "P5": {"P1": 1388}}
1676224424.5182247;P2;NODE FAILURE;set()
1676224424.5184188;P2;TOPOLOGY UPDATE;{"P1": {"P2": 542, "P3": 922, "P4": 1335, "P5": 1606}, "P2": {"P1": 542}, "P3": {"P1": 922}, "P4": {"P1": 1335}, "P5": {"P1": 1606}}
1676224426.338846;P2;LEAST COST PATH;{"P1": ["P2"], "P2": [], "P3": ["P1"], "P4": ["P1"], "P5": ["P1"]}
1676224431.7488747;P2;NODE FAILURE;set()
1676224431.749037;P2;TOPOLOGY UPDATE;{"P1": {"P2": 542, "P3": 922, "P4": 1335, "P5": 1606}, "P2": {"P1": 542}, "P3": {"P1": 922}, "P4": {"P1": 1335}, "P5": {"P1": 1606}}
1676224446.7245402;P2;LEAST COST PATH;{"P1": ["P2"], "P2": [], "P3": ["P1"], "P4": ["P1"], "P5": ["P1"]}
1676224451.5163014;P2;LEAST COST PATH;{"P1": ["P2"], "P2": [], "P3": ["P1"], "P4": ["P1"], "P5": ["P1"]}
1676224454.5191596;P2;LEAST COST PATH;{"P1": ["P2"], "P2": [], "P3": ["P1"], "P4": ["P1"], "P5": ["P1"]}
1676224456.3891547;P2;NODE FAILURE;set()
1676224456.38955;P2;TOPOLOGY UPDATE;{"P1": {"P2": 287, "P3": 922, "P4": 1335, "P5": 1606}, "P2": {"P1": 287}, "P3": {"P1": 922}, "P4": {"P1": 1335}, "P5": {"P1": 1606}}
1676224461.749729;P2;LEAST COST PATH;{"P1": ["P2"], "P2": [], "P3": ["P1"], "P4": ["P1"], "P5": ["P1"]}
1676224461.8113248;P2;NODE FAILURE;set()
1676224461.8114977;P2;TOPOLOGY UPDATE;{"P1": {"P2": 287, "P3": 922, "P4": 1335, "P5": 1606}, "P2": {"P1": 287}, "P3": {"P1": 922}, "P4": {"P1": 1335}, "P5": {"P1": 1606}}
1676224466.5480857;P2;NODE FAILURE;set()
1676224466.548352;P2;TOPOLOGY UPDATE;{"P1": {"P2": 287, "P3": 922, "P4": 1335, "P5": 1606}, "P2": {"P1": 287}, "P3": {"P1": 922}, "P4": {"P1": 1335}, "P5": {"P1": 1606}}
1676224469.555629;P2;NODE FAILURE;set()
1676224469.5557714;P2;TOPOLOGY UPDATE;{"P1": {"P2": 287, "P3": 1117, "P4": 1335, "P5": 1278}, "P2": {"P1": 287}, "P3": {"P1": 1117}, "P4": {"P1": 1335}, "P5": {"P1": 1278}}
1676224476.8295033;P2;NODE FAILURE;set()
1676224476.8296714;P2;TOPOLOGY UPDATE;{"P1": {"P2": 287, "P3": 1117, "P4": 1335, "P5": 1278}, "P2": {"P1": 287}, "P3": {"P1": 1117}, "P4": {"P1": 1335}, "P5": {"P1": 1278}}
1676224486.3903491;P2;LEAST COST PATH;{"P1": ["P2"], "P2": [], "P3": ["P1"], "P4": ["P1"], "P5": ["P1"]}
1676224491.8119807;P2;LEAST COST PATH;{"P1": ["P2"], "P2": [], "P3": ["P1"], "P4": ["P1"], "P5": ["P1"]}
1676224491.8423114;P2;NODE FAILURE;set()
1676224491.8424265;P2;TOPOLOGY UPDATE;{"P1": {"P2": 287, "P3": 1117, "P4": 1220, "P5": 1278}, "P2": {"P1": 287}, "P3": {"P1": 1117}, "P4": {"P1": 1220}, "P5": {"P1": 1278}}
1676224496.5491393;P2;LEAST COST PATH;{"P1": ["P2"], "P2": [], "P3": ["P1"], "P4": ["P1"], "P5": ["P1"]}
1676224499.5565367;P2;LEAST COST PATH;{"P1": ["P2"], "P2": [], "P3": ["P1"], "P4": ["P1"], "P5": ["P1"]}
1676224501.4261332;P2;NODE FAILURE;set()
1676224501.426257;P2;TOPOLOGY UPDATE;{"P1": {"P2": 287, "P3": 1117, "P4": 1220, "P5": 1278}, "P2": {"P1": 287}, "P3": {"P1": 1117}, "P4": {"P1": 1220}, "P5": {"P1": 1278}}
1676224506.830296;P2;LEAST COST PATH;{"P1": ["P2"], "P2": [], "P3": ["P1"], "P4": ["P1"], "P5": ["P1"]}
1676224521.8429866;P2;LEAST COST PATH;{"P1": ["P2"], "P2": [], "P3": ["P1"], "P4": ["P1"], "P5": ["P1"]}
1676224521.8974047;P2;NODE FAILURE;set()
1676224521.8976815;P2;TOPOLOGY UPDATE;{"P1": {"P2": 263, "P3": 1209, "P4": 1220, "P5": 1278}, "P2": {"P1": 263}, "P3": {"P1": 1209}, "P4": {"P1": 1220}, "P5": {"P1": 1278}}
1676224525.97615;P2;NODE FAILURE;set()
1676224525.9762743;P2;TOPOLOGY UPDATE;{"P1": {"P2": 263, "P3": 1209, "P4": 1220, "P5": 1278}, "P2": {"P1": 263}, "P3": {"P1": 1209}, "P4": {"P1": 1220}, "P5": {"P1": 1278}}
1676224529.0044196;P2;NODE FAILURE;set()
1676224529.0045485;P2;TOPOLOGY UPDATE;{"P1": {"P2": 263, "P3": 1209, "P4": 1220, "P5": 888}, "P2": {"P1": 263}, "P3": {"P1": 1209}, "P4": {"P1": 1220}, "P5": {"P1": 888}}
1676224531.4266193;P2;LEAST COST PATH;{"P1": ["P2"], "P2": [], "P3": ["P1"], "P4": ["P1"], "P5": ["P1"]}
1676224536.91787;P2;NODE FAILURE;set()
1676224536.9180264;P2;TOPOLOGY UPDATE;{"P1": {"P2": 263, "P3": 1209, "P4": 1220, "P5": 888}, "P2": {"P1": 263}, "P3": {"P1": 1209}, "P4": {"P1": 1220}, "P5": {"P1": 888}}
1676224546.941172;P2;NODE FAILURE;set()
1676224546.9412982;P2;TOPOLOGY UPDATE;{"P1": {"P2": 263, "P3": 1209, "P4": 1130, "P5": 888}, "P2": {"P1": 263}, "P3": {"P1": 1209}, "P4": {"P1": 1130}, "P5": {"P1": 888}}
1676224551.898344;P2;LEAST COST PATH;{"P1": ["P2"], "P2": [], "P3": ["P1"], "P4": ["P1"], "P5": ["P1"]}
1676224551.939986;P2;NODE FAILURE;set()
1676224551.940159;P2;TOPOLOGY UPDATE;{"P1": {"P2": 263, "P3": 1209, "P4": 1130, "P5": 888}, "P2": {"P1": 263}, "P3": {"P1": 1209}, "P4": {"P1": 1130}, "P5": {"P1": 888}}
1676224555.976627;P2;LEAST COST PATH;{"P1": ["P2"], "P2": [], "P3": ["P1"], "P4": ["P1"], "P5": ["P1"]}
1676224559.005494;P2;LEAST COST PATH;{"P1": ["P2"], "P2": [], "P3": ["P1"], "P4": ["P1"], "P5": ["P1"]}
1676224566.9186327;P2;LEAST COST PATH;{"P1": ["P2"], "P2": [], "P3": ["P1"], "P4": ["P1"], "P5": ["P1"]}
1676224566.9760783;P2;NODE FAILURE;set()
1676224566.9762683;P2;TOPOLOGY UPDATE;{"P1": {"P2": 227, "P3": 272, "P4": 1130, "P5": 888}, "P2": {"P1": 227}, "P3": {"P1": 272}, "P4": {"P1": 1130}, "P5": {"P1": 888}}
1676224571.6377668;P2;NODE FAILURE;set()
1676224571.6380048;P2;TOPOLOGY UPDATE;{"P1": {"P2": 227, "P3": 272, "P4": 1130, "P5": 888}, "P2": {"P1": 227}, "P3": {"P1": 272}, "P4": {"P1": 1130}, "P5": {"P1": 888}}
1676224574.6398542;P2;NODE FAILURE;set()
1676224574.6399882;P2;TOPOLOGY UPDATE;{"P1": {"P2": 227, "P3": 272, "P4": 1130, "P5": 1564}, "P2": {"P1": 227}, "P3": {"P1": 272}, "P4": {"P1": 1130}, "P5": {"P1": 1564}}
1676224576.9417915;P2;LEAST COST PATH;{"P1": ["P2"], "P2": [], "P3": ["P1"], "P4": ["P1"], "P5": ["P1"]}
1676224581.94108;P2;LEAST COST PATH;{"P1": ["P2"], "P2": [], "P3": ["P1"], "P4": ["P1"], "P5": ["P1"]}
1676224582.0125606;P2;NODE FAILURE;set()
1676224582.0127401;P2;TOPOLOGY UPDATE;{"P1": {"P2": 227, "P3": 272, "P4": 1130, "P5": 1564}, "P2": {"P1": 227}, "P3": {"P1": 272}, "P4": {"P1": 1130}, "P5": {"P1": 1564}}
1676224596.977133;P2;LEAST COST PATH;{"P1": ["P2"], "P2": [], "P3": ["P1"], "P4": ["P1"], "P5": ["P1"]}
1676224597.0336373;P2;NODE FAILURE;set()
1676224597.0337603;P2;TOPOLOGY UPDATE;{"P1": {"P2": 227, "P3": 272, "P4": 1218, "P5": 1564}, "P2": {"P1": 227}, "P3": {"P1": 272}, "P4": {"P1": 1218}, "P5": {"P1": 1564}}
1676224601.638667;P2;LEAST COST PATH;{"P1": ["P2"], "P2": [], "P3": ["P1"], "P4": ["P1"], "P5": ["P1"]}
1676224604.6406224;P2;LEAST COST PATH;{"P1": ["P2"], "P2": [], "P3": ["P1"], "P4": ["P1"], "P5": ["P1"]}
1676224606.7265503;P2;NODE FAILURE;set()
1676224606.7271216;P2;TOPOLOGY UPDATE;{"P1": {"P2": 845, "P3": 272, "P4": 1218, "P5": 1564}, "P2": {"P1": 845}, "P3": {"P1": 272}, "P4": {"P1": 1218}, "P5": {"P1": 1564}}
1676224612.0136142;P2;LEAST COST PATH;{"P1": ["P2"], "P2": [], "P3": ["P1"], "P4": ["P1"], "P5": ["P1"]}
1676224612.0490193;P2;NODE FAILURE;set()
1676224612.0491784;P2;TOPOLOGY UPDATE;{"P1": {"P2": 845, "P3": 272, "P4": 1218, "P5": 1564}, "P2": {"P1": 845}, "P3": {"P1": 272}, "P4": {"P1": 1218}, "P5": {"P1": 1564}}
1676224616.6904047;P2;NODE FAILURE;set()
1676224616.6905363;P2;TOPOLOGY UPDATE;{"P1": {"P2": 845, "P3": 272, "P4": 1218, "P5": 1564}, "P2": {"P1": 845}, "P3": {"P1": 272}, "P4": {"P1": 1218}, "P5": {"P1": 1564}}
1676224619.6902816;P2;NODE FAILURE;set()
1676224619.6904964;P2;TOPOLOGY UPDATE;{"P1": {"P2": 845, "P3": 1195, "P4": 1218, "P5": 1205}, "P2": {"P1": 845}, "P3": {"P1": 1195}, "P4": {"P1": 1218}, "P5": {"P1": 1205}}
1676224627.0343428;P2;LEAST COST PATH;{"P1": ["P2"], "P2": [], "P3": ["P1"], "P4": ["P1"], "P5": ["P1"]}
1676224627.0864406;P2;NODE FAILURE;set()
1676224627.0865529;P2;TOPOLOGY UPDATE;{"P1": {"P2": 845, "P3": 1195, "P4": 1218, "P5": 1205}, "P2": {"P1": 845}, "P3": {"P1": 1195}, "P4": {"P1": 1218}, "P5": {"P1": 1205}}
1676224636.728132;P2;LEAST COST PATH;{"P1": ["P2"], "P2": [], "P3": ["P1"], "P4": ["P1"], "P5": ["P1"]}
1676224642.0497704;P2;LEAST COST PATH;{"P1": ["P2"], "P2": [], "P3": ["P1"], "P4": ["P1"], "P5": ["P1"]}
1676224642.11609;P2;NODE FAILURE;set()
1676224642.11632;P2;TOPOLOGY UPDATE;{"P1": {"P2": 845, "P3": 1195, "P4": 1186, "P5": 1205}, "P2": {"P1": 845}, "P3": {"P1": 1195}, "P4": {"P1": 1186}, "P5": {"P1": 1205}}
1676224646.6909966;P2;LEAST COST PATH;{"P1": ["P2"], "P2": [], "P3": ["P1"], "P4": ["P1"], "P5": ["P1"]}
1676224649.6923676;P2;LEAST COST PATH;{"P1": ["P2"], "P2": [], "P3": ["P1"], "P4": ["P1"], "P5": ["P1"]}
1676224657.0870986;P2;LEAST COST PATH;{"P1": ["P2"], "P2": [], "P3": ["P1"], "P4": ["P1"], "P5": ["P1"]}
1676224672.1170118;P2;LEAST COST PATH;{"P1": ["P2"], "P2": [], "P3": ["P1"], "P4": ["P1"], "P5": ["P1"]}
1676224672.1616333;P2;NODE FAILURE;set()
1676224672.1617544;P2;TOPOLOGY UPDATE;{"P1": {"P2": 1007, "P3": 778, "P4": 1186, "P5": 1205}, "P2": {"P1": 1007}, "P3": {"P1": 778}, "P4": {"P1": 1186}, "P5": {"P1": 1205}}
1676224676.0665789;P2;NODE FAILURE;set()
1676224676.0667188;P2;TOPOLOGY UPDATE;{"P1": {"P2": 1007, "P3": 778, "P4": 1186, "P5": 1205}, "P2": {"P1": 1007}, "P3": {"P1": 778}, "P4": {"P1": 1186}, "P5": {"P1": 1205}}
1676224679.0879529;P2;NODE FAILURE;set()
1676224679.088084;P2;TOPOLOGY UPDATE;{"P1": {"P2": 1007, "P3": 778, "P4": 1186, "P5": 844}, "P2": {"P1": 1007}, "P3": {"P1": 778}, "P4": {"P1": 1186}, "P5": {"P1": 844}}
1676224687.1893756;P2;NODE FAILURE;set()
1676224687.1895318;P2;TOPOLOGY UPDATE;{"P1": {"P2": 1007, "P3": 778, "P4": 1186, "P5": 844}, "P2": {"P1": 1007}, "P3": {"P1": 778}, "P4": {"P1": 1186}, "P5": {"P1": 844}}
1676224702.1622329;P2;LEAST COST PATH;{"P1": ["P2"], "P2": [], "P3": ["P1"], "P4": ["P1"], "P5": ["P1"]}
1676224702.2150693;P2;NODE FAILURE;set()
1676224702.2152941;P2;TOPOLOGY UPDATE;{"P1": {"P2": 1007, "P3": 778, "P4": 1034, "P5": 844}, "P2": {"P1": 1007}, "P3": {"P1": 778}, "P4": {"P1": 1034}, "P5": {"P1": 844}}
1676224706.0673292;P2;LEAST COST PATH;{"P1": ["P2"], "P2": [], "P3": ["P1"], "P4": ["P1"], "P5": ["P1"]}
1676224709.0884984;P2;LEAST COST PATH;{"P1": ["P2"], "P2": [], "P3": ["P1"], "P4": ["P1"], "P5": ["P1"]}
1676224712.1316445;P2;NODE FAILURE;set()
1676224712.131776;P2;TOPOLOGY UPDATE;{"P1": {"P2": 452, "P3": 596, "P4": 1034, "P5": 844}, "P2": {"P1": 452}, "P3": {"P1": 596}, "P4": {"P1": 1034}, "P5": {"P1": 844}}
1676224717.190363;P2;LEAST COST PATH;{"P1": ["P2"], "P2": [], "P3": ["P1"], "P4": ["P1"], "P5": ["P1"]}
1676224717.2348504;P2;NODE FAILURE;set()
1676224717.2350726;P2;TOPOLOGY UPDATE;{"P1": {"P2": 452, "P3": 596, "P4": 1034, "P5": 844}, "P2": {"P1": 452}, "P3": {"P1": 596}, "P4": {"P1": 1034}, "P5": {"P1": 844}}
1676224721.801499;P2;NODE FAILURE;set()
1676224721.801707;P2;TOPOLOGY UPDATE;{"P1": {"P2": 452, "P3": 596, "P4": 1034, "P5": 844}, "P2": {"P1": 452}, "P3": {"P1": 596}, "P4": {"P1": 1034}, "P5": {"P1": 844}}
1676224724.8066618;P2;NODE FAILURE;set()
1676224724.807071;P2;TOPOLOGY UPDATE;{"P1": {"P2": 452, "P3": 596, "P4": 1034, "P5": 1450}, "P2": {"P1": 452}, "P3": {"P1": 596}, "P4": {"P1": 1034}, "P5": {"P1": 1450}}
1676224732.2162883;P2;LEAST COST PATH;{"P1": ["P2"], "P2": [], "P3": ["P1"], "P4": ["P1"], "P5": ["P1"]}
1676224732.262381;P2;NODE FAILURE;set()
1676224732.2625432;P2;TOPOLOGY UPDATE;{"P1": {"P2": 452, "P3": 596, "P4": 1034, "P5": 1450}, "P2": {"P1": 452}, "P3": {"P1": 596}, "P4": {"P1": 1034}, "P5": {"P1": 1450}}
1676224742.1341164;P2;LEAST COST PATH;{"P1": ["P2"], "P2": [], "P3": ["P1"], "P4": ["P1"], "P5": ["P1"]}
1676224747.2356806;P2;LEAST COST PATH;{"P1": ["P2"], "P2": [], "P3": ["P1"], "P4": ["P1"], "P5": ["P1"]}
1676224747.2826314;P2;NODE FAILURE;set()
1676224747.28285;P2;TOPOLOGY UPDATE;{"P1": {"P2": 452, "P3": 596, "P4": 1119, "P5": 1450}, "P2": {"P1": 452}, "P3": {"P1": 596}, "P4": {"P1": 1119}, "P5": {"P1": 1450}}
1676224751.8022175;P2;LEAST COST PATH;{"P1": ["P2"], "P2": [], "P3": ["P1"], "P4": ["P1"], "P5": ["P1"]}
1676224754.8076253;P2;LEAST COST PATH;{"P1": ["P2"], "P2": [], "P3": ["P1"], "P4": ["P1"], "P5": ["P1"]}
1676224756.877027;P2;NODE FAILURE;set()
1676224756.877158;P2;TOPOLOGY UPDATE;{"P1": {"P2": 880, "P3": 596, "P4": 1119, "P5": 1450}, "P2": {"P1": 880}, "P3": {"P1": 596}, "P4": {"P1": 1119}, "P5": {"P1": 1450}}
1676224762.2631576;P2;LEAST COST PATH;{"P1": ["P2"], "P2": [], "P3": ["P1"], "P4": ["P1"], "P5": ["P1"]}
1676224762.3051243;P2;NODE FAILURE;set()
1676224762.3055224;P2;TOPOLOGY UPDATE;{"P1": {"P2": 880, "P3": 596, "P4": 1119, "P5": 1450}, "P2": {"P1": 880}, "P3": {"P1": 596}, "P4": {"P1": 1119}, "P5": {"P1": 1450}}
1676224766.8217487;P2;NODE FAILURE;set()
1676224766.821922;P2;TOPOLOGY UPDATE;{"P1": {"P2": 880, "P3": 596, "P4": 1119, "P5": 1450}, "P2": {"P1": 880}, "P3": {"P1": 596}, "P4": {"P1": 1119}, "P5": {"P1": 1450}}
1676224769.830949;P2;NODE FAILURE;set()
1676224769.8310874;P2;TOPOLOGY UPDATE;{"P1": {"P2": 880, "P3": 1064, "P4": 1119, "P5": 1133}, "P2": {"P1": 880}, "P3": {"P1": 1064}, "P4": {"P1": 1119}, "P5": {"P1": 1133}}
1676224777.2833257;P2;LEAST COST PATH;{"P1": ["P2"], "P2": [], "P3": ["P1"], "P4": ["P1"], "P5": ["P1"]}
1676224777.3177242;P2;NODE FAILURE;set()
1676224777.3179483;P2;TOPOLOGY UPDATE;{"P1": {"P2": 880, "P3": 1064, "P4": 1119, "P5": 1133}, "P2": {"P1": 880}, "P3": {"P1": 1064}, "P4": {"P1": 1119}, "P5": {"P1": 1133}}
1676227014.1348076;P2;LEAST COST PATH;{"P1": ["P2"], "P2": [], "P3": ["P1"], "P4": ["P1"], "P5": ["P1"]}
1676227014.135381;P2;NODE FAILURE;set()
1676227014.1405175;P2;TOPOLOGY UPDATE;{"P1": {"P2": 880, "P3": 1064, "P4": 1084, "P5": 1133}, "P2": {"P1": 880}, "P3": {"P1": 1064}, "P4": {"P1": 1084}, "P5": {"P1": 1133}}
1676227014.1408238;P2;LEAST COST PATH;{"P1": ["P2"], "P2": [], "P3": ["P1"], "P4": ["P1"], "P5": ["P1"]}
1676227014.146758;P2;LEAST COST PATH;{"P1": ["P2"], "P2": [], "P3": ["P1"], "P4": ["P1"], "P5": ["P1"]}
1676227014.1473973;P2;LEAST COST PATH;{"P1": ["P2"], "P2": [], "P3": ["P1"], "P4": ["P1"], "P5": ["P1"]}
1676227014.1472652;P2;LEAST COST PATH;{"P1": ["P2"], "P2": [], "P3": ["P1"], "P4": ["P1"], "P5": ["P1"]}
1676227044.1458592;P2;LEAST COST PATH;{"P1": ["P2"], "P2": [], "P3": ["P1"], "P4": ["P1"], "P5": ["P1"]}
1676227462.7000148;P2;PEER EXITED;
