2023-04-10 11:54:22,729 - INFO - [MainThread] - Initialized router P3 at port 5003 PID 22583
2023-04-10 11:54:22,730 - INFO - [MainThread] - Adding a connection to Vulnerar
2023-04-10 11:54:22,730 - INFO - [Connect-Vulnerar] - Calling connect_to_rendezvous_point
2023-04-10 11:54:22,731 - INFO - [Connect-Vulnerar] - Connect to rendezvous point Vulnerar
2023-04-10 11:54:22,733 - INFO - [MainThread] - Adding listener for snowball
2023-04-10 11:54:22,733 - INFO - [Establish-snowball] - Establishing RP to snowball
2023-04-10 11:54:22,736 - INFO - [MainThread] - Starting testing thread
2023-04-10 11:54:22,737 - INFO - [TESTER] - Started tester
2023-04-10 11:54:22,739 - INFO - [Connect-Vulnerar] - Loading cached NetworkStatusDocument from TorCacheDirStorage: /root/.local/share/torpy/network_status
2023-04-10 11:54:22,753 - INFO - [Establish-snowball] - Loading cached NetworkStatusDocument from TorCacheDirStorage: /root/.local/share/torpy/network_status
2023-04-10 11:54:22,768 - INFO - [MainThread] - Starting connection thread
2023-04-10 11:54:22,775 - INFO - [MainThread] - Starting log thread
2023-04-10 11:54:23,251 - INFO - [Connect-Vulnerar] - Loading cached DirKeyCertificateList from TorCacheDirStorage: /root/.local/share/torpy/dir_key_certificates
2023-04-10 11:54:23,363 - INFO - [Establish-snowball] - Loading cached DirKeyCertificateList from TorCacheDirStorage: /root/.local/share/torpy/dir_key_certificates
2023-04-10 11:54:23,367 - INFO - [Establish-snowball] - Connecting to guard node 185.181.61.23:443 (staysafeandgoodluck; Tor 0.4.7.13)... (None)
2023-04-10 11:54:23,422 - INFO - [Establish-snowball] - Creating new circuit #80000001 with 185.181.61.23:443 (staysafeandgoodluck; Tor 0.4.7.13) router...
2023-04-10 11:54:23,438 - INFO - [Establish-snowball] - Building -1 hops circuit...
2023-04-10 11:54:23,438 - INFO - [Establish-snowball] - Extending the circuit #80000001 with 80.241.213.155:9001 (snowball; Tor 0.4.7.10)...
2023-04-10 11:54:23,438 - INFO - [Establish-snowball] - Getting descriptor for 80.241.213.155:9001 (snowball; Tor 0.4.7.10)...
2023-04-10 11:54:23,443 - INFO - [Establish-snowball] - Connecting to guard node 85.195.253.5:9001 (lodrich; Tor 0.4.7.13)... (Internal dir client)
2023-04-10 11:54:23,550 - INFO - [Connect-Vulnerar] - Connected to rendezvous point Vulnerar
2023-04-10 11:54:23,550 - INFO - [Connect-Vulnerar] - Waiting for peer to open stream
2023-04-10 11:54:23,603 - INFO - [Connect-Vulnerar] - Received cell: <class 'torpy.cells.CellDestroy'>
2023-04-10 11:54:23,605 - WARNING - [Connect-Vulnerar] - Could not connect to rendezvous point Vulnerar: Receive CellDestroy from RP, 11 attempts left...
2023-04-10 11:54:23,662 - INFO - [Establish-snowball] - Creating new circuit #80000002 with 85.195.253.5:9001 (lodrich; Tor 0.4.7.13) router...
2023-04-10 11:54:23,719 - INFO - [Establish-snowball] - Building 0 hops circuit...
2023-04-10 11:54:23,719 - INFO - [Establish-snowball] - Stream #1: creating attached to #80000002 circuit...
2023-04-10 11:54:23,719 - INFO - [Establish-snowball] - Stream #1: connecting to hsdir
2023-04-10 11:54:23,778 - INFO - [RecvLoop_85.195.] - Stream #1: connected (remote ip '')
2023-04-10 11:54:23,979 - INFO - [RecvLoop_85.195.] - Stream #1: remote disconnected (reason = DONE)
2023-04-10 11:54:23,980 - INFO - [Establish-snowball] - Stream #1: closing (state = Disconnected)...
2023-04-10 11:54:23,980 - INFO - [Establish-snowball] - Got descriptor
2023-04-10 11:54:24,041 - INFO - [Establish-snowball] - <class 'torpy.circuit.TorCircuit'>
2023-04-10 11:54:24,101 - INFO - [Establish-snowball] - Rendezvous established (CellRelayRendezvousEstablished())
2023-04-10 11:54:24,101 - INFO - [Establish-snowball] - Waiting for connections at relay snowball for cookie b'eb688e4f52df90278060' ...
2023-04-10 11:54:27,205 - INFO - [Establish-snowball] - Got REND2 message from snowball
2023-04-10 11:54:27,205 - INFO - [Establish-snowball] - Entered circuit context with id 0x80000001
2023-04-10 11:54:27,205 - INFO - [Establish-snowball] - Stream #2: creating attached to #80000001 circuit...
2023-04-10 11:54:27,205 - INFO - [Establish-snowball] - Stream #2: connecting to ('127.0.0.1', 5000)
2023-04-10 11:54:27,307 - INFO - [RecvLoop_185.181] - Stream #2: connected (remote ip '127.0.0.1')
2023-04-10 11:54:27,407 - INFO - [Establish-snowball] - Sending HELLO to peer
2023-04-10 11:54:27,407 - INFO - [Establish-snowball] - Sending HELLO to peer: b'\x80\x04\x95&\x00\x00\x00\x00\x00\x00\x00]\x94}\x94(\x8c\x07Message\x94\x8c\x05HELLO\x94\x8c\x04Peer\x94\x8c\x02P3\x94ua.'
2023-04-10 11:54:27,408 - INFO - [RECEIVER] - Added neighbour P1
2023-04-10 11:54:28,612 - INFO - [Connect-Vulnerar] - Calling connect_to_rendezvous_point
2023-04-10 11:54:28,612 - INFO - [Connect-Vulnerar] - Connect to rendezvous point Vulnerar
2023-04-10 11:54:28,616 - INFO - [Connect-Vulnerar] - Loading cached NetworkStatusDocument from TorCacheDirStorage: /root/.local/share/torpy/network_status
2023-04-10 11:54:28,828 - INFO - [Connect-Vulnerar] - Loading cached DirKeyCertificateList from TorCacheDirStorage: /root/.local/share/torpy/dir_key_certificates
2023-04-10 11:54:29,090 - INFO - [Connect-Vulnerar] - Connected to rendezvous point Vulnerar
2023-04-10 11:54:29,090 - INFO - [Connect-Vulnerar] - Waiting for peer to open stream
2023-04-10 11:54:29,200 - INFO - [Connect-Vulnerar] - Received cell: <class 'torpy.cells.CellRelay'>
2023-04-10 11:54:29,201 - INFO - [Connect-Vulnerar] - Stream opened successfully
2023-04-10 11:54:29,201 - INFO - [Connect-Vulnerar] - Sending HELLO to peer: b'\x80\x04\x95&\x00\x00\x00\x00\x00\x00\x00]\x94}\x94(\x8c\x07Message\x94\x8c\x05HELLO\x94\x8c\x04Peer\x94\x8c\x02P3\x94ua.'
2023-04-10 11:54:29,395 - INFO - [RECEIVER] - Added neighbour P4
2023-04-10 11:55:22,836 - INFO - [CONNECTION] - Highest cost peers: [('P6', 300), ('P2', 200), ('P5', 200), ('P1', 100), ('P4', 100), ('P3', 0)]
2023-04-10 11:55:22,836 - INFO - [CONNECTION] - Latency for P6 is 300 - max 500
2023-04-10 11:55:22,836 - INFO - [CONNECTION] - Latency for P2 is 200 - max 500
2023-04-10 11:55:22,836 - INFO - [CONNECTION] - Latency for P5 is 200 - max 500
2023-04-10 11:55:22,836 - INFO - [CONNECTION] - Latency for P1 is 100 - max 500
2023-04-10 11:55:22,836 - INFO - [CONNECTION] - Latency for P4 is 100 - max 500
2023-04-10 11:55:22,836 - INFO - [CONNECTION] - Latency for P3 is 0 - max 500
2023-04-10 11:55:22,836 - INFO - [CONNECTION] - No join peer selected for circuit switch
2023-04-10 11:55:27,894 - INFO - [RecvLoop_85.195.] - On destroy: circuit #80000002
2023-04-10 11:55:27,894 - INFO - [RecvLoop_85.195.] - Destroy circuit #80000002
2023-04-10 11:55:36,408 - WARNING - [Connect-Vulnerar] - Got SENDME
2023-04-10 11:55:44,894 - INFO - [RECEIVER] - updateGraphOnly: [['P1', 'P2', 100, 'sklep'], ['P1', 'P3', 100, 'snowball'], ['P2', 'P4', 100, 'LupusreginaBeta'], ['P3', 'P4', 100, 'Vulnerar'], ['P4', 'P5', 100, 'shhovh'], ['P5', 'P6', 100, 'taipe'], ['P5', 'P7', 100, 'RMK'], ['P6', 'P8', 100, 'LupusreginaBeta'], ['P7', 'P8', 100, 'Vulnerar']] , {'P6'}
2023-04-10 11:56:03,389 - INFO - [RECEIVER] - updateGraphOnly: [['P1', 'P2', 100, 'sklep'], ['P1', 'P3', 100, 'snowball'], ['P2', 'P4', 100, 'LupusreginaBeta'], ['P3', 'P4', 100, 'Vulnerar'], ['P4', 'P5', 100, 'shhovh'], ['P5', 'P7', 100, 'RMK'], ['P7', 'P8', 100, 'Vulnerar'], ['P6', 'P8', 100, 'LupusreginaBeta']] , {'P5'}
2023-04-10 11:56:15,666 - WARNING - [RECEIVER] - Routing loop from P4 to P8: P4-P3-P1-P3
2023-04-10 11:56:15,794 - WARNING - [RECEIVER] - Routing loop from P4 to P6: P4-P3-P4-P3
2023-04-10 11:56:15,902 - WARNING - [Connect-Vulnerar] - Got SENDME
2023-04-10 11:56:16,335 - WARNING - [Connect-Vulnerar] - Got SENDME
2023-04-10 11:56:22,878 - INFO - [CONNECTION] - Highest cost peers: [('P6', 500), ('P8', 400), ('P7', 300), ('P2', 200), ('P5', 200), ('P1', 100), ('P4', 100), ('P3', 0)]
2023-04-10 11:56:22,878 - INFO - [CONNECTION] - Latency for P6 is 500 - max 500
2023-04-10 11:56:22,878 - INFO - [CONNECTION] - Latency for P8 is 400 - max 500
2023-04-10 11:56:22,878 - INFO - [CONNECTION] - Latency for P7 is 300 - max 500
2023-04-10 11:56:22,878 - INFO - [CONNECTION] - Latency for P2 is 200 - max 500
2023-04-10 11:56:22,878 - INFO - [CONNECTION] - Latency for P5 is 200 - max 500
2023-04-10 11:56:22,878 - INFO - [CONNECTION] - Latency for P1 is 100 - max 500
2023-04-10 11:56:22,878 - INFO - [CONNECTION] - Latency for P4 is 100 - max 500
2023-04-10 11:56:22,878 - INFO - [CONNECTION] - Latency for P3 is 0 - max 500
2023-04-10 11:56:22,878 - INFO - [CONNECTION] - No join peer selected for circuit switch
2023-04-10 11:56:25,737 - WARNING - [RECEIVER] - Routing loop from P4 to P6: P4-P3-P1-P3
2023-04-10 11:56:52,997 - WARNING - [Connect-Vulnerar] - Got SENDME
2023-04-10 11:57:07,752 - WARNING - [RECEIVER] - Routing loop from P4 to P8: P4-P3-P4-P3
2023-04-10 11:57:07,786 - WARNING - [RECEIVER] - Routing loop from P4 to P5: P4-P3-P1-P3
2023-04-10 11:57:16,940 - WARNING - [RECEIVER] - Routing loop from P4 to P5: P4-P3-P1-P3
2023-04-10 11:57:18,890 - WARNING - [RECEIVER] - Routing loop from P4 to P7: P4-P3-P4-P3
2023-04-10 11:57:22,938 - INFO - [CONNECTION] - Highest cost peers: [('P6', 771), ('P2', 717), ('P8', 671), ('P7', 571), ('P5', 471), ('P1', 401), ('P4', 371), ('P3', 0)]
2023-04-10 11:57:22,939 - INFO - [CONNECTION] - Latency for P6 is 771 - max 500
2023-04-10 11:57:22,939 - INFO - [CONNECTION] - Latency for P2 is 717 - max 500
2023-04-10 11:57:22,939 - INFO - [CONNECTION] - Latency for P8 is 671 - max 500
2023-04-10 11:57:22,939 - INFO - [CONNECTION] - Latency for P7 is 571 - max 500
2023-04-10 11:57:22,939 - INFO - [CONNECTION] - Latency for P5 is 471 - max 500
2023-04-10 11:57:22,939 - INFO - [CONNECTION] - Latency for P1 is 401 - max 500
2023-04-10 11:57:22,939 - INFO - [CONNECTION] - Latency for P4 is 371 - max 500
2023-04-10 11:57:22,939 - INFO - [CONNECTION] - Latency for P3 is 0 - max 500
2023-04-10 11:57:22,939 - INFO - [CONNECTION] - No join peer selected for circuit switch
2023-04-10 11:57:24,164 - WARNING - [Connect-Vulnerar] - Got SENDME
2023-04-10 11:57:25,023 - WARNING - [Connect-Vulnerar] - Got SENDME
2023-04-10 11:57:32,839 - WARNING - [RECEIVER] - Routing loop from P4 to P7: P4-P3-P1-P3
2023-04-10 11:57:44,079 - WARNING - [RECEIVER] - TTL reached from path to P2 from P8
2023-04-10 11:58:00,228 - WARNING - [Connect-Vulnerar] - Got SENDME
2023-04-10 11:58:22,998 - INFO - [CONNECTION] - Highest cost peers: [('P6', 3624), ('P8', 2965), ('P7', 1796), ('P5', 1032), ('P2', 717), ('P1', 401), ('P4', 371), ('P3', 0)]
2023-04-10 11:58:22,998 - INFO - [CONNECTION] - Latency for P6 is 3624 - max 500
2023-04-10 11:58:22,998 - INFO - [CONNECTION] - Latency for P8 is 2965 - max 500
2023-04-10 11:58:22,998 - INFO - [CONNECTION] - Latency for P7 is 1796 - max 500
2023-04-10 11:58:22,998 - INFO - [CONNECTION] - Latency for P5 is 1032 - max 500
2023-04-10 11:58:22,998 - INFO - [CONNECTION] - Latency for P2 is 717 - max 500
2023-04-10 11:58:22,999 - INFO - [CONNECTION] - Latency for P1 is 401 - max 500
2023-04-10 11:58:22,999 - INFO - [CONNECTION] - Latency for P4 is 371 - max 500
2023-04-10 11:58:22,999 - INFO - [CONNECTION] - Latency for P3 is 0 - max 500
2023-04-10 11:58:22,999 - INFO - [CONNECTION] - No join peer selected for circuit switch
2023-04-10 11:58:38,082 - WARNING - [Connect-Vulnerar] - Got SENDME
2023-04-10 11:58:38,129 - WARNING - [Connect-Vulnerar] - Got SENDME
2023-04-10 11:59:18,359 - WARNING - [Connect-Vulnerar] - Got SENDME
2023-04-10 11:59:23,058 - INFO - [CONNECTION] - Highest cost peers: [('P6', 2555), ('P8', 1896), ('P7', 1796), ('P5', 1032), ('P2', 717), ('P1', 401), ('P4', 371), ('P3', 0)]
2023-04-10 11:59:23,058 - INFO - [CONNECTION] - Latency for P6 is 2555 - max 500
2023-04-10 11:59:23,058 - INFO - [CONNECTION] - Latency for P8 is 1896 - max 500
2023-04-10 11:59:23,058 - INFO - [CONNECTION] - Latency for P7 is 1796 - max 500
2023-04-10 11:59:23,058 - INFO - [CONNECTION] - Latency for P5 is 1032 - max 500
2023-04-10 11:59:23,058 - INFO - [CONNECTION] - Latency for P2 is 717 - max 500
2023-04-10 11:59:23,058 - INFO - [CONNECTION] - Latency for P1 is 401 - max 500
2023-04-10 11:59:23,058 - INFO - [CONNECTION] - Latency for P4 is 371 - max 500
2023-04-10 11:59:23,058 - INFO - [CONNECTION] - Latency for P3 is 0 - max 500
2023-04-10 11:59:23,058 - INFO - [CONNECTION] - No join peer selected for circuit switch
2023-04-10 12:00:03,437 - WARNING - [Connect-Vulnerar] - Got SENDME
2023-04-10 12:00:03,486 - WARNING - [Connect-Vulnerar] - Got SENDME
2023-04-10 12:00:23,070 - INFO - [CONNECTION] - Highest cost peers: [('P6', 1897), ('P8', 1238), ('P7', 1138), ('P5', 1038), ('P2', 484), ('P4', 377), ('P1', 286), ('P3', 0)]
2023-04-10 12:00:23,070 - INFO - [CONNECTION] - Latency for P6 is 1897 - max 500
2023-04-10 12:00:23,070 - INFO - [CONNECTION] - Latency for P8 is 1238 - max 500
2023-04-10 12:00:23,071 - INFO - [CONNECTION] - Latency for P7 is 1138 - max 500
2023-04-10 12:00:23,071 - INFO - [CONNECTION] - Latency for P5 is 1038 - max 500
2023-04-10 12:00:23,071 - INFO - [CONNECTION] - Latency for P2 is 484 - max 500
2023-04-10 12:00:23,071 - INFO - [CONNECTION] - Latency for P4 is 377 - max 500
2023-04-10 12:00:23,071 - INFO - [CONNECTION] - Latency for P1 is 286 - max 500
2023-04-10 12:00:23,071 - INFO - [CONNECTION] - Latency for P3 is 0 - max 500
2023-04-10 12:00:23,071 - INFO - [CONNECTION] - No join peer selected for circuit switch
2023-04-10 12:00:47,526 - WARNING - [Connect-Vulnerar] - Got SENDME
2023-04-10 12:01:23,131 - INFO - [CONNECTION] - Highest cost peers: [('P6', 3039), ('P8', 2227), ('P7', 1166), ('P5', 1066), ('P2', 477), ('P4', 377), ('P1', 286), ('P3', 0)]
2023-04-10 12:01:23,131 - INFO - [CONNECTION] - Latency for P6 is 3039 - max 500
2023-04-10 12:01:23,131 - INFO - [CONNECTION] - Latency for P8 is 2227 - max 500
2023-04-10 12:01:23,132 - INFO - [CONNECTION] - Latency for P7 is 1166 - max 500
2023-04-10 12:01:23,132 - INFO - [CONNECTION] - Latency for P5 is 1066 - max 500
2023-04-10 12:01:23,132 - INFO - [CONNECTION] - Latency for P2 is 477 - max 500
2023-04-10 12:01:23,132 - INFO - [CONNECTION] - Latency for P4 is 377 - max 500
2023-04-10 12:01:23,132 - INFO - [CONNECTION] - Latency for P1 is 286 - max 500
2023-04-10 12:01:23,132 - INFO - [CONNECTION] - Latency for P3 is 0 - max 500
2023-04-10 12:01:23,132 - INFO - [CONNECTION] - No join peer selected for circuit switch
2023-04-10 12:01:29,620 - WARNING - [Connect-Vulnerar] - Got SENDME
2023-04-10 12:01:29,670 - WARNING - [Connect-Vulnerar] - Got SENDME
2023-04-10 12:01:46,216 - INFO - [RECEIVER] - updateGraphOnly: [['P1', 'P2', 198, 'sklep'], ['P1', 'P3', 286, 'snowball'], ['P2', 'P4', 100, 'jokulhops'], ['P3', 'P4', 377, 'Vulnerar'], ['P4', 'P5', 689, 'shhovh'], ['P5', 'P7', 100, 'p1onX01'], ['P7', 'P8', 1061, 'hawksTorRelay'], ['P6', 'P8', 812, 'LupusreginaBeta']] , {'P7'}
2023-04-10 12:01:51,459 - WARNING - [RECEIVER] - Routing loop from P4 to P7: P4-P3-P1-P3
2023-04-10 12:01:52,070 - WARNING - [RECEIVER] - Routing loop from P4 to P6: P4-P3-P1-P3
2023-04-10 12:01:52,451 - WARNING - [RECEIVER] - TTL reached from path to P7 from P5
2023-04-10 12:01:54,360 - WARNING - [RECEIVER] - TTL reached from path to P8 from P2
2023-04-10 12:01:55,671 - WARNING - [RECEIVER] - Routing loop from P3 to P7: P3-P1-P3
2023-04-10 12:01:55,771 - WARNING - [RECEIVER] - Routing loop from P3 to P7: P3-P1-P3-P1-P3
2023-04-10 12:01:55,771 - WARNING - [RECEIVER] - TTL reached from path to P7 from P3
2023-04-10 12:01:57,301 - WARNING - [RECEIVER] - Routing loop from P5 to P7: P5-P4-P3-P1-P3
2023-04-10 12:01:57,301 - WARNING - [RECEIVER] - TTL reached from path to P7 from P5
2023-04-10 12:02:00,491 - WARNING - [RECEIVER] - Routing loop from P4 to P6: P4-P3-P1-P3
2023-04-10 12:02:01,677 - WARNING - [Connect-Vulnerar] - Got SENDME
2023-04-10 12:02:02,334 - WARNING - [RECEIVER] - Routing loop from P3 to P8: P3-P1-P3
2023-04-10 12:02:04,257 - WARNING - [RECEIVER] - Routing loop from P3 to P6: P3-P4-P3
2023-04-10 12:02:04,305 - WARNING - [RECEIVER] - TTL reached from path to P8 from P2
2023-04-10 12:02:04,353 - WARNING - [RECEIVER] - Routing loop from P3 to P8: P3-P1-P3-P4-P3
2023-04-10 12:02:04,354 - WARNING - [RECEIVER] - TTL reached from path to P8 from P3
2023-04-10 12:02:06,671 - WARNING - [RECEIVER] - TTL reached from path to P6 from P2
2023-04-10 12:02:07,398 - WARNING - [RECEIVER] - TTL reached from path to P6 from P5
2023-04-10 12:02:09,426 - WARNING - [RECEIVER] - Routing loop from P3 to P7: P3-P1-P3
2023-04-10 12:02:11,364 - WARNING - [RECEIVER] - Routing loop from P3 to P8: P3-P1-P2-P1-P3
2023-04-10 12:02:11,364 - WARNING - [RECEIVER] - TTL reached from path to P8 from P3
2023-04-10 12:02:11,479 - WARNING - [RECEIVER] - Routing loop from P4 to P7: P4-P3-P4-P3
2023-04-10 12:02:17,777 - WARNING - [RECEIVER] - Routing loop from P3 to P8: P3-P1-P3
2023-04-10 12:02:19,489 - WARNING - [RECEIVER] - TTL reached from path to P6 from P5
2023-04-10 12:02:19,702 - WARNING - [RECEIVER] - Routing loop from P3 to P6: P3-P4-P5-P4-P3
2023-04-10 12:02:19,702 - WARNING - [RECEIVER] - TTL reached from path to P6 from P3
2023-04-10 12:02:23,190 - INFO - [CONNECTION] - Highest cost peers: [('P6', 3039), ('P8', 2227), ('P5', 1226), ('P7', 1166), ('P2', 637), ('P4', 537), ('P1', 500), ('P3', 0)]
2023-04-10 12:02:23,190 - INFO - [CONNECTION] - Latency for P6 is 3039 - max 500
2023-04-10 12:02:23,190 - INFO - [CONNECTION] - Latency for P8 is 2227 - max 500
2023-04-10 12:02:23,190 - INFO - [CONNECTION] - Latency for P5 is 1226 - max 500
2023-04-10 12:02:23,190 - INFO - [CONNECTION] - Latency for P7 is 1166 - max 500
2023-04-10 12:02:23,190 - INFO - [CONNECTION] - Latency for P2 is 637 - max 500
2023-04-10 12:02:23,190 - INFO - [CONNECTION] - Latency for P4 is 537 - max 500
2023-04-10 12:02:23,191 - INFO - [CONNECTION] - Latency for P1 is 500 - max 500
2023-04-10 12:02:23,191 - INFO - [CONNECTION] - Peer P1 selected for circuit switch
2023-04-10 12:02:23,205 - INFO - [CONNECTION] - Loading cached NetworkStatusDocument from TorCacheDirStorage: /root/.local/share/torpy/network_status
2023-04-10 12:02:23,868 - INFO - [CONNECTION] - Loading cached DirKeyCertificateList from TorCacheDirStorage: /root/.local/share/torpy/dir_key_certificates
2023-04-10 12:02:23,883 - INFO - [MainThread] - ['ESTABLISH', 'NTH25R2', b'15476c095d606720b92b']
2023-04-10 12:02:23,883 - INFO - [MainThread] - Got ESTABLISH to relay NTH25R2:b'15476c095d606720b92b' via staysafeandgoodluck
2023-04-10 12:02:23,894 - INFO - [Establish-NTH25R2] - Establishing RP to NTH25R2
2023-04-10 12:02:23,936 - INFO - [Establish-NTH25R2] - Loading cached NetworkStatusDocument from TorCacheDirStorage: /root/.local/share/torpy/network_status
2023-04-10 12:02:24,765 - WARNING - [RECEIVER] - Routing loop from P3 to P7: P3-P4-P3
2023-04-10 12:02:24,767 - INFO - [Establish-NTH25R2] - Loading cached DirKeyCertificateList from TorCacheDirStorage: /root/.local/share/torpy/dir_key_certificates
2023-04-10 12:02:24,772 - INFO - [Establish-NTH25R2] - Connecting to guard node 185.181.61.23:443 (staysafeandgoodluck; Tor 0.4.7.13)... (None)
2023-04-10 12:02:24,816 - WARNING - [RECEIVER] - Routing loop from P3 to P6: P3-P4-P3
2023-04-10 12:02:24,829 - INFO - [Establish-NTH25R2] - Creating new circuit #80000003 with 185.181.61.23:443 (staysafeandgoodluck; Tor 0.4.7.13) router...
2023-04-10 12:02:24,843 - INFO - [Establish-NTH25R2] - Building -1 hops circuit...
2023-04-10 12:02:24,843 - INFO - [Establish-NTH25R2] - Extending the circuit #80000003 with 192.42.116.177:9001 (NTH25R2; Tor 0.4.7.13)...
2023-04-10 12:02:24,846 - INFO - [Establish-NTH25R2] - Getting descriptor for 192.42.116.177:9001 (NTH25R2; Tor 0.4.7.13)...
2023-04-10 12:02:24,858 - INFO - [Establish-NTH25R2] - Connecting to guard node 68.67.32.33:9001 (kgXuCTCWVMALFMb74Ld; Tor 0.4.7.13)... (Internal dir client)
2023-04-10 12:02:24,917 - WARNING - [RECEIVER] - Routing loop from P3 to P7: P3-P4-P3-P1-P3
2023-04-10 12:02:24,918 - WARNING - [RECEIVER] - TTL reached from path to P7 from P3
2023-04-10 12:02:24,954 - WARNING - [RECEIVER] - Routing loop from P3 to P8: P3-P4-P3
2023-04-10 12:02:25,283 - INFO - [Establish-NTH25R2] - Creating new circuit #80000004 with 68.67.32.33:9001 (kgXuCTCWVMALFMb74Ld; Tor 0.4.7.13) router...
2023-04-10 12:02:25,388 - INFO - [Establish-NTH25R2] - Building 0 hops circuit...
2023-04-10 12:02:25,388 - INFO - [Establish-NTH25R2] - Stream #3: creating attached to #80000004 circuit...
2023-04-10 12:02:25,388 - INFO - [Establish-NTH25R2] - Stream #3: connecting to hsdir
2023-04-10 12:02:25,492 - INFO - [RecvLoop_68.67.3] - Stream #3: connected (remote ip '')
2023-04-10 12:02:25,801 - INFO - [RecvLoop_68.67.3] - Stream #3: remote disconnected (reason = DONE)
2023-04-10 12:02:25,802 - INFO - [Establish-NTH25R2] - Stream #3: closing (state = Disconnected)...
2023-04-10 12:02:25,802 - INFO - [Establish-NTH25R2] - Got descriptor
2023-04-10 12:02:25,920 - INFO - [Establish-NTH25R2] - <class 'torpy.circuit.TorCircuit'>
2023-04-10 12:02:25,952 - INFO - [Establish-NTH25R2] - Rendezvous established (CellRelayRendezvousEstablished())
2023-04-10 12:02:25,952 - INFO - [Establish-NTH25R2] - Waiting for connections at relay NTH25R2 for cookie b'15476c095d606720b92b' ...
2023-04-10 12:02:26,426 - WARNING - [RECEIVER] - Routing loop from P5 to P7: P5-P4-P3-P1-P3
2023-04-10 12:02:26,426 - WARNING - [RECEIVER] - TTL reached from path to P7 from P5
2023-04-10 12:02:27,479 - WARNING - [RECEIVER] - Routing loop from P2 to P8: P2-P1-P3-P1-P3
2023-04-10 12:02:27,480 - WARNING - [RECEIVER] - TTL reached from path to P8 from P2
2023-04-10 12:02:27,745 - WARNING - [RECEIVER] - TTL reached from path to P6 from P2
2023-04-10 12:02:28,888 - INFO - [CONNECTION] - Sending JOIN to P1 for relay NTH25R2 with cookie b'15476c095d606720b92b'
2023-04-10 12:02:31,791 - WARNING - [RECEIVER] - Routing loop from P1 to P6: P1-P3-P1-P3
2023-04-10 12:02:31,913 - WARNING - [Connect-Vulnerar] - Got SENDME
2023-04-10 12:02:32,002 - WARNING - [Connect-Vulnerar] - Got SENDME
2023-04-10 12:02:34,536 - WARNING - [RECEIVER] - Routing loop from P2 to P6: P2-P1-P3-P1-P3
2023-04-10 12:02:34,537 - WARNING - [RECEIVER] - TTL reached from path to P6 from P2
2023-04-10 12:02:41,910 - WARNING - [RECEIVER] - Routing loop from P3 to P6: P3-P1-P3
2023-04-10 12:02:41,930 - WARNING - [RECEIVER] - Routing loop from P3 to P7: P3-P4-P3
2023-04-10 12:02:42,126 - WARNING - [RECEIVER] - Routing loop from P3 to P7: P3-P4-P3-P4-P3
2023-04-10 12:02:42,126 - WARNING - [RECEIVER] - TTL reached from path to P7 from P3
2023-04-10 12:02:42,838 - WARNING - [RECEIVER] - Routing loop from P3 to P8: P3-P1-P2-P1-P3
2023-04-10 12:02:42,838 - WARNING - [RECEIVER] - TTL reached from path to P8 from P3
2023-04-10 12:02:48,937 - WARNING - [RECEIVER] - Routing loop from P3 to P7: P3-P1-P3
2023-04-10 12:02:48,947 - WARNING - [RECEIVER] - Routing loop from P3 to P6: P3-P4-P3
2023-04-10 12:02:51,421 - WARNING - [RECEIVER] - Routing loop from P3 to P8: P3-P1-P2-P1-P3
2023-04-10 12:02:51,421 - WARNING - [RECEIVER] - TTL reached from path to P8 from P3
2023-04-10 12:02:55,949 - WARNING - [RECEIVER] - Routing loop from P3 to P7: P3-P1-P3
2023-04-10 12:02:56,034 - WARNING - [RECEIVER] - Routing loop from P3 to P6: P3-P1-P3
2023-04-10 12:02:56,146 - WARNING - [RECEIVER] - Routing loop from P3 to P6: P3-P1-P3-P4-P3
2023-04-10 12:02:56,146 - WARNING - [RECEIVER] - TTL reached from path to P6 from P3
2023-04-10 12:02:56,644 - INFO - [RECEIVER] - updateGraphOnly: [['P1', 'P2', 217, 'sklep'], ['P1', 'P3', 500, 'snowball'], ['P2', 'P4', 100, 'jokulhops'], ['P3', 'P4', 537, 'Vulnerar'], ['P4', 'P5', 689, 'shhovh'], ['P6', 'P8', 812, 'LupusreginaBeta'], ['P7', 'P8', 877, 'hawksTorRelay']] , {'P5'}
2023-04-10 12:02:59,657 - WARNING - [RECEIVER] - Routing loop from P1 to P6: P1-P3-P1-P3
2023-04-10 12:03:02,043 - WARNING - [RECEIVER] - Routing loop from P3 to P7: P3-P1-P2-P4-P3
2023-04-10 12:03:02,043 - WARNING - [RECEIVER] - TTL reached from path to P7 from P3
2023-04-10 12:03:02,093 - WARNING - [RECEIVER] - Routing loop from P3 to P6: P3-P1-P2-P4-P3
2023-04-10 12:03:02,093 - WARNING - [RECEIVER] - TTL reached from path to P6 from P3
2023-04-10 12:03:02,145 - WARNING - [RECEIVER] - Routing loop from P3 to P8: P3-P1-P2-P4-P3
2023-04-10 12:03:02,145 - WARNING - [RECEIVER] - TTL reached from path to P8 from P3
2023-04-10 12:03:06,898 - WARNING - [RECEIVER] - Routing loop from P1 to P6: P1-P3-P1-P3
2023-04-10 12:03:07,263 - WARNING - [Connect-Vulnerar] - Got SENDME
2023-04-10 12:03:09,036 - WARNING - [RECEIVER] - Routing loop from P3 to P6: P3-P1-P3
2023-04-10 12:03:09,121 - WARNING - [RECEIVER] - Routing loop from P3 to P7: P3-P1-P2-P1-P3
2023-04-10 12:03:09,121 - WARNING - [RECEIVER] - TTL reached from path to P7 from P3
2023-04-10 12:03:09,150 - WARNING - [RECEIVER] - Routing loop from P3 to P6: P3-P1-P3-P4-P3
2023-04-10 12:03:09,150 - WARNING - [RECEIVER] - TTL reached from path to P6 from P3
2023-04-10 12:03:09,233 - WARNING - [RECEIVER] - TTL reached from path to P7 from P2
2023-04-10 12:03:09,310 - WARNING - [RECEIVER] - Routing loop from P3 to P8: P3-P4-P2-P4-P3
2023-04-10 12:03:09,311 - WARNING - [RECEIVER] - TTL reached from path to P8 from P3
2023-04-10 12:03:09,312 - WARNING - [RECEIVER] - Routing loop from P2 to P6: P2-P4-P3-P4-P3
2023-04-10 12:03:09,312 - WARNING - [RECEIVER] - TTL reached from path to P6 from P2
2023-04-10 12:03:14,014 - WARNING - [RECEIVER] - Routing loop from P3 to P6: P3-P4-P3
2023-04-10 12:03:14,188 - WARNING - [RECEIVER] - Routing loop from P3 to P7: P3-P1-P2-P4-P3
2023-04-10 12:03:14,188 - WARNING - [RECEIVER] - TTL reached from path to P7 from P3
2023-04-10 12:03:14,238 - WARNING - [RECEIVER] - Routing loop from P3 to P8: P3-P1-P2-P4-P3
2023-04-10 12:03:14,238 - WARNING - [RECEIVER] - TTL reached from path to P8 from P3
2023-04-10 12:03:14,508 - WARNING - [RECEIVER] - TTL reached from path to P8 from P2
2023-04-10 12:03:17,845 - WARNING - [RECEIVER] - Routing loop from P1 to P6: P1-P3-P1-P3
2023-04-10 12:03:18,776 - WARNING - [RECEIVER] - Routing loop from P4 to P8: P4-P3-P4-P3
2023-04-10 12:03:20,541 - WARNING - [RECEIVER] - TTL reached from path to P6 from P2
2023-04-10 12:03:20,623 - WARNING - [RECEIVER] - Routing loop from P2 to P8: P2-P4-P3-P1-P3
2023-04-10 12:03:20,623 - WARNING - [RECEIVER] - TTL reached from path to P8 from P2
2023-04-10 12:03:24,093 - WARNING - [RECEIVER] - Routing loop from P3 to P7: P3-P1-P3
2023-04-10 12:03:24,189 - WARNING - [RECEIVER] - Routing loop from P3 to P6: P3-P4-P2-P4-P3
2023-04-10 12:03:24,189 - WARNING - [RECEIVER] - TTL reached from path to P6 from P3
2023-04-10 12:03:24,197 - WARNING - [RECEIVER] - Routing loop from P3 to P8: P3-P1-P3
2023-04-10 12:03:24,303 - WARNING - [RECEIVER] - Routing loop from P3 to P8: P3-P1-P3-P4-P3
2023-04-10 12:03:24,303 - WARNING - [RECEIVER] - TTL reached from path to P8 from P3
2023-04-10 12:03:26,771 - WARNING - [RECEIVER] - Routing loop from P4 to P8: P4-P3-P1-P3
2023-04-10 12:03:27,754 - INFO - [RecvLoop_68.67.3] - On destroy: circuit #80000004
2023-04-10 12:03:27,754 - INFO - [RecvLoop_68.67.3] - Destroy circuit #80000004
2023-04-10 12:03:28,954 - INFO - [CONNECTION] - Highest cost peers: [('P6', 3039), ('P8', 2227), ('P5', 1226), ('P7', 1166), ('P2', 717), ('P4', 537), ('P1', 500), ('P3', 0)]
2023-04-10 12:03:28,954 - INFO - [CONNECTION] - Latency for P6 is 3039 - max 500
2023-04-10 12:03:28,954 - INFO - [CONNECTION] - Latency for P8 is 2227 - max 500
2023-04-10 12:03:28,954 - INFO - [CONNECTION] - Latency for P5 is 1226 - max 500
2023-04-10 12:03:28,954 - INFO - [CONNECTION] - Latency for P7 is 1166 - max 500
2023-04-10 12:03:28,954 - INFO - [CONNECTION] - Latency for P2 is 717 - max 500
2023-04-10 12:03:28,954 - INFO - [CONNECTION] - Latency for P4 is 537 - max 500
2023-04-10 12:03:28,954 - INFO - [CONNECTION] - Latency for P1 is 500 - max 500
2023-04-10 12:03:28,954 - INFO - [CONNECTION] - Peer P1 selected for circuit switch
2023-04-10 12:03:28,965 - INFO - [CONNECTION] - Loading cached NetworkStatusDocument from TorCacheDirStorage: /root/.local/share/torpy/network_status
2023-04-10 12:03:29,647 - INFO - [CONNECTION] - Loading cached DirKeyCertificateList from TorCacheDirStorage: /root/.local/share/torpy/dir_key_certificates
2023-04-10 12:03:29,659 - INFO - [MainThread] - ['ESTABLISH', 'cakeallergy', b'c52fa649b9828efaaede']
2023-04-10 12:03:29,659 - INFO - [MainThread] - Got ESTABLISH to relay cakeallergy:b'c52fa649b9828efaaede' via staysafeandgoodluck
2023-04-10 12:03:29,660 - INFO - [Establish-cakeallergy] - Establishing RP to cakeallergy
2023-04-10 12:03:29,713 - INFO - [Establish-cakeallergy] - Loading cached NetworkStatusDocument from TorCacheDirStorage: /root/.local/share/torpy/network_status
2023-04-10 12:03:30,024 - WARNING - [RECEIVER] - Routing loop from P2 to P6: P2-P4-P3-P4-P3
2023-04-10 12:03:30,024 - WARNING - [RECEIVER] - TTL reached from path to P6 from P2
2023-04-10 12:03:30,261 - INFO - [Establish-cakeallergy] - Loading cached DirKeyCertificateList from TorCacheDirStorage: /root/.local/share/torpy/dir_key_certificates
2023-04-10 12:03:30,269 - INFO - [Establish-cakeallergy] - Connecting to guard node 185.181.61.23:443 (staysafeandgoodluck; Tor 0.4.7.13)... (None)
2023-04-10 12:03:30,324 - INFO - [Establish-cakeallergy] - Creating new circuit #80000005 with 185.181.61.23:443 (staysafeandgoodluck; Tor 0.4.7.13) router...
2023-04-10 12:03:30,338 - INFO - [Establish-cakeallergy] - Building -1 hops circuit...
2023-04-10 12:03:30,338 - INFO - [Establish-cakeallergy] - Extending the circuit #80000005 with 45.35.33.218:443 (cakeallergy; Tor 0.4.7.8)...
2023-04-10 12:03:30,339 - INFO - [Establish-cakeallergy] - Getting descriptor for 45.35.33.218:443 (cakeallergy; Tor 0.4.7.8)...
2023-04-10 12:03:30,348 - INFO - [Establish-cakeallergy] - Connecting to guard node 132.145.62.236:1234 (aRC0C7; Tor 0.4.7.13)... (Internal dir client)
2023-04-10 12:03:30,510 - INFO - [Establish-cakeallergy] - Creating new circuit #80000006 with 132.145.62.236:1234 (aRC0C7; Tor 0.4.7.13) router...
2023-04-10 12:03:30,548 - INFO - [Establish-cakeallergy] - Building 0 hops circuit...
2023-04-10 12:03:30,549 - INFO - [Establish-cakeallergy] - Stream #4: creating attached to #80000006 circuit...
2023-04-10 12:03:30,549 - INFO - [Establish-cakeallergy] - Stream #4: connecting to hsdir
2023-04-10 12:03:30,586 - INFO - [RecvLoop_132.145] - Stream #4: connected (remote ip '')
2023-04-10 12:03:30,820 - INFO - [RecvLoop_132.145] - Stream #4: remote disconnected (reason = DONE)
2023-04-10 12:03:30,820 - INFO - [Establish-cakeallergy] - Stream #4: closing (state = Disconnected)...
2023-04-10 12:03:30,820 - INFO - [Establish-cakeallergy] - Got descriptor
2023-04-10 12:03:30,980 - INFO - [Establish-cakeallergy] - <class 'torpy.circuit.TorCircuit'>
2023-04-10 12:03:31,140 - INFO - [Establish-cakeallergy] - Rendezvous established (CellRelayRendezvousEstablished())
2023-04-10 12:03:31,140 - INFO - [Establish-cakeallergy] - Waiting for connections at relay cakeallergy for cookie b'c52fa649b9828efaaede' ...
2023-04-10 12:03:32,103 - WARNING - [RECEIVER] - Routing loop from P3 to P6: P3-P1-P3
2023-04-10 12:03:32,238 - WARNING - [RECEIVER] - Routing loop from P3 to P6: P3-P1-P3-P4-P3
2023-04-10 12:03:32,238 - WARNING - [RECEIVER] - TTL reached from path to P6 from P3
2023-04-10 12:03:34,661 - INFO - [CONNECTION] - Sending JOIN to P1 for relay cakeallergy with cookie b'c52fa649b9828efaaede'
2023-04-10 12:03:36,353 - INFO - [Establish-cakeallergy] - Got REND2 message from cakeallergy
2023-04-10 12:03:36,354 - INFO - [Establish-cakeallergy] - Entered circuit context with id 0x80000005
2023-04-10 12:03:36,354 - INFO - [Establish-cakeallergy] - Stream #5: creating attached to #80000005 circuit...
2023-04-10 12:03:36,354 - INFO - [Establish-cakeallergy] - Stream #5: connecting to ('127.0.0.1', 5000)
2023-04-10 12:03:36,660 - INFO - [RecvLoop_185.181] - Stream #5: connected (remote ip '127.0.0.1')
2023-04-10 12:03:36,756 - INFO - [Establish-cakeallergy] - Sending HELLO to peer
2023-04-10 12:03:36,757 - INFO - [Establish-cakeallergy] - Sending HELLO to peer: b'\x80\x04\x95&\x00\x00\x00\x00\x00\x00\x00]\x94}\x94(\x8c\x07Message\x94\x8c\x05HELLO\x94\x8c\x04Peer\x94\x8c\x02P3\x94ua.'
2023-04-10 12:03:36,759 - INFO - [RECEIVER] - Added neighbour P1
2023-04-10 12:03:40,865 - WARNING - [RECEIVER] - Routing loop from P4 to P6: P4-P3-P4-P3
2023-04-10 12:03:49,143 - WARNING - [RECEIVER] - Routing loop from P1 to P6: P1-P3-P4-P3
2023-04-10 12:03:53,685 - WARNING - [Connect-Vulnerar] - Got SENDME
2023-04-10 12:03:53,734 - WARNING - [Connect-Vulnerar] - Got SENDME
2023-04-10 12:03:53,922 - WARNING - [RECEIVER] - TTL reached from path to P7 from P2
2023-04-10 12:03:54,338 - WARNING - [RECEIVER] - Routing loop from P3 to P7: P3-P1-P3
2023-04-10 12:03:54,495 - WARNING - [RECEIVER] - Routing loop from P3 to P6: P3-P1-P3
2023-04-10 12:03:54,651 - WARNING - [RECEIVER] - Routing loop from P3 to P8: P3-P1-P3
2023-04-10 12:03:54,810 - WARNING - [RECEIVER] - Routing loop from P3 to P6: P3-P1-P3-P1-P3
2023-04-10 12:03:54,810 - WARNING - [RECEIVER] - TTL reached from path to P6 from P3
2023-04-10 12:03:59,926 - WARNING - [RECEIVER] - Routing loop from P4 to P8: P4-P3-P4-P3
2023-04-10 12:04:00,162 - WARNING - [RECEIVER] - Routing loop from P4 to P7: P4-P3-P1-P3
2023-04-10 12:04:00,446 - WARNING - [RECEIVER] - Routing loop from P3 to P7: P3-P1-P3
2023-04-10 12:04:04,957 - INFO - [RECEIVER] - Added relay newyorkie from P4 to JOIN queue
2023-04-10 12:04:04,957 - INFO - [MainThread] - ['JOIN', 'newyorkie', b'549cac54f507d522028a']
2023-04-10 12:04:04,957 - INFO - [MainThread] - Got JOIN to relay newyorkie, waiting 10 sec to connect
2023-04-10 12:04:04,958 - INFO - [Connect-newyorkie] - Calling connect_to_rendezvous_point
2023-04-10 12:04:04,958 - INFO - [Connect-newyorkie] - Connect to rendezvous point newyorkie
2023-04-10 12:04:05,032 - INFO - [Connect-newyorkie] - Loading cached NetworkStatusDocument from TorCacheDirStorage: /root/.local/share/torpy/network_status
2023-04-10 12:04:05,611 - INFO - [Connect-newyorkie] - Loading cached DirKeyCertificateList from TorCacheDirStorage: /root/.local/share/torpy/dir_key_certificates
2023-04-10 12:04:06,307 - INFO - [Connect-newyorkie] - Connected to rendezvous point newyorkie
2023-04-10 12:04:06,307 - INFO - [Connect-newyorkie] - Waiting for peer to open stream
2023-04-10 12:04:06,431 - WARNING - [RECEIVER] - Routing loop from P3 to P7: P3-P1-P3
2023-04-10 12:04:06,583 - INFO - [Connect-newyorkie] - Received cell: <class 'torpy.cells.CellRelay'>
2023-04-10 12:04:06,584 - INFO - [Connect-newyorkie] - Stream opened successfully
2023-04-10 12:04:06,584 - INFO - [Connect-newyorkie] - Sending HELLO to peer: b'\x80\x04\x95&\x00\x00\x00\x00\x00\x00\x00]\x94}\x94(\x8c\x07Message\x94\x8c\x05HELLO\x94\x8c\x04Peer\x94\x8c\x02P3\x94ua.'
2023-04-10 12:04:06,741 - WARNING - [RECEIVER] - Routing loop from P3 to P8: P3-P1-P3
2023-04-10 12:04:07,033 - INFO - [RECEIVER] - Added neighbour P4
2023-04-10 12:04:08,180 - WARNING - [RECEIVER] - Routing loop from P1 to P6: P1-P3-P4-P3
2023-04-10 12:04:10,734 - WARNING - [RECEIVER] - TTL reached from path to P6 from P2
2023-04-10 12:04:15,099 - WARNING - [RECEIVER] - Routing loop from P2 to P7: P2-P4-P3-P1-P3
2023-04-10 12:04:15,099 - WARNING - [RECEIVER] - TTL reached from path to P7 from P2
2023-04-10 12:04:17,378 - INFO - [RecvLoop_185.181] - On destroy: circuit #80000001
2023-04-10 12:04:17,378 - INFO - [RecvLoop_185.181] - Destroy circuit #80000001
2023-04-10 12:04:17,378 - INFO - [RecvLoop_185.181] - Stream #2: closing (state = Connected)...
2023-04-10 12:04:17,489 - INFO - [RecvLoop_185.181] - On destroy: circuit #80000005
2023-04-10 12:04:17,490 - INFO - [RecvLoop_185.181] - Destroy circuit #80000005
2023-04-10 12:04:17,490 - INFO - [RecvLoop_185.181] - Stream #5: closing (state = Connected)...
