1679433089.6639285;P3;{}
1679433092.6749878;P3;{}
1679433095.6819134;P3;[["P1", "P3", 100, "RMK"]]
1679433098.6902452;P3;[["P1", "P3", 100, "RMK"], ["P3", "P4", 100, "Vulnerar"]]
1679433101.6949556;P3;[["P1", "P3", 100, "RMK"], ["P3", "P4", 100, "Vulnerar"], ["P1", "P2", 100, "taipe"]]
1679433104.702994;P3;[["P1", "P3", 100, "RMK"], ["P3", "P4", 100, "Vulnerar"], ["P1", "P2", 100, "taipe"], ["P2", "P4", 100, "LupusreginaBeta"]]
1679433107.7118068;P3;[["P1", "P3", 100, "RMK"], ["P3", "P4", 100, "Vulnerar"], ["P1", "P2", 100, "taipe"], ["P2", "P4", 100, "LupusreginaBeta"]]
1679433110.7192044;P3;[["P1", "P3", 100, "RMK"], ["P3", "P4", 100, "Vulnerar"], ["P1", "P2", 100, "taipe"], ["P2", "P4", 100, "LupusreginaBeta"]]
1679433113.7263622;P3;[["P1", "P3", 100, "RMK"], ["P3", "P4", 100, "Vulnerar"], ["P1", "P2", 100, "taipe"], ["P2", "P4", 100, "LupusreginaBeta"]]
1679433116.7331703;P3;[["P1", "P3", 100, "RMK"], ["P3", "P4", 100, "Vulnerar"], ["P1", "P2", 100, "taipe"], ["P2", "P4", 100, "LupusreginaBeta"]]
1679433119.7411792;P3;[["P1", "P3", 100, "RMK"], ["P3", "P4", 100, "Vulnerar"], ["P1", "P2", 100, "taipe"], ["P2", "P4", 100, "LupusreginaBeta"]]
1679433122.7493649;P3;[["P1", "P3", 100, "RMK"], ["P3", "P4", 100, "Vulnerar"], ["P1", "P2", 100, "taipe"], ["P2", "P4", 100, "LupusreginaBeta"]]
1679433125.7574375;P3;[["P1", "P3", 100, "RMK"], ["P3", "P4", 100, "Vulnerar"], ["P1", "P2", 100, "taipe"], ["P2", "P4", 100, "LupusreginaBeta"]]
1679433128.7658098;P3;[["P1", "P3", 100, "RMK"], ["P3", "P4", 100, "Vulnerar"], ["P1", "P2", 100, "taipe"], ["P2", "P4", 100, "LupusreginaBeta"]]
1679433131.7756536;P3;[["P1", "P3", 100, "RMK"], ["P3", "P4", 100, "Vulnerar"], ["P1", "P2", 100, "taipe"], ["P2", "P4", 100, "LupusreginaBeta"]]
1679433134.7835498;P3;[["P1", "P3", 100, "RMK"], ["P3", "P4", 100, "Vulnerar"], ["P1", "P2", 100, "taipe"], ["P2", "P4", 100, "LupusreginaBeta"]]
1679433137.7942567;P3;[["P1", "P3", 100, "RMK"], ["P3", "P4", 100, "Vulnerar"], ["P1", "P2", 100, "taipe"], ["P2", "P4", 100, "LupusreginaBeta"]]
1679433140.8032205;P3;[["P1", "P3", 100, "RMK"], ["P3", "P4", 100, "Vulnerar"], ["P1", "P2", 100, "taipe"], ["P2", "P4", 100, "LupusreginaBeta"]]
1679433143.810857;P3;[["P1", "P3", 100, "RMK"], ["P3", "P4", 100, "Vulnerar"], ["P1", "P2", 100, "taipe"], ["P2", "P4", 100, "LupusreginaBeta"]]
1679433146.8195524;P3;[["P1", "P2", 345, "taipe"], ["P1", "P3", 100, "RMK"], ["P2", "P4", 100, "LupusreginaBeta"], ["P3", "P4", 100, "Vulnerar"]]
1679433149.829507;P3;[["P1", "P2", 345, "taipe"], ["P1", "P3", 100, "RMK"], ["P2", "P4", 322, "LupusreginaBeta"], ["P3", "P4", 100, "Vulnerar"]]
1679433152.837448;P3;[["P1", "P2", 345, "taipe"], ["P1", "P3", 100, "RMK"], ["P2", "P4", 322, "LupusreginaBeta"], ["P3", "P4", 100, "Vulnerar"]]
1679433155.843769;P3;[["P1", "P2", 345, "taipe"], ["P1", "P3", 100, "RMK"], ["P2", "P4", 322, "LupusreginaBeta"], ["P3", "P4", 468, "Vulnerar"]]
1679433158.8504136;P3;[["P1", "P2", 345, "taipe"], ["P1", "P3", 100, "RMK"], ["P2", "P4", 322, "LupusreginaBeta"], ["P3", "P4", 468, "Vulnerar"]]
1679433161.859639;P3;[["P1", "P2", 345, "taipe"], ["P1", "P3", 549, "RMK"], ["P2", "P4", 322, "LupusreginaBeta"], ["P3", "P4", 468, "Vulnerar"]]
1679433164.866389;P3;[["P1", "P2", 345, "taipe"], ["P1", "P3", 549, "RMK"], ["P2", "P4", 322, "LupusreginaBeta"], ["P3", "P4", 468, "Vulnerar"]]
1679433167.874877;P3;[["P1", "P2", 345, "taipe"], ["P1", "P3", 549, "RMK"], ["P2", "P4", 322, "LupusreginaBeta"], ["P3", "P4", 468, "Vulnerar"]]
1679433170.8814003;P3;[["P1", "P2", 345, "taipe"], ["P1", "P3", 549, "RMK"], ["P2", "P4", 322, "LupusreginaBeta"], ["P3", "P4", 468, "Vulnerar"]]
1679433173.8870025;P3;[["P1", "P2", 345, "taipe"], ["P1", "P3", 549, "RMK"], ["P2", "P4", 322, "LupusreginaBeta"], ["P3", "P4", 468, "Vulnerar"]]
1679433176.8957765;P3;[["P1", "P2", 345, "taipe"], ["P1", "P3", 549, "RMK"], ["P2", "P4", 322, "LupusreginaBeta"], ["P3", "P4", 468, "Vulnerar"]]
1679433179.9031112;P3;[["P1", "P2", 345, "taipe"], ["P1", "P3", 549, "RMK"], ["P2", "P4", 322, "LupusreginaBeta"], ["P3", "P4", 468, "Vulnerar"]]
1679433182.9092283;P3;[["P1", "P2", 345, "taipe"], ["P1", "P3", 549, "RMK"], ["P2", "P4", 322, "LupusreginaBeta"], ["P3", "P4", 468, "Vulnerar"]]
1679433185.9172347;P3;[["P1", "P2", 345, "taipe"], ["P1", "P3", 549, "RMK"], ["P2", "P4", 322, "LupusreginaBeta"], ["P3", "P4", 468, "Vulnerar"]]
1679433188.9248447;P3;[["P1", "P2", 345, "taipe"], ["P1", "P3", 549, "RMK"], ["P2", "P4", 322, "LupusreginaBeta"], ["P3", "P4", 468, "Vulnerar"]]
1679433191.9321668;P3;[["P1", "P2", 632, "taipe"], ["P1", "P3", 549, "RMK"], ["P2", "P4", 322, "LupusreginaBeta"], ["P3", "P4", 468, "Vulnerar"]]
1679433194.9400144;P3;[["P1", "P2", 632, "taipe"], ["P1", "P3", 549, "RMK"], ["P2", "P4", 322, "LupusreginaBeta"], ["P3", "P4", 468, "Vulnerar"]]
1679433197.948447;P3;[["P1", "P2", 632, "taipe"], ["P1", "P3", 549, "RMK"], ["P2", "P4", 322, "LupusreginaBeta"], ["P3", "P4", 468, "Vulnerar"]]
1679433200.955795;P3;[["P1", "P2", 632, "taipe"], ["P1", "P3", 549, "RMK"], ["P2", "P4", 322, "LupusreginaBeta"], ["P3", "P4", 757, "Vulnerar"]]
1679433203.9627297;P3;[["P1", "P2", 632, "taipe"], ["P1", "P3", 549, "RMK"], ["P2", "P4", 322, "LupusreginaBeta"], ["P3", "P4", 757, "Vulnerar"]]
1679433206.970855;P3;[["P1", "P2", 632, "taipe"], ["P1", "P3", 752, "RMK"], ["P2", "P4", 322, "LupusreginaBeta"], ["P3", "P4", 757, "Vulnerar"]]
1679433209.977333;P3;[["P1", "P2", 632, "taipe"], ["P1", "P3", 752, "RMK"], ["P2", "P4", 160, "LupusreginaBeta"], ["P3", "P4", 757, "Vulnerar"]]
1679433212.9855022;P3;[["P1", "P2", 632, "taipe"], ["P1", "P3", 752, "RMK"], ["P2", "P4", 160, "LupusreginaBeta"], ["P3", "P4", 757, "Vulnerar"]]
1679433215.993921;P3;[["P1", "P2", 632, "taipe"], ["P1", "P3", 752, "RMK"], ["P2", "P4", 160, "LupusreginaBeta"], ["P3", "P4", 757, "Vulnerar"]]
1679433218.9996598;P3;[["P1", "P2", 632, "taipe"], ["P1", "P3", 752, "RMK"], ["P2", "P4", 160, "LupusreginaBeta"], ["P3", "P4", 757, "Vulnerar"]]
1679433222.0087655;P3;[["P1", "P2", 632, "taipe"], ["P1", "P3", 752, "RMK"], ["P2", "P4", 160, "LupusreginaBeta"], ["P3", "P4", 757, "Vulnerar"]]
1679433225.0172007;P3;[["P1", "P2", 632, "taipe"], ["P1", "P3", 752, "RMK"], ["P2", "P4", 160, "LupusreginaBeta"], ["P3", "P4", 757, "Vulnerar"]]
1679433228.025315;P3;[["P1", "P2", 632, "taipe"], ["P1", "P3", 752, "RMK"], ["P2", "P4", 160, "LupusreginaBeta"], ["P3", "P4", 757, "Vulnerar"]]
1679433231.0334327;P3;[["P1", "P2", 632, "taipe"], ["P1", "P3", 752, "RMK"], ["P2", "P4", 160, "LupusreginaBeta"], ["P3", "P4", 757, "Vulnerar"]]
1679433234.041576;P3;[["P1", "P2", 632, "taipe"], ["P1", "P3", 752, "RMK"], ["P2", "P4", 160, "LupusreginaBeta"], ["P3", "P4", 757, "Vulnerar"]]
1679433237.0496469;P3;[["P1", "P2", 632, "taipe"], ["P1", "P3", 752, "RMK"], ["P2", "P4", 160, "LupusreginaBeta"], ["P3", "P4", 757, "Vulnerar"]]
1679433240.0556495;P3;[["P1", "P2", 632, "taipe"], ["P1", "P3", 752, "RMK"], ["P2", "P4", 160, "LupusreginaBeta"], ["P3", "P4", 757, "Vulnerar"]]
1679433243.0632596;P3;[["P1", "P2", 632, "taipe"], ["P1", "P3", 752, "RMK"], ["P2", "P4", 160, "LupusreginaBeta"], ["P3", "P4", 757, "Vulnerar"]]
1679433246.071527;P3;[["P1", "P2", 632, "taipe"], ["P1", "P3", 752, "RMK"], ["P2", "P4", 160, "LupusreginaBeta"], ["P3", "P4", 757, "Vulnerar"]]
1679433249.07921;P3;[["P1", "P2", 632, "taipe"], ["P1", "P3", 752, "RMK"], ["P2", "P4", 160, "LupusreginaBeta"], ["P3", "P4", 757, "Vulnerar"]]
1679433252.0870461;P3;[["P1", "P2", 621, "taipe"], ["P1", "P3", 621, "RMK"], ["P2", "P4", 160, "LupusreginaBeta"], ["P3", "P4", 757, "Vulnerar"]]
1679433255.0940726;P3;[["P1", "P2", 621, "taipe"], ["P1", "P3", 621, "RMK"], ["P2", "P4", 152, "LupusreginaBeta"], ["P3", "P4", 757, "Vulnerar"]]
1679433258.1029186;P3;[["P1", "P2", 621, "taipe"], ["P1", "P3", 621, "RMK"], ["P2", "P4", 152, "LupusreginaBeta"], ["P3", "P4", 757, "Vulnerar"]]
1679433261.1107454;P3;[["P1", "P2", 621, "taipe"], ["P1", "P3", 621, "RMK"], ["P2", "P4", 152, "LupusreginaBeta"], ["P3", "P4", 472, "Vulnerar"]]
1679433264.119357;P3;[["P1", "P2", 621, "taipe"], ["P1", "P3", 621, "RMK"], ["P2", "P4", 152, "LupusreginaBeta"], ["P3", "P4", 472, "Vulnerar"]]
1679433267.1265855;P3;[["P1", "P2", 621, "taipe"], ["P1", "P3", 621, "RMK"], ["P2", "P4", 152, "LupusreginaBeta"], ["P3", "P4", 472, "Vulnerar"]]
1679433270.1365285;P3;[["P1", "P2", 621, "taipe"], ["P1", "P3", 621, "RMK"], ["P2", "P4", 152, "LupusreginaBeta"], ["P3", "P4", 472, "Vulnerar"]]
1679433273.1449614;P3;[["P1", "P2", 621, "taipe"], ["P1", "P3", 621, "RMK"], ["P2", "P4", 152, "LupusreginaBeta"], ["P3", "P4", 472, "Vulnerar"]]
1679433276.1529691;P3;[["P1", "P2", 621, "taipe"], ["P1", "P3", 621, "RMK"], ["P2", "P4", 152, "LupusreginaBeta"], ["P3", "P4", 472, "Vulnerar"]]
1679433279.160367;P3;[["P1", "P2", 621, "taipe"], ["P1", "P3", 621, "RMK"], ["P2", "P4", 152, "LupusreginaBeta"], ["P3", "P4", 472, "Vulnerar"]]
1679433282.1702037;P3;[["P1", "P2", 621, "taipe"], ["P1", "P3", 621, "RMK"], ["P2", "P4", 152, "LupusreginaBeta"], ["P3", "P4", 472, "Vulnerar"]]
1679433285.1777813;P3;[["P1", "P2", 621, "taipe"], ["P1", "P3", 621, "RMK"], ["P2", "P4", 152, "LupusreginaBeta"], ["P3", "P4", 472, "Vulnerar"]]
1679433288.1872191;P3;[["P1", "P2", 621, "taipe"], ["P1", "P3", 621, "RMK"], ["P2", "P4", 152, "LupusreginaBeta"], ["P3", "P4", 472, "Vulnerar"]]
1679433291.1955943;P3;[["P1", "P2", 621, "taipe"], ["P1", "P3", 621, "RMK"], ["P2", "P4", 152, "LupusreginaBeta"], ["P3", "P4", 472, "Vulnerar"]]
1679433294.2045534;P3;[["P1", "P2", 621, "taipe"], ["P1", "P3", 621, "RMK"], ["P2", "P4", 152, "LupusreginaBeta"], ["P3", "P4", 472, "Vulnerar"]]
1679433297.2128444;P3;[["P1", "P2", 566, "taipe"], ["P1", "P3", 621, "RMK"], ["P2", "P4", 152, "LupusreginaBeta"], ["P3", "P4", 472, "Vulnerar"]]
1679433300.2212858;P3;[["P1", "P2", 566, "taipe"], ["P1", "P3", 621, "RMK"], ["P2", "P4", 257, "LupusreginaBeta"], ["P3", "P4", 472, "Vulnerar"]]
1679433303.2299345;P3;[["P1", "P2", 566, "taipe"], ["P1", "P3", 621, "RMK"], ["P2", "P4", 257, "LupusreginaBeta"], ["P3", "P4", 472, "Vulnerar"]]
1679433306.239601;P3;[["P1", "P2", 566, "taipe"], ["P1", "P3", 621, "RMK"], ["P2", "P4", 257, "LupusreginaBeta"], ["P3", "P4", 784, "Vulnerar"]]
1679433309.2475078;P3;[["P1", "P2", 566, "taipe"], ["P1", "P3", 621, "RMK"], ["P2", "P4", 257, "LupusreginaBeta"], ["P3", "P4", 784, "Vulnerar"]]
1679433312.2560165;P3;[["P1", "P2", 566, "taipe"], ["P1", "P3", 746, "RMK"], ["P2", "P4", 257, "LupusreginaBeta"], ["P3", "P4", 784, "Vulnerar"]]
1679433315.2641969;P3;[["P1", "P2", 566, "taipe"], ["P1", "P3", 746, "RMK"], ["P2", "P4", 257, "LupusreginaBeta"], ["P3", "P4", 784, "Vulnerar"]]
1679433318.2724233;P3;[["P1", "P2", 566, "taipe"], ["P1", "P3", 746, "RMK"], ["P2", "P4", 257, "LupusreginaBeta"], ["P3", "P4", 784, "Vulnerar"]]
1679433321.2800913;P3;[["P1", "P2", 566, "taipe"], ["P1", "P3", 746, "RMK"], ["P2", "P4", 257, "LupusreginaBeta"], ["P3", "P4", 784, "Vulnerar"]]
1679433324.288049;P3;[["P1", "P2", 566, "taipe"], ["P1", "P3", 746, "RMK"], ["P2", "P4", 257, "LupusreginaBeta"], ["P3", "P4", 784, "Vulnerar"]]
1679433327.2960265;P3;[["P1", "P2", 566, "taipe"], ["P1", "P3", 746, "RMK"], ["P2", "P4", 257, "LupusreginaBeta"], ["P3", "P4", 784, "Vulnerar"]]
1679433330.306071;P3;[["P1", "P2", 566, "taipe"], ["P1", "P3", 746, "RMK"], ["P2", "P4", 257, "LupusreginaBeta"], ["P3", "P4", 784, "Vulnerar"]]
1679433333.3157177;P3;[["P1", "P2", 566, "taipe"], ["P1", "P3", 746, "RMK"], ["P2", "P4", 257, "LupusreginaBeta"], ["P3", "P4", 784, "Vulnerar"]]
1679433336.3240979;P3;[["P1", "P2", 566, "taipe"], ["P1", "P3", 746, "RMK"], ["P2", "P4", 257, "LupusreginaBeta"], ["P3", "P4", 784, "Vulnerar"]]
1679433339.3334155;P3;[["P1", "P2", 566, "taipe"], ["P1", "P3", 746, "RMK"], ["P2", "P4", 257, "LupusreginaBeta"], ["P3", "P4", 784, "Vulnerar"]]
1679433342.3416548;P3;[["P1", "P2", 566, "taipe"], ["P1", "P3", 746, "RMK"], ["P2", "P4", 257, "LupusreginaBeta"], ["P3", "P4", 784, "Vulnerar"]]
1679433345.346762;P3;[["P1", "P2", 566, "taipe"], ["P1", "P3", 746, "RMK"], ["P2", "P4", 257, "LupusreginaBeta"], ["P3", "P4", 784, "Vulnerar"]]
1679433348.3501494;P3;[["P1", "P2", 566, "taipe"], ["P1", "P3", 746, "RMK"], ["P2", "P4", 257, "LupusreginaBeta"], ["P3", "P4", 784, "Vulnerar"]]
1679433351.3556669;P3;[["P1", "P2", 566, "taipe"], ["P1", "P3", 746, "RMK"], ["P2", "P4", 257, "LupusreginaBeta"], ["P3", "P4", 577, "Vulnerar"]]
1679433354.3635437;P3;[["P1", "P2", 566, "taipe"], ["P1", "P3", 746, "RMK"], ["P2", "P4", 257, "LupusreginaBeta"], ["P3", "P4", 577, "Vulnerar"]]
1679433357.3722785;P3;[["P1", "P2", 419, "taipe"], ["P1", "P3", 633, "RMK"], ["P2", "P4", 257, "LupusreginaBeta"], ["P3", "P4", 577, "Vulnerar"]]
1679433360.37679;P3;[["P1", "P2", 419, "taipe"], ["P1", "P3", 633, "RMK"], ["P2", "P4", 241, "LupusreginaBeta"], ["P3", "P4", 577, "Vulnerar"]]
1679433363.3836038;P3;[["P1", "P2", 419, "taipe"], ["P1", "P3", 633, "RMK"], ["P2", "P4", 241, "LupusreginaBeta"], ["P3", "P4", 577, "Vulnerar"]]
1679433366.386761;P3;[["P1", "P2", 419, "taipe"], ["P1", "P3", 633, "RMK"], ["P2", "P4", 241, "LupusreginaBeta"], ["P3", "P4", 577, "Vulnerar"]]
1679433369.3899267;P3;[["P1", "P2", 419, "taipe"], ["P1", "P3", 633, "RMK"], ["P2", "P4", 241, "LupusreginaBeta"], ["P3", "P4", 577, "Vulnerar"]]
1679433372.3980896;P3;[["P1", "P2", 419, "taipe"], ["P1", "P3", 633, "RMK"], ["P2", "P4", 241, "LupusreginaBeta"], ["P3", "P4", 577, "Vulnerar"]]
1679433375.406416;P3;[["P1", "P2", 419, "taipe"], ["P1", "P3", 633, "RMK"], ["P2", "P4", 241, "LupusreginaBeta"], ["P3", "P4", 577, "Vulnerar"]]
1679433378.4125412;P3;[["P1", "P2", 419, "taipe"], ["P1", "P3", 633, "RMK"], ["P2", "P4", 241, "LupusreginaBeta"], ["P3", "P4", 577, "Vulnerar"]]
1679433381.4208791;P3;[["P1", "P2", 419, "taipe"], ["P1", "P3", 633, "RMK"], ["P2", "P4", 241, "LupusreginaBeta"], ["P3", "P4", 577, "Vulnerar"]]
1679433384.426167;P3;[["P1", "P2", 419, "taipe"], ["P1", "P3", 633, "RMK"], ["P2", "P4", 241, "LupusreginaBeta"], ["P3", "P4", 577, "Vulnerar"]]
1679433387.5462837;P3;[["P1", "P2", 419, "taipe"], ["P1", "P3", 633, "RMK"], ["P2", "P4", 241, "LupusreginaBeta"], ["P3", "P4", 577, "Vulnerar"]]
1679433390.554385;P3;[["P1", "P2", 419, "taipe"], ["P1", "P3", 633, "RMK"], ["P2", "P4", 241, "LupusreginaBeta"], ["P3", "P4", 577, "Vulnerar"]]
1679433393.5577626;P3;[["P1", "P2", 419, "taipe"], ["P1", "P3", 633, "RMK"], ["P2", "P4", 241, "LupusreginaBeta"], ["P3", "P4", 577, "Vulnerar"]]
1679433396.564216;P3;[["P1", "P2", 419, "taipe"], ["P1", "P3", 633, "RMK"], ["P2", "P4", 241, "LupusreginaBeta"], ["P3", "P4", 577, "Vulnerar"]]
1679433399.5692835;P3;[["P1", "P2", 419, "taipe"], ["P1", "P3", 633, "RMK"], ["P2", "P4", 241, "LupusreginaBeta"], ["P3", "P4", 577, "Vulnerar"]]
1679433402.5739;P3;[["P1", "P2", 329, "taipe"], ["P1", "P3", 718, "RMK"], ["P2", "P4", 241, "LupusreginaBeta"], ["P3", "P4", 577, "Vulnerar"]]
1679433405.5776346;P3;[["P1", "P2", 329, "taipe"], ["P1", "P3", 718, "RMK"], ["P2", "P4", 148, "LupusreginaBeta"], ["P3", "P4", 577, "Vulnerar"]]
1679433408.5871296;P3;[["P1", "P2", 329, "taipe"], ["P1", "P3", 718, "RMK"], ["P2", "P4", 148, "LupusreginaBeta"], ["P3", "P4", 577, "Vulnerar"]]
1679433411.6002507;P3;[["P1", "P2", 329, "taipe"], ["P1", "P3", 718, "RMK"], ["P2", "P4", 148, "LupusreginaBeta"], ["P3", "P4", 551, "Vulnerar"]]
1679433414.6093695;P3;[["P1", "P2", 329, "taipe"], ["P1", "P3", 718, "RMK"], ["P2", "P4", 148, "LupusreginaBeta"], ["P3", "P4", 551, "Vulnerar"]]
1679433417.623932;P3;[["P1", "P2", 329, "taipe"], ["P1", "P3", 718, "RMK"], ["P2", "P4", 148, "LupusreginaBeta"], ["P3", "P4", 551, "Vulnerar"]]
1679433420.6321583;P3;[["P1", "P2", 329, "taipe"], ["P1", "P3", 718, "RMK"], ["P2", "P4", 148, "LupusreginaBeta"], ["P3", "P4", 551, "Vulnerar"]]
1679433423.6427767;P3;[["P1", "P2", 329, "taipe"], ["P1", "P3", 718, "RMK"], ["P2", "P4", 148, "LupusreginaBeta"], ["P3", "P4", 551, "Vulnerar"]]
1679433426.6507638;P3;[["P1", "P2", 329, "taipe"], ["P1", "P3", 718, "RMK"], ["P2", "P4", 148, "LupusreginaBeta"], ["P3", "P4", 551, "Vulnerar"]]
1679433429.660562;P3;[["P1", "P2", 329, "taipe"], ["P1", "P3", 718, "RMK"], ["P2", "P4", 148, "LupusreginaBeta"], ["P3", "P4", 551, "Vulnerar"]]
1679433432.6690903;P3;[["P1", "P2", 329, "taipe"], ["P1", "P3", 718, "RMK"], ["P2", "P4", 148, "LupusreginaBeta"], ["P3", "P4", 551, "Vulnerar"]]
1679433435.6775246;P3;[["P1", "P2", 329, "taipe"], ["P1", "P3", 718, "RMK"], ["P2", "P4", 148, "LupusreginaBeta"], ["P3", "P4", 551, "Vulnerar"]]
1679433438.6835394;P3;[["P1", "P2", 329, "taipe"], ["P1", "P3", 718, "RMK"], ["P2", "P4", 148, "LupusreginaBeta"], ["P3", "P4", 551, "Vulnerar"]]
1679433441.6921363;P3;[["P1", "P2", 329, "taipe"], ["P1", "P3", 718, "RMK"], ["P2", "P4", 148, "LupusreginaBeta"], ["P3", "P4", 551, "Vulnerar"]]
1679433444.704574;P3;[["P1", "P2", 329, "taipe"], ["P1", "P3", 718, "RMK"], ["P2", "P4", 148, "LupusreginaBeta"], ["P3", "P4", 551, "Vulnerar"]]
1679433447.7113497;P3;[["P1", "P2", 329, "taipe"], ["P1", "P3", 718, "RMK"], ["P2", "P4", 148, "LupusreginaBeta"], ["P3", "P4", 551, "Vulnerar"]]
1679433450.725421;P3;[["P1", "P2", 329, "taipe"], ["P1", "P3", 718, "RMK"], ["P2", "P4", 253, "LupusreginaBeta"], ["P3", "P4", 551, "Vulnerar"]]
1679433453.7313955;P3;[["P1", "P2", 329, "taipe"], ["P1", "P3", 718, "RMK"], ["P2", "P4", 253, "LupusreginaBeta"], ["P3", "P4", 551, "Vulnerar"]]
1679433456.7580247;P3;[["P1", "P2", 329, "taipe"], ["P1", "P3", 718, "RMK"], ["P2", "P4", 253, "LupusreginaBeta"], ["P3", "P4", 501, "Vulnerar"]]
1679433459.8430908;P3;[["P1", "P2", 329, "taipe"], ["P1", "P3", 718, "RMK"], ["P2", "P4", 253, "LupusreginaBeta"], ["P3", "P4", 501, "Vulnerar"]]
1679433462.8507848;P3;[["P1", "P3", 100, "Quetzalcoatl"], ["P3", "P4", 212, "Vulnerar"]]
1679433465.8887212;P3;[["P1", "P3", 100, "Quetzalcoatl"], ["P3", "P4", 100, "applepie"]]
1679433468.9682946;P3;[["P1", "P3", 100, "Quetzalcoatl"], ["P3", "P4", 100, "applepie"]]
1679433471.992801;P3;[["P1", "P2", 100, "psychopomp9"], ["P1", "P3", 469, "RMK"], ["P2", "P4", 100, "artikel10ber41"], ["P3", "P4", 100, "applepie"]]
1679433475.000119;P3;[["P1", "P2", 100, "psychopomp9"], ["P1", "P3", 469, "RMK"], ["P2", "P4", 100, "artikel10ber41"], ["P3", "P4", 100, "applepie"]]
1679433478.0137606;P3;[["P1", "P2", 100, "psychopomp9"], ["P1", "P3", 100, "Quetzalcoatl"], ["P2", "P4", 100, "artikel10ber41"], ["P3", "P4", 100, "applepie"]]
1679433481.08573;P3;[["P1", "P2", 100, "psychopomp9"], ["P1", "P3", 100, "Quetzalcoatl"], ["P2", "P4", 100, "artikel10ber41"], ["P3", "P4", 100, "applepie"]]
1679433484.0945997;P3;[["P1", "P2", 100, "psychopomp9"], ["P1", "P3", 100, "Quetzalcoatl"], ["P2", "P4", 100, "artikel10ber41"], ["P3", "P4", 100, "applepie"]]
1679433487.1247776;P3;[["P1", "P2", 100, "psychopomp9"], ["P1", "P3", 100, "Quetzalcoatl"], ["P2", "P4", 100, "artikel10ber41"], ["P3", "P4", 100, "applepie"]]
1679433490.195985;P3;[["P1", "P2", 100, "psychopomp9"], ["P1", "P3", 100, "Quetzalcoatl"], ["P2", "P4", 100, "artikel10ber41"], ["P3", "P4", 100, "applepie"]]
1679433493.2062485;P3;[["P1", "P2", 100, "psychopomp9"], ["P1", "P3", 100, "Quetzalcoatl"], ["P2", "P4", 100, "artikel10ber41"], ["P3", "P4", 100, "applepie"]]
1679433496.7263713;P3;[["P1", "P2", 100, "psychopomp9"], ["P1", "P3", 100, "Quetzalcoatl"], ["P2", "P4", 100, "artikel10ber41"], ["P3", "P4", 100, "applepie"]]
1679433499.732751;P3;[["P1", "P2", 100, "psychopomp9"], ["P1", "P3", 100, "Quetzalcoatl"], ["P2", "P4", 100, "artikel10ber41"], ["P3", "P4", 100, "applepie"]]
1679433502.7465746;P3;[["P1", "P2", 100, "psychopomp9"], ["P1", "P3", 100, "Quetzalcoatl"], ["P2", "P4", 100, "artikel10ber41"], ["P3", "P4", 100, "applepie"]]
1679433505.7556577;P3;[["P1", "P2", 100, "psychopomp9"], ["P1", "P3", 100, "Quetzalcoatl"], ["P2", "P4", 100, "artikel10ber41"], ["P3", "P4", 100, "applepie"]]
1679433508.7644649;P3;[["P1", "P2", 100, "psychopomp9"], ["P1", "P3", 100, "Quetzalcoatl"], ["P2", "P4", 100, "artikel10ber41"], ["P3", "P4", 100, "applepie"]]
1679433511.7713337;P3;[["P1", "P2", 100, "psychopomp9"], ["P1", "P3", 100, "Quetzalcoatl"], ["P2", "P4", 100, "artikel10ber41"], ["P3", "P4", 100, "applepie"]]
1679433514.7801135;P3;[["P1", "P2", 100, "psychopomp9"], ["P1", "P3", 100, "Quetzalcoatl"], ["P2", "P4", 100, "artikel10ber41"], ["P3", "P4", 100, "applepie"]]
1679433517.805705;P3;[["P1", "P2", 100, "psychopomp9"], ["P1", "P3", 100, "Quetzalcoatl"], ["P2", "P4", 100, "artikel10ber41"], ["P3", "P4", 100, "applepie"]]
1679433520.814786;P3;[["P1", "P2", 100, "psychopomp9"], ["P1", "P3", 100, "Quetzalcoatl"], ["P2", "P4", 100, "artikel10ber41"], ["P3", "P4", 100, "applepie"]]
1679433523.891885;P3;[["P1", "P2", 620, "psychopomp9"], ["P1", "P3", 328, "Quetzalcoatl"], ["P2", "P4", 100, "artikel10ber41"], ["P3", "P4", 100, "applepie"]]
1679433526.8962557;P3;[["P1", "P2", 620, "psychopomp9"], ["P1", "P3", 328, "Quetzalcoatl"], ["P2", "P4", 610, "artikel10ber41"], ["P3", "P4", 100, "applepie"]]
1679433529.9135313;P3;[["P1", "P2", 620, "psychopomp9"], ["P1", "P3", 328, "Quetzalcoatl"], ["P2", "P4", 610, "artikel10ber41"], ["P3", "P4", 100, "applepie"]]
1679433532.9339845;P3;[["P1", "P2", 620, "psychopomp9"], ["P1", "P3", 328, "Quetzalcoatl"], ["P2", "P4", 610, "artikel10ber41"], ["P3", "P4", 687, "applepie"]]
1679433535.9418404;P3;[["P1", "P2", 620, "psychopomp9"], ["P1", "P3", 328, "Quetzalcoatl"], ["P2", "P4", 610, "artikel10ber41"], ["P3", "P4", 687, "applepie"]]
1679433539.0132754;P3;[["P1", "P2", 620, "psychopomp9"], ["P1", "P3", 328, "Quetzalcoatl"], ["P2", "P4", 610, "artikel10ber41"], ["P3", "P4", 687, "applepie"]]
1679433542.0258846;P3;[["P1", "P2", 620, "psychopomp9"], ["P1", "P3", 328, "Quetzalcoatl"], ["P2", "P4", 610, "artikel10ber41"], ["P3", "P4", 687, "applepie"]]
1679433545.0324154;P3;[["P1", "P2", 620, "psychopomp9"], ["P1", "P3", 328, "Quetzalcoatl"], ["P2", "P4", 610, "artikel10ber41"], ["P3", "P4", 687, "applepie"]]
1679433548.0395138;P3;[["P1", "P2", 620, "psychopomp9"], ["P1", "P3", 328, "Quetzalcoatl"], ["P2", "P4", 610, "artikel10ber41"], ["P3", "P4", 687, "applepie"]]
1679433551.0475547;P3;[["P1", "P2", 620, "psychopomp9"], ["P1", "P3", 328, "Quetzalcoatl"], ["P2", "P4", 610, "artikel10ber41"], ["P3", "P4", 687, "applepie"]]
1679433554.0560565;P3;[["P1", "P2", 620, "psychopomp9"], ["P1", "P3", 328, "Quetzalcoatl"], ["P2", "P4", 610, "artikel10ber41"], ["P3", "P4", 687, "applepie"]]
1679433557.0697627;P3;[["P1", "P2", 620, "psychopomp9"], ["P1", "P3", 328, "Quetzalcoatl"], ["P2", "P4", 610, "artikel10ber41"], ["P3", "P4", 687, "applepie"]]
1679433560.077818;P3;[["P1", "P2", 620, "psychopomp9"], ["P1", "P3", 328, "Quetzalcoatl"], ["P2", "P4", 610, "artikel10ber41"], ["P3", "P4", 687, "applepie"]]
1679433563.0865738;P3;[["P1", "P2", 620, "psychopomp9"], ["P1", "P3", 328, "Quetzalcoatl"], ["P2", "P4", 610, "artikel10ber41"], ["P3", "P4", 687, "applepie"]]
1679433566.0923517;P3;[["P1", "P2", 620, "psychopomp9"], ["P1", "P3", 328, "Quetzalcoatl"], ["P2", "P4", 610, "artikel10ber41"], ["P3", "P4", 687, "applepie"]]
1679433569.109586;P3;[["P1", "P2", 987, "psychopomp9"], ["P1", "P3", 328, "Quetzalcoatl"], ["P2", "P4", 610, "artikel10ber41"], ["P3", "P4", 687, "applepie"]]
1679433572.117816;P3;[["P1", "P2", 987, "psychopomp9"], ["P1", "P3", 328, "Quetzalcoatl"], ["P2", "P4", 238, "artikel10ber41"], ["P3", "P4", 687, "applepie"]]
1679433575.1382241;P3;[["P1", "P2", 987, "psychopomp9"], ["P1", "P3", 328, "Quetzalcoatl"], ["P2", "P4", 238, "artikel10ber41"], ["P3", "P4", 687, "applepie"]]
1679433578.1454418;P3;[["P1", "P2", 987, "psychopomp9"], ["P1", "P3", 328, "Quetzalcoatl"], ["P2", "P4", 238, "artikel10ber41"], ["P3", "P4", 760, "applepie"]]
1679433581.1529171;P3;[["P1", "P2", 987, "psychopomp9"], ["P1", "P3", 328, "Quetzalcoatl"], ["P2", "P4", 238, "artikel10ber41"], ["P3", "P4", 760, "applepie"]]
1679433584.1673641;P3;[["P1", "P2", 987, "psychopomp9"], ["P1", "P3", 383, "Quetzalcoatl"], ["P2", "P4", 238, "artikel10ber41"], ["P3", "P4", 760, "applepie"]]
1679433587.1730962;P3;[["P1", "P2", 987, "psychopomp9"], ["P1", "P3", 383, "Quetzalcoatl"], ["P2", "P4", 238, "artikel10ber41"], ["P3", "P4", 760, "applepie"]]
1679433590.1819177;P3;[["P1", "P2", 987, "psychopomp9"], ["P1", "P3", 383, "Quetzalcoatl"], ["P2", "P4", 238, "artikel10ber41"], ["P3", "P4", 760, "applepie"]]
1679433593.188368;P3;[["P1", "P2", 987, "psychopomp9"], ["P1", "P3", 383, "Quetzalcoatl"], ["P2", "P4", 238, "artikel10ber41"], ["P3", "P4", 760, "applepie"]]
1679433596.1924047;P3;[["P1", "P2", 987, "psychopomp9"], ["P1", "P3", 383, "Quetzalcoatl"], ["P2", "P4", 238, "artikel10ber41"], ["P3", "P4", 760, "applepie"]]
1679433599.1999993;P3;[["P1", "P2", 987, "psychopomp9"], ["P1", "P3", 383, "Quetzalcoatl"], ["P2", "P4", 238, "artikel10ber41"], ["P3", "P4", 760, "applepie"]]
1679433602.2091591;P3;[["P1", "P2", 987, "psychopomp9"], ["P1", "P3", 383, "Quetzalcoatl"], ["P2", "P4", 238, "artikel10ber41"], ["P3", "P4", 760, "applepie"]]
1679433605.217519;P3;[["P1", "P2", 987, "psychopomp9"], ["P1", "P3", 383, "Quetzalcoatl"], ["P2", "P4", 238, "artikel10ber41"], ["P3", "P4", 760, "applepie"]]
1679433608.2241716;P3;[["P1", "P2", 987, "psychopomp9"], ["P1", "P3", 383, "Quetzalcoatl"], ["P2", "P4", 238, "artikel10ber41"], ["P3", "P4", 760, "applepie"]]
1679433611.2472947;P3;[["P1", "P2", 987, "psychopomp9"], ["P1", "P3", 383, "Quetzalcoatl"], ["P2", "P4", 238, "artikel10ber41"], ["P3", "P4", 760, "applepie"]]
1679433614.2519205;P3;[["P1", "P2", 602, "psychopomp9"], ["P1", "P3", 383, "Quetzalcoatl"], ["P2", "P4", 238, "artikel10ber41"], ["P3", "P4", 760, "applepie"]]
1679433617.2716267;P3;[["P1", "P2", 602, "psychopomp9"], ["P1", "P3", 383, "Quetzalcoatl"], ["P2", "P4", 182, "artikel10ber41"], ["P3", "P4", 760, "applepie"]]
1679433620.2861786;P3;[["P1", "P2", 602, "psychopomp9"], ["P1", "P3", 383, "Quetzalcoatl"], ["P2", "P4", 182, "artikel10ber41"], ["P3", "P4", 760, "applepie"]]
1679433623.296112;P3;[["P1", "P2", 602, "psychopomp9"], ["P1", "P3", 383, "Quetzalcoatl"], ["P2", "P4", 182, "artikel10ber41"], ["P3", "P4", 752, "applepie"]]
1679433626.307718;P3;[["P1", "P2", 602, "psychopomp9"], ["P1", "P3", 383, "Quetzalcoatl"], ["P2", "P4", 182, "artikel10ber41"], ["P3", "P4", 752, "applepie"]]
1679433629.3143988;P3;[["P1", "P2", 602, "psychopomp9"], ["P1", "P3", 740, "Quetzalcoatl"], ["P2", "P4", 182, "artikel10ber41"], ["P3", "P4", 752, "applepie"]]
1679433632.3263998;P3;[["P1", "P2", 602, "psychopomp9"], ["P1", "P3", 740, "Quetzalcoatl"], ["P2", "P4", 182, "artikel10ber41"], ["P3", "P4", 752, "applepie"]]
1679433635.333727;P3;[["P1", "P2", 602, "psychopomp9"], ["P1", "P3", 740, "Quetzalcoatl"], ["P2", "P4", 182, "artikel10ber41"], ["P3", "P4", 752, "applepie"]]
1679433638.338615;P3;[["P1", "P2", 602, "psychopomp9"], ["P1", "P3", 740, "Quetzalcoatl"], ["P2", "P4", 182, "artikel10ber41"], ["P3", "P4", 752, "applepie"]]
1679433641.349501;P3;[["P1", "P2", 602, "psychopomp9"], ["P1", "P3", 740, "Quetzalcoatl"], ["P2", "P4", 182, "artikel10ber41"], ["P3", "P4", 752, "applepie"]]
1679433644.3595726;P3;[["P1", "P2", 602, "psychopomp9"], ["P1", "P3", 740, "Quetzalcoatl"], ["P2", "P4", 182, "artikel10ber41"], ["P3", "P4", 752, "applepie"]]
1679433647.3705828;P3;[["P1", "P2", 602, "psychopomp9"], ["P1", "P3", 740, "Quetzalcoatl"], ["P2", "P4", 182, "artikel10ber41"], ["P3", "P4", 752, "applepie"]]
1679433650.382461;P3;[["P1", "P2", 602, "psychopomp9"], ["P1", "P3", 740, "Quetzalcoatl"], ["P2", "P4", 182, "artikel10ber41"], ["P3", "P4", 752, "applepie"]]
1679433653.3884165;P3;[["P1", "P2", 602, "psychopomp9"], ["P1", "P3", 740, "Quetzalcoatl"], ["P2", "P4", 182, "artikel10ber41"], ["P3", "P4", 752, "applepie"]]
1679433656.3977804;P3;[["P1", "P2", 602, "psychopomp9"], ["P1", "P3", 740, "Quetzalcoatl"], ["P2", "P4", 182, "artikel10ber41"], ["P3", "P4", 752, "applepie"]]
1679433659.4065392;P3;[["P1", "P2", 602, "psychopomp9"], ["P1", "P3", 740, "Quetzalcoatl"], ["P2", "P4", 182, "artikel10ber41"], ["P3", "P4", 752, "applepie"]]
1679433662.4125645;P3;[["P1", "P2", 602, "psychopomp9"], ["P1", "P3", 740, "Quetzalcoatl"], ["P2", "P4", 182, "artikel10ber41"], ["P3", "P4", 752, "applepie"]]
1679433665.4176555;P3;[["P1", "P2", 602, "psychopomp9"], ["P1", "P3", 740, "Quetzalcoatl"], ["P2", "P4", 182, "artikel10ber41"], ["P3", "P4", 752, "applepie"]]
1679433668.430657;P3;[["P1", "P2", 602, "psychopomp9"], ["P1", "P3", 740, "Quetzalcoatl"], ["P2", "P4", 182, "artikel10ber41"], ["P3", "P4", 752, "applepie"]]
1679433671.440176;P3;[["P1", "P2", 602, "psychopomp9"], ["P1", "P3", 740, "Quetzalcoatl"], ["P2", "P4", 182, "artikel10ber41"], ["P3", "P4", 752, "applepie"]]
1679433674.4472857;P3;[["P1", "P2", 781, "psychopomp9"], ["P1", "P3", 664, "Quetzalcoatl"], ["P2", "P4", 182, "artikel10ber41"], ["P3", "P4", 752, "applepie"]]
1679433677.4547129;P3;[["P1", "P2", 781, "psychopomp9"], ["P1", "P3", 664, "Quetzalcoatl"], ["P2", "P4", 248, "artikel10ber41"], ["P3", "P4", 752, "applepie"]]
1679433680.4616644;P3;[["P1", "P2", 781, "psychopomp9"], ["P1", "P3", 664, "Quetzalcoatl"], ["P2", "P4", 248, "artikel10ber41"], ["P3", "P4", 752, "applepie"]]
1679433683.4698322;P3;[["P1", "P2", 781, "psychopomp9"], ["P1", "P3", 664, "Quetzalcoatl"], ["P2", "P4", 248, "artikel10ber41"], ["P3", "P4", 696, "applepie"]]
1679433686.4742966;P3;[["P1", "P2", 781, "psychopomp9"], ["P1", "P3", 664, "Quetzalcoatl"], ["P2", "P4", 248, "artikel10ber41"], ["P3", "P4", 696, "applepie"]]
1679433689.484828;P3;[["P1", "P2", 781, "psychopomp9"], ["P1", "P3", 664, "Quetzalcoatl"], ["P2", "P4", 248, "artikel10ber41"], ["P3", "P4", 696, "applepie"]]
1679433692.4941905;P3;[["P1", "P2", 781, "psychopomp9"], ["P1", "P3", 664, "Quetzalcoatl"], ["P2", "P4", 248, "artikel10ber41"], ["P3", "P4", 696, "applepie"]]
1679433695.50999;P3;[["P1", "P2", 781, "psychopomp9"], ["P1", "P3", 664, "Quetzalcoatl"], ["P2", "P4", 248, "artikel10ber41"], ["P3", "P4", 696, "applepie"]]
1679433698.51666;P3;[["P1", "P2", 781, "psychopomp9"], ["P1", "P3", 664, "Quetzalcoatl"], ["P2", "P4", 248, "artikel10ber41"], ["P3", "P4", 696, "applepie"]]
1679433701.5295403;P3;[["P1", "P2", 781, "psychopomp9"], ["P1", "P3", 664, "Quetzalcoatl"], ["P2", "P4", 248, "artikel10ber41"], ["P3", "P4", 696, "applepie"]]
1679433704.544113;P3;[["P1", "P2", 781, "psychopomp9"], ["P1", "P3", 664, "Quetzalcoatl"], ["P2", "P4", 248, "artikel10ber41"], ["P3", "P4", 696, "applepie"]]
1679433707.5523412;P3;[["P1", "P2", 781, "psychopomp9"], ["P1", "P3", 664, "Quetzalcoatl"], ["P2", "P4", 248, "artikel10ber41"], ["P3", "P4", 696, "applepie"]]
1679433710.5664246;P3;[["P1", "P2", 781, "psychopomp9"], ["P1", "P3", 664, "Quetzalcoatl"], ["P2", "P4", 248, "artikel10ber41"], ["P3", "P4", 696, "applepie"]]
1679433713.5899332;P3;[["P1", "P2", 781, "psychopomp9"], ["P1", "P3", 664, "Quetzalcoatl"], ["P2", "P4", 248, "artikel10ber41"], ["P3", "P4", 696, "applepie"]]
1679433716.613566;P3;[["P1", "P2", 781, "psychopomp9"], ["P1", "P3", 664, "Quetzalcoatl"], ["P2", "P4", 248, "artikel10ber41"], ["P3", "P4", 696, "applepie"]]
1679433719.6363153;P3;[["P1", "P2", 494, "psychopomp9"], ["P1", "P3", 664, "Quetzalcoatl"], ["P2", "P4", 248, "artikel10ber41"], ["P3", "P4", 696, "applepie"]]
1679433722.6648333;P3;[["P1", "P2", 494, "psychopomp9"], ["P1", "P3", 664, "Quetzalcoatl"], ["P2", "P4", 170, "artikel10ber41"], ["P3", "P4", 696, "applepie"]]
1679433725.6868162;P3;[["P1", "P2", 494, "psychopomp9"], ["P1", "P3", 664, "Quetzalcoatl"], ["P2", "P4", 170, "artikel10ber41"], ["P3", "P4", 696, "applepie"]]
1679433728.7079437;P3;[["P1", "P2", 494, "psychopomp9"], ["P1", "P3", 664, "Quetzalcoatl"], ["P2", "P4", 170, "artikel10ber41"], ["P3", "P4", 728, "applepie"]]
1679433731.7392533;P3;[["P1", "P2", 494, "psychopomp9"], ["P1", "P3", 648, "Quetzalcoatl"], ["P2", "P4", 170, "artikel10ber41"], ["P3", "P4", 728, "applepie"]]
1679433734.7738764;P3;[["P1", "P2", 494, "psychopomp9"], ["P1", "P3", 648, "Quetzalcoatl"], ["P2", "P4", 170, "artikel10ber41"], ["P3", "P4", 728, "applepie"]]
1679433737.79781;P3;[["P1", "P2", 494, "psychopomp9"], ["P1", "P3", 648, "Quetzalcoatl"], ["P2", "P4", 170, "artikel10ber41"], ["P3", "P4", 728, "applepie"]]
1679433740.819196;P3;[["P1", "P2", 494, "psychopomp9"], ["P1", "P3", 648, "Quetzalcoatl"], ["P2", "P4", 170, "artikel10ber41"], ["P3", "P4", 728, "applepie"]]
1679433743.8341088;P3;[["P1", "P2", 494, "psychopomp9"], ["P1", "P3", 648, "Quetzalcoatl"], ["P2", "P4", 170, "artikel10ber41"], ["P3", "P4", 728, "applepie"]]
1679433746.8556852;P3;[["P1", "P2", 494, "psychopomp9"], ["P1", "P3", 648, "Quetzalcoatl"], ["P2", "P4", 170, "artikel10ber41"], ["P3", "P4", 728, "applepie"]]
1679433749.8854508;P3;[["P1", "P2", 494, "psychopomp9"], ["P1", "P3", 648, "Quetzalcoatl"], ["P2", "P4", 170, "artikel10ber41"], ["P3", "P4", 728, "applepie"]]
1679433752.9154744;P3;[["P1", "P2", 494, "psychopomp9"], ["P1", "P3", 648, "Quetzalcoatl"], ["P2", "P4", 170, "artikel10ber41"], ["P3", "P4", 728, "applepie"]]
1679433755.945949;P3;[["P1", "P2", 494, "psychopomp9"], ["P1", "P3", 648, "Quetzalcoatl"], ["P2", "P4", 170, "artikel10ber41"], ["P3", "P4", 728, "applepie"]]
1679433758.9695296;P3;[["P1", "P2", 494, "psychopomp9"], ["P1", "P3", 648, "Quetzalcoatl"], ["P2", "P4", 170, "artikel10ber41"], ["P3", "P4", 728, "applepie"]]
1679433761.986483;P3;[["P1", "P2", 583, "psychopomp9"], ["P1", "P3", 648, "Quetzalcoatl"], ["P2", "P4", 170, "artikel10ber41"], ["P3", "P4", 728, "applepie"]]
1679433765.0099568;P3;[["P1", "P2", 583, "psychopomp9"], ["P1", "P3", 648, "Quetzalcoatl"], ["P2", "P4", 170, "artikel10ber41"], ["P3", "P4", 728, "applepie"]]
1679433768.043484;P3;[["P1", "P2", 583, "psychopomp9"], ["P1", "P3", 648, "Quetzalcoatl"], ["P2", "P4", 196, "artikel10ber41"], ["P3", "P4", 728, "applepie"]]
1679433771.066574;P3;[["P1", "P2", 583, "psychopomp9"], ["P1", "P3", 648, "Quetzalcoatl"], ["P2", "P4", 196, "artikel10ber41"], ["P3", "P4", 728, "applepie"]]
1679433774.0860844;P3;[["P1", "P2", 583, "psychopomp9"], ["P1", "P3", 648, "Quetzalcoatl"], ["P2", "P4", 196, "artikel10ber41"], ["P3", "P4", 728, "applepie"]]
1679433777.1088037;P3;[["P1", "P2", 583, "psychopomp9"], ["P1", "P3", 798, "Quetzalcoatl"], ["P2", "P4", 196, "artikel10ber41"], ["P3", "P4", 728, "applepie"]]
1679433780.144355;P3;[["P1", "P2", 583, "psychopomp9"], ["P1", "P3", 798, "Quetzalcoatl"], ["P2", "P4", 196, "artikel10ber41"], ["P3", "P4", 728, "applepie"]]
1679433783.1835554;P3;[["P1", "P2", 583, "psychopomp9"], ["P1", "P3", 798, "Quetzalcoatl"], ["P2", "P4", 196, "artikel10ber41"], ["P3", "P4", 728, "applepie"]]
1679433786.2152023;P3;[["P1", "P2", 583, "psychopomp9"], ["P1", "P3", 798, "Quetzalcoatl"], ["P2", "P4", 196, "artikel10ber41"], ["P3", "P4", 728, "applepie"]]
1679433789.239402;P3;[["P1", "P2", 583, "psychopomp9"], ["P1", "P3", 798, "Quetzalcoatl"], ["P2", "P4", 196, "artikel10ber41"], ["P3", "P4", 911, "applepie"]]
1679433792.2527223;P3;[["P1", "P2", 583, "psychopomp9"], ["P1", "P3", 798, "Quetzalcoatl"], ["P2", "P4", 196, "artikel10ber41"], ["P3", "P4", 911, "applepie"]]
1679433795.288127;P3;[["P1", "P2", 583, "psychopomp9"], ["P1", "P3", 798, "Quetzalcoatl"], ["P2", "P4", 196, "artikel10ber41"], ["P3", "P4", 911, "applepie"]]
1679433798.326742;P3;[["P1", "P2", 583, "psychopomp9"], ["P1", "P3", 798, "Quetzalcoatl"], ["P2", "P4", 196, "artikel10ber41"], ["P3", "P4", 911, "applepie"]]
1679433801.3646133;P3;[["P1", "P2", 583, "psychopomp9"], ["P1", "P3", 798, "Quetzalcoatl"], ["P2", "P4", 196, "artikel10ber41"], ["P3", "P4", 911, "applepie"]]
1679433804.3808625;P3;[["P1", "P2", 583, "psychopomp9"], ["P1", "P3", 798, "Quetzalcoatl"], ["P2", "P4", 196, "artikel10ber41"], ["P3", "P4", 911, "applepie"]]
1679433807.409635;P3;[["P1", "P2", 583, "psychopomp9"], ["P1", "P3", 798, "Quetzalcoatl"], ["P2", "P4", 196, "artikel10ber41"], ["P3", "P4", 911, "applepie"]]
1679433810.4358406;P3;[["P1", "P2", 583, "psychopomp9"], ["P1", "P3", 798, "Quetzalcoatl"], ["P2", "P4", 196, "artikel10ber41"], ["P3", "P4", 911, "applepie"]]
1679433813.4646528;P3;[["P1", "P2", 583, "psychopomp9"], ["P1", "P3", 798, "Quetzalcoatl"], ["P2", "P4", 196, "artikel10ber41"], ["P3", "P4", 911, "applepie"]]
1679433816.5125506;P3;[["P1", "P2", 583, "psychopomp9"], ["P1", "P3", 798, "Quetzalcoatl"], ["P2", "P4", 196, "artikel10ber41"], ["P3", "P4", 911, "applepie"]]
1679433819.5409968;P3;[["P1", "P2", 583, "psychopomp9"], ["P1", "P3", 798, "Quetzalcoatl"], ["P2", "P4", 196, "artikel10ber41"], ["P3", "P4", 911, "applepie"]]
1679433822.577526;P3;[["P1", "P2", 577, "psychopomp9"], ["P1", "P3", 455, "Quetzalcoatl"], ["P2", "P4", 196, "artikel10ber41"], ["P3", "P4", 911, "applepie"]]
1679433825.588439;P3;[["P1", "P2", 577, "psychopomp9"], ["P1", "P3", 455, "Quetzalcoatl"], ["P2", "P4", 235, "artikel10ber41"], ["P3", "P4", 911, "applepie"]]
1679433828.6114693;P3;[["P1", "P2", 577, "psychopomp9"], ["P1", "P3", 455, "Quetzalcoatl"], ["P2", "P4", 235, "artikel10ber41"], ["P3", "P4", 911, "applepie"]]
1679433831.6488261;P3;[["P1", "P2", 577, "psychopomp9"], ["P1", "P3", 455, "Quetzalcoatl"], ["P2", "P4", 235, "artikel10ber41"], ["P3", "P4", 911, "applepie"]]
1679433834.6828828;P3;[["P1", "P3", 100, "QuintexAirVPN3"], ["P3", "P4", 207, "applepie"]]
1679433837.7077708;P3;[["P1", "P2", 100, "GhostNetKennel"], ["P1", "P3", 100, "QuintexAirVPN3"], ["P2", "P4", 235, "artikel10ber41"], ["P3", "P4", 675, "applepie"]]
1679433840.7298124;P3;[["P1", "P2", 100, "GhostNetKennel"], ["P1", "P3", 100, "QuintexAirVPN3"], ["P2", "P4", 100, "Assange021usX"], ["P3", "P4", 675, "applepie"]]
1679433843.749473;P3;[["P1", "P2", 100, "GhostNetKennel"], ["P1", "P3", 100, "QuintexAirVPN3"], ["P2", "P4", 100, "Assange021usX"], ["P3", "P4", 675, "applepie"]]
1679433846.7833402;P3;[["P1", "P2", 100, "GhostNetKennel"], ["P1", "P3", 100, "QuintexAirVPN3"], ["P2", "P4", 100, "Assange021usX"], ["P3", "P4", 675, "applepie"]]
1679433849.8024628;P3;[["P1", "P2", 100, "GhostNetKennel"], ["P1", "P3", 100, "QuintexAirVPN3"], ["P2", "P4", 100, "Assange021usX"], ["P3", "P4", 100, "animator"]]
1679433852.8456247;P3;[["P1", "P2", 100, "GhostNetKennel"], ["P1", "P3", 100, "QuintexAirVPN3"], ["P2", "P4", 100, "Assange021usX"], ["P3", "P4", 100, "animator"]]
1679433855.865118;P3;[["P1", "P2", 100, "GhostNetKennel"], ["P1", "P3", 100, "QuintexAirVPN3"], ["P2", "P4", 100, "Assange021usX"], ["P3", "P4", 100, "animator"]]
1679433858.8943088;P3;[["P1", "P2", 100, "GhostNetKennel"], ["P1", "P3", 100, "QuintexAirVPN3"], ["P2", "P4", 100, "Assange021usX"], ["P3", "P4", 100, "animator"]]
1679433861.9236708;P3;[["P1", "P2", 100, "GhostNetKennel"], ["P1", "P3", 100, "QuintexAirVPN3"], ["P2", "P4", 100, "Assange021usX"], ["P3", "P4", 100, "animator"]]
1679433864.9479425;P3;[["P1", "P2", 100, "GhostNetKennel"], ["P1", "P3", 100, "QuintexAirVPN3"], ["P2", "P4", 100, "Assange021usX"], ["P3", "P4", 100, "animator"]]
1679433867.973998;P3;[["P1", "P2", 100, "GhostNetKennel"], ["P1", "P3", 100, "QuintexAirVPN3"], ["P2", "P4", 100, "Assange021usX"], ["P3", "P4", 100, "animator"]]
1679433871.003153;P3;[["P1", "P2", 100, "GhostNetKennel"], ["P1", "P3", 100, "QuintexAirVPN3"], ["P2", "P4", 100, "Assange021usX"], ["P3", "P4", 100, "animator"]]
1679433874.0273938;P3;[["P1", "P2", 100, "GhostNetKennel"], ["P1", "P3", 100, "QuintexAirVPN3"], ["P2", "P4", 100, "Assange021usX"], ["P3", "P4", 100, "animator"]]
1679433877.0585132;P3;[["P1", "P2", 100, "GhostNetKennel"], ["P1", "P3", 100, "QuintexAirVPN3"], ["P2", "P4", 100, "Assange021usX"], ["P3", "P4", 100, "animator"]]
1679433880.0926952;P3;[["P1", "P2", 100, "GhostNetKennel"], ["P1", "P3", 100, "QuintexAirVPN3"], ["P2", "P4", 100, "Assange021usX"], ["P3", "P4", 100, "animator"]]
1679433883.1231909;P3;[["P1", "P2", 784, "GhostNetKennel"], ["P1", "P3", 100, "QuintexAirVPN3"], ["P2", "P4", 100, "Assange021usX"], ["P3", "P4", 100, "animator"]]
1679433886.1462295;P3;[["P1", "P2", 784, "GhostNetKennel"], ["P1", "P3", 100, "QuintexAirVPN3"], ["P2", "P4", 432, "Assange021usX"], ["P3", "P4", 100, "animator"]]
1679433889.1788344;P3;[["P1", "P2", 784, "GhostNetKennel"], ["P1", "P3", 100, "QuintexAirVPN3"], ["P2", "P4", 432, "Assange021usX"], ["P3", "P4", 100, "animator"]]
1679433892.2061071;P3;[["P1", "P2", 784, "GhostNetKennel"], ["P1", "P3", 100, "QuintexAirVPN3"], ["P2", "P4", 432, "Assange021usX"], ["P3", "P4", 487, "animator"]]
1679433895.2405205;P3;[["P1", "P2", 784, "GhostNetKennel"], ["P1", "P3", 100, "QuintexAirVPN3"], ["P2", "P4", 432, "Assange021usX"], ["P3", "P4", 487, "animator"]]
1679433898.2614765;P3;[["P1", "P2", 784, "GhostNetKennel"], ["P1", "P3", 793, "QuintexAirVPN3"], ["P2", "P4", 432, "Assange021usX"], ["P3", "P4", 487, "animator"]]
1679433901.2766688;P3;[["P1", "P2", 784, "GhostNetKennel"], ["P1", "P3", 793, "QuintexAirVPN3"], ["P2", "P4", 432, "Assange021usX"], ["P3", "P4", 487, "animator"]]
1679433904.3023994;P3;[["P1", "P2", 784, "GhostNetKennel"], ["P1", "P3", 793, "QuintexAirVPN3"], ["P2", "P4", 432, "Assange021usX"], ["P3", "P4", 487, "animator"]]
1679433907.3215435;P3;[["P1", "P2", 784, "GhostNetKennel"], ["P1", "P3", 793, "QuintexAirVPN3"], ["P2", "P4", 432, "Assange021usX"], ["P3", "P4", 487, "animator"]]
1679433910.3445225;P3;[["P1", "P2", 784, "GhostNetKennel"], ["P1", "P3", 793, "QuintexAirVPN3"], ["P2", "P4", 432, "Assange021usX"], ["P3", "P4", 487, "animator"]]
1679433913.373215;P3;[["P1", "P2", 784, "GhostNetKennel"], ["P1", "P3", 793, "QuintexAirVPN3"], ["P2", "P4", 432, "Assange021usX"], ["P3", "P4", 487, "animator"]]
1679433916.4004617;P3;[["P1", "P2", 784, "GhostNetKennel"], ["P1", "P3", 793, "QuintexAirVPN3"], ["P2", "P4", 432, "Assange021usX"], ["P3", "P4", 487, "animator"]]
1679433919.424242;P3;[["P1", "P2", 784, "GhostNetKennel"], ["P1", "P3", 793, "QuintexAirVPN3"], ["P2", "P4", 432, "Assange021usX"], ["P3", "P4", 487, "animator"]]
1679433922.451339;P3;[["P1", "P2", 784, "GhostNetKennel"], ["P1", "P3", 793, "QuintexAirVPN3"], ["P2", "P4", 432, "Assange021usX"], ["P3", "P4", 487, "animator"]]
1679433925.4722304;P3;[["P1", "P2", 784, "GhostNetKennel"], ["P1", "P3", 793, "QuintexAirVPN3"], ["P2", "P4", 432, "Assange021usX"], ["P3", "P4", 487, "animator"]]
1679433928.4982226;P3;[["P1", "P2", 784, "GhostNetKennel"], ["P1", "P3", 793, "QuintexAirVPN3"], ["P2", "P4", 432, "Assange021usX"], ["P3", "P4", 487, "animator"]]
1679433931.5209956;P3;[["P1", "P2", 784, "GhostNetKennel"], ["P1", "P3", 793, "QuintexAirVPN3"], ["P2", "P4", 432, "Assange021usX"], ["P3", "P4", 487, "animator"]]
1679433934.545077;P3;[["P1", "P2", 784, "GhostNetKennel"], ["P1", "P3", 793, "QuintexAirVPN3"], ["P2", "P4", 432, "Assange021usX"], ["P3", "P4", 487, "animator"]]
1679433937.5906465;P3;[["P1", "P2", 784, "GhostNetKennel"], ["P1", "P3", 793, "QuintexAirVPN3"], ["P2", "P4", 432, "Assange021usX"], ["P3", "P4", 487, "animator"]]
1679433940.621181;P3;[["P1", "P2", 784, "GhostNetKennel"], ["P1", "P3", 793, "QuintexAirVPN3"], ["P2", "P4", 432, "Assange021usX"], ["P3", "P4", 487, "animator"]]
1679433943.644041;P3;[["P1", "P2", 508, "GhostNetKennel"], ["P1", "P3", 689, "QuintexAirVPN3"], ["P2", "P4", 432, "Assange021usX"], ["P3", "P4", 487, "animator"]]
1679433946.66635;P3;[["P1", "P2", 508, "GhostNetKennel"], ["P1", "P3", 689, "QuintexAirVPN3"], ["P2", "P4", 430, "Assange021usX"], ["P3", "P4", 487, "animator"]]
1679433949.7055764;P3;[["P1", "P2", 508, "GhostNetKennel"], ["P1", "P3", 689, "QuintexAirVPN3"], ["P2", "P4", 430, "Assange021usX"], ["P3", "P4", 487, "animator"]]
1679433952.7280421;P3;[["P1", "P2", 508, "GhostNetKennel"], ["P1", "P3", 689, "QuintexAirVPN3"], ["P2", "P4", 430, "Assange021usX"], ["P3", "P4", 272, "animator"]]
1679433955.7506115;P3;[["P1", "P2", 508, "GhostNetKennel"], ["P1", "P3", 689, "QuintexAirVPN3"], ["P2", "P4", 430, "Assange021usX"], ["P3", "P4", 272, "animator"]]
1679433958.7794988;P3;[["P1", "P2", 508, "GhostNetKennel"], ["P1", "P3", 689, "QuintexAirVPN3"], ["P2", "P4", 430, "Assange021usX"], ["P3", "P4", 272, "animator"]]
1679433961.808824;P3;[["P1", "P2", 508, "GhostNetKennel"], ["P1", "P3", 689, "QuintexAirVPN3"], ["P2", "P4", 430, "Assange021usX"], ["P3", "P4", 272, "animator"]]
1679433964.8548307;P3;[["P1", "P2", 508, "GhostNetKennel"], ["P1", "P3", 689, "QuintexAirVPN3"], ["P2", "P4", 430, "Assange021usX"], ["P3", "P4", 272, "animator"]]
1679433967.880195;P3;[["P1", "P2", 508, "GhostNetKennel"], ["P1", "P3", 689, "QuintexAirVPN3"], ["P2", "P4", 430, "Assange021usX"], ["P3", "P4", 272, "animator"]]
1679433970.9146767;P3;[["P1", "P2", 508, "GhostNetKennel"], ["P1", "P3", 689, "QuintexAirVPN3"], ["P2", "P4", 430, "Assange021usX"], ["P3", "P4", 272, "animator"]]
1679433973.9426851;P3;[["P1", "P2", 508, "GhostNetKennel"], ["P1", "P3", 689, "QuintexAirVPN3"], ["P2", "P4", 430, "Assange021usX"], ["P3", "P4", 272, "animator"]]
1679433976.9532452;P3;[["P1", "P2", 508, "GhostNetKennel"], ["P1", "P3", 689, "QuintexAirVPN3"], ["P2", "P4", 430, "Assange021usX"], ["P3", "P4", 272, "animator"]]
1679433979.9737816;P3;[["P1", "P2", 508, "GhostNetKennel"], ["P1", "P3", 689, "QuintexAirVPN3"], ["P2", "P4", 430, "Assange021usX"], ["P3", "P4", 272, "animator"]]
1679433982.9882476;P3;[["P1", "P2", 508, "GhostNetKennel"], ["P1", "P3", 689, "QuintexAirVPN3"], ["P2", "P4", 430, "Assange021usX"], ["P3", "P4", 272, "animator"]]
1679433986.024284;P3;[["P1", "P2", 508, "GhostNetKennel"], ["P1", "P3", 689, "QuintexAirVPN3"], ["P2", "P4", 430, "Assange021usX"], ["P3", "P4", 272, "animator"]]
1679433989.0601158;P3;[["P1", "P2", 576, "GhostNetKennel"], ["P1", "P3", 852, "QuintexAirVPN3"], ["P2", "P4", 430, "Assange021usX"], ["P3", "P4", 272, "animator"]]
1679433992.0837107;P3;[["P1", "P2", 576, "GhostNetKennel"], ["P1", "P3", 852, "QuintexAirVPN3"], ["P2", "P4", 429, "Assange021usX"], ["P3", "P4", 272, "animator"]]
1679433995.110281;P3;[["P1", "P2", 576, "GhostNetKennel"], ["P1", "P3", 852, "QuintexAirVPN3"], ["P2", "P4", 429, "Assange021usX"], ["P3", "P4", 272, "animator"]]
1679433998.1432083;P3;[["P1", "P2", 576, "GhostNetKennel"], ["P1", "P3", 852, "QuintexAirVPN3"], ["P2", "P4", 429, "Assange021usX"], ["P3", "P4", 531, "animator"]]
1679434001.1748817;P3;[["P1", "P2", 576, "GhostNetKennel"], ["P1", "P3", 852, "QuintexAirVPN3"], ["P2", "P4", 429, "Assange021usX"], ["P3", "P4", 531, "animator"]]
1679434004.2050824;P3;[["P1", "P2", 576, "GhostNetKennel"], ["P1", "P3", 852, "QuintexAirVPN3"], ["P2", "P4", 429, "Assange021usX"], ["P3", "P4", 531, "animator"]]
1679434007.23441;P3;[["P1", "P2", 576, "GhostNetKennel"], ["P1", "P3", 852, "QuintexAirVPN3"], ["P2", "P4", 429, "Assange021usX"], ["P3", "P4", 531, "animator"]]
1679434010.2791762;P3;[["P1", "P2", 576, "GhostNetKennel"], ["P1", "P3", 852, "QuintexAirVPN3"], ["P2", "P4", 429, "Assange021usX"], ["P3", "P4", 531, "animator"]]
1679434013.3056483;P3;[["P1", "P2", 576, "GhostNetKennel"], ["P1", "P3", 852, "QuintexAirVPN3"], ["P2", "P4", 429, "Assange021usX"], ["P3", "P4", 531, "animator"]]
1679434016.336101;P3;[["P1", "P2", 576, "GhostNetKennel"], ["P1", "P3", 852, "QuintexAirVPN3"], ["P2", "P4", 429, "Assange021usX"], ["P3", "P4", 531, "animator"]]
1679434019.3605483;P3;[["P1", "P2", 576, "GhostNetKennel"], ["P1", "P3", 852, "QuintexAirVPN3"], ["P2", "P4", 429, "Assange021usX"], ["P3", "P4", 531, "animator"]]
1679434022.3900414;P3;[["P1", "P2", 576, "GhostNetKennel"], ["P1", "P3", 852, "QuintexAirVPN3"], ["P2", "P4", 429, "Assange021usX"], ["P3", "P4", 531, "animator"]]
1679434025.4205155;P3;[["P1", "P2", 576, "GhostNetKennel"], ["P1", "P3", 852, "QuintexAirVPN3"], ["P2", "P4", 429, "Assange021usX"], ["P3", "P4", 531, "animator"]]
1679434028.4469032;P3;[["P1", "P2", 576, "GhostNetKennel"], ["P1", "P3", 852, "QuintexAirVPN3"], ["P2", "P4", 429, "Assange021usX"], ["P3", "P4", 531, "animator"]]
1679434031.4708922;P3;[["P1", "P2", 576, "GhostNetKennel"], ["P1", "P3", 852, "QuintexAirVPN3"], ["P2", "P4", 429, "Assange021usX"], ["P3", "P4", 531, "animator"]]
1679434034.5117037;P3;[["P1", "P2", 383, "GhostNetKennel"], ["P1", "P3", 852, "QuintexAirVPN3"], ["P2", "P4", 429, "Assange021usX"], ["P3", "P4", 531, "animator"]]
1679434037.5395055;P3;[["P1", "P2", 383, "GhostNetKennel"], ["P1", "P3", 852, "QuintexAirVPN3"], ["P2", "P4", 455, "Assange021usX"], ["P3", "P4", 531, "animator"]]
1679434040.563721;P3;[["P1", "P2", 383, "GhostNetKennel"], ["P1", "P3", 852, "QuintexAirVPN3"], ["P2", "P4", 455, "Assange021usX"], ["P3", "P4", 531, "animator"]]
1679434043.5766008;P3;[["P1", "P2", 383, "GhostNetKennel"], ["P1", "P3", 852, "QuintexAirVPN3"], ["P2", "P4", 455, "Assange021usX"], ["P3", "P4", 677, "animator"]]
1679434046.6245975;P3;[["P1", "P2", 383, "GhostNetKennel"], ["P1", "P3", 852, "QuintexAirVPN3"], ["P2", "P4", 455, "Assange021usX"], ["P3", "P4", 677, "animator"]]
1679434049.6481977;P3;[["P1", "P2", 383, "GhostNetKennel"], ["P1", "P3", 745, "QuintexAirVPN3"], ["P2", "P4", 455, "Assange021usX"], ["P3", "P4", 677, "animator"]]
1679434052.672312;P3;[["P1", "P2", 383, "GhostNetKennel"], ["P1", "P3", 745, "QuintexAirVPN3"], ["P2", "P4", 455, "Assange021usX"], ["P3", "P4", 677, "animator"]]
1679434055.7062376;P3;[["P1", "P2", 383, "GhostNetKennel"], ["P1", "P3", 745, "QuintexAirVPN3"], ["P2", "P4", 455, "Assange021usX"], ["P3", "P4", 677, "animator"]]
1679434058.736794;P3;[["P1", "P2", 383, "GhostNetKennel"], ["P1", "P3", 745, "QuintexAirVPN3"], ["P2", "P4", 455, "Assange021usX"], ["P3", "P4", 677, "animator"]]
1679434061.763132;P3;[["P1", "P2", 383, "GhostNetKennel"], ["P1", "P3", 745, "QuintexAirVPN3"], ["P2", "P4", 455, "Assange021usX"], ["P3", "P4", 677, "animator"]]
1679434064.787624;P3;[["P1", "P2", 383, "GhostNetKennel"], ["P1", "P3", 745, "QuintexAirVPN3"], ["P2", "P4", 455, "Assange021usX"], ["P3", "P4", 677, "animator"]]
1679434067.8023212;P3;[["P1", "P2", 383, "GhostNetKennel"], ["P1", "P3", 745, "QuintexAirVPN3"], ["P2", "P4", 455, "Assange021usX"], ["P3", "P4", 677, "animator"]]
1679434070.827353;P3;[["P1", "P2", 383, "GhostNetKennel"], ["P1", "P3", 745, "QuintexAirVPN3"], ["P2", "P4", 455, "Assange021usX"], ["P3", "P4", 677, "animator"]]
1679434073.858334;P3;[["P1", "P2", 383, "GhostNetKennel"], ["P1", "P3", 745, "QuintexAirVPN3"], ["P2", "P4", 455, "Assange021usX"], ["P3", "P4", 677, "animator"]]
1679434076.8876028;P3;[["P1", "P2", 383, "GhostNetKennel"], ["P1", "P3", 745, "QuintexAirVPN3"], ["P2", "P4", 455, "Assange021usX"], ["P3", "P4", 677, "animator"]]
1679434079.9309995;P3;[["P1", "P2", 383, "GhostNetKennel"], ["P1", "P3", 745, "QuintexAirVPN3"], ["P2", "P4", 455, "Assange021usX"], ["P3", "P4", 677, "animator"]]
1679434082.9486845;P3;[["P1", "P2", 383, "GhostNetKennel"], ["P1", "P3", 745, "QuintexAirVPN3"], ["P2", "P4", 455, "Assange021usX"], ["P3", "P4", 677, "animator"]]
1679434085.9946644;P3;[["P1", "P2", 383, "GhostNetKennel"], ["P1", "P3", 745, "QuintexAirVPN3"], ["P2", "P4", 455, "Assange021usX"], ["P3", "P4", 677, "animator"]]
1679434089.0215628;P3;[["P1", "P2", 383, "GhostNetKennel"], ["P1", "P3", 745, "QuintexAirVPN3"], ["P2", "P4", 455, "Assange021usX"], ["P3", "P4", 677, "animator"]]
1679434092.0666971;P3;[["P1", "P2", 383, "GhostNetKennel"], ["P1", "P3", 745, "QuintexAirVPN3"], ["P2", "P4", 455, "Assange021usX"], ["P3", "P4", 677, "animator"]]
1679434095.0872908;P3;[["P1", "P2", 448, "GhostNetKennel"], ["P1", "P3", 664, "QuintexAirVPN3"], ["P2", "P4", 455, "Assange021usX"], ["P3", "P4", 677, "animator"]]
1679434098.1222582;P3;[["P1", "P2", 448, "GhostNetKennel"], ["P1", "P3", 664, "QuintexAirVPN3"], ["P2", "P4", 424, "Assange021usX"], ["P3", "P4", 677, "animator"]]
1679434101.1584008;P3;[["P1", "P2", 448, "GhostNetKennel"], ["P1", "P3", 664, "QuintexAirVPN3"], ["P2", "P4", 424, "Assange021usX"], ["P3", "P4", 677, "animator"]]
1679434104.1890006;P3;[["P1", "P2", 448, "GhostNetKennel"], ["P1", "P3", 664, "QuintexAirVPN3"], ["P2", "P4", 424, "Assange021usX"], ["P3", "P4", 462, "animator"]]
1679434107.2243466;P3;[["P1", "P2", 448, "GhostNetKennel"], ["P1", "P3", 664, "QuintexAirVPN3"], ["P2", "P4", 424, "Assange021usX"], ["P3", "P4", 462, "animator"]]
1679434110.272713;P3;[["P1", "P2", 448, "GhostNetKennel"], ["P1", "P3", 664, "QuintexAirVPN3"], ["P2", "P4", 424, "Assange021usX"], ["P3", "P4", 462, "animator"]]
1679434113.3062308;P3;[["P1", "P2", 448, "GhostNetKennel"], ["P1", "P3", 664, "QuintexAirVPN3"], ["P2", "P4", 424, "Assange021usX"], ["P3", "P4", 462, "animator"]]
1679434116.3696249;P3;[["P1", "P2", 448, "GhostNetKennel"], ["P1", "P3", 664, "QuintexAirVPN3"], ["P2", "P4", 424, "Assange021usX"], ["P3", "P4", 462, "animator"]]
1679434119.4124231;P3;[["P1", "P2", 448, "GhostNetKennel"], ["P1", "P3", 664, "QuintexAirVPN3"], ["P2", "P4", 424, "Assange021usX"], ["P3", "P4", 462, "animator"]]
1679434122.492271;P3;[["P1", "P2", 448, "GhostNetKennel"], ["P1", "P3", 664, "QuintexAirVPN3"], ["P2", "P4", 424, "Assange021usX"], ["P3", "P4", 462, "animator"]]
1679434125.5111194;P3;[["P1", "P2", 448, "GhostNetKennel"], ["P1", "P3", 664, "QuintexAirVPN3"], ["P2", "P4", 424, "Assange021usX"], ["P3", "P4", 462, "animator"]]
1679434128.5299191;P3;[["P1", "P2", 448, "GhostNetKennel"], ["P1", "P3", 664, "QuintexAirVPN3"], ["P2", "P4", 424, "Assange021usX"], ["P3", "P4", 462, "animator"]]
1679434131.5606487;P3;[["P1", "P2", 448, "GhostNetKennel"], ["P1", "P3", 664, "QuintexAirVPN3"], ["P2", "P4", 424, "Assange021usX"], ["P3", "P4", 462, "animator"]]
1679434134.587869;P3;[["P1", "P2", 448, "GhostNetKennel"], ["P1", "P3", 664, "QuintexAirVPN3"], ["P2", "P4", 424, "Assange021usX"], ["P3", "P4", 462, "animator"]]
1679434137.6166809;P3;[["P1", "P2", 559, "GhostNetKennel"], ["P1", "P3", 825, "QuintexAirVPN3"], ["P2", "P4", 424, "Assange021usX"], ["P3", "P4", 462, "animator"]]
1679434140.6341474;P3;[["P1", "P2", 559, "GhostNetKennel"], ["P1", "P3", 825, "QuintexAirVPN3"], ["P2", "P4", 424, "Assange021usX"], ["P3", "P4", 462, "animator"]]
1679434143.6670027;P3;[["P1", "P2", 559, "GhostNetKennel"], ["P1", "P3", 825, "QuintexAirVPN3"], ["P2", "P4", 452, "Assange021usX"], ["P3", "P4", 462, "animator"]]
1679434146.7060425;P3;[["P1", "P2", 559, "GhostNetKennel"], ["P1", "P3", 825, "QuintexAirVPN3"], ["P2", "P4", 452, "Assange021usX"], ["P3", "P4", 462, "animator"]]
1679434149.7310355;P3;[["P1", "P2", 559, "GhostNetKennel"], ["P1", "P3", 825, "QuintexAirVPN3"], ["P2", "P4", 452, "Assange021usX"], ["P3", "P4", 728, "animator"]]
1679434152.765907;P3;[["P1", "P2", 559, "GhostNetKennel"], ["P1", "P3", 825, "QuintexAirVPN3"], ["P2", "P4", 452, "Assange021usX"], ["P3", "P4", 728, "animator"]]
1679434155.798584;P3;[["P1", "P2", 559, "GhostNetKennel"], ["P1", "P3", 825, "QuintexAirVPN3"], ["P2", "P4", 452, "Assange021usX"], ["P3", "P4", 728, "animator"]]
1679434158.8363926;P3;[["P1", "P2", 559, "GhostNetKennel"], ["P1", "P3", 825, "QuintexAirVPN3"], ["P2", "P4", 452, "Assange021usX"], ["P3", "P4", 728, "animator"]]
1679434161.8670096;P3;[["P1", "P2", 559, "GhostNetKennel"], ["P1", "P3", 825, "QuintexAirVPN3"], ["P2", "P4", 452, "Assange021usX"], ["P3", "P4", 728, "animator"]]
1679434164.8827553;P3;[["P1", "P2", 559, "GhostNetKennel"], ["P1", "P3", 825, "QuintexAirVPN3"], ["P2", "P4", 452, "Assange021usX"], ["P3", "P4", 728, "animator"]]
1679434167.9126563;P3;[["P1", "P2", 559, "GhostNetKennel"], ["P1", "P3", 825, "QuintexAirVPN3"], ["P2", "P4", 452, "Assange021usX"], ["P3", "P4", 728, "animator"]]
1679434170.940312;P3;[["P1", "P2", 559, "GhostNetKennel"], ["P1", "P3", 825, "QuintexAirVPN3"], ["P2", "P4", 452, "Assange021usX"], ["P3", "P4", 728, "animator"]]
1679434173.9522703;P3;[["P1", "P2", 559, "GhostNetKennel"], ["P1", "P3", 825, "QuintexAirVPN3"], ["P2", "P4", 452, "Assange021usX"], ["P3", "P4", 728, "animator"]]
1679434176.9626305;P3;[["P1", "P2", 559, "GhostNetKennel"], ["P1", "P3", 825, "QuintexAirVPN3"], ["P2", "P4", 452, "Assange021usX"], ["P3", "P4", 728, "animator"]]
1679434179.9869509;P3;[["P1", "P2", 559, "GhostNetKennel"], ["P1", "P3", 825, "QuintexAirVPN3"], ["P2", "P4", 452, "Assange021usX"], ["P3", "P4", 728, "animator"]]
1679434183.0231998;P3;[["P1", "P2", 370, "GhostNetKennel"], ["P1", "P3", 825, "QuintexAirVPN3"], ["P2", "P4", 452, "Assange021usX"], ["P3", "P4", 728, "animator"]]
1679434186.0469549;P3;[["P1", "P2", 370, "GhostNetKennel"], ["P1", "P3", 825, "QuintexAirVPN3"], ["P2", "P4", 432, "Assange021usX"], ["P3", "P4", 728, "animator"]]
1679434189.1000993;P3;[["P1", "P2", 370, "GhostNetKennel"], ["P1", "P3", 825, "QuintexAirVPN3"], ["P2", "P4", 432, "Assange021usX"], ["P3", "P4", 728, "animator"]]
1679434192.1476333;P3;[["P1", "P2", 370, "GhostNetKennel"], ["P1", "P3", 825, "QuintexAirVPN3"], ["P2", "P4", 432, "Assange021usX"], ["P3", "P4", 728, "animator"]]
1679434195.1652744;P3;[["P1", "P2", 370, "GhostNetKennel"], ["P1", "P3", 825, "QuintexAirVPN3"], ["P2", "P4", 432, "Assange021usX"], ["P3", "P4", 666, "animator"]]
1679434198.1839387;P3;[["P1", "P2", 370, "GhostNetKennel"], ["P1", "P3", 731, "QuintexAirVPN3"], ["P2", "P4", 432, "Assange021usX"], ["P3", "P4", 666, "animator"]]
1679434201.2190568;P3;[["P1", "P2", 370, "GhostNetKennel"], ["P1", "P3", 731, "QuintexAirVPN3"], ["P2", "P4", 432, "Assange021usX"], ["P3", "P4", 666, "animator"]]
1679434204.2469568;P3;[["P1", "P2", 370, "GhostNetKennel"], ["P1", "P3", 731, "QuintexAirVPN3"], ["P2", "P4", 432, "Assange021usX"], ["P3", "P4", 666, "animator"]]
1679434207.2777755;P3;[["P1", "P2", 370, "GhostNetKennel"], ["P2", "P4", 432, "Assange021usX"]]
1679434210.3189666;P3;[["P1", "P2", 370, "GhostNetKennel"], ["P1", "P3", 731, "QuintexAirVPN3"], ["P2", "P4", 432, "Assange021usX"]]
1679434213.35928;P3;[["P1", "P2", 100, "Quetzalcoatl"], ["P1", "P3", 731, "QuintexAirVPN3"], ["P2", "P4", 432, "Assange021usX"]]
1679434216.391282;P3;[["P1", "P2", 100, "Quetzalcoatl"], ["P1", "P3", 731, "QuintexAirVPN3"], ["P2", "P4", 100, "Superluminal3"]]
1679434219.4020355;P3;[["P1", "P2", 100, "Quetzalcoatl"], ["P1", "P3", 731, "QuintexAirVPN3"], ["P2", "P4", 100, "Superluminal3"]]
1679434222.4278808;P3;[["P1", "P2", 100, "Quetzalcoatl"], ["P1", "P3", 731, "QuintexAirVPN3"]]
1679434225.4369876;P3;[["P1", "P2", 100, "Quetzalcoatl"], ["P1", "P3", 731, "QuintexAirVPN3"]]
1679434228.4702175;P3;[["P1", "P2", 100, "Quetzalcoatl"], ["P1", "P3", 731, "QuintexAirVPN3"]]
1679434231.5081735;P3;[["P1", "P2", 100, "Quetzalcoatl"], ["P1", "P3", 731, "QuintexAirVPN3"]]
1679434234.5667145;P3;[["P1", "P2", 100, "Quetzalcoatl"], ["P1", "P3", 731, "QuintexAirVPN3"]]
1679434237.625975;P3;[["P1", "P3", 100, "SemiPvt"]]
1679434240.6542876;P3;[["P1", "P3", 100, "SemiPvt"]]
1679434243.6686318;P3;[["P1", "P2", 100, "Quetzalcoatl"], ["P1", "P3", 100, "SemiPvt"]]
1679434246.6918602;P3;[["P1", "P2", 100, "Quetzalcoatl"], ["P1", "P3", 100, "SemiPvt"]]
1679434249.7114563;P3;[["P1", "P2", 100, "Quetzalcoatl"], ["P1", "P3", 100, "SemiPvt"]]
1679434252.7391043;P3;[["P1", "P2", 100, "Quetzalcoatl"], ["P1", "P3", 100, "SemiPvt"]]
1679434255.7614243;P3;[["P1", "P2", 100, "Quetzalcoatl"], ["P1", "P3", 100, "SemiPvt"]]
1679434258.784742;P3;[["P1", "P2", 100, "Quetzalcoatl"], ["P1", "P3", 100, "SemiPvt"]]
1679434261.8004227;P3;[["P1", "P2", 819, "Quetzalcoatl"], ["P1", "P3", 100, "SemiPvt"]]
1679434264.8406966;P3;[["P1", "P2", 819, "Quetzalcoatl"], ["P1", "P3", 100, "SemiPvt"]]
1679434267.86824;P3;[["P1", "P2", 819, "Quetzalcoatl"], ["P1", "P3", 100, "SemiPvt"]]
1679434270.9118102;P3;[["P1", "P2", 819, "Quetzalcoatl"], ["P1", "P3", 100, "SemiPvt"]]
1679434273.9286573;P3;[["P1", "P2", 819, "Quetzalcoatl"], ["P1", "P3", 100, "SemiPvt"]]
1679434276.9551053;P3;[["P1", "P3", 100, "SemiPvt"], ["P2", "P3", 100, "LoedgreemOCI"]]
1679434279.9822347;P3;[["P1", "P3", 100, "SemiPvt"], ["P2", "P3", 100, "LoedgreemOCI"]]
1679434283.0003319;P3;[["P1", "P3", 100, "SemiPvt"], ["P2", "P3", 100, "LoedgreemOCI"]]
1679434286.017015;P3;[["P1", "P3", 100, "SemiPvt"], ["P2", "P3", 100, "LoedgreemOCI"]]
1679434289.0413642;P3;[["P1", "P2", 819, "Quetzalcoatl"], ["P1", "P3", 100, "SemiPvt"]]
1679434292.0600789;P3;[["P1", "P2", 819, "Quetzalcoatl"], ["P1", "P3", 100, "SemiPvt"], ["P2", "P3", 100, "LoedgreemOCI"]]
1679434295.083842;P3;[["P1", "P2", 819, "Quetzalcoatl"], ["P1", "P3", 100, "SemiPvt"], ["P2", "P3", 100, "LoedgreemOCI"]]
1679434298.1249485;P3;[["P1", "P2", 819, "Quetzalcoatl"], ["P1", "P3", 100, "SemiPvt"], ["P2", "P3", 100, "LoedgreemOCI"]]
1679434301.1543732;P3;[["P1", "P2", 819, "Quetzalcoatl"], ["P1", "P3", 100, "SemiPvt"], ["P2", "P3", 100, "LoedgreemOCI"]]
1679434304.1868134;P3;[["P1", "P2", 819, "Quetzalcoatl"], ["P1", "P3", 801, "SemiPvt"], ["P2", "P3", 100, "LoedgreemOCI"]]
1679434307.2161367;P3;[["P1", "P2", 819, "Quetzalcoatl"], ["P1", "P3", 801, "SemiPvt"], ["P2", "P3", 100, "LoedgreemOCI"]]
1679434310.249674;P3;[["P1", "P2", 819, "Quetzalcoatl"], ["P1", "P3", 801, "SemiPvt"], ["P2", "P3", 100, "LoedgreemOCI"]]
1679434313.2788577;P3;[["P1", "P2", 819, "Quetzalcoatl"], ["P1", "P3", 801, "SemiPvt"], ["P2", "P3", 100, "LoedgreemOCI"]]
1679434316.30666;P3;[["P1", "P2", 819, "Quetzalcoatl"], ["P1", "P3", 801, "SemiPvt"], ["P2", "P3", 100, "LoedgreemOCI"]]
1679434319.3358903;P3;[["P1", "P2", 1294, "Quetzalcoatl"], ["P1", "P3", 801, "SemiPvt"], ["P2", "P3", 100, "LoedgreemOCI"]]
1679434322.3537772;P3;[["P1", "P2", 1294, "Quetzalcoatl"], ["P1", "P3", 801, "SemiPvt"], ["P2", "P3", 100, "LoedgreemOCI"]]
1679434325.3909514;P3;[["P1", "P2", 1294, "Quetzalcoatl"], ["P1", "P3", 801, "SemiPvt"], ["P2", "P3", 100, "LoedgreemOCI"]]
1679434328.4169385;P3;[["P1", "P2", 1294, "Quetzalcoatl"], ["P1", "P3", 801, "SemiPvt"], ["P2", "P3", 100, "LoedgreemOCI"]]
1679434331.4529011;P3;[["P1", "P2", 1294, "Quetzalcoatl"], ["P1", "P3", 801, "SemiPvt"], ["P2", "P3", 100, "LoedgreemOCI"]]
1679434334.4853196;P3;[["P1", "P2", 1294, "Quetzalcoatl"], ["P1", "P3", 801, "SemiPvt"], ["P2", "P3", 100, "LoedgreemOCI"]]
1679434337.5314753;P3;[["P1", "P2", 1294, "Quetzalcoatl"], ["P1", "P3", 801, "SemiPvt"], ["P2", "P3", 198, "LoedgreemOCI"]]
1679434340.5445778;P3;[["P1", "P2", 1294, "Quetzalcoatl"], ["P1", "P3", 801, "SemiPvt"], ["P2", "P3", 198, "LoedgreemOCI"]]
1679434343.5572417;P3;[["P1", "P2", 1294, "Quetzalcoatl"], ["P1", "P3", 801, "SemiPvt"], ["P2", "P3", 198, "LoedgreemOCI"]]
1679434346.569802;P3;[["P1", "P2", 1294, "Quetzalcoatl"], ["P1", "P3", 801, "SemiPvt"], ["P2", "P3", 198, "LoedgreemOCI"]]
1679434349.595982;P3;[["P1", "P2", 1294, "Quetzalcoatl"], ["P1", "P3", 540, "SemiPvt"], ["P2", "P3", 198, "LoedgreemOCI"]]
1679434352.625157;P3;[["P1", "P2", 1294, "Quetzalcoatl"], ["P1", "P3", 540, "SemiPvt"], ["P2", "P3", 198, "LoedgreemOCI"]]
1679434355.6676526;P3;[["P1", "P2", 1294, "Quetzalcoatl"], ["P1", "P3", 540, "SemiPvt"], ["P2", "P3", 198, "LoedgreemOCI"]]
1679434358.6941726;P3;[["P1", "P2", 1294, "Quetzalcoatl"], ["P1", "P3", 540, "SemiPvt"], ["P2", "P3", 198, "LoedgreemOCI"]]
1679434361.7195914;P3;[["P1", "P2", 1294, "Quetzalcoatl"], ["P1", "P3", 540, "SemiPvt"], ["P2", "P3", 198, "LoedgreemOCI"]]
1679434364.746639;P3;[["P1", "P2", 977, "Quetzalcoatl"], ["P1", "P3", 540, "SemiPvt"], ["P2", "P3", 198, "LoedgreemOCI"]]
1679434367.7787535;P3;[["P1", "P2", 977, "Quetzalcoatl"], ["P1", "P3", 540, "SemiPvt"], ["P2", "P3", 198, "LoedgreemOCI"]]
1679434370.8136356;P3;[["P1", "P2", 977, "Quetzalcoatl"], ["P1", "P3", 540, "SemiPvt"], ["P2", "P3", 198, "LoedgreemOCI"]]
1679434373.843676;P3;[["P1", "P2", 977, "Quetzalcoatl"], ["P1", "P3", 540, "SemiPvt"], ["P2", "P3", 198, "LoedgreemOCI"]]
1679434376.8896897;P3;[["P1", "P2", 977, "Quetzalcoatl"], ["P1", "P3", 540, "SemiPvt"], ["P2", "P3", 198, "LoedgreemOCI"]]
1679434379.940341;P3;[["P1", "P2", 977, "Quetzalcoatl"], ["P1", "P3", 540, "SemiPvt"], ["P2", "P3", 198, "LoedgreemOCI"]]
1679434382.9563541;P3;[["P1", "P2", 977, "Quetzalcoatl"], ["P1", "P3", 540, "SemiPvt"], ["P2", "P3", 187, "LoedgreemOCI"]]
1679434385.9979665;P3;[["P1", "P2", 977, "Quetzalcoatl"], ["P1", "P3", 540, "SemiPvt"], ["P2", "P3", 187, "LoedgreemOCI"]]
1679434389.0255122;P3;[["P1", "P2", 977, "Quetzalcoatl"], ["P1", "P3", 540, "SemiPvt"], ["P2", "P3", 187, "LoedgreemOCI"]]
1679434392.0557091;P3;[["P1", "P2", 977, "Quetzalcoatl"], ["P1", "P3", 540, "SemiPvt"], ["P2", "P3", 187, "LoedgreemOCI"]]
1679434395.0698147;P3;[["P1", "P2", 977, "Quetzalcoatl"], ["P1", "P3", 833, "SemiPvt"], ["P2", "P3", 187, "LoedgreemOCI"]]
1679434398.0874743;P3;[["P1", "P2", 977, "Quetzalcoatl"], ["P1", "P3", 833, "SemiPvt"], ["P2", "P3", 187, "LoedgreemOCI"]]
1679434401.1228857;P3;[["P1", "P2", 977, "Quetzalcoatl"], ["P1", "P3", 833, "SemiPvt"], ["P2", "P3", 187, "LoedgreemOCI"]]
1679434404.1708386;P3;[["P1", "P2", 977, "Quetzalcoatl"], ["P1", "P3", 833, "SemiPvt"], ["P2", "P3", 187, "LoedgreemOCI"]]
1679434407.2132611;P3;[["P1", "P2", 977, "Quetzalcoatl"], ["P1", "P3", 833, "SemiPvt"], ["P2", "P3", 187, "LoedgreemOCI"]]
1679434410.2324789;P3;[["P1", "P2", 977, "Quetzalcoatl"], ["P1", "P3", 833, "SemiPvt"], ["P2", "P3", 187, "LoedgreemOCI"]]
1679434413.266203;P3;[["P1", "P2", 977, "Quetzalcoatl"], ["P1", "P3", 833, "SemiPvt"], ["P2", "P3", 187, "LoedgreemOCI"]]
1679434416.3044553;P3;[["P1", "P2", 977, "Quetzalcoatl"], ["P1", "P3", 833, "SemiPvt"], ["P2", "P3", 187, "LoedgreemOCI"]]
1679434419.3288355;P3;[["P1", "P2", 977, "Quetzalcoatl"], ["P1", "P3", 833, "SemiPvt"], ["P2", "P3", 187, "LoedgreemOCI"]]
1679434422.348044;P3;[["P1", "P2", 977, "Quetzalcoatl"], ["P1", "P3", 833, "SemiPvt"], ["P2", "P3", 187, "LoedgreemOCI"]]
1679434425.3773854;P3;[["P1", "P2", 715, "Quetzalcoatl"], ["P1", "P3", 833, "SemiPvt"], ["P2", "P3", 187, "LoedgreemOCI"]]
1679434428.4070232;P3;[["P1", "P2", 715, "Quetzalcoatl"], ["P1", "P3", 833, "SemiPvt"], ["P2", "P3", 187, "LoedgreemOCI"]]
1679434431.4296722;P3;[["P1", "P2", 715, "Quetzalcoatl"], ["P1", "P3", 833, "SemiPvt"], ["P2", "P3", 187, "LoedgreemOCI"]]
1679434434.4723835;P3;[["P1", "P2", 715, "Quetzalcoatl"], ["P1", "P3", 833, "SemiPvt"], ["P2", "P3", 187, "LoedgreemOCI"]]
1679434437.508169;P3;[["P1", "P2", 715, "Quetzalcoatl"], ["P1", "P3", 833, "SemiPvt"], ["P2", "P3", 187, "LoedgreemOCI"]]
1679434440.5470817;P3;[["P1", "P2", 715, "Quetzalcoatl"], ["P1", "P3", 833, "SemiPvt"], ["P2", "P3", 187, "LoedgreemOCI"]]
1679434443.5713003;P3;[["P1", "P2", 715, "Quetzalcoatl"], ["P1", "P3", 833, "SemiPvt"], ["P2", "P3", 189, "LoedgreemOCI"]]
1679434446.596966;P3;[["P1", "P2", 715, "Quetzalcoatl"], ["P1", "P3", 833, "SemiPvt"], ["P2", "P3", 189, "LoedgreemOCI"]]
1679434449.6327543;P3;[["P1", "P2", 715, "Quetzalcoatl"], ["P1", "P3", 833, "SemiPvt"], ["P2", "P3", 189, "LoedgreemOCI"]]
1679434452.6690948;P3;[["P1", "P2", 715, "Quetzalcoatl"], ["P1", "P3", 604, "SemiPvt"], ["P2", "P3", 189, "LoedgreemOCI"]]
1679434455.6965394;P3;[["P1", "P2", 715, "Quetzalcoatl"], ["P1", "P3", 604, "SemiPvt"], ["P2", "P3", 189, "LoedgreemOCI"]]
1679434458.7411876;P3;[["P1", "P2", 715, "Quetzalcoatl"], ["P1", "P3", 604, "SemiPvt"], ["P2", "P3", 189, "LoedgreemOCI"]]
1679434461.7786605;P3;[["P1", "P2", 715, "Quetzalcoatl"], ["P1", "P3", 604, "SemiPvt"], ["P2", "P3", 189, "LoedgreemOCI"]]
1679434464.802809;P3;[["P1", "P2", 715, "Quetzalcoatl"], ["P1", "P3", 604, "SemiPvt"], ["P2", "P3", 189, "LoedgreemOCI"]]
1679434467.8336425;P3;[["P1", "P2", 1060, "Quetzalcoatl"], ["P1", "P3", 604, "SemiPvt"], ["P2", "P3", 189, "LoedgreemOCI"]]
1679434470.868499;P3;[["P1", "P2", 1060, "Quetzalcoatl"], ["P1", "P3", 604, "SemiPvt"], ["P2", "P3", 189, "LoedgreemOCI"]]
1679434473.9100142;P3;[["P1", "P2", 1060, "Quetzalcoatl"], ["P1", "P3", 604, "SemiPvt"], ["P2", "P3", 189, "LoedgreemOCI"]]
1679434476.951345;P3;[["P1", "P2", 1060, "Quetzalcoatl"], ["P1", "P3", 604, "SemiPvt"], ["P2", "P3", 189, "LoedgreemOCI"]]
1679434479.987987;P3;[["P1", "P2", 1060, "Quetzalcoatl"], ["P1", "P3", 604, "SemiPvt"], ["P2", "P3", 189, "LoedgreemOCI"]]
1679434483.0174453;P3;[["P1", "P2", 1060, "Quetzalcoatl"], ["P1", "P3", 604, "SemiPvt"], ["P2", "P3", 189, "LoedgreemOCI"]]
1679434486.0806477;P3;[["P1", "P2", 1060, "Quetzalcoatl"], ["P1", "P3", 604, "SemiPvt"], ["P2", "P3", 189, "LoedgreemOCI"]]
1679434489.1193538;P3;[["P1", "P2", 1060, "Quetzalcoatl"], ["P1", "P3", 604, "SemiPvt"], ["P2", "P3", 126, "LoedgreemOCI"]]
1679434492.1404428;P3;[["P1", "P2", 1060, "Quetzalcoatl"], ["P1", "P3", 604, "SemiPvt"], ["P2", "P3", 126, "LoedgreemOCI"]]
1679434495.1805778;P3;[["P1", "P2", 1060, "Quetzalcoatl"], ["P1", "P3", 604, "SemiPvt"], ["P2", "P3", 126, "LoedgreemOCI"]]
1679434498.214042;P3;[["P1", "P2", 1060, "Quetzalcoatl"], ["P1", "P3", 871, "SemiPvt"], ["P2", "P3", 126, "LoedgreemOCI"]]
1679434501.2296033;P3;[["P1", "P2", 1060, "Quetzalcoatl"], ["P1", "P3", 871, "SemiPvt"], ["P2", "P3", 126, "LoedgreemOCI"]]
1679434504.2713063;P3;[["P1", "P2", 1060, "Quetzalcoatl"], ["P1", "P3", 871, "SemiPvt"], ["P2", "P3", 126, "LoedgreemOCI"]]
1679434507.304567;P3;[["P1", "P2", 1060, "Quetzalcoatl"], ["P1", "P3", 871, "SemiPvt"], ["P2", "P3", 126, "LoedgreemOCI"]]
1679434510.3347867;P3;[["P1", "P2", 1060, "Quetzalcoatl"], ["P1", "P3", 871, "SemiPvt"], ["P2", "P3", 126, "LoedgreemOCI"]]
1679434513.3868039;P3;[["P1", "P2", 1064, "Quetzalcoatl"], ["P1", "P3", 871, "SemiPvt"], ["P2", "P3", 126, "LoedgreemOCI"]]
1679434516.41883;P3;[["P1", "P2", 1064, "Quetzalcoatl"], ["P1", "P3", 871, "SemiPvt"], ["P2", "P3", 126, "LoedgreemOCI"]]
1679434519.4346395;P3;[["P1", "P2", 1064, "Quetzalcoatl"], ["P1", "P3", 871, "SemiPvt"], ["P2", "P3", 126, "LoedgreemOCI"]]
1679434522.4721208;P3;[["P1", "P2", 1064, "Quetzalcoatl"], ["P1", "P3", 871, "SemiPvt"], ["P2", "P3", 126, "LoedgreemOCI"]]
1679434525.5013173;P3;[["P1", "P2", 1064, "Quetzalcoatl"], ["P1", "P3", 871, "SemiPvt"], ["P2", "P3", 126, "LoedgreemOCI"]]
1679434528.547184;P3;[["P1", "P2", 1064, "Quetzalcoatl"], ["P1", "P3", 871, "SemiPvt"], ["P2", "P3", 126, "LoedgreemOCI"]]
1679434531.598376;P3;[["P1", "P2", 1064, "Quetzalcoatl"], ["P1", "P3", 871, "SemiPvt"], ["P2", "P3", 125, "LoedgreemOCI"]]
1679434534.6310303;P3;[["P1", "P2", 1064, "Quetzalcoatl"], ["P1", "P3", 871, "SemiPvt"], ["P2", "P3", 125, "LoedgreemOCI"]]
1679434537.6627333;P3;[["P1", "P2", 1064, "Quetzalcoatl"], ["P1", "P3", 871, "SemiPvt"], ["P2", "P3", 125, "LoedgreemOCI"]]
1679434540.7266045;P3;[["P1", "P2", 1064, "Quetzalcoatl"], ["P1", "P3", 871, "SemiPvt"], ["P2", "P3", 125, "LoedgreemOCI"]]
1679434543.760701;P3;[["P1", "P2", 1064, "Quetzalcoatl"], ["P1", "P3", 907, "SemiPvt"], ["P2", "P3", 125, "LoedgreemOCI"]]
1679434546.799838;P3;[["P1", "P2", 1064, "Quetzalcoatl"], ["P1", "P3", 907, "SemiPvt"], ["P2", "P3", 125, "LoedgreemOCI"]]
1679434549.8356497;P3;[["P1", "P2", 1064, "Quetzalcoatl"], ["P1", "P3", 907, "SemiPvt"], ["P2", "P3", 125, "LoedgreemOCI"]]
1679434552.8573942;P3;[["P1", "P2", 1064, "Quetzalcoatl"], ["P1", "P3", 907, "SemiPvt"], ["P2", "P3", 125, "LoedgreemOCI"]]
1679434555.893983;P3;[["P1", "P2", 1064, "Quetzalcoatl"], ["P1", "P3", 907, "SemiPvt"], ["P2", "P3", 125, "LoedgreemOCI"]]
1679434558.9282093;P3;[["P1", "P2", 1064, "Quetzalcoatl"], ["P1", "P3", 907, "SemiPvt"], ["P2", "P3", 125, "LoedgreemOCI"]]
1679434561.9427543;P3;[["P1", "P2", 1064, "Quetzalcoatl"], ["P1", "P3", 907, "SemiPvt"], ["P2", "P3", 125, "LoedgreemOCI"]]
1679434564.9802961;P3;[["P1", "P2", 1064, "Quetzalcoatl"], ["P1", "P3", 907, "SemiPvt"], ["P2", "P3", 125, "LoedgreemOCI"]]
1679434568.0115511;P3;[["P1", "P2", 1064, "Quetzalcoatl"], ["P1", "P3", 907, "SemiPvt"], ["P2", "P3", 125, "LoedgreemOCI"]]
1679434571.0394366;P3;[["P1", "P2", 1064, "Quetzalcoatl"], ["P1", "P3", 907, "SemiPvt"], ["P2", "P3", 125, "LoedgreemOCI"]]
1679434574.0634634;P3;[["P1", "P2", 100, "ForPrivacyNET"], ["P1", "P3", 907, "SemiPvt"], ["P2", "P3", 125, "LoedgreemOCI"]]
1679434577.1074023;P3;[["P1", "P2", 100, "ForPrivacyNET"], ["P1", "P3", 907, "SemiPvt"], ["P2", "P3", 125, "LoedgreemOCI"]]
1679434580.1673207;P3;[["P1", "P2", 100, "ForPrivacyNET"], ["P1", "P3", 907, "SemiPvt"], ["P2", "P3", 125, "LoedgreemOCI"]]
1679434583.2132154;P3;[["P1", "P2", 100, "ForPrivacyNET"], ["P1", "P3", 907, "SemiPvt"], ["P2", "P3", 125, "LoedgreemOCI"]]
1679434586.291771;P3;[["P1", "P2", 100, "ForPrivacyNET"], ["P1", "P3", 907, "SemiPvt"], ["P2", "P3", 125, "LoedgreemOCI"]]
1679434589.351266;P3;[["P1", "P2", 100, "ForPrivacyNET"], ["P1", "P3", 907, "SemiPvt"], ["P2", "P3", 125, "LoedgreemOCI"]]
1679434592.3853445;P3;[["P1", "P2", 100, "ForPrivacyNET"], ["P1", "P3", 907, "SemiPvt"], ["P2", "P3", 387, "LoedgreemOCI"]]
1679434595.4370143;P3;[["P1", "P2", 100, "ForPrivacyNET"], ["P1", "P3", 907, "SemiPvt"], ["P2", "P3", 387, "LoedgreemOCI"]]
1679434598.470939;P3;[["P1", "P2", 100, "ForPrivacyNET"], ["P1", "P3", 907, "SemiPvt"], ["P2", "P3", 387, "LoedgreemOCI"]]
1679434601.5123584;P3;[["P1", "P2", 100, "ForPrivacyNET"], ["P1", "P3", 907, "SemiPvt"], ["P2", "P3", 387, "LoedgreemOCI"]]
1679434604.5362632;P3;[["P1", "P2", 100, "ForPrivacyNET"], ["P1", "P3", 752, "SemiPvt"], ["P2", "P3", 387, "LoedgreemOCI"]]
1679434607.5901945;P3;[["P1", "P2", 100, "ForPrivacyNET"], ["P1", "P3", 752, "SemiPvt"], ["P2", "P3", 387, "LoedgreemOCI"]]
1679434610.6225696;P3;[["P1", "P2", 100, "ForPrivacyNET"], ["P1", "P3", 752, "SemiPvt"], ["P2", "P3", 387, "LoedgreemOCI"]]
1679434613.6512291;P3;[["P1", "P2", 100, "ForPrivacyNET"], ["P1", "P3", 752, "SemiPvt"], ["P2", "P3", 387, "LoedgreemOCI"]]
1679434616.6968126;P3;[["P1", "P2", 100, "ForPrivacyNET"], ["P1", "P3", 752, "SemiPvt"], ["P2", "P3", 387, "LoedgreemOCI"]]
1679434619.7154427;P3;[["P1", "P2", 100, "ForPrivacyNET"], ["P1", "P3", 752, "SemiPvt"], ["P2", "P3", 387, "LoedgreemOCI"]]
1679434622.7544215;P3;[["P1", "P2", 100, "ForPrivacyNET"], ["P1", "P3", 752, "SemiPvt"], ["P2", "P3", 387, "LoedgreemOCI"]]
1679434625.8327804;P3;[["P1", "P2", 100, "ForPrivacyNET"], ["P1", "P3", 752, "SemiPvt"], ["P2", "P3", 387, "LoedgreemOCI"]]
1679434628.8592548;P3;[["P1", "P2", 100, "ForPrivacyNET"], ["P1", "P3", 752, "SemiPvt"], ["P2", "P3", 387, "LoedgreemOCI"]]
1679434631.8884158;P3;[["P1", "P2", 100, "ForPrivacyNET"], ["P1", "P3", 752, "SemiPvt"], ["P2", "P3", 387, "LoedgreemOCI"]]
1679434634.9801178;P3;[["P1", "P2", 974, "ForPrivacyNET"], ["P1", "P3", 752, "SemiPvt"], ["P2", "P3", 387, "LoedgreemOCI"]]
1679434638.0711682;P3;[["P1", "P2", 974, "ForPrivacyNET"], ["P1", "P3", 752, "SemiPvt"], ["P2", "P3", 149, "LoedgreemOCI"]]
1679434641.1031916;P3;[["P1", "P2", 974, "ForPrivacyNET"], ["P1", "P3", 752, "SemiPvt"], ["P2", "P3", 149, "LoedgreemOCI"]]
1679434644.13147;P3;[["P1", "P2", 974, "ForPrivacyNET"], ["P1", "P3", 752, "SemiPvt"], ["P2", "P3", 149, "LoedgreemOCI"]]
1679434647.1723266;P3;[["P1", "P2", 974, "ForPrivacyNET"], ["P1", "P3", 752, "SemiPvt"], ["P2", "P3", 149, "LoedgreemOCI"]]
1679434650.3184128;P3;[["P1", "P2", 974, "ForPrivacyNET"], ["P1", "P3", 626, "SemiPvt"], ["P2", "P3", 149, "LoedgreemOCI"]]
1679434653.3740318;P3;[["P1", "P3", 440, "SemiPvt"], ["P2", "P3", 100, "Planetclaire61"]]
1679434656.4379818;P3;[["P1", "P3", 440, "SemiPvt"], ["P2", "P3", 100, "Planetclaire61"]]
1679434659.4558446;P3;[["P1", "P2", 974, "ForPrivacyNET"], ["P1", "P3", 626, "SemiPvt"], ["P2", "P3", 149, "LoedgreemOCI"]]
1679434662.4801552;P3;[["P1", "P2", 974, "ForPrivacyNET"], ["P1", "P3", 626, "SemiPvt"], ["P2", "P3", 149, "LoedgreemOCI"]]
1679434665.5218356;P3;[["P1", "P2", 974, "ForPrivacyNET"], ["P1", "P3", 626, "SemiPvt"], ["P2", "P3", 149, "LoedgreemOCI"]]
1679434668.5680327;P3;[["P1", "P2", 974, "ForPrivacyNET"], ["P1", "P3", 626, "SemiPvt"], ["P2", "P3", 100, "Planetclaire61"]]
1679434671.6085148;P3;[["P1", "P2", 974, "ForPrivacyNET"], ["P1", "P3", 626, "SemiPvt"], ["P2", "P3", 100, "Planetclaire61"]]
1679434674.6188827;P3;[["P1", "P2", 974, "ForPrivacyNET"], ["P1", "P3", 626, "SemiPvt"], ["P2", "P3", 100, "Planetclaire61"]]
1679434677.6645844;P3;[["P1", "P2", 974, "ForPrivacyNET"], ["P1", "P3", 626, "SemiPvt"], ["P2", "P3", 100, "Planetclaire61"]]
1679434680.6825504;P3;[["P1", "P2", 974, "ForPrivacyNET"], ["P1", "P3", 626, "SemiPvt"], ["P2", "P3", 100, "Planetclaire61"]]
1679434683.7354121;P3;[["P1", "P2", 974, "ForPrivacyNET"], ["P1", "P3", 626, "SemiPvt"], ["P2", "P3", 100, "Planetclaire61"]]
1679434686.7640219;P3;[["P1", "P2", 974, "ForPrivacyNET"], ["P1", "P3", 626, "SemiPvt"], ["P2", "P3", 100, "Planetclaire61"]]
1679434689.79139;P3;[["P1", "P2", 974, "ForPrivacyNET"], ["P1", "P3", 626, "SemiPvt"], ["P2", "P3", 100, "Planetclaire61"]]
1679434692.8204963;P3;[["P1", "P2", 974, "ForPrivacyNET"], ["P1", "P3", 626, "SemiPvt"], ["P2", "P3", 100, "Planetclaire61"]]
1679434695.8616376;P3;[["P1", "P2", 969, "ForPrivacyNET"], ["P1", "P3", 628, "SemiPvt"], ["P2", "P3", 100, "Planetclaire61"]]
1679434698.8783436;P3;[["P1", "P2", 969, "ForPrivacyNET"], ["P1", "P3", 628, "SemiPvt"], ["P2", "P3", 100, "Planetclaire61"]]
1679434701.915099;P3;[["P1", "P2", 969, "ForPrivacyNET"], ["P1", "P3", 628, "SemiPvt"], ["P2", "P3", 100, "Planetclaire61"]]
1679434704.9715598;P3;[["P1", "P2", 969, "ForPrivacyNET"], ["P1", "P3", 628, "SemiPvt"], ["P2", "P3", 100, "Planetclaire61"]]
1679434708.001382;P3;[["P1", "P2", 969, "ForPrivacyNET"], ["P1", "P3", 628, "SemiPvt"], ["P2", "P3", 100, "Planetclaire61"]]
1679434711.048452;P3;[["P1", "P2", 969, "ForPrivacyNET"], ["P1", "P3", 628, "SemiPvt"], ["P2", "P3", 100, "Planetclaire61"]]
1679434714.10918;P3;[["P1", "P2", 969, "ForPrivacyNET"], ["P1", "P3", 628, "SemiPvt"], ["P2", "P3", 132, "Planetclaire61"]]
1679434717.143893;P3;[["P1", "P2", 969, "ForPrivacyNET"], ["P1", "P3", 628, "SemiPvt"], ["P2", "P3", 132, "Planetclaire61"]]
1679434720.1961994;P3;[["P1", "P2", 969, "ForPrivacyNET"], ["P1", "P3", 628, "SemiPvt"], ["P2", "P3", 132, "Planetclaire61"]]
1679434723.2326007;P3;[["P1", "P2", 969, "ForPrivacyNET"], ["P1", "P3", 628, "SemiPvt"], ["P2", "P3", 132, "Planetclaire61"]]
1679434726.2590394;P3;[["P1", "P2", 969, "ForPrivacyNET"], ["P1", "P3", 628, "SemiPvt"], ["P2", "P3", 132, "Planetclaire61"]]
1679434729.327366;P3;[["P1", "P2", 969, "ForPrivacyNET"], ["P1", "P3", 628, "SemiPvt"], ["P2", "P3", 132, "Planetclaire61"]]
1679434732.366253;P3;[["P1", "P2", 969, "ForPrivacyNET"], ["P1", "P3", 628, "SemiPvt"], ["P2", "P3", 132, "Planetclaire61"]]
1679434735.3911717;P3;[["P1", "P2", 969, "ForPrivacyNET"], ["P1", "P3", 628, "SemiPvt"], ["P2", "P3", 132, "Planetclaire61"]]
1679434738.4090807;P3;[["P1", "P2", 969, "ForPrivacyNET"], ["P1", "P3", 628, "SemiPvt"], ["P2", "P3", 132, "Planetclaire61"]]
1679434741.4610538;P3;[["P1", "P2", 969, "ForPrivacyNET"], ["P1", "P3", 628, "SemiPvt"], ["P2", "P3", 132, "Planetclaire61"]]
1679434744.491721;P3;[["P1", "P2", 969, "ForPrivacyNET"], ["P1", "P3", 628, "SemiPvt"], ["P2", "P3", 132, "Planetclaire61"]]
1679434747.5357718;P3;[["P1", "P2", 969, "ForPrivacyNET"], ["P1", "P3", 628, "SemiPvt"], ["P2", "P3", 132, "Planetclaire61"]]
1679434750.5731087;P3;[["P1", "P2", 969, "ForPrivacyNET"], ["P1", "P3", 628, "SemiPvt"], ["P2", "P3", 132, "Planetclaire61"]]
1679434753.619147;P3;[["P1", "P2", 841, "ForPrivacyNET"], ["P1", "P3", 862, "SemiPvt"], ["P2", "P3", 132, "Planetclaire61"]]
1679434756.782452;P3;[["P1", "P2", 841, "ForPrivacyNET"], ["P1", "P3", 862, "SemiPvt"], ["P2", "P3", 719, "Planetclaire61"]]
1679434759.7979164;P3;[["P1", "P2", 841, "ForPrivacyNET"], ["P1", "P3", 862, "SemiPvt"], ["P2", "P3", 719, "Planetclaire61"]]
1679434762.835901;P3;[["P1", "P2", 841, "ForPrivacyNET"], ["P1", "P3", 862, "SemiPvt"], ["P2", "P3", 719, "Planetclaire61"]]
1679434765.894298;P3;[["P1", "P2", 841, "ForPrivacyNET"], ["P1", "P3", 862, "SemiPvt"], ["P2", "P3", 719, "Planetclaire61"]]
1679434768.9651937;P3;[["P1", "P2", 841, "ForPrivacyNET"], ["P1", "P3", 862, "SemiPvt"], ["P2", "P3", 719, "Planetclaire61"]]
1679434771.9980314;P3;[["P1", "P2", 841, "ForPrivacyNET"], ["P1", "P3", 862, "SemiPvt"], ["P2", "P3", 719, "Planetclaire61"]]
1679434775.0800765;P3;[["P1", "P2", 841, "ForPrivacyNET"], ["P1", "P3", 862, "SemiPvt"], ["P2", "P3", 719, "Planetclaire61"]]
1679434778.1177711;P3;[["P1", "P2", 841, "ForPrivacyNET"], ["P1", "P3", 862, "SemiPvt"], ["P2", "P3", 719, "Planetclaire61"]]
1679434781.173279;P3;[["P1", "P2", 841, "ForPrivacyNET"], ["P1", "P3", 862, "SemiPvt"], ["P2", "P3", 719, "Planetclaire61"]]
1679434784.2219334;P3;[["P1", "P2", 841, "ForPrivacyNET"], ["P1", "P3", 862, "SemiPvt"], ["P2", "P3", 719, "Planetclaire61"]]
1679434787.2642016;P3;[["P1", "P3", 862, "SemiPvt"]]
1679434790.291522;P3;[["P1", "P3", 862, "SemiPvt"]]
1679434793.3307056;P3;[["P1", "P3", 862, "SemiPvt"]]
1679434796.354729;P3;[["P1", "P3", 862, "SemiPvt"]]
1679434799.3716393;P3;[["P1", "P3", 631, "SemiPvt"]]
1679434802.3971055;P3;[["P1", "P3", 631, "SemiPvt"]]
1679434805.439154;P3;[["P1", "P3", 631, "SemiPvt"]]
1679434808.4637218;P3;[["P1", "P3", 631, "SemiPvt"]]
1679434811.487328;P3;[["P2", "P3", 1102, "Planetclaire61"], ["P1", "P3", 631, "SemiPvt"]]
1679434814.5348032;P3;[["P2", "P3", 1102, "Planetclaire61"], ["P1", "P3", 631, "SemiPvt"]]
1679434817.587755;P3;[["P2", "P3", 1102, "Planetclaire61"], ["P1", "P3", 631, "SemiPvt"]]
1679434820.6419737;P3;[["P2", "P3", 1102, "Planetclaire61"], ["P1", "P3", 631, "SemiPvt"]]
1679434823.6710663;P3;[["P2", "P3", 1102, "Planetclaire61"], ["P1", "P3", 631, "SemiPvt"]]
1679434826.7169578;P3;[["P2", "P3", 1102, "Planetclaire61"], ["P1", "P3", 631, "SemiPvt"]]
1679434829.7379937;P3;[["P2", "P3", 1102, "Planetclaire61"], ["P1", "P3", 631, "SemiPvt"]]
1679434832.7737696;P3;[["P2", "P3", 1102, "Planetclaire61"], ["P1", "P3", 631, "SemiPvt"]]
1679434835.8179371;P3;[["P2", "P3", 1102, "Planetclaire61"], ["P1", "P3", 631, "SemiPvt"]]
1679434838.8449645;P3;[["P2", "P3", 1102, "Planetclaire61"], ["P1", "P3", 631, "SemiPvt"]]
1679434841.8736923;P3;[["P2", "P3", 1102, "Planetclaire61"], ["P1", "P3", 631, "SemiPvt"]]
1679434844.9049149;P3;[["P2", "P3", 1102, "Planetclaire61"], ["P1", "P3", 446, "SemiPvt"]]
1679434847.9487991;P3;[["P2", "P3", 1102, "Planetclaire61"], ["P1", "P3", 446, "SemiPvt"]]
1679434850.987245;P3;[["P2", "P3", 1102, "Planetclaire61"], ["P1", "P3", 446, "SemiPvt"]]
1679434854.0292623;P3;[["P2", "P3", 1102, "Planetclaire61"], ["P1", "P3", 446, "SemiPvt"]]
1679434857.090527;P3;[["P2", "P3", 1102, "Planetclaire61"], ["P1", "P3", 446, "SemiPvt"]]
1679434860.117206;P3;[["P2", "P3", 1102, "Planetclaire61"], ["P1", "P3", 446, "SemiPvt"]]
1679434863.1539261;P3;[["P2", "P3", 912, "Planetclaire61"], ["P1", "P3", 446, "SemiPvt"]]
1679434866.1812956;P3;[["P2", "P3", 912, "Planetclaire61"], ["P1", "P3", 446, "SemiPvt"]]
1679434869.2270586;P3;[["P2", "P3", 912, "Planetclaire61"], ["P1", "P3", 446, "SemiPvt"]]
1679434872.278206;P3;[["P2", "P3", 912, "Planetclaire61"], ["P1", "P3", 446, "SemiPvt"]]
1679434875.3264017;P3;[["P2", "P3", 912, "Planetclaire61"], ["P1", "P3", 446, "SemiPvt"]]
1679434878.3442564;P3;[["P2", "P3", 912, "Planetclaire61"], ["P1", "P3", 446, "SemiPvt"]]
1679434881.3690841;P3;[["P2", "P3", 912, "Planetclaire61"], ["P1", "P3", 446, "SemiPvt"]]
1679434884.427686;P3;[["P2", "P3", 912, "Planetclaire61"], ["P1", "P3", 446, "SemiPvt"]]
1679434887.465428;P3;[["P2", "P3", 912, "Planetclaire61"], ["P1", "P3", 446, "SemiPvt"]]
1679434890.5068192;P3;[["P2", "P3", 912, "Planetclaire61"], ["P1", "P3", 446, "SemiPvt"]]
1679434893.5404904;P3;[["P2", "P3", 912, "Planetclaire61"], ["P1", "P3", 446, "SemiPvt"]]
1679434896.6116986;P3;[["P2", "P3", 912, "Planetclaire61"], ["P1", "P3", 446, "SemiPvt"]]
1679434899.6728559;P3;[["P2", "P3", 912, "Planetclaire61"], ["P1", "P3", 446, "SemiPvt"]]
1679434902.7138824;P3;[["P2", "P3", 912, "Planetclaire61"], ["P1", "P3", 446, "SemiPvt"]]
1679434905.7333028;P3;[["P2", "P3", 912, "Planetclaire61"], ["P1", "P3", 285, "SemiPvt"]]
1679434908.8045318;P3;[["P2", "P3", 893, "Planetclaire61"], ["P1", "P3", 285, "SemiPvt"]]
1679434911.8570638;P3;[["P2", "P3", 893, "Planetclaire61"], ["P1", "P3", 285, "SemiPvt"]]
1679434914.8793309;P3;[["P2", "P3", 893, "Planetclaire61"], ["P1", "P3", 285, "SemiPvt"]]
1679434917.9367507;P3;[["P2", "P3", 893, "Planetclaire61"], ["P1", "P3", 285, "SemiPvt"]]
1679434920.9788845;P3;[["P2", "P3", 893, "Planetclaire61"], ["P1", "P3", 285, "SemiPvt"]]
1679434924.0206766;P3;[["P2", "P3", 893, "Planetclaire61"], ["P1", "P3", 285, "SemiPvt"]]
1679434927.05637;P3;[["P2", "P3", 893, "Planetclaire61"], ["P1", "P3", 285, "SemiPvt"]]
1679434930.0773997;P3;[["P2", "P3", 893, "Planetclaire61"], ["P1", "P3", 285, "SemiPvt"]]
1679434933.1014216;P3;[["P2", "P3", 893, "Planetclaire61"], ["P1", "P3", 285, "SemiPvt"]]
1679434936.1466835;P3;[["P2", "P3", 893, "Planetclaire61"], ["P1", "P3", 285, "SemiPvt"]]
1679434939.1902554;P3;[["P2", "P3", 893, "Planetclaire61"], ["P1", "P3", 285, "SemiPvt"]]
1679434942.2214031;P3;[["P2", "P3", 893, "Planetclaire61"], ["P1", "P3", 285, "SemiPvt"]]
1679434945.256699;P3;[["P2", "P3", 893, "Planetclaire61"], ["P1", "P3", 285, "SemiPvt"]]
1679434948.3044026;P3;[["P2", "P3", 893, "Planetclaire61"], ["P1", "P3", 285, "SemiPvt"]]
1679434951.3623638;P3;[["P2", "P3", 893, "Planetclaire61"], ["P1", "P3", 340, "SemiPvt"]]
1679434954.3886464;P3;[["P2", "P3", 893, "Planetclaire61"], ["P1", "P3", 340, "SemiPvt"]]
1679434957.4237876;P3;[["P2", "P3", 893, "Planetclaire61"], ["P1", "P3", 340, "SemiPvt"]]
1679434960.485578;P3;[["P2", "P3", 893, "Planetclaire61"], ["P1", "P3", 340, "SemiPvt"]]
1679434963.5130248;P3;[["P2", "P3", 893, "Planetclaire61"], ["P1", "P3", 340, "SemiPvt"]]
1679434966.5590389;P3;[["P2", "P3", 893, "Planetclaire61"], ["P1", "P3", 340, "SemiPvt"]]
1679434969.5903854;P3;[["P2", "P3", 867, "Planetclaire61"], ["P1", "P3", 340, "SemiPvt"]]
1679434972.6377738;P3;[["P2", "P3", 867, "Planetclaire61"], ["P1", "P3", 340, "SemiPvt"]]
1679434975.6846306;P3;[["P2", "P3", 867, "Planetclaire61"], ["P1", "P3", 340, "SemiPvt"]]
1679434978.7198894;P3;[["P2", "P3", 867, "Planetclaire61"], ["P1", "P3", 340, "SemiPvt"]]
1679434981.7767744;P3;[["P2", "P3", 867, "Planetclaire61"], ["P1", "P3", 340, "SemiPvt"]]
1679434984.8266675;P3;[["P2", "P3", 867, "Planetclaire61"], ["P1", "P3", 340, "SemiPvt"]]
1679434987.8720453;P3;[["P2", "P3", 867, "Planetclaire61"], ["P1", "P3", 340, "SemiPvt"]]
1679434990.8852985;P3;[["P2", "P3", 867, "Planetclaire61"], ["P1", "P3", 340, "SemiPvt"]]
1679434993.9313967;P3;[["P2", "P3", 867, "Planetclaire61"], ["P1", "P3", 301, "SemiPvt"]]
1679434996.9961076;P3;[["P2", "P3", 867, "Planetclaire61"], ["P1", "P3", 301, "SemiPvt"]]
1679435000.054124;P3;[["P2", "P3", 867, "Planetclaire61"], ["P1", "P3", 301, "SemiPvt"]]
1679435003.1062548;P3;[["P2", "P3", 867, "Planetclaire61"], ["P1", "P3", 301, "SemiPvt"]]
1679435006.1514695;P3;[["P2", "P3", 867, "Planetclaire61"], ["P1", "P3", 301, "SemiPvt"]]
1679435009.262691;P3;[["P2", "P3", 867, "Planetclaire61"], ["P1", "P3", 301, "SemiPvt"]]
1679435012.3116477;P3;[["P2", "P3", 775, "Planetclaire61"], ["P1", "P3", 301, "SemiPvt"]]
1679435015.3692586;P3;[["P2", "P3", 775, "Planetclaire61"], ["P1", "P3", 301, "SemiPvt"]]
1679435018.3994694;P3;[["P2", "P3", 775, "Planetclaire61"], ["P1", "P3", 301, "SemiPvt"]]
1679435021.4488993;P3;[["P2", "P3", 775, "Planetclaire61"], ["P1", "P3", 301, "SemiPvt"]]
1679435024.4719253;P3;[["P1", "P3", 151, "SemiPvt"], ["P2", "P3", 100, "TorGuard2G1"]]
1679435027.5270128;P3;[["P2", "P3", 100, "TorGuard2G1"], ["P1", "P3", 301, "SemiPvt"]]
1679435030.5842967;P3;[["P2", "P3", 100, "TorGuard2G1"], ["P1", "P3", 301, "SemiPvt"]]
1679435033.6225688;P3;[["P2", "P3", 100, "TorGuard2G1"], ["P1", "P3", 301, "SemiPvt"]]
1679435036.6741347;P3;[["P2", "P3", 100, "TorGuard2G1"], ["P1", "P3", 301, "SemiPvt"]]
1679435039.7356145;P3;[["P2", "P3", 100, "TorGuard2G1"], ["P1", "P3", 301, "SemiPvt"]]
1679435042.799389;P3;[["P2", "P3", 100, "TorGuard2G1"], ["P1", "P3", 301, "SemiPvt"]]
1679435045.8452866;P3;[["P2", "P3", 100, "TorGuard2G1"], ["P1", "P3", 301, "SemiPvt"]]
1679435048.9100566;P3;[["P2", "P3", 100, "TorGuard2G1"], ["P1", "P3", 301, "SemiPvt"]]
1679435051.9839501;P3;[["P2", "P3", 100, "TorGuard2G1"], ["P1", "P3", 301, "SemiPvt"]]
1679435055.0346253;P3;[["P2", "P3", 100, "TorGuard2G1"], ["P1", "P3", 352, "SemiPvt"]]
1679435058.085061;P3;[["P2", "P3", 100, "TorGuard2G1"], ["P1", "P3", 352, "SemiPvt"]]
1679435061.1256194;P3;[["P2", "P3", 100, "TorGuard2G1"], ["P1", "P3", 352, "SemiPvt"]]
1679435064.2012994;P3;[["P2", "P3", 100, "TorGuard2G1"], ["P1", "P3", 352, "SemiPvt"]]
1679435067.2594147;P3;[["P2", "P3", 100, "TorGuard2G1"], ["P1", "P3", 352, "SemiPvt"]]
1679435070.5654428;P3;[["P2", "P3", 100, "TorGuard2G1"], ["P1", "P3", 352, "SemiPvt"]]
1679435073.6278193;P3;[["P2", "P3", 100, "TorGuard2G1"], ["P1", "P3", 352, "SemiPvt"]]
1679435076.6628609;P3;[["P2", "P3", 100, "TorGuard2G1"], ["P1", "P3", 352, "SemiPvt"]]
1679435079.7007537;P3;[["P2", "P3", 100, "TorGuard2G1"], ["P1", "P3", 352, "SemiPvt"]]
1679435082.737517;P3;[["P2", "P3", 100, "TorGuard2G1"], ["P1", "P3", 352, "SemiPvt"]]
1679435085.7855825;P3;[["P2", "P3", 100, "TorGuard2G1"], ["P1", "P3", 352, "SemiPvt"]]
1679435088.8323293;P3;[["P2", "P3", 897, "TorGuard2G1"], ["P1", "P3", 352, "SemiPvt"]]
1679435091.8773274;P3;[["P2", "P3", 897, "TorGuard2G1"], ["P1", "P3", 352, "SemiPvt"]]
1679435094.923813;P3;[["P2", "P3", 897, "TorGuard2G1"], ["P1", "P3", 352, "SemiPvt"]]
1679435097.956086;P3;[["P2", "P3", 897, "TorGuard2G1"], ["P1", "P3", 352, "SemiPvt"]]
1679435101.020059;P3;[["P2", "P3", 897, "TorGuard2G1"], ["P1", "P3", 240, "SemiPvt"]]
1679435104.1042163;P3;[["P2", "P3", 897, "TorGuard2G1"], ["P1", "P3", 240, "SemiPvt"]]
1679435107.1508627;P3;[["P2", "P3", 897, "TorGuard2G1"], ["P1", "P3", 240, "SemiPvt"]]
1679435110.2071912;P3;[["P2", "P3", 897, "TorGuard2G1"], ["P1", "P3", 240, "SemiPvt"]]
1679435113.2836022;P3;[["P2", "P3", 897, "TorGuard2G1"], ["P1", "P3", 240, "SemiPvt"]]
1679435116.3267326;P3;[["P2", "P3", 897, "TorGuard2G1"], ["P1", "P3", 240, "SemiPvt"]]
1679435119.3953044;P3;[["P2", "P3", 897, "TorGuard2G1"], ["P1", "P3", 240, "SemiPvt"]]
1679435122.4371858;P3;[["P2", "P3", 897, "TorGuard2G1"], ["P1", "P3", 240, "SemiPvt"]]
1679435125.4677854;P3;[["P2", "P3", 897, "TorGuard2G1"], ["P1", "P3", 240, "SemiPvt"]]
1679435128.5315087;P3;[["P2", "P3", 897, "TorGuard2G1"], ["P1", "P3", 240, "SemiPvt"]]
1679435131.5591793;P3;[["P2", "P3", 897, "TorGuard2G1"]]
1679435134.5730212;P3;[["P2", "P3", 701, "TorGuard2G1"]]
1679435137.6061945;P3;[]
1679435140.639267;P3;[["P1", "P3", 240, "SemiPvt"]]
1679435143.6802628;P3;[["P1", "P3", 240, "SemiPvt"]]
1679435146.742336;P3;[["P1", "P3", 228, "SemiPvt"]]
1679435149.7993598;P3;[["P1", "P3", 228, "SemiPvt"]]
1679435152.8523195;P3;[["P1", "P3", 228, "SemiPvt"]]
1679435155.9168587;P3;[["P1", "P3", 228, "SemiPvt"]]
1679435158.9349172;P3;[["P1", "P3", 228, "SemiPvt"]]
1679435162.0401263;P3;[["P1", "P3", 228, "SemiPvt"]]
1679435165.0993896;P3;[["P1", "P3", 228, "SemiPvt"]]
1679435168.1172216;P3;[["P1", "P3", 228, "SemiPvt"]]
1679435171.157289;P3;[["P1", "P3", 228, "SemiPvt"]]
1679435174.2199435;P3;[["P1", "P3", 228, "SemiPvt"]]
1679435177.2960691;P3;[["P1", "P3", 228, "SemiPvt"]]
1679435180.3370156;P3;[["P1", "P3", 228, "SemiPvt"], ["P2", "P3", 176, "TorGuard2G1"]]
1679435183.379735;P3;[["P1", "P3", 228, "SemiPvt"], ["P2", "P3", 176, "TorGuard2G1"]]
1679435186.4723735;P3;[["P1", "P3", 228, "SemiPvt"], ["P2", "P3", 176, "TorGuard2G1"]]
1679435189.493112;P3;[["P1", "P3", 228, "SemiPvt"], ["P2", "P3", 176, "TorGuard2G1"]]
1679435192.546609;P3;[["P1", "P3", 228, "SemiPvt"], ["P2", "P3", 176, "TorGuard2G1"]]
1679435195.5778267;P3;[["P1", "P3", 228, "SemiPvt"], ["P2", "P3", 176, "TorGuard2G1"]]
1679435198.6158428;P3;[["P1", "P3", 228, "SemiPvt"], ["P2", "P3", 176, "TorGuard2G1"]]
1679435201.6500752;P3;[["P1", "P3", 228, "SemiPvt"], ["P2", "P3", 176, "TorGuard2G1"]]
1679435204.6765926;P3;[["P1", "P3", 803, "SemiPvt"], ["P2", "P3", 176, "TorGuard2G1"]]
1679435207.7491546;P3;[["P1", "P3", 803, "SemiPvt"], ["P2", "P3", 176, "TorGuard2G1"]]
1679435210.8162553;P3;[["P1", "P3", 803, "SemiPvt"], ["P2", "P3", 176, "TorGuard2G1"]]
1679435213.8514512;P3;[["P1", "P3", 803, "SemiPvt"], ["P2", "P3", 176, "TorGuard2G1"]]
1679435216.965592;P3;[["P1", "P3", 803, "SemiPvt"], ["P2", "P3", 176, "TorGuard2G1"]]
1679435220.1203938;P3;[["P1", "P3", 803, "SemiPvt"], ["P2", "P3", 176, "TorGuard2G1"]]
1679435223.142168;P3;[["P1", "P3", 803, "SemiPvt"], ["P2", "P3", 176, "TorGuard2G1"]]
1679435226.202583;P3;[["P1", "P3", 803, "SemiPvt"], ["P2", "P3", 176, "TorGuard2G1"]]
1679435229.2497044;P3;[["P1", "P3", 803, "SemiPvt"], ["P2", "P3", 176, "TorGuard2G1"]]
1679435232.283956;P3;[["P1", "P3", 803, "SemiPvt"], ["P2", "P3", 176, "TorGuard2G1"]]
1679435235.319519;P3;[["P1", "P3", 803, "SemiPvt"], ["P2", "P3", 176, "TorGuard2G1"]]
1679435238.3938246;P3;[["P1", "P3", 803, "SemiPvt"], ["P2", "P3", 484, "TorGuard2G1"]]
1679435241.4460127;P3;[["P1", "P3", 803, "SemiPvt"], ["P2", "P3", 484, "TorGuard2G1"]]
1679435244.5044584;P3;[["P1", "P3", 803, "SemiPvt"], ["P2", "P3", 484, "TorGuard2G1"]]
1679435247.5556383;P3;[["P1", "P3", 803, "SemiPvt"], ["P2", "P3", 484, "TorGuard2G1"]]
1679435250.6030946;P3;[["P1", "P3", 164, "SemiPvt"], ["P2", "P3", 484, "TorGuard2G1"]]
1679435253.6607566;P3;[["P1", "P3", 164, "SemiPvt"], ["P2", "P3", 484, "TorGuard2G1"]]
1679435256.7054486;P3;[["P1", "P3", 164, "SemiPvt"], ["P2", "P3", 484, "TorGuard2G1"]]
1679435259.7502716;P3;[["P1", "P3", 164, "SemiPvt"], ["P2", "P3", 484, "TorGuard2G1"]]
1679435262.8162825;P3;[["P1", "P3", 164, "SemiPvt"], ["P2", "P3", 484, "TorGuard2G1"]]
1679435265.8602026;P3;[["P1", "P3", 164, "SemiPvt"], ["P2", "P3", 484, "TorGuard2G1"]]
1679435268.9146605;P3;[["P1", "P3", 164, "SemiPvt"], ["P2", "P3", 484, "TorGuard2G1"]]
1679435271.9770362;P3;[["P1", "P3", 164, "SemiPvt"], ["P2", "P3", 484, "TorGuard2G1"]]
1679435275.0145965;P3;[["P1", "P3", 164, "SemiPvt"], ["P2", "P3", 484, "TorGuard2G1"]]
1679435278.0392818;P3;[["P1", "P3", 164, "SemiPvt"], ["P2", "P3", 484, "TorGuard2G1"]]
