1677420283.0951798;P3;PEER ENTERED;
1677420283.7534783;P3;NEIGHBOUR CONNECTION;P1
1677420287.0049179;P3;NEIGHBOUR CONNECTION;P4
1677420287.4583793;P3;HB SENT;Payload: 111 bytes
1677420288.1060882;P3;HB SENT;Payload: 105 bytes
1677420288.1067162;P3;HB SENT;Payload: 105 bytes
1677420288.1400552;P3;MEASURED LATENCY;{'P1': 35}
1677420288.1954653;P3;MEASURED LATENCY;{'P4': 90}
1677420291.251193;P3;HB SENT;Payload: 111 bytes
1677420292.4657288;P3;HB SENT;Payload: 111 bytes
1677420293.1136777;P3;HB SENT;Payload: 105 bytes
1677420293.1142766;P3;HB SENT;Payload: 105 bytes
1677420293.1452816;P3;TOPOLOGY UPDATE;{"P1": {"P3": 100, "P2": 100}, "P2": {"P1": 100}, "P3": {"P4": 100, "P1": 100}, "P4": {"P3": 100}}
1677420293.1487744;P3;LSA SENT;Payload: 360 bytes
1677420294.1514094;P3;MEASURED LATENCY;{'P1': 1038}
1677420294.5734305;P3;MEASURED LATENCY;{'P4': 1460}
1677420295.7889087;P3;TOPOLOGY UPDATE;{"P1": {"P3": 100, "P2": 100}, "P2": {"P4": 100, "P1": 100}, "P3": {"P4": 100, "P1": 100}, "P4": {"P2": 100, "P3": 100}}
1677420295.7931225;P3;LSA SENT;Payload: 360 bytes
1677420296.795019;P3;LSA SENT;Payload: 360 bytes
1677420297.7990646;P3;HB SENT;Payload: 111 bytes
1677420297.800418;P3;HB SENT;Payload: 111 bytes
1677420298.1082673;P3;LSA SENT;Payload: 236 bytes
1677420298.1088228;P3;LSA SENT;Payload: 236 bytes
1677420298.1210108;P3;HB SENT;Payload: 105 bytes
1677420298.122155;P3;HB SENT;Payload: 105 bytes
1677420299.1402237;P3;MEASURED LATENCY;{'P1': 1020}
1677420299.1998959;P3;MEASURED LATENCY;{'P4': 1080}
1677420301.2557688;P3;TOPOLOGY UPDATE;{"P1": {"P3": 100, "P2": 100}, "P2": {"P4": 100, "P1": 100}, "P3": {"P4": 100, "P1": 100}, "P4": {"P2": 100, "P3": 100}}
1677420301.2567806;P3;LSA SENT;Payload: 360 bytes
1677420302.473333;P3;HB SENT;Payload: 111 bytes
1677420303.1286995;P3;HB SENT;Payload: 105 bytes
1677420303.129402;P3;HB SENT;Payload: 105 bytes
1677420303.203581;P3;MEASURED LATENCY;{'P4': 76}
1677420303.3037035;P3;MEASURED LATENCY;{'P1': 176}
1677420306.267601;P3;HB SENT;Payload: 111 bytes
1677420307.488706;P3;HB SENT;Payload: 111 bytes
1677420308.1366656;P3;HB SENT;Payload: 105 bytes
1677420308.1372786;P3;HB SENT;Payload: 105 bytes
1677420308.1760783;P3;MEASURED LATENCY;{'P1': 40}
1677420308.2267337;P3;MEASURED LATENCY;{'P4': 91}
1677420311.2724848;P3;HB SENT;Payload: 111 bytes
1677420312.4914677;P3;HB SENT;Payload: 111 bytes
1677420313.1252236;P3;LSA SENT;Payload: 236 bytes
1677420313.1257982;P3;LSA SENT;Payload: 236 bytes
1677420313.140815;P3;HB SENT;Payload: 105 bytes
1677420313.1416144;P3;HB SENT;Payload: 105 bytes
1677420313.2065535;P3;MEASURED LATENCY;{'P1': 67}
1677420313.251677;P3;MEASURED LATENCY;{'P4': 112}
1677420317.5010116;P3;HB SENT;Payload: 111 bytes
1677420318.1845767;P3;HB SENT;Payload: 105 bytes
1677420318.1848814;P3;HB SENT;Payload: 105 bytes
1677420318.2418258;P3;MEASURED LATENCY;{'P1': 58}
1677420318.2923295;P3;MEASURED LATENCY;{'P4': 108}
1677420321.283871;P3;HB SENT;Payload: 111 bytes
1677420322.51081;P3;HB SENT;Payload: 111 bytes
1677420323.1492147;P3;LEAST COST PATH;{"P1": ["P3"], "P2": ["P1"], "P3": [], "P4": ["P3"]}
1677420323.197694;P3;HB SENT;Payload: 105 bytes
1677420323.1982558;P3;HB SENT;Payload: 105 bytes
1677420323.2336414;P3;MEASURED LATENCY;{'P1': 37}
1677420323.2802901;P3;MEASURED LATENCY;{'P4': 83}
1677420325.7908566;P3;LEAST COST PATH;{"P1": ["P3"], "P2": ["P1"], "P3": [], "P4": ["P3"]}
1677420326.3028147;P3;HB SENT;Payload: 111 bytes
1677420327.5088396;P3;HB SENT;Payload: 111 bytes
1677420328.1432886;P3;LSA SENT;Payload: 236 bytes
1677420328.1438067;P3;LSA SENT;Payload: 236 bytes
1677420328.205233;P3;HB SENT;Payload: 105 bytes
1677420328.2161849;P3;HB SENT;Payload: 105 bytes
1677420328.2350364;P3;MEASURED LATENCY;{'P1': 30}
1677420328.2966666;P3;MEASURED LATENCY;{'P4': 92}
1677420331.25652;P3;LEAST COST PATH;{"P1": ["P3"], "P2": ["P1"], "P3": [], "P4": ["P3"]}
1677420331.3622916;P3;HB SENT;Payload: 111 bytes
1677420332.5227847;P3;HB SENT;Payload: 111 bytes
1677420333.2207062;P3;HB SENT;Payload: 105 bytes
1677420333.2212863;P3;HB SENT;Payload: 105 bytes
1677420333.253226;P3;MEASURED LATENCY;{'P1': 33}
1677420333.2533789;P3;APPLIED LATENCY;{"P1": 33}
1677420333.2998922;P3;MEASURED LATENCY;{'P4': 80}
1677420333.300011;P3;APPLIED LATENCY;{"P4": 80}
1677420336.300247;P3;HB SENT;Payload: 111 bytes
1677420337.5129175;P3;LSA SENT;Payload: 360 bytes
1677420338.227918;P3;HB SENT;Payload: 105 bytes
1677420338.228465;P3;HB SENT;Payload: 105 bytes
1677420338.5153089;P3;HB SENT;Payload: 111 bytes
1677420338.5161014;P3;MEASURED LATENCY;{'P1': 289}
1677420339.6180553;P3;MEASURED LATENCY;{'P4': 1391}
1677420340.8319209;P3;LSA SENT;Payload: 360 bytes
1677420341.834164;P3;LSA SENT;Payload: 360 bytes
1677420342.8361084;P3;HB SENT;Payload: 111 bytes
1677420342.8375325;P3;HB SENT;Payload: 111 bytes
1677420343.1576188;P3;LSA SENT;Payload: 237 bytes
1677420343.1582265;P3;LSA SENT;Payload: 237 bytes
1677420343.2389846;P3;HB SENT;Payload: 105 bytes
1677420343.2393498;P3;HB SENT;Payload: 105 bytes
1677420344.205258;P3;MEASURED LATENCY;{'P1': 966}
1677420344.2446337;P3;MEASURED LATENCY;{'P4': 1006}
1677420346.386307;P3;HB SENT;Payload: 111 bytes
1677420347.513512;P3;TOPOLOGY UPDATE;{"P1": {"P2": 576, "P3": 150}, "P2": {"P4": 232, "P1": 576}, "P3": {"P4": 100, "P1": 150}, "P4": {"P2": 232, "P3": 100}}
1677420347.5390675;P3;HB SENT;Payload: 111 bytes
1677420348.244938;P3;HB SENT;Payload: 105 bytes
1677420348.2454653;P3;HB SENT;Payload: 105 bytes
1677420348.2718647;P3;MEASURED LATENCY;{'P1': 28}
1677420348.3224523;P3;MEASURED LATENCY;{'P4': 78}
1677420350.8319163;P3;TOPOLOGY UPDATE;{"P1": {"P2": 576, "P3": 150}, "P2": {"P4": 232, "P1": 576}, "P3": {"P4": 100, "P1": 150}, "P4": {"P2": 232, "P3": 100}}
1677420351.3245738;P3;HB SENT;Payload: 111 bytes
1677420352.54101;P3;HB SENT;Payload: 111 bytes
1677420353.2509263;P3;HB SENT;Payload: 105 bytes
1677420353.2512894;P3;HB SENT;Payload: 105 bytes
1677420353.2764711;P3;MEASURED LATENCY;{'P1': 25}
1677420353.3275054;P3;MEASURED LATENCY;{'P4': 76}
1677420356.3346832;P3;HB SENT;Payload: 111 bytes
1677420357.5571816;P3;HB SENT;Payload: 111 bytes
1677420358.1744149;P3;LSA SENT;Payload: 237 bytes
1677420358.1752365;P3;LSA SENT;Payload: 237 bytes
1677420358.2584038;P3;HB SENT;Payload: 105 bytes
1677420358.2594852;P3;HB SENT;Payload: 105 bytes
1677420358.2915142;P3;MEASURED LATENCY;{'P1': 33}
1677420358.3445504;P3;MEASURED LATENCY;{'P4': 87}
1677420361.3302953;P3;LSA SENT;Payload: 360 bytes
1677420362.3346083;P3;HB SENT;Payload: 111 bytes
1677420362.5653648;P3;HB SENT;Payload: 111 bytes
1677420363.2648954;P3;HB SENT;Payload: 105 bytes
1677420363.265467;P3;HB SENT;Payload: 105 bytes
1677420363.3488812;P3;MEASURED LATENCY;{'P4': 85}
1677420363.3744166;P3;MEASURED LATENCY;{'P1': 110}
1677420366.355757;P3;HB SENT;Payload: 111 bytes
1677420367.564623;P3;HB SENT;Payload: 111 bytes
1677420368.2718964;P3;HB SENT;Payload: 105 bytes
1677420368.2724695;P3;HB SENT;Payload: 105 bytes
1677420368.306678;P3;MEASURED LATENCY;{'P1': 36}
1677420368.371642;P3;MEASURED LATENCY;{'P4': 101}
1677420371.333615;P3;TOPOLOGY UPDATE;{"P1": {"P2": 576, "P3": 150}, "P2": {"P4": 232, "P1": 576}, "P3": {"P4": 406, "P1": 150}, "P4": {"P2": 232, "P3": 406}}
1677420371.3563197;P3;HB SENT;Payload: 111 bytes
1677420372.5791314;P3;HB SENT;Payload: 111 bytes
1677420373.1799273;P3;LSA SENT;Payload: 237 bytes
1677420373.180488;P3;LSA SENT;Payload: 237 bytes
1677420373.2794404;P3;HB SENT;Payload: 105 bytes
1677420373.2800255;P3;HB SENT;Payload: 105 bytes
1677420373.3073232;P3;MEASURED LATENCY;{'P1': 28}
1677420373.3559105;P3;MEASURED LATENCY;{'P4': 77}
1677420376.4212327;P3;HB SENT;Payload: 111 bytes
1677420377.5156345;P3;LEAST COST PATH;{"P1": ["P3"], "P2": ["P4"], "P3": [], "P4": ["P3"]}
1677420377.5817866;P3;HB SENT;Payload: 111 bytes
1677420378.286935;P3;HB SENT;Payload: 105 bytes
1677420378.2874796;P3;HB SENT;Payload: 105 bytes
1677420378.3241167;P3;MEASURED LATENCY;{'P1': 38}
1677420378.3665478;P3;MEASURED LATENCY;{'P4': 81}
1677420380.83348;P3;LEAST COST PATH;{"P1": ["P3"], "P2": ["P4"], "P3": [], "P4": ["P3"]}
1677420381.3838375;P3;HB SENT;Payload: 111 bytes
1677420382.560597;P3;LSA SENT;Payload: 360 bytes
1677420383.2915418;P3;HB SENT;Payload: 105 bytes
1677420383.2918584;P3;HB SENT;Payload: 105 bytes
1677420383.5629315;P3;HB SENT;Payload: 111 bytes
1677420384.6465335;P3;MEASURED LATENCY;{'P4': 1356}
1677420384.6466355;P3;APPLIED LATENCY;{"P4": 1356}
1677420385.8888137;P3;MEASURED LATENCY;{'P1': 2598}
1677420385.8889296;P3;APPLIED LATENCY;{"P1": 2598}
1677420385.8911443;P3;LSA SENT;Payload: 360 bytes
1677420386.8933003;P3;LSA SENT;Payload: 360 bytes
1677420387.9178002;P3;HB SENT;Payload: 111 bytes
1677420387.9207907;P3;HB SENT;Payload: 111 bytes
1677420388.1969972;P3;LSA SENT;Payload: 238 bytes
1677420388.19729;P3;LSA SENT;Payload: 238 bytes
1677420388.2988496;P3;HB SENT;Payload: 105 bytes
1677420388.299212;P3;HB SENT;Payload: 105 bytes
1677420389.234722;P3;MEASURED LATENCY;{'P1': 937}
1677420389.2835429;P3;MEASURED LATENCY;{'P4': 986}
1677420391.4239233;P3;HB SENT;Payload: 111 bytes
1677420392.561797;P3;TOPOLOGY UPDATE;{"P1": {"P2": 233, "P3": 150}, "P2": {"P4": 232, "P1": 233}, "P3": {"P4": 406, "P1": 150}, "P4": {"P2": 232, "P3": 406}}
1677420392.6011887;P3;HB SENT;Payload: 111 bytes
1677420393.3062718;P3;HB SENT;Payload: 105 bytes
1677420393.3071463;P3;HB SENT;Payload: 105 bytes
1677420393.337033;P3;MEASURED LATENCY;{'P1': 31}
1677420393.3828228;P3;MEASURED LATENCY;{'P4': 77}
1677420395.8907106;P3;TOPOLOGY UPDATE;{"P1": {"P2": 233, "P3": 150}, "P2": {"P4": 232, "P1": 233}, "P3": {"P4": 406, "P1": 150}, "P4": {"P2": 232, "P3": 406}}
1677420396.396999;P3;HB SENT;Payload: 111 bytes
1677420397.56321;P3;LSA SENT;Payload: 360 bytes
1677420398.315131;P3;HB SENT;Payload: 105 bytes
1677420398.3156736;P3;HB SENT;Payload: 105 bytes
1677420398.5645683;P3;HB SENT;Payload: 111 bytes
1677420398.5650294;P3;MEASURED LATENCY;{'P1': 250}
1677420399.6529913;P3;MEASURED LATENCY;{'P4': 1338}
1677420401.3352506;P3;LEAST COST PATH;{"P1": ["P3"], "P2": ["P1", "P4"], "P3": [], "P4": ["P3"]}
1677420401.4010248;P3;HB SENT;Payload: 111 bytes
1677420402.6214595;P3;HB SENT;Payload: 111 bytes
1677420403.2148278;P3;LSA SENT;Payload: 238 bytes
1677420403.2154362;P3;LSA SENT;Payload: 238 bytes
1677420403.3211834;P3;HB SENT;Payload: 105 bytes
1677420403.321744;P3;HB SENT;Payload: 105 bytes
1677420403.3470001;P3;MEASURED LATENCY;{'P1': 26}
1677420403.4153771;P3;MEASURED LATENCY;{'P4': 94}
1677420406.3665106;P3;LSA SENT;Payload: 360 bytes
1677420407.3699043;P3;HB SENT;Payload: 111 bytes
1677420407.5640845;P3;TOPOLOGY UPDATE;{"P1": {"P2": 233, "P3": 340}, "P2": {"P4": 232, "P1": 233}, "P3": {"P4": 346, "P1": 340}, "P4": {"P2": 232, "P3": 346}}
1677420407.6146028;P3;HB SENT;Payload: 111 bytes
1677420408.328421;P3;HB SENT;Payload: 105 bytes
1677420408.3292754;P3;HB SENT;Payload: 105 bytes
1677420408.4031987;P3;MEASURED LATENCY;{'P4': 75}
1677420408.4124968;P3;MEASURED LATENCY;{'P1': 84}
1677420411.4053526;P3;HB SENT;Payload: 111 bytes
1677420412.6198165;P3;HB SENT;Payload: 111 bytes
1677420413.3342907;P3;HB SENT;Payload: 105 bytes
1677420413.3351884;P3;HB SENT;Payload: 105 bytes
1677420413.3694386;P3;MEASURED LATENCY;{'P1': 35}
1677420413.4152718;P3;MEASURED LATENCY;{'P4': 81}
1677420413.4917853;P3;DEAD ROUTES RECEIVED;{'P2'}
1677420413.4928946;P3;LSA SENT;Payload: 360 bytes
1677420416.3679879;P3;TOPOLOGY UPDATE;{"P1": {"P2": 233, "P3": 340}, "P2": {"P1": 233}, "P3": {"P4": 346, "P1": 340}, "P4": {"P3": 346}}
1677420416.41601;P3;HB SENT;Payload: 111 bytes
1677420417.6334474;P3;HB SENT;Payload: 111 bytes
1677420417.6657782;P3;DEAD ROUTES RECEIVED;{'P2'}
1677420417.6667793;P3;LSA SENT;Payload: 360 bytes
1677420418.2262495;P3;LSA SENT;Payload: 238 bytes
1677420418.226949;P3;LSA SENT;Payload: 238 bytes
1677420418.3412187;P3;HB SENT;Payload: 105 bytes
1677420418.3417046;P3;HB SENT;Payload: 105 bytes
1677420418.6683433;P3;MEASURED LATENCY;{'P1': 327}
1677420418.74738;P3;MEASURED LATENCY;{'P4': 406}
1677420421.4618864;P3;HB SENT;Payload: 111 bytes
1677420422.5631518;P3;LEAST COST PATH;{"P1": ["P3"], "P2": ["P1"], "P3": [], "P4": ["P3"]}
1677420422.6362214;P3;HB SENT;Payload: 111 bytes
1677420423.3476207;P3;HB SENT;Payload: 105 bytes
1677420423.3481994;P3;HB SENT;Payload: 105 bytes
1677420423.37702;P3;MEASURED LATENCY;{'P1': 30}
1677420423.4237618;P3;MEASURED LATENCY;{'P4': 77}
1677420423.4934487;P3;TOPOLOGY UPDATE;{"P1": {"P3": 340}, "P3": {"P4": 346, "P1": 340}, "P4": {"P3": 346}}
1677420425.8922527;P3;LEAST COST PATH;{"P1": ["P3"], "P2": ["P1"], "P3": [], "P4": ["P3"]}
1677420426.440686;P3;HB SENT;Payload: 111 bytes
1677420427.6518004;P3;HB SENT;Payload: 111 bytes
1677420427.6698442;P3;TOPOLOGY UPDATE;{"P1": {"P3": 340}, "P3": {"P4": 346, "P1": 340}, "P4": {"P3": 346}}
1677420428.353802;P3;HB SENT;Payload: 105 bytes
1677420428.3543177;P3;HB SENT;Payload: 105 bytes
1677420428.3843782;P3;MEASURED LATENCY;{'P1': 31}
1677420428.4474201;P3;MEASURED LATENCY;{'P4': 94}
1677420431.442838;P3;HB SENT;Payload: 111 bytes
1677420432.6525955;P3;HB SENT;Payload: 111 bytes
1677420433.2422671;P3;LSA SENT;Payload: 238 bytes
1677420433.2429628;P3;LSA SENT;Payload: 238 bytes
1677420433.3609588;P3;HB SENT;Payload: 105 bytes
1677420433.361532;P3;HB SENT;Payload: 105 bytes
1677420433.3957405;P3;MEASURED LATENCY;{'P1': 36}
1677420433.3958702;P3;APPLIED LATENCY;{"P1": 36}
1677420433.4659972;P3;MEASURED LATENCY;{'P4': 106}
1677420433.4662328;P3;APPLIED LATENCY;{"P4": 106}
1677420436.4797306;P3;HB SENT;Payload: 111 bytes
1677420437.5655584;P3;LEAST COST PATH;{"P1": ["P3"], "P2": ["P1"], "P3": [], "P4": ["P3"]}
1677420437.665727;P3;HB SENT;Payload: 111 bytes
1677420438.3669252;P3;HB SENT;Payload: 105 bytes
1677420438.367428;P3;HB SENT;Payload: 105 bytes
1677420438.3974833;P3;MEASURED LATENCY;{'P1': 31}
1677420438.4435856;P3;MEASURED LATENCY;{'P4': 78}
1677420441.449785;P3;HB SENT;Payload: 111 bytes
1677420442.5862958;P3;LSA SENT;Payload: 360 bytes
1677420443.3744032;P3;HB SENT;Payload: 105 bytes
1677420443.3752463;P3;HB SENT;Payload: 105 bytes
1677420443.5888052;P3;HB SENT;Payload: 111 bytes
1677420443.5893292;P3;MEASURED LATENCY;{'P1': 215}
1677420443.6654701;P3;MEASURED LATENCY;{'P4': 291}
1677420446.369946;P3;LEAST COST PATH;{"P1": ["P3"], "P2": ["P1"], "P3": [], "P4": ["P3"]}
1677420446.4635963;P3;HB SENT;Payload: 111 bytes
1677420447.6746278;P3;HB SENT;Payload: 111 bytes
1677420448.2519968;P3;LSA SENT;Payload: 237 bytes
1677420448.2525563;P3;LSA SENT;Payload: 237 bytes
1677420448.3800323;P3;HB SENT;Payload: 105 bytes
1677420448.380675;P3;HB SENT;Payload: 105 bytes
1677420448.4090612;P3;MEASURED LATENCY;{'P1': 30}
1677420448.4564776;P3;MEASURED LATENCY;{'P4': 77}
1677420451.4222121;P3;LSA SENT;Payload: 360 bytes
1677420452.4244926;P3;HB SENT;Payload: 111 bytes
1677420452.5871234;P3;TOPOLOGY UPDATE;{"P1": {"P3": 238}, "P3": {"P4": 187, "P1": 238}, "P4": {"P3": 187}}
1677420452.6905203;P3;HB SENT;Payload: 111 bytes
1677420453.387225;P3;HB SENT;Payload: 105 bytes
1677420453.387787;P3;HB SENT;Payload: 105 bytes
1677420453.4184144;P3;MEASURED LATENCY;{'P1': 31}
1677420453.4694939;P3;MEASURED LATENCY;{'P4': 82}
1677420453.4954917;P3;LEAST COST PATH;{"P1": ["P3"], "P3": [], "P4": ["P3"]}
1677420456.4777641;P3;HB SENT;Payload: 111 bytes
1677420457.6717792;P3;LEAST COST PATH;{"P1": ["P3"], "P3": [], "P4": ["P3"]}
1677420457.6949203;P3;HB SENT;Payload: 111 bytes
1677420458.3928754;P3;HB SENT;Payload: 105 bytes
1677420458.3932517;P3;HB SENT;Payload: 105 bytes
1677420458.4330266;P3;MEASURED LATENCY;{'P1': 41}
1677420458.4857135;P3;MEASURED LATENCY;{'P4': 94}
1677420461.4226437;P3;TOPOLOGY UPDATE;{"P1": {"P3": 238}, "P3": {"P4": 187, "P1": 238}, "P4": {"P3": 187}}
1677420461.4844303;P3;HB SENT;Payload: 111 bytes
1677420462.7054546;P3;HB SENT;Payload: 111 bytes
1677420463.259249;P3;LSA SENT;Payload: 237 bytes
1677420463.2598445;P3;LSA SENT;Payload: 237 bytes
1677420463.3991055;P3;HB SENT;Payload: 105 bytes
1677420463.3996773;P3;HB SENT;Payload: 105 bytes
1677420463.426761;P3;MEASURED LATENCY;{'P1': 28}
1677420463.4792159;P3;MEASURED LATENCY;{'P4': 80}
1677420466.525325;P3;HB SENT;Payload: 111 bytes
1677420467.7067065;P3;HB SENT;Payload: 111 bytes
1677420468.4060137;P3;HB SENT;Payload: 105 bytes
1677420468.4067814;P3;HB SENT;Payload: 105 bytes
1677420468.4415483;P3;MEASURED LATENCY;{'P1': 36}
1677420468.4885368;P3;MEASURED LATENCY;{'P4': 83}
1677420471.491837;P3;HB SENT;Payload: 111 bytes
1677420472.7128956;P3;HB SENT;Payload: 111 bytes
1677420473.4135506;P3;HB SENT;Payload: 105 bytes
1677420473.4140835;P3;HB SENT;Payload: 105 bytes
1677420473.4483488;P3;MEASURED LATENCY;{'P1': 35}
1677420473.4987564;P3;MEASURED LATENCY;{'P4': 86}
1677420476.5154982;P3;HB SENT;Payload: 111 bytes
1677420477.7232084;P3;HB SENT;Payload: 111 bytes
1677420478.2763016;P3;LSA SENT;Payload: 237 bytes
1677420478.2768612;P3;LSA SENT;Payload: 237 bytes
1677420478.419412;P3;HB SENT;Payload: 105 bytes
1677420478.420647;P3;HB SENT;Payload: 105 bytes
1677420478.5209649;P3;MEASURED LATENCY;{'P4': 102}
1677420480.704444;P3;MEASURED LATENCY;{'P1': 2285}
1677420481.530422;P3;HB SENT;Payload: 111 bytes
1677420482.588805;P3;LEAST COST PATH;{"P1": ["P3"], "P3": [], "P4": ["P3"]}
1677420482.7243717;P3;HB SENT;Payload: 111 bytes
1677420483.4265082;P3;HB SENT;Payload: 105 bytes
1677420483.4279022;P3;HB SENT;Payload: 105 bytes
1677420483.4638443;P3;MEASURED LATENCY;{'P1': 38}
1677420483.4639804;P3;APPLIED LATENCY;{"P1": 38}
1677420483.5104632;P3;MEASURED LATENCY;{'P4': 84}
1677420483.5108328;P3;APPLIED LATENCY;{"P4": 84}
1677420486.50512;P3;HB SENT;Payload: 111 bytes
1677420487.6421614;P3;LSA SENT;Payload: 360 bytes
1677420488.4311476;P3;HB SENT;Payload: 105 bytes
1677420488.43169;P3;HB SENT;Payload: 105 bytes
1677420488.6452541;P3;HB SENT;Payload: 111 bytes
1677420488.645747;P3;MEASURED LATENCY;{'P1': 215}
1677420488.7222288;P3;MEASURED LATENCY;{'P4': 291}
1677420491.4245033;P3;LEAST COST PATH;{"P1": ["P3"], "P3": [], "P4": ["P3"]}
1677420491.509604;P3;HB SENT;Payload: 111 bytes
1677420492.7384615;P3;HB SENT;Payload: 111 bytes
1677420493.2938497;P3;LSA SENT;Payload: 237 bytes
1677420493.2944028;P3;LSA SENT;Payload: 237 bytes
1677420493.439082;P3;HB SENT;Payload: 105 bytes
1677420493.439575;P3;HB SENT;Payload: 105 bytes
1677420493.467571;P3;MEASURED LATENCY;{'P1': 30}
1677420493.519712;P3;MEASURED LATENCY;{'P4': 82}
1677420496.5375993;P3;HB SENT;Payload: 111 bytes
1677420497.6420856;P3;TOPOLOGY UPDATE;{"P1": {"P3": 125}, "P3": {"P4": 187, "P1": 125}, "P4": {"P3": 187}}
1677420497.7441733;P3;HB SENT;Payload: 111 bytes
1677420498.4449303;P3;HB SENT;Payload: 105 bytes
1677420498.4455192;P3;HB SENT;Payload: 105 bytes
1677420498.4737244;P3;MEASURED LATENCY;{'P1': 30}
1677420498.525739;P3;MEASURED LATENCY;{'P4': 82}
1677420501.5252059;P3;HB SENT;Payload: 111 bytes
1677420502.7434552;P3;HB SENT;Payload: 111 bytes
1677420503.449518;P3;HB SENT;Payload: 105 bytes
1677420503.4500337;P3;HB SENT;Payload: 105 bytes
1677420503.4861262;P3;MEASURED LATENCY;{'P1': 37}
1677420503.5342782;P3;MEASURED LATENCY;{'P4': 85}
1677420506.5259712;P3;HB SENT;Payload: 111 bytes
1677420507.7557123;P3;HB SENT;Payload: 111 bytes
1677420508.309991;P3;LSA SENT;Payload: 237 bytes
1677420508.3105505;P3;LSA SENT;Payload: 237 bytes
1677420508.4582784;P3;HB SENT;Payload: 105 bytes
1677420508.4591317;P3;HB SENT;Payload: 105 bytes
1677420508.4865189;P3;MEASURED LATENCY;{'P1': 29}
1677420508.5405662;P3;MEASURED LATENCY;{'P4': 83}
1677420511.479347;P3;LSA SENT;Payload: 360 bytes
1677420512.4835377;P3;HB SENT;Payload: 111 bytes
1677420512.7539127;P3;HB SENT;Payload: 111 bytes
1677420513.4641397;P3;HB SENT;Payload: 105 bytes
1677420513.4647005;P3;HB SENT;Payload: 105 bytes
1677420513.4990454;P3;MEASURED LATENCY;{'P1': 35}
1677420513.5449097;P3;MEASURED LATENCY;{'P4': 81}
1677420516.545562;P3;HB SENT;Payload: 111 bytes
1677420517.7602317;P3;HB SENT;Payload: 111 bytes
1677420518.4706998;P3;HB SENT;Payload: 105 bytes
1677420518.4713504;P3;HB SENT;Payload: 105 bytes
1677420518.5082192;P3;MEASURED LATENCY;{'P1': 39}
1677420519.3748298;P3;PEER EXITED;
