2023-03-04 13:19:41,409 - INFO - [MainThread] - Initialized router P1 at port 5001
2023-03-04 13:19:41,411 - INFO - [MainThread] - Adding listener for Valsec
2023-03-04 13:19:41,411 - INFO - [MainThread] - Init RendezvousEstablish Valsec
2023-03-04 13:19:41,411 - INFO - [MainThread] - Adding listener for beatifulpeople
2023-03-04 13:19:41,411 - INFO - [MainThread] - Init RendezvousEstablish beatifulpeople
2023-03-04 13:19:41,411 - INFO - [MainThread] - Adding listener for torrelaymirror2
2023-03-04 13:19:41,411 - INFO - [MainThread] - Init RendezvousEstablish torrelaymirror2
2023-03-04 13:19:41,411 - INFO - [MainThread] - Starting thread Establish-Valsec
2023-03-04 13:19:41,411 - INFO - [Establish-Valsec] - Establishing RP to Valsec
2023-03-04 13:19:41,415 - INFO - [MainThread] - Starting thread Establish-beatifulpeople
2023-03-04 13:19:41,415 - INFO - [Establish-beatifulpeople] - Establishing RP to beatifulpeople
2023-03-04 13:19:41,418 - INFO - [MainThread] - Starting thread Establish-torrelaymirror2
2023-03-04 13:19:41,418 - INFO - [Establish-torrelaymirror2] - Establishing RP to torrelaymirror2
2023-03-04 13:19:41,421 - INFO - [MainThread] - Starting thread Thread-Stats
2023-03-04 13:19:41,426 - INFO - [MainThread] - Starting testing thread
2023-03-04 13:19:41,432 - INFO - [TESTER] - Started tester
2023-03-04 13:19:41,458 - INFO - [Establish-Valsec] - Loading cached NetworkStatusDocument from TorCacheDirStorage: /root/.local/share/torpy/network_status
2023-03-04 13:19:41,459 - INFO - [Establish-torrelaymirror2] - Loading cached NetworkStatusDocument from TorCacheDirStorage: /root/.local/share/torpy/network_status
2023-03-04 13:19:41,460 - INFO - [Establish-beatifulpeople] - Loading cached NetworkStatusDocument from TorCacheDirStorage: /root/.local/share/torpy/network_status
2023-03-04 13:19:41,963 - INFO - [Establish-beatifulpeople] - Loading cached DirKeyCertificateList from TorCacheDirStorage: /root/.local/share/torpy/dir_key_certificates
2023-03-04 13:19:41,967 - INFO - [Establish-beatifulpeople] - Connecting to guard node 185.181.61.23:443 (staysafeandgoodluck; Tor 0.4.7.10)... (None)
2023-03-04 13:19:42,195 - INFO - [Establish-beatifulpeople] - Creating new circuit #80000001 with 185.181.61.23:443 (staysafeandgoodluck; Tor 0.4.7.10) router...
2023-03-04 13:19:42,237 - INFO - [Establish-Valsec] - Loading cached DirKeyCertificateList from TorCacheDirStorage: /root/.local/share/torpy/dir_key_certificates
2023-03-04 13:19:42,239 - INFO - [Establish-Valsec] - Connecting to guard node 185.181.61.23:443 (staysafeandgoodluck; Tor 0.4.7.10)... (None)
2023-03-04 13:19:42,273 - INFO - [Establish-torrelaymirror2] - Loading cached DirKeyCertificateList from TorCacheDirStorage: /root/.local/share/torpy/dir_key_certificates
2023-03-04 13:19:42,275 - INFO - [Establish-torrelaymirror2] - Connecting to guard node 185.181.61.23:443 (staysafeandgoodluck; Tor 0.4.7.10)... (None)
2023-03-04 13:19:42,276 - INFO - [Establish-beatifulpeople] - Building -1 hops circuit...
2023-03-04 13:19:42,276 - INFO - [Establish-beatifulpeople] - Extending the circuit #80000001 with 185.181.60.66:443 (beatifulpeople; Tor 0.4.7.13)...
2023-03-04 13:19:42,277 - INFO - [Establish-beatifulpeople] - Getting descriptor for 185.181.60.66:443 (beatifulpeople; Tor 0.4.7.13)...
2023-03-04 13:19:42,281 - INFO - [Establish-beatifulpeople] - Connecting to guard node 131.153.152.122:443 (derailleur; Tor 0.4.7.10)... (Internal dir client)
2023-03-04 13:19:42,330 - INFO - [Establish-Valsec] - Creating new circuit #80000002 with 185.181.61.23:443 (staysafeandgoodluck; Tor 0.4.7.10) router...
2023-03-04 13:19:42,332 - INFO - [Establish-torrelaymirror2] - Creating new circuit #80000003 with 185.181.61.23:443 (staysafeandgoodluck; Tor 0.4.7.10) router...
2023-03-04 13:19:42,344 - INFO - [Establish-Valsec] - Building -1 hops circuit...
2023-03-04 13:19:42,344 - INFO - [Establish-Valsec] - Extending the circuit #80000002 with 88.88.211.41:443 (Valsec; Tor 0.4.7.13)...
2023-03-04 13:19:42,346 - INFO - [Establish-torrelaymirror2] - Building -1 hops circuit...
2023-03-04 13:19:42,346 - INFO - [Establish-torrelaymirror2] - Extending the circuit #80000003 with 85.195.230.249:9002 (torrelaymirror2; Tor 0.4.7.13)...
2023-03-04 13:19:42,759 - INFO - [Establish-beatifulpeople] - Creating new circuit #80000004 with 131.153.152.122:443 (derailleur; Tor 0.4.7.10) router...
2023-03-04 13:19:42,874 - INFO - [Establish-beatifulpeople] - Building 0 hops circuit...
2023-03-04 13:19:42,874 - INFO - [Establish-beatifulpeople] - Stream #1: creating attached to #80000004 circuit...
2023-03-04 13:19:42,874 - INFO - [Establish-beatifulpeople] - Stream #1: connecting to hsdir
2023-03-04 13:19:42,988 - INFO - [RecvLoop_131.153] - Stream #1: connected (remote ip '')
2023-03-04 13:19:43,302 - INFO - [RecvLoop_131.153] - Stream #1: remote disconnected (reason = DONE)
2023-03-04 13:19:43,303 - INFO - [Establish-beatifulpeople] - Stream #1: closing (state = Disconnected)...
2023-03-04 13:19:43,303 - INFO - [Establish-beatifulpeople] - Got descriptor
2023-03-04 13:19:43,303 - INFO - [Establish-Valsec] - Getting descriptor for 88.88.211.41:443 (Valsec; Tor 0.4.7.13)...
2023-03-04 13:19:43,307 - INFO - [Establish-Valsec] - Connecting to guard node 65.108.136.183:443 (arbitraryKenzie4; Tor 0.4.7.13)... (Internal dir client)
2023-03-04 13:19:43,324 - INFO - [Establish-beatifulpeople] - <class 'torpy.circuit.TorCircuit'>
2023-03-04 13:19:43,338 - INFO - [Establish-beatifulpeople] - Rendezvous established (CellRelayRendezvousEstablished())
2023-03-04 13:19:43,339 - INFO - [Establish-beatifulpeople] - Waiting for connections at relay beatifulpeople for cookie b'eb688e4f52df90278060' ...
2023-03-04 13:19:43,710 - INFO - [Establish-Valsec] - Creating new circuit #80000005 with 65.108.136.183:443 (arbitraryKenzie4; Tor 0.4.7.13) router...
2023-03-04 13:19:43,737 - INFO - [Establish-Valsec] - Building 0 hops circuit...
2023-03-04 13:19:43,737 - INFO - [Establish-Valsec] - Stream #2: creating attached to #80000005 circuit...
2023-03-04 13:19:43,737 - INFO - [Establish-Valsec] - Stream #2: connecting to hsdir
2023-03-04 13:19:43,762 - INFO - [RecvLoop_65.108.] - Stream #2: connected (remote ip '')
2023-03-04 13:19:43,969 - INFO - [RecvLoop_65.108.] - Stream #2: remote disconnected (reason = DONE)
2023-03-04 13:19:43,969 - INFO - [Establish-Valsec] - Stream #2: closing (state = Disconnected)...
2023-03-04 13:19:43,969 - INFO - [Establish-Valsec] - Got descriptor
2023-03-04 13:19:43,970 - INFO - [Establish-torrelaymirror2] - Getting descriptor for 85.195.230.249:9002 (torrelaymirror2; Tor 0.4.7.13)...
2023-03-04 13:19:43,975 - INFO - [Establish-torrelaymirror2] - Connecting to guard node 193.189.100.198:443 (TORKeFFORG5; Tor 0.4.7.13)... (Internal dir client)
2023-03-04 13:19:44,022 - INFO - [Establish-Valsec] - <class 'torpy.circuit.TorCircuit'>
2023-03-04 13:19:44,071 - INFO - [Establish-torrelaymirror2] - Creating new circuit #80000006 with 193.189.100.198:443 (TORKeFFORG5; Tor 0.4.7.13) router...
2023-03-04 13:19:44,079 - INFO - [Establish-Valsec] - Rendezvous established (CellRelayRendezvousEstablished())
2023-03-04 13:19:44,079 - INFO - [Establish-Valsec] - Waiting for connections at relay Valsec for cookie b'eb688e4f52df90278060' ...
2023-03-04 13:19:44,092 - INFO - [Establish-torrelaymirror2] - Building 0 hops circuit...
2023-03-04 13:19:44,092 - INFO - [Establish-torrelaymirror2] - Stream #3: creating attached to #80000006 circuit...
2023-03-04 13:19:44,092 - INFO - [Establish-torrelaymirror2] - Stream #3: connecting to hsdir
2023-03-04 13:19:44,114 - INFO - [RecvLoop_193.189] - Stream #3: connected (remote ip '')
2023-03-04 13:19:44,322 - INFO - [RecvLoop_193.189] - Stream #3: remote disconnected (reason = DONE)
2023-03-04 13:19:44,323 - INFO - [Establish-torrelaymirror2] - Stream #3: closing (state = Disconnected)...
2023-03-04 13:19:44,323 - INFO - [Establish-torrelaymirror2] - Got descriptor
2023-03-04 13:19:44,373 - INFO - [Establish-torrelaymirror2] - <class 'torpy.circuit.TorCircuit'>
2023-03-04 13:19:44,422 - INFO - [Establish-torrelaymirror2] - Rendezvous established (CellRelayRendezvousEstablished())
2023-03-04 13:19:44,422 - INFO - [Establish-torrelaymirror2] - Waiting for connections at relay torrelaymirror2 for cookie b'eb688e4f52df90278060' ...
2023-03-04 13:19:45,018 - INFO - [Establish-Valsec] - Got REND2 message from Valsec
2023-03-04 13:19:45,018 - INFO - [Establish-Valsec] - Entered circuit context with id 0x80000002
2023-03-04 13:19:45,018 - INFO - [Establish-Valsec] - Stream #4: creating attached to #80000002 circuit...
2023-03-04 13:19:45,018 - INFO - [Establish-Valsec] - Stream #4: connecting to ('127.0.0.1', 5000)
2023-03-04 13:19:45,113 - INFO - [RecvLoop_185.181] - Stream #4: connected (remote ip '127.0.0.1')
2023-03-04 13:19:45,220 - INFO - [Establish-Valsec] - Sending HELLO to peer
2023-03-04 13:19:45,220 - INFO - [Establish-Valsec] - Sending HELLO to peer: b'\x80\x04\x95&\x00\x00\x00\x00\x00\x00\x00]\x94}\x94(\x8c\x07Message\x94\x8c\x05HELLO\x94\x8c\x04Peer\x94\x8c\x02P1\x94ua.'
2023-03-04 13:19:45,221 - INFO - [RECEIVER] - Added neighbour P2
2023-03-04 13:19:47,321 - INFO - [Establish-beatifulpeople] - Got REND2 message from beatifulpeople
2023-03-04 13:19:47,322 - INFO - [Establish-beatifulpeople] - Entered circuit context with id 0x80000001
2023-03-04 13:19:47,322 - INFO - [Establish-beatifulpeople] - Stream #5: creating attached to #80000001 circuit...
2023-03-04 13:19:47,322 - INFO - [Establish-beatifulpeople] - Stream #5: connecting to ('127.0.0.1', 5000)
2023-03-04 13:19:47,353 - INFO - [RecvLoop_185.181] - Stream #5: connected (remote ip '127.0.0.1')
2023-03-04 13:19:47,523 - INFO - [Establish-beatifulpeople] - Sending HELLO to peer
2023-03-04 13:19:47,523 - INFO - [Establish-beatifulpeople] - Sending HELLO to peer: b'\x80\x04\x95&\x00\x00\x00\x00\x00\x00\x00]\x94}\x94(\x8c\x07Message\x94\x8c\x05HELLO\x94\x8c\x04Peer\x94\x8c\x02P1\x94ua.'
2023-03-04 13:19:47,524 - INFO - [RECEIVER] - Added neighbour P3
2023-03-04 13:19:54,499 - INFO - [Establish-torrelaymirror2] - Got REND2 message from torrelaymirror2
2023-03-04 13:19:54,499 - INFO - [Establish-torrelaymirror2] - Entered circuit context with id 0x80000003
2023-03-04 13:19:54,499 - INFO - [Establish-torrelaymirror2] - Stream #6: creating attached to #80000003 circuit...
2023-03-04 13:19:54,499 - INFO - [Establish-torrelaymirror2] - Stream #6: connecting to ('127.0.0.1', 5000)
2023-03-04 13:19:54,690 - INFO - [RecvLoop_185.181] - Stream #6: connected (remote ip '127.0.0.1')
2023-03-04 13:19:54,700 - INFO - [Establish-torrelaymirror2] - Sending HELLO to peer
2023-03-04 13:19:54,701 - INFO - [Establish-torrelaymirror2] - Sending HELLO to peer: b'\x80\x04\x95&\x00\x00\x00\x00\x00\x00\x00]\x94}\x94(\x8c\x07Message\x94\x8c\x05HELLO\x94\x8c\x04Peer\x94\x8c\x02P1\x94ua.'
2023-03-04 13:19:54,725 - INFO - [RECEIVER] - Added neighbour P4
2023-03-04 13:20:50,071 - INFO - [RecvLoop_193.189] - On destroy: circuit #80000006
2023-03-04 13:20:50,071 - INFO - [RecvLoop_193.189] - Destroy circuit #80000006
2023-03-04 13:20:50,940 - INFO - [RecvLoop_131.153] - On destroy: circuit #80000004
2023-03-04 13:20:50,940 - INFO - [RecvLoop_131.153] - Destroy circuit #80000004
2023-03-04 13:20:52,320 - INFO - [RecvLoop_65.108.] - On destroy: circuit #80000005
2023-03-04 13:20:52,320 - INFO - [RecvLoop_65.108.] - Destroy circuit #80000005
2023-03-04 13:35:42,268 - WARNING - [RecvLoop_185.181] - CellPadding has some unnecessary data: b'\x00\x00\x00\x00\x00\x00\x00\x00\x00\x00\x00\x00\x00\x00\x00\x00\x00\x00\x00\x00\x00\x00\x00\x00\x00\x00\x00\x00\x00\x00\x00\x00\x00\x00\x00\x00\x00\x00\x00\x00\x00\x00\x00\x00\x00\x00\x00\x00\x00\x00\x00\x00\x00\x00\x00\x00\x00\x00\x00\x00\x00\x00\x00\x00\x00\x00\x00\x00\x00\x00\x00\x00\x00\x00\x00\x00\x00\x00\x00\x00\x00\x00\x00\x00\x00\x00\x00\x00\x00\x00\x00\x00\x00\x00\x00\x00\x00\x00\x00\x00\x00\x00\x00\x00\x00\x00\x00\x00\x00\x00\x00\x00\x00\x00\x00\x00\x00\x00\x00\x00\x00\x00\x00\x00\x00\x00\x00\x00\x00\x00\x00\x00\x00\x00\x00\x00\x00\x00\x00\x00\x00\x00\x00\x00\x00\x00\x00\x00\x00\x00\x00\x00\x00\x00\x00\x00\x00\x00\x00\x00\x00\x00\x00\x00\x00\x00\x00\x00\x00\x00\x00\x00\x00\x00\x00\x00\x00\x00\x00\x00\x00\x00\x00\x00\x00\x00\x00\x00\x00\x00\x00\x00\x00\x00\x00\x00\x00\x00\x00\x00\x00\x00\x00\x00\x00\x00\x00\x00\x00\x00\x00\x00\x00\x00\x00\x00\x00\x00\x00\x00\x00\x00\x00\x00\x00\x00\x00\x00\x00\x00\x00\x00\x00\x00\x00\x00\x00\x00\x00\x00\x00\x00\x00\x00\x00\x00\x00\x00\x00\x00\x00\x00\x00\x00\x00\x00\x00\x00\x00\x00\x00\x00\x00\x00\x00\x00\x00\x00\x00\x00\x00\x00\x00\x00\x00\x00\x00\x00\x00\x00\x00\x00\x00\x00\x00\x00\x00\x00\x00\x00\x00\x00\x00\x00\x00\x00\x00\x00\x00\x00\x00\x00\x00\x00\x00\x00\x00\x00\x00\x00\x00\x00\x00\x00\x00\x00\x00\x00\x00\x00\x00\x00\x00\x00\x00\x00\x00\x00\x00\x00\x00\x00\x00\x00\x00\x00\x00\x00\x00\x00\x00\x00\x00\x00\x00\x00\x00\x00\x00\x00\x00\x00\x00\x00\x00\x00\x00\x00\x00\x00\x00\x00\x00\x00\x00\x00\x00\x00\x00\x00\x00\x00\x00\x00\x00\x00\x00\x00\x00\x00\x00\x00\x00\x00\x00\x00\x00\x00\x00\x00\x00\x00\x00\x00\x00\x00\x00\x00\x00\x00\x00\x00\x00\x00\x00\x00\x00\x00\x00\x00\x00\x00\x00\x00\x00\x00\x00\x00\x00\x00\x00\x00\x00\x00\x00\x00\x00\x00\x00\x00\x00\x00\x00\x00\x00\x00\x00\x00\x00\x00\x00\x00\x00\x00\x00\x00\x00\x00\x00\x00\x00\x00\x00\x00\x00\x00\x00\x00\x00\x00\x00\x00\x00\x00\x00\x00\x00\x00\x00\x00\x00\x00\x00\x00\x00\x00\x00\x00\x00\x00\x00\x00\x00\x00\x00\x00\x00\x00\x00\x00\x00\x00\x00\x00\x00\x00\x00\x00\x00\x00\x00\x00\x00\x00\x00\x00\x00\x00\x00'
2023-03-04 13:35:42,279 - ERROR - [RecvLoop_185.181] - CellPadding() was received but no handlers for it
2023-03-04 13:35:42,284 - WARNING - [RecvLoop_185.181] - CellPadding has some unnecessary data: b'\x00\x00\x00\x00\x00\x00\x00\x00\x00\x00\x00\x00\x00\x00\x00\x00\x00\x00\x00\x00\x00\x00\x00\x00\x00\x00\x00\x00\x00\x00\x00\x00\x00\x00\x00\x00\x00\x00\x00\x00\x00\x00\x00\x00\x00\x00\x00\x00\x00\x00\x00\x00\x00\x00\x00\x00\x00\x00\x00\x00\x00\x00\x00\x00\x00\x00\x00\x00\x00\x00\x00\x00\x00\x00\x00\x00\x00\x00\x00\x00\x00\x00\x00\x00\x00\x00\x00\x00\x00\x00\x00\x00\x00\x00\x00\x00\x00\x00\x00\x00\x00\x00\x00\x00\x00\x00\x00\x00\x00\x00\x00\x00\x00\x00\x00\x00\x00\x00\x00\x00\x00\x00\x00\x00\x00\x00\x00\x00\x00\x00\x00\x00\x00\x00\x00\x00\x00\x00\x00\x00\x00\x00\x00\x00\x00\x00\x00\x00\x00\x00\x00\x00\x00\x00\x00\x00\x00\x00\x00\x00\x00\x00\x00\x00\x00\x00\x00\x00\x00\x00\x00\x00\x00\x00\x00\x00\x00\x00\x00\x00\x00\x00\x00\x00\x00\x00\x00\x00\x00\x00\x00\x00\x00\x00\x00\x00\x00\x00\x00\x00\x00\x00\x00\x00\x00\x00\x00\x00\x00\x00\x00\x00\x00\x00\x00\x00\x00\x00\x00\x00\x00\x00\x00\x00\x00\x00\x00\x00\x00\x00\x00\x00\x00\x00\x00\x00\x00\x00\x00\x00\x00\x00\x00\x00\x00\x00\x00\x00\x00\x00\x00\x00\x00\x00\x00\x00\x00\x00\x00\x00\x00\x00\x00\x00\x00\x00\x00\x00\x00\x00\x00\x00\x00\x00\x00\x00\x00\x00\x00\x00\x00\x00\x00\x00\x00\x00\x00\x00\x00\x00\x00\x00\x00\x00\x00\x00\x00\x00\x00\x00\x00\x00\x00\x00\x00\x00\x00\x00\x00\x00\x00\x00\x00\x00\x00\x00\x00\x00\x00\x00\x00\x00\x00\x00\x00\x00\x00\x00\x00\x00\x00\x00\x00\x00\x00\x00\x00\x00\x00\x00\x00\x00\x00\x00\x00\x00\x00\x00\x00\x00\x00\x00\x00\x00\x00\x00\x00\x00\x00\x00\x00\x00\x00\x00\x00\x00\x00\x00\x00\x00\x00\x00\x00\x00\x00\x00\x00\x00\x00\x00\x00\x00\x00\x00\x00\x00\x00\x00\x00\x00\x00\x00\x00\x00\x00\x00\x00\x00\x00\x00\x00\x00\x00\x00\x00\x00\x00\x00\x00\x00\x00\x00\x00\x00\x00\x00\x00\x00\x00\x00\x00\x00\x00\x00\x00\x00\x00\x00\x00\x00\x00\x00\x00\x00\x00\x00\x00\x00\x00\x00\x00\x00\x00\x00\x00\x00\x00\x00\x00\x00\x00\x00\x00\x00\x00\x00\x00\x00\x00\x00\x00\x00\x00\x00\x00\x00\x00\x00\x00\x00\x00\x00\x00\x00\x00\x00\x00\x00\x00\x00\x00\x00\x00\x00\x00\x00\x00\x00\x00\x00\x00\x00\x00\x00\x00\x00\x00\x00\x00\x00\x00\x00\x00\x00\x00\x00\x00\x00\x00'
2023-03-04 13:35:42,315 - ERROR - [RecvLoop_185.181] - CellPadding() was received but no handlers for it
2023-03-04 13:35:42,319 - WARNING - [RecvLoop_185.181] - CellPadding has some unnecessary data: b'\x00\x00\x00\x00\x00\x00\x00\x00\x00\x00\x00\x00\x00\x00\x00\x00\x00\x00\x00\x00\x00\x00\x00\x00\x00\x00\x00\x00\x00\x00\x00\x00\x00\x00\x00\x00\x00\x00\x00\x00\x00\x00\x00\x00\x00\x00\x00\x00\x00\x00\x00\x00\x00\x00\x00\x00\x00\x00\x00\x00\x00\x00\x00\x00\x00\x00\x00\x00\x00\x00\x00\x00\x00\x00\x00\x00\x00\x00\x00\x00\x00\x00\x00\x00\x00\x00\x00\x00\x00\x00\x00\x00\x00\x00\x00\x00\x00\x00\x00\x00\x00\x00\x00\x00\x00\x00\x00\x00\x00\x00\x00\x00\x00\x00\x00\x00\x00\x00\x00\x00\x00\x00\x00\x00\x00\x00\x00\x00\x00\x00\x00\x00\x00\x00\x00\x00\x00\x00\x00\x00\x00\x00\x00\x00\x00\x00\x00\x00\x00\x00\x00\x00\x00\x00\x00\x00\x00\x00\x00\x00\x00\x00\x00\x00\x00\x00\x00\x00\x00\x00\x00\x00\x00\x00\x00\x00\x00\x00\x00\x00\x00\x00\x00\x00\x00\x00\x00\x00\x00\x00\x00\x00\x00\x00\x00\x00\x00\x00\x00\x00\x00\x00\x00\x00\x00\x00\x00\x00\x00\x00\x00\x00\x00\x00\x00\x00\x00\x00\x00\x00\x00\x00\x00\x00\x00\x00\x00\x00\x00\x00\x00\x00\x00\x00\x00\x00\x00\x00\x00\x00\x00\x00\x00\x00\x00\x00\x00\x00\x00\x00\x00\x00\x00\x00\x00\x00\x00\x00\x00\x00\x00\x00\x00\x00\x00\x00\x00\x00\x00\x00\x00\x00\x00\x00\x00\x00\x00\x00\x00\x00\x00\x00\x00\x00\x00\x00\x00\x00\x00\x00\x00\x00\x00\x00\x00\x00\x00\x00\x00\x00\x00\x00\x00\x00\x00\x00\x00\x00\x00\x00\x00\x00\x00\x00\x00\x00\x00\x00\x00\x00\x00\x00\x00\x00\x00\x00\x00\x00\x00\x00\x00\x00\x00\x00\x00\x00\x00\x00\x00\x00\x00\x00\x00\x00\x00\x00\x00\x00\x00\x00\x00\x00\x00\x00\x00\x00\x00\x00\x00\x00\x00\x00\x00\x00\x00\x00\x00\x00\x00\x00\x00\x00\x00\x00\x00\x00\x00\x00\x00\x00\x00\x00\x00\x00\x00\x00\x00\x00\x00\x00\x00\x00\x00\x00\x00\x00\x00\x00\x00\x00\x00\x00\x00\x00\x00\x00\x00\x00\x00\x00\x00\x00\x00\x00\x00\x00\x00\x00\x00\x00\x00\x00\x00\x00\x00\x00\x00\x00\x00\x00\x00\x00\x00\x00\x00\x00\x00\x00\x00\x00\x00\x00\x00\x00\x00\x00\x00\x00\x00\x00\x00\x00\x00\x00\x00\x00\x00\x00\x00\x00\x00\x00\x00\x00\x00\x00\x00\x00\x00\x00\x00\x00\x00\x00\x00\x00\x00\x00\x00\x00\x00\x00\x00\x00\x00\x00\x00\x00\x00\x00\x00\x00\x00\x00\x00\x00\x00\x00\x00\x00\x00\x00\x00\x00\x00\x00\x00\x00\x00'
2023-03-04 13:35:42,319 - ERROR - [RecvLoop_185.181] - CellPadding() was received but no handlers for it
2023-03-04 13:35:42,320 - WARNING - [RecvLoop_185.181] - CellPadding has some unnecessary data: b'\x00\x00\x00\x00\x00\x00\x00\x00\x00\x00\x00\x00\x00\x00\x00\x00\x00\x00\x00\x00\x00\x00\x00\x00\x00\x00\x00\x00\x00\x00\x00\x00\x00\x00\x00\x00\x00\x00\x00\x00\x00\x00\x00\x00\x00\x00\x00\x00\x00\x00\x00\x00\x00\x00\x00\x00\x00\x00\x00\x00\x00\x00\x00\x00\x00\x00\x00\x00\x00\x00\x00\x00\x00\x00\x00\x00\x00\x00\x00\x00\x00\x00\x00\x00\x00\x00\x00\x00\x00\x00\x00\x00\x00\x00\x00\x00\x00\x00\x00\x00\x00\x00\x00\x00\x00\x00\x00\x00\x00\x00\x00\x00\x00\x00\x00\x00\x00\x00\x00\x00\x00\x00\x00\x00\x00\x00\x00\x00\x00\x00\x00\x00\x00\x00\x00\x00\x00\x00\x00\x00\x00\x00\x00\x00\x00\x00\x00\x00\x00\x00\x00\x00\x00\x00\x00\x00\x00\x00\x00\x00\x00\x00\x00\x00\x00\x00\x00\x00\x00\x00\x00\x00\x00\x00\x00\x00\x00\x00\x00\x00\x00\x00\x00\x00\x00\x00\x00\x00\x00\x00\x00\x00\x00\x00\x00\x00\x00\x00\x00\x00\x00\x00\x00\x00\x00\x00\x00\x00\x00\x00\x00\x00\x00\x00\x00\x00\x00\x00\x00\x00\x00\x00\x00\x00\x00\x00\x00\x00\x00\x00\x00\x00\x00\x00\x00\x00\x00\x00\x00\x00\x00\x00\x00\x00\x00\x00\x00\x00\x00\x00\x00\x00\x00\x00\x00\x00\x00\x00\x00\x00\x00\x00\x00\x00\x00\x00\x00\x00\x00\x00\x00\x00\x00\x00\x00\x00\x00\x00\x00\x00\x00\x00\x00\x00\x00\x00\x00\x00\x00\x00\x00\x00\x00\x00\x00\x00\x00\x00\x00\x00\x00\x00\x00\x00\x00\x00\x00\x00\x00\x00\x00\x00\x00\x00\x00\x00\x00\x00\x00\x00\x00\x00\x00\x00\x00\x00\x00\x00\x00\x00\x00\x00\x00\x00\x00\x00\x00\x00\x00\x00\x00\x00\x00\x00\x00\x00\x00\x00\x00\x00\x00\x00\x00\x00\x00\x00\x00\x00\x00\x00\x00\x00\x00\x00\x00\x00\x00\x00\x00\x00\x00\x00\x00\x00\x00\x00\x00\x00\x00\x00\x00\x00\x00\x00\x00\x00\x00\x00\x00\x00\x00\x00\x00\x00\x00\x00\x00\x00\x00\x00\x00\x00\x00\x00\x00\x00\x00\x00\x00\x00\x00\x00\x00\x00\x00\x00\x00\x00\x00\x00\x00\x00\x00\x00\x00\x00\x00\x00\x00\x00\x00\x00\x00\x00\x00\x00\x00\x00\x00\x00\x00\x00\x00\x00\x00\x00\x00\x00\x00\x00\x00\x00\x00\x00\x00\x00\x00\x00\x00\x00\x00\x00\x00\x00\x00\x00\x00\x00\x00\x00\x00\x00\x00\x00\x00\x00\x00\x00\x00\x00\x00\x00\x00\x00\x00\x00\x00\x00\x00\x00\x00\x00\x00\x00\x00\x00\x00\x00\x00\x00\x00\x00\x00\x00\x00\x00\x00\x00\x00'
2023-03-04 13:35:42,320 - ERROR - [RecvLoop_185.181] - CellPadding() was received but no handlers for it
2023-03-04 13:35:42,320 - WARNING - [RecvLoop_185.181] - CellPadding has some unnecessary data: b'\x00\x00\x00\x00\x00\x00\x00\x00\x00\x00\x00\x00\x00\x00\x00\x00\x00\x00\x00\x00\x00\x00\x00\x00\x00\x00\x00\x00\x00\x00\x00\x00\x00\x00\x00\x00\x00\x00\x00\x00\x00\x00\x00\x00\x00\x00\x00\x00\x00\x00\x00\x00\x00\x00\x00\x00\x00\x00\x00\x00\x00\x00\x00\x00\x00\x00\x00\x00\x00\x00\x00\x00\x00\x00\x00\x00\x00\x00\x00\x00\x00\x00\x00\x00\x00\x00\x00\x00\x00\x00\x00\x00\x00\x00\x00\x00\x00\x00\x00\x00\x00\x00\x00\x00\x00\x00\x00\x00\x00\x00\x00\x00\x00\x00\x00\x00\x00\x00\x00\x00\x00\x00\x00\x00\x00\x00\x00\x00\x00\x00\x00\x00\x00\x00\x00\x00\x00\x00\x00\x00\x00\x00\x00\x00\x00\x00\x00\x00\x00\x00\x00\x00\x00\x00\x00\x00\x00\x00\x00\x00\x00\x00\x00\x00\x00\x00\x00\x00\x00\x00\x00\x00\x00\x00\x00\x00\x00\x00\x00\x00\x00\x00\x00\x00\x00\x00\x00\x00\x00\x00\x00\x00\x00\x00\x00\x00\x00\x00\x00\x00\x00\x00\x00\x00\x00\x00\x00\x00\x00\x00\x00\x00\x00\x00\x00\x00\x00\x00\x00\x00\x00\x00\x00\x00\x00\x00\x00\x00\x00\x00\x00\x00\x00\x00\x00\x00\x00\x00\x00\x00\x00\x00\x00\x00\x00\x00\x00\x00\x00\x00\x00\x00\x00\x00\x00\x00\x00\x00\x00\x00\x00\x00\x00\x00\x00\x00\x00\x00\x00\x00\x00\x00\x00\x00\x00\x00\x00\x00\x00\x00\x00\x00\x00\x00\x00\x00\x00\x00\x00\x00\x00\x00\x00\x00\x00\x00\x00\x00\x00\x00\x00\x00\x00\x00\x00\x00\x00\x00\x00\x00\x00\x00\x00\x00\x00\x00\x00\x00\x00\x00\x00\x00\x00\x00\x00\x00\x00\x00\x00\x00\x00\x00\x00\x00\x00\x00\x00\x00\x00\x00\x00\x00\x00\x00\x00\x00\x00\x00\x00\x00\x00\x00\x00\x00\x00\x00\x00\x00\x00\x00\x00\x00\x00\x00\x00\x00\x00\x00\x00\x00\x00\x00\x00\x00\x00\x00\x00\x00\x00\x00\x00\x00\x00\x00\x00\x00\x00\x00\x00\x00\x00\x00\x00\x00\x00\x00\x00\x00\x00\x00\x00\x00\x00\x00\x00\x00\x00\x00\x00\x00\x00\x00\x00\x00\x00\x00\x00\x00\x00\x00\x00\x00\x00\x00\x00\x00\x00\x00\x00\x00\x00\x00\x00\x00\x00\x00\x00\x00\x00\x00\x00\x00\x00\x00\x00\x00\x00\x00\x00\x00\x00\x00\x00\x00\x00\x00\x00\x00\x00\x00\x00\x00\x00\x00\x00\x00\x00\x00\x00\x00\x00\x00\x00\x00\x00\x00\x00\x00\x00\x00\x00\x00\x00\x00\x00\x00\x00\x00\x00\x00\x00\x00\x00\x00\x00\x00\x00\x00\x00\x00\x00\x00\x00\x00\x00\x00\x00\x00\x00'
2023-03-04 13:35:42,321 - ERROR - [RecvLoop_185.181] - CellPadding() was received but no handlers for it
2023-03-04 13:35:42,326 - WARNING - [RecvLoop_185.181] - CellPadding has some unnecessary data: b'\x00\x00\x00\x00\x00\x00\x00\x00\x00\x00\x00\x00\x00\x00\x00\x00\x00\x00\x00\x00\x00\x00\x00\x00\x00\x00\x00\x00\x00\x00\x00\x00\x00\x00\x00\x00\x00\x00\x00\x00\x00\x00\x00\x00\x00\x00\x00\x00\x00\x00\x00\x00\x00\x00\x00\x00\x00\x00\x00\x00\x00\x00\x00\x00\x00\x00\x00\x00\x00\x00\x00\x00\x00\x00\x00\x00\x00\x00\x00\x00\x00\x00\x00\x00\x00\x00\x00\x00\x00\x00\x00\x00\x00\x00\x00\x00\x00\x00\x00\x00\x00\x00\x00\x00\x00\x00\x00\x00\x00\x00\x00\x00\x00\x00\x00\x00\x00\x00\x00\x00\x00\x00\x00\x00\x00\x00\x00\x00\x00\x00\x00\x00\x00\x00\x00\x00\x00\x00\x00\x00\x00\x00\x00\x00\x00\x00\x00\x00\x00\x00\x00\x00\x00\x00\x00\x00\x00\x00\x00\x00\x00\x00\x00\x00\x00\x00\x00\x00\x00\x00\x00\x00\x00\x00\x00\x00\x00\x00\x00\x00\x00\x00\x00\x00\x00\x00\x00\x00\x00\x00\x00\x00\x00\x00\x00\x00\x00\x00\x00\x00\x00\x00\x00\x00\x00\x00\x00\x00\x00\x00\x00\x00\x00\x00\x00\x00\x00\x00\x00\x00\x00\x00\x00\x00\x00\x00\x00\x00\x00\x00\x00\x00\x00\x00\x00\x00\x00\x00\x00\x00\x00\x00\x00\x00\x00\x00\x00\x00\x00\x00\x00\x00\x00\x00\x00\x00\x00\x00\x00\x00\x00\x00\x00\x00\x00\x00\x00\x00\x00\x00\x00\x00\x00\x00\x00\x00\x00\x00\x00\x00\x00\x00\x00\x00\x00\x00\x00\x00\x00\x00\x00\x00\x00\x00\x00\x00\x00\x00\x00\x00\x00\x00\x00\x00\x00\x00\x00\x00\x00\x00\x00\x00\x00\x00\x00\x00\x00\x00\x00\x00\x00\x00\x00\x00\x00\x00\x00\x00\x00\x00\x00\x00\x00\x00\x00\x00\x00\x00\x00\x00\x00\x00\x00\x00\x00\x00\x00\x00\x00\x00\x00\x00\x00\x00\x00\x00\x00\x00\x00\x00\x00\x00\x00\x00\x00\x00\x00\x00\x00\x00\x00\x00\x00\x00\x00\x00\x00\x00\x00\x00\x00\x00\x00\x00\x00\x00\x00\x00\x00\x00\x00\x00\x00\x00\x00\x00\x00\x00\x00\x00\x00\x00\x00\x00\x00\x00\x00\x00\x00\x00\x00\x00\x00\x00\x00\x00\x00\x00\x00\x00\x00\x00\x00\x00\x00\x00\x00\x00\x00\x00\x00\x00\x00\x00\x00\x00\x00\x00\x00\x00\x00\x00\x00\x00\x00\x00\x00\x00\x00\x00\x00\x00\x00\x00\x00\x00\x00\x00\x00\x00\x00\x00\x00\x00\x00\x00\x00\x00\x00\x00\x00\x00\x00\x00\x00\x00\x00\x00\x00\x00\x00\x00\x00\x00\x00\x00\x00\x00\x00\x00\x00\x00\x00\x00\x00\x00\x00\x00\x00\x00\x00\x00\x00\x00\x00\x00\x00\x00\x00'
2023-03-04 13:35:42,334 - ERROR - [RecvLoop_185.181] - CellPadding() was received but no handlers for it
2023-03-04 13:35:42,335 - WARNING - [RecvLoop_185.181] - CellPadding has some unnecessary data: b'\x00\x00\x00\x00\x00\x00\x00\x00\x00\x00\x00\x00\x00\x00\x00\x00\x00\x00\x00\x00\x00\x00\x00\x00\x00\x00\x00\x00\x00\x00\x00\x00\x00\x00\x00\x00\x00\x00\x00\x00\x00\x00\x00\x00\x00\x00\x00\x00\x00\x00\x00\x00\x00\x00\x00\x00\x00\x00\x00\x00\x00\x00\x00\x00\x00\x00\x00\x00\x00\x00\x00\x00\x00\x00\x00\x00\x00\x00\x00\x00\x00\x00\x00\x00\x00\x00\x00\x00\x00\x00\x00\x00\x00\x00\x00\x00\x00\x00\x00\x00\x00\x00\x00\x00\x00\x00\x00\x00\x00\x00\x00\x00\x00\x00\x00\x00\x00\x00\x00\x00\x00\x00\x00\x00\x00\x00\x00\x00\x00\x00\x00\x00\x00\x00\x00\x00\x00\x00\x00\x00\x00\x00\x00\x00\x00\x00\x00\x00\x00\x00\x00\x00\x00\x00\x00\x00\x00\x00\x00\x00\x00\x00\x00\x00\x00\x00\x00\x00\x00\x00\x00\x00\x00\x00\x00\x00\x00\x00\x00\x00\x00\x00\x00\x00\x00\x00\x00\x00\x00\x00\x00\x00\x00\x00\x00\x00\x00\x00\x00\x00\x00\x00\x00\x00\x00\x00\x00\x00\x00\x00\x00\x00\x00\x00\x00\x00\x00\x00\x00\x00\x00\x00\x00\x00\x00\x00\x00\x00\x00\x00\x00\x00\x00\x00\x00\x00\x00\x00\x00\x00\x00\x00\x00\x00\x00\x00\x00\x00\x00\x00\x00\x00\x00\x00\x00\x00\x00\x00\x00\x00\x00\x00\x00\x00\x00\x00\x00\x00\x00\x00\x00\x00\x00\x00\x00\x00\x00\x00\x00\x00\x00\x00\x00\x00\x00\x00\x00\x00\x00\x00\x00\x00\x00\x00\x00\x00\x00\x00\x00\x00\x00\x00\x00\x00\x00\x00\x00\x00\x00\x00\x00\x00\x00\x00\x00\x00\x00\x00\x00\x00\x00\x00\x00\x00\x00\x00\x00\x00\x00\x00\x00\x00\x00\x00\x00\x00\x00\x00\x00\x00\x00\x00\x00\x00\x00\x00\x00\x00\x00\x00\x00\x00\x00\x00\x00\x00\x00\x00\x00\x00\x00\x00\x00\x00\x00\x00\x00\x00\x00\x00\x00\x00\x00\x00\x00\x00\x00\x00\x00\x00\x00\x00\x00\x00\x00\x00\x00\x00\x00\x00\x00\x00\x00\x00\x00\x00\x00\x00\x00\x00\x00\x00\x00\x00\x00\x00\x00\x00\x00\x00\x00\x00\x00\x00\x00\x00\x00\x00\x00\x00\x00\x00\x00\x00\x00\x00\x00\x00\x00\x00\x00\x00\x00\x00\x00\x00\x00\x00\x00\x00\x00\x00\x00\x00\x00\x00\x00\x00\x00\x00\x00\x00\x00\x00\x00\x00\x00\x00\x00\x00\x00\x00\x00\x00\x00\x00\x00\x00\x00\x00\x00\x00\x00\x00\x00\x00\x00\x00\x00\x00\x00\x00\x00\x00\x00\x00\x00\x00\x00\x00\x00\x00\x00\x00\x00\x00\x00\x00\x00\x00\x00\x00\x00\x00\x00\x00\x00\x00\x00'
2023-03-04 13:35:42,335 - ERROR - [RecvLoop_185.181] - CellPadding() was received but no handlers for it
2023-03-04 13:35:42,336 - WARNING - [RecvLoop_185.181] - CellPadding has some unnecessary data: b'\x00\x00\x00\x00\x00\x00\x00\x00\x00\x00\x00\x00\x00\x00\x00\x00\x00\x00\x00\x00\x00\x00\x00\x00\x00\x00\x00\x00\x00\x00\x00\x00\x00\x00\x00\x00\x00\x00\x00\x00\x00\x00\x00\x00\x00\x00\x00\x00\x00\x00\x00\x00\x00\x00\x00\x00\x00\x00\x00\x00\x00\x00\x00\x00\x00\x00\x00\x00\x00\x00\x00\x00\x00\x00\x00\x00\x00\x00\x00\x00\x00\x00\x00\x00\x00\x00\x00\x00\x00\x00\x00\x00\x00\x00\x00\x00\x00\x00\x00\x00\x00\x00\x00\x00\x00\x00\x00\x00\x00\x00\x00\x00\x00\x00\x00\x00\x00\x00\x00\x00\x00\x00\x00\x00\x00\x00\x00\x00\x00\x00\x00\x00\x00\x00\x00\x00\x00\x00\x00\x00\x00\x00\x00\x00\x00\x00\x00\x00\x00\x00\x00\x00\x00\x00\x00\x00\x00\x00\x00\x00\x00\x00\x00\x00\x00\x00\x00\x00\x00\x00\x00\x00\x00\x00\x00\x00\x00\x00\x00\x00\x00\x00\x00\x00\x00\x00\x00\x00\x00\x00\x00\x00\x00\x00\x00\x00\x00\x00\x00\x00\x00\x00\x00\x00\x00\x00\x00\x00\x00\x00\x00\x00\x00\x00\x00\x00\x00\x00\x00\x00\x00\x00\x00\x00\x00\x00\x00\x00\x00\x00\x00\x00\x00\x00\x00\x00\x00\x00\x00\x00\x00\x00\x00\x00\x00\x00\x00\x00\x00\x00\x00\x00\x00\x00\x00\x00\x00\x00\x00\x00\x00\x00\x00\x00\x00\x00\x00\x00\x00\x00\x00\x00\x00\x00\x00\x00\x00\x00\x00\x00\x00\x00\x00\x00\x00\x00\x00\x00\x00\x00\x00\x00\x00\x00\x00\x00\x00\x00\x00\x00\x00\x00\x00\x00\x00\x00\x00\x00\x00\x00\x00\x00\x00\x00\x00\x00\x00\x00\x00\x00\x00\x00\x00\x00\x00\x00\x00\x00\x00\x00\x00\x00\x00\x00\x00\x00\x00\x00\x00\x00\x00\x00\x00\x00\x00\x00\x00\x00\x00\x00\x00\x00\x00\x00\x00\x00\x00\x00\x00\x00\x00\x00\x00\x00\x00\x00\x00\x00\x00\x00\x00\x00\x00\x00\x00\x00\x00\x00\x00\x00\x00\x00\x00\x00\x00\x00\x00\x00\x00\x00\x00\x00\x00\x00\x00\x00\x00\x00\x00\x00\x00\x00\x00\x00\x00\x00\x00\x00\x00\x00\x00\x00\x00\x00\x00\x00\x00\x00\x00\x00\x00\x00\x00\x00\x00\x00\x00\x00\x00\x00\x00\x00\x00\x00\x00\x00\x00\x00\x00\x00\x00\x00\x00\x00\x00\x00\x00\x00\x00\x00\x00\x00\x00\x00\x00\x00\x00\x00\x00\x00\x00\x00\x00\x00\x00\x00\x00\x00\x00\x00\x00\x00\x00\x00\x00\x00\x00\x00\x00\x00\x00\x00\x00\x00\x00\x00\x00\x00\x00\x00\x00\x00\x00\x00\x00\x00\x00\x00\x00\x00\x00\x00\x00\x00\x00\x00\x00\x00\x00'
2023-03-04 13:35:42,336 - ERROR - [RecvLoop_185.181] - CellPadding() was received but no handlers for it
2023-03-04 13:35:42,340 - WARNING - [RecvLoop_185.181] - CellPadding has some unnecessary data: b'\x00\x00\x00\x00\x00\x00\x00\x00\x00\x00\x00\x00\x00\x00\x00\x00\x00\x00\x00\x00\x00\x00\x00\x00\x00\x00\x00\x00\x00\x00\x00\x00\x00\x00\x00\x00\x00\x00\x00\x00\x00\x00\x00\x00\x00\x00\x00\x00\x00\x00\x00\x00\x00\x00\x00\x00\x00\x00\x00\x00\x00\x00\x00\x00\x00\x00\x00\x00\x00\x00\x00\x00\x00\x00\x00\x00\x00\x00\x00\x00\x00\x00\x00\x00\x00\x00\x00\x00\x00\x00\x00\x00\x00\x00\x00\x00\x00\x00\x00\x00\x00\x00\x00\x00\x00\x00\x00\x00\x00\x00\x00\x00\x00\x00\x00\x00\x00\x00\x00\x00\x00\x00\x00\x00\x00\x00\x00\x00\x00\x00\x00\x00\x00\x00\x00\x00\x00\x00\x00\x00\x00\x00\x00\x00\x00\x00\x00\x00\x00\x00\x00\x00\x00\x00\x00\x00\x00\x00\x00\x00\x00\x00\x00\x00\x00\x00\x00\x00\x00\x00\x00\x00\x00\x00\x00\x00\x00\x00\x00\x00\x00\x00\x00\x00\x00\x00\x00\x00\x00\x00\x00\x00\x00\x00\x00\x00\x00\x00\x00\x00\x00\x00\x00\x00\x00\x00\x00\x00\x00\x00\x00\x00\x00\x00\x00\x00\x00\x00\x00\x00\x00\x00\x00\x00\x00\x00\x00\x00\x00\x00\x00\x00\x00\x00\x00\x00\x00\x00\x00\x00\x00\x00\x00\x00\x00\x00\x00\x00\x00\x00\x00\x00\x00\x00\x00\x00\x00\x00\x00\x00\x00\x00\x00\x00\x00\x00\x00\x00\x00\x00\x00\x00\x00\x00\x00\x00\x00\x00\x00\x00\x00\x00\x00\x00\x00\x00\x00\x00\x00\x00\x00\x00\x00\x00\x00\x00\x00\x00\x00\x00\x00\x00\x00\x00\x00\x00\x00\x00\x00\x00\x00\x00\x00\x00\x00\x00\x00\x00\x00\x00\x00\x00\x00\x00\x00\x00\x00\x00\x00\x00\x00\x00\x00\x00\x00\x00\x00\x00\x00\x00\x00\x00\x00\x00\x00\x00\x00\x00\x00\x00\x00\x00\x00\x00\x00\x00\x00\x00\x00\x00\x00\x00\x00\x00\x00\x00\x00\x00\x00\x00\x00\x00\x00\x00\x00\x00\x00\x00\x00\x00\x00\x00\x00\x00\x00\x00\x00\x00\x00\x00\x00\x00\x00\x00\x00\x00\x00\x00\x00\x00\x00\x00\x00\x00\x00\x00\x00\x00\x00\x00\x00\x00\x00\x00\x00\x00\x00\x00\x00\x00\x00\x00\x00\x00\x00\x00\x00\x00\x00\x00\x00\x00\x00\x00\x00\x00\x00\x00\x00\x00\x00\x00\x00\x00\x00\x00\x00\x00\x00\x00\x00\x00\x00\x00\x00\x00\x00\x00\x00\x00\x00\x00\x00\x00\x00\x00\x00\x00\x00\x00\x00\x00\x00\x00\x00\x00\x00\x00\x00\x00\x00\x00\x00\x00\x00\x00\x00\x00\x00\x00\x00\x00\x00\x00\x00\x00\x00\x00\x00\x00\x00\x00\x00\x00\x00\x00\x00\x00\x00'
2023-03-04 13:35:42,340 - ERROR - [RecvLoop_185.181] - CellPadding() was received but no handlers for it
2023-03-04 13:38:29,809 - ERROR - [RecvLoop_185.181] - Some handle errors
Traceback (most recent call last):
  File "/home/vboxuser/Git/imt4905/torpy-rtun-fork/torpy/circuit.py", line 224, in _do_recv
    self._handler_mgr.handle(cell)
  File "/home/vboxuser/Git/imt4905/torpy-rtun-fork/torpy/circuit.py", line 280, in handle
    handler(cell)
  File "/home/vboxuser/Git/imt4905/torpy-rtun-fork/torpy/guard.py", line 43, in wrapped
    return func(*args_new, **kwargs)
  File "/home/vboxuser/Git/imt4905/torpy-rtun-fork/torpy/guard.py", line 127, in _on_relay
    circuit.handle_relay(cell)
  File "/home/vboxuser/Git/imt4905/torpy-rtun-fork/torpy/circuit.py", line 456, in handle_relay
    circuit_node, inner_cell = self._decrypt(cell)
  File "/home/vboxuser/Git/imt4905/torpy-rtun-fork/torpy/circuit.py", line 522, in _decrypt
    return from_node, relay_cell.get_decrypted()
  File "/home/vboxuser/Git/imt4905/torpy-rtun-fork/torpy/cells.py", line 234, in get_decrypted
    assert self._checked
AssertionError
2023-03-04 13:38:32,611 - ERROR - [RecvLoop_185.181] - Some handle errors
Traceback (most recent call last):
  File "/home/vboxuser/Git/imt4905/torpy-rtun-fork/torpy/circuit.py", line 224, in _do_recv
    self._handler_mgr.handle(cell)
  File "/home/vboxuser/Git/imt4905/torpy-rtun-fork/torpy/circuit.py", line 280, in handle
    handler(cell)
  File "/home/vboxuser/Git/imt4905/torpy-rtun-fork/torpy/guard.py", line 43, in wrapped
    return func(*args_new, **kwargs)
  File "/home/vboxuser/Git/imt4905/torpy-rtun-fork/torpy/guard.py", line 127, in _on_relay
    circuit.handle_relay(cell)
  File "/home/vboxuser/Git/imt4905/torpy-rtun-fork/torpy/circuit.py", line 456, in handle_relay
    circuit_node, inner_cell = self._decrypt(cell)
  File "/home/vboxuser/Git/imt4905/torpy-rtun-fork/torpy/circuit.py", line 522, in _decrypt
    return from_node, relay_cell.get_decrypted()
  File "/home/vboxuser/Git/imt4905/torpy-rtun-fork/torpy/cells.py", line 234, in get_decrypted
    assert self._checked
AssertionError
2023-03-04 13:38:34,101 - ERROR - [RecvLoop_185.181] - Some handle errors
Traceback (most recent call last):
  File "/home/vboxuser/Git/imt4905/torpy-rtun-fork/torpy/circuit.py", line 224, in _do_recv
    self._handler_mgr.handle(cell)
  File "/home/vboxuser/Git/imt4905/torpy-rtun-fork/torpy/circuit.py", line 280, in handle
    handler(cell)
  File "/home/vboxuser/Git/imt4905/torpy-rtun-fork/torpy/guard.py", line 43, in wrapped
    return func(*args_new, **kwargs)
  File "/home/vboxuser/Git/imt4905/torpy-rtun-fork/torpy/guard.py", line 127, in _on_relay
    circuit.handle_relay(cell)
  File "/home/vboxuser/Git/imt4905/torpy-rtun-fork/torpy/circuit.py", line 456, in handle_relay
    circuit_node, inner_cell = self._decrypt(cell)
  File "/home/vboxuser/Git/imt4905/torpy-rtun-fork/torpy/circuit.py", line 522, in _decrypt
    return from_node, relay_cell.get_decrypted()
  File "/home/vboxuser/Git/imt4905/torpy-rtun-fork/torpy/cells.py", line 234, in get_decrypted
    assert self._checked
AssertionError
2023-03-04 13:38:34,873 - ERROR - [RecvLoop_185.181] - Some handle errors
Traceback (most recent call last):
  File "/home/vboxuser/Git/imt4905/torpy-rtun-fork/torpy/circuit.py", line 224, in _do_recv
    self._handler_mgr.handle(cell)
  File "/home/vboxuser/Git/imt4905/torpy-rtun-fork/torpy/circuit.py", line 280, in handle
    handler(cell)
  File "/home/vboxuser/Git/imt4905/torpy-rtun-fork/torpy/guard.py", line 43, in wrapped
    return func(*args_new, **kwargs)
  File "/home/vboxuser/Git/imt4905/torpy-rtun-fork/torpy/guard.py", line 127, in _on_relay
    circuit.handle_relay(cell)
  File "/home/vboxuser/Git/imt4905/torpy-rtun-fork/torpy/circuit.py", line 456, in handle_relay
    circuit_node, inner_cell = self._decrypt(cell)
  File "/home/vboxuser/Git/imt4905/torpy-rtun-fork/torpy/circuit.py", line 522, in _decrypt
    return from_node, relay_cell.get_decrypted()
  File "/home/vboxuser/Git/imt4905/torpy-rtun-fork/torpy/cells.py", line 234, in get_decrypted
    assert self._checked
AssertionError
2023-03-04 13:38:35,213 - ERROR - [RecvLoop_185.181] - Some handle errors
Traceback (most recent call last):
  File "/home/vboxuser/Git/imt4905/torpy-rtun-fork/torpy/circuit.py", line 224, in _do_recv
    self._handler_mgr.handle(cell)
  File "/home/vboxuser/Git/imt4905/torpy-rtun-fork/torpy/circuit.py", line 280, in handle
    handler(cell)
  File "/home/vboxuser/Git/imt4905/torpy-rtun-fork/torpy/guard.py", line 43, in wrapped
    return func(*args_new, **kwargs)
  File "/home/vboxuser/Git/imt4905/torpy-rtun-fork/torpy/guard.py", line 127, in _on_relay
    circuit.handle_relay(cell)
  File "/home/vboxuser/Git/imt4905/torpy-rtun-fork/torpy/circuit.py", line 456, in handle_relay
    circuit_node, inner_cell = self._decrypt(cell)
  File "/home/vboxuser/Git/imt4905/torpy-rtun-fork/torpy/circuit.py", line 522, in _decrypt
    return from_node, relay_cell.get_decrypted()
  File "/home/vboxuser/Git/imt4905/torpy-rtun-fork/torpy/cells.py", line 234, in get_decrypted
    assert self._checked
AssertionError
2023-03-04 13:38:36,140 - ERROR - [RecvLoop_185.181] - Some handle errors
Traceback (most recent call last):
  File "/home/vboxuser/Git/imt4905/torpy-rtun-fork/torpy/circuit.py", line 224, in _do_recv
    self._handler_mgr.handle(cell)
  File "/home/vboxuser/Git/imt4905/torpy-rtun-fork/torpy/circuit.py", line 280, in handle
    handler(cell)
  File "/home/vboxuser/Git/imt4905/torpy-rtun-fork/torpy/guard.py", line 43, in wrapped
    return func(*args_new, **kwargs)
  File "/home/vboxuser/Git/imt4905/torpy-rtun-fork/torpy/guard.py", line 127, in _on_relay
    circuit.handle_relay(cell)
  File "/home/vboxuser/Git/imt4905/torpy-rtun-fork/torpy/circuit.py", line 456, in handle_relay
    circuit_node, inner_cell = self._decrypt(cell)
  File "/home/vboxuser/Git/imt4905/torpy-rtun-fork/torpy/circuit.py", line 522, in _decrypt
    return from_node, relay_cell.get_decrypted()
  File "/home/vboxuser/Git/imt4905/torpy-rtun-fork/torpy/cells.py", line 234, in get_decrypted
    assert self._checked
AssertionError
2023-03-04 13:38:39,806 - ERROR - [RecvLoop_185.181] - Some handle errors
Traceback (most recent call last):
  File "/home/vboxuser/Git/imt4905/torpy-rtun-fork/torpy/circuit.py", line 224, in _do_recv
    self._handler_mgr.handle(cell)
  File "/home/vboxuser/Git/imt4905/torpy-rtun-fork/torpy/circuit.py", line 280, in handle
    handler(cell)
  File "/home/vboxuser/Git/imt4905/torpy-rtun-fork/torpy/guard.py", line 43, in wrapped
    return func(*args_new, **kwargs)
  File "/home/vboxuser/Git/imt4905/torpy-rtun-fork/torpy/guard.py", line 127, in _on_relay
    circuit.handle_relay(cell)
  File "/home/vboxuser/Git/imt4905/torpy-rtun-fork/torpy/circuit.py", line 456, in handle_relay
    circuit_node, inner_cell = self._decrypt(cell)
  File "/home/vboxuser/Git/imt4905/torpy-rtun-fork/torpy/circuit.py", line 522, in _decrypt
    return from_node, relay_cell.get_decrypted()
  File "/home/vboxuser/Git/imt4905/torpy-rtun-fork/torpy/cells.py", line 234, in get_decrypted
    assert self._checked
AssertionError
2023-03-04 13:38:40,235 - ERROR - [RecvLoop_185.181] - Some handle errors
Traceback (most recent call last):
  File "/home/vboxuser/Git/imt4905/torpy-rtun-fork/torpy/circuit.py", line 224, in _do_recv
    self._handler_mgr.handle(cell)
  File "/home/vboxuser/Git/imt4905/torpy-rtun-fork/torpy/circuit.py", line 280, in handle
    handler(cell)
  File "/home/vboxuser/Git/imt4905/torpy-rtun-fork/torpy/guard.py", line 43, in wrapped
    return func(*args_new, **kwargs)
  File "/home/vboxuser/Git/imt4905/torpy-rtun-fork/torpy/guard.py", line 127, in _on_relay
    circuit.handle_relay(cell)
  File "/home/vboxuser/Git/imt4905/torpy-rtun-fork/torpy/circuit.py", line 456, in handle_relay
    circuit_node, inner_cell = self._decrypt(cell)
  File "/home/vboxuser/Git/imt4905/torpy-rtun-fork/torpy/circuit.py", line 522, in _decrypt
    return from_node, relay_cell.get_decrypted()
  File "/home/vboxuser/Git/imt4905/torpy-rtun-fork/torpy/cells.py", line 234, in get_decrypted
    assert self._checked
AssertionError
2023-03-04 13:38:42,337 - ERROR - [RecvLoop_185.181] - Some handle errors
Traceback (most recent call last):
  File "/home/vboxuser/Git/imt4905/torpy-rtun-fork/torpy/circuit.py", line 224, in _do_recv
    self._handler_mgr.handle(cell)
  File "/home/vboxuser/Git/imt4905/torpy-rtun-fork/torpy/circuit.py", line 280, in handle
    handler(cell)
  File "/home/vboxuser/Git/imt4905/torpy-rtun-fork/torpy/guard.py", line 43, in wrapped
    return func(*args_new, **kwargs)
  File "/home/vboxuser/Git/imt4905/torpy-rtun-fork/torpy/guard.py", line 127, in _on_relay
    circuit.handle_relay(cell)
  File "/home/vboxuser/Git/imt4905/torpy-rtun-fork/torpy/circuit.py", line 456, in handle_relay
    circuit_node, inner_cell = self._decrypt(cell)
  File "/home/vboxuser/Git/imt4905/torpy-rtun-fork/torpy/circuit.py", line 522, in _decrypt
    return from_node, relay_cell.get_decrypted()
  File "/home/vboxuser/Git/imt4905/torpy-rtun-fork/torpy/cells.py", line 234, in get_decrypted
    assert self._checked
AssertionError
2023-03-04 13:38:45,370 - ERROR - [RecvLoop_185.181] - Some handle errors
Traceback (most recent call last):
  File "/home/vboxuser/Git/imt4905/torpy-rtun-fork/torpy/circuit.py", line 224, in _do_recv
    self._handler_mgr.handle(cell)
  File "/home/vboxuser/Git/imt4905/torpy-rtun-fork/torpy/circuit.py", line 280, in handle
    handler(cell)
  File "/home/vboxuser/Git/imt4905/torpy-rtun-fork/torpy/guard.py", line 43, in wrapped
    return func(*args_new, **kwargs)
  File "/home/vboxuser/Git/imt4905/torpy-rtun-fork/torpy/guard.py", line 127, in _on_relay
    circuit.handle_relay(cell)
  File "/home/vboxuser/Git/imt4905/torpy-rtun-fork/torpy/circuit.py", line 456, in handle_relay
    circuit_node, inner_cell = self._decrypt(cell)
  File "/home/vboxuser/Git/imt4905/torpy-rtun-fork/torpy/circuit.py", line 522, in _decrypt
    return from_node, relay_cell.get_decrypted()
  File "/home/vboxuser/Git/imt4905/torpy-rtun-fork/torpy/cells.py", line 234, in get_decrypted
    assert self._checked
AssertionError
2023-03-04 13:38:45,432 - ERROR - [RecvLoop_185.181] - Some handle errors
Traceback (most recent call last):
  File "/home/vboxuser/Git/imt4905/torpy-rtun-fork/torpy/circuit.py", line 224, in _do_recv
    self._handler_mgr.handle(cell)
  File "/home/vboxuser/Git/imt4905/torpy-rtun-fork/torpy/circuit.py", line 280, in handle
    handler(cell)
  File "/home/vboxuser/Git/imt4905/torpy-rtun-fork/torpy/guard.py", line 43, in wrapped
    return func(*args_new, **kwargs)
  File "/home/vboxuser/Git/imt4905/torpy-rtun-fork/torpy/guard.py", line 127, in _on_relay
    circuit.handle_relay(cell)
  File "/home/vboxuser/Git/imt4905/torpy-rtun-fork/torpy/circuit.py", line 456, in handle_relay
    circuit_node, inner_cell = self._decrypt(cell)
  File "/home/vboxuser/Git/imt4905/torpy-rtun-fork/torpy/circuit.py", line 522, in _decrypt
    return from_node, relay_cell.get_decrypted()
  File "/home/vboxuser/Git/imt4905/torpy-rtun-fork/torpy/cells.py", line 234, in get_decrypted
    assert self._checked
AssertionError
2023-03-04 13:38:47,567 - INFO - [Thread-1630] - Adding P2 to list of inactive
2023-03-04 13:38:47,929 - ERROR - [RecvLoop_185.181] - Some handle errors
Traceback (most recent call last):
  File "/home/vboxuser/Git/imt4905/torpy-rtun-fork/torpy/circuit.py", line 224, in _do_recv
    self._handler_mgr.handle(cell)
  File "/home/vboxuser/Git/imt4905/torpy-rtun-fork/torpy/circuit.py", line 280, in handle
    handler(cell)
  File "/home/vboxuser/Git/imt4905/torpy-rtun-fork/torpy/guard.py", line 43, in wrapped
    return func(*args_new, **kwargs)
  File "/home/vboxuser/Git/imt4905/torpy-rtun-fork/torpy/guard.py", line 127, in _on_relay
    circuit.handle_relay(cell)
  File "/home/vboxuser/Git/imt4905/torpy-rtun-fork/torpy/circuit.py", line 456, in handle_relay
    circuit_node, inner_cell = self._decrypt(cell)
  File "/home/vboxuser/Git/imt4905/torpy-rtun-fork/torpy/circuit.py", line 522, in _decrypt
    return from_node, relay_cell.get_decrypted()
  File "/home/vboxuser/Git/imt4905/torpy-rtun-fork/torpy/cells.py", line 234, in get_decrypted
    assert self._checked
AssertionError
2023-03-04 13:38:50,261 - ERROR - [RecvLoop_185.181] - Some handle errors
Traceback (most recent call last):
  File "/home/vboxuser/Git/imt4905/torpy-rtun-fork/torpy/circuit.py", line 224, in _do_recv
    self._handler_mgr.handle(cell)
  File "/home/vboxuser/Git/imt4905/torpy-rtun-fork/torpy/circuit.py", line 280, in handle
    handler(cell)
  File "/home/vboxuser/Git/imt4905/torpy-rtun-fork/torpy/guard.py", line 43, in wrapped
    return func(*args_new, **kwargs)
  File "/home/vboxuser/Git/imt4905/torpy-rtun-fork/torpy/guard.py", line 127, in _on_relay
    circuit.handle_relay(cell)
  File "/home/vboxuser/Git/imt4905/torpy-rtun-fork/torpy/circuit.py", line 456, in handle_relay
    circuit_node, inner_cell = self._decrypt(cell)
  File "/home/vboxuser/Git/imt4905/torpy-rtun-fork/torpy/circuit.py", line 522, in _decrypt
    return from_node, relay_cell.get_decrypted()
  File "/home/vboxuser/Git/imt4905/torpy-rtun-fork/torpy/cells.py", line 234, in get_decrypted
    assert self._checked
AssertionError
2023-03-04 13:38:50,409 - ERROR - [RecvLoop_185.181] - Some handle errors
Traceback (most recent call last):
  File "/home/vboxuser/Git/imt4905/torpy-rtun-fork/torpy/circuit.py", line 224, in _do_recv
    self._handler_mgr.handle(cell)
  File "/home/vboxuser/Git/imt4905/torpy-rtun-fork/torpy/circuit.py", line 280, in handle
    handler(cell)
  File "/home/vboxuser/Git/imt4905/torpy-rtun-fork/torpy/guard.py", line 43, in wrapped
    return func(*args_new, **kwargs)
  File "/home/vboxuser/Git/imt4905/torpy-rtun-fork/torpy/guard.py", line 127, in _on_relay
    circuit.handle_relay(cell)
  File "/home/vboxuser/Git/imt4905/torpy-rtun-fork/torpy/circuit.py", line 456, in handle_relay
    circuit_node, inner_cell = self._decrypt(cell)
  File "/home/vboxuser/Git/imt4905/torpy-rtun-fork/torpy/circuit.py", line 522, in _decrypt
    return from_node, relay_cell.get_decrypted()
  File "/home/vboxuser/Git/imt4905/torpy-rtun-fork/torpy/cells.py", line 234, in get_decrypted
    assert self._checked
AssertionError
2023-03-04 13:38:50,473 - ERROR - [RecvLoop_185.181] - Some handle errors
Traceback (most recent call last):
  File "/home/vboxuser/Git/imt4905/torpy-rtun-fork/torpy/circuit.py", line 224, in _do_recv
    self._handler_mgr.handle(cell)
  File "/home/vboxuser/Git/imt4905/torpy-rtun-fork/torpy/circuit.py", line 280, in handle
    handler(cell)
  File "/home/vboxuser/Git/imt4905/torpy-rtun-fork/torpy/guard.py", line 43, in wrapped
    return func(*args_new, **kwargs)
  File "/home/vboxuser/Git/imt4905/torpy-rtun-fork/torpy/guard.py", line 127, in _on_relay
    circuit.handle_relay(cell)
  File "/home/vboxuser/Git/imt4905/torpy-rtun-fork/torpy/circuit.py", line 456, in handle_relay
    circuit_node, inner_cell = self._decrypt(cell)
  File "/home/vboxuser/Git/imt4905/torpy-rtun-fork/torpy/circuit.py", line 522, in _decrypt
    return from_node, relay_cell.get_decrypted()
  File "/home/vboxuser/Git/imt4905/torpy-rtun-fork/torpy/cells.py", line 234, in get_decrypted
    assert self._checked
AssertionError
2023-03-04 13:38:50,938 - INFO - [RECEIVER] - Removing P2 from neighbours
2023-03-04 13:38:55,430 - ERROR - [RecvLoop_185.181] - Some handle errors
Traceback (most recent call last):
  File "/home/vboxuser/Git/imt4905/torpy-rtun-fork/torpy/circuit.py", line 224, in _do_recv
    self._handler_mgr.handle(cell)
  File "/home/vboxuser/Git/imt4905/torpy-rtun-fork/torpy/circuit.py", line 280, in handle
    handler(cell)
  File "/home/vboxuser/Git/imt4905/torpy-rtun-fork/torpy/guard.py", line 43, in wrapped
    return func(*args_new, **kwargs)
  File "/home/vboxuser/Git/imt4905/torpy-rtun-fork/torpy/guard.py", line 127, in _on_relay
    circuit.handle_relay(cell)
  File "/home/vboxuser/Git/imt4905/torpy-rtun-fork/torpy/circuit.py", line 456, in handle_relay
    circuit_node, inner_cell = self._decrypt(cell)
  File "/home/vboxuser/Git/imt4905/torpy-rtun-fork/torpy/circuit.py", line 522, in _decrypt
    return from_node, relay_cell.get_decrypted()
  File "/home/vboxuser/Git/imt4905/torpy-rtun-fork/torpy/cells.py", line 234, in get_decrypted
    assert self._checked
AssertionError
2023-03-04 13:38:55,978 - ERROR - [RecvLoop_185.181] - Some handle errors
Traceback (most recent call last):
  File "/home/vboxuser/Git/imt4905/torpy-rtun-fork/torpy/circuit.py", line 224, in _do_recv
    self._handler_mgr.handle(cell)
  File "/home/vboxuser/Git/imt4905/torpy-rtun-fork/torpy/circuit.py", line 280, in handle
    handler(cell)
  File "/home/vboxuser/Git/imt4905/torpy-rtun-fork/torpy/guard.py", line 43, in wrapped
    return func(*args_new, **kwargs)
  File "/home/vboxuser/Git/imt4905/torpy-rtun-fork/torpy/guard.py", line 127, in _on_relay
    circuit.handle_relay(cell)
  File "/home/vboxuser/Git/imt4905/torpy-rtun-fork/torpy/circuit.py", line 456, in handle_relay
    circuit_node, inner_cell = self._decrypt(cell)
  File "/home/vboxuser/Git/imt4905/torpy-rtun-fork/torpy/circuit.py", line 522, in _decrypt
    return from_node, relay_cell.get_decrypted()
  File "/home/vboxuser/Git/imt4905/torpy-rtun-fork/torpy/cells.py", line 234, in get_decrypted
    assert self._checked
AssertionError
2023-03-04 13:39:00,757 - ERROR - [RecvLoop_185.181] - Some handle errors
Traceback (most recent call last):
  File "/home/vboxuser/Git/imt4905/torpy-rtun-fork/torpy/circuit.py", line 224, in _do_recv
    self._handler_mgr.handle(cell)
  File "/home/vboxuser/Git/imt4905/torpy-rtun-fork/torpy/circuit.py", line 280, in handle
    handler(cell)
  File "/home/vboxuser/Git/imt4905/torpy-rtun-fork/torpy/guard.py", line 43, in wrapped
    return func(*args_new, **kwargs)
  File "/home/vboxuser/Git/imt4905/torpy-rtun-fork/torpy/guard.py", line 127, in _on_relay
    circuit.handle_relay(cell)
  File "/home/vboxuser/Git/imt4905/torpy-rtun-fork/torpy/circuit.py", line 456, in handle_relay
    circuit_node, inner_cell = self._decrypt(cell)
  File "/home/vboxuser/Git/imt4905/torpy-rtun-fork/torpy/circuit.py", line 522, in _decrypt
    return from_node, relay_cell.get_decrypted()
  File "/home/vboxuser/Git/imt4905/torpy-rtun-fork/torpy/cells.py", line 234, in get_decrypted
    assert self._checked
AssertionError
2023-03-04 13:39:05,276 - ERROR - [RecvLoop_185.181] - Some handle errors
Traceback (most recent call last):
  File "/home/vboxuser/Git/imt4905/torpy-rtun-fork/torpy/circuit.py", line 224, in _do_recv
    self._handler_mgr.handle(cell)
  File "/home/vboxuser/Git/imt4905/torpy-rtun-fork/torpy/circuit.py", line 280, in handle
    handler(cell)
  File "/home/vboxuser/Git/imt4905/torpy-rtun-fork/torpy/guard.py", line 43, in wrapped
    return func(*args_new, **kwargs)
  File "/home/vboxuser/Git/imt4905/torpy-rtun-fork/torpy/guard.py", line 127, in _on_relay
    circuit.handle_relay(cell)
  File "/home/vboxuser/Git/imt4905/torpy-rtun-fork/torpy/circuit.py", line 456, in handle_relay
    circuit_node, inner_cell = self._decrypt(cell)
  File "/home/vboxuser/Git/imt4905/torpy-rtun-fork/torpy/circuit.py", line 522, in _decrypt
    return from_node, relay_cell.get_decrypted()
  File "/home/vboxuser/Git/imt4905/torpy-rtun-fork/torpy/cells.py", line 234, in get_decrypted
    assert self._checked
AssertionError
2023-03-04 13:39:05,863 - ERROR - [RecvLoop_185.181] - Some handle errors
Traceback (most recent call last):
  File "/home/vboxuser/Git/imt4905/torpy-rtun-fork/torpy/circuit.py", line 224, in _do_recv
    self._handler_mgr.handle(cell)
  File "/home/vboxuser/Git/imt4905/torpy-rtun-fork/torpy/circuit.py", line 280, in handle
    handler(cell)
  File "/home/vboxuser/Git/imt4905/torpy-rtun-fork/torpy/guard.py", line 43, in wrapped
    return func(*args_new, **kwargs)
  File "/home/vboxuser/Git/imt4905/torpy-rtun-fork/torpy/guard.py", line 127, in _on_relay
    circuit.handle_relay(cell)
  File "/home/vboxuser/Git/imt4905/torpy-rtun-fork/torpy/circuit.py", line 456, in handle_relay
    circuit_node, inner_cell = self._decrypt(cell)
  File "/home/vboxuser/Git/imt4905/torpy-rtun-fork/torpy/circuit.py", line 522, in _decrypt
    return from_node, relay_cell.get_decrypted()
  File "/home/vboxuser/Git/imt4905/torpy-rtun-fork/torpy/cells.py", line 234, in get_decrypted
    assert self._checked
AssertionError
2023-03-04 13:39:13,045 - ERROR - [RECEIVER] - Error in ReceiveThread: 'P2'
2023-03-04 13:39:29,866 - INFO - [Establish-Valsec] - Stream #4: closing (state = Connected)...
2023-03-04 13:39:29,868 - INFO - [Establish-Valsec] - Destroy circuit #80000002
2023-03-04 13:39:29,868 - INFO - [Establish-Valsec] - Closing guard connections (None)...
2023-03-04 14:06:11,495 - INFO - [Establish-torrelaymirror2] - Stream #6: closing (state = Connected)...
2023-03-04 14:06:11,532 - INFO - [Establish-beatifulpeople] - Stream #5: closing (state = Connected)...
2023-03-04 14:06:11,553 - INFO - [Establish-torrelaymirror2] - Destroy circuit #80000003
2023-03-04 14:06:11,563 - INFO - [Establish-torrelaymirror2] - Closing guard connections (None)...
2023-03-04 14:06:11,564 - INFO - [Establish-beatifulpeople] - Destroy circuit #80000001
2023-03-04 14:06:11,578 - INFO - [Establish-beatifulpeople] - Closing guard connections (None)...
2023-03-04 14:06:13,859 - WARNING - [TESTER] - socket already closed
2023-03-04 14:06:14,814 - WARNING - [HEART BEAT] - socket already closed
2023-03-04 14:06:14,817 - WARNING - [HEART BEAT] - socket already closed
2023-03-04 14:06:19,823 - WARNING - [HEART BEAT] - socket already closed
2023-03-04 14:06:19,823 - WARNING - [HEART BEAT] - socket already closed
2023-03-04 14:06:20,946 - WARNING - [TESTER] - socket already closed
2023-03-04 14:06:24,832 - WARNING - [HEART BEAT] - socket already closed
2023-03-04 14:06:24,835 - WARNING - [HEART BEAT] - socket already closed
2023-03-04 14:06:25,826 - WARNING - [SENDER] - socket already closed
2023-03-04 14:06:25,827 - WARNING - [SENDER] - socket already closed
2023-03-04 14:06:26,958 - WARNING - [TESTER] - socket already closed
2023-03-04 14:06:29,864 - WARNING - [HEART BEAT] - socket already closed
2023-03-04 14:06:29,864 - WARNING - [HEART BEAT] - socket already closed
2023-03-04 14:06:33,984 - WARNING - [TESTER] - socket already closed
2023-03-04 14:06:34,880 - WARNING - [HEART BEAT] - socket already closed
2023-03-04 14:06:34,881 - WARNING - [HEART BEAT] - socket already closed
2023-03-04 14:06:38,995 - WARNING - [TESTER] - socket already closed
2023-03-04 14:06:39,963 - WARNING - [HEART BEAT] - socket already closed
2023-03-04 14:06:39,965 - WARNING - [HEART BEAT] - socket already closed
2023-03-04 14:06:40,846 - WARNING - [SENDER] - socket already closed
2023-03-04 14:06:40,846 - WARNING - [SENDER] - socket already closed
2023-03-04 14:06:44,985 - WARNING - [HEART BEAT] - socket already closed
2023-03-04 14:06:44,986 - WARNING - [HEART BEAT] - socket already closed
