1677420277.4241858;P1;PEER ENTERED;
1677420281.363322;P1;NEIGHBOUR CONNECTION;P2
1677420282.431947;P1;HB SENT;Payload: 105 bytes
1677420282.5351405;P1;MEASURED LATENCY;{'P2': 104}
1677420283.7411056;P1;NEIGHBOUR CONNECTION;P3
1677420285.7472224;P1;HB SENT;Payload: 111 bytes
1677420286.1914525;P4;PEER ENTERED;
1677420287.0282874;P4;NEIGHBOUR CONNECTION;P2
1677420287.0425823;P4;NEIGHBOUR CONNECTION;P3
1677420287.4381697;P1;HB SENT;Payload: 105 bytes
1677420287.4389439;P1;HB SENT;Payload: 105 bytes
1677420287.472541;P1;MEASURED LATENCY;{'P3': 35}
1677420287.496857;P1;MEASURED LATENCY;{'P2': 59}
1677420288.1263037;P1;HB SENT;Payload: 111 bytes
1677420288.1484823;P4;HB SENT;Payload: 111 bytes
1677420290.7465644;P1;HB SENT;Payload: 111 bytes
1677420290.764332;P4;HB SENT;Payload: 111 bytes
1677420291.205522;P4;HB SENT;Payload: 105 bytes
1677420291.206165;P4;HB SENT;Payload: 105 bytes
1677420291.289729;P4;MEASURED LATENCY;{'P3': 85}
1677420291.2911148;P4;MEASURED LATENCY;{'P2': 86}
1677420292.443175;P1;LSA SENT;Payload: 234 bytes
1677420292.4439895;P1;HB SENT;Payload: 105 bytes
1677420292.4443157;P1;HB SENT;Payload: 105 bytes
1677420292.4447348;P1;LSA SENT;Payload: 234 bytes
1677420292.4818888;P1;MEASURED LATENCY;{'P3': 39}
1677420292.5166318;P4;TOPOLOGY UPDATE;{"P1": {"P2": 100, "P3": 100}, "P2": {"P4": 100, "P1": 100}, "P3": {"P4": 100, "P1": 100}, "P4": {"P2": 100, "P3": 100}}
1677420292.5174863;P4;LSA SENT;Payload: 360 bytes
1677420293.1291904;P1;HB SENT;Payload: 111 bytes
1677420293.5201697;P4;LSA SENT;Payload: 360 bytes
1677420294.5228183;P4;HB SENT;Payload: 111 bytes
1677420295.758148;P1;TOPOLOGY UPDATE;{"P1": {"P2": 100, "P3": 100}, "P2": {"P4": 100, "P1": 100}, "P3": {"P1": 100}, "P4": {"P2": 100}}
1677420295.7592676;P1;LSA SENT;Payload: 360 bytes
1677420295.7895987;P4;TOPOLOGY UPDATE;{"P1": {"P2": 100, "P3": 100}, "P2": {"P4": 100, "P1": 100}, "P3": {"P4": 100, "P1": 100}, "P4": {"P2": 100, "P3": 100}}
1677420295.7946947;P4;LSA SENT;Payload: 360 bytes
1677420296.2071667;P4;HB SENT;Payload: 105 bytes
1677420296.2074935;P4;HB SENT;Payload: 105 bytes
1677420296.7623458;P1;HB SENT;Payload: 111 bytes
1677420296.7961948;P4;HB SENT;Payload: 111 bytes
1677420296.7964814;P4;MEASURED LATENCY;{'P2': 589}
1677420296.8199832;P1;MEASURED LATENCY;{'P2': 4377}
1677420297.4512079;P1;HB SENT;Payload: 105 bytes
1677420297.4517756;P1;HB SENT;Payload: 105 bytes
1677420297.4524345;P1;LOOKUP SENT;{"Peer": "P4", "ID": 1677420297452, "Relay": 0}
1677420297.5089114;P1;MEASURED LATENCY;{'P2': 59}
1677420297.8186913;P1;MEASURED LATENCY;{'P3': 369}
1677420297.842622;P4;MEASURED LATENCY;{'P3': 1636}
1677420298.1229534;P1;TOPOLOGY UPDATE;{"P1": {"P2": 100, "P3": 100}, "P2": {"P4": 100, "P1": 100}, "P3": {"P4": 100, "P1": 100}, "P4": {"P2": 100, "P3": 100}}
1677420298.1241648;P1;LSA SENT;Payload: 360 bytes
1677420298.1495564;P4;TOPOLOGY UPDATE;{"P1": {"P2": 100, "P3": 100}, "P2": {"P4": 100, "P1": 100}, "P3": {"P4": 100, "P1": 100}, "P4": {"P2": 100, "P3": 100}}
1677420298.1501353;P4;LSA SENT;Payload: 360 bytes
1677420299.1257865;P1;HB SENT;Payload: 111 bytes
1677420299.1521626;P4;HB SENT;Payload: 111 bytes
1677420300.7706642;P1;HB SENT;Payload: 111 bytes
1677420300.7885983;P4;HB SENT;Payload: 111 bytes
1677420301.2102804;P4;LSA SENT;Payload: 230 bytes
1677420301.210977;P4;LSA SENT;Payload: 230 bytes
1677420301.2122264;P4;HB SENT;Payload: 105 bytes
1677420301.21255;P4;HB SENT;Payload: 105 bytes
1677420301.2727141;P1;TOPOLOGY UPDATE;{"P1": {"P2": 100, "P3": 100}, "P2": {"P4": 100, "P1": 100}, "P3": {"P4": 100, "P1": 100}, "P4": {"P2": 100, "P3": 100}}
1677420301.2737813;P1;LSA SENT;Payload: 360 bytes
1677420302.2816255;P1;LSA SENT;Payload: 360 bytes
1677420302.457589;P1;HB SENT;Payload: 105 bytes
1677420302.4581342;P1;HB SENT;Payload: 105 bytes
1677420302.4588218;P1;LOOKUP SENT;{"Peer": "P4", "ID": 1677420302459, "Relay": 0}
1677420303.1668198;P4;HB SENT;Payload: 111 bytes
1677420303.2840517;P1;MEASURED LATENCY;{'P3': 827}
1677420303.28548;P1;MEASURED LATENCY;{'P2': 828}
1677420303.2873049;P1;HB SENT;Payload: 111 bytes
1677420305.780543;P1;HB SENT;Payload: 111 bytes
1677420305.798444;P4;HB SENT;Payload: 111 bytes
1677420306.2194874;P4;HB SENT;Payload: 105 bytes
1677420306.2200696;P4;HB SENT;Payload: 105 bytes
1677420306.3043108;P4;MEASURED LATENCY;{'P3': 85}
1677420306.3140216;P4;MEASURED LATENCY;{'P2': 95}
1677420307.4606926;P1;LSA SENT;Payload: 234 bytes
1677420307.4615214;P1;LSA SENT;Payload: 234 bytes
1677420307.463261;P1;LOOKUP SENT;{"Peer": "P4", "ID": 1677420307463, "Relay": 0}
1677420307.4634018;P1;HB SENT;Payload: 105 bytes
1677420307.4639447;P1;HB SENT;Payload: 105 bytes
1677420307.5028608;P1;MEASURED LATENCY;{'P3': 40}
1677420307.5260658;P1;MEASURED LATENCY;{'P2': 63}
1677420308.162006;P1;HB SENT;Payload: 111 bytes
1677420308.183705;P4;HB SENT;Payload: 111 bytes
1677420310.848615;P1;HB SENT;Payload: 111 bytes
1677420310.9024572;P4;HB SENT;Payload: 111 bytes
1677420311.225978;P4;HB SENT;Payload: 105 bytes
1677420311.2264843;P4;HB SENT;Payload: 105 bytes
1677420311.3118088;P4;MEASURED LATENCY;{'P3': 87}
1677420311.3168304;P4;MEASURED LATENCY;{'P2': 92}
1677420312.470485;P1;HB SENT;Payload: 105 bytes
1677420312.4714172;P1;HB SENT;Payload: 105 bytes
1677420312.5125809;P1;MEASURED LATENCY;{'P3': 43}
1677420312.554734;P1;MEASURED LATENCY;{'P2': 85}
1677420313.1888804;P1;HB SENT;Payload: 111 bytes
1677420313.2083077;P4;HB SENT;Payload: 111 bytes
1677420313.468848;P1;LOOKUP SENT;{"Peer": "P4", "ID": 1677420313469, "Relay": 0}
1677420315.7935567;P1;HB SENT;Payload: 111 bytes
1677420315.9356823;P4;HB SENT;Payload: 111 bytes
1677420316.230229;P4;LSA SENT;Payload: 230 bytes
1677420316.2309043;P4;LSA SENT;Payload: 230 bytes
1677420316.2313628;P4;HB SENT;Payload: 105 bytes
1677420316.231579;P4;HB SENT;Payload: 105 bytes
1677420317.476859;P1;HB SENT;Payload: 105 bytes
1677420317.477513;P1;HB SENT;Payload: 105 bytes
1677420317.5178955;P1;MEASURED LATENCY;{'P3': 42}
1677420317.5278385;P1;MEASURED LATENCY;{'P2': 52}
1677420318.2218955;P1;HB SENT;Payload: 111 bytes
1677420318.223773;P4;HB SENT;Payload: 111 bytes
1677420320.8050017;P1;HB SENT;Payload: 111 bytes
1677420320.8268456;P4;HB SENT;Payload: 111 bytes
1677420321.2366288;P4;HB SENT;Payload: 105 bytes
1677420321.2373192;P4;HB SENT;Payload: 105 bytes
1677420321.3207574;P4;MEASURED LATENCY;{'P3': 85}
1677420321.3500226;P4;MEASURED LATENCY;{'P2': 114}
1677420321.476642;P1;LOOKUP SENT;{"Peer": "P4", "ID": 1677420321477, "Relay": 0}
1677420322.475078;P1;LSA SENT;Payload: 234 bytes
1677420322.4756198;P1;LSA SENT;Payload: 234 bytes
1677420322.4851866;P1;HB SENT;Payload: 105 bytes
1677420322.4856684;P1;HB SENT;Payload: 105 bytes
1677420322.518275;P4;LEAST COST PATH;{"P1": ["P2"], "P2": ["P4"], "P3": ["P4"], "P4": []}
1677420322.5238812;P1;MEASURED LATENCY;{'P3': 39}
1677420322.5445611;P1;MEASURED LATENCY;{'P2': 60}
1677420323.2180433;P1;HB SENT;Payload: 111 bytes
1677420323.2432585;P4;HB SENT;Payload: 111 bytes
1677420325.760265;P1;LEAST COST PATH;{"P1": [], "P2": ["P1"], "P3": ["P1"], "P4": ["P2"]}
1677420325.793681;P4;LEAST COST PATH;{"P1": ["P2"], "P2": ["P4"], "P3": ["P4"], "P4": []}
1677420325.849823;P1;HB SENT;Payload: 111 bytes
1677420325.913243;P4;HB SENT;Payload: 111 bytes
1677420326.2457314;P4;HB SENT;Payload: 105 bytes
1677420326.2468154;P4;HB SENT;Payload: 105 bytes
1677420326.339832;P4;MEASURED LATENCY;{'P3': 95}
1677420326.344415;P4;MEASURED LATENCY;{'P2': 99}
1677420327.484247;P1;LOOKUP SENT;{"Peer": "P4", "ID": 1677420327483, "Relay": "P2"}
1677420327.4923406;P1;HB SENT;Payload: 105 bytes
1677420327.492795;P1;HB SENT;Payload: 105 bytes
1677420327.523435;P1;MEASURED LATENCY;{'P3': 31}
1677420327.5624192;P4;LOOKUP RECEIVED;[{"Message": "LOOKUP", "Destination": "P4", "Source": "P1", "ID": 1677420327483, "Path": ["P1", "P2", "P4"]}]
1677420327.563879;P1;MEASURED LATENCY;{'P2': 72}
1677420327.563975;P1;APPLIED LATENCY;{"P2": 72}
1677420328.1249595;P1;LEAST COST PATH;{"P1": [], "P2": ["P1"], "P3": ["P1"], "P4": ["P2"]}
1677420328.1526203;P4;LEAST COST PATH;{"P1": ["P2"], "P2": ["P4"], "P3": ["P4"], "P4": []}
1677420328.2193046;P1;HB SENT;Payload: 111 bytes
1677420328.2557166;P4;HB SENT;Payload: 111 bytes
1677420330.8255565;P1;HB SENT;Payload: 111 bytes
1677420330.8504999;P4;HB SENT;Payload: 111 bytes
1677420331.2469993;P4;LSA SENT;Payload: 230 bytes
1677420331.2476108;P4;LSA SENT;Payload: 230 bytes
1677420331.2512681;P4;HB SENT;Payload: 105 bytes
1677420331.251907;P4;HB SENT;Payload: 105 bytes
1677420331.2746155;P1;LEAST COST PATH;{"P1": [], "P2": ["P1"], "P3": ["P1"], "P4": ["P2"]}
1677420331.399664;P4;MEASURED LATENCY;{'P3': 149}
1677420331.4149218;P4;MEASURED LATENCY;{'P2': 164}
1677420332.5003128;P1;HB SENT;Payload: 105 bytes
1677420332.5008;P1;HB SENT;Payload: 105 bytes
1677420332.5391042;P1;MEASURED LATENCY;{'P3': 39}
1677420332.5392437;P1;APPLIED LATENCY;{"P3": 39}
1677420332.5513718;P1;MEASURED LATENCY;{'P2': 51}
1677420333.2377625;P1;HB SENT;Payload: 111 bytes
1677420333.2609973;P4;HB SENT;Payload: 111 bytes
1677420334.4924266;P1;LOOKUP SENT;{"Peer": "P4", "ID": 1677420334491, "Relay": "P2"}
1677420334.5637958;P4;LOOKUP RECEIVED;[{"Message": "LOOKUP", "Destination": "P4", "Source": "P1", "ID": 1677420334491, "Path": ["P1", "P2", "P4"]}]
1677420335.8187904;P1;HB SENT;Payload: 111 bytes
1677420335.845375;P4;HB SENT;Payload: 111 bytes
1677420336.2591882;P4;HB SENT;Payload: 105 bytes
1677420336.260579;P4;HB SENT;Payload: 105 bytes
1677420336.339675;P4;MEASURED LATENCY;{'P3': 81}
1677420336.3451288;P4;MEASURED LATENCY;{'P2': 86}
1677420337.4922693;P1;LSA SENT;Payload: 235 bytes
1677420337.4928482;P1;LSA SENT;Payload: 235 bytes
1677420337.5070472;P1;HB SENT;Payload: 105 bytes
1677420337.5075088;P1;HB SENT;Payload: 105 bytes
1677420337.5577018;P4;LSA SENT;Payload: 360 bytes
1677420338.2516475;P1;HB SENT;Payload: 111 bytes
1677420338.5268922;P1;MEASURED LATENCY;{'P3': 1020}
1677420338.5446136;P1;MEASURED LATENCY;{'P2': 1038}
1677420338.5594895;P4;LSA SENT;Payload: 360 bytes
1677420339.5623286;P4;HB SENT;Payload: 111 bytes
1677420340.5002885;P1;LOOKUP SENT;{"Peer": "P4", "ID": 1677420340499, "Relay": "P2"}
1677420340.6218057;P4;LOOKUP RECEIVED;[{"Message": "LOOKUP", "Destination": "P4", "Source": "P1", "ID": 1677420340499, "Path": ["P1", "P2", "P4"]}]
1677420340.815268;P1;LSA SENT;Payload: 360 bytes
1677420340.872636;P4;LSA SENT;Payload: 360 bytes
1677420341.2675586;P4;HB SENT;Payload: 105 bytes
1677420341.2690454;P4;HB SENT;Payload: 105 bytes
1677420341.8190134;P1;HB SENT;Payload: 111 bytes
1677420341.8739736;P4;HB SENT;Payload: 111 bytes
1677420341.8781621;P4;MEASURED LATENCY;{'P2': 611}
1677420342.5120955;P1;HB SENT;Payload: 105 bytes
1677420342.5127387;P1;HB SENT;Payload: 105 bytes
1677420342.5578768;P1;MEASURED LATENCY;{'P2': 47}
1677420342.8575208;P1;MEASURED LATENCY;{'P3': 347}
1677420342.8796277;P4;MEASURED LATENCY;{'P3': 1613}
1677420343.1797795;P1;LSA SENT;Payload: 360 bytes
1677420343.203271;P4;LSA SENT;Payload: 360 bytes
1677420344.184143;P1;HB SENT;Payload: 111 bytes
1677420344.20674;P4;HB SENT;Payload: 111 bytes
1677420345.507619;P1;LOOKUP SENT;{"Peer": "P4", "ID": 1677420345507, "Relay": "P2"}
1677420345.5702353;P4;LOOKUP RECEIVED;[{"Message": "LOOKUP", "Destination": "P4", "Source": "P1", "ID": 1677420345507, "Path": ["P1", "P2", "P4"]}]
1677420345.84196;P1;HB SENT;Payload: 111 bytes
1677420345.8938367;P4;HB SENT;Payload: 111 bytes
1677420346.2637222;P4;LSA SENT;Payload: 230 bytes
1677420346.2641983;P4;LSA SENT;Payload: 230 bytes
1677420346.2757454;P4;HB SENT;Payload: 105 bytes
1677420346.277181;P4;HB SENT;Payload: 105 bytes
1677420346.4242883;P4;MEASURED LATENCY;{'P3': 149}
1677420346.4244196;P4;APPLIED LATENCY;{"P3": 149}
1677420346.4440272;P4;MEASURED LATENCY;{'P2': 169}
1677420346.4441383;P4;APPLIED LATENCY;{"P2": 169}
1677420347.519274;P1;HB SENT;Payload: 105 bytes
1677420347.5197668;P1;HB SENT;Payload: 105 bytes
1677420347.5513735;P1;MEASURED LATENCY;{'P3': 32}
1677420347.557826;P4;TOPOLOGY UPDATE;{"P1": {"P2": 576, "P3": 150}, "P2": {"P4": 232, "P1": 576}, "P3": {"P4": 327, "P1": 150}, "P4": {"P2": 232, "P3": 327}}
1677420347.5696182;P1;MEASURED LATENCY;{'P2': 51}
1677420348.257765;P1;HB SENT;Payload: 111 bytes
1677420348.2818408;P4;HB SENT;Payload: 111 bytes
1677420350.5152242;P1;LOOKUP SENT;{"Peer": "P4", "ID": 1677420350514, "Relay": "P2"}
1677420350.6307714;P4;LOOKUP RECEIVED;[{"Message": "LOOKUP", "Destination": "P4", "Source": "P1", "ID": 1677420350514, "Path": ["P1", "P2", "P4"]}]
1677420350.8174922;P1;TOPOLOGY UPDATE;{"P1": {"P2": 170, "P3": 253}, "P2": {"P4": 232, "P1": 170}, "P3": {"P4": 327, "P1": 253}, "P4": {"P2": 232, "P3": 327}}
1677420350.8348954;P1;HB SENT;Payload: 111 bytes
1677420350.8724613;P4;TOPOLOGY UPDATE;{"P1": {"P2": 576, "P3": 150}, "P2": {"P4": 232, "P1": 576}, "P3": {"P4": 327, "P1": 150}, "P4": {"P2": 232, "P3": 327}}
1677420350.925907;P4;HB SENT;Payload: 111 bytes
1677420351.2836316;P4;HB SENT;Payload: 105 bytes
1677420351.2851186;P4;HB SENT;Payload: 105 bytes
1677420351.3649688;P4;MEASURED LATENCY;{'P3': 82}
1677420351.5235574;P4;MEASURED LATENCY;{'P2': 241}
1677420352.5086167;P1;LSA SENT;Payload: 235 bytes
1677420352.5092006;P1;LSA SENT;Payload: 235 bytes
1677420352.5272717;P1;HB SENT;Payload: 105 bytes
1677420352.527777;P1;HB SENT;Payload: 105 bytes
1677420352.5561004;P1;MEASURED LATENCY;{'P3': 29}
1677420352.5753326;P1;MEASURED LATENCY;{'P2': 48}
1677420353.1800168;P1;TOPOLOGY UPDATE;{"P1": {"P2": 170, "P3": 253}, "P2": {"P4": 232, "P1": 170}, "P3": {"P4": 327, "P1": 253}, "P4": {"P2": 232, "P3": 327}}
1677420353.202972;P4;TOPOLOGY UPDATE;{"P1": {"P2": 576, "P3": 150}, "P2": {"P4": 232, "P1": 576}, "P3": {"P4": 327, "P1": 150}, "P4": {"P2": 232, "P3": 327}}
1677420353.2640462;P1;HB SENT;Payload: 111 bytes
1677420353.289031;P4;HB SENT;Payload: 111 bytes
1677420355.5215561;P1;LOOKUP SENT;{"Peer": "P4", "ID": 1677420355520, "Relay": "P2"}
1677420355.5927079;P4;LOOKUP RECEIVED;[{"Message": "LOOKUP", "Destination": "P4", "Source": "P1", "ID": 1677420355520, "Path": ["P1", "P2", "P4"]}]
1677420355.885935;P1;HB SENT;Payload: 111 bytes
1677420355.9368765;P4;HB SENT;Payload: 111 bytes
1677420356.2911494;P4;HB SENT;Payload: 105 bytes
1677420356.2927861;P4;HB SENT;Payload: 105 bytes
1677420356.372897;P4;MEASURED LATENCY;{'P3': 82}
1677420356.3770785;P4;MEASURED LATENCY;{'P2': 86}
1677420357.5345058;P1;HB SENT;Payload: 105 bytes
1677420357.535303;P1;HB SENT;Payload: 105 bytes
1677420357.5716074;P1;MEASURED LATENCY;{'P3': 38}
1677420357.5974352;P1;MEASURED LATENCY;{'P2': 63}
1677420358.275316;P1;HB SENT;Payload: 111 bytes
1677420358.3049922;P4;HB SENT;Payload: 111 bytes
1677420360.8599043;P1;HB SENT;Payload: 111 bytes
1677420360.876715;P4;HB SENT;Payload: 111 bytes
1677420361.2802074;P4;LSA SENT;Payload: 231 bytes
1677420361.2807674;P4;LSA SENT;Payload: 231 bytes
1677420361.2989936;P4;HB SENT;Payload: 105 bytes
1677420361.2993135;P4;HB SENT;Payload: 105 bytes
1677420361.3472726;P1;LSA SENT;Payload: 360 bytes
1677420362.3491347;P1;LSA SENT;Payload: 360 bytes
1677420362.3791082;P4;MEASURED LATENCY;{'P3': 1080}
1677420362.381291;P4;MEASURED LATENCY;{'P2': 1082}
1677420362.5310197;P1;LOOKUP SENT;{"Peer": "P4", "ID": 1677420362529, "Relay": "P2"}
1677420362.5411901;P1;HB SENT;Payload: 105 bytes
1677420362.5416472;P1;HB SENT;Payload: 105 bytes
1677420362.593017;P4;LOOKUP RECEIVED;[{"Message": "LOOKUP", "Destination": "P4", "Source": "P1", "ID": 1677420362529, "Path": ["P1", "P2", "P4"]}]
1677420363.303108;P4;HB SENT;Payload: 111 bytes
1677420363.3503792;P1;MEASURED LATENCY;{'P3': 809}
1677420363.35716;P1;MEASURED LATENCY;{'P2': 816}
1677420363.36867;P1;HB SENT;Payload: 111 bytes
1677420365.8661253;P1;HB SENT;Payload: 111 bytes
1677420365.884648;P4;HB SENT;Payload: 111 bytes
1677420366.3060327;P4;HB SENT;Payload: 105 bytes
1677420366.3068242;P4;HB SENT;Payload: 105 bytes
1677420366.3933892;P4;MEASURED LATENCY;{'P3': 87}
1677420366.397189;P4;MEASURED LATENCY;{'P2': 91}
1677420367.5253356;P1;LSA SENT;Payload: 235 bytes
1677420367.5256624;P1;LSA SENT;Payload: 235 bytes
1677420367.548132;P1;HB SENT;Payload: 105 bytes
1677420367.548725;P1;HB SENT;Payload: 105 bytes
1677420367.579803;P1;MEASURED LATENCY;{'P3': 33}
1677420367.6165466;P1;MEASURED LATENCY;{'P2': 70}
1677420368.292488;P1;HB SENT;Payload: 111 bytes
1677420368.3170853;P4;HB SENT;Payload: 111 bytes
1677420370.5407536;P1;LOOKUP SENT;{"Peer": "P4", "ID": 1677420370540, "Relay": "P2"}
1677420370.6285467;P4;LOOKUP RECEIVED;[{"Message": "LOOKUP", "Destination": "P4", "Source": "P1", "ID": 1677420370540, "Path": ["P1", "P2", "P4"]}]
1677420370.957719;P4;HB SENT;Payload: 111 bytes
1677420371.09647;P1;HB SENT;Payload: 111 bytes
1677420371.3139405;P4;HB SENT;Payload: 105 bytes
1677420371.31514;P4;HB SENT;Payload: 105 bytes
1677420371.3480544;P1;TOPOLOGY UPDATE;{"P1": {"P2": 170, "P3": 253}, "P2": {"P4": 232, "P1": 170}, "P3": {"P4": 327, "P1": 253}, "P4": {"P2": 232, "P3": 327}}
1677420371.3914216;P4;MEASURED LATENCY;{'P3': 78}
1677420371.3974771;P4;MEASURED LATENCY;{'P2': 84}
1677420372.5550313;P1;HB SENT;Payload: 105 bytes
1677420372.5555773;P1;HB SENT;Payload: 105 bytes
1677420372.5950143;P1;MEASURED LATENCY;{'P3': 41}
1677420372.6276178;P1;MEASURED LATENCY;{'P2': 74}
1677420373.293637;P1;HB SENT;Payload: 111 bytes
1677420373.3195195;P4;HB SENT;Payload: 111 bytes
1677420375.5478187;P1;LOOKUP SENT;{"Peer": "P4", "ID": 1677420375547, "Relay": "P2"}
1677420375.6253762;P4;LOOKUP RECEIVED;[{"Message": "LOOKUP", "Destination": "P4", "Source": "P1", "ID": 1677420375547, "Path": ["P1", "P2", "P4"]}]
1677420375.8769655;P1;HB SENT;Payload: 111 bytes
1677420375.898172;P4;HB SENT;Payload: 111 bytes
1677420376.296424;P4;LSA SENT;Payload: 231 bytes
1677420376.2968383;P4;LSA SENT;Payload: 231 bytes
1677420376.3210502;P4;HB SENT;Payload: 105 bytes
1677420376.3214211;P4;HB SENT;Payload: 105 bytes
1677420376.4574697;P4;MEASURED LATENCY;{'P3': 136}
1677420376.4618728;P4;MEASURED LATENCY;{'P2': 141}
1677420377.5609338;P4;LEAST COST PATH;{"P1": ["P2", "P3"], "P2": ["P4"], "P3": ["P4"], "P4": []}
1677420377.562298;P1;HB SENT;Payload: 105 bytes
1677420377.5626585;P1;HB SENT;Payload: 105 bytes
1677420377.6059349;P1;MEASURED LATENCY;{'P3': 44}
1677420377.6383026;P1;MEASURED LATENCY;{'P2': 76}
1677420377.638442;P1;APPLIED LATENCY;{"P2": 76}
1677420378.309577;P1;HB SENT;Payload: 111 bytes
1677420378.328366;P4;HB SENT;Payload: 111 bytes
1677420380.8186126;P1;LEAST COST PATH;{"P1": [], "P2": ["P1"], "P3": ["P1"], "P4": ["P2"]}
1677420380.8743534;P4;LEAST COST PATH;{"P1": ["P2", "P3"], "P2": ["P4"], "P3": ["P4"], "P4": []}
1677420380.8891816;P1;HB SENT;Payload: 111 bytes
1677420380.9090805;P4;HB SENT;Payload: 111 bytes
1677420381.3269796;P4;HB SENT;Payload: 105 bytes
1677420381.327677;P4;HB SENT;Payload: 105 bytes
1677420381.423926;P4;MEASURED LATENCY;{'P3': 98}
1677420381.4244692;P4;MEASURED LATENCY;{'P2': 98}
1677420382.5400426;P1;LSA SENT;Payload: 234 bytes
1677420382.5406256;P1;LSA SENT;Payload: 234 bytes
1677420382.5575054;P1;LOOKUP SENT;{"Peer": "P4", "ID": 1677420382556, "Relay": "P2"}
1677420382.5708888;P1;HB SENT;Payload: 105 bytes
1677420382.571334;P1;HB SENT;Payload: 105 bytes
1677420382.6004663;P4;LSA SENT;Payload: 360 bytes
1677420383.1817062;P1;LEAST COST PATH;{"P1": [], "P2": ["P1"], "P3": ["P1"], "P4": ["P2"]}
1677420383.2044506;P4;LEAST COST PATH;{"P1": ["P2", "P3"], "P2": ["P4"], "P3": ["P4"], "P4": []}
1677420383.3091183;P1;HB SENT;Payload: 111 bytes
1677420383.575943;P1;MEASURED LATENCY;{'P3': 1006}
1677420383.576103;P1;APPLIED LATENCY;{"P3": 1006}
1677420383.6027331;P4;LSA SENT;Payload: 360 bytes
1677420383.606437;P1;MEASURED LATENCY;{'P2': 1036}
1677420384.6044784;P4;HB SENT;Payload: 111 bytes
1677420384.6052332;P4;LOOKUP RECEIVED;[{"Message": "LOOKUP", "Destination": "P4", "Source": "P1", "ID": 1677420382556, "Path": ["P1", "P2", "P4"]}]
1677420385.8722475;P1;LSA SENT;Payload: 360 bytes
1677420385.8929935;P4;LSA SENT;Payload: 360 bytes
1677420386.3350914;P4;HB SENT;Payload: 105 bytes
1677420386.335646;P4;HB SENT;Payload: 105 bytes
1677420386.8755658;P1;HB SENT;Payload: 111 bytes
1677420386.8965204;P4;HB SENT;Payload: 111 bytes
1677420386.897944;P4;MEASURED LATENCY;{'P2': 564}
1677420387.5795267;P1;HB SENT;Payload: 105 bytes
1677420387.5803857;P1;HB SENT;Payload: 105 bytes
1677420387.6497588;P1;MEASURED LATENCY;{'P2': 72}
1677420387.9385548;P1;MEASURED LATENCY;{'P3': 361}
1677420387.951713;P4;MEASURED LATENCY;{'P3': 1618}
1677420388.2155597;P1;LSA SENT;Payload: 360 bytes
1677420388.2394962;P4;LSA SENT;Payload: 360 bytes
1677420389.2189689;P1;HB SENT;Payload: 111 bytes
1677420389.2420175;P4;HB SENT;Payload: 111 bytes
1677420389.5662758;P1;LOOKUP SENT;{"Peer": "P4", "ID": 1677420389565, "Relay": "P2"}
1677420390.287259;P4;LOOKUP RECEIVED;[{"Message": "LOOKUP", "Destination": "P4", "Source": "P1", "ID": 1677420389565, "Path": ["P1", "P2", "P4"]}]
1677420390.905418;P1;HB SENT;Payload: 111 bytes
1677420390.924165;P4;HB SENT;Payload: 111 bytes
1677420391.3110538;P4;LSA SENT;Payload: 231 bytes
1677420391.3115528;P4;LSA SENT;Payload: 231 bytes
1677420391.342216;P4;HB SENT;Payload: 105 bytes
1677420391.3429985;P4;HB SENT;Payload: 105 bytes
1677420391.4598432;P4;MEASURED LATENCY;{'P3': 118}
1677420391.4823785;P4;MEASURED LATENCY;{'P2': 140}
1677420392.584571;P1;HB SENT;Payload: 105 bytes
1677420392.5850592;P1;HB SENT;Payload: 105 bytes
1677420392.600963;P4;TOPOLOGY UPDATE;{"P1": {"P2": 233, "P3": 150}, "P2": {"P4": 232, "P1": 233}, "P3": {"P4": 434, "P1": 150}, "P4": {"P2": 232, "P3": 434}}
1677420392.6148744;P1;MEASURED LATENCY;{'P3': 31}
1677420392.6512885;P1;MEASURED LATENCY;{'P2': 67}
1677420393.3217514;P1;HB SENT;Payload: 111 bytes
1677420393.3437634;P4;HB SENT;Payload: 111 bytes
1677420395.8723984;P1;TOPOLOGY UPDATE;{"P1": {"P2": 179, "P3": 415}, "P2": {"P4": 232, "P1": 179}, "P3": {"P4": 434, "P1": 415}, "P4": {"P2": 232, "P3": 434}}
1677420395.8927217;P4;TOPOLOGY UPDATE;{"P1": {"P2": 233, "P3": 150}, "P2": {"P4": 232, "P1": 233}, "P3": {"P4": 434, "P1": 150}, "P4": {"P2": 232, "P3": 434}}
1677420395.910872;P1;HB SENT;Payload: 111 bytes
1677420395.9352205;P4;HB SENT;Payload: 111 bytes
1677420396.350375;P4;HB SENT;Payload: 105 bytes
1677420396.3510697;P4;HB SENT;Payload: 105 bytes
1677420396.4335258;P4;MEASURED LATENCY;{'P3': 84}
1677420396.4336972;P4;APPLIED LATENCY;{"P3": 84}
1677420396.4506092;P4;MEASURED LATENCY;{'P2': 101}
1677420396.4507232;P4;APPLIED LATENCY;{"P2": 101}
1677420397.5473847;P1;LSA SENT;Payload: 235 bytes
1677420397.548068;P1;LSA SENT;Payload: 235 bytes
1677420397.5719564;P1;LOOKUP SENT;{"Peer": "P4", "ID": 1677420397571, "Relay": "P2"}
1677420397.5890043;P1;HB SENT;Payload: 105 bytes
1677420397.5895798;P1;HB SENT;Payload: 105 bytes
1677420397.6020024;P4;LSA SENT;Payload: 360 bytes
1677420398.2158437;P1;TOPOLOGY UPDATE;{"P1": {"P2": 179, "P3": 415}, "P2": {"P4": 232, "P1": 179}, "P3": {"P4": 434, "P1": 415}, "P4": {"P2": 232, "P3": 434}}
1677420398.2396932;P4;TOPOLOGY UPDATE;{"P1": {"P2": 233, "P3": 340}, "P2": {"P4": 232, "P1": 233}, "P3": {"P4": 434, "P1": 340}, "P4": {"P2": 232, "P3": 434}}
1677420398.3297243;P1;HB SENT;Payload: 111 bytes
1677420398.5792077;P1;MEASURED LATENCY;{'P3': 991}
1677420398.604181;P4;LSA SENT;Payload: 360 bytes
1677420399.6058905;P4;HB SENT;Payload: 111 bytes
1677420401.350228;P1;LEAST COST PATH;{"P1": [], "P2": ["P1"], "P3": ["P1"], "P4": ["P2"]}
1677420401.3569136;P4;HB SENT;Payload: 105 bytes
1677420401.3573732;P4;HB SENT;Payload: 105 bytes
1677420401.4373477;P4;MEASURED LATENCY;{'P3': 81}
1677420402.5966823;P1;HB SENT;Payload: 105 bytes
1677420402.5970306;P1;HB SENT;Payload: 105 bytes
1677420402.6356294;P1;MEASURED LATENCY;{'P3': 40}
1677420403.3349156;P1;HB SENT;Payload: 111 bytes
1677420403.360488;P4;HB SENT;Payload: 111 bytes
1677420405.5817165;P1;LOOKUP SENT;{"Peer": "P4", "ID": 1677420405581, "Relay": "P2"}
1677420406.3275716;P4;LSA SENT;Payload: 232 bytes
1677420406.3281853;P4;LSA SENT;Payload: 232 bytes
1677420406.3591187;P4;HB SENT;Payload: 105 bytes
1677420406.3607714;P4;HB SENT;Payload: 105 bytes
1677420406.3852563;P1;LSA SENT;Payload: 360 bytes
1677420407.388256;P1;LSA SENT;Payload: 360 bytes
1677420407.4172127;P4;MEASURED LATENCY;{'P3': 1059}
1677420407.5995486;P1;HB SENT;Payload: 105 bytes
1677420407.6001198;P1;HB SENT;Payload: 105 bytes
1677420407.6024342;P4;TOPOLOGY UPDATE;{"P1": {"P2": 233, "P3": 340}, "P2": {"P4": 232, "P1": 233}, "P3": {"P4": 434, "P1": 340}, "P4": {"P2": 232, "P3": 434}}
1677420408.3670173;P4;HB SENT;Payload: 111 bytes
1677420408.3888397;P1;MEASURED LATENCY;{'P3': 790}
1677420408.395765;P1;HB SENT;Payload: 111 bytes
1677420411.3673072;P4;HB SENT;Payload: 105 bytes
1677420411.3685226;P4;HB SENT;Payload: 105 bytes
1677420411.443146;P4;MEASURED LATENCY;{'P3': 76}
1677420412.5495074;P1;LSA SENT;Payload: 235 bytes
1677420412.5498545;P1;LSA SENT;Payload: 235 bytes
1677420412.6057074;P1;HB SENT;Payload: 105 bytes
1677420412.6060164;P1;HB SENT;Payload: 105 bytes
1677420412.6356914;P1;MEASURED LATENCY;{'P3': 31}
1677420413.3552036;P1;HB SENT;Payload: 111 bytes
1677420413.3787599;P4;HB SENT;Payload: 111 bytes
1677420413.379192;P4;DEAD ROUTES DETECTED;"{\"py/set\": [\"P2\"]}"
1677420413.379822;P4;LSA SENT;Payload: 206 bytes
1677420413.5068066;P1;DEAD ROUTES RECEIVED;{'P2'}
1677420413.5077991;P1;LSA SENT;Payload: 360 bytes
1677420413.588727;P1;LOOKUP SENT;{"Peer": "P4", "ID": 1677420413588, "Relay": "P2"}
1677420414.5109386;P1;LSA SENT;Payload: 360 bytes
1677420416.3718886;P4;HB SENT;Payload: 105 bytes
1677420416.3857799;P1;TOPOLOGY UPDATE;{"P1": {"P3": 415}, "P3": {"P4": 434, "P1": 415}, "P4": {"P3": 434}}
1677420416.453045;P4;MEASURED LATENCY;{'P3': 82}
1677420417.611655;P1;HB SENT;Payload: 105 bytes
1677420417.6122077;P1;HB SENT;Payload: 105 bytes
1677420417.647945;P1;MEASURED LATENCY;{'P3': 37}
1677420417.6483521;P1;DEAD ROUTES DETECTED;"{\"py/set\": [\"P2\"]}"
1677420417.6488996;P1;LSA SENT;Payload: 212 bytes
1677420417.7045453;P4;DEAD ROUTES RECEIVED;{'P2'}
1677420417.7053854;P4;LSA SENT;Payload: 360 bytes
1677420418.5968769;P1;LOOKUP SENT;{"Peer": "P4", "ID": 1677420418596, "Relay": "P2"}
1677420418.6520307;P1;HB SENT;Payload: 111 bytes
1677420418.70832;P4;HB SENT;Payload: 111 bytes
1677420421.3456602;P4;LSA SENT;Payload: 194 bytes
1677420421.3808086;P4;HB SENT;Payload: 105 bytes
1677420421.50006;P4;MEASURED LATENCY;{'P3': 120}
1677420422.6028566;P4;LEAST COST PATH;{"P1": ["P2"], "P2": ["P4"], "P3": ["P4"], "P4": []}
1677420422.6205294;P1;HB SENT;Payload: 105 bytes
1677420422.647382;P1;MEASURED LATENCY;{'P3': 27}
1677420423.3631794;P1;HB SENT;Payload: 111 bytes
1677420423.385993;P4;HB SENT;Payload: 111 bytes
1677420423.5099294;P1;TOPOLOGY UPDATE;{"P1": {"P3": 415}, "P3": {"P4": 434, "P1": 415}, "P4": {"P3": 434}}
1677420424.384015;P4;TOPOLOGY UPDATE;{"P1": {"P3": 340}, "P3": {"P4": 434, "P1": 340}, "P4": {"P3": 434}}
1677420425.6020682;P1;LOOKUP SENT;{"Peer": "P4", "ID": 1677420425601, "Relay": "P2"}
1677420425.8734798;P1;LEAST COST PATH;{"P1": [], "P2": ["P1"], "P3": ["P1"], "P4": ["P2"]}
1677420425.8947742;P4;LEAST COST PATH;{"P1": ["P2"], "P2": ["P4"], "P3": ["P4"], "P4": []}
1677420426.3880525;P4;HB SENT;Payload: 105 bytes
1677420426.4746368;P4;MEASURED LATENCY;{'P3': 87}
1677420427.5661566;P1;LSA SENT;Payload: 200 bytes
1677420427.6280172;P1;HB SENT;Payload: 105 bytes
1677420427.6658852;P1;MEASURED LATENCY;{'P3': 39}
1677420427.70589;P4;TOPOLOGY UPDATE;{"P1": {"P3": 340}, "P3": {"P4": 434, "P1": 340}, "P4": {"P3": 434}}
1677420428.217827;P1;LEAST COST PATH;{"P1": [], "P2": ["P1"], "P3": ["P1"], "P4": ["P2"]}
1677420428.2412715;P4;LEAST COST PATH;{"P1": ["P2"], "P2": ["P4"], "P3": ["P4"], "P4": []}
1677420428.369683;P1;HB SENT;Payload: 111 bytes
1677420428.392742;P4;HB SENT;Payload: 111 bytes
1677420428.652998;P1;TOPOLOGY UPDATE;{"P1": {"P3": 415}, "P3": {"P4": 434, "P1": 415}, "P4": {"P3": 434}}
1677420431.3951557;P4;HB SENT;Payload: 105 bytes
1677420431.4778137;P4;MEASURED LATENCY;{'P3': 84}
1677420432.6097424;P1;LOOKUP SENT;{"Peer": "P4", "ID": 1677420432609, "Relay": "P2"}
1677420432.6352456;P1;HB SENT;Payload: 105 bytes
1677420432.6679852;P1;MEASURED LATENCY;{'P3': 33}
1677420432.6682649;P1;APPLIED LATENCY;{"P3": 33}
1677420433.3771956;P1;HB SENT;Payload: 111 bytes
1677420433.4251673;P4;HB SENT;Payload: 111 bytes
1677420436.3621876;P4;LSA SENT;Payload: 194 bytes
1677420436.3985975;P4;HB SENT;Payload: 105 bytes
1677420436.5174596;P4;MEASURED LATENCY;{'P3': 119}
1677420437.6057315;P4;LEAST COST PATH;{"P1": ["P2"], "P2": ["P4"], "P3": ["P4"], "P4": []}
1677420437.645567;P1;HB SENT;Payload: 105 bytes
1677420437.6816485;P1;MEASURED LATENCY;{'P3': 37}
1677420438.381641;P1;HB SENT;Payload: 111 bytes
1677420438.404312;P4;HB SENT;Payload: 111 bytes
1677420440.6296117;P1;LOOKUP SENT;{"Peer": "P4", "ID": 1677420440618, "Relay": "P2"}
1677420441.4053218;P4;HB SENT;Payload: 105 bytes
1677420441.4887395;P4;MEASURED LATENCY;{'P3': 84}
1677420442.5706086;P1;LSA SENT;Payload: 199 bytes
1677420442.627956;P4;LSA SENT;Payload: 360 bytes
1677420442.651156;P1;HB SENT;Payload: 105 bytes
1677420443.3962836;P1;HB SENT;Payload: 111 bytes
1677420443.6022716;P1;MEASURED LATENCY;{'P3': 951}
1677420443.6346245;P4;HB SENT;Payload: 111 bytes
1677420446.388122;P1;LEAST COST PATH;{"P1": [], "P3": ["P1"], "P4": ["P3"]}
1677420446.4192712;P4;HB SENT;Payload: 105 bytes
1677420446.5011444;P4;MEASURED LATENCY;{'P3': 82}
1677420446.5012662;P4;APPLIED LATENCY;{"P3": 82}
1677420447.6398368;P1;LOOKUP SENT;{"Peer": "P4", "ID": 1677420447639, "Relay": "P3"}
1677420447.6581373;P1;HB SENT;Payload: 105 bytes
1677420447.689827;P1;MEASURED LATENCY;{'P3': 32}
1677420447.6997647;P4;LOOKUP RECEIVED;[{"Message": "LOOKUP", "Destination": "P4", "Source": "P1", "ID": 1677420447639, "Path": ["P1", "P3", "P4"]}]
1677420448.3941376;P1;HB SENT;Payload: 111 bytes
1677420448.4187193;P4;HB SENT;Payload: 111 bytes
1677420451.3732812;P4;LSA SENT;Payload: 193 bytes
1677420451.4255059;P4;HB SENT;Payload: 105 bytes
1677420451.4356675;P1;LSA SENT;Payload: 360 bytes
1677420452.4709733;P4;MEASURED LATENCY;{'P3': 1046}
1677420452.6289492;P4;TOPOLOGY UPDATE;{"P1": {"P3": 238}, "P3": {"P4": 333, "P1": 238}, "P4": {"P3": 333}}
1677420452.6704195;P1;HB SENT;Payload: 105 bytes
1677420452.7042556;P1;MEASURED LATENCY;{'P3': 34}
1677420453.402926;P1;HB SENT;Payload: 111 bytes
1677420453.4339979;P4;HB SENT;Payload: 111 bytes
1677420453.5123723;P1;LEAST COST PATH;{"P1": [], "P3": ["P1"], "P4": ["P3"]}
1677420453.6472073;P1;LOOKUP SENT;{"Peer": "P4", "ID": 1677420453646, "Relay": "P3"}
1677420453.7007809;P4;LOOKUP RECEIVED;[{"Message": "LOOKUP", "Destination": "P4", "Source": "P1", "ID": 1677420453646, "Path": ["P1", "P3", "P4"]}]
1677420454.3864038;P4;LEAST COST PATH;{"P1": ["P3"], "P3": ["P4"], "P4": []}
1677420456.4317489;P4;HB SENT;Payload: 105 bytes
1677420456.5155373;P4;MEASURED LATENCY;{'P3': 85}
1677420457.5882423;P1;LSA SENT;Payload: 199 bytes
1677420457.677428;P1;HB SENT;Payload: 105 bytes
1677420457.709208;P1;MEASURED LATENCY;{'P3': 32}
1677420457.7102866;P4;LEAST COST PATH;{"P1": ["P3"], "P3": ["P4"], "P4": []}
1677420458.2765288;P1;TOPOLOGY UPDATE;{"P1": {"P3": 179}, "P3": {"P4": 333, "P1": 179}, "P4": {"P3": 333}}
1677420458.299608;P4;TOPOLOGY UPDATE;{"P1": {"P3": 238}, "P3": {"P4": 333, "P1": 238}, "P4": {"P3": 333}}
1677420458.4150949;P1;HB SENT;Payload: 111 bytes
1677420458.439348;P4;HB SENT;Payload: 111 bytes
1677420458.654148;P1;LEAST COST PATH;{"P1": [], "P3": ["P1"], "P4": ["P3"]}
1677420460.6570542;P1;LOOKUP SENT;{"Peer": "P4", "ID": 1677420460656, "Relay": "P3"}
1677420460.7166371;P4;LOOKUP RECEIVED;[{"Message": "LOOKUP", "Destination": "P4", "Source": "P1", "ID": 1677420460656, "Path": ["P1", "P3", "P4"]}]
1677420461.4354641;P4;HB SENT;Payload: 105 bytes
1677420461.4375741;P1;TOPOLOGY UPDATE;{"P1": {"P3": 179}, "P3": {"P4": 333, "P1": 179}, "P4": {"P3": 333}}
1677420461.5230622;P4;MEASURED LATENCY;{'P3': 88}
1677420462.684148;P1;HB SENT;Payload: 105 bytes
1677420462.7197812;P1;MEASURED LATENCY;{'P3': 36}
1677420463.4130373;P1;HB SENT;Payload: 111 bytes
1677420463.4363878;P4;HB SENT;Payload: 111 bytes
1677420466.3900597;P4;LSA SENT;Payload: 193 bytes
1677420466.4412305;P4;HB SENT;Payload: 105 bytes
1677420466.5656295;P4;MEASURED LATENCY;{'P3': 126}
1677420467.6681285;P1;LOOKUP SENT;{"Peer": "P4", "ID": 1677420467666, "Relay": "P3"}
1677420467.691125;P1;HB SENT;Payload: 105 bytes
1677420467.721197;P1;MEASURED LATENCY;{'P3': 30}
1677420467.7252333;P4;LOOKUP RECEIVED;[{"Message": "LOOKUP", "Destination": "P4", "Source": "P1", "ID": 1677420467666, "Path": ["P1", "P3", "P4"]}]
1677420468.4275703;P1;HB SENT;Payload: 111 bytes
1677420468.4510133;P4;HB SENT;Payload: 111 bytes
1677420471.4475765;P4;HB SENT;Payload: 105 bytes
1677420471.5294065;P4;MEASURED LATENCY;{'P3': 82}
1677420472.60117;P1;LSA SENT;Payload: 199 bytes
1677420472.6959493;P1;HB SENT;Payload: 105 bytes
1677420472.7254045;P1;MEASURED LATENCY;{'P3': 30}
1677420473.4341724;P1;HB SENT;Payload: 111 bytes
1677420473.4604564;P4;HB SENT;Payload: 111 bytes
1677420473.672624;P1;LOOKUP SENT;{"Peer": "P4", "ID": 1677420473672, "Relay": "P3"}
1677420473.7246408;P4;LOOKUP RECEIVED;[{"Message": "LOOKUP", "Destination": "P4", "Source": "P1", "ID": 1677420473672, "Path": ["P1", "P3", "P4"]}]
1677420476.4543698;P4;HB SENT;Payload: 105 bytes
1677420476.555289;P4;MEASURED LATENCY;{'P3': 101}
1677420477.7022889;P1;HB SENT;Payload: 105 bytes
1677420477.7380872;P1;MEASURED LATENCY;{'P3': 36}
1677420478.4361567;P1;HB SENT;Payload: 111 bytes
1677420478.4578652;P4;HB SENT;Payload: 111 bytes
1677420480.6819663;P1;LOOKUP SENT;{"Peer": "P4", "ID": 1677420480681, "Relay": "P3"}
1677420480.7475202;P4;LOOKUP RECEIVED;[{"Message": "LOOKUP", "Destination": "P4", "Source": "P1", "ID": 1677420480681, "Path": ["P1", "P3", "P4"]}]
1677420481.40731;P4;LSA SENT;Payload: 193 bytes
1677420481.4590108;P4;HB SENT;Payload: 105 bytes
1677420481.5663369;P4;MEASURED LATENCY;{'P3': 107}
1677420482.6312494;P4;LEAST COST PATH;{"P1": ["P3"], "P3": ["P4"], "P4": []}
1677420482.703676;P1;HB SENT;Payload: 105 bytes
1677420482.7382498;P1;MEASURED LATENCY;{'P3': 35}
1677420482.7384171;P1;APPLIED LATENCY;{"P3": 35}
1677420483.4478643;P1;HB SENT;Payload: 111 bytes
1677420483.4710653;P4;HB SENT;Payload: 111 bytes
1677420485.6890855;P1;LOOKUP SENT;{"Peer": "P4", "ID": 1677420485688, "Relay": "P3"}
1677420485.7483118;P4;LOOKUP RECEIVED;[{"Message": "LOOKUP", "Destination": "P4", "Source": "P1", "ID": 1677420485688, "Path": ["P1", "P3", "P4"]}]
1677420486.4600909;P4;HB SENT;Payload: 105 bytes
1677420486.544941;P4;MEASURED LATENCY;{'P3': 85}
1677420487.617981;P1;LSA SENT;Payload: 199 bytes
1677420487.6798596;P4;LSA SENT;Payload: 360 bytes
1677420487.7108028;P1;HB SENT;Payload: 105 bytes
1677420488.2788098;P1;LEAST COST PATH;{"P1": [], "P3": ["P1"], "P4": ["P3"]}
1677420488.3014305;P4;LEAST COST PATH;{"P1": ["P3"], "P3": ["P4"], "P4": []}
1677420488.45099;P1;HB SENT;Payload: 111 bytes
1677420488.6582067;P1;MEASURED LATENCY;{'P3': 948}
1677420488.6812515;P4;HB SENT;Payload: 111 bytes
1677420491.439945;P1;LEAST COST PATH;{"P1": [], "P3": ["P1"], "P4": ["P3"]}
1677420491.4661112;P4;HB SENT;Payload: 105 bytes
1677420491.5470192;P4;MEASURED LATENCY;{'P3': 81}
1677420492.7170956;P1;HB SENT;Payload: 105 bytes
1677420492.7529356;P1;MEASURED LATENCY;{'P3': 36}
1677420493.454092;P1;HB SENT;Payload: 111 bytes
1677420493.4760952;P4;HB SENT;Payload: 111 bytes
1677420493.6936412;P1;LOOKUP SENT;{"Peer": "P4", "ID": 1677420493693, "Relay": "P3"}
1677420493.7456903;P4;LOOKUP RECEIVED;[{"Message": "LOOKUP", "Destination": "P4", "Source": "P1", "ID": 1677420493693, "Path": ["P1", "P3", "P4"]}]
1677420496.4154942;P4;LSA SENT;Payload: 193 bytes
1677420496.4727821;P4;HB SENT;Payload: 105 bytes
1677420496.572698;P4;MEASURED LATENCY;{'P3': 101}
1677420496.573376;P4;APPLIED LATENCY;{"P3": 101}
1677420497.6804643;P4;TOPOLOGY UPDATE;{"P1": {"P3": 125}, "P3": {"P4": 106, "P1": 125}, "P4": {"P3": 106}}
1677420497.7229054;P1;HB SENT;Payload: 105 bytes
1677420497.7588043;P1;MEASURED LATENCY;{'P3': 37}
1677420498.4595304;P1;HB SENT;Payload: 111 bytes
1677420498.4828966;P4;HB SENT;Payload: 111 bytes
1677420499.7021787;P1;LOOKUP SENT;{"Peer": "P4", "ID": 1677420499701, "Relay": "P3"}
1677420499.7555916;P4;LOOKUP RECEIVED;[{"Message": "LOOKUP", "Destination": "P4", "Source": "P1", "ID": 1677420499701, "Path": ["P1", "P3", "P4"]}]
1677420501.4793646;P4;HB SENT;Payload: 105 bytes
1677420501.5602708;P4;MEASURED LATENCY;{'P3': 81}
1677420502.6341383;P1;LSA SENT;Payload: 199 bytes
1677420502.7285886;P1;HB SENT;Payload: 105 bytes
1677420502.765606;P1;MEASURED LATENCY;{'P3': 38}
1677420503.3121123;P1;TOPOLOGY UPDATE;{"P1": {"P3": 277}, "P3": {"P4": 106, "P1": 277}, "P4": {"P3": 106}}
1677420503.3367586;P4;TOPOLOGY UPDATE;{"P1": {"P3": 125}, "P3": {"P4": 106, "P1": 125}, "P4": {"P3": 106}}
1677420503.4707177;P1;HB SENT;Payload: 111 bytes
1677420503.492966;P4;HB SENT;Payload: 111 bytes
1677420504.70799;P1;LOOKUP SENT;{"Peer": "P4", "ID": 1677420504707, "Relay": "P3"}
1677420504.7683706;P4;LOOKUP RECEIVED;[{"Message": "LOOKUP", "Destination": "P4", "Source": "P1", "ID": 1677420504707, "Path": ["P1", "P3", "P4"]}]
1677420506.4860232;P4;HB SENT;Payload: 105 bytes
1677420506.5652056;P4;MEASURED LATENCY;{'P3': 79}
1677420507.7354493;P1;HB SENT;Payload: 105 bytes
1677420507.7715328;P1;MEASURED LATENCY;{'P3': 37}
1677420508.4722028;P1;HB SENT;Payload: 111 bytes
1677420508.498073;P4;HB SENT;Payload: 111 bytes
1677420511.4196;P4;LSA SENT;Payload: 193 bytes
1677420511.4920614;P4;HB SENT;Payload: 105 bytes
1677420511.5003498;P1;LSA SENT;Payload: 360 bytes
1677420512.5198815;P4;MEASURED LATENCY;{'P3': 1029}
1677420512.7170038;P1;LOOKUP SENT;{"Peer": "P4", "ID": 1677420512716, "Relay": "P3"}
1677420512.7411819;P1;HB SENT;Payload: 105 bytes
1677420512.766449;P1;MEASURED LATENCY;{'P3': 25}
1677420512.7729812;P4;LOOKUP RECEIVED;[{"Message": "LOOKUP", "Destination": "P4", "Source": "P1", "ID": 1677420512716, "Path": ["P1", "P3", "P4"]}]
1677420513.4854507;P1;HB SENT;Payload: 111 bytes
1677420513.5087898;P4;HB SENT;Payload: 111 bytes
1677420516.4987164;P4;HB SENT;Payload: 105 bytes
1677420516.5825427;P4;MEASURED LATENCY;{'P3': 84}
1677420517.6495624;P1;LSA SENT;Payload: 199 bytes
1677420517.7469761;P1;HB SENT;Payload: 105 bytes
1677420517.780539;P1;MEASURED LATENCY;{'P3': 35}
1677420517.9593172;P4;PEER EXITED;
1677420518.4855237;P1;HB SENT;Payload: 111 bytes
1677420519.7321537;P1;LOOKUP SENT;{"Peer": "P4", "ID": 1677420519728, "Relay": "P3"}
1677420521.4867997;P1;PEER EXITED;
1677420521.499958;P1;TOPOLOGY UPDATE;{"P1": {"P3": 277}, "P3": {"P4": 106, "P1": 277}, "P4": {"P3": 106}}
