1676462425.3853836;P1;PEER ENTERED;
1676462428.8517041;P5;PEER ENTERED;
1676462439.7512276;P5;MEASURED LATENCY;892
1676462440.7753518;P5;TOPOLOGY UPDATE;{"P1": {"P5": 100}, "P5": {"P1": 100}}
1676462441.7975323;P1;MEASURED LATENCY;1396
1676462444.753337;P5;MEASURED LATENCY;887
1676462446.3095315;P1;MEASURED LATENCY;902
1676462450.2071283;P5;MEASURED LATENCY;1334
1676462451.3299692;P1;MEASURED LATENCY;916
1676462454.7280738;P5;MEASURED LATENCY;849
1676462457.273601;P1;MEASURED LATENCY;1853
1676462459.3072233;P1;TOPOLOGY UPDATE;{"P1": {"P5": 100}, "P5": {"P1": 100}}
1676462459.9898398;P5;MEASURED LATENCY;1103
1676462461.1529856;P1;MEASURED LATENCY;725
1676462464.7575192;P5;MEASURED LATENCY;864
1676462466.161889;P1;MEASURED LATENCY;729
1676462469.638561;P5;MEASURED LATENCY;739
1676462470.7770112;P5;LEAST COST PATH;{"P1": ["P5"], "P5": []}
1676462471.6455789;P1;MEASURED LATENCY;1206
1676462477.5663536;P1;MEASURED LATENCY;2121
1676462479.7191284;P5;MEASURED LATENCY;810
1676462482.575322;P1;MEASURED LATENCY;2124
1676462484.6498687;P5;MEASURED LATENCY;736
1676462486.6818502;P1;MEASURED LATENCY;1225
1676462489.309259;P1;LEAST COST PATH;{"P1": [], "P5": ["P1"]}
1676462491.1938615;P1;MEASURED LATENCY;730
1676462495.3331878;P5;MEASURED LATENCY;1407
1676462496.190642;P1;MEASURED LATENCY;723
1676462500.1760883;P5;MEASURED LATENCY;1245
1676462502.7953496;P1;MEASURED LATENCY;2322
1676462506.7555242;P1;MEASURED LATENCY;1276
1676462509.7481797;P5;MEASURED LATENCY;809
1676462510.7599285;P5;NODE FAILURE;set()
1676462510.760156;P5;TOPOLOGY UPDATE;{"P1": {"P5": 1320}, "P5": {"P1": 1320}}
1676462511.3871481;P1;MEASURED LATENCY;902
1676462514.3468442;P1;NODE FAILURE;set()
1676462514.3473701;P1;TOPOLOGY UPDATE;{"P1": {"P5": 962}, "P5": {"P1": 962}}
1676462515.2938554;P5;MEASURED LATENCY;1348
1676462517.3288293;P1;MEASURED LATENCY;1837
1676462520.1642532;P5;MEASURED LATENCY;1213
1676462521.8763142;P1;MEASURED LATENCY;1377
1676462524.6773129;P5;MEASURED LATENCY;720
1676462526.302124;P1;MEASURED LATENCY;797
1676462529.727988;P5;MEASURED LATENCY;764
1676462532.4981537;P1;MEASURED LATENCY;1987
1676462535.117976;P5;MEASURED LATENCY;1149
1676462536.3931003;P1;MEASURED LATENCY;876
1676462539.724735;P5;MEASURED LATENCY;748
1676462540.7611616;P5;LEAST COST PATH;{"P1": ["P5"], "P5": []}
1676462541.3118486;P1;MEASURED LATENCY;789
1676462544.348824;P1;LEAST COST PATH;{"P1": [], "P5": ["P1"]}
1676462544.7958338;P5;MEASURED LATENCY;812
1676462547.2719824;P1;MEASURED LATENCY;1743
1676462550.2271533;P5;MEASURED LATENCY;1237
1676462551.4568846;P1;MEASURED LATENCY;921
1676462554.7331405;P5;MEASURED LATENCY;737
1676462555.8219573;P5;NODE FAILURE;set()
1676462555.8221884;P5;TOPOLOGY UPDATE;{"P1": {"P5": 1283}, "P5": {"P1": 1283}}
1676462556.9057384;P1;MEASURED LATENCY;1364
1676462559.7584286;P5;MEASURED LATENCY;756
1676462561.7049747;P1;MEASURED LATENCY;1161
1676462565.1894333;P5;MEASURED LATENCY;1181
1676462566.4199846;P1;MEASURED LATENCY;868
1676462570.3143458;P5;MEASURED LATENCY;1299
1676462571.4411874;P1;MEASURED LATENCY;883
1676462574.4755905;P1;NODE FAILURE;set()
1676462574.4762082;P1;TOPOLOGY UPDATE;{"P1": {"P5": 1004}, "P5": {"P1": 1004}}
1676462574.925681;P5;MEASURED LATENCY;904
1676462577.7952535;P1;MEASURED LATENCY;2234
1676462580.2547543;P5;MEASURED LATENCY;1227
1676462582.1000752;P1;MEASURED LATENCY;1531
1676462585.4653316;P5;MEASURED LATENCY;1431
1676462585.823407;P5;LEAST COST PATH;{"P1": ["P5"], "P5": []}
1676462586.3013258;P1;MEASURED LATENCY;726
1676462589.8861701;P5;MEASURED LATENCY;846
1676462591.8340337;P1;MEASURED LATENCY;1254
1676462595.1145575;P5;MEASURED LATENCY;1074
1676462596.3450236;P1;MEASURED LATENCY;759
1676462599.7895706;P5;MEASURED LATENCY;741
1676462600.8249717;P5;NODE FAILURE;set()
1676462600.8252141;P5;TOPOLOGY UPDATE;{"P1": {"P5": 1222}, "P5": {"P1": 1222}}
1676462602.1866946;P1;MEASURED LATENCY;1594
1676462604.4770217;P1;LEAST COST PATH;{"P1": [], "P5": ["P1"]}
1676462604.8507438;P5;MEASURED LATENCY;795
1676462606.9015403;P1;MEASURED LATENCY;1302
1676462611.4080162;P1;MEASURED LATENCY;801
1676462614.8932102;P5;MEASURED LATENCY;824
1676462616.5346255;P1;MEASURED LATENCY;925
1676462619.9159327;P5;MEASURED LATENCY;841
1676462620.2858894;P1;NODE FAILURE;set()
1676462620.286191;P1;TOPOLOGY UPDATE;{"P1": {"P5": 1020}, "P5": {"P1": 1020}}
1676462622.268219;P1;MEASURED LATENCY;1652
1676462625.2467196;P5;MEASURED LATENCY;1165
1676462626.9282882;P1;MEASURED LATENCY;1306
1676462629.826539;P5;MEASURED LATENCY;739
1676462630.8270018;P5;LEAST COST PATH;{"P1": ["P5"], "P5": []}
1676462631.9304395;P1;MEASURED LATENCY;1302
1676462635.0835273;P5;MEASURED LATENCY;994
1676462637.5441582;P1;MEASURED LATENCY;1910
1676462640.30789;P5;MEASURED LATENCY;1211
1676462641.964514;P1;MEASURED LATENCY;1325
1676462645.6403458;P5;MEASURED LATENCY;1538
1676462646.6647718;P1;MEASURED LATENCY;1019
1676462650.2874606;P1;LEAST COST PATH;{"P1": [], "P5": ["P1"]}
1676462650.874441;P5;MEASURED LATENCY;1767
1676462651.8926213;P1;MEASURED LATENCY;1242
1676462655.270358;P5;MEASURED LATENCY;1156
1676462657.2207553;P1;MEASURED LATENCY;1563
1676462660.599491;P5;MEASURED LATENCY;1478
1676462660.8771894;P5;NODE FAILURE;set()
1676462660.8774068;P5;TOPOLOGY UPDATE;{"P1": {"P5": 1280}, "P5": {"P1": 1280}}
1676462661.528025;P1;MEASURED LATENCY;863
1676462664.907232;P5;MEASURED LATENCY;783
1676462667.3126078;P1;MEASURED LATENCY;1642
1676462670.2357123;P5;MEASURED LATENCY;1106
1676462671.568321;P1;MEASURED LATENCY;891
1676462674.8788528;P5;MEASURED LATENCY;742
1676462676.5867717;P1;MEASURED LATENCY;903
1676462679.5201216;P1;NODE FAILURE;set()
1676462679.5206165;P1;TOPOLOGY UPDATE;{"P1": {"P5": 1103}, "P5": {"P1": 1103}}
1676462680.4846618;P5;MEASURED LATENCY;1341
1676462681.9189572;P1;MEASURED LATENCY;1229
1676462685.3007333;P5;MEASURED LATENCY;1151
1676462686.54118;P1;MEASURED LATENCY;846
1676462689.8923597;P5;MEASURED LATENCY;735
1676462690.8786087;P5;LEAST COST PATH;{"P1": ["P5"], "P5": []}
1676462691.5518382;P1;MEASURED LATENCY;851
1676462695.0363784;P5;MEASURED LATENCY;872
1676462696.8783605;P1;MEASURED LATENCY;1170
1676462700.7728336;P5;MEASURED LATENCY;1602
1676462702.3132143;P1;MEASURED LATENCY;1603
1676462704.9720223;P5;MEASURED LATENCY;794
1676462705.9359949;P5;NODE FAILURE;set()
1676462705.936209;P5;TOPOLOGY UPDATE;{"P1": {"P5": 1152}, "P5": {"P1": 1152}}
1676462707.3345175;P1;MEASURED LATENCY;1619
1676462709.5222085;P1;LEAST COST PATH;{"P1": [], "P5": ["P1"]}
1676462709.9964547;P5;MEASURED LATENCY;811
1676462711.9436822;P1;MEASURED LATENCY;1222
1676462715.3285866;P5;MEASURED LATENCY;1139
1676462716.5551708;P1;MEASURED LATENCY;826
1676462719.965592;P5;MEASURED LATENCY;769
1676462722.1945732;P1;MEASURED LATENCY;1460
1676462724.6119366;P1;NODE FAILURE;set()
1676462724.6123214;P1;TOPOLOGY UPDATE;{"P1": {"P5": 1060}, "P5": {"P1": 1060}}
1676462725.7048678;P5;MEASURED LATENCY;1502
1676462727.1147506;P1;MEASURED LATENCY;1373
1676462730.188779;P5;MEASURED LATENCY;984
1676462731.9512029;P1;MEASURED LATENCY;1205
1676462734.961112;P5;MEASURED LATENCY;750
1676462735.9376526;P5;LEAST COST PATH;{"P1": ["P5"], "P5": []}
1676462737.9783022;P1;MEASURED LATENCY;2226
1676462740.026447;P5;MEASURED LATENCY;811
1676462742.700715;P1;MEASURED LATENCY;1908
1676462745.878231;P5;MEASURED LATENCY;1656
1676462747.3482106;P1;MEASURED LATENCY;1513
1676462749.9446054;P5;MEASURED LATENCY;716
1676462752.2826235;P5;NODE FAILURE;set()
1676462752.2829282;P5;TOPOLOGY UPDATE;{"P1": {"P5": 1356}, "P5": {"P1": 1356}}
1676462752.4313886;P1;MEASURED LATENCY;1581
1676462754.6197238;P1;LEAST COST PATH;{"P1": [], "P5": ["P1"]}
1676462755.0919979;P5;MEASURED LATENCY;858
1676462756.8396385;P1;MEASURED LATENCY;946
1676462761.7553883;P1;MEASURED LATENCY;844
1676462767.7845654;P5;MEASURED LATENCY;3521
1676462768.7241073;P1;MEASURED LATENCY;2807
1676462770.1216855;P1;NODE FAILURE;set()
1676462770.1231847;P1;TOPOLOGY UPDATE;{"P1": {"P5": 1000}, "P5": {"P1": 1000}}
1676462770.1621776;P5;MEASURED LATENCY;858
1676462771.9205291;P1;MEASURED LATENCY;997
1676462775.4461045;P5;MEASURED LATENCY;1136
1676462776.7170775;P1;MEASURED LATENCY;786
1676462780.0614276;P5;MEASURED LATENCY;744
1676462781.8420038;P1;MEASURED LATENCY;888
1676462782.3213465;P5;LEAST COST PATH;{"P1": ["P5"], "P5": []}
1676462785.1192083;P5;MEASURED LATENCY;763
1676462786.9631386;P1;MEASURED LATENCY;1007
1676462790.3458412;P5;MEASURED LATENCY;983
1676462791.8852408;P1;MEASURED LATENCY;927
1676462795.7953434;P5;MEASURED LATENCY;1409
1676462796.7085187;P1;MEASURED LATENCY;741
1676462800.129762;P1;LEAST COST PATH;{"P1": [], "P5": ["P1"]}
1676462800.2865415;P5;MEASURED LATENCY;794
1676462802.1483889;P1;MEASURED LATENCY;1170
1676462805.9937458;P5;MEASURED LATENCY;1445
1676462806.9506958;P1;MEASURED LATENCY;966
1676462810.433079;P5;MEASURED LATENCY;877
1676462811.090535;P5;NODE FAILURE;set()
1676462811.0907736;P5;TOPOLOGY UPDATE;{"P1": {"P5": 1328}, "P5": {"P1": 1328}}
1676462811.8689826;P1;MEASURED LATENCY;878
1676462815.4628015;P5;MEASURED LATENCY;899
1676462817.0404816;P1;MEASURED LATENCY;1042
1676462820.5790222;P5;MEASURED LATENCY;874
1676462821.9160392;P1;MEASURED LATENCY;871
1676462825.4621115;P5;MEASURED LATENCY;738
1676462826.9328358;P1;MEASURED LATENCY;867
1676462829.733429;P1;NODE FAILURE;set()
1676462829.738282;P1;TOPOLOGY UPDATE;{"P1": {"P5": 1253}, "P5": {"P1": 1253}}
1676462830.5350163;P5;MEASURED LATENCY;801
1676462832.7736144;P1;MEASURED LATENCY;1699
1676462836.976332;P5;MEASURED LATENCY;2188
1676462838.0046873;P1;MEASURED LATENCY;1916
1676462840.664934;P5;MEASURED LATENCY;872
1676462841.0966735;P5;LEAST COST PATH;{"P1": ["P5"], "P5": []}
1676462841.900035;P1;MEASURED LATENCY;799
1676462845.6869535;P5;MEASURED LATENCY;870
1676462847.2242975;P1;MEASURED LATENCY;1092
1676462850.7084544;P5;MEASURED LATENCY;850
1676462852.0421512;P1;MEASURED LATENCY;888
1676462855.6269755;P5;MEASURED LATENCY;746
1676462856.130527;P5;NODE FAILURE;set()
1676462856.1307592;P5;TOPOLOGY UPDATE;{"P1": {"P5": 1108}, "P5": {"P1": 1108}}
1676462857.6794271;P1;MEASURED LATENCY;1519
1676462859.772059;P1;LEAST COST PATH;{"P1": [], "P5": ["P1"]}
1676462860.8526511;P5;MEASURED LATENCY;866
1676462862.2934475;P1;MEASURED LATENCY;1071
1676462864.8056793;P1;PEER EXITED;
1676462866.4040964;P5;PEER EXITED;
