1676462428.8517041;P5;PEER ENTERED;
1676462439.7512276;P5;MEASURED LATENCY;892
1676462440.7753518;P5;TOPOLOGY UPDATE;{"P1": {"P5": 100}, "P5": {"P1": 100}}
1676462444.753337;P5;MEASURED LATENCY;887
1676462450.2071283;P5;MEASURED LATENCY;1334
1676462454.7280738;P5;MEASURED LATENCY;849
1676462459.9898398;P5;MEASURED LATENCY;1103
1676462464.7575192;P5;MEASURED LATENCY;864
1676462469.638561;P5;MEASURED LATENCY;739
1676462470.7770112;P5;LEAST COST PATH;{"P1": ["P5"], "P5": []}
1676462479.7191284;P5;MEASURED LATENCY;810
1676462484.6498687;P5;MEASURED LATENCY;736
1676462495.3331878;P5;MEASURED LATENCY;1407
1676462500.1760883;P5;MEASURED LATENCY;1245
1676462509.7481797;P5;MEASURED LATENCY;809
1676462510.7599285;P5;NODE FAILURE;set()
1676462510.760156;P5;TOPOLOGY UPDATE;{"P1": {"P5": 1320}, "P5": {"P1": 1320}}
1676462515.2938554;P5;MEASURED LATENCY;1348
1676462520.1642532;P5;MEASURED LATENCY;1213
1676462524.6773129;P5;MEASURED LATENCY;720
1676462529.727988;P5;MEASURED LATENCY;764
1676462535.117976;P5;MEASURED LATENCY;1149
1676462539.724735;P5;MEASURED LATENCY;748
1676462540.7611616;P5;LEAST COST PATH;{"P1": ["P5"], "P5": []}
1676462544.7958338;P5;MEASURED LATENCY;812
1676462550.2271533;P5;MEASURED LATENCY;1237
1676462554.7331405;P5;MEASURED LATENCY;737
1676462555.8219573;P5;NODE FAILURE;set()
1676462555.8221884;P5;TOPOLOGY UPDATE;{"P1": {"P5": 1283}, "P5": {"P1": 1283}}
1676462559.7584286;P5;MEASURED LATENCY;756
1676462565.1894333;P5;MEASURED LATENCY;1181
1676462570.3143458;P5;MEASURED LATENCY;1299
1676462574.925681;P5;MEASURED LATENCY;904
1676462580.2547543;P5;MEASURED LATENCY;1227
1676462585.4653316;P5;MEASURED LATENCY;1431
1676462585.823407;P5;LEAST COST PATH;{"P1": ["P5"], "P5": []}
1676462589.8861701;P5;MEASURED LATENCY;846
1676462595.1145575;P5;MEASURED LATENCY;1074
1676462599.7895706;P5;MEASURED LATENCY;741
1676462600.8249717;P5;NODE FAILURE;set()
1676462600.8252141;P5;TOPOLOGY UPDATE;{"P1": {"P5": 1222}, "P5": {"P1": 1222}}
1676462604.8507438;P5;MEASURED LATENCY;795
1676462614.8932102;P5;MEASURED LATENCY;824
1676462619.9159327;P5;MEASURED LATENCY;841
1676462625.2467196;P5;MEASURED LATENCY;1165
1676462629.826539;P5;MEASURED LATENCY;739
1676462630.8270018;P5;LEAST COST PATH;{"P1": ["P5"], "P5": []}
1676462635.0835273;P5;MEASURED LATENCY;994
1676462640.30789;P5;MEASURED LATENCY;1211
1676462645.6403458;P5;MEASURED LATENCY;1538
1676462650.874441;P5;MEASURED LATENCY;1767
1676462655.270358;P5;MEASURED LATENCY;1156
1676462660.599491;P5;MEASURED LATENCY;1478
1676462660.8771894;P5;NODE FAILURE;set()
1676462660.8774068;P5;TOPOLOGY UPDATE;{"P1": {"P5": 1280}, "P5": {"P1": 1280}}
1676462664.907232;P5;MEASURED LATENCY;783
1676462670.2357123;P5;MEASURED LATENCY;1106
1676462674.8788528;P5;MEASURED LATENCY;742
1676462680.4846618;P5;MEASURED LATENCY;1341
1676462685.3007333;P5;MEASURED LATENCY;1151
1676462689.8923597;P5;MEASURED LATENCY;735
1676462690.8786087;P5;LEAST COST PATH;{"P1": ["P5"], "P5": []}
1676462695.0363784;P5;MEASURED LATENCY;872
1676462700.7728336;P5;MEASURED LATENCY;1602
1676462704.9720223;P5;MEASURED LATENCY;794
1676462705.9359949;P5;NODE FAILURE;set()
1676462705.936209;P5;TOPOLOGY UPDATE;{"P1": {"P5": 1152}, "P5": {"P1": 1152}}
1676462709.9964547;P5;MEASURED LATENCY;811
1676462715.3285866;P5;MEASURED LATENCY;1139
1676462719.965592;P5;MEASURED LATENCY;769
1676462725.7048678;P5;MEASURED LATENCY;1502
1676462730.188779;P5;MEASURED LATENCY;984
1676462734.961112;P5;MEASURED LATENCY;750
1676462735.9376526;P5;LEAST COST PATH;{"P1": ["P5"], "P5": []}
1676462740.026447;P5;MEASURED LATENCY;811
1676462745.878231;P5;MEASURED LATENCY;1656
1676462749.9446054;P5;MEASURED LATENCY;716
1676462752.2826235;P5;NODE FAILURE;set()
1676462752.2829282;P5;TOPOLOGY UPDATE;{"P1": {"P5": 1356}, "P5": {"P1": 1356}}
1676462755.0919979;P5;MEASURED LATENCY;858
1676462767.7845654;P5;MEASURED LATENCY;3521
1676462770.1621776;P5;MEASURED LATENCY;858
1676462775.4461045;P5;MEASURED LATENCY;1136
1676462780.0614276;P5;MEASURED LATENCY;744
1676462782.3213465;P5;LEAST COST PATH;{"P1": ["P5"], "P5": []}
1676462785.1192083;P5;MEASURED LATENCY;763
1676462790.3458412;P5;MEASURED LATENCY;983
1676462795.7953434;P5;MEASURED LATENCY;1409
1676462800.2865415;P5;MEASURED LATENCY;794
1676462805.9937458;P5;MEASURED LATENCY;1445
1676462810.433079;P5;MEASURED LATENCY;877
1676462811.090535;P5;NODE FAILURE;set()
1676462811.0907736;P5;TOPOLOGY UPDATE;{"P1": {"P5": 1328}, "P5": {"P1": 1328}}
1676462815.4628015;P5;MEASURED LATENCY;899
1676462820.5790222;P5;MEASURED LATENCY;874
1676462825.4621115;P5;MEASURED LATENCY;738
1676462830.5350163;P5;MEASURED LATENCY;801
1676462836.976332;P5;MEASURED LATENCY;2188
1676462840.664934;P5;MEASURED LATENCY;872
1676462841.0966735;P5;LEAST COST PATH;{"P1": ["P5"], "P5": []}
1676462845.6869535;P5;MEASURED LATENCY;870
1676462850.7084544;P5;MEASURED LATENCY;850
1676462855.6269755;P5;MEASURED LATENCY;746
1676462856.130527;P5;NODE FAILURE;set()
1676462856.1307592;P5;TOPOLOGY UPDATE;{"P1": {"P5": 1108}, "P5": {"P1": 1108}}
1676462860.8526511;P5;MEASURED LATENCY;866
1676462866.4040964;P5;PEER EXITED;
