++ dirname ./startserver.sh
+ BASEDIR=.
+ SCRIPTPATH=./../../rtun-routing
+ export PYTHONPATH=./../../torpy-rtun-fork/
+ PYTHONPATH=./../../torpy-rtun-fork/
+ python3 ./../../rtun-routing/rtun.py -v ERROR -g BM10 -f rendezvous.txt -t peer1peer2 -n default -i 3 -d 2
Traceback (most recent call last):
  File "/home/vboxuser/Git/imt4905/rtun-routing/lsr.py", line 115, in run
    self.serverSide(queue_data)
  File "/home/vboxuser/Git/imt4905/rtun-routing/lsr.py", line 226, in serverSide
    log_metrics("DEAD ROUTES RECEIVED", json.dumps(local_copy_LSA['DEAD']))
  File "/usr/lib/python3.9/json/__init__.py", line 231, in dumps
    return _default_encoder.encode(obj)
  File "/usr/lib/python3.9/json/encoder.py", line 199, in encode
    chunks = self.iterencode(o, _one_shot=True)
  File "/usr/lib/python3.9/json/encoder.py", line 257, in iterencode
    return _iterencode(o, 0)
  File "/usr/lib/python3.9/json/encoder.py", line 179, in default
    raise TypeError(f'Object of type {o.__class__.__name__} '
TypeError: Object of type set is not JSON serializable
Exception ignored in: <module 'threading' from '/usr/lib/python3.9/threading.py'>
Traceback (most recent call last):
  File "/usr/lib/python3.9/threading.py", line 1428, in _shutdown
    lock.acquire()
KeyboardInterrupt: 
