1676223136.962413;P4;PEER ENTERED;
1676223145.182333;P4;TOPOLOGY UPDATE;{"P1": {"P4": 100, "P2": 100, "P3": 100, "P5": 100}, "P2": {"P1": 100}, "P3": {"P1": 100}, "P4": {"P1": 100}, "P5": {"P1": 100}}
1676223148.5007038;P4;TOPOLOGY UPDATE;{"P1": {"P4": 100, "P2": 100, "P3": 100, "P5": 100}, "P2": {"P1": 100}, "P3": {"P1": 100}, "P4": {"P1": 100}, "P5": {"P1": 100}}
1676223151.5141437;P4;TOPOLOGY UPDATE;{"P1": {"P4": 100, "P2": 100, "P3": 100, "P5": 100}, "P2": {"P1": 100}, "P3": {"P1": 100}, "P4": {"P1": 100}, "P5": {"P1": 100}}
1676223157.3993301;P4;TOPOLOGY UPDATE;{"P1": {"P4": 100, "P2": 100, "P3": 100, "P5": 100}, "P2": {"P1": 100}, "P3": {"P1": 100}, "P4": {"P1": 100}, "P5": {"P1": 100}}
1676223175.1842403;P4;LEAST COST PATH;{"P1": ["P4"], "P2": ["P1"], "P3": ["P1"], "P4": [], "P5": ["P1"]}
1676223178.5024781;P4;LEAST COST PATH;{"P1": ["P4"], "P2": ["P1"], "P3": ["P1"], "P4": [], "P5": ["P1"]}
1676223181.5157468;P4;LEAST COST PATH;{"P1": ["P4"], "P2": ["P1"], "P3": ["P1"], "P4": [], "P5": ["P1"]}
1676223187.4009922;P4;LEAST COST PATH;{"P1": ["P4"], "P2": ["P1"], "P3": ["P1"], "P4": [], "P5": ["P1"]}
1676223200.0347388;P4;NODE FAILURE;set()
1676223200.0350044;P4;TOPOLOGY UPDATE;{"P1": {"P2": 383, "P3": 470, "P4": 1280, "P5": 100}, "P2": {"P1": 383}, "P3": {"P1": 470}, "P4": {"P1": 1280}, "P5": {"P1": 100}}
1676223203.542438;P4;NODE FAILURE;set()
1676223203.542689;P4;TOPOLOGY UPDATE;{"P1": {"P2": 383, "P3": 470, "P4": 1280, "P5": 100}, "P2": {"P1": 383}, "P3": {"P1": 470}, "P4": {"P1": 1280}, "P5": {"P1": 100}}
1676223212.4739609;P4;NODE FAILURE;set()
1676223212.4744248;P4;TOPOLOGY UPDATE;{"P1": {"P2": 383, "P3": 470, "P4": 1280, "P5": 1391}, "P2": {"P1": 383}, "P3": {"P1": 470}, "P4": {"P1": 1280}, "P5": {"P1": 1391}}
1676223215.055565;P4;NODE FAILURE;set()
1676223215.0559573;P4;TOPOLOGY UPDATE;{"P1": {"P2": 383, "P3": 470, "P4": 1280, "P5": 1391}, "P2": {"P1": 383}, "P3": {"P1": 470}, "P4": {"P1": 1280}, "P5": {"P1": 1391}}
1676223220.9417174;P4;NODE FAILURE;set()
1676223220.9419773;P4;TOPOLOGY UPDATE;{"P1": {"P2": 383, "P3": 470, "P4": 1280, "P5": 1391}, "P2": {"P1": 383}, "P3": {"P1": 470}, "P4": {"P1": 1280}, "P5": {"P1": 1391}}
1676223230.0367064;P4;LEAST COST PATH;{"P1": ["P4"], "P2": ["P1"], "P3": ["P1"], "P4": [], "P5": ["P1"]}
1676223233.545024;P4;LEAST COST PATH;{"P1": ["P4"], "P2": ["P1"], "P3": ["P1"], "P4": [], "P5": ["P1"]}
1676223242.4764912;P4;LEAST COST PATH;{"P1": ["P4"], "P2": ["P1"], "P3": ["P1"], "P4": [], "P5": ["P1"]}
1676223245.0592566;P4;LEAST COST PATH;{"P1": ["P4"], "P2": ["P1"], "P3": ["P1"], "P4": [], "P5": ["P1"]}
1676223245.0739048;P4;NODE FAILURE;set()
1676223245.0741491;P4;TOPOLOGY UPDATE;{"P1": {"P2": 451, "P3": 470, "P4": 1280, "P5": 1391}, "P2": {"P1": 451}, "P3": {"P1": 470}, "P4": {"P1": 1280}, "P5": {"P1": 1391}}
1676223248.589018;P4;NODE FAILURE;set()
1676223248.5892847;P4;TOPOLOGY UPDATE;{"P1": {"P2": 451, "P3": 470, "P4": 1280, "P5": 1391}, "P2": {"P1": 451}, "P3": {"P1": 470}, "P4": {"P1": 1280}, "P5": {"P1": 1391}}
1676223250.9434693;P4;LEAST COST PATH;{"P1": ["P4"], "P2": ["P1"], "P3": ["P1"], "P4": [], "P5": ["P1"]}
1676223257.544293;P4;NODE FAILURE;set()
1676223257.544871;P4;TOPOLOGY UPDATE;{"P1": {"P2": 451, "P3": 531, "P4": 1106, "P5": 1391}, "P2": {"P1": 451}, "P3": {"P1": 531}, "P4": {"P1": 1106}, "P5": {"P1": 1391}}
1676223260.0819564;P4;NODE FAILURE;set()
1676223260.082217;P4;TOPOLOGY UPDATE;{"P1": {"P2": 451, "P3": 531, "P4": 1106, "P5": 1391}, "P2": {"P1": 451}, "P3": {"P1": 531}, "P4": {"P1": 1106}, "P5": {"P1": 1391}}
1676223275.0752494;P4;LEAST COST PATH;{"P1": ["P4"], "P2": ["P1"], "P3": ["P1"], "P4": [], "P5": ["P1"]}
1676223278.5913122;P4;LEAST COST PATH;{"P1": ["P4"], "P2": ["P1"], "P3": ["P1"], "P4": [], "P5": ["P1"]}
1676223281.078715;P4;NODE FAILURE;set()
1676223281.0789046;P4;TOPOLOGY UPDATE;{"P1": {"P2": 451, "P3": 531, "P4": 1106, "P5": 1095}, "P2": {"P1": 451}, "P3": {"P1": 531}, "P4": {"P1": 1106}, "P5": {"P1": 1095}}
1676223287.5487616;P4;LEAST COST PATH;{"P1": ["P4"], "P2": ["P1"], "P3": ["P1"], "P4": [], "P5": ["P1"]}
1676223290.083234;P4;LEAST COST PATH;{"P1": ["P4"], "P2": ["P1"], "P3": ["P1"], "P4": [], "P5": ["P1"]}
1676223290.117909;P4;NODE FAILURE;set()
1676223290.1181865;P4;TOPOLOGY UPDATE;{"P1": {"P2": 451, "P3": 531, "P4": 1106, "P5": 1095}, "P2": {"P1": 451}, "P3": {"P1": 531}, "P4": {"P1": 1106}, "P5": {"P1": 1095}}
1676223305.121467;P4;NODE FAILURE;set()
1676223305.1217315;P4;TOPOLOGY UPDATE;{"P1": {"P2": 413, "P3": 531, "P4": 740, "P5": 1095}, "P2": {"P1": 413}, "P3": {"P1": 531}, "P4": {"P1": 740}, "P5": {"P1": 1095}}
1676223308.6508412;P4;NODE FAILURE;set()
1676223308.6510966;P4;TOPOLOGY UPDATE;{"P1": {"P2": 413, "P3": 531, "P4": 740, "P5": 1095}, "P2": {"P1": 413}, "P3": {"P1": 531}, "P4": {"P1": 740}, "P5": {"P1": 1095}}
1676223311.081217;P4;LEAST COST PATH;{"P1": ["P4"], "P2": ["P1"], "P3": ["P1"], "P4": [], "P5": ["P1"]}
1676223317.7991598;P4;NODE FAILURE;set()
1676223317.799709;P4;TOPOLOGY UPDATE;{"P1": {"P2": 413, "P3": 475, "P4": 740, "P5": 1095}, "P2": {"P1": 413}, "P3": {"P1": 475}, "P4": {"P1": 740}, "P5": {"P1": 1095}}
1676223320.119974;P4;LEAST COST PATH;{"P1": ["P4"], "P2": ["P1"], "P3": ["P1"], "P4": [], "P5": ["P1"]}
1676223320.1366074;P4;NODE FAILURE;set()
1676223320.1368692;P4;TOPOLOGY UPDATE;{"P1": {"P2": 413, "P3": 475, "P4": 740, "P5": 1095}, "P2": {"P1": 413}, "P3": {"P1": 475}, "P4": {"P1": 740}, "P5": {"P1": 1095}}
1676223335.122976;P4;LEAST COST PATH;{"P1": ["P4"], "P2": ["P1"], "P3": ["P1"], "P4": [], "P5": ["P1"]}
1676223338.6527739;P4;LEAST COST PATH;{"P1": ["P4"], "P2": ["P1"], "P3": ["P1"], "P4": [], "P5": ["P1"]}
1676223347.8015282;P4;LEAST COST PATH;{"P1": ["P4"], "P2": ["P1"], "P3": ["P1"], "P4": [], "P5": ["P1"]}
1676223350.1387532;P4;LEAST COST PATH;{"P1": ["P4"], "P2": ["P1"], "P3": ["P1"], "P4": [], "P5": ["P1"]}
1676223350.1708207;P4;NODE FAILURE;set()
1676223350.1710875;P4;TOPOLOGY UPDATE;{"P1": {"P2": 113, "P3": 475, "P4": 785, "P5": 1279}, "P2": {"P1": 113}, "P3": {"P1": 475}, "P4": {"P1": 785}, "P5": {"P1": 1279}}
1676223353.692694;P4;NODE FAILURE;set()
1676223353.6929266;P4;TOPOLOGY UPDATE;{"P1": {"P2": 113, "P3": 475, "P4": 785, "P5": 1279}, "P2": {"P1": 113}, "P3": {"P1": 475}, "P4": {"P1": 785}, "P5": {"P1": 1279}}
1676223362.6204727;P4;NODE FAILURE;set()
1676223362.6208465;P4;TOPOLOGY UPDATE;{"P1": {"P2": 113, "P3": 475, "P4": 785, "P5": 1279}, "P2": {"P1": 113}, "P3": {"P1": 475}, "P4": {"P1": 785}, "P5": {"P1": 1279}}
1676223380.1727552;P4;LEAST COST PATH;{"P1": ["P4"], "P2": ["P1"], "P3": ["P1"], "P4": [], "P5": ["P1"]}
1676223383.6939304;P4;LEAST COST PATH;{"P1": ["P4"], "P2": ["P1"], "P3": ["P1"], "P4": [], "P5": ["P1"]}
1676223392.6250358;P4;LEAST COST PATH;{"P1": ["P4"], "P2": ["P1"], "P3": ["P1"], "P4": [], "P5": ["P1"]}
1676223395.2120352;P4;NODE FAILURE;set()
1676223395.2121854;P4;TOPOLOGY UPDATE;{"P1": {"P2": 268, "P3": 1358, "P4": 785, "P5": 1279}, "P2": {"P1": 268}, "P3": {"P1": 1358}, "P4": {"P1": 785}, "P5": {"P1": 1279}}
1676223398.7350006;P4;NODE FAILURE;set()
1676223398.7351615;P4;TOPOLOGY UPDATE;{"P1": {"P2": 268, "P3": 1358, "P4": 785, "P5": 1279}, "P2": {"P1": 268}, "P3": {"P1": 1358}, "P4": {"P1": 785}, "P5": {"P1": 1279}}
1676223410.2295446;P4;NODE FAILURE;set()
1676223410.2297175;P4;TOPOLOGY UPDATE;{"P1": {"P2": 268, "P3": 1358, "P4": 834, "P5": 1231}, "P2": {"P1": 268}, "P3": {"P1": 1358}, "P4": {"P1": 834}, "P5": {"P1": 1231}}
1676223416.1479945;P4;NODE FAILURE;set()
1676223416.1481628;P4;TOPOLOGY UPDATE;{"P1": {"P2": 268, "P3": 1358, "P4": 834, "P5": 1231}, "P2": {"P1": 268}, "P3": {"P1": 1358}, "P4": {"P1": 834}, "P5": {"P1": 1231}}
1676223423.2170715;P4;NODE FAILURE;set()
1676223423.2172945;P4;TOPOLOGY UPDATE;{"P1": {"P2": 268, "P3": 1358, "P4": 834, "P5": 1231}, "P2": {"P1": 268}, "P3": {"P1": 1358}, "P4": {"P1": 834}, "P5": {"P1": 1231}}
1676223425.2129364;P4;LEAST COST PATH;{"P1": ["P4"], "P2": ["P1"], "P3": ["P1"], "P4": [], "P5": ["P1"]}
1676223428.7418942;P4;LEAST COST PATH;{"P1": ["P4"], "P2": ["P1"], "P3": ["P1"], "P4": [], "P5": ["P1"]}
1676223440.2305303;P4;LEAST COST PATH;{"P1": ["P4"], "P2": ["P1"], "P3": ["P1"], "P4": [], "P5": ["P1"]}
1676223446.1488302;P4;LEAST COST PATH;{"P1": ["P4"], "P2": ["P1"], "P3": ["P1"], "P4": [], "P5": ["P1"]}
1676223453.217907;P4;LEAST COST PATH;{"P1": ["P4"], "P2": ["P1"], "P3": ["P1"], "P4": [], "P5": ["P1"]}
1676223455.3079238;P4;NODE FAILURE;set()
1676223455.3080854;P4;TOPOLOGY UPDATE;{"P1": {"P2": 451, "P3": 875, "P4": 834, "P5": 1231}, "P2": {"P1": 451}, "P3": {"P1": 875}, "P4": {"P1": 834}, "P5": {"P1": 1231}}
1676223458.8044384;P4;NODE FAILURE;set()
1676223458.8046017;P4;TOPOLOGY UPDATE;{"P1": {"P2": 451, "P3": 875, "P4": 834, "P5": 1231}, "P2": {"P1": 451}, "P3": {"P1": 875}, "P4": {"P1": 834}, "P5": {"P1": 1231}}
1676223470.3270693;P4;NODE FAILURE;set()
1676223470.327219;P4;TOPOLOGY UPDATE;{"P1": {"P2": 451, "P3": 875, "P4": 1066, "P5": 1632}, "P2": {"P1": 451}, "P3": {"P1": 875}, "P4": {"P1": 1066}, "P5": {"P1": 1632}}
1676223476.2662938;P4;NODE FAILURE;set()
1676223476.2665021;P4;TOPOLOGY UPDATE;{"P1": {"P2": 451, "P3": 875, "P4": 1066, "P5": 1632}, "P2": {"P1": 451}, "P3": {"P1": 875}, "P4": {"P1": 1066}, "P5": {"P1": 1632}}
1676223483.3588343;P4;NODE FAILURE;set()
1676223483.3591661;P4;TOPOLOGY UPDATE;{"P1": {"P2": 451, "P3": 875, "P4": 1066, "P5": 1632}, "P2": {"P1": 451}, "P3": {"P1": 875}, "P4": {"P1": 1066}, "P5": {"P1": 1632}}
1676223485.3087327;P4;LEAST COST PATH;{"P1": ["P4"], "P2": ["P1"], "P3": ["P1"], "P4": [], "P5": ["P1"]}
1676223488.8050272;P4;LEAST COST PATH;{"P1": ["P4"], "P2": ["P1"], "P3": ["P1"], "P4": [], "P5": ["P1"]}
1676223500.3294575;P4;LEAST COST PATH;{"P1": ["P4"], "P2": ["P1"], "P3": ["P1"], "P4": [], "P5": ["P1"]}
1676223500.3771472;P4;NODE FAILURE;set()
1676223500.377361;P4;TOPOLOGY UPDATE;{"P1": {"P2": 451, "P3": 470, "P4": 1066, "P5": 1632}, "P2": {"P1": 451}, "P3": {"P1": 470}, "P4": {"P1": 1066}, "P5": {"P1": 1632}}
1676223503.8501089;P4;NODE FAILURE;set()
1676223503.8503017;P4;TOPOLOGY UPDATE;{"P1": {"P2": 451, "P3": 470, "P4": 1066, "P5": 1632}, "P2": {"P1": 451}, "P3": {"P1": 470}, "P4": {"P1": 1066}, "P5": {"P1": 1632}}
1676223506.2670398;P4;LEAST COST PATH;{"P1": ["P4"], "P2": ["P1"], "P3": ["P1"], "P4": [], "P5": ["P1"]}
1676223513.3629768;P4;LEAST COST PATH;{"P1": ["P4"], "P2": ["P1"], "P3": ["P1"], "P4": [], "P5": ["P1"]}
1676223515.4311955;P4;NODE FAILURE;set()
1676223515.4314504;P4;TOPOLOGY UPDATE;{"P1": {"P2": 420, "P3": 470, "P4": 1015, "P5": 1254}, "P2": {"P1": 420}, "P3": {"P1": 470}, "P4": {"P1": 1015}, "P5": {"P1": 1254}}
1676223521.257486;P4;NODE FAILURE;set()
1676223521.2577085;P4;TOPOLOGY UPDATE;{"P1": {"P2": 420, "P3": 470, "P4": 1015, "P5": 1254}, "P2": {"P1": 420}, "P3": {"P1": 470}, "P4": {"P1": 1015}, "P5": {"P1": 1254}}
1676223528.3454666;P4;NODE FAILURE;set()
1676223528.3457372;P4;TOPOLOGY UPDATE;{"P1": {"P2": 420, "P3": 470, "P4": 1015, "P5": 1254}, "P2": {"P1": 420}, "P3": {"P1": 470}, "P4": {"P1": 1015}, "P5": {"P1": 1254}}
1676223530.3778589;P4;LEAST COST PATH;{"P1": ["P4"], "P2": ["P1"], "P3": ["P1"], "P4": [], "P5": ["P1"]}
1676223533.8516042;P4;LEAST COST PATH;{"P1": ["P4"], "P2": ["P1"], "P3": ["P1"], "P4": [], "P5": ["P1"]}
1676223545.4320152;P4;LEAST COST PATH;{"P1": ["P4"], "P2": ["P1"], "P3": ["P1"], "P4": [], "P5": ["P1"]}
1676223551.2585182;P4;LEAST COST PATH;{"P1": ["P4"], "P2": ["P1"], "P3": ["P1"], "P4": [], "P5": ["P1"]}
1676223558.346967;P4;LEAST COST PATH;{"P1": ["P4"], "P2": ["P1"], "P3": ["P1"], "P4": [], "P5": ["P1"]}
1676223560.4984016;P4;NODE FAILURE;set()
1676223560.4985628;P4;TOPOLOGY UPDATE;{"P1": {"P2": 384, "P3": 752, "P4": 1015, "P5": 1254}, "P2": {"P1": 384}, "P3": {"P1": 752}, "P4": {"P1": 1015}, "P5": {"P1": 1254}}
1676223563.8970244;P4;NODE FAILURE;set()
1676223563.8972092;P4;TOPOLOGY UPDATE;{"P1": {"P2": 384, "P3": 752, "P4": 1015, "P5": 1254}, "P2": {"P1": 384}, "P3": {"P1": 752}, "P4": {"P1": 1015}, "P5": {"P1": 1254}}
1676223572.7814634;P4;NODE FAILURE;set()
1676223572.78162;P4;TOPOLOGY UPDATE;{"P1": {"P2": 384, "P3": 752, "P4": 985, "P5": 1157}, "P2": {"P1": 384}, "P3": {"P1": 752}, "P4": {"P1": 985}, "P5": {"P1": 1157}}
1676223575.5212057;P4;NODE FAILURE;set()
1676223575.5215292;P4;TOPOLOGY UPDATE;{"P1": {"P2": 384, "P3": 752, "P4": 985, "P5": 1157}, "P2": {"P1": 384}, "P3": {"P1": 752}, "P4": {"P1": 985}, "P5": {"P1": 1157}}
1676223581.4268386;P4;NODE FAILURE;set()
1676223581.4270115;P4;TOPOLOGY UPDATE;{"P1": {"P2": 384, "P3": 752, "P4": 985, "P5": 1157}, "P2": {"P1": 384}, "P3": {"P1": 752}, "P4": {"P1": 985}, "P5": {"P1": 1157}}
1676223590.499303;P4;LEAST COST PATH;{"P1": ["P4"], "P2": ["P1"], "P3": ["P1"], "P4": [], "P5": ["P1"]}
1676223593.8977365;P4;LEAST COST PATH;{"P1": ["P4"], "P2": ["P1"], "P3": ["P1"], "P4": [], "P5": ["P1"]}
1676223602.7824295;P4;LEAST COST PATH;{"P1": ["P4"], "P2": ["P1"], "P3": ["P1"], "P4": [], "P5": ["P1"]}
1676223605.5223053;P4;LEAST COST PATH;{"P1": ["P4"], "P2": ["P1"], "P3": ["P1"], "P4": [], "P5": ["P1"]}
1676223605.5895646;P4;NODE FAILURE;set()
1676223605.5897608;P4;TOPOLOGY UPDATE;{"P1": {"P2": 675, "P3": 813, "P4": 985, "P5": 1157}, "P2": {"P1": 675}, "P3": {"P1": 813}, "P4": {"P1": 985}, "P5": {"P1": 1157}}
1676223608.9344037;P4;NODE FAILURE;set()
1676223608.9346998;P4;TOPOLOGY UPDATE;{"P1": {"P2": 675, "P3": 813, "P4": 985, "P5": 1157}, "P2": {"P1": 675}, "P3": {"P1": 813}, "P4": {"P1": 985}, "P5": {"P1": 1157}}
1676223611.4283307;P4;LEAST COST PATH;{"P1": ["P4"], "P2": ["P1"], "P3": ["P1"], "P4": [], "P5": ["P1"]}
1676223620.604427;P4;NODE FAILURE;set()
1676223620.6046414;P4;TOPOLOGY UPDATE;{"P1": {"P2": 675, "P3": 813, "P4": 944, "P5": 1159}, "P2": {"P1": 675}, "P3": {"P1": 813}, "P4": {"P1": 944}, "P5": {"P1": 1159}}
1676223632.9033542;P4;NODE FAILURE;set()
1676223632.903666;P4;TOPOLOGY UPDATE;{"P1": {"P2": 675, "P3": 813, "P4": 944, "P5": 1159}, "P2": {"P1": 675}, "P3": {"P1": 813}, "P4": {"P1": 944}, "P5": {"P1": 1159}}
1676223635.5909314;P4;LEAST COST PATH;{"P1": ["P4"], "P2": ["P1"], "P3": ["P1"], "P4": [], "P5": ["P1"]}
1676223638.9358444;P4;LEAST COST PATH;{"P1": ["P4"], "P2": ["P1"], "P3": ["P1"], "P4": [], "P5": ["P1"]}
1676223641.3413625;P4;NODE FAILURE;set()
1676223641.3415158;P4;TOPOLOGY UPDATE;{"P1": {"P2": 675, "P3": 663, "P4": 944, "P5": 1159}, "P2": {"P1": 675}, "P3": {"P1": 663}, "P4": {"P1": 944}, "P5": {"P1": 1159}}
1676223650.6056068;P4;LEAST COST PATH;{"P1": ["P4"], "P2": ["P1"], "P3": ["P1"], "P4": [], "P5": ["P1"]}
1676223650.649806;P4;NODE FAILURE;set()
1676223650.6500337;P4;TOPOLOGY UPDATE;{"P1": {"P2": 675, "P3": 663, "P4": 944, "P5": 1159}, "P2": {"P1": 675}, "P3": {"P1": 663}, "P4": {"P1": 944}, "P5": {"P1": 1159}}
1676223653.9818463;P4;NODE FAILURE;set()
1676223653.982003;P4;TOPOLOGY UPDATE;{"P1": {"P2": 675, "P3": 663, "P4": 944, "P5": 1159}, "P2": {"P1": 675}, "P3": {"P1": 663}, "P4": {"P1": 944}, "P5": {"P1": 1159}}
1676223662.904791;P4;LEAST COST PATH;{"P1": ["P4"], "P2": ["P1"], "P3": ["P1"], "P4": [], "P5": ["P1"]}
1676223665.660399;P4;NODE FAILURE;set()
1676223665.6607552;P4;TOPOLOGY UPDATE;{"P1": {"P2": 578, "P3": 663, "P4": 891, "P5": 1108}, "P2": {"P1": 578}, "P3": {"P1": 663}, "P4": {"P1": 891}, "P5": {"P1": 1108}}
1676223671.342009;P4;LEAST COST PATH;{"P1": ["P4"], "P2": ["P1"], "P3": ["P1"], "P4": [], "P5": ["P1"]}
1676223677.9234996;P4;NODE FAILURE;set()
1676223677.9237182;P4;TOPOLOGY UPDATE;{"P1": {"P2": 578, "P3": 663, "P4": 891, "P5": 1108}, "P2": {"P1": 578}, "P3": {"P1": 663}, "P4": {"P1": 891}, "P5": {"P1": 1108}}
1676223680.6508431;P4;LEAST COST PATH;{"P1": ["P4"], "P2": ["P1"], "P3": ["P1"], "P4": [], "P5": ["P1"]}
1676223683.9825382;P4;LEAST COST PATH;{"P1": ["P4"], "P2": ["P1"], "P3": ["P1"], "P4": [], "P5": ["P1"]}
1676223686.3657613;P4;NODE FAILURE;set()
1676223686.366008;P4;TOPOLOGY UPDATE;{"P1": {"P2": 578, "P3": 663, "P4": 891, "P5": 1108}, "P2": {"P1": 578}, "P3": {"P1": 663}, "P4": {"P1": 891}, "P5": {"P1": 1108}}
1676223695.6618161;P4;LEAST COST PATH;{"P1": ["P4"], "P2": ["P1"], "P3": ["P1"], "P4": [], "P5": ["P1"]}
1676223707.9255276;P4;LEAST COST PATH;{"P1": ["P4"], "P2": ["P1"], "P3": ["P1"], "P4": [], "P5": ["P1"]}
1676223710.7403;P4;NODE FAILURE;set()
1676223710.7404604;P4;TOPOLOGY UPDATE;{"P1": {"P2": 541, "P3": 641, "P4": 891, "P5": 1108}, "P2": {"P1": 541}, "P3": {"P1": 641}, "P4": {"P1": 891}, "P5": {"P1": 1108}}
1676223714.0292387;P4;NODE FAILURE;set()
1676223714.0296295;P4;TOPOLOGY UPDATE;{"P1": {"P2": 541, "P3": 641, "P4": 891, "P5": 1108}, "P2": {"P1": 541}, "P3": {"P1": 641}, "P4": {"P1": 891}, "P5": {"P1": 1108}}
1676223716.3672223;P4;LEAST COST PATH;{"P1": ["P4"], "P2": ["P1"], "P3": ["P1"], "P4": [], "P5": ["P1"]}
1676223722.9102948;P4;NODE FAILURE;set()
1676223722.910457;P4;TOPOLOGY UPDATE;{"P1": {"P2": 541, "P3": 641, "P4": 860, "P5": 1071}, "P2": {"P1": 541}, "P3": {"P1": 641}, "P4": {"P1": 860}, "P5": {"P1": 1071}}
1676223725.7733407;P4;NODE FAILURE;set()
1676223725.7736168;P4;TOPOLOGY UPDATE;{"P1": {"P2": 541, "P3": 641, "P4": 860, "P5": 1071}, "P2": {"P1": 541}, "P3": {"P1": 641}, "P4": {"P1": 860}, "P5": {"P1": 1071}}
1676223740.740897;P4;LEAST COST PATH;{"P1": ["P4"], "P2": ["P1"], "P3": ["P1"], "P4": [], "P5": ["P1"]}
1676223744.030235;P4;LEAST COST PATH;{"P1": ["P4"], "P2": ["P1"], "P3": ["P1"], "P4": [], "P5": ["P1"]}
1676223746.552152;P4;NODE FAILURE;set()
1676223746.552317;P4;TOPOLOGY UPDATE;{"P1": {"P2": 523, "P3": 606, "P4": 860, "P5": 1071}, "P2": {"P1": 523}, "P3": {"P1": 606}, "P4": {"P1": 860}, "P5": {"P1": 1071}}
1676223752.9109414;P4;LEAST COST PATH;{"P1": ["P4"], "P2": ["P1"], "P3": ["P1"], "P4": [], "P5": ["P1"]}
1676223755.7742867;P4;LEAST COST PATH;{"P1": ["P4"], "P2": ["P1"], "P3": ["P1"], "P4": [], "P5": ["P1"]}
1676223755.8294616;P4;NODE FAILURE;set()
1676223755.829591;P4;TOPOLOGY UPDATE;{"P1": {"P2": 523, "P3": 606, "P4": 860, "P5": 1071}, "P2": {"P1": 523}, "P3": {"P1": 606}, "P4": {"P1": 860}, "P5": {"P1": 1071}}
1676223759.08151;P4;NODE FAILURE;set()
1676223759.0818076;P4;TOPOLOGY UPDATE;{"P1": {"P2": 523, "P3": 606, "P4": 860, "P5": 1071}, "P2": {"P1": 523}, "P3": {"P1": 606}, "P4": {"P1": 860}, "P5": {"P1": 1071}}
1676223770.8526077;P4;NODE FAILURE;set()
1676223770.8528945;P4;TOPOLOGY UPDATE;{"P1": {"P2": 523, "P3": 606, "P4": 847, "P5": 1127}, "P2": {"P1": 523}, "P3": {"P1": 606}, "P4": {"P1": 847}, "P5": {"P1": 1127}}
1676223776.5529943;P4;LEAST COST PATH;{"P1": ["P4"], "P2": ["P1"], "P3": ["P1"], "P4": [], "P5": ["P1"]}
1676223783.0194318;P4;NODE FAILURE;set()
1676223783.0195951;P4;TOPOLOGY UPDATE;{"P1": {"P2": 523, "P3": 606, "P4": 847, "P5": 1127}, "P2": {"P1": 523}, "P3": {"P1": 606}, "P4": {"P1": 847}, "P5": {"P1": 1127}}
1676223785.8302896;P4;LEAST COST PATH;{"P1": ["P4"], "P2": ["P1"], "P3": ["P1"], "P4": [], "P5": ["P1"]}
1676223789.0825562;P4;LEAST COST PATH;{"P1": ["P4"], "P2": ["P1"], "P3": ["P1"], "P4": [], "P5": ["P1"]}
1676223800.8536394;P4;LEAST COST PATH;{"P1": ["P4"], "P2": ["P1"], "P3": ["P1"], "P4": [], "P5": ["P1"]}
1676223800.9005756;P4;NODE FAILURE;set()
1676223800.900733;P4;TOPOLOGY UPDATE;{"P1": {"P2": 523, "P3": 619, "P4": 847, "P5": 1127}, "P2": {"P1": 523}, "P3": {"P1": 619}, "P4": {"P1": 847}, "P5": {"P1": 1127}}
1676223804.1271274;P4;NODE FAILURE;set()
1676223804.127299;P4;TOPOLOGY UPDATE;{"P1": {"P2": 523, "P3": 619, "P4": 847, "P5": 1127}, "P2": {"P1": 523}, "P3": {"P1": 619}, "P4": {"P1": 847}, "P5": {"P1": 1127}}
1676223807.147894;P4;NODE FAILURE;set()
1676223807.1480591;P4;TOPOLOGY UPDATE;{"P1": {"P2": 298, "P3": 619, "P4": 886, "P5": 1069}, "P2": {"P1": 298}, "P3": {"P1": 619}, "P4": {"P1": 886}, "P5": {"P1": 1069}}
1676223813.02015;P4;LEAST COST PATH;{"P1": ["P4"], "P2": ["P1"], "P3": ["P1"], "P4": [], "P5": ["P1"]}
1676223815.924925;P4;NODE FAILURE;set()
1676223815.925145;P4;TOPOLOGY UPDATE;{"P1": {"P2": 298, "P3": 619, "P4": 886, "P5": 1069}, "P2": {"P1": 298}, "P3": {"P1": 619}, "P4": {"P1": 886}, "P5": {"P1": 1069}}
1676223828.042617;P4;NODE FAILURE;set()
1676223828.0428488;P4;TOPOLOGY UPDATE;{"P1": {"P2": 298, "P3": 619, "P4": 886, "P5": 1069}, "P2": {"P1": 298}, "P3": {"P1": 619}, "P4": {"P1": 886}, "P5": {"P1": 1069}}
1676223830.901414;P4;LEAST COST PATH;{"P1": ["P4"], "P2": ["P1"], "P3": ["P1"], "P4": [], "P5": ["P1"]}
1676223834.1277857;P4;LEAST COST PATH;{"P1": ["P4"], "P2": ["P1"], "P3": ["P1"], "P4": [], "P5": ["P1"]}
1676223837.1493073;P4;LEAST COST PATH;{"P1": ["P4"], "P2": ["P1"], "P3": ["P1"], "P4": [], "P5": ["P1"]}
1676223845.925671;P4;LEAST COST PATH;{"P1": ["P4"], "P2": ["P1"], "P3": ["P1"], "P4": [], "P5": ["P1"]}
1676223858.0437555;P4;LEAST COST PATH;{"P1": ["P4"], "P2": ["P1"], "P3": ["P1"], "P4": [], "P5": ["P1"]}
1676223861.007686;P4;NODE FAILURE;set()
1676223861.0079865;P4;TOPOLOGY UPDATE;{"P1": {"P2": 553, "P3": 1090, "P4": 886, "P5": 1069}, "P2": {"P1": 553}, "P3": {"P1": 1090}, "P4": {"P1": 886}, "P5": {"P1": 1069}}
1676223864.190458;P4;NODE FAILURE;set()
1676223864.19067;P4;TOPOLOGY UPDATE;{"P1": {"P2": 553, "P3": 1090, "P4": 886, "P5": 1069}, "P2": {"P1": 553}, "P3": {"P1": 1090}, "P4": {"P1": 886}, "P5": {"P1": 1069}}
1676223873.109947;P4;NODE FAILURE;set()
1676223873.1103709;P4;TOPOLOGY UPDATE;{"P1": {"P2": 553, "P3": 1090, "P4": 651, "P5": 845}, "P2": {"P1": 553}, "P3": {"P1": 1090}, "P4": {"P1": 651}, "P5": {"P1": 845}}
1676223876.0217435;P4;NODE FAILURE;set()
1676223876.0220268;P4;TOPOLOGY UPDATE;{"P1": {"P2": 553, "P3": 1090, "P4": 651, "P5": 845}, "P2": {"P1": 553}, "P3": {"P1": 1090}, "P4": {"P1": 651}, "P5": {"P1": 845}}
1676223881.9014268;P4;NODE FAILURE;set()
1676223881.901636;P4;TOPOLOGY UPDATE;{"P1": {"P2": 553, "P3": 1090, "P4": 651, "P5": 845}, "P2": {"P1": 553}, "P3": {"P1": 1090}, "P4": {"P1": 651}, "P5": {"P1": 845}}
1676223891.0090914;P4;LEAST COST PATH;{"P1": ["P4"], "P2": ["P1"], "P3": ["P1"], "P4": [], "P5": ["P1"]}
1676223894.1914442;P4;LEAST COST PATH;{"P1": ["P4"], "P2": ["P1"], "P3": ["P1"], "P4": [], "P5": ["P1"]}
1676223903.1120548;P4;LEAST COST PATH;{"P1": ["P4"], "P2": ["P1"], "P3": ["P1"], "P4": [], "P5": ["P1"]}
1676223906.022745;P4;LEAST COST PATH;{"P1": ["P4"], "P2": ["P1"], "P3": ["P1"], "P4": [], "P5": ["P1"]}
1676223906.0655754;P4;NODE FAILURE;set()
1676223906.0657134;P4;TOPOLOGY UPDATE;{"P1": {"P2": 502, "P3": 953, "P4": 651, "P5": 845}, "P2": {"P1": 502}, "P3": {"P1": 953}, "P4": {"P1": 651}, "P5": {"P1": 845}}
1676223909.2367303;P4;NODE FAILURE;set()
1676223909.2373977;P4;TOPOLOGY UPDATE;{"P1": {"P2": 502, "P3": 953, "P4": 651, "P5": 845}, "P2": {"P1": 502}, "P3": {"P1": 953}, "P4": {"P1": 651}, "P5": {"P1": 845}}
1676223911.902422;P4;LEAST COST PATH;{"P1": ["P4"], "P2": ["P1"], "P3": ["P1"], "P4": [], "P5": ["P1"]}
1676223921.1138911;P4;NODE FAILURE;set()
1676223921.1143143;P4;TOPOLOGY UPDATE;{"P1": {"P2": 502, "P3": 953, "P4": 814, "P5": 938}, "P2": {"P1": 502}, "P3": {"P1": 953}, "P4": {"P1": 814}, "P5": {"P1": 938}}
1676223933.1248615;P4;NODE FAILURE;set()
1676223933.1250174;P4;TOPOLOGY UPDATE;{"P1": {"P2": 502, "P3": 953, "P4": 814, "P5": 938}, "P2": {"P1": 502}, "P3": {"P1": 953}, "P4": {"P1": 814}, "P5": {"P1": 938}}
1676223936.0669985;P4;LEAST COST PATH;{"P1": ["P4"], "P2": ["P1"], "P3": ["P1"], "P4": [], "P5": ["P1"]}
1676223939.2381911;P4;LEAST COST PATH;{"P1": ["P4"], "P2": ["P1"], "P3": ["P1"], "P4": [], "P5": ["P1"]}
1676223942.0554135;P4;NODE FAILURE;set()
1676223942.055684;P4;TOPOLOGY UPDATE;{"P1": {"P2": 502, "P3": 868, "P4": 814, "P5": 938}, "P2": {"P1": 502}, "P3": {"P1": 868}, "P4": {"P1": 814}, "P5": {"P1": 938}}
1676223951.1148798;P4;LEAST COST PATH;{"P1": ["P4"], "P2": ["P1"], "P3": ["P1"], "P4": [], "P5": ["P1"]}
1676223951.1295717;P4;NODE FAILURE;set()
1676223951.1296897;P4;TOPOLOGY UPDATE;{"P1": {"P2": 502, "P3": 868, "P4": 814, "P5": 938}, "P2": {"P1": 502}, "P3": {"P1": 868}, "P4": {"P1": 814}, "P5": {"P1": 938}}
1676223954.2758296;P4;NODE FAILURE;set()
1676223954.2761068;P4;TOPOLOGY UPDATE;{"P1": {"P2": 502, "P3": 868, "P4": 814, "P5": 938}, "P2": {"P1": 502}, "P3": {"P1": 868}, "P4": {"P1": 814}, "P5": {"P1": 938}}
1676223963.1258965;P4;LEAST COST PATH;{"P1": ["P4"], "P2": ["P1"], "P3": ["P1"], "P4": [], "P5": ["P1"]}
1676223966.165399;P4;NODE FAILURE;set()
1676223966.1658256;P4;TOPOLOGY UPDATE;{"P1": {"P2": 479, "P3": 868, "P4": 804, "P5": 930}, "P2": {"P1": 479}, "P3": {"P1": 868}, "P4": {"P1": 804}, "P5": {"P1": 930}}
1676223972.0563781;P4;LEAST COST PATH;{"P1": ["P4"], "P2": ["P1"], "P3": ["P1"], "P4": [], "P5": ["P1"]}
1676223978.1813574;P4;NODE FAILURE;set()
1676223978.1817174;P4;TOPOLOGY UPDATE;{"P1": {"P2": 479, "P3": 868, "P4": 804, "P5": 930}, "P2": {"P1": 479}, "P3": {"P1": 868}, "P4": {"P1": 804}, "P5": {"P1": 930}}
1676223981.1303253;P4;LEAST COST PATH;{"P1": ["P4"], "P2": ["P1"], "P3": ["P1"], "P4": [], "P5": ["P1"]}
1676223984.2767854;P4;LEAST COST PATH;{"P1": ["P4"], "P2": ["P1"], "P3": ["P1"], "P4": [], "P5": ["P1"]}
1676223986.6836889;P4;NODE FAILURE;set()
1676223986.6840212;P4;TOPOLOGY UPDATE;{"P1": {"P2": 479, "P3": 868, "P4": 804, "P5": 930}, "P2": {"P1": 479}, "P3": {"P1": 868}, "P4": {"P1": 804}, "P5": {"P1": 930}}
1676223996.1665769;P4;LEAST COST PATH;{"P1": ["P4"], "P2": ["P1"], "P3": ["P1"], "P4": [], "P5": ["P1"]}
1676224008.1824083;P4;LEAST COST PATH;{"P1": ["P4"], "P2": ["P1"], "P3": ["P1"], "P4": [], "P5": ["P1"]}
1676224011.2345245;P4;NODE FAILURE;set()
1676224011.2347436;P4;TOPOLOGY UPDATE;{"P1": {"P2": 424, "P3": 652, "P4": 804, "P5": 930}, "P2": {"P1": 424}, "P3": {"P1": 652}, "P4": {"P1": 804}, "P5": {"P1": 930}}
1676224014.3237946;P4;NODE FAILURE;set()
1676224014.3239949;P4;TOPOLOGY UPDATE;{"P1": {"P2": 424, "P3": 652, "P4": 804, "P5": 930}, "P2": {"P1": 424}, "P3": {"P1": 652}, "P4": {"P1": 804}, "P5": {"P1": 930}}
1676224016.6848123;P4;LEAST COST PATH;{"P1": ["P4"], "P2": ["P1"], "P3": ["P1"], "P4": [], "P5": ["P1"]}
1676224023.180818;P4;NODE FAILURE;set()
1676224023.181224;P4;TOPOLOGY UPDATE;{"P1": {"P2": 424, "P3": 652, "P4": 745, "P5": 858}, "P2": {"P1": 424}, "P3": {"P1": 652}, "P4": {"P1": 745}, "P5": {"P1": 858}}
1676224026.2713313;P4;NODE FAILURE;set()
1676224026.2715774;P4;TOPOLOGY UPDATE;{"P1": {"P2": 424, "P3": 652, "P4": 745, "P5": 858}, "P2": {"P1": 424}, "P3": {"P1": 652}, "P4": {"P1": 745}, "P5": {"P1": 858}}
1676224041.235541;P4;LEAST COST PATH;{"P1": ["P4"], "P2": ["P1"], "P3": ["P1"], "P4": [], "P5": ["P1"]}
1676224044.324696;P4;LEAST COST PATH;{"P1": ["P4"], "P2": ["P1"], "P3": ["P1"], "P4": [], "P5": ["P1"]}
1676224047.529848;P4;NODE FAILURE;set()
1676224047.530348;P4;TOPOLOGY UPDATE;{"P1": {"P2": 507, "P3": 654, "P4": 745, "P5": 858}, "P2": {"P1": 507}, "P3": {"P1": 654}, "P4": {"P1": 745}, "P5": {"P1": 858}}
1676224053.1819863;P4;LEAST COST PATH;{"P1": ["P4"], "P2": ["P1"], "P3": ["P1"], "P4": [], "P5": ["P1"]}
1676224056.272168;P4;LEAST COST PATH;{"P1": ["P4"], "P2": ["P1"], "P3": ["P1"], "P4": [], "P5": ["P1"]}
1676224056.3336136;P4;NODE FAILURE;set()
1676224056.3337822;P4;TOPOLOGY UPDATE;{"P1": {"P2": 507, "P3": 654, "P4": 745, "P5": 858}, "P2": {"P1": 507}, "P3": {"P1": 654}, "P4": {"P1": 745}, "P5": {"P1": 858}}
1676224059.3735907;P4;NODE FAILURE;set()
1676224059.3737483;P4;TOPOLOGY UPDATE;{"P1": {"P2": 507, "P3": 654, "P4": 745, "P5": 858}, "P2": {"P1": 507}, "P3": {"P1": 654}, "P4": {"P1": 745}, "P5": {"P1": 858}}
1676224071.3548381;P4;NODE FAILURE;set()
1676224071.355001;P4;TOPOLOGY UPDATE;{"P1": {"P2": 507, "P3": 654, "P4": 789, "P5": 951}, "P2": {"P1": 507}, "P3": {"P1": 654}, "P4": {"P1": 789}, "P5": {"P1": 951}}
1676224077.5318735;P4;LEAST COST PATH;{"P1": ["P4"], "P2": ["P1"], "P3": ["P1"], "P4": [], "P5": ["P1"]}
1676224083.243142;P4;NODE FAILURE;set()
1676224083.2433076;P4;TOPOLOGY UPDATE;{"P1": {"P2": 507, "P3": 654, "P4": 789, "P5": 951}, "P2": {"P1": 507}, "P3": {"P1": 654}, "P4": {"P1": 789}, "P5": {"P1": 951}}
1676224086.3349583;P4;LEAST COST PATH;{"P1": ["P4"], "P2": ["P1"], "P3": ["P1"], "P4": [], "P5": ["P1"]}
1676224089.3756704;P4;LEAST COST PATH;{"P1": ["P4"], "P2": ["P1"], "P3": ["P1"], "P4": [], "P5": ["P1"]}
1676224091.9849098;P4;NODE FAILURE;set()
1676224091.985229;P4;TOPOLOGY UPDATE;{"P1": {"P2": 507, "P3": 654, "P4": 789, "P5": 951}, "P2": {"P1": 507}, "P3": {"P1": 654}, "P4": {"P1": 789}, "P5": {"P1": 951}}
1676224101.3556435;P4;LEAST COST PATH;{"P1": ["P4"], "P2": ["P1"], "P3": ["P1"], "P4": [], "P5": ["P1"]}
1676224104.447531;P4;NODE FAILURE;set()
1676224104.44769;P4;TOPOLOGY UPDATE;{"P1": {"P2": 507, "P3": 654, "P4": 789, "P5": 951}, "P2": {"P1": 507}, "P3": {"P1": 654}, "P4": {"P1": 789}, "P5": {"P1": 951}}
1676224113.2441068;P4;LEAST COST PATH;{"P1": ["P4"], "P2": ["P1"], "P3": ["P1"], "P4": [], "P5": ["P1"]}
1676224116.422897;P4;NODE FAILURE;set()
1676224116.4231668;P4;TOPOLOGY UPDATE;{"P1": {"P2": 396, "P3": 1067, "P4": 789, "P5": 824}, "P2": {"P1": 396}, "P3": {"P1": 1067}, "P4": {"P1": 789}, "P5": {"P1": 824}}
1676224121.9859223;P4;LEAST COST PATH;{"P1": ["P4"], "P2": ["P1"], "P3": ["P1"], "P4": [], "P5": ["P1"]}
1676224128.2878706;P4;NODE FAILURE;set()
1676224128.288176;P4;TOPOLOGY UPDATE;{"P1": {"P2": 396, "P3": 1067, "P4": 586, "P5": 824}, "P2": {"P1": 396}, "P3": {"P1": 1067}, "P4": {"P1": 586}, "P5": {"P1": 824}}
1676224131.4503837;P4;NODE FAILURE;set()
1676224131.4506538;P4;TOPOLOGY UPDATE;{"P1": {"P2": 396, "P3": 1067, "P4": 586, "P5": 824}, "P2": {"P1": 396}, "P3": {"P1": 1067}, "P4": {"P1": 586}, "P5": {"P1": 824}}
1676224134.4483123;P4;LEAST COST PATH;{"P1": ["P4"], "P2": ["P1"], "P3": ["P1"], "P4": [], "P5": ["P1"]}
1676224146.423723;P4;LEAST COST PATH;{"P1": ["P4"], "P2": ["P1"], "P3": ["P1"], "P4": [], "P5": ["P1"]}
1676224151.907653;P4;NODE FAILURE;set()
1676224151.9080818;P4;TOPOLOGY UPDATE;{"P1": {"P2": 360, "P3": 920, "P4": 586, "P5": 824}, "P2": {"P1": 360}, "P3": {"P1": 920}, "P4": {"P1": 586}, "P5": {"P1": 824}}
1676224158.2890475;P4;LEAST COST PATH;{"P1": ["P4"], "P2": ["P1"], "P3": ["P1"], "P4": [], "P5": ["P1"]}
1676224161.4511626;P4;LEAST COST PATH;{"P1": ["P4"], "P2": ["P1"], "P3": ["P1"], "P4": [], "P5": ["P1"]}
1676224161.5052104;P4;NODE FAILURE;set()
1676224161.5054846;P4;TOPOLOGY UPDATE;{"P1": {"P2": 360, "P3": 920, "P4": 586, "P5": 824}, "P2": {"P1": 360}, "P3": {"P1": 920}, "P4": {"P1": 586}, "P5": {"P1": 824}}
1676224164.4663904;P4;NODE FAILURE;set()
1676224164.4666004;P4;TOPOLOGY UPDATE;{"P1": {"P2": 360, "P3": 920, "P4": 586, "P5": 824}, "P2": {"P1": 360}, "P3": {"P1": 920}, "P4": {"P1": 586}, "P5": {"P1": 824}}
1676224173.6775439;P4;NODE FAILURE;set()
1676224173.6776946;P4;TOPOLOGY UPDATE;{"P1": {"P2": 360, "P3": 920, "P4": 674, "P5": 785}, "P2": {"P1": 360}, "P3": {"P1": 920}, "P4": {"P1": 674}, "P5": {"P1": 785}}
1676224176.517291;P4;NODE FAILURE;set()
1676224176.5175717;P4;TOPOLOGY UPDATE;{"P1": {"P2": 360, "P3": 920, "P4": 674, "P5": 785}, "P2": {"P1": 360}, "P3": {"P1": 920}, "P4": {"P1": 674}, "P5": {"P1": 785}}
1676224181.9091043;P4;LEAST COST PATH;{"P1": ["P4"], "P2": ["P1"], "P3": ["P1"], "P4": [], "P5": ["P1"]}
1676224191.5067384;P4;LEAST COST PATH;{"P1": ["P4"], "P2": ["P1"], "P3": ["P1"], "P4": [], "P5": ["P1"]}
1676224194.4674666;P4;LEAST COST PATH;{"P1": ["P4"], "P2": ["P1"], "P3": ["P1"], "P4": [], "P5": ["P1"]}
1676224196.9938722;P4;NODE FAILURE;set()
1676224196.9941535;P4;TOPOLOGY UPDATE;{"P1": {"P2": 375, "P3": 764, "P4": 674, "P5": 785}, "P2": {"P1": 375}, "P3": {"P1": 764}, "P4": {"P1": 674}, "P5": {"P1": 785}}
1676224203.6791084;P4;LEAST COST PATH;{"P1": ["P4"], "P2": ["P1"], "P3": ["P1"], "P4": [], "P5": ["P1"]}
1676224206.5184722;P4;LEAST COST PATH;{"P1": ["P4"], "P2": ["P1"], "P3": ["P1"], "P4": [], "P5": ["P1"]}
1676224206.5622282;P4;NODE FAILURE;set()
1676224206.5623717;P4;TOPOLOGY UPDATE;{"P1": {"P2": 375, "P3": 764, "P4": 674, "P5": 785}, "P2": {"P1": 375}, "P3": {"P1": 764}, "P4": {"P1": 674}, "P5": {"P1": 785}}
1676224209.5277007;P4;NODE FAILURE;set()
1676224209.527863;P4;TOPOLOGY UPDATE;{"P1": {"P2": 375, "P3": 764, "P4": 674, "P5": 785}, "P2": {"P1": 375}, "P3": {"P1": 764}, "P4": {"P1": 674}, "P5": {"P1": 785}}
1676224221.5874248;P4;NODE FAILURE;set()
1676224221.5875955;P4;TOPOLOGY UPDATE;{"P1": {"P2": 375, "P3": 764, "P4": 690, "P5": 802}, "P2": {"P1": 375}, "P3": {"P1": 764}, "P4": {"P1": 690}, "P5": {"P1": 802}}
1676224227.075565;P4;LEAST COST PATH;{"P1": ["P4"], "P2": ["P1"], "P3": ["P1"], "P4": [], "P5": ["P1"]}
1676224233.3844557;P4;NODE FAILURE;set()
1676224233.3847306;P4;TOPOLOGY UPDATE;{"P1": {"P2": 375, "P3": 764, "P4": 690, "P5": 802}, "P2": {"P1": 375}, "P3": {"P1": 764}, "P4": {"P1": 690}, "P5": {"P1": 802}}
1676224236.562969;P4;LEAST COST PATH;{"P1": ["P4"], "P2": ["P1"], "P3": ["P1"], "P4": [], "P5": ["P1"]}
1676224239.5290701;P4;LEAST COST PATH;{"P1": ["P4"], "P2": ["P1"], "P3": ["P1"], "P4": [], "P5": ["P1"]}
1676224251.5883386;P4;LEAST COST PATH;{"P1": ["P4"], "P2": ["P1"], "P3": ["P1"], "P4": [], "P5": ["P1"]}
1676224254.568397;P4;NODE FAILURE;set()
1676224254.5685668;P4;TOPOLOGY UPDATE;{"P1": {"P2": 375, "P3": 764, "P4": 690, "P5": 802}, "P2": {"P1": 375}, "P3": {"P1": 764}, "P4": {"P1": 690}, "P5": {"P1": 802}}
1676224257.5874925;P4;NODE FAILURE;set()
1676224257.5876591;P4;TOPOLOGY UPDATE;{"P1": {"P2": 199, "P3": 569, "P4": 690, "P5": 802}, "P2": {"P1": 199}, "P3": {"P1": 569}, "P4": {"P1": 690}, "P5": {"P1": 802}}
1676224263.3857555;P4;LEAST COST PATH;{"P1": ["P4"], "P2": ["P1"], "P3": ["P1"], "P4": [], "P5": ["P1"]}
1676224266.6613617;P4;NODE FAILURE;set()
1676224266.6617153;P4;TOPOLOGY UPDATE;{"P1": {"P2": 199, "P3": 569, "P4": 690, "P5": 802}, "P2": {"P1": 199}, "P3": {"P1": 569}, "P4": {"P1": 690}, "P5": {"P1": 802}}
1676224278.4360614;P4;NODE FAILURE;set()
1676224278.4362698;P4;TOPOLOGY UPDATE;{"P1": {"P2": 199, "P3": 569, "P4": 692, "P5": 802}, "P2": {"P1": 199}, "P3": {"P1": 569}, "P4": {"P1": 692}, "P5": {"P1": 802}}
1676224281.6939435;P4;NODE FAILURE;set()
1676224281.6941054;P4;TOPOLOGY UPDATE;{"P1": {"P2": 199, "P3": 569, "P4": 692, "P5": 802}, "P2": {"P1": 199}, "P3": {"P1": 569}, "P4": {"P1": 692}, "P5": {"P1": 802}}
1676224284.5690105;P4;LEAST COST PATH;{"P1": ["P4"], "P2": ["P1"], "P3": ["P1"], "P4": [], "P5": ["P1"]}
1676224287.5883825;P4;LEAST COST PATH;{"P1": ["P4"], "P2": ["P1"], "P3": ["P1"], "P4": [], "P5": ["P1"]}
1676224296.6624544;P4;LEAST COST PATH;{"P1": ["P4"], "P2": ["P1"], "P3": ["P1"], "P4": [], "P5": ["P1"]}
1676224302.0825431;P4;NODE FAILURE;set()
1676224302.0829432;P4;TOPOLOGY UPDATE;{"P1": {"P2": 475, "P3": 778, "P4": 692, "P5": 802}, "P2": {"P1": 475}, "P3": {"P1": 778}, "P4": {"P1": 692}, "P5": {"P1": 802}}
1676224308.4367738;P4;LEAST COST PATH;{"P1": ["P4"], "P2": ["P1"], "P3": ["P1"], "P4": [], "P5": ["P1"]}
1676224311.6948829;P4;LEAST COST PATH;{"P1": ["P4"], "P2": ["P1"], "P3": ["P1"], "P4": [], "P5": ["P1"]}
1676224311.7413702;P4;NODE FAILURE;set()
1676224311.7415228;P4;TOPOLOGY UPDATE;{"P1": {"P2": 475, "P3": 778, "P4": 692, "P5": 802}, "P2": {"P1": 475}, "P3": {"P1": 778}, "P4": {"P1": 692}, "P5": {"P1": 802}}
1676224314.6076734;P4;NODE FAILURE;set()
1676224314.6079562;P4;TOPOLOGY UPDATE;{"P1": {"P2": 475, "P3": 778, "P4": 692, "P5": 802}, "P2": {"P1": 475}, "P3": {"P1": 778}, "P4": {"P1": 692}, "P5": {"P1": 802}}
1676224326.7656415;P4;NODE FAILURE;set()
1676224326.7682679;P4;TOPOLOGY UPDATE;{"P1": {"P2": 475, "P3": 778, "P4": 618, "P5": 733}, "P2": {"P1": 475}, "P3": {"P1": 778}, "P4": {"P1": 618}, "P5": {"P1": 733}}
1676224332.0837011;P4;LEAST COST PATH;{"P1": ["P4"], "P2": ["P1"], "P3": ["P1"], "P4": [], "P5": ["P1"]}
1676224338.4913573;P4;NODE FAILURE;set()
1676224338.4915216;P4;TOPOLOGY UPDATE;{"P1": {"P2": 475, "P3": 778, "P4": 618, "P5": 733}, "P2": {"P1": 475}, "P3": {"P1": 778}, "P4": {"P1": 618}, "P5": {"P1": 733}}
1676224341.7421088;P4;LEAST COST PATH;{"P1": ["P4"], "P2": ["P1"], "P3": ["P1"], "P4": [], "P5": ["P1"]}
1676224344.6101773;P4;LEAST COST PATH;{"P1": ["P4"], "P2": ["P1"], "P3": ["P1"], "P4": [], "P5": ["P1"]}
1676224347.0746522;P4;NODE FAILURE;set()
1676224347.0748346;P4;TOPOLOGY UPDATE;{"P1": {"P2": 475, "P3": 778, "P4": 618, "P5": 733}, "P2": {"P1": 475}, "P3": {"P1": 778}, "P4": {"P1": 618}, "P5": {"P1": 733}}
1676224356.7691553;P4;LEAST COST PATH;{"P1": ["P4"], "P2": ["P1"], "P3": ["P1"], "P4": [], "P5": ["P1"]}
1676224359.6338089;P4;NODE FAILURE;set()
1676224359.6341825;P4;TOPOLOGY UPDATE;{"P1": {"P2": 475, "P3": 778, "P4": 618, "P5": 733}, "P2": {"P1": 475}, "P3": {"P1": 778}, "P4": {"P1": 618}, "P5": {"P1": 733}}
1676224368.491959;P4;LEAST COST PATH;{"P1": ["P4"], "P2": ["P1"], "P3": ["P1"], "P4": [], "P5": ["P1"]}
1676224377.0753915;P4;LEAST COST PATH;{"P1": ["P4"], "P2": ["P1"], "P3": ["P1"], "P4": [], "P5": ["P1"]}
1676224377.0994213;P4;NODE FAILURE;set()
1676224377.0998085;P4;TOPOLOGY UPDATE;{"P1": {"P2": 491, "P3": 1107, "P4": 1275, "P5": 1388}, "P2": {"P1": 491}, "P3": {"P1": 1107}, "P4": {"P1": 1275}, "P5": {"P1": 1388}}
1676224386.876868;P4;NODE FAILURE;set()
1676224386.8770509;P4;TOPOLOGY UPDATE;{"P1": {"P2": 491, "P3": 1107, "P4": 1275, "P5": 1388}, "P2": {"P1": 491}, "P3": {"P1": 1107}, "P4": {"P1": 1275}, "P5": {"P1": 1388}}
1676224389.6349037;P4;LEAST COST PATH;{"P1": ["P4"], "P2": ["P1"], "P3": ["P1"], "P4": [], "P5": ["P1"]}
1676224398.5572014;P4;NODE FAILURE;set()
1676224398.5573595;P4;TOPOLOGY UPDATE;{"P1": {"P2": 491, "P3": 1107, "P4": 1275, "P5": 1388}, "P2": {"P1": 491}, "P3": {"P1": 1107}, "P4": {"P1": 1275}, "P5": {"P1": 1388}}
1676224407.1006544;P4;LEAST COST PATH;{"P1": ["P4"], "P2": ["P1"], "P3": ["P1"], "P4": [], "P5": ["P1"]}
1676224416.8780673;P4;LEAST COST PATH;{"P1": ["P4"], "P2": ["P1"], "P3": ["P1"], "P4": [], "P5": ["P1"]}
1676224416.9342284;P4;NODE FAILURE;set()
1676224416.9343913;P4;TOPOLOGY UPDATE;{"P1": {"P2": 542, "P3": 922, "P4": 1275, "P5": 1388}, "P2": {"P1": 542}, "P3": {"P1": 922}, "P4": {"P1": 1275}, "P5": {"P1": 1388}}
1676224419.6813529;P4;NODE FAILURE;set()
1676224419.681649;P4;TOPOLOGY UPDATE;{"P1": {"P2": 542, "P3": 922, "P4": 1275, "P5": 1388}, "P2": {"P1": 542}, "P3": {"P1": 922}, "P4": {"P1": 1275}, "P5": {"P1": 1388}}
1676224422.7143276;P4;NODE FAILURE;set()
1676224422.7144966;P4;TOPOLOGY UPDATE;{"P1": {"P2": 542, "P3": 922, "P4": 1335, "P5": 1606}, "P2": {"P1": 542}, "P3": {"P1": 922}, "P4": {"P1": 1335}, "P5": {"P1": 1606}}
1676224428.5578847;P4;LEAST COST PATH;{"P1": ["P4"], "P2": ["P1"], "P3": ["P1"], "P4": [], "P5": ["P1"]}
1676224431.9671168;P4;NODE FAILURE;set()
1676224431.9672713;P4;TOPOLOGY UPDATE;{"P1": {"P2": 542, "P3": 922, "P4": 1335, "P5": 1606}, "P2": {"P1": 542}, "P3": {"P1": 922}, "P4": {"P1": 1335}, "P5": {"P1": 1606}}
1676224446.9363358;P4;LEAST COST PATH;{"P1": ["P4"], "P2": ["P1"], "P3": ["P1"], "P4": [], "P5": ["P1"]}
1676224449.6830535;P4;LEAST COST PATH;{"P1": ["P4"], "P2": ["P1"], "P3": ["P1"], "P4": [], "P5": ["P1"]}
1676224452.715015;P4;LEAST COST PATH;{"P1": ["P4"], "P2": ["P1"], "P3": ["P1"], "P4": [], "P5": ["P1"]}
1676224458.6616318;P4;NODE FAILURE;set()
1676224458.6619084;P4;TOPOLOGY UPDATE;{"P1": {"P2": 287, "P3": 922, "P4": 1335, "P5": 1606}, "P2": {"P1": 287}, "P3": {"P1": 922}, "P4": {"P1": 1335}, "P5": {"P1": 1606}}
1676224461.9678664;P4;LEAST COST PATH;{"P1": ["P4"], "P2": ["P1"], "P3": ["P1"], "P4": [], "P5": ["P1"]}
1676224462.0186305;P4;NODE FAILURE;set()
1676224462.0187936;P4;TOPOLOGY UPDATE;{"P1": {"P2": 287, "P3": 922, "P4": 1335, "P5": 1606}, "P2": {"P1": 287}, "P3": {"P1": 922}, "P4": {"P1": 1335}, "P5": {"P1": 1606}}
1676224464.7130582;P4;NODE FAILURE;set()
1676224464.7133365;P4;TOPOLOGY UPDATE;{"P1": {"P2": 287, "P3": 922, "P4": 1335, "P5": 1606}, "P2": {"P1": 287}, "P3": {"P1": 922}, "P4": {"P1": 1335}, "P5": {"P1": 1606}}
1676224467.7529912;P4;NODE FAILURE;set()
1676224467.7531822;P4;TOPOLOGY UPDATE;{"P1": {"P2": 287, "P3": 1117, "P4": 1335, "P5": 1278}, "P2": {"P1": 287}, "P3": {"P1": 1117}, "P4": {"P1": 1335}, "P5": {"P1": 1278}}
1676224477.0426261;P4;NODE FAILURE;set()
1676224477.042799;P4;TOPOLOGY UPDATE;{"P1": {"P2": 287, "P3": 1117, "P4": 1335, "P5": 1278}, "P2": {"P1": 287}, "P3": {"P1": 1117}, "P4": {"P1": 1335}, "P5": {"P1": 1278}}
1676224488.6626;P4;LEAST COST PATH;{"P1": ["P4"], "P2": ["P1"], "P3": ["P1"], "P4": [], "P5": ["P1"]}
1676224492.0193439;P4;LEAST COST PATH;{"P1": ["P4"], "P2": ["P1"], "P3": ["P1"], "P4": [], "P5": ["P1"]}
1676224492.0563924;P4;NODE FAILURE;set()
1676224492.0565548;P4;TOPOLOGY UPDATE;{"P1": {"P2": 287, "P3": 1117, "P4": 1220, "P5": 1278}, "P2": {"P1": 287}, "P3": {"P1": 1117}, "P4": {"P1": 1220}, "P5": {"P1": 1278}}
1676224494.7140307;P4;LEAST COST PATH;{"P1": ["P4"], "P2": ["P1"], "P3": ["P1"], "P4": [], "P5": ["P1"]}
1676224497.753764;P4;LEAST COST PATH;{"P1": ["P4"], "P2": ["P1"], "P3": ["P1"], "P4": [], "P5": ["P1"]}
1676224503.778043;P4;NODE FAILURE;set()
1676224503.7782063;P4;TOPOLOGY UPDATE;{"P1": {"P2": 287, "P3": 1117, "P4": 1220, "P5": 1278}, "P2": {"P1": 287}, "P3": {"P1": 1117}, "P4": {"P1": 1220}, "P5": {"P1": 1278}}
1676224507.0435429;P4;LEAST COST PATH;{"P1": ["P4"], "P2": ["P1"], "P3": ["P1"], "P4": [], "P5": ["P1"]}
1676224509.7484107;P4;NODE FAILURE;set()
1676224509.7486117;P4;TOPOLOGY UPDATE;{"P1": {"P2": 287, "P3": 1117, "P4": 1220, "P5": 1278}, "P2": {"P1": 287}, "P3": {"P1": 1117}, "P4": {"P1": 1220}, "P5": {"P1": 1278}}
1676224522.0571544;P4;LEAST COST PATH;{"P1": ["P4"], "P2": ["P1"], "P3": ["P1"], "P4": [], "P5": ["P1"]}
1676224522.1105225;P4;NODE FAILURE;set()
1676224522.1108816;P4;TOPOLOGY UPDATE;{"P1": {"P2": 263, "P3": 1209, "P4": 1220, "P5": 1278}, "P2": {"P1": 263}, "P3": {"P1": 1209}, "P4": {"P1": 1220}, "P5": {"P1": 1278}}
1676224527.1901853;P4;NODE FAILURE;set()
1676224527.1903777;P4;TOPOLOGY UPDATE;{"P1": {"P2": 263, "P3": 1209, "P4": 1220, "P5": 888}, "P2": {"P1": 263}, "P3": {"P1": 1209}, "P4": {"P1": 1220}, "P5": {"P1": 888}}
1676224533.779028;P4;LEAST COST PATH;{"P1": ["P4"], "P2": ["P1"], "P3": ["P1"], "P4": [], "P5": ["P1"]}
1676224537.1311338;P4;NODE FAILURE;set()
1676224537.1313245;P4;TOPOLOGY UPDATE;{"P1": {"P2": 263, "P3": 1209, "P4": 1220, "P5": 888}, "P2": {"P1": 263}, "P3": {"P1": 1209}, "P4": {"P1": 1220}, "P5": {"P1": 888}}
1676224539.7917812;P4;LEAST COST PATH;{"P1": ["P4"], "P2": ["P1"], "P3": ["P1"], "P4": [], "P5": ["P1"]}
1676224549.1616676;P4;NODE FAILURE;set()
1676224549.161957;P4;TOPOLOGY UPDATE;{"P1": {"P2": 263, "P3": 1209, "P4": 1130, "P5": 888}, "P2": {"P1": 263}, "P3": {"P1": 1209}, "P4": {"P1": 1130}, "P5": {"P1": 888}}
1676224552.1152928;P4;LEAST COST PATH;{"P1": ["P4"], "P2": ["P1"], "P3": ["P1"], "P4": [], "P5": ["P1"]}
1676224552.1546373;P4;NODE FAILURE;set()
1676224552.1549885;P4;TOPOLOGY UPDATE;{"P1": {"P2": 263, "P3": 1209, "P4": 1130, "P5": 888}, "P2": {"P1": 263}, "P3": {"P1": 1209}, "P4": {"P1": 1130}, "P5": {"P1": 888}}
1676224557.1914072;P4;LEAST COST PATH;{"P1": ["P4"], "P2": ["P1"], "P3": ["P1"], "P4": [], "P5": ["P1"]}
1676224567.132419;P4;LEAST COST PATH;{"P1": ["P4"], "P2": ["P1"], "P3": ["P1"], "P4": [], "P5": ["P1"]}
1676224567.1893153;P4;NODE FAILURE;set()
1676224567.189577;P4;TOPOLOGY UPDATE;{"P1": {"P2": 227, "P3": 272, "P4": 1130, "P5": 888}, "P2": {"P1": 227}, "P3": {"P1": 272}, "P4": {"P1": 1130}, "P5": {"P1": 888}}
1676224569.8073044;P4;NODE FAILURE;set()
1676224569.8074672;P4;TOPOLOGY UPDATE;{"P1": {"P2": 227, "P3": 272, "P4": 1130, "P5": 888}, "P2": {"P1": 227}, "P3": {"P1": 272}, "P4": {"P1": 1130}, "P5": {"P1": 888}}
1676224572.8348622;P4;NODE FAILURE;set()
1676224572.8350208;P4;TOPOLOGY UPDATE;{"P1": {"P2": 227, "P3": 272, "P4": 1130, "P5": 1564}, "P2": {"P1": 227}, "P3": {"P1": 272}, "P4": {"P1": 1130}, "P5": {"P1": 1564}}
1676224579.1625495;P4;LEAST COST PATH;{"P1": ["P4"], "P2": ["P1"], "P3": ["P1"], "P4": [], "P5": ["P1"]}
1676224582.1560736;P4;LEAST COST PATH;{"P1": ["P4"], "P2": ["P1"], "P3": ["P1"], "P4": [], "P5": ["P1"]}
1676224582.2239904;P4;NODE FAILURE;set()
1676224582.2242649;P4;TOPOLOGY UPDATE;{"P1": {"P2": 227, "P3": 272, "P4": 1130, "P5": 1564}, "P2": {"P1": 227}, "P3": {"P1": 272}, "P4": {"P1": 1130}, "P5": {"P1": 1564}}
1676224597.1903596;P4;LEAST COST PATH;{"P1": ["P4"], "P2": ["P1"], "P3": ["P1"], "P4": [], "P5": ["P1"]}
1676224597.2428262;P4;NODE FAILURE;set()
1676224597.2429886;P4;TOPOLOGY UPDATE;{"P1": {"P2": 227, "P3": 272, "P4": 1218, "P5": 1564}, "P2": {"P1": 227}, "P3": {"P1": 272}, "P4": {"P1": 1218}, "P5": {"P1": 1564}}
1676224599.8089128;P4;LEAST COST PATH;{"P1": ["P4"], "P2": ["P1"], "P3": ["P1"], "P4": [], "P5": ["P1"]}
1676224602.8356035;P4;LEAST COST PATH;{"P1": ["P4"], "P2": ["P1"], "P3": ["P1"], "P4": [], "P5": ["P1"]}
1676224609.1467428;P4;NODE FAILURE;set()
1676224609.1470397;P4;TOPOLOGY UPDATE;{"P1": {"P2": 845, "P3": 272, "P4": 1218, "P5": 1564}, "P2": {"P1": 845}, "P3": {"P1": 272}, "P4": {"P1": 1218}, "P5": {"P1": 1564}}
1676224612.2249992;P4;LEAST COST PATH;{"P1": ["P4"], "P2": ["P1"], "P3": ["P1"], "P4": [], "P5": ["P1"]}
1676224612.2594135;P4;NODE FAILURE;set()
1676224612.2596989;P4;TOPOLOGY UPDATE;{"P1": {"P2": 845, "P3": 272, "P4": 1218, "P5": 1564}, "P2": {"P1": 845}, "P3": {"P1": 272}, "P4": {"P1": 1218}, "P5": {"P1": 1564}}
1676224614.8458538;P4;NODE FAILURE;set()
1676224614.846012;P4;TOPOLOGY UPDATE;{"P1": {"P2": 845, "P3": 272, "P4": 1218, "P5": 1564}, "P2": {"P1": 845}, "P3": {"P1": 272}, "P4": {"P1": 1218}, "P5": {"P1": 1564}}
1676224617.8810446;P4;NODE FAILURE;set()
1676224617.8812299;P4;TOPOLOGY UPDATE;{"P1": {"P2": 845, "P3": 1195, "P4": 1218, "P5": 1205}, "P2": {"P1": 845}, "P3": {"P1": 1195}, "P4": {"P1": 1218}, "P5": {"P1": 1205}}
1676224627.2436478;P4;LEAST COST PATH;{"P1": ["P4"], "P2": ["P1"], "P3": ["P1"], "P4": [], "P5": ["P1"]}
1676224627.2958684;P4;NODE FAILURE;set()
1676224627.296036;P4;TOPOLOGY UPDATE;{"P1": {"P2": 845, "P3": 1195, "P4": 1218, "P5": 1205}, "P2": {"P1": 845}, "P3": {"P1": 1195}, "P4": {"P1": 1218}, "P5": {"P1": 1205}}
1676224639.1476355;P4;LEAST COST PATH;{"P1": ["P4"], "P2": ["P1"], "P3": ["P1"], "P4": [], "P5": ["P1"]}
1676224642.2602603;P4;LEAST COST PATH;{"P1": ["P4"], "P2": ["P1"], "P3": ["P1"], "P4": [], "P5": ["P1"]}
1676224642.3291652;P4;NODE FAILURE;set()
1676224642.3293812;P4;TOPOLOGY UPDATE;{"P1": {"P2": 845, "P3": 1195, "P4": 1186, "P5": 1205}, "P2": {"P1": 845}, "P3": {"P1": 1195}, "P4": {"P1": 1186}, "P5": {"P1": 1205}}
1676224644.8466184;P4;LEAST COST PATH;{"P1": ["P4"], "P2": ["P1"], "P3": ["P1"], "P4": [], "P5": ["P1"]}
1676224647.8822646;P4;LEAST COST PATH;{"P1": ["P4"], "P2": ["P1"], "P3": ["P1"], "P4": [], "P5": ["P1"]}
1676224657.2966437;P4;LEAST COST PATH;{"P1": ["P4"], "P2": ["P1"], "P3": ["P1"], "P4": [], "P5": ["P1"]}
1676224659.8985546;P4;NODE FAILURE;set()
1676224659.8987815;P4;TOPOLOGY UPDATE;{"P1": {"P2": 845, "P3": 1195, "P4": 1186, "P5": 1205}, "P2": {"P1": 845}, "P3": {"P1": 1195}, "P4": {"P1": 1186}, "P5": {"P1": 1205}}
1676224672.3300297;P4;LEAST COST PATH;{"P1": ["P4"], "P2": ["P1"], "P3": ["P1"], "P4": [], "P5": ["P1"]}
1676224672.3749971;P4;NODE FAILURE;set()
1676224672.3752596;P4;TOPOLOGY UPDATE;{"P1": {"P2": 1007, "P3": 778, "P4": 1186, "P5": 1205}, "P2": {"P1": 1007}, "P3": {"P1": 778}, "P4": {"P1": 1186}, "P5": {"P1": 1205}}
1676224677.2893171;P4;NODE FAILURE;set()
1676224677.2896056;P4;TOPOLOGY UPDATE;{"P1": {"P2": 1007, "P3": 778, "P4": 1186, "P5": 1205}, "P2": {"P1": 1007}, "P3": {"P1": 778}, "P4": {"P1": 1186}, "P5": {"P1": 1205}}
1676224687.4027686;P4;NODE FAILURE;set()
1676224687.4029288;P4;TOPOLOGY UPDATE;{"P1": {"P2": 1007, "P3": 778, "P4": 1186, "P5": 844}, "P2": {"P1": 1007}, "P3": {"P1": 778}, "P4": {"P1": 1186}, "P5": {"P1": 844}}
1676224689.8994389;P4;LEAST COST PATH;{"P1": ["P4"], "P2": ["P1"], "P3": ["P1"], "P4": [], "P5": ["P1"]}
1676224702.375986;P4;LEAST COST PATH;{"P1": ["P4"], "P2": ["P1"], "P3": ["P1"], "P4": [], "P5": ["P1"]}
1676224702.4243581;P4;NODE FAILURE;set()
1676224702.4244692;P4;TOPOLOGY UPDATE;{"P1": {"P2": 1007, "P3": 778, "P4": 1034, "P5": 844}, "P2": {"P1": 1007}, "P3": {"P1": 778}, "P4": {"P1": 1034}, "P5": {"P1": 844}}
1676224707.2902343;P4;LEAST COST PATH;{"P1": ["P4"], "P2": ["P1"], "P3": ["P1"], "P4": [], "P5": ["P1"]}
1676224714.388451;P4;NODE FAILURE;set()
1676224714.3886166;P4;TOPOLOGY UPDATE;{"P1": {"P2": 452, "P3": 596, "P4": 1034, "P5": 844}, "P2": {"P1": 452}, "P3": {"P1": 596}, "P4": {"P1": 1034}, "P5": {"P1": 844}}
1676224717.4036405;P4;LEAST COST PATH;{"P1": ["P4"], "P2": ["P1"], "P3": ["P1"], "P4": [], "P5": ["P1"]}
1676224717.4555206;P4;NODE FAILURE;set()
1676224717.4556973;P4;TOPOLOGY UPDATE;{"P1": {"P2": 452, "P3": 596, "P4": 1034, "P5": 844}, "P2": {"P1": 452}, "P3": {"P1": 596}, "P4": {"P1": 1034}, "P5": {"P1": 844}}
1676224719.950373;P4;NODE FAILURE;set()
1676224719.950535;P4;TOPOLOGY UPDATE;{"P1": {"P2": 452, "P3": 596, "P4": 1034, "P5": 844}, "P2": {"P1": 452}, "P3": {"P1": 596}, "P4": {"P1": 1034}, "P5": {"P1": 844}}
1676224723.0031846;P4;NODE FAILURE;set()
1676224723.0033817;P4;TOPOLOGY UPDATE;{"P1": {"P2": 452, "P3": 596, "P4": 1034, "P5": 1450}, "P2": {"P1": 452}, "P3": {"P1": 596}, "P4": {"P1": 1034}, "P5": {"P1": 1450}}
1676224732.4249976;P4;LEAST COST PATH;{"P1": ["P4"], "P2": ["P1"], "P3": ["P1"], "P4": [], "P5": ["P1"]}
1676224732.4782739;P4;NODE FAILURE;set()
1676224732.4785576;P4;TOPOLOGY UPDATE;{"P1": {"P2": 452, "P3": 596, "P4": 1034, "P5": 1450}, "P2": {"P1": 452}, "P3": {"P1": 596}, "P4": {"P1": 1034}, "P5": {"P1": 1450}}
1676224744.3891866;P4;LEAST COST PATH;{"P1": ["P4"], "P2": ["P1"], "P3": ["P1"], "P4": [], "P5": ["P1"]}
1676224747.4561787;P4;LEAST COST PATH;{"P1": ["P4"], "P2": ["P1"], "P3": ["P1"], "P4": [], "P5": ["P1"]}
1676224747.495904;P4;NODE FAILURE;set()
1676224747.4960463;P4;TOPOLOGY UPDATE;{"P1": {"P2": 452, "P3": 596, "P4": 1119, "P5": 1450}, "P2": {"P1": 452}, "P3": {"P1": 596}, "P4": {"P1": 1119}, "P5": {"P1": 1450}}
1676224749.9513142;P4;LEAST COST PATH;{"P1": ["P4"], "P2": ["P1"], "P3": ["P1"], "P4": [], "P5": ["P1"]}
1676224753.0040526;P4;LEAST COST PATH;{"P1": ["P4"], "P2": ["P1"], "P3": ["P1"], "P4": [], "P5": ["P1"]}
1676224759.0963318;P4;NODE FAILURE;set()
1676224759.0964763;P4;TOPOLOGY UPDATE;{"P1": {"P2": 880, "P3": 596, "P4": 1119, "P5": 1450}, "P2": {"P1": 880}, "P3": {"P1": 596}, "P4": {"P1": 1119}, "P5": {"P1": 1450}}
1676224762.4794953;P4;LEAST COST PATH;{"P1": ["P4"], "P2": ["P1"], "P3": ["P1"], "P4": [], "P5": ["P1"]}
1676224762.522535;P4;NODE FAILURE;set()
1676224762.5227096;P4;TOPOLOGY UPDATE;{"P1": {"P2": 880, "P3": 596, "P4": 1119, "P5": 1450}, "P2": {"P1": 880}, "P3": {"P1": 596}, "P4": {"P1": 1119}, "P5": {"P1": 1450}}
1676224764.9913785;P4;NODE FAILURE;set()
1676224764.9917378;P4;TOPOLOGY UPDATE;{"P1": {"P2": 880, "P3": 596, "P4": 1119, "P5": 1450}, "P2": {"P1": 880}, "P3": {"P1": 596}, "P4": {"P1": 1119}, "P5": {"P1": 1450}}
1676224768.0198698;P4;NODE FAILURE;set()
1676224768.0201364;P4;TOPOLOGY UPDATE;{"P1": {"P2": 880, "P3": 1064, "P4": 1119, "P5": 1133}, "P2": {"P1": 880}, "P3": {"P1": 1064}, "P4": {"P1": 1119}, "P5": {"P1": 1133}}
1676224777.4966097;P4;LEAST COST PATH;{"P1": ["P4"], "P2": ["P1"], "P3": ["P1"], "P4": [], "P5": ["P1"]}
1676224777.5425832;P4;NODE FAILURE;set()
1676224777.542927;P4;TOPOLOGY UPDATE;{"P1": {"P2": 880, "P3": 1064, "P4": 1119, "P5": 1133}, "P2": {"P1": 880}, "P3": {"P1": 1064}, "P4": {"P1": 1119}, "P5": {"P1": 1133}}
1676227014.1348226;P4;LEAST COST PATH;{"P1": ["P4"], "P2": ["P1"], "P3": ["P1"], "P4": [], "P5": ["P1"]}
1676227014.1355114;P4;LEAST COST PATH;{"P1": ["P4"], "P2": ["P1"], "P3": ["P1"], "P4": [], "P5": ["P1"]}
1676227014.1372416;P4;LEAST COST PATH;{"P1": ["P4"], "P2": ["P1"], "P3": ["P1"], "P4": [], "P5": ["P1"]}
1676227014.141155;P4;LEAST COST PATH;{"P1": ["P4"], "P2": ["P1"], "P3": ["P1"], "P4": [], "P5": ["P1"]}
1676227014.143212;P4;NODE FAILURE;set()
1676227014.1434798;P4;TOPOLOGY UPDATE;{"P1": {"P2": 880, "P3": 1064, "P4": 1084, "P5": 1133}, "P2": {"P1": 880}, "P3": {"P1": 1064}, "P4": {"P1": 1084}, "P5": {"P1": 1133}}
1676227014.1444376;P4;LEAST COST PATH;{"P1": ["P4"], "P2": ["P1"], "P3": ["P1"], "P4": [], "P5": ["P1"]}
1676227044.1447792;P4;LEAST COST PATH;{"P1": ["P4"], "P2": ["P1"], "P3": ["P1"], "P4": [], "P5": ["P1"]}
1676227465.0003264;P4;PEER EXITED;
