2023-04-10 12:05:15,116 - INFO - [MainThread] - Initialized router P8 at port 5008 PID 38899
2023-04-10 12:05:15,118 - INFO - [MainThread] - Adding a connection to LupusreginaBeta
2023-04-10 12:05:15,119 - INFO - [Connect-LupusreginaBeta] - Calling connect_to_rendezvous_point
2023-04-10 12:05:15,119 - INFO - [Connect-LupusreginaBeta] - Connect to rendezvous point LupusreginaBeta
2023-04-10 12:05:15,122 - INFO - [MainThread] - Adding listener for Vulnerar
2023-04-10 12:05:15,123 - INFO - [Establish-Vulnerar] - Establishing RP to Vulnerar
2023-04-10 12:05:15,126 - INFO - [Connect-LupusreginaBeta] - Loading cached NetworkStatusDocument from TorCacheDirStorage: /root/.local/share/torpy/network_status
2023-04-10 12:05:15,128 - INFO - [Establish-Vulnerar] - Loading cached NetworkStatusDocument from TorCacheDirStorage: /root/.local/share/torpy/network_status
2023-04-10 12:05:15,148 - INFO - [MainThread] - Starting testing thread
2023-04-10 12:05:15,163 - INFO - [TESTER] - Started tester
2023-04-10 12:05:15,184 - INFO - [MainThread] - Starting connection thread
2023-04-10 12:05:15,225 - INFO - [MainThread] - Starting log thread
2023-04-10 12:05:15,591 - INFO - [Connect-LupusreginaBeta] - Loading cached DirKeyCertificateList from TorCacheDirStorage: /root/.local/share/torpy/dir_key_certificates
2023-04-10 12:05:15,696 - INFO - [Establish-Vulnerar] - Loading cached DirKeyCertificateList from TorCacheDirStorage: /root/.local/share/torpy/dir_key_certificates
2023-04-10 12:05:15,697 - INFO - [Establish-Vulnerar] - Connecting to guard node 174.21.187.95:110 (NeelTorRelay2; Tor 0.4.7.13)... (None)
2023-04-10 12:05:15,739 - INFO - [Connect-LupusreginaBeta] - Connected to rendezvous point LupusreginaBeta
2023-04-10 12:05:15,739 - INFO - [Connect-LupusreginaBeta] - Waiting for peer to open stream
2023-04-10 12:05:16,128 - INFO - [Connect-LupusreginaBeta] - Received cell: <class 'torpy.cells.CellRelay'>
2023-04-10 12:05:16,129 - INFO - [Connect-LupusreginaBeta] - Stream opened successfully
2023-04-10 12:05:16,129 - INFO - [Connect-LupusreginaBeta] - Sending HELLO to peer: b'\x80\x04\x95&\x00\x00\x00\x00\x00\x00\x00]\x94}\x94(\x8c\x07Message\x94\x8c\x05HELLO\x94\x8c\x04Peer\x94\x8c\x02P8\x94ua.'
2023-04-10 12:05:16,458 - INFO - [Establish-Vulnerar] - Creating new circuit #80000001 with 174.21.187.95:110 (NeelTorRelay2; Tor 0.4.7.13) router...
2023-04-10 12:05:16,529 - INFO - [RECEIVER] - Added neighbour P6
2023-04-10 12:05:16,651 - INFO - [Establish-Vulnerar] - Building -1 hops circuit...
2023-04-10 12:05:16,651 - INFO - [Establish-Vulnerar] - Extending the circuit #80000001 with 157.90.179.103:8001 (Vulnerar; Tor 0.4.7.13)...
2023-04-10 12:05:16,651 - INFO - [Establish-Vulnerar] - Getting descriptor for 157.90.179.103:8001 (Vulnerar; Tor 0.4.7.13)...
2023-04-10 12:05:16,657 - INFO - [Establish-Vulnerar] - Connecting to guard node 193.189.100.195:443 (TORKeFFORG2; Tor 0.4.7.13)... (Internal dir client)
2023-04-10 12:05:16,738 - INFO - [Establish-Vulnerar] - Creating new circuit #80000002 with 193.189.100.195:443 (TORKeFFORG2; Tor 0.4.7.13) router...
2023-04-10 12:05:16,757 - INFO - [Establish-Vulnerar] - Building 0 hops circuit...
2023-04-10 12:05:16,757 - INFO - [Establish-Vulnerar] - Stream #1: creating attached to #80000002 circuit...
2023-04-10 12:05:16,757 - INFO - [Establish-Vulnerar] - Stream #1: connecting to hsdir
2023-04-10 12:05:16,776 - INFO - [RecvLoop_193.189] - Stream #1: connected (remote ip '')
2023-04-10 12:05:16,999 - INFO - [RecvLoop_193.189] - Stream #1: remote disconnected (reason = DONE)
2023-04-10 12:05:16,999 - INFO - [Establish-Vulnerar] - Stream #1: closing (state = Disconnected)...
2023-04-10 12:05:16,999 - INFO - [Establish-Vulnerar] - Got descriptor
2023-04-10 12:05:17,361 - INFO - [Establish-Vulnerar] - <class 'torpy.circuit.TorCircuit'>
2023-04-10 12:05:17,724 - INFO - [Establish-Vulnerar] - Rendezvous established (CellRelayRendezvousEstablished())
2023-04-10 12:05:17,724 - INFO - [Establish-Vulnerar] - Waiting for connections at relay Vulnerar for cookie b'eb688e4f52df90278061' ...
2023-04-10 12:05:22,057 - INFO - [Establish-Vulnerar] - Got REND2 message from Vulnerar
2023-04-10 12:05:22,057 - INFO - [Establish-Vulnerar] - Entered circuit context with id 0x80000001
2023-04-10 12:05:22,057 - INFO - [Establish-Vulnerar] - Stream #2: creating attached to #80000001 circuit...
2023-04-10 12:05:22,057 - INFO - [Establish-Vulnerar] - Stream #2: connecting to ('127.0.0.1', 5000)
2023-04-10 12:05:22,473 - INFO - [RecvLoop_174.21.] - Stream #2: connected (remote ip '127.0.0.1')
2023-04-10 12:05:22,660 - INFO - [Establish-Vulnerar] - Sending HELLO to peer
2023-04-10 12:05:22,660 - INFO - [Establish-Vulnerar] - Sending HELLO to peer: b'\x80\x04\x95&\x00\x00\x00\x00\x00\x00\x00]\x94}\x94(\x8c\x07Message\x94\x8c\x05HELLO\x94\x8c\x04Peer\x94\x8c\x02P8\x94ua.'
2023-04-10 12:05:22,661 - INFO - [RECEIVER] - Added neighbour P7
2023-04-10 12:05:36,000 - INFO - [RECEIVER] - updateGraphOnly: [['P6', 'P8', 100, 'LupusreginaBeta'], ['P7', 'P8', 100, 'Vulnerar'], ['P5', 'P7', 100, 'RMK'], ['P4', 'P5', 100, 'shhovh'], ['P5', 'P6', 100, 'taipe']] , {'P6'}
2023-04-10 12:05:42,817 - WARNING - [RECEIVER] - TTL reached from path to P6 from P2
2023-04-10 12:05:51,323 - INFO - [RECEIVER] - updateGraphOnly: [['P5', 'P7', 100, 'RMK'], ['P7', 'P8', 100, 'Vulnerar'], ['P4', 'P5', 100, 'shhovh']] , {'P5'}
2023-04-10 12:05:53,837 - WARNING - [RECEIVER] - TTL reached from path to P6 from P2
2023-04-10 12:05:54,786 - WARNING - [RECEIVER] - TTL reached from path to P6 from P3
2023-04-10 12:05:59,289 - WARNING - [RECEIVER] - TTL reached from path to P6 from P2
2023-04-10 12:06:01,542 - WARNING - [RECEIVER] - TTL reached from path to P6 from P3
2023-04-10 12:06:03,381 - WARNING - [RECEIVER] - TTL reached from path to P6 from P2
2023-04-10 12:06:09,379 - WARNING - [RECEIVER] - TTL reached from path to P6 from P2
2023-04-10 12:06:15,091 - WARNING - [RECEIVER] - TTL reached from path to P6 from P2
2023-04-10 12:06:15,274 - INFO - [CONNECTION] - Highest cost peers: [('P4', 300), ('P5', 200), ('P6', 100), ('P7', 100), ('P8', 0)]
2023-04-10 12:06:15,275 - INFO - [CONNECTION] - Latency for P4 is 300 - max 500
2023-04-10 12:06:15,275 - INFO - [CONNECTION] - Latency for P5 is 200 - max 500
2023-04-10 12:06:15,275 - INFO - [CONNECTION] - Latency for P6 is 100 - max 500
2023-04-10 12:06:15,275 - INFO - [CONNECTION] - Latency for P7 is 100 - max 500
2023-04-10 12:06:15,275 - INFO - [CONNECTION] - Latency for P8 is 0 - max 500
2023-04-10 12:06:15,275 - INFO - [CONNECTION] - No join peer selected for circuit switch
2023-04-10 12:06:15,567 - WARNING - [Connect-LupusreginaBeta] - Got SENDME
2023-04-10 12:06:21,534 - INFO - [RecvLoop_193.189] - On destroy: circuit #80000002
2023-04-10 12:06:21,534 - INFO - [RecvLoop_193.189] - Destroy circuit #80000002
2023-04-10 12:06:26,301 - WARNING - [RECEIVER] - TTL reached from path to P6 from P2
2023-04-10 12:06:31,617 - WARNING - [RECEIVER] - TTL reached from path to P6 from P3
2023-04-10 12:06:36,418 - WARNING - [RECEIVER] - TTL reached from path to P6 from P2
2023-04-10 12:06:43,598 - WARNING - [RECEIVER] - TTL reached from path to P6 from P3
2023-04-10 12:06:44,779 - WARNING - [RECEIVER] - TTL reached from path to P6 from P2
2023-04-10 12:06:50,926 - WARNING - [RECEIVER] - TTL reached from path to P6 from P3
2023-04-10 12:07:01,470 - WARNING - [RECEIVER] - Routing loop from P8 to P3: P8-P6-P8
2023-04-10 12:07:03,656 - WARNING - [RECEIVER] - Routing loop from P7 to P1: P7-P8-P6-P8
2023-04-10 12:07:03,657 - WARNING - [RECEIVER] - Routing loop from P8 to P2: P8-P7-P8
2023-04-10 12:07:06,733 - WARNING - [RECEIVER] - TTL reached from path to P6 from P2
2023-04-10 12:07:09,054 - WARNING - [RECEIVER] - Routing loop from P7 to P4: P7-P8-P6-P8
2023-04-10 12:07:09,261 - WARNING - [RECEIVER] - Routing loop from P7 to P3: P7-P8-P6-P8
2023-04-10 12:07:10,894 - WARNING - [Connect-LupusreginaBeta] - Got SENDME
2023-04-10 12:07:10,953 - WARNING - [RECEIVER] - Routing loop from P8 to P2: P8-P7-P8
2023-04-10 12:07:11,072 - WARNING - [Connect-LupusreginaBeta] - Got SENDME
2023-04-10 12:07:11,249 - WARNING - [RECEIVER] - Routing loop from P8 to P4: P8-P6-P8
2023-04-10 12:07:11,249 - WARNING - [RECEIVER] - Routing loop from P8 to P1: P8-P6-P8
2023-04-10 12:07:11,427 - WARNING - [RECEIVER] - Routing loop from P8 to P2: P8-P7-P8-P6-P8
2023-04-10 12:07:11,427 - WARNING - [RECEIVER] - TTL reached from path to P2 from P8
2023-04-10 12:07:11,801 - WARNING - [RECEIVER] - Routing loop from P8 to P4: P8-P6-P8-P6-P8
2023-04-10 12:07:11,801 - WARNING - [RECEIVER] - TTL reached from path to P4 from P8
2023-04-10 12:07:11,981 - WARNING - [RECEIVER] - Routing loop from P8 to P1: P8-P6-P8-P6-P8
2023-04-10 12:07:11,981 - WARNING - [RECEIVER] - TTL reached from path to P1 from P8
2023-04-10 12:07:15,335 - INFO - [CONNECTION] - Highest cost peers: [('P4', 300), ('P5', 200), ('P6', 100), ('P7', 100), ('P8', 0)]
2023-04-10 12:07:15,335 - INFO - [CONNECTION] - Latency for P4 is 300 - max 500
2023-04-10 12:07:15,335 - INFO - [CONNECTION] - Latency for P5 is 200 - max 500
2023-04-10 12:07:15,335 - INFO - [CONNECTION] - Latency for P6 is 100 - max 500
2023-04-10 12:07:15,335 - INFO - [CONNECTION] - Latency for P7 is 100 - max 500
2023-04-10 12:07:15,335 - INFO - [CONNECTION] - Latency for P8 is 0 - max 500
2023-04-10 12:07:15,335 - INFO - [CONNECTION] - No join peer selected for circuit switch
2023-04-10 12:07:16,315 - WARNING - [RECEIVER] - Routing loop from P7 to P3: P7-P8-P7-P8
2023-04-10 12:07:21,647 - WARNING - [RECEIVER] - Routing loop from P8 to P2: P8-P6-P8
2023-04-10 12:07:21,648 - WARNING - [RECEIVER] - Routing loop from P8 to P4: P8-P7-P8
2023-04-10 12:07:21,648 - WARNING - [RECEIVER] - Routing loop from P8 to P1: P8-P7-P8
2023-04-10 12:07:22,037 - WARNING - [RECEIVER] - Routing loop from P8 to P2: P8-P6-P8-P6-P8
2023-04-10 12:07:22,037 - WARNING - [RECEIVER] - TTL reached from path to P2 from P8
2023-04-10 12:07:22,391 - WARNING - [RECEIVER] - Routing loop from P8 to P4: P8-P7-P8-P6-P8
2023-04-10 12:07:22,391 - WARNING - [RECEIVER] - TTL reached from path to P4 from P8
2023-04-10 12:07:25,742 - WARNING - [RECEIVER] - Routing loop from P8 to P4: P8-P7-P8
2023-04-10 12:07:26,316 - WARNING - [RECEIVER] - Routing loop from P8 to P4: P8-P7-P8-P7-P8
2023-04-10 12:07:26,316 - WARNING - [RECEIVER] - TTL reached from path to P4 from P8
2023-04-10 12:07:28,143 - WARNING - [RECEIVER] - TTL reached from path to P6 from P2
2023-04-10 12:07:29,139 - WARNING - [RECEIVER] - TTL reached from path to P6 from P3
2023-04-10 12:07:30,237 - WARNING - [RECEIVER] - Routing loop from P7 to P3: P7-P8-P6-P8
2023-04-10 12:07:34,995 - WARNING - [RECEIVER] - Routing loop from P8 to P3: P8-P6-P8
2023-04-10 12:07:35,184 - WARNING - [RECEIVER] - Routing loop from P7 to P4: P7-P8-P6-P8
2023-04-10 12:07:38,011 - WARNING - [RECEIVER] - Routing loop from P7 to P3: P7-P8-P7-P8
2023-04-10 12:07:38,013 - WARNING - [RECEIVER] - Routing loop from P8 to P4: P8-P7-P5-P7-P8
2023-04-10 12:07:38,013 - WARNING - [RECEIVER] - TTL reached from path to P4 from P8
2023-04-10 12:07:50,050 - WARNING - [Connect-LupusreginaBeta] - Got SENDME
2023-04-10 12:07:52,749 - WARNING - [RECEIVER] - TTL reached from path to P6 from P2
2023-04-10 12:08:08,500 - WARNING - [RECEIVER] - TTL reached from path to P6 from P2
2023-04-10 12:08:15,396 - INFO - [CONNECTION] - Highest cost peers: [('P1', 3380), ('P3', 3301), ('P2', 3064), ('P4', 2594), ('P5', 1933), ('P7', 1169), ('P6', 943), ('P8', 0)]
2023-04-10 12:08:15,396 - INFO - [CONNECTION] - Latency for P1 is 3380 - max 500
2023-04-10 12:08:15,396 - INFO - [CONNECTION] - Latency for P3 is 3301 - max 500
2023-04-10 12:08:15,396 - INFO - [CONNECTION] - Latency for P2 is 3064 - max 500
2023-04-10 12:08:15,396 - INFO - [CONNECTION] - Latency for P4 is 2594 - max 500
2023-04-10 12:08:15,396 - INFO - [CONNECTION] - Latency for P5 is 1933 - max 500
2023-04-10 12:08:15,396 - INFO - [CONNECTION] - Latency for P7 is 1169 - max 500
2023-04-10 12:08:15,396 - INFO - [CONNECTION] - Peer P7 selected for circuit switch
2023-04-10 12:08:15,400 - INFO - [CONNECTION] - Loading cached NetworkStatusDocument from TorCacheDirStorage: /root/.local/share/torpy/network_status
2023-04-10 12:08:15,634 - INFO - [CONNECTION] - Loading cached DirKeyCertificateList from TorCacheDirStorage: /root/.local/share/torpy/dir_key_certificates
2023-04-10 12:08:15,640 - INFO - [MainThread] - ['ESTABLISH', 'hawksTorRelay', b'3a44c8b1b84cafb82cc2']
2023-04-10 12:08:15,640 - INFO - [MainThread] - Got ESTABLISH to relay hawksTorRelay:b'3a44c8b1b84cafb82cc2' via NeelTorRelay2
2023-04-10 12:08:15,641 - INFO - [Establish-hawksTorRelay] - Establishing RP to hawksTorRelay
2023-04-10 12:08:15,647 - INFO - [Establish-hawksTorRelay] - Loading cached NetworkStatusDocument from TorCacheDirStorage: /root/.local/share/torpy/network_status
2023-04-10 12:08:15,839 - INFO - [Establish-hawksTorRelay] - Loading cached DirKeyCertificateList from TorCacheDirStorage: /root/.local/share/torpy/dir_key_certificates
2023-04-10 12:08:15,840 - INFO - [Establish-hawksTorRelay] - Connecting to guard node 174.21.187.95:110 (NeelTorRelay2; Tor 0.4.7.13)... (None)
2023-04-10 12:08:16,594 - INFO - [Establish-hawksTorRelay] - Creating new circuit #80000003 with 174.21.187.95:110 (NeelTorRelay2; Tor 0.4.7.13) router...
2023-04-10 12:08:16,785 - INFO - [Establish-hawksTorRelay] - Building -1 hops circuit...
2023-04-10 12:08:16,785 - INFO - [Establish-hawksTorRelay] - Extending the circuit #80000003 with 71.218.156.109:9001 (hawksTorRelay; Tor 0.4.7.13)...
2023-04-10 12:08:16,786 - INFO - [Establish-hawksTorRelay] - Getting descriptor for 71.218.156.109:9001 (hawksTorRelay; Tor 0.4.7.13)...
2023-04-10 12:08:16,791 - INFO - [Establish-hawksTorRelay] - Connecting to guard node 107.189.28.95:9100 (Quetzalcoatl; Tor 0.4.7.13)... (Internal dir client)
2023-04-10 12:08:16,964 - INFO - [Establish-hawksTorRelay] - Creating new circuit #80000004 with 107.189.28.95:9100 (Quetzalcoatl; Tor 0.4.7.13) router...
2023-04-10 12:08:17,005 - INFO - [Establish-hawksTorRelay] - Building 0 hops circuit...
2023-04-10 12:08:17,006 - INFO - [Establish-hawksTorRelay] - Stream #3: creating attached to #80000004 circuit...
2023-04-10 12:08:17,006 - INFO - [Establish-hawksTorRelay] - Stream #3: connecting to hsdir
2023-04-10 12:08:17,056 - INFO - [RecvLoop_107.189] - Stream #3: connected (remote ip '')
2023-04-10 12:08:17,301 - INFO - [RecvLoop_107.189] - Stream #3: remote disconnected (reason = DONE)
2023-04-10 12:08:17,302 - INFO - [Establish-hawksTorRelay] - Stream #3: closing (state = Disconnected)...
2023-04-10 12:08:17,302 - INFO - [Establish-hawksTorRelay] - Got descriptor
2023-04-10 12:08:17,528 - INFO - [Establish-hawksTorRelay] - <class 'torpy.circuit.TorCircuit'>
2023-04-10 12:08:17,753 - INFO - [Establish-hawksTorRelay] - Rendezvous established (CellRelayRendezvousEstablished())
2023-04-10 12:08:17,754 - INFO - [Establish-hawksTorRelay] - Waiting for connections at relay hawksTorRelay for cookie b'3a44c8b1b84cafb82cc2' ...
2023-04-10 12:08:20,426 - WARNING - [RECEIVER] - TTL reached from path to P6 from P2
2023-04-10 12:08:20,643 - INFO - [CONNECTION] - Sending JOIN to P7 for relay hawksTorRelay with cookie b'3a44c8b1b84cafb82cc2'
2023-04-10 12:08:22,221 - INFO - [Establish-hawksTorRelay] - Got REND2 message from hawksTorRelay
2023-04-10 12:08:22,221 - INFO - [Establish-hawksTorRelay] - Entered circuit context with id 0x80000003
2023-04-10 12:08:22,221 - INFO - [Establish-hawksTorRelay] - Stream #4: creating attached to #80000003 circuit...
2023-04-10 12:08:22,221 - INFO - [Establish-hawksTorRelay] - Stream #4: connecting to ('127.0.0.1', 5000)
2023-04-10 12:08:22,606 - INFO - [RecvLoop_174.21.] - Stream #4: connected (remote ip '127.0.0.1')
2023-04-10 12:08:22,624 - INFO - [Establish-hawksTorRelay] - Sending HELLO to peer
2023-04-10 12:08:22,624 - INFO - [Establish-hawksTorRelay] - Sending HELLO to peer: b'\x80\x04\x95&\x00\x00\x00\x00\x00\x00\x00]\x94}\x94(\x8c\x07Message\x94\x8c\x05HELLO\x94\x8c\x04Peer\x94\x8c\x02P8\x94ua.'
2023-04-10 12:08:22,814 - INFO - [RECEIVER] - Added neighbour P7
2023-04-10 12:08:30,793 - WARNING - [RECEIVER] - TTL reached from path to P6 from P2
2023-04-10 12:08:39,850 - WARNING - [RECEIVER] - TTL reached from path to P6 from P2
2023-04-10 12:08:45,585 - WARNING - [Connect-LupusreginaBeta] - Got SENDME
2023-04-10 12:08:45,973 - WARNING - [Connect-LupusreginaBeta] - Got SENDME
2023-04-10 12:08:47,688 - WARNING - [RECEIVER] - TTL reached from path to P6 from P2
2023-04-10 12:08:50,170 - WARNING - [RECEIVER] - TTL reached from path to P6 from P3
2023-04-10 12:09:03,243 - WARNING - [RECEIVER] - TTL reached from path to P6 from P2
2023-04-10 12:09:07,238 - WARNING - [RECEIVER] - TTL reached from path to P6 from P3
2023-04-10 12:09:10,288 - WARNING - [RECEIVER] - TTL reached from path to P6 from P2
2023-04-10 12:09:12,386 - WARNING - [RECEIVER] - TTL reached from path to P6 from P3
2023-04-10 12:09:20,721 - INFO - [CONNECTION] - Highest cost peers: [('P1', 2311), ('P3', 2232), ('P2', 1995), ('P4', 1525), ('P6', 943), ('P5', 864), ('P7', 100), ('P8', 0)]
2023-04-10 12:09:20,722 - INFO - [CONNECTION] - Latency for P1 is 2311 - max 500
2023-04-10 12:09:20,722 - INFO - [CONNECTION] - Latency for P3 is 2232 - max 500
2023-04-10 12:09:20,722 - INFO - [CONNECTION] - Latency for P2 is 1995 - max 500
2023-04-10 12:09:20,722 - INFO - [CONNECTION] - Latency for P4 is 1525 - max 500
2023-04-10 12:09:20,722 - INFO - [CONNECTION] - Latency for P6 is 943 - max 500
2023-04-10 12:09:20,722 - INFO - [CONNECTION] - Latency for P5 is 864 - max 500
2023-04-10 12:09:20,722 - INFO - [CONNECTION] - Latency for P7 is 100 - max 500
2023-04-10 12:09:20,722 - INFO - [CONNECTION] - Latency for P8 is 0 - max 500
2023-04-10 12:09:20,722 - INFO - [CONNECTION] - No join peer selected for circuit switch
2023-04-10 12:09:21,776 - ERROR - [Establish-Vulnerar] - recv timeout
2023-04-10 12:09:21,776 - INFO - [Establish-Vulnerar] - Closing connection Establish-Vulnerar
2023-04-10 12:09:21,776 - INFO - [Establish-Vulnerar] - Stream #2: closing (state = Connected)...
2023-04-10 12:09:21,776 - INFO - [Establish-Vulnerar] - Destroy circuit #80000001
2023-04-10 12:09:21,777 - INFO - [Establish-Vulnerar] - Closing guard connections (None)...
2023-04-10 12:09:24,930 - WARNING - [RECEIVER] - TTL reached from path to P6 from P2
2023-04-10 12:09:25,543 - INFO - [RecvLoop_107.189] - On destroy: circuit #80000004
2023-04-10 12:09:25,544 - INFO - [RecvLoop_107.189] - Destroy circuit #80000004
2023-04-10 12:09:40,558 - WARNING - [Connect-LupusreginaBeta] - Got SENDME
2023-04-10 12:09:45,734 - WARNING - [RECEIVER] - TTL reached from path to P6 from P3
2023-04-10 12:09:48,353 - WARNING - [RECEIVER] - TTL reached from path to P6 from P2
2023-04-10 12:09:56,753 - WARNING - [RECEIVER] - TTL reached from path to P6 from P2
2023-04-10 12:09:57,322 - WARNING - [RECEIVER] - TTL reached from path to P6 from P3
2023-04-10 12:10:20,301 - WARNING - [RECEIVER] - TTL reached from path to P6 from P2
2023-04-10 12:10:20,746 - INFO - [CONNECTION] - Highest cost peers: [('P3', 1605), ('P1', 1573), ('P2', 1375), ('P6', 943), ('P4', 861), ('P5', 200), ('P7', 100), ('P8', 0)]
2023-04-10 12:10:20,746 - INFO - [CONNECTION] - Latency for P3 is 1605 - max 500
2023-04-10 12:10:20,746 - INFO - [CONNECTION] - Latency for P1 is 1573 - max 500
2023-04-10 12:10:20,746 - INFO - [CONNECTION] - Latency for P2 is 1375 - max 500
2023-04-10 12:10:20,749 - INFO - [CONNECTION] - Latency for P6 is 943 - max 500
2023-04-10 12:10:20,749 - INFO - [CONNECTION] - Latency for P4 is 861 - max 500
2023-04-10 12:10:20,749 - INFO - [CONNECTION] - Latency for P5 is 200 - max 500
2023-04-10 12:10:20,749 - INFO - [CONNECTION] - Latency for P7 is 100 - max 500
2023-04-10 12:10:20,749 - INFO - [CONNECTION] - Latency for P8 is 0 - max 500
2023-04-10 12:10:20,749 - INFO - [CONNECTION] - No join peer selected for circuit switch
2023-04-10 12:10:24,397 - WARNING - [RECEIVER] - TTL reached from path to P6 from P3
2023-04-10 12:10:29,601 - WARNING - [RECEIVER] - TTL reached from path to P6 from P2
2023-04-10 12:10:30,883 - WARNING - [Connect-LupusreginaBeta] - Got SENDME
2023-04-10 12:10:31,057 - WARNING - [Connect-LupusreginaBeta] - Got SENDME
2023-04-10 12:10:34,194 - WARNING - [RECEIVER] - TTL reached from path to P6 from P3
2023-04-10 12:10:41,658 - WARNING - [RECEIVER] - TTL reached from path to P6 from P3
2023-04-10 12:10:42,125 - WARNING - [RECEIVER] - TTL reached from path to P6 from P2
2023-04-10 12:10:51,291 - WARNING - [RECEIVER] - TTL reached from path to P6 from P2
2023-04-10 12:11:20,709 - INFO - [RECEIVER] - updateGraphOnly: [['P5', 'P7', 100, 'p1onX01'], ['P7', 'P8', 1061, 'hawksTorRelay'], ['P6', 'P8', 835, 'LupusreginaBeta'], ['P1', 'P2', 198, 'sklep'], ['P1', 'P3', 286, 'snowball'], ['P2', 'P4', 100, 'jokulhops'], ['P3', 'P4', 744, 'Vulnerar'], ['P4', 'P5', 689, 'shhovh']] , {'P5'}
2023-04-10 12:11:20,809 - INFO - [CONNECTION] - Highest cost peers: [('P3', 2434), ('P1', 2148), ('P2', 1950), ('P4', 1850), ('P5', 1161), ('P7', 1061), ('P6', 835), ('P8', 0)]
2023-04-10 12:11:20,809 - INFO - [CONNECTION] - Latency for P3 is 2434 - max 500
2023-04-10 12:11:20,809 - INFO - [CONNECTION] - Latency for P1 is 2148 - max 500
2023-04-10 12:11:20,809 - INFO - [CONNECTION] - Latency for P2 is 1950 - max 500
2023-04-10 12:11:20,809 - INFO - [CONNECTION] - Latency for P4 is 1850 - max 500
2023-04-10 12:11:20,809 - INFO - [CONNECTION] - Latency for P5 is 1161 - max 500
2023-04-10 12:11:20,809 - INFO - [CONNECTION] - Latency for P7 is 1061 - max 500
2023-04-10 12:11:20,809 - INFO - [CONNECTION] - Peer P7 selected for circuit switch
2023-04-10 12:11:20,823 - INFO - [CONNECTION] - Loading cached NetworkStatusDocument from TorCacheDirStorage: /root/.local/share/torpy/network_status
2023-04-10 12:11:21,239 - INFO - [CONNECTION] - Loading cached DirKeyCertificateList from TorCacheDirStorage: /root/.local/share/torpy/dir_key_certificates
2023-04-10 12:11:21,267 - INFO - [MainThread] - ['ESTABLISH', 'right2', b'4219eb940b59b5c1de6d']
2023-04-10 12:11:21,267 - INFO - [MainThread] - Got ESTABLISH to relay right2:b'4219eb940b59b5c1de6d' via NeelTorRelay2
2023-04-10 12:11:21,268 - INFO - [Establish-right2] - Establishing RP to right2
2023-04-10 12:11:21,275 - INFO - [Establish-right2] - Loading cached NetworkStatusDocument from TorCacheDirStorage: /root/.local/share/torpy/network_status
2023-04-10 12:11:21,665 - INFO - [Establish-right2] - Loading cached DirKeyCertificateList from TorCacheDirStorage: /root/.local/share/torpy/dir_key_certificates
2023-04-10 12:11:21,668 - INFO - [Establish-right2] - Connecting to guard node 174.21.187.95:110 (NeelTorRelay2; Tor 0.4.7.13)... (None)
2023-04-10 12:11:22,448 - INFO - [Establish-right2] - Creating new circuit #80000005 with 174.21.187.95:110 (NeelTorRelay2; Tor 0.4.7.13) router...
2023-04-10 12:11:22,643 - INFO - [Establish-right2] - Building -1 hops circuit...
2023-04-10 12:11:22,643 - INFO - [Establish-right2] - Extending the circuit #80000005 with 174.128.250.165:80 (right2; Tor 0.4.7.13)...
2023-04-10 12:11:22,644 - INFO - [Establish-right2] - Getting descriptor for 174.128.250.165:80 (right2; Tor 0.4.7.13)...
2023-04-10 12:11:22,653 - INFO - [Establish-right2] - Connecting to guard node 185.220.101.40:10040 (ForPrivacyNET; Tor 0.4.7.13)... (Internal dir client)
2023-04-10 12:11:22,890 - INFO - [Establish-right2] - Creating new circuit #80000006 with 185.220.101.40:10040 (ForPrivacyNET; Tor 0.4.7.13) router...
2023-04-10 12:11:22,950 - INFO - [Establish-right2] - Building 0 hops circuit...
2023-04-10 12:11:22,950 - INFO - [Establish-right2] - Stream #5: creating attached to #80000006 circuit...
2023-04-10 12:11:22,950 - INFO - [Establish-right2] - Stream #5: connecting to hsdir
2023-04-10 12:11:23,009 - INFO - [RecvLoop_185.220] - Stream #5: connected (remote ip '')
2023-04-10 12:11:23,260 - INFO - [RecvLoop_185.220] - Stream #5: remote disconnected (reason = DONE)
2023-04-10 12:11:23,262 - INFO - [Establish-right2] - Stream #5: closing (state = Disconnected)...
2023-04-10 12:11:23,262 - INFO - [Establish-right2] - Got descriptor
2023-04-10 12:11:23,508 - INFO - [Establish-right2] - <class 'torpy.circuit.TorCircuit'>
2023-04-10 12:11:23,747 - INFO - [Establish-right2] - Rendezvous established (CellRelayRendezvousEstablished())
2023-04-10 12:11:23,747 - INFO - [Establish-right2] - Waiting for connections at relay right2 for cookie b'4219eb940b59b5c1de6d' ...
2023-04-10 12:11:24,864 - WARNING - [RECEIVER] - Routing loop from P7 to P1: P7-P8-P7-P8
2023-04-10 12:11:25,062 - WARNING - [RECEIVER] - Routing loop from P7 to P5: P7-P8-P7-P8
2023-04-10 12:11:25,177 - WARNING - [RECEIVER] - Routing loop from P7 to P4: P7-P8-P6-P8
2023-04-10 12:11:25,179 - WARNING - [RECEIVER] - Routing loop from P7 to P2: P7-P8-P6-P8
2023-04-10 12:11:25,260 - WARNING - [RECEIVER] - Routing loop from P6 to P5: P6-P8-P7-P8
2023-04-10 12:11:25,374 - WARNING - [Connect-LupusreginaBeta] - Got SENDME
2023-04-10 12:11:25,377 - WARNING - [RECEIVER] - Routing loop from P7 to P3: P7-P8-P6-P8
2023-04-10 12:11:25,449 - WARNING - [RECEIVER] - Routing loop from P6 to P3: P6-P8-P7-P8
2023-04-10 12:11:25,576 - WARNING - [RECEIVER] - Routing loop from P6 to P4: P6-P8-P6-P8
2023-04-10 12:11:25,579 - WARNING - [RECEIVER] - Routing loop from P6 to P1: P6-P8-P6-P8
2023-04-10 12:11:26,260 - INFO - [CONNECTION] - Sending JOIN to P7 for relay right2 with cookie b'4219eb940b59b5c1de6d'
2023-04-10 12:11:29,904 - WARNING - [RECEIVER] - Routing loop from P7 to P4: P7-P8-P6-P8
2023-04-10 12:11:29,924 - WARNING - [RECEIVER] - Routing loop from P7 to P3: P7-P8-P7-P8
2023-04-10 12:11:30,116 - WARNING - [RECEIVER] - Routing loop from P7 to P5: P7-P8-P7-P8
2023-04-10 12:11:30,349 - WARNING - [RECEIVER] - Routing loop from P8 to P5: P8-P6-P8
2023-04-10 12:11:30,514 - WARNING - [RECEIVER] - Routing loop from P8 to P2: P8-P7-P8
2023-04-10 12:11:30,545 - WARNING - [RECEIVER] - Routing loop from P8 to P4: P8-P6-P8
2023-04-10 12:11:30,707 - WARNING - [RECEIVER] - Routing loop from P8 to P3: P8-P7-P8
2023-04-10 12:11:30,715 - WARNING - [RECEIVER] - Routing loop from P8 to P1: P8-P6-P8
2023-04-10 12:11:30,955 - WARNING - [RECEIVER] - Routing loop from P8 to P4: P8-P6-P8-P6-P8
2023-04-10 12:11:30,955 - WARNING - [RECEIVER] - TTL reached from path to P4 from P8
2023-04-10 12:11:31,094 - WARNING - [RECEIVER] - Routing loop from P8 to P2: P8-P7-P8-P7-P8
2023-04-10 12:11:31,094 - WARNING - [RECEIVER] - TTL reached from path to P2 from P8
2023-04-10 12:11:31,315 - WARNING - [RECEIVER] - Routing loop from P8 to P3: P8-P7-P8-P7-P8
2023-04-10 12:11:31,315 - WARNING - [RECEIVER] - TTL reached from path to P3 from P8
2023-04-10 12:11:36,643 - WARNING - [RECEIVER] - Routing loop from P8 to P2: P8-P7-P8
2023-04-10 12:11:36,860 - WARNING - [RECEIVER] - Routing loop from P8 to P3: P8-P7-P8
2023-04-10 12:11:36,880 - WARNING - [RECEIVER] - Routing loop from P8 to P5: P8-P6-P7-P8
2023-04-10 12:11:37,057 - WARNING - [RECEIVER] - Routing loop from P8 to P4: P8-P6-P7-P8
2023-04-10 12:11:37,093 - WARNING - [RECEIVER] - Routing loop from P8 to P2: P8-P7-P8-P6-P8
2023-04-10 12:11:37,093 - WARNING - [RECEIVER] - TTL reached from path to P2 from P8
2023-04-10 12:11:37,306 - WARNING - [RECEIVER] - Routing loop from P8 to P3: P8-P7-P8-P7-P8
2023-04-10 12:11:37,309 - WARNING - [RECEIVER] - TTL reached from path to P3 from P8
2023-04-10 12:11:45,468 - WARNING - [RECEIVER] - Routing loop from P6 to P5: P6-P8-P6-P8
2023-04-10 12:11:45,469 - WARNING - [RECEIVER] - Routing loop from P6 to P1: P6-P7-P8-P7-P8
2023-04-10 12:11:45,469 - WARNING - [RECEIVER] - TTL reached from path to P1 from P6
2023-04-10 12:11:45,653 - WARNING - [RECEIVER] - Routing loop from P8 to P5: P8-P7-P8
2023-04-10 12:11:45,681 - WARNING - [RECEIVER] - Routing loop from P8 to P3: P8-P6-P8
2023-04-10 12:11:45,850 - WARNING - [RECEIVER] - Routing loop from P8 to P4: P8-P7-P8
2023-04-10 12:11:45,860 - WARNING - [RECEIVER] - Routing loop from P8 to P1: P8-P6-P8
2023-04-10 12:11:46,181 - WARNING - [RECEIVER] - Routing loop from P8 to P5: P8-P7-P8-P7-P8
2023-04-10 12:11:46,181 - WARNING - [RECEIVER] - TTL reached from path to P5 from P8
2023-04-10 12:11:46,400 - WARNING - [RECEIVER] - Routing loop from P8 to P4: P8-P7-P8-P7-P8
2023-04-10 12:11:46,401 - WARNING - [RECEIVER] - TTL reached from path to P4 from P8
2023-04-10 12:11:46,426 - WARNING - [RECEIVER] - Routing loop from P8 to P1: P8-P6-P8-P6-P8
2023-04-10 12:11:46,426 - WARNING - [RECEIVER] - TTL reached from path to P1 from P8
2023-04-10 12:11:50,825 - WARNING - [RECEIVER] - Routing loop from P8 to P2: P8-P6-P8
2023-04-10 12:11:50,998 - WARNING - [RECEIVER] - Routing loop from P8 to P5: P8-P7-P6-P8
2023-04-10 12:11:51,174 - WARNING - [RECEIVER] - Routing loop from P8 to P3: P8-P6-P8
2023-04-10 12:11:51,178 - WARNING - [RECEIVER] - Routing loop from P8 to P4: P8-P7-P6-P8
2023-04-10 12:11:51,542 - WARNING - [RECEIVER] - Routing loop from P8 to P2: P8-P6-P8-P7-P8
2023-04-10 12:11:51,543 - WARNING - [RECEIVER] - TTL reached from path to P2 from P8
2023-04-10 12:11:51,872 - WARNING - [RECEIVER] - Routing loop from P7 to P2: P7-P8-P6-P7-P8
2023-04-10 12:11:51,872 - WARNING - [RECEIVER] - TTL reached from path to P2 from P7
2023-04-10 12:11:52,054 - WARNING - [RECEIVER] - TTL reached from path to P3 from P7
2023-04-10 12:11:55,675 - WARNING - [RECEIVER] - Routing loop from P6 to P4: P6-P8-P6-P8
2023-04-10 12:11:55,893 - WARNING - [RECEIVER] - Routing loop from P6 to P5: P6-P8-P7-P6-P8
2023-04-10 12:11:55,894 - WARNING - [RECEIVER] - TTL reached from path to P5 from P6
2023-04-10 12:11:56,096 - WARNING - [Connect-LupusreginaBeta] - Got SENDME
2023-04-10 12:11:56,667 - WARNING - [RECEIVER] - Routing loop from P8 to P5: P8-P7-P8
2023-04-10 12:11:56,861 - WARNING - [RECEIVER] - Routing loop from P8 to P2: P8-P7-P8
2023-04-10 12:11:57,064 - WARNING - [RECEIVER] - Routing loop from P8 to P5: P8-P7-P8-P7-P8
2023-04-10 12:11:57,064 - WARNING - [RECEIVER] - TTL reached from path to P5 from P8
2023-04-10 12:11:57,187 - WARNING - [Connect-LupusreginaBeta] - Got SENDME
2023-04-10 12:11:57,249 - WARNING - [RECEIVER] - Routing loop from P8 to P4: P8-P7-P6-P7-P8
2023-04-10 12:11:57,249 - WARNING - [RECEIVER] - TTL reached from path to P4 from P8
2023-04-10 12:11:57,358 - WARNING - [RECEIVER] - Routing loop from P8 to P3: P8-P7-P6-P8
2023-04-10 12:11:57,494 - WARNING - [RECEIVER] - Routing loop from P8 to P2: P8-P7-P8-P7-P8
2023-04-10 12:11:57,494 - WARNING - [RECEIVER] - TTL reached from path to P2 from P8
2023-04-10 12:11:59,412 - INFO - [RECEIVER] - Added relay Quetzalcoatl from P6 to JOIN queue
2023-04-10 12:11:59,412 - INFO - [MainThread] - ['JOIN', 'Quetzalcoatl', b'e8505ac0bf551441cbd8']
2023-04-10 12:11:59,412 - INFO - [MainThread] - Got JOIN to relay Quetzalcoatl, waiting 10 sec to connect
2023-04-10 12:11:59,413 - INFO - [Connect-Quetzalcoatl] - Calling connect_to_rendezvous_point
2023-04-10 12:11:59,414 - INFO - [Connect-Quetzalcoatl] - Connect to rendezvous point Quetzalcoatl
2023-04-10 12:11:59,438 - INFO - [Connect-Quetzalcoatl] - Loading cached NetworkStatusDocument from TorCacheDirStorage: /root/.local/share/torpy/network_status
2023-04-10 12:11:59,787 - WARNING - [RECEIVER] - Routing loop from P7 to P1: P7-P8-P6-P8
2023-04-10 12:11:59,812 - INFO - [Connect-Quetzalcoatl] - Loading cached DirKeyCertificateList from TorCacheDirStorage: /root/.local/share/torpy/dir_key_certificates
2023-04-10 12:12:00,161 - INFO - [Connect-Quetzalcoatl] - Connected to rendezvous point Quetzalcoatl
2023-04-10 12:12:00,168 - INFO - [Connect-Quetzalcoatl] - Waiting for peer to open stream
2023-04-10 12:12:00,654 - INFO - [Connect-Quetzalcoatl] - Received cell: <class 'torpy.cells.CellRelay'>
2023-04-10 12:12:00,657 - INFO - [Connect-Quetzalcoatl] - Stream opened successfully
2023-04-10 12:12:00,657 - INFO - [Connect-Quetzalcoatl] - Sending HELLO to peer: b'\x80\x04\x95&\x00\x00\x00\x00\x00\x00\x00]\x94}\x94(\x8c\x07Message\x94\x8c\x05HELLO\x94\x8c\x04Peer\x94\x8c\x02P8\x94ua.'
2023-04-10 12:12:01,293 - INFO - [RECEIVER] - Added neighbour P6
2023-04-10 12:12:01,686 - WARNING - [RECEIVER] - Routing loop from P8 to P5: P8-P7-P8
2023-04-10 12:12:02,849 - WARNING - [RECEIVER] - Routing loop from P8 to P4: P8-P7-P8
2023-04-10 12:12:02,850 - WARNING - [RECEIVER] - Routing loop from P8 to P5: P8-P7-P8-P7-P8
2023-04-10 12:12:02,851 - WARNING - [RECEIVER] - TTL reached from path to P5 from P8
2023-04-10 12:12:02,852 - WARNING - [RECEIVER] - Routing loop from P8 to P2: P8-P6-P7-P8
2023-04-10 12:12:06,607 - WARNING - [RECEIVER] - Routing loop from P7 to P4: P7-P8-P7-P8
2023-04-10 12:12:06,968 - WARNING - [RECEIVER] - TTL reached from path to P3 from P7
2023-04-10 12:12:06,968 - WARNING - [RECEIVER] - Routing loop from P7 to P1: P7-P6-P8-P7-P8
2023-04-10 12:12:06,969 - WARNING - [RECEIVER] - TTL reached from path to P1 from P7
2023-04-10 12:12:11,721 - WARNING - [RECEIVER] - Routing loop from P8 to P5: P8-P7-P8
2023-04-10 12:12:11,914 - WARNING - [RECEIVER] - Routing loop from P8 to P4: P8-P7-P8
2023-04-10 12:12:12,133 - WARNING - [RECEIVER] - Routing loop from P8 to P1: P8-P7-P8
2023-04-10 12:12:12,565 - WARNING - [RECEIVER] - Routing loop from P8 to P4: P8-P7-P8-P7-P8
2023-04-10 12:12:12,566 - WARNING - [RECEIVER] - TTL reached from path to P4 from P8
2023-04-10 12:12:17,422 - WARNING - [RECEIVER] - Routing loop from P7 to P3: P7-P6-P8-P7-P8
2023-04-10 12:12:17,422 - WARNING - [RECEIVER] - TTL reached from path to P3 from P7
2023-04-10 12:12:17,948 - WARNING - [RECEIVER] - Routing loop from P8 to P4: P8-P7-P8
2023-04-10 12:12:18,180 - WARNING - [RECEIVER] - Routing loop from P8 to P5: P8-P7-P6-P7-P8
2023-04-10 12:12:18,181 - WARNING - [RECEIVER] - TTL reached from path to P5 from P8
2023-04-10 12:12:18,513 - WARNING - [RECEIVER] - Routing loop from P8 to P1: P8-P7-P6-P8
2023-04-10 12:12:18,851 - WARNING - [RECEIVER] - Routing loop from P7 to P3: P7-P8-P7-P8
2023-04-10 12:12:19,017 - WARNING - [RECEIVER] - Routing loop from P8 to P3: P8-P6-P8
2023-04-10 12:12:19,022 - WARNING - [RECEIVER] - Routing loop from P7 to P1: P7-P8-P6-P8
2023-04-10 12:12:19,254 - WARNING - [RECEIVER] - Routing loop from P7 to P5: P7-P8-P7-P8
2023-04-10 12:12:19,516 - WARNING - [RECEIVER] - Routing loop from P8 to P3: P8-P6-P8-P7-P8
2023-04-10 12:12:19,517 - WARNING - [RECEIVER] - TTL reached from path to P3 from P8
2023-04-10 12:12:19,799 - WARNING - [RECEIVER] - TTL reached from path to P4 from P7
2023-04-10 12:12:23,331 - INFO - [RecvLoop_185.220] - On destroy: circuit #80000006
2023-04-10 12:12:23,332 - INFO - [RecvLoop_185.220] - Destroy circuit #80000006
