1681121115.338638;P8;{}
1681121118.3447187;P8;[["P6", "P8", 100, "LupusreginaBeta"]]
1681121121.350309;P8;[["P6", "P8", 100, "LupusreginaBeta"]]
1681121124.3609564;P8;[["P6", "P8", 100, "LupusreginaBeta"], ["P7", "P8", 100, "Vulnerar"]]
1681121127.3761945;P8;[["P6", "P8", 100, "LupusreginaBeta"], ["P7", "P8", 100, "Vulnerar"], ["P5", "P7", 100, "RMK"], ["P4", "P5", 100, "shhovh"], ["P5", "P6", 100, "taipe"]]
1681121130.392826;P8;[["P6", "P8", 100, "LupusreginaBeta"], ["P7", "P8", 100, "Vulnerar"], ["P5", "P7", 100, "RMK"], ["P4", "P5", 100, "shhovh"], ["P5", "P6", 100, "taipe"]]
1681121133.400788;P8;[["P6", "P8", 100, "LupusreginaBeta"], ["P7", "P8", 100, "Vulnerar"], ["P5", "P7", 100, "RMK"], ["P4", "P5", 100, "shhovh"], ["P5", "P6", 100, "taipe"]]
1681121136.4095619;P8;[["P7", "P8", 100, "Vulnerar"], ["P5", "P7", 100, "RMK"], ["P4", "P5", 100, "shhovh"]]
1681121139.4180913;P8;[["P5", "P7", 100, "RMK"], ["P7", "P8", 100, "Vulnerar"], ["P4", "P5", 100, "shhovh"]]
1681121142.4259703;P8;[["P5", "P7", 100, "RMK"], ["P7", "P8", 100, "Vulnerar"], ["P4", "P5", 100, "shhovh"]]
1681121145.4339216;P8;[["P5", "P7", 100, "RMK"], ["P7", "P8", 100, "Vulnerar"], ["P4", "P5", 100, "shhovh"]]
1681121148.4438357;P8;[["P5", "P7", 100, "RMK"], ["P7", "P8", 100, "Vulnerar"], ["P4", "P5", 100, "shhovh"]]
1681121151.4478233;P8;[["P7", "P8", 100, "Vulnerar"]]
1681121154.4551797;P8;[["P5", "P7", 100, "RMK"], ["P7", "P8", 100, "Vulnerar"], ["P6", "P8", 100, "LupusreginaBeta"]]
1681121157.4662504;P8;[["P5", "P7", 100, "RMK"], ["P7", "P8", 100, "Vulnerar"], ["P6", "P8", 100, "LupusreginaBeta"]]
1681121160.4735327;P8;[["P5", "P7", 100, "RMK"], ["P7", "P8", 100, "Vulnerar"], ["P6", "P8", 100, "LupusreginaBeta"]]
1681121163.4850993;P8;[["P5", "P7", 100, "RMK"], ["P7", "P8", 100, "Vulnerar"], ["P6", "P8", 100, "LupusreginaBeta"]]
1681121166.510271;P8;[["P5", "P7", 100, "RMK"], ["P7", "P8", 100, "Vulnerar"], ["P6", "P8", 100, "LupusreginaBeta"]]
1681121169.5172093;P8;[["P5", "P7", 100, "RMK"], ["P7", "P8", 100, "Vulnerar"], ["P6", "P8", 100, "LupusreginaBeta"]]
1681121172.5253808;P8;[["P5", "P7", 100, "RMK"], ["P7", "P8", 100, "Vulnerar"], ["P6", "P8", 100, "LupusreginaBeta"]]
1681121175.5359445;P8;[["P5", "P7", 100, "RMK"], ["P7", "P8", 100, "Vulnerar"], ["P6", "P8", 100, "LupusreginaBeta"]]
1681121178.54181;P8;[["P5", "P7", 100, "RMK"], ["P7", "P8", 100, "Vulnerar"], ["P6", "P8", 100, "LupusreginaBeta"]]
1681121181.548789;P8;[["P5", "P7", 100, "RMK"], ["P7", "P8", 100, "Vulnerar"], ["P6", "P8", 100, "LupusreginaBeta"]]
1681121184.5576534;P8;[["P5", "P7", 100, "RMK"], ["P7", "P8", 100, "Vulnerar"], ["P6", "P8", 100, "LupusreginaBeta"]]
1681121187.5755508;P8;[["P5", "P7", 100, "RMK"], ["P7", "P8", 100, "Vulnerar"], ["P6", "P8", 100, "LupusreginaBeta"]]
1681121190.5841687;P8;[["P5", "P7", 100, "RMK"], ["P7", "P8", 100, "Vulnerar"], ["P6", "P8", 100, "LupusreginaBeta"]]
1681121193.5938466;P8;[["P5", "P7", 100, "RMK"], ["P7", "P8", 100, "Vulnerar"], ["P6", "P8", 100, "LupusreginaBeta"]]
1681121196.6028183;P8;[["P5", "P7", 100, "RMK"], ["P7", "P8", 100, "Vulnerar"], ["P6", "P8", 100, "LupusreginaBeta"]]
1681121199.6065762;P8;[["P5", "P7", 100, "RMK"], ["P7", "P8", 100, "Vulnerar"], ["P6", "P8", 100, "LupusreginaBeta"]]
1681121202.6139343;P8;[["P5", "P7", 100, "RMK"], ["P7", "P8", 100, "Vulnerar"], ["P6", "P8", 100, "LupusreginaBeta"]]
1681121205.6218708;P8;[["P5", "P7", 100, "RMK"], ["P7", "P8", 100, "Vulnerar"], ["P6", "P8", 100, "LupusreginaBeta"]]
1681121208.6291065;P8;[["P5", "P7", 100, "RMK"], ["P7", "P8", 100, "Vulnerar"], ["P6", "P8", 100, "LupusreginaBeta"]]
1681121211.643162;P8;[["P5", "P7", 100, "RMK"], ["P7", "P8", 100, "Vulnerar"], ["P6", "P8", 100, "LupusreginaBeta"]]
1681121214.6633875;P8;[["P5", "P7", 100, "RMK"], ["P7", "P8", 100, "Vulnerar"], ["P6", "P8", 100, "LupusreginaBeta"]]
1681121217.6706095;P8;[["P5", "P7", 100, "RMK"], ["P7", "P8", 100, "Vulnerar"], ["P6", "P8", 100, "LupusreginaBeta"]]
1681121220.6746974;P8;[["P5", "P7", 100, "RMK"], ["P7", "P8", 100, "Vulnerar"], ["P6", "P8", 100, "LupusreginaBeta"], ["P1", "P2", 316, "sklep"], ["P1", "P3", 100, "snowball"]]
1681121223.6867144;P8;[["P5", "P7", 100, "RMK"], ["P7", "P8", 100, "Vulnerar"], ["P6", "P8", 100, "LupusreginaBeta"], ["P1", "P2", 316, "sklep"], ["P1", "P3", 100, "snowball"], ["P2", "P4", 470, "LupusreginaBeta"]]
1681121226.6932611;P8;[["P5", "P7", 100, "RMK"], ["P7", "P8", 100, "Vulnerar"], ["P6", "P8", 100, "LupusreginaBeta"], ["P1", "P2", 316, "sklep"], ["P1", "P3", 100, "snowball"], ["P2", "P4", 470, "LupusreginaBeta"], ["P3", "P4", 100, "Vulnerar"]]
1681121229.7160769;P8;[["P5", "P7", 100, "RMK"], ["P7", "P8", 100, "Vulnerar"], ["P6", "P8", 100, "LupusreginaBeta"], ["P1", "P2", 316, "sklep"], ["P1", "P3", 100, "snowball"], ["P2", "P4", 470, "LupusreginaBeta"], ["P3", "P4", 100, "Vulnerar"]]
1681121232.7279253;P8;[["P5", "P7", 100, "RMK"], ["P7", "P8", 100, "Vulnerar"], ["P6", "P8", 100, "LupusreginaBeta"], ["P1", "P2", 316, "sklep"], ["P1", "P3", 100, "snowball"], ["P2", "P4", 470, "LupusreginaBeta"], ["P3", "P4", 100, "Vulnerar"]]
1681121235.7329414;P8;[["P5", "P7", 100, "RMK"], ["P7", "P8", 100, "Vulnerar"], ["P6", "P8", 100, "LupusreginaBeta"], ["P1", "P2", 316, "sklep"], ["P1", "P3", 401, "snowball"], ["P2", "P4", 470, "LupusreginaBeta"], ["P3", "P4", 100, "Vulnerar"]]
1681121238.7454712;P8;[["P5", "P7", 100, "RMK"], ["P7", "P8", 100, "Vulnerar"], ["P6", "P8", 100, "LupusreginaBeta"], ["P1", "P2", 316, "sklep"], ["P1", "P3", 401, "snowball"], ["P2", "P4", 470, "LupusreginaBeta"], ["P3", "P4", 100, "Vulnerar"]]
1681121241.752786;P8;[["P5", "P7", 100, "RMK"], ["P7", "P8", 100, "Vulnerar"], ["P6", "P8", 100, "LupusreginaBeta"], ["P1", "P2", 316, "sklep"], ["P1", "P3", 401, "snowball"], ["P2", "P4", 470, "LupusreginaBeta"], ["P3", "P4", 707, "Vulnerar"]]
1681121244.7603204;P8;[["P5", "P7", 100, "RMK"], ["P7", "P8", 100, "Vulnerar"], ["P6", "P8", 100, "LupusreginaBeta"], ["P1", "P2", 316, "sklep"], ["P1", "P3", 401, "snowball"], ["P2", "P4", 470, "LupusreginaBeta"], ["P3", "P4", 707, "Vulnerar"]]
1681121247.771411;P8;[["P5", "P7", 100, "RMK"], ["P7", "P8", 100, "Vulnerar"], ["P6", "P8", 100, "LupusreginaBeta"], ["P1", "P2", 316, "sklep"], ["P1", "P3", 401, "snowball"], ["P2", "P4", 470, "LupusreginaBeta"], ["P3", "P4", 707, "Vulnerar"]]
1681121250.7759721;P8;[["P5", "P7", 100, "RMK"], ["P7", "P8", 100, "Vulnerar"], ["P6", "P8", 100, "LupusreginaBeta"], ["P1", "P2", 316, "sklep"], ["P1", "P3", 401, "snowball"], ["P2", "P4", 470, "LupusreginaBeta"], ["P3", "P4", 707, "Vulnerar"]]
1681121253.782253;P8;[["P5", "P7", 100, "RMK"], ["P7", "P8", 100, "Vulnerar"], ["P6", "P8", 100, "LupusreginaBeta"], ["P1", "P2", 316, "sklep"], ["P1", "P3", 401, "snowball"], ["P2", "P4", 470, "LupusreginaBeta"], ["P3", "P4", 707, "Vulnerar"]]
1681121256.8002174;P8;[["P5", "P7", 100, "RMK"], ["P7", "P8", 100, "Vulnerar"], ["P6", "P8", 100, "LupusreginaBeta"], ["P1", "P2", 316, "sklep"], ["P1", "P3", 401, "snowball"], ["P2", "P4", 470, "LupusreginaBeta"], ["P3", "P4", 707, "Vulnerar"], ["P4", "P5", 661, "shhovh"]]
1681121259.8087268;P8;[["P5", "P7", 100, "RMK"], ["P7", "P8", 100, "Vulnerar"], ["P6", "P8", 100, "LupusreginaBeta"], ["P1", "P2", 316, "sklep"], ["P1", "P3", 401, "snowball"], ["P2", "P4", 470, "LupusreginaBeta"], ["P3", "P4", 707, "Vulnerar"], ["P4", "P5", 661, "shhovh"]]
1681121262.816083;P8;[["P5", "P7", 100, "RMK"], ["P7", "P8", 100, "Vulnerar"], ["P6", "P8", 100, "LupusreginaBeta"], ["P1", "P2", 316, "sklep"], ["P1", "P3", 401, "snowball"], ["P2", "P4", 470, "LupusreginaBeta"], ["P3", "P4", 707, "Vulnerar"], ["P4", "P5", 661, "shhovh"]]
1681121265.8218298;P8;[["P5", "P7", 100, "RMK"], ["P7", "P8", 100, "Vulnerar"], ["P6", "P8", 100, "LupusreginaBeta"], ["P1", "P2", 316, "sklep"], ["P1", "P3", 401, "snowball"], ["P2", "P4", 470, "LupusreginaBeta"], ["P3", "P4", 707, "Vulnerar"], ["P4", "P5", 661, "shhovh"]]
1681121268.833409;P8;[["P5", "P7", 100, "RMK"], ["P7", "P8", 100, "Vulnerar"], ["P6", "P8", 100, "LupusreginaBeta"], ["P1", "P2", 316, "sklep"], ["P1", "P3", 401, "snowball"], ["P2", "P4", 470, "LupusreginaBeta"], ["P3", "P4", 707, "Vulnerar"], ["P4", "P5", 661, "shhovh"]]
1681121271.8416345;P8;[["P5", "P7", 100, "RMK"], ["P7", "P8", 100, "Vulnerar"], ["P6", "P8", 100, "LupusreginaBeta"], ["P1", "P2", 316, "sklep"], ["P1", "P3", 401, "snowball"], ["P2", "P4", 470, "LupusreginaBeta"], ["P3", "P4", 707, "Vulnerar"], ["P4", "P5", 661, "shhovh"]]
1681121274.8476665;P8;[["P5", "P7", 100, "RMK"], ["P7", "P8", 100, "Vulnerar"], ["P6", "P8", 100, "LupusreginaBeta"], ["P1", "P2", 316, "sklep"], ["P1", "P3", 401, "snowball"], ["P2", "P4", 470, "LupusreginaBeta"], ["P3", "P4", 707, "Vulnerar"], ["P4", "P5", 661, "shhovh"]]
1681121277.8561285;P8;[["P5", "P7", 764, "RMK"], ["P7", "P8", 100, "Vulnerar"], ["P6", "P8", 100, "LupusreginaBeta"], ["P1", "P2", 316, "sklep"], ["P1", "P3", 401, "snowball"], ["P2", "P4", 470, "LupusreginaBeta"], ["P3", "P4", 707, "Vulnerar"], ["P4", "P5", 661, "shhovh"]]
1681121280.862019;P8;[["P5", "P7", 764, "RMK"], ["P7", "P8", 100, "Vulnerar"], ["P6", "P8", 100, "LupusreginaBeta"], ["P1", "P2", 316, "sklep"], ["P1", "P3", 401, "snowball"], ["P2", "P4", 470, "LupusreginaBeta"], ["P3", "P4", 707, "Vulnerar"], ["P4", "P5", 661, "shhovh"]]
1681121283.8699107;P8;[["P5", "P7", 764, "RMK"], ["P7", "P8", 100, "Vulnerar"], ["P6", "P8", 943, "LupusreginaBeta"], ["P1", "P2", 316, "sklep"], ["P1", "P3", 401, "snowball"], ["P2", "P4", 470, "LupusreginaBeta"], ["P3", "P4", 707, "Vulnerar"], ["P4", "P5", 661, "shhovh"]]
1681121286.877941;P8;[["P5", "P7", 764, "RMK"], ["P7", "P8", 100, "Vulnerar"], ["P6", "P8", 943, "LupusreginaBeta"], ["P1", "P2", 316, "sklep"], ["P1", "P3", 401, "snowball"], ["P2", "P4", 470, "LupusreginaBeta"], ["P3", "P4", 707, "Vulnerar"], ["P4", "P5", 661, "shhovh"]]
1681121289.8854392;P8;[["P5", "P7", 764, "RMK"], ["P7", "P8", 100, "Vulnerar"], ["P6", "P8", 943, "LupusreginaBeta"], ["P1", "P2", 316, "sklep"], ["P1", "P3", 401, "snowball"], ["P2", "P4", 470, "LupusreginaBeta"], ["P3", "P4", 707, "Vulnerar"], ["P4", "P5", 661, "shhovh"]]
1681121292.8966525;P8;[["P5", "P7", 764, "RMK"], ["P7", "P8", 1169, "Vulnerar"], ["P6", "P8", 943, "LupusreginaBeta"], ["P1", "P2", 316, "sklep"], ["P1", "P3", 401, "snowball"], ["P2", "P4", 470, "LupusreginaBeta"], ["P3", "P4", 707, "Vulnerar"], ["P4", "P5", 661, "shhovh"]]
1681121295.906483;P8;[["P5", "P7", 764, "RMK"], ["P7", "P8", 1169, "Vulnerar"], ["P6", "P8", 943, "LupusreginaBeta"], ["P1", "P2", 316, "sklep"], ["P1", "P3", 401, "snowball"], ["P2", "P4", 470, "LupusreginaBeta"], ["P3", "P4", 707, "Vulnerar"], ["P4", "P5", 661, "shhovh"]]
1681121298.9131017;P8;[["P5", "P7", 764, "RMK"], ["P7", "P8", 1169, "Vulnerar"], ["P6", "P8", 943, "LupusreginaBeta"], ["P1", "P2", 316, "sklep"], ["P1", "P3", 401, "snowball"], ["P2", "P4", 470, "LupusreginaBeta"], ["P3", "P4", 707, "Vulnerar"], ["P4", "P5", 661, "shhovh"]]
1681121301.9259026;P8;[["P5", "P7", 764, "RMK"], ["P7", "P8", 1169, "Vulnerar"], ["P6", "P8", 943, "LupusreginaBeta"], ["P1", "P2", 316, "sklep"], ["P1", "P3", 401, "snowball"], ["P2", "P4", 470, "LupusreginaBeta"], ["P3", "P4", 707, "Vulnerar"], ["P4", "P5", 661, "shhovh"]]
1681121304.933055;P8;[["P6", "P8", 659, "LupusreginaBeta"], ["P7", "P8", 100, "hawksTorRelay"]]
1681121307.9449618;P8;[["P5", "P7", 764, "RMK"], ["P7", "P8", 100, "hawksTorRelay"], ["P6", "P8", 943, "LupusreginaBeta"], ["P1", "P2", 316, "sklep"], ["P1", "P3", 401, "snowball"], ["P2", "P4", 470, "LupusreginaBeta"], ["P3", "P4", 707, "Vulnerar"], ["P4", "P5", 661, "shhovh"]]
1681121310.9654396;P8;[["P5", "P7", 764, "RMK"], ["P7", "P8", 100, "hawksTorRelay"], ["P6", "P8", 943, "LupusreginaBeta"], ["P1", "P2", 316, "sklep"], ["P1", "P3", 401, "snowball"], ["P2", "P4", 470, "LupusreginaBeta"], ["P3", "P4", 707, "Vulnerar"], ["P4", "P5", 661, "shhovh"]]
1681121313.9733305;P8;[["P5", "P7", 764, "RMK"], ["P7", "P8", 100, "hawksTorRelay"], ["P6", "P8", 943, "LupusreginaBeta"], ["P1", "P2", 316, "sklep"], ["P1", "P3", 401, "snowball"], ["P2", "P4", 470, "LupusreginaBeta"], ["P3", "P4", 707, "Vulnerar"], ["P4", "P5", 661, "shhovh"]]
1681121316.9802966;P8;[["P5", "P7", 764, "RMK"], ["P7", "P8", 100, "hawksTorRelay"], ["P6", "P8", 943, "LupusreginaBeta"], ["P1", "P2", 316, "sklep"], ["P1", "P3", 401, "snowball"], ["P2", "P4", 470, "LupusreginaBeta"], ["P3", "P4", 707, "Vulnerar"], ["P4", "P5", 661, "shhovh"]]
1681121319.985771;P8;[["P5", "P7", 764, "RMK"], ["P7", "P8", 100, "hawksTorRelay"], ["P6", "P8", 943, "LupusreginaBeta"], ["P1", "P2", 316, "sklep"], ["P1", "P3", 401, "snowball"], ["P2", "P4", 470, "LupusreginaBeta"], ["P3", "P4", 707, "Vulnerar"], ["P4", "P5", 661, "shhovh"]]
1681121322.9931233;P8;[["P5", "P7", 764, "RMK"], ["P7", "P8", 100, "hawksTorRelay"], ["P6", "P8", 943, "LupusreginaBeta"], ["P1", "P2", 316, "sklep"], ["P1", "P3", 401, "snowball"], ["P2", "P4", 470, "LupusreginaBeta"], ["P3", "P4", 707, "Vulnerar"], ["P4", "P5", 661, "shhovh"]]
1681121326.01412;P8;[["P5", "P7", 764, "RMK"], ["P7", "P8", 100, "hawksTorRelay"], ["P6", "P8", 943, "LupusreginaBeta"], ["P1", "P2", 316, "sklep"], ["P1", "P3", 401, "snowball"], ["P2", "P4", 470, "LupusreginaBeta"], ["P3", "P4", 707, "Vulnerar"], ["P4", "P5", 661, "shhovh"]]
1681121329.0215657;P8;[["P5", "P7", 764, "RMK"], ["P7", "P8", 100, "hawksTorRelay"], ["P6", "P8", 943, "LupusreginaBeta"], ["P1", "P2", 316, "sklep"], ["P1", "P3", 401, "snowball"], ["P2", "P4", 470, "LupusreginaBeta"], ["P3", "P4", 707, "Vulnerar"], ["P4", "P5", 661, "shhovh"]]
1681121332.0331209;P8;[["P5", "P7", 764, "RMK"], ["P7", "P8", 100, "hawksTorRelay"], ["P6", "P8", 943, "LupusreginaBeta"], ["P1", "P2", 316, "sklep"], ["P1", "P3", 401, "snowball"], ["P2", "P4", 470, "LupusreginaBeta"], ["P3", "P4", 707, "Vulnerar"], ["P4", "P5", 661, "shhovh"]]
1681121335.0649328;P8;[["P5", "P7", 764, "RMK"], ["P7", "P8", 100, "hawksTorRelay"], ["P6", "P8", 943, "LupusreginaBeta"], ["P1", "P2", 316, "sklep"], ["P1", "P3", 401, "snowball"], ["P2", "P4", 470, "LupusreginaBeta"], ["P3", "P4", 707, "Vulnerar"], ["P4", "P5", 661, "shhovh"]]
1681121338.1026452;P8;[["P5", "P7", 764, "RMK"], ["P7", "P8", 100, "hawksTorRelay"], ["P6", "P8", 943, "LupusreginaBeta"], ["P1", "P2", 316, "sklep"], ["P1", "P3", 401, "snowball"], ["P2", "P4", 470, "LupusreginaBeta"], ["P3", "P4", 707, "Vulnerar"], ["P4", "P5", 661, "shhovh"]]
1681121341.1098123;P8;[["P5", "P7", 764, "RMK"], ["P7", "P8", 100, "hawksTorRelay"], ["P6", "P8", 943, "LupusreginaBeta"], ["P1", "P2", 316, "sklep"], ["P1", "P3", 401, "snowball"], ["P2", "P4", 470, "LupusreginaBeta"], ["P3", "P4", 707, "Vulnerar"], ["P4", "P5", 661, "shhovh"]]
1681121344.1170566;P8;[["P5", "P7", 764, "RMK"], ["P7", "P8", 100, "hawksTorRelay"], ["P6", "P8", 943, "LupusreginaBeta"], ["P1", "P2", 316, "sklep"], ["P1", "P3", 401, "snowball"], ["P2", "P4", 470, "LupusreginaBeta"], ["P3", "P4", 707, "Vulnerar"], ["P4", "P5", 661, "shhovh"]]
1681121347.1226645;P8;[["P5", "P7", 764, "RMK"], ["P7", "P8", 100, "hawksTorRelay"], ["P6", "P8", 943, "LupusreginaBeta"], ["P1", "P2", 316, "sklep"], ["P1", "P3", 401, "snowball"], ["P2", "P4", 470, "LupusreginaBeta"], ["P3", "P4", 707, "Vulnerar"], ["P4", "P5", 661, "shhovh"]]
1681121350.1307766;P8;[["P5", "P7", 764, "RMK"], ["P7", "P8", 100, "hawksTorRelay"], ["P6", "P8", 943, "LupusreginaBeta"], ["P1", "P2", 316, "sklep"], ["P1", "P3", 401, "snowball"], ["P2", "P4", 470, "LupusreginaBeta"], ["P3", "P4", 707, "Vulnerar"], ["P4", "P5", 661, "shhovh"]]
1681121353.1420493;P8;[["P5", "P7", 764, "RMK"], ["P7", "P8", 100, "hawksTorRelay"], ["P6", "P8", 943, "LupusreginaBeta"], ["P1", "P2", 316, "sklep"], ["P1", "P3", 401, "snowball"], ["P2", "P4", 470, "LupusreginaBeta"], ["P3", "P4", 707, "Vulnerar"], ["P4", "P5", 661, "shhovh"]]
1681121356.1522002;P8;[["P5", "P7", 764, "RMK"], ["P7", "P8", 100, "hawksTorRelay"], ["P6", "P8", 943, "LupusreginaBeta"], ["P1", "P2", 316, "sklep"], ["P1", "P3", 401, "snowball"], ["P2", "P4", 470, "LupusreginaBeta"], ["P3", "P4", 707, "Vulnerar"], ["P4", "P5", 661, "shhovh"]]
1681121359.1594446;P8;[["P5", "P7", 764, "RMK"], ["P7", "P8", 100, "hawksTorRelay"], ["P6", "P8", 943, "LupusreginaBeta"], ["P1", "P2", 316, "sklep"], ["P1", "P3", 401, "snowball"], ["P2", "P4", 470, "LupusreginaBeta"], ["P3", "P4", 707, "Vulnerar"], ["P4", "P5", 661, "shhovh"]]
1681121362.1652355;P8;[["P5", "P7", 764, "RMK"], ["P7", "P8", 100, "hawksTorRelay"], ["P6", "P8", 943, "LupusreginaBeta"], ["P1", "P2", 316, "sklep"], ["P1", "P3", 401, "snowball"], ["P2", "P4", 470, "LupusreginaBeta"], ["P3", "P4", 707, "Vulnerar"], ["P4", "P5", 661, "shhovh"]]
1681121365.2271774;P8;[["P5", "P7", 764, "RMK"], ["P7", "P8", 100, "hawksTorRelay"], ["P6", "P8", 943, "LupusreginaBeta"], ["P1", "P2", 316, "sklep"], ["P1", "P3", 401, "snowball"], ["P2", "P4", 470, "LupusreginaBeta"], ["P3", "P4", 707, "Vulnerar"], ["P4", "P5", 661, "shhovh"]]
1681121368.3004706;P8;[["P5", "P7", 100, "p1onX01"], ["P7", "P8", 100, "hawksTorRelay"], ["P6", "P8", 943, "LupusreginaBeta"], ["P1", "P2", 316, "sklep"], ["P1", "P3", 401, "snowball"], ["P2", "P4", 470, "LupusreginaBeta"], ["P3", "P4", 707, "Vulnerar"], ["P4", "P5", 661, "shhovh"]]
1681121371.3245392;P8;[["P5", "P7", 100, "p1onX01"], ["P7", "P8", 100, "hawksTorRelay"], ["P6", "P8", 943, "LupusreginaBeta"], ["P1", "P2", 198, "sklep"], ["P1", "P3", 401, "snowball"], ["P2", "P4", 470, "LupusreginaBeta"], ["P3", "P4", 707, "Vulnerar"], ["P4", "P5", 661, "shhovh"]]
1681121374.394848;P8;[["P5", "P7", 100, "p1onX01"], ["P7", "P8", 100, "hawksTorRelay"], ["P6", "P8", 943, "LupusreginaBeta"], ["P1", "P2", 198, "sklep"], ["P1", "P3", 401, "snowball"], ["P2", "P4", 470, "LupusreginaBeta"], ["P3", "P4", 707, "Vulnerar"], ["P4", "P5", 661, "shhovh"]]
1681121377.42058;P8;[["P5", "P7", 100, "p1onX01"], ["P7", "P8", 100, "hawksTorRelay"], ["P6", "P8", 943, "LupusreginaBeta"], ["P1", "P2", 198, "sklep"], ["P1", "P3", 401, "snowball"], ["P2", "P4", 470, "LupusreginaBeta"], ["P3", "P4", 707, "Vulnerar"], ["P4", "P5", 661, "shhovh"]]
1681121380.444372;P8;[["P5", "P7", 100, "p1onX01"], ["P7", "P8", 100, "hawksTorRelay"], ["P6", "P8", 943, "LupusreginaBeta"], ["P1", "P2", 198, "sklep"], ["P1", "P3", 401, "snowball"], ["P2", "P4", 470, "LupusreginaBeta"], ["P3", "P4", 707, "Vulnerar"], ["P4", "P5", 661, "shhovh"]]
1681121383.456574;P8;[["P5", "P7", 100, "p1onX01"], ["P7", "P8", 100, "hawksTorRelay"], ["P6", "P8", 943, "LupusreginaBeta"], ["P1", "P2", 198, "sklep"], ["P1", "P3", 401, "snowball"], ["P2", "P4", 470, "LupusreginaBeta"], ["P3", "P4", 707, "Vulnerar"], ["P4", "P5", 661, "shhovh"]]
1681121386.4649098;P8;[["P5", "P7", 100, "p1onX01"], ["P7", "P8", 100, "hawksTorRelay"], ["P6", "P8", 943, "LupusreginaBeta"], ["P1", "P2", 198, "sklep"], ["P1", "P3", 286, "snowball"], ["P2", "P4", 470, "LupusreginaBeta"], ["P3", "P4", 707, "Vulnerar"], ["P4", "P5", 661, "shhovh"]]
1681121389.48167;P8;[["P5", "P7", 100, "p1onX01"], ["P7", "P8", 100, "hawksTorRelay"], ["P6", "P8", 943, "LupusreginaBeta"], ["P1", "P2", 198, "sklep"], ["P1", "P3", 286, "snowball"], ["P2", "P4", 514, "LupusreginaBeta"], ["P3", "P4", 707, "Vulnerar"], ["P4", "P5", 661, "shhovh"]]
1681121392.4934285;P8;[["P5", "P7", 100, "p1onX01"], ["P7", "P8", 100, "hawksTorRelay"], ["P6", "P8", 943, "LupusreginaBeta"], ["P1", "P2", 198, "sklep"], ["P1", "P3", 286, "snowball"], ["P2", "P4", 514, "LupusreginaBeta"], ["P3", "P4", 707, "Vulnerar"], ["P4", "P5", 661, "shhovh"]]
1681121395.5062468;P8;[["P5", "P7", 100, "p1onX01"], ["P7", "P8", 100, "hawksTorRelay"], ["P6", "P8", 943, "LupusreginaBeta"], ["P1", "P2", 198, "sklep"], ["P1", "P3", 286, "snowball"], ["P2", "P4", 514, "LupusreginaBeta"], ["P3", "P4", 707, "Vulnerar"], ["P4", "P5", 661, "shhovh"]]
1681121398.6014469;P8;[["P5", "P7", 100, "p1onX01"], ["P7", "P8", 100, "hawksTorRelay"], ["P6", "P8", 943, "LupusreginaBeta"], ["P1", "P2", 198, "sklep"], ["P1", "P3", 286, "snowball"], ["P2", "P4", 514, "LupusreginaBeta"], ["P3", "P4", 707, "Vulnerar"], ["P4", "P5", 661, "shhovh"]]
1681121401.6113691;P8;[["P5", "P7", 100, "p1onX01"], ["P7", "P8", 100, "hawksTorRelay"], ["P6", "P8", 943, "LupusreginaBeta"], ["P1", "P2", 198, "sklep"], ["P1", "P3", 286, "snowball"], ["P2", "P4", 514, "LupusreginaBeta"], ["P3", "P4", 707, "Vulnerar"], ["P4", "P5", 661, "shhovh"]]
1681121404.6176326;P8;[["P5", "P7", 100, "p1onX01"], ["P7", "P8", 100, "hawksTorRelay"], ["P6", "P8", 943, "LupusreginaBeta"], ["P1", "P2", 198, "sklep"], ["P1", "P3", 286, "snowball"], ["P2", "P4", 514, "LupusreginaBeta"], ["P3", "P4", 707, "Vulnerar"], ["P4", "P5", 661, "shhovh"]]
1681121407.6333039;P8;[["P5", "P7", 100, "p1onX01"], ["P7", "P8", 100, "hawksTorRelay"], ["P6", "P8", 943, "LupusreginaBeta"], ["P1", "P2", 198, "sklep"], ["P1", "P3", 286, "snowball"], ["P2", "P4", 514, "LupusreginaBeta"], ["P3", "P4", 744, "Vulnerar"], ["P4", "P5", 661, "shhovh"]]
1681121410.6538696;P8;[["P5", "P7", 100, "p1onX01"], ["P7", "P8", 100, "hawksTorRelay"], ["P6", "P8", 943, "LupusreginaBeta"], ["P1", "P2", 198, "sklep"], ["P1", "P3", 286, "snowball"], ["P2", "P4", 514, "LupusreginaBeta"], ["P3", "P4", 744, "Vulnerar"], ["P4", "P5", 661, "shhovh"]]
1681121413.6718285;P8;[["P5", "P7", 100, "p1onX01"], ["P7", "P8", 100, "hawksTorRelay"], ["P6", "P8", 943, "LupusreginaBeta"], ["P1", "P2", 198, "sklep"], ["P1", "P3", 286, "snowball"], ["P2", "P4", 514, "LupusreginaBeta"], ["P3", "P4", 744, "Vulnerar"], ["P4", "P5", 661, "shhovh"]]
1681121416.75386;P8;[["P5", "P7", 100, "p1onX01"], ["P7", "P8", 100, "hawksTorRelay"], ["P6", "P8", 943, "LupusreginaBeta"], ["P1", "P2", 198, "sklep"], ["P1", "P3", 286, "snowball"], ["P2", "P4", 514, "LupusreginaBeta"], ["P3", "P4", 744, "Vulnerar"], ["P4", "P5", 661, "shhovh"]]
1681121419.7715454;P8;[["P5", "P7", 100, "p1onX01"], ["P7", "P8", 100, "hawksTorRelay"], ["P6", "P8", 943, "LupusreginaBeta"], ["P1", "P2", 198, "sklep"], ["P1", "P3", 286, "snowball"], ["P2", "P4", 514, "LupusreginaBeta"], ["P3", "P4", 744, "Vulnerar"], ["P4", "P5", 661, "shhovh"]]
1681121422.7811224;P8;[["P5", "P7", 100, "p1onX01"], ["P7", "P8", 100, "hawksTorRelay"], ["P6", "P8", 943, "LupusreginaBeta"], ["P1", "P2", 198, "sklep"], ["P1", "P3", 286, "snowball"], ["P2", "P4", 514, "LupusreginaBeta"], ["P3", "P4", 744, "Vulnerar"], ["P4", "P5", 661, "shhovh"]]
1681121425.795202;P8;[["P5", "P7", 100, "p1onX01"], ["P7", "P8", 100, "hawksTorRelay"], ["P6", "P8", 943, "LupusreginaBeta"], ["P1", "P2", 198, "sklep"], ["P1", "P3", 286, "snowball"], ["P2", "P4", 514, "LupusreginaBeta"], ["P3", "P4", 744, "Vulnerar"], ["P4", "P5", 689, "shhovh"]]
1681121428.80537;P8;[["P5", "P7", 100, "p1onX01"], ["P7", "P8", 100, "hawksTorRelay"], ["P6", "P8", 943, "LupusreginaBeta"], ["P1", "P2", 198, "sklep"], ["P1", "P3", 286, "snowball"], ["P2", "P4", 514, "LupusreginaBeta"], ["P3", "P4", 744, "Vulnerar"], ["P4", "P5", 689, "shhovh"]]
1681121431.8138278;P8;[["P5", "P7", 100, "p1onX01"], ["P7", "P8", 100, "hawksTorRelay"], ["P6", "P8", 943, "LupusreginaBeta"], ["P1", "P2", 198, "sklep"], ["P1", "P3", 286, "snowball"], ["P2", "P4", 514, "LupusreginaBeta"], ["P3", "P4", 744, "Vulnerar"], ["P4", "P5", 689, "shhovh"]]
1681121434.8252926;P8;[["P5", "P7", 100, "p1onX01"], ["P7", "P8", 100, "hawksTorRelay"], ["P6", "P8", 943, "LupusreginaBeta"], ["P1", "P2", 198, "sklep"], ["P1", "P3", 286, "snowball"], ["P2", "P4", 100, "jokulhops"], ["P3", "P4", 744, "Vulnerar"], ["P4", "P5", 689, "shhovh"]]
1681121437.9013777;P8;[["P5", "P7", 100, "p1onX01"], ["P7", "P8", 100, "hawksTorRelay"], ["P6", "P8", 943, "LupusreginaBeta"], ["P1", "P2", 198, "sklep"], ["P1", "P3", 286, "snowball"], ["P2", "P4", 100, "jokulhops"], ["P3", "P4", 744, "Vulnerar"], ["P4", "P5", 689, "shhovh"]]
1681121440.9068184;P8;[["P5", "P7", 100, "p1onX01"], ["P7", "P8", 100, "hawksTorRelay"], ["P6", "P8", 943, "LupusreginaBeta"], ["P1", "P2", 198, "sklep"], ["P1", "P3", 286, "snowball"], ["P2", "P4", 100, "jokulhops"], ["P3", "P4", 744, "Vulnerar"], ["P4", "P5", 689, "shhovh"]]
1681121443.9196303;P8;[["P5", "P7", 100, "p1onX01"], ["P7", "P8", 100, "hawksTorRelay"], ["P6", "P8", 943, "LupusreginaBeta"], ["P1", "P2", 198, "sklep"], ["P1", "P3", 286, "snowball"], ["P2", "P4", 100, "jokulhops"], ["P3", "P4", 744, "Vulnerar"], ["P4", "P5", 689, "shhovh"]]
1681121446.9255471;P8;[["P5", "P7", 100, "p1onX01"], ["P7", "P8", 100, "hawksTorRelay"], ["P6", "P8", 943, "LupusreginaBeta"], ["P1", "P2", 198, "sklep"], ["P1", "P3", 286, "snowball"], ["P2", "P4", 100, "jokulhops"], ["P3", "P4", 744, "Vulnerar"], ["P4", "P5", 689, "shhovh"]]
1681121449.933459;P8;[["P5", "P7", 100, "p1onX01"], ["P7", "P8", 100, "hawksTorRelay"], ["P6", "P8", 835, "LupusreginaBeta"], ["P1", "P2", 198, "sklep"], ["P1", "P3", 286, "snowball"], ["P2", "P4", 100, "jokulhops"], ["P3", "P4", 744, "Vulnerar"], ["P4", "P5", 689, "shhovh"]]
1681121452.9422925;P8;[["P5", "P7", 100, "p1onX01"], ["P7", "P8", 100, "hawksTorRelay"], ["P6", "P8", 835, "LupusreginaBeta"], ["P1", "P2", 198, "sklep"], ["P1", "P3", 286, "snowball"], ["P2", "P4", 100, "jokulhops"], ["P3", "P4", 744, "Vulnerar"], ["P4", "P5", 689, "shhovh"]]
1681121455.9519708;P8;[["P5", "P7", 100, "p1onX01"], ["P7", "P8", 100, "hawksTorRelay"], ["P6", "P8", 835, "LupusreginaBeta"], ["P1", "P2", 198, "sklep"], ["P1", "P3", 286, "snowball"], ["P2", "P4", 100, "jokulhops"], ["P3", "P4", 744, "Vulnerar"], ["P4", "P5", 689, "shhovh"]]
1681121458.9578333;P8;[["P5", "P7", 100, "p1onX01"], ["P7", "P8", 100, "hawksTorRelay"], ["P6", "P8", 835, "LupusreginaBeta"], ["P1", "P2", 198, "sklep"], ["P1", "P3", 286, "snowball"], ["P2", "P4", 100, "jokulhops"], ["P3", "P4", 744, "Vulnerar"], ["P4", "P5", 689, "shhovh"]]
1681121461.9632027;P8;[["P5", "P7", 100, "p1onX01"], ["P7", "P8", 100, "hawksTorRelay"], ["P6", "P8", 835, "LupusreginaBeta"], ["P1", "P2", 198, "sklep"], ["P1", "P3", 286, "snowball"], ["P2", "P4", 100, "jokulhops"], ["P3", "P4", 744, "Vulnerar"], ["P4", "P5", 689, "shhovh"]]
1681121464.9697883;P8;[["P5", "P7", 100, "p1onX01"], ["P7", "P8", 100, "hawksTorRelay"], ["P6", "P8", 835, "LupusreginaBeta"], ["P1", "P2", 198, "sklep"], ["P1", "P3", 286, "snowball"], ["P2", "P4", 100, "jokulhops"], ["P3", "P4", 744, "Vulnerar"], ["P4", "P5", 689, "shhovh"]]
1681121467.9759674;P8;[["P5", "P7", 100, "p1onX01"], ["P7", "P8", 100, "hawksTorRelay"], ["P6", "P8", 835, "LupusreginaBeta"], ["P1", "P2", 198, "sklep"], ["P1", "P3", 286, "snowball"], ["P2", "P4", 100, "jokulhops"], ["P3", "P4", 744, "Vulnerar"], ["P4", "P5", 689, "shhovh"]]
1681121470.9851232;P8;[["P5", "P7", 100, "p1onX01"], ["P7", "P8", 100, "hawksTorRelay"], ["P6", "P8", 835, "LupusreginaBeta"], ["P1", "P2", 198, "sklep"], ["P1", "P3", 286, "snowball"], ["P2", "P4", 100, "jokulhops"], ["P3", "P4", 744, "Vulnerar"], ["P4", "P5", 689, "shhovh"]]
1681121473.9907384;P8;[["P5", "P7", 100, "p1onX01"], ["P7", "P8", 1061, "hawksTorRelay"], ["P6", "P8", 835, "LupusreginaBeta"], ["P1", "P2", 198, "sklep"], ["P1", "P3", 286, "snowball"], ["P2", "P4", 100, "jokulhops"], ["P3", "P4", 744, "Vulnerar"], ["P4", "P5", 689, "shhovh"]]
1681121476.998744;P8;[["P5", "P7", 100, "p1onX01"], ["P7", "P8", 1061, "hawksTorRelay"], ["P6", "P8", 835, "LupusreginaBeta"], ["P1", "P2", 198, "sklep"], ["P1", "P3", 286, "snowball"], ["P2", "P4", 100, "jokulhops"], ["P3", "P4", 744, "Vulnerar"], ["P4", "P5", 689, "shhovh"]]
1681121480.0095472;P8;[["P5", "P7", 100, "p1onX01"], ["P7", "P8", 1061, "hawksTorRelay"], ["P6", "P8", 835, "LupusreginaBeta"], ["P1", "P2", 198, "sklep"], ["P1", "P3", 286, "snowball"], ["P2", "P4", 100, "jokulhops"], ["P3", "P4", 744, "Vulnerar"], ["P4", "P5", 689, "shhovh"]]
1681121483.0191655;P8;[["P7", "P8", 1061, "hawksTorRelay"], ["P6", "P8", 835, "LupusreginaBeta"], ["P1", "P2", 198, "sklep"], ["P1", "P3", 286, "snowball"], ["P2", "P4", 100, "jokulhops"], ["P3", "P4", 744, "Vulnerar"], ["P4", "P5", 689, "shhovh"]]
1681121486.0320427;P8;[["P7", "P8", 1061, "hawksTorRelay"], ["P6", "P8", 835, "LupusreginaBeta"], ["P1", "P2", 198, "sklep"], ["P1", "P3", 286, "snowball"], ["P2", "P4", 100, "jokulhops"], ["P3", "P4", 744, "Vulnerar"], ["P4", "P5", 689, "shhovh"]]
1681121489.039214;P8;[["P7", "P8", 1061, "hawksTorRelay"], ["P6", "P8", 835, "LupusreginaBeta"], ["P1", "P2", 198, "sklep"], ["P1", "P3", 286, "snowball"], ["P2", "P4", 100, "jokulhops"], ["P3", "P4", 744, "Vulnerar"], ["P4", "P5", 689, "shhovh"]]
1681121492.0667198;P8;[["P7", "P8", 1061, "hawksTorRelay"], ["P6", "P8", 835, "LupusreginaBeta"], ["P1", "P2", 198, "sklep"], ["P1", "P3", 286, "snowball"], ["P2", "P4", 100, "jokulhops"], ["P3", "P4", 744, "Vulnerar"], ["P4", "P5", 689, "shhovh"]]
1681121495.076488;P8;[["P7", "P8", 1061, "hawksTorRelay"], ["P6", "P8", 835, "LupusreginaBeta"], ["P1", "P2", 198, "sklep"], ["P1", "P3", 286, "snowball"], ["P2", "P4", 100, "jokulhops"], ["P3", "P4", 744, "Vulnerar"], ["P4", "P5", 689, "shhovh"]]
1681121498.0858254;P8;[["P7", "P8", 1061, "hawksTorRelay"], ["P6", "P8", 835, "LupusreginaBeta"], ["P1", "P2", 198, "sklep"], ["P1", "P3", 286, "snowball"], ["P2", "P4", 100, "jokulhops"], ["P3", "P4", 744, "Vulnerar"], ["P4", "P5", 689, "shhovh"]]
1681121501.969107;P8;[["P7", "P8", 1061, "hawksTorRelay"], ["P6", "P8", 835, "LupusreginaBeta"], ["P1", "P2", 198, "sklep"], ["P1", "P3", 286, "snowball"], ["P2", "P4", 100, "jokulhops"], ["P3", "P4", 744, "Vulnerar"], ["P4", "P5", 689, "shhovh"]]
1681121504.9747932;P8;[["P7", "P8", 1061, "hawksTorRelay"], ["P6", "P7", 100, "bauruine"], ["P6", "P8", 835, "LupusreginaBeta"], ["P1", "P2", 198, "sklep"], ["P1", "P3", 286, "snowball"], ["P2", "P4", 100, "jokulhops"], ["P3", "P4", 744, "Vulnerar"], ["P4", "P5", 689, "shhovh"]]
1681121507.985512;P8;[["P7", "P8", 1061, "hawksTorRelay"], ["P6", "P7", 100, "bauruine"], ["P6", "P8", 835, "LupusreginaBeta"], ["P1", "P2", 198, "sklep"], ["P1", "P3", 286, "snowball"], ["P2", "P4", 100, "jokulhops"], ["P3", "P4", 744, "Vulnerar"], ["P4", "P5", 689, "shhovh"]]
1681121510.9933531;P8;[["P7", "P8", 1061, "hawksTorRelay"], ["P6", "P7", 100, "bauruine"], ["P6", "P8", 835, "LupusreginaBeta"], ["P1", "P2", 198, "sklep"], ["P1", "P3", 286, "snowball"], ["P2", "P4", 100, "jokulhops"], ["P3", "P4", 744, "Vulnerar"], ["P4", "P5", 689, "shhovh"]]
1681121514.156066;P8;[["P7", "P8", 1061, "hawksTorRelay"], ["P6", "P7", 100, "bauruine"], ["P6", "P8", 835, "LupusreginaBeta"], ["P1", "P2", 198, "sklep"], ["P1", "P3", 286, "snowball"], ["P2", "P4", 100, "jokulhops"], ["P3", "P4", 744, "Vulnerar"], ["P4", "P5", 689, "shhovh"]]
1681121517.216263;P8;[["P7", "P8", 1061, "hawksTorRelay"], ["P6", "P7", 100, "bauruine"], ["P6", "P8", 835, "LupusreginaBeta"], ["P1", "P2", 198, "sklep"], ["P1", "P3", 286, "snowball"], ["P2", "P4", 100, "jokulhops"], ["P3", "P4", 744, "Vulnerar"], ["P4", "P5", 689, "shhovh"]]
1681121520.2251318;P8;[["P7", "P8", 1061, "hawksTorRelay"], ["P6", "P7", 100, "bauruine"], ["P6", "P8", 835, "LupusreginaBeta"], ["P1", "P2", 198, "sklep"], ["P1", "P3", 286, "snowball"], ["P2", "P4", 100, "jokulhops"], ["P3", "P4", 744, "Vulnerar"], ["P4", "P5", 689, "shhovh"]]
1681121523.236391;P8;[["P6", "P8", 100, "Quetzalcoatl"], ["P7", "P8", 877, "hawksTorRelay"]]
1681121526.2827096;P8;[["P7", "P8", 1061, "hawksTorRelay"], ["P6", "P7", 100, "bauruine"], ["P6", "P8", 100, "Quetzalcoatl"], ["P1", "P2", 198, "sklep"], ["P1", "P3", 286, "snowball"], ["P2", "P4", 100, "jokulhops"], ["P3", "P4", 744, "Vulnerar"], ["P4", "P5", 689, "shhovh"]]
1681121529.2902417;P8;[["P7", "P8", 1061, "hawksTorRelay"], ["P6", "P7", 100, "bauruine"], ["P6", "P8", 100, "Quetzalcoatl"], ["P1", "P2", 198, "sklep"], ["P1", "P3", 286, "snowball"], ["P2", "P4", 100, "jokulhops"], ["P3", "P4", 744, "Vulnerar"], ["P4", "P5", 689, "shhovh"]]
1681121532.298316;P8;[["P7", "P8", 1061, "hawksTorRelay"], ["P6", "P7", 100, "bauruine"], ["P6", "P8", 100, "Quetzalcoatl"], ["P1", "P2", 198, "sklep"], ["P1", "P3", 286, "snowball"], ["P2", "P4", 100, "jokulhops"], ["P3", "P4", 744, "Vulnerar"], ["P4", "P5", 689, "shhovh"]]
1681121535.304579;P8;[["P7", "P8", 1061, "hawksTorRelay"], ["P6", "P7", 100, "bauruine"], ["P6", "P8", 100, "Quetzalcoatl"], ["P1", "P2", 198, "sklep"], ["P1", "P3", 286, "snowball"], ["P2", "P4", 100, "jokulhops"], ["P3", "P4", 744, "Vulnerar"], ["P4", "P5", 689, "shhovh"]]
1681121538.3148348;P8;[["P7", "P8", 1061, "hawksTorRelay"], ["P6", "P7", 100, "bauruine"], ["P6", "P8", 100, "Quetzalcoatl"], ["P1", "P2", 198, "sklep"], ["P1", "P3", 286, "snowball"], ["P2", "P4", 100, "jokulhops"], ["P3", "P4", 744, "Vulnerar"], ["P4", "P5", 689, "shhovh"]]
1681121541.326396;P8;[["P7", "P8", 1061, "hawksTorRelay"], ["P6", "P7", 100, "bauruine"], ["P6", "P8", 100, "Quetzalcoatl"], ["P1", "P2", 198, "sklep"], ["P1", "P3", 286, "snowball"], ["P2", "P4", 100, "jokulhops"], ["P3", "P4", 744, "Vulnerar"], ["P4", "P5", 689, "shhovh"]]
