++ dirname ./startserver.sh
+ BASEDIR=.
+ SCRIPTPATH=./../../rtun-routing
+ export PYTHONPATH=./../../torpy-rtun-fork/
+ PYTHONPATH=./../../torpy-rtun-fork/
+ python3 ./../../rtun-routing/rtun.py -v INFO -g NeelTorRelay2 -f rendezvous.txt -t peer1peer2 -n default -i 6 -d 2
Exception in thread Establish-Quetzalcoatl:
Traceback (most recent call last):
  File "/usr/lib/python3.9/threading.py", line 954, in _bootstrap_inner
    self.run()
  File "/home/vboxuser/Git/imt4905/rtun-routing/rendezvous.py", line 82, in run
    self.establish_rendezvous(circuit, self.rendezvous_cookie)
  File "/home/vboxuser/Git/imt4905/rtun-routing/rendezvous.py", line 200, in establish_rendezvous
    circuit._rendezvous_establish(rendezvous_cookie)
  File "/home/vboxuser/Git/imt4905/torpy-rtun-fork/torpy/circuit.py", line 611, in _rendezvous_establish
    cell_established = self.send_relay_wait(inner_cell, CellRelayRendezvousEstablished)
  File "/home/vboxuser/Git/imt4905/torpy-rtun-fork/torpy/circuit.py", line 551, in send_relay_wait
    return w.get()
  File "/home/vboxuser/Git/imt4905/torpy-rtun-fork/torpy/circuit.py", line 134, in get
    raise CellTimeoutError('Timeout wait for ' + cells_format(self._cell_types))
torpy.circuit.CellTimeoutError: Timeout wait for CellRelayRendezvousEstablished
Exception in thread Establish-atltornode01:
Traceback (most recent call last):
  File "/usr/lib/python3.9/threading.py", line 954, in _bootstrap_inner
    self.run()
  File "/home/vboxuser/Git/imt4905/rtun-routing/rendezvous.py", line 86, in run
    rendezvous2_cell = w.get(timeout=self.timeout)
  File "/home/vboxuser/Git/imt4905/torpy-rtun-fork/torpy/circuit.py", line 134, in get
    raise CellTimeoutError('Timeout wait for ' + cells_format(self._cell_types))
torpy.circuit.CellTimeoutError: Timeout wait for CellRelayRendezvous2
Exception in thread Establish-dukdukduke:
Traceback (most recent call last):
  File "/usr/lib/python3.9/threading.py", line 954, in _bootstrap_inner
    self.run()
  File "/home/vboxuser/Git/imt4905/rtun-routing/rendezvous.py", line 86, in run
    rendezvous2_cell = w.get(timeout=self.timeout)
  File "/home/vboxuser/Git/imt4905/torpy-rtun-fork/torpy/circuit.py", line 134, in get
    raise CellTimeoutError('Timeout wait for ' + cells_format(self._cell_types))
torpy.circuit.CellTimeoutError: Timeout wait for CellRelayRendezvous2
Exception in thread Establish-secretrelay:
Traceback (most recent call last):
  File "/usr/lib/python3.9/threading.py", line 954, in _bootstrap_inner
    self.run()
  File "/home/vboxuser/Git/imt4905/rtun-routing/rendezvous.py", line 86, in run
    rendezvous2_cell = w.get(timeout=self.timeout)
  File "/home/vboxuser/Git/imt4905/torpy-rtun-fork/torpy/circuit.py", line 134, in get
    raise CellTimeoutError('Timeout wait for ' + cells_format(self._cell_types))
torpy.circuit.CellTimeoutError: Timeout wait for CellRelayRendezvous2
Exception in thread Establish-QuintexAirVPN30:
Traceback (most recent call last):
  File "/usr/lib/python3.9/threading.py", line 954, in _bootstrap_inner
    self.run()
  File "/home/vboxuser/Git/imt4905/rtun-routing/rendezvous.py", line 86, in run
    rendezvous2_cell = w.get(timeout=self.timeout)
  File "/home/vboxuser/Git/imt4905/torpy-rtun-fork/torpy/circuit.py", line 134, in get
    raise CellTimeoutError('Timeout wait for ' + cells_format(self._cell_types))
torpy.circuit.CellTimeoutError: Timeout wait for CellRelayRendezvous2
Exception ignored in: <module 'threading' from '/usr/lib/python3.9/threading.py'>
Traceback (most recent call last):
  File "/usr/lib/python3.9/threading.py", line 1428, in _shutdown
    lock.acquire()
KeyboardInterrupt: 
