1681121101.354483;P6;{}
1681121104.3626237;P6;[["P5", "P6", 100, "taipe"], ["P2", "P4", 100, "LupusreginaBeta"], ["P3", "P4", 100, "Vulnerar"], ["P4", "P5", 100, "shhovh"]]
1681121107.376748;P6;[["P5", "P6", 100, "taipe"], ["P2", "P4", 100, "LupusreginaBeta"], ["P3", "P4", 100, "Vulnerar"], ["P4", "P5", 100, "shhovh"]]
1681121110.3834183;P6;[["P5", "P6", 100, "taipe"], ["P2", "P4", 100, "LupusreginaBeta"], ["P3", "P4", 100, "Vulnerar"], ["P4", "P5", 100, "shhovh"]]
1681121113.4016633;P6;[["P5", "P6", 100, "taipe"], ["P2", "P4", 100, "LupusreginaBeta"], ["P3", "P4", 100, "Vulnerar"], ["P4", "P5", 100, "shhovh"]]
1681121116.4161317;P6;[["P5", "P6", 100, "taipe"], ["P6", "P8", 100, "LupusreginaBeta"]]
1681121119.4228373;P6;[["P5", "P6", 100, "taipe"], ["P6", "P8", 100, "LupusreginaBeta"]]
1681121122.4267192;P6;[["P5", "P6", 100, "taipe"], ["P6", "P8", 100, "LupusreginaBeta"]]
1681121125.4337473;P6;[["P5", "P6", 100, "taipe"], ["P6", "P8", 100, "LupusreginaBeta"]]
1681121128.4437382;P6;[["P5", "P6", 100, "taipe"], ["P6", "P8", 100, "LupusreginaBeta"], ["P2", "P4", 100, "LupusreginaBeta"], ["P3", "P4", 100, "Vulnerar"], ["P4", "P5", 100, "shhovh"], ["P5", "P7", 100, "RMK"], ["P7", "P8", 100, "Vulnerar"]]
1681121131.4501474;P6;[["P2", "P4", 100, "LupusreginaBeta"], ["P3", "P4", 100, "Vulnerar"], ["P4", "P5", 100, "shhovh"], ["P5", "P6", 100, "taipe"], ["P5", "P7", 100, "RMK"], ["P7", "P8", 100, "Vulnerar"], ["P6", "P8", 100, "LupusreginaBeta"]]
1681121134.4567938;P6;[["P2", "P4", 100, "LupusreginaBeta"], ["P3", "P4", 100, "Vulnerar"], ["P4", "P5", 100, "shhovh"], ["P5", "P6", 100, "taipe"], ["P5", "P7", 100, "RMK"], ["P7", "P8", 100, "Vulnerar"], ["P6", "P8", 100, "LupusreginaBeta"]]
1681121137.4632585;P6;[["P2", "P4", 100, "LupusreginaBeta"], ["P3", "P4", 100, "Vulnerar"], ["P4", "P5", 100, "shhovh"], ["P5", "P7", 100, "RMK"], ["P7", "P8", 100, "Vulnerar"]]
1681121140.4700532;P6;[["P2", "P4", 100, "LupusreginaBeta"], ["P3", "P4", 100, "Vulnerar"], ["P4", "P5", 100, "shhovh"], ["P5", "P7", 100, "RMK"], ["P7", "P8", 100, "Vulnerar"], ["P6", "P8", 100, "LupusreginaBeta"]]
1681121143.4783106;P6;[["P2", "P4", 100, "LupusreginaBeta"], ["P3", "P4", 100, "Vulnerar"], ["P4", "P5", 100, "shhovh"], ["P5", "P7", 100, "RMK"], ["P7", "P8", 100, "Vulnerar"], ["P6", "P8", 100, "LupusreginaBeta"]]
1681121146.4848804;P6;[["P2", "P4", 100, "LupusreginaBeta"], ["P3", "P4", 100, "Vulnerar"], ["P4", "P5", 100, "shhovh"], ["P5", "P7", 100, "RMK"], ["P7", "P8", 100, "Vulnerar"], ["P6", "P8", 100, "LupusreginaBeta"]]
1681121149.4936256;P6;[["P2", "P4", 100, "LupusreginaBeta"], ["P3", "P4", 100, "Vulnerar"], ["P4", "P5", 100, "shhovh"], ["P5", "P7", 100, "RMK"], ["P7", "P8", 100, "Vulnerar"], ["P6", "P8", 100, "LupusreginaBeta"]]
1681121152.4989295;P6;[["P2", "P4", 100, "LupusreginaBeta"], ["P3", "P4", 100, "Vulnerar"], ["P4", "P5", 100, "shhovh"], ["P5", "P7", 100, "RMK"], ["P7", "P8", 100, "Vulnerar"], ["P6", "P8", 100, "LupusreginaBeta"]]
1681121155.5072546;P6;[["P2", "P4", 100, "LupusreginaBeta"], ["P3", "P4", 100, "Vulnerar"], ["P4", "P5", 100, "shhovh"], ["P5", "P7", 100, "RMK"], ["P7", "P8", 100, "Vulnerar"], ["P6", "P8", 100, "LupusreginaBeta"]]
1681121158.5145242;P6;[["P2", "P4", 100, "LupusreginaBeta"], ["P3", "P4", 100, "Vulnerar"], ["P4", "P5", 100, "shhovh"], ["P5", "P7", 100, "RMK"], ["P7", "P8", 100, "Vulnerar"], ["P6", "P8", 100, "LupusreginaBeta"]]
1681121161.535166;P6;[["P2", "P4", 100, "LupusreginaBeta"], ["P3", "P4", 100, "Vulnerar"], ["P4", "P5", 100, "shhovh"], ["P5", "P7", 100, "RMK"], ["P7", "P8", 100, "Vulnerar"], ["P6", "P8", 100, "LupusreginaBeta"]]
1681121164.5411687;P6;[["P2", "P4", 100, "LupusreginaBeta"], ["P3", "P4", 100, "Vulnerar"], ["P4", "P5", 100, "shhovh"], ["P5", "P7", 100, "RMK"], ["P7", "P8", 100, "Vulnerar"], ["P6", "P8", 100, "LupusreginaBeta"]]
1681121167.55047;P6;[["P2", "P4", 100, "LupusreginaBeta"], ["P3", "P4", 100, "Vulnerar"], ["P4", "P5", 100, "shhovh"], ["P5", "P7", 100, "RMK"], ["P7", "P8", 100, "Vulnerar"], ["P6", "P8", 100, "LupusreginaBeta"]]
1681121170.5581326;P6;[["P2", "P4", 100, "LupusreginaBeta"], ["P3", "P4", 100, "Vulnerar"], ["P4", "P5", 100, "shhovh"], ["P5", "P7", 100, "RMK"], ["P7", "P8", 100, "Vulnerar"], ["P6", "P8", 100, "LupusreginaBeta"]]
1681121173.5703628;P6;[["P2", "P4", 100, "LupusreginaBeta"], ["P3", "P4", 100, "Vulnerar"], ["P4", "P5", 100, "shhovh"], ["P5", "P7", 100, "RMK"], ["P7", "P8", 100, "Vulnerar"], ["P6", "P8", 100, "LupusreginaBeta"]]
1681121176.5785115;P6;[["P2", "P4", 100, "LupusreginaBeta"], ["P3", "P4", 100, "Vulnerar"], ["P4", "P5", 100, "shhovh"], ["P5", "P7", 100, "RMK"], ["P7", "P8", 100, "Vulnerar"], ["P6", "P8", 100, "LupusreginaBeta"]]
1681121179.5892549;P6;[["P2", "P4", 100, "LupusreginaBeta"], ["P3", "P4", 100, "Vulnerar"], ["P4", "P5", 100, "shhovh"], ["P5", "P7", 100, "RMK"], ["P7", "P8", 100, "Vulnerar"], ["P6", "P8", 100, "LupusreginaBeta"]]
1681121182.598574;P6;[["P2", "P4", 100, "LupusreginaBeta"], ["P3", "P4", 100, "Vulnerar"], ["P4", "P5", 100, "shhovh"], ["P5", "P7", 100, "RMK"], ["P7", "P8", 100, "Vulnerar"], ["P6", "P8", 100, "LupusreginaBeta"]]
1681121185.6147914;P6;[["P2", "P4", 100, "LupusreginaBeta"], ["P3", "P4", 100, "Vulnerar"], ["P4", "P5", 100, "shhovh"], ["P5", "P7", 100, "RMK"], ["P7", "P8", 100, "Vulnerar"], ["P6", "P8", 100, "LupusreginaBeta"]]
1681121188.6197355;P6;[["P2", "P4", 100, "LupusreginaBeta"], ["P3", "P4", 100, "Vulnerar"], ["P4", "P5", 100, "shhovh"], ["P5", "P7", 100, "RMK"], ["P7", "P8", 100, "Vulnerar"], ["P6", "P8", 100, "LupusreginaBeta"]]
1681121191.6285918;P6;[["P2", "P4", 100, "LupusreginaBeta"], ["P3", "P4", 100, "Vulnerar"], ["P4", "P5", 100, "shhovh"], ["P5", "P7", 100, "RMK"], ["P7", "P8", 100, "Vulnerar"], ["P6", "P8", 100, "LupusreginaBeta"]]
1681121194.6415405;P6;[["P2", "P4", 100, "LupusreginaBeta"], ["P3", "P4", 100, "Vulnerar"], ["P4", "P5", 100, "shhovh"], ["P5", "P7", 100, "RMK"], ["P7", "P8", 100, "Vulnerar"], ["P6", "P8", 100, "LupusreginaBeta"]]
1681121197.6480298;P6;[["P2", "P4", 100, "LupusreginaBeta"], ["P3", "P4", 100, "Vulnerar"], ["P4", "P5", 100, "shhovh"], ["P5", "P7", 100, "RMK"], ["P7", "P8", 100, "Vulnerar"], ["P6", "P8", 100, "LupusreginaBeta"]]
1681121200.654821;P6;[["P2", "P4", 100, "LupusreginaBeta"], ["P3", "P4", 100, "Vulnerar"], ["P4", "P5", 100, "shhovh"], ["P5", "P7", 100, "RMK"], ["P7", "P8", 100, "Vulnerar"], ["P6", "P8", 100, "LupusreginaBeta"]]
1681121203.6707883;P6;[["P2", "P4", 100, "LupusreginaBeta"], ["P3", "P4", 100, "Vulnerar"], ["P4", "P5", 100, "shhovh"], ["P5", "P7", 100, "RMK"], ["P7", "P8", 100, "Vulnerar"], ["P6", "P8", 100, "LupusreginaBeta"]]
1681121206.6783497;P6;[["P2", "P4", 100, "LupusreginaBeta"], ["P3", "P4", 100, "Vulnerar"], ["P4", "P5", 100, "shhovh"], ["P5", "P7", 100, "RMK"], ["P7", "P8", 100, "Vulnerar"], ["P6", "P8", 100, "LupusreginaBeta"]]
1681121209.6849608;P6;[["P2", "P4", 100, "LupusreginaBeta"], ["P3", "P4", 100, "Vulnerar"], ["P4", "P5", 100, "shhovh"], ["P5", "P7", 100, "RMK"], ["P7", "P8", 100, "Vulnerar"], ["P6", "P8", 100, "LupusreginaBeta"]]
1681121212.6915553;P6;[["P2", "P4", 100, "LupusreginaBeta"], ["P3", "P4", 100, "Vulnerar"], ["P4", "P5", 100, "shhovh"], ["P5", "P7", 100, "RMK"], ["P7", "P8", 100, "Vulnerar"], ["P6", "P8", 100, "LupusreginaBeta"]]
1681121215.697426;P6;[["P2", "P4", 100, "LupusreginaBeta"], ["P3", "P4", 100, "Vulnerar"], ["P4", "P5", 100, "shhovh"], ["P5", "P7", 100, "RMK"], ["P7", "P8", 100, "Vulnerar"], ["P6", "P8", 100, "LupusreginaBeta"]]
1681121218.7032862;P6;[["P2", "P4", 100, "LupusreginaBeta"], ["P3", "P4", 100, "Vulnerar"], ["P4", "P5", 100, "shhovh"], ["P5", "P7", 100, "RMK"], ["P7", "P8", 100, "Vulnerar"], ["P6", "P8", 100, "LupusreginaBeta"]]
1681121221.7112288;P6;[["P2", "P4", 100, "LupusreginaBeta"], ["P3", "P4", 100, "Vulnerar"], ["P4", "P5", 100, "shhovh"], ["P5", "P7", 100, "RMK"], ["P7", "P8", 100, "Vulnerar"], ["P6", "P8", 100, "LupusreginaBeta"], ["P1", "P2", 316, "sklep"], ["P1", "P3", 100, "snowball"]]
1681121224.7162704;P6;[["P2", "P4", 100, "LupusreginaBeta"], ["P3", "P4", 100, "Vulnerar"], ["P4", "P5", 100, "shhovh"], ["P5", "P7", 100, "RMK"], ["P7", "P8", 100, "Vulnerar"], ["P6", "P8", 100, "LupusreginaBeta"], ["P1", "P2", 316, "sklep"], ["P1", "P3", 100, "snowball"]]
1681121227.721214;P6;[["P2", "P4", 100, "LupusreginaBeta"], ["P3", "P4", 100, "Vulnerar"], ["P4", "P5", 100, "shhovh"], ["P5", "P7", 100, "RMK"], ["P7", "P8", 100, "Vulnerar"], ["P6", "P8", 100, "LupusreginaBeta"], ["P1", "P2", 316, "sklep"], ["P1", "P3", 100, "snowball"]]
1681121230.7277446;P6;[["P2", "P4", 100, "LupusreginaBeta"], ["P3", "P4", 100, "Vulnerar"], ["P4", "P5", 100, "shhovh"], ["P5", "P7", 100, "RMK"], ["P7", "P8", 100, "Vulnerar"], ["P6", "P8", 100, "LupusreginaBeta"], ["P1", "P2", 316, "sklep"], ["P1", "P3", 100, "snowball"]]
1681121233.7380874;P6;[["P2", "P4", 100, "LupusreginaBeta"], ["P3", "P4", 100, "Vulnerar"], ["P4", "P5", 100, "shhovh"], ["P5", "P7", 100, "RMK"], ["P7", "P8", 100, "Vulnerar"], ["P6", "P8", 100, "LupusreginaBeta"], ["P1", "P2", 316, "sklep"], ["P1", "P3", 100, "snowball"]]
1681121236.7484972;P6;[["P2", "P4", 100, "LupusreginaBeta"], ["P3", "P4", 100, "Vulnerar"], ["P4", "P5", 100, "shhovh"], ["P5", "P7", 100, "RMK"], ["P7", "P8", 100, "Vulnerar"], ["P6", "P8", 100, "LupusreginaBeta"], ["P1", "P2", 316, "sklep"], ["P1", "P3", 401, "snowball"]]
1681121239.7530577;P6;[["P2", "P4", 100, "LupusreginaBeta"], ["P3", "P4", 100, "Vulnerar"], ["P4", "P5", 100, "shhovh"], ["P5", "P7", 100, "RMK"], ["P7", "P8", 100, "Vulnerar"], ["P6", "P8", 100, "LupusreginaBeta"], ["P1", "P2", 316, "sklep"], ["P1", "P3", 401, "snowball"]]
1681121242.761801;P6;[["P2", "P4", 100, "LupusreginaBeta"], ["P3", "P4", 100, "Vulnerar"], ["P4", "P5", 100, "shhovh"], ["P5", "P7", 100, "RMK"], ["P7", "P8", 100, "Vulnerar"], ["P6", "P8", 100, "LupusreginaBeta"], ["P1", "P2", 316, "sklep"], ["P1", "P3", 401, "snowball"]]
1681121245.7691333;P6;[["P2", "P4", 100, "LupusreginaBeta"], ["P3", "P4", 100, "Vulnerar"], ["P4", "P5", 100, "shhovh"], ["P5", "P7", 100, "RMK"], ["P7", "P8", 100, "Vulnerar"], ["P6", "P8", 100, "LupusreginaBeta"], ["P1", "P2", 316, "sklep"], ["P1", "P3", 401, "snowball"]]
1681121248.781593;P6;[["P2", "P4", 100, "LupusreginaBeta"], ["P3", "P4", 100, "Vulnerar"], ["P4", "P5", 100, "shhovh"], ["P5", "P7", 100, "RMK"], ["P7", "P8", 100, "Vulnerar"], ["P6", "P8", 100, "LupusreginaBeta"], ["P1", "P2", 316, "sklep"], ["P1", "P3", 401, "snowball"]]
1681121251.7902746;P6;[["P2", "P4", 100, "LupusreginaBeta"], ["P3", "P4", 100, "Vulnerar"], ["P4", "P5", 100, "shhovh"], ["P5", "P7", 100, "RMK"], ["P7", "P8", 100, "Vulnerar"], ["P6", "P8", 100, "LupusreginaBeta"], ["P1", "P2", 316, "sklep"], ["P1", "P3", 401, "snowball"]]
1681121254.79729;P6;[["P2", "P4", 100, "LupusreginaBeta"], ["P3", "P4", 100, "Vulnerar"], ["P4", "P5", 100, "shhovh"], ["P5", "P7", 100, "RMK"], ["P7", "P8", 100, "Vulnerar"], ["P6", "P8", 100, "LupusreginaBeta"], ["P1", "P2", 316, "sklep"], ["P1", "P3", 401, "snowball"]]
1681121257.8046672;P6;[["P2", "P4", 100, "LupusreginaBeta"], ["P3", "P4", 100, "Vulnerar"], ["P4", "P5", 100, "shhovh"], ["P5", "P7", 100, "RMK"], ["P7", "P8", 100, "Vulnerar"], ["P6", "P8", 100, "LupusreginaBeta"], ["P1", "P2", 316, "sklep"], ["P1", "P3", 401, "snowball"]]
1681121260.8101459;P6;[["P2", "P4", 368, "LupusreginaBeta"], ["P3", "P4", 371, "Vulnerar"], ["P4", "P5", 661, "shhovh"], ["P5", "P7", 100, "RMK"], ["P7", "P8", 100, "Vulnerar"], ["P6", "P8", 100, "LupusreginaBeta"], ["P1", "P2", 316, "sklep"], ["P1", "P3", 401, "snowball"]]
1681121263.8142374;P6;[["P2", "P4", 368, "LupusreginaBeta"], ["P3", "P4", 371, "Vulnerar"], ["P4", "P5", 661, "shhovh"], ["P5", "P7", 100, "RMK"], ["P7", "P8", 100, "Vulnerar"], ["P6", "P8", 100, "LupusreginaBeta"], ["P1", "P2", 316, "sklep"], ["P1", "P3", 401, "snowball"]]
1681121266.822425;P6;[["P2", "P4", 368, "LupusreginaBeta"], ["P3", "P4", 371, "Vulnerar"], ["P4", "P5", 661, "shhovh"], ["P5", "P7", 100, "RMK"], ["P7", "P8", 100, "Vulnerar"], ["P6", "P8", 100, "LupusreginaBeta"], ["P1", "P2", 316, "sklep"], ["P1", "P3", 401, "snowball"]]
1681121269.8496807;P6;[["P2", "P4", 368, "LupusreginaBeta"], ["P3", "P4", 371, "Vulnerar"], ["P4", "P5", 661, "shhovh"], ["P5", "P7", 100, "RMK"], ["P7", "P8", 100, "Vulnerar"], ["P6", "P8", 100, "LupusreginaBeta"], ["P1", "P2", 316, "sklep"], ["P1", "P3", 401, "snowball"]]
1681121272.8750372;P6;[["P2", "P4", 368, "LupusreginaBeta"], ["P3", "P4", 371, "Vulnerar"], ["P4", "P5", 661, "shhovh"], ["P5", "P7", 100, "RMK"], ["P7", "P8", 100, "Vulnerar"], ["P6", "P8", 100, "LupusreginaBeta"], ["P1", "P2", 316, "sklep"], ["P1", "P3", 401, "snowball"]]
1681121275.8873787;P6;[["P2", "P4", 368, "LupusreginaBeta"], ["P3", "P4", 371, "Vulnerar"], ["P4", "P5", 661, "shhovh"], ["P5", "P7", 100, "RMK"], ["P7", "P8", 100, "Vulnerar"], ["P6", "P8", 100, "LupusreginaBeta"], ["P1", "P2", 316, "sklep"], ["P1", "P3", 401, "snowball"]]
1681121278.9037344;P6;[["P2", "P4", 368, "LupusreginaBeta"], ["P3", "P4", 371, "Vulnerar"], ["P4", "P5", 661, "shhovh"], ["P5", "P7", 764, "RMK"], ["P7", "P8", 100, "Vulnerar"], ["P6", "P8", 100, "LupusreginaBeta"], ["P1", "P2", 316, "sklep"], ["P1", "P3", 401, "snowball"]]
1681121281.9117672;P6;[["P2", "P4", 368, "LupusreginaBeta"], ["P3", "P4", 371, "Vulnerar"], ["P4", "P5", 661, "shhovh"], ["P5", "P7", 764, "RMK"], ["P7", "P8", 100, "Vulnerar"], ["P6", "P8", 100, "LupusreginaBeta"], ["P1", "P2", 316, "sklep"], ["P1", "P3", 401, "snowball"]]
1681121284.9468124;P6;[["P2", "P4", 368, "LupusreginaBeta"], ["P3", "P4", 371, "Vulnerar"], ["P4", "P5", 661, "shhovh"], ["P5", "P7", 764, "RMK"], ["P7", "P8", 100, "Vulnerar"], ["P6", "P8", 659, "LupusreginaBeta"], ["P1", "P2", 316, "sklep"], ["P1", "P3", 401, "snowball"]]
1681121287.9530218;P6;[["P2", "P4", 368, "LupusreginaBeta"], ["P3", "P4", 371, "Vulnerar"], ["P4", "P5", 661, "shhovh"], ["P5", "P7", 764, "RMK"], ["P7", "P8", 100, "Vulnerar"], ["P6", "P8", 659, "LupusreginaBeta"], ["P1", "P2", 316, "sklep"], ["P1", "P3", 401, "snowball"]]
1681121290.9575162;P6;[["P2", "P4", 368, "LupusreginaBeta"], ["P3", "P4", 371, "Vulnerar"], ["P4", "P5", 661, "shhovh"], ["P5", "P7", 764, "RMK"], ["P7", "P8", 100, "Vulnerar"], ["P6", "P8", 659, "LupusreginaBeta"], ["P1", "P2", 316, "sklep"], ["P1", "P3", 401, "snowball"]]
1681121293.963783;P6;[["P2", "P4", 368, "LupusreginaBeta"], ["P3", "P4", 371, "Vulnerar"], ["P4", "P5", 661, "shhovh"], ["P5", "P7", 764, "RMK"], ["P7", "P8", 1169, "Vulnerar"], ["P6", "P8", 659, "LupusreginaBeta"], ["P1", "P2", 316, "sklep"], ["P1", "P3", 401, "snowball"]]
1681121296.9706483;P6;[["P2", "P4", 368, "LupusreginaBeta"], ["P3", "P4", 371, "Vulnerar"], ["P4", "P5", 661, "shhovh"], ["P5", "P7", 764, "RMK"], ["P7", "P8", 1169, "Vulnerar"], ["P6", "P8", 659, "LupusreginaBeta"], ["P1", "P2", 316, "sklep"], ["P1", "P3", 401, "snowball"]]
1681121299.976583;P6;[["P2", "P4", 368, "LupusreginaBeta"], ["P3", "P4", 371, "Vulnerar"], ["P4", "P5", 661, "shhovh"], ["P5", "P7", 764, "RMK"], ["P7", "P8", 1169, "Vulnerar"], ["P6", "P8", 659, "LupusreginaBeta"], ["P1", "P2", 316, "sklep"], ["P1", "P3", 401, "snowball"]]
1681121302.9895186;P6;[["P2", "P4", 368, "LupusreginaBeta"], ["P3", "P4", 371, "Vulnerar"], ["P4", "P5", 661, "shhovh"], ["P5", "P7", 764, "RMK"], ["P7", "P8", 1169, "Vulnerar"], ["P6", "P8", 659, "LupusreginaBeta"], ["P1", "P2", 316, "sklep"], ["P1", "P3", 401, "snowball"]]
1681121305.9940865;P6;[["P2", "P4", 368, "LupusreginaBeta"], ["P3", "P4", 371, "Vulnerar"], ["P4", "P5", 661, "shhovh"], ["P5", "P7", 764, "RMK"], ["P7", "P8", 1169, "Vulnerar"], ["P6", "P8", 659, "LupusreginaBeta"], ["P1", "P2", 316, "sklep"], ["P1", "P3", 401, "snowball"]]
1681121308.999222;P6;[["P2", "P4", 368, "LupusreginaBeta"], ["P3", "P4", 371, "Vulnerar"], ["P4", "P5", 661, "shhovh"], ["P5", "P7", 764, "RMK"], ["P7", "P8", 100, "hawksTorRelay"], ["P6", "P8", 659, "LupusreginaBeta"], ["P1", "P2", 316, "sklep"], ["P1", "P3", 401, "snowball"]]
1681121312.0028636;P6;[["P2", "P4", 368, "LupusreginaBeta"], ["P3", "P4", 371, "Vulnerar"], ["P4", "P5", 661, "shhovh"], ["P5", "P7", 764, "RMK"], ["P7", "P8", 100, "hawksTorRelay"], ["P6", "P8", 659, "LupusreginaBeta"], ["P1", "P2", 316, "sklep"], ["P1", "P3", 401, "snowball"]]
1681121315.0155017;P6;[["P2", "P4", 368, "LupusreginaBeta"], ["P3", "P4", 371, "Vulnerar"], ["P4", "P5", 661, "shhovh"], ["P5", "P7", 764, "RMK"], ["P7", "P8", 100, "hawksTorRelay"], ["P6", "P8", 659, "LupusreginaBeta"], ["P1", "P2", 316, "sklep"], ["P1", "P3", 401, "snowball"]]
1681121318.0226939;P6;[["P2", "P4", 368, "LupusreginaBeta"], ["P3", "P4", 371, "Vulnerar"], ["P4", "P5", 661, "shhovh"], ["P5", "P7", 764, "RMK"], ["P7", "P8", 100, "hawksTorRelay"], ["P6", "P8", 659, "LupusreginaBeta"], ["P1", "P2", 316, "sklep"], ["P1", "P3", 401, "snowball"]]
1681121321.0307157;P6;[["P2", "P4", 368, "LupusreginaBeta"], ["P3", "P4", 371, "Vulnerar"], ["P4", "P5", 661, "shhovh"], ["P5", "P7", 764, "RMK"], ["P7", "P8", 100, "hawksTorRelay"], ["P6", "P8", 659, "LupusreginaBeta"], ["P1", "P2", 316, "sklep"], ["P1", "P3", 401, "snowball"]]
1681121324.0374248;P6;[["P2", "P4", 368, "LupusreginaBeta"], ["P3", "P4", 371, "Vulnerar"], ["P4", "P5", 661, "shhovh"], ["P5", "P7", 764, "RMK"], ["P7", "P8", 100, "hawksTorRelay"], ["P6", "P8", 659, "LupusreginaBeta"], ["P1", "P2", 316, "sklep"], ["P1", "P3", 401, "snowball"]]
1681121327.043653;P6;[["P2", "P4", 368, "LupusreginaBeta"], ["P3", "P4", 371, "Vulnerar"], ["P4", "P5", 661, "shhovh"], ["P5", "P7", 764, "RMK"], ["P7", "P8", 100, "hawksTorRelay"], ["P6", "P8", 659, "LupusreginaBeta"], ["P1", "P2", 316, "sklep"], ["P1", "P3", 401, "snowball"]]
1681121330.052023;P6;[["P2", "P4", 368, "LupusreginaBeta"], ["P3", "P4", 371, "Vulnerar"], ["P4", "P5", 661, "shhovh"], ["P5", "P7", 764, "RMK"], ["P7", "P8", 100, "hawksTorRelay"], ["P6", "P8", 659, "LupusreginaBeta"], ["P1", "P2", 316, "sklep"], ["P1", "P3", 401, "snowball"]]
1681121333.060701;P6;[["P2", "P4", 368, "LupusreginaBeta"], ["P3", "P4", 371, "Vulnerar"], ["P4", "P5", 661, "shhovh"], ["P5", "P7", 764, "RMK"], ["P7", "P8", 100, "hawksTorRelay"], ["P6", "P8", 659, "LupusreginaBeta"], ["P1", "P2", 316, "sklep"], ["P1", "P3", 401, "snowball"]]
1681121336.0706427;P6;[["P2", "P4", 368, "LupusreginaBeta"], ["P3", "P4", 371, "Vulnerar"], ["P4", "P5", 661, "shhovh"], ["P5", "P7", 764, "RMK"], ["P7", "P8", 100, "hawksTorRelay"], ["P6", "P8", 659, "LupusreginaBeta"], ["P1", "P2", 316, "sklep"], ["P1", "P3", 401, "snowball"]]
1681121339.0800722;P6;[["P2", "P4", 368, "LupusreginaBeta"], ["P3", "P4", 371, "Vulnerar"], ["P4", "P5", 661, "shhovh"], ["P5", "P7", 764, "RMK"], ["P7", "P8", 100, "hawksTorRelay"], ["P6", "P8", 659, "LupusreginaBeta"], ["P1", "P2", 316, "sklep"], ["P1", "P3", 401, "snowball"]]
1681121342.103255;P6;[["P2", "P4", 368, "LupusreginaBeta"], ["P3", "P4", 371, "Vulnerar"], ["P4", "P5", 661, "shhovh"], ["P5", "P7", 764, "RMK"], ["P7", "P8", 100, "hawksTorRelay"], ["P6", "P8", 659, "LupusreginaBeta"], ["P1", "P2", 316, "sklep"], ["P1", "P3", 401, "snowball"]]
1681121345.1107738;P6;[["P2", "P4", 368, "LupusreginaBeta"], ["P3", "P4", 371, "Vulnerar"], ["P4", "P5", 661, "shhovh"], ["P5", "P7", 764, "RMK"], ["P7", "P8", 100, "hawksTorRelay"], ["P6", "P8", 659, "LupusreginaBeta"], ["P1", "P2", 316, "sklep"], ["P1", "P3", 401, "snowball"]]
1681121348.1249306;P6;[["P2", "P4", 368, "LupusreginaBeta"], ["P3", "P4", 371, "Vulnerar"], ["P4", "P5", 661, "shhovh"], ["P5", "P7", 764, "RMK"], ["P7", "P8", 100, "hawksTorRelay"], ["P6", "P8", 659, "LupusreginaBeta"], ["P1", "P2", 316, "sklep"], ["P1", "P3", 401, "snowball"]]
1681121351.1394427;P6;[["P2", "P4", 368, "LupusreginaBeta"], ["P3", "P4", 371, "Vulnerar"], ["P4", "P5", 661, "shhovh"], ["P5", "P7", 764, "RMK"], ["P7", "P8", 100, "hawksTorRelay"], ["P6", "P8", 659, "LupusreginaBeta"], ["P1", "P2", 316, "sklep"], ["P1", "P3", 401, "snowball"]]
1681121354.1497333;P6;[["P2", "P4", 368, "LupusreginaBeta"], ["P3", "P4", 371, "Vulnerar"], ["P4", "P5", 661, "shhovh"], ["P5", "P7", 764, "RMK"], ["P7", "P8", 100, "hawksTorRelay"], ["P6", "P8", 659, "LupusreginaBeta"], ["P1", "P2", 316, "sklep"], ["P1", "P3", 401, "snowball"]]
1681121357.1710675;P6;[["P2", "P4", 368, "LupusreginaBeta"], ["P3", "P4", 371, "Vulnerar"], ["P4", "P5", 661, "shhovh"], ["P5", "P7", 764, "RMK"], ["P7", "P8", 100, "hawksTorRelay"], ["P6", "P8", 659, "LupusreginaBeta"], ["P1", "P2", 316, "sklep"], ["P1", "P3", 401, "snowball"]]
1681121360.2114642;P6;[["P2", "P4", 368, "LupusreginaBeta"], ["P3", "P4", 371, "Vulnerar"], ["P4", "P5", 661, "shhovh"], ["P5", "P7", 764, "RMK"], ["P7", "P8", 100, "hawksTorRelay"], ["P6", "P8", 659, "LupusreginaBeta"], ["P1", "P2", 316, "sklep"], ["P1", "P3", 401, "snowball"]]
1681121363.224899;P6;[["P2", "P4", 368, "LupusreginaBeta"], ["P3", "P4", 371, "Vulnerar"], ["P4", "P5", 661, "shhovh"], ["P5", "P7", 764, "RMK"], ["P7", "P8", 100, "hawksTorRelay"], ["P6", "P8", 659, "LupusreginaBeta"], ["P1", "P2", 316, "sklep"], ["P1", "P3", 401, "snowball"]]
1681121366.230279;P6;[["P2", "P4", 368, "LupusreginaBeta"], ["P3", "P4", 371, "Vulnerar"], ["P4", "P5", 661, "shhovh"], ["P5", "P7", 764, "RMK"], ["P7", "P8", 100, "hawksTorRelay"], ["P6", "P8", 659, "LupusreginaBeta"], ["P1", "P2", 316, "sklep"], ["P1", "P3", 401, "snowball"]]
1681121369.3120217;P6;[["P2", "P4", 368, "LupusreginaBeta"], ["P3", "P4", 371, "Vulnerar"], ["P4", "P5", 661, "shhovh"], ["P5", "P7", 100, "p1onX01"], ["P7", "P8", 100, "hawksTorRelay"], ["P6", "P8", 659, "LupusreginaBeta"], ["P1", "P2", 316, "sklep"], ["P1", "P3", 401, "snowball"]]
1681121372.3735523;P6;[["P2", "P4", 368, "LupusreginaBeta"], ["P3", "P4", 371, "Vulnerar"], ["P4", "P5", 661, "shhovh"], ["P5", "P7", 100, "p1onX01"], ["P7", "P8", 100, "hawksTorRelay"], ["P6", "P8", 659, "LupusreginaBeta"], ["P1", "P2", 198, "sklep"], ["P1", "P3", 401, "snowball"]]
1681121375.385025;P6;[["P2", "P4", 368, "LupusreginaBeta"], ["P3", "P4", 371, "Vulnerar"], ["P4", "P5", 661, "shhovh"], ["P5", "P7", 100, "p1onX01"], ["P7", "P8", 100, "hawksTorRelay"], ["P6", "P8", 659, "LupusreginaBeta"], ["P1", "P2", 198, "sklep"], ["P1", "P3", 401, "snowball"]]
1681121378.3943658;P6;[["P2", "P4", 368, "LupusreginaBeta"], ["P3", "P4", 371, "Vulnerar"], ["P4", "P5", 661, "shhovh"], ["P5", "P7", 100, "p1onX01"], ["P7", "P8", 100, "hawksTorRelay"], ["P6", "P8", 659, "LupusreginaBeta"], ["P1", "P2", 198, "sklep"], ["P1", "P3", 401, "snowball"]]
1681121381.4042048;P6;[["P2", "P4", 527, "LupusreginaBeta"], ["P3", "P4", 377, "Vulnerar"], ["P4", "P5", 661, "shhovh"], ["P5", "P7", 100, "p1onX01"], ["P7", "P8", 100, "hawksTorRelay"], ["P6", "P8", 659, "LupusreginaBeta"], ["P1", "P2", 198, "sklep"], ["P1", "P3", 401, "snowball"]]
1681121384.4489331;P6;[["P2", "P4", 527, "LupusreginaBeta"], ["P3", "P4", 377, "Vulnerar"], ["P4", "P5", 661, "shhovh"], ["P5", "P7", 100, "p1onX01"], ["P7", "P8", 100, "hawksTorRelay"], ["P6", "P8", 659, "LupusreginaBeta"], ["P1", "P2", 198, "sklep"], ["P1", "P3", 401, "snowball"]]
1681121387.4570677;P6;[["P2", "P4", 527, "LupusreginaBeta"], ["P3", "P4", 377, "Vulnerar"], ["P4", "P5", 661, "shhovh"], ["P5", "P7", 100, "p1onX01"], ["P7", "P8", 100, "hawksTorRelay"], ["P6", "P8", 659, "LupusreginaBeta"], ["P1", "P2", 198, "sklep"], ["P1", "P3", 286, "snowball"]]
1681121390.4657195;P6;[["P2", "P4", 527, "LupusreginaBeta"], ["P3", "P4", 377, "Vulnerar"], ["P4", "P5", 661, "shhovh"], ["P5", "P7", 100, "p1onX01"], ["P7", "P8", 100, "hawksTorRelay"], ["P6", "P8", 659, "LupusreginaBeta"], ["P1", "P2", 198, "sklep"], ["P1", "P3", 286, "snowball"]]
1681121393.4811847;P6;[["P2", "P4", 527, "LupusreginaBeta"], ["P3", "P4", 377, "Vulnerar"], ["P4", "P5", 661, "shhovh"], ["P5", "P7", 100, "p1onX01"], ["P7", "P8", 100, "hawksTorRelay"], ["P6", "P8", 659, "LupusreginaBeta"], ["P1", "P2", 198, "sklep"], ["P1", "P3", 286, "snowball"]]
1681121396.493609;P6;[["P2", "P4", 527, "LupusreginaBeta"], ["P3", "P4", 377, "Vulnerar"], ["P4", "P5", 661, "shhovh"], ["P5", "P7", 100, "p1onX01"], ["P7", "P8", 100, "hawksTorRelay"], ["P6", "P8", 659, "LupusreginaBeta"], ["P1", "P2", 198, "sklep"], ["P1", "P3", 286, "snowball"]]
1681121399.5344794;P6;[["P2", "P4", 527, "LupusreginaBeta"], ["P3", "P4", 377, "Vulnerar"], ["P4", "P5", 661, "shhovh"], ["P5", "P7", 100, "p1onX01"], ["P7", "P8", 100, "hawksTorRelay"], ["P6", "P8", 659, "LupusreginaBeta"], ["P1", "P2", 198, "sklep"], ["P1", "P3", 286, "snowball"]]
1681121402.5650887;P6;[["P2", "P4", 527, "LupusreginaBeta"], ["P3", "P4", 377, "Vulnerar"], ["P4", "P5", 661, "shhovh"], ["P5", "P7", 100, "p1onX01"], ["P7", "P8", 100, "hawksTorRelay"], ["P6", "P8", 659, "LupusreginaBeta"], ["P1", "P2", 198, "sklep"], ["P1", "P3", 286, "snowball"]]
1681121405.5708477;P6;[["P2", "P4", 527, "LupusreginaBeta"], ["P3", "P4", 377, "Vulnerar"], ["P4", "P5", 661, "shhovh"], ["P5", "P7", 100, "p1onX01"], ["P7", "P8", 100, "hawksTorRelay"], ["P6", "P8", 659, "LupusreginaBeta"], ["P1", "P2", 198, "sklep"], ["P1", "P3", 286, "snowball"]]
1681121408.5773585;P6;[["P2", "P4", 527, "LupusreginaBeta"], ["P3", "P4", 377, "Vulnerar"], ["P4", "P5", 661, "shhovh"], ["P5", "P7", 100, "p1onX01"], ["P7", "P8", 100, "hawksTorRelay"], ["P6", "P8", 659, "LupusreginaBeta"], ["P1", "P2", 198, "sklep"], ["P1", "P3", 286, "snowball"]]
1681121411.5853581;P6;[["P2", "P4", 527, "LupusreginaBeta"], ["P3", "P4", 377, "Vulnerar"], ["P4", "P5", 661, "shhovh"], ["P5", "P7", 100, "p1onX01"], ["P7", "P8", 100, "hawksTorRelay"], ["P6", "P8", 659, "LupusreginaBeta"], ["P1", "P2", 198, "sklep"], ["P1", "P3", 286, "snowball"]]
1681121414.6154459;P6;[["P2", "P4", 527, "LupusreginaBeta"], ["P3", "P4", 377, "Vulnerar"], ["P4", "P5", 661, "shhovh"], ["P5", "P7", 100, "p1onX01"], ["P7", "P8", 100, "hawksTorRelay"], ["P6", "P8", 659, "LupusreginaBeta"], ["P1", "P2", 198, "sklep"], ["P1", "P3", 286, "snowball"]]
1681121417.630095;P6;[["P2", "P4", 527, "LupusreginaBeta"], ["P3", "P4", 377, "Vulnerar"], ["P4", "P5", 661, "shhovh"], ["P5", "P7", 100, "p1onX01"], ["P7", "P8", 100, "hawksTorRelay"], ["P6", "P8", 659, "LupusreginaBeta"], ["P1", "P2", 198, "sklep"], ["P1", "P3", 286, "snowball"]]
1681121420.6428826;P6;[["P2", "P4", 527, "LupusreginaBeta"], ["P3", "P4", 377, "Vulnerar"], ["P4", "P5", 661, "shhovh"], ["P5", "P7", 100, "p1onX01"], ["P7", "P8", 100, "hawksTorRelay"], ["P6", "P8", 659, "LupusreginaBeta"], ["P1", "P2", 198, "sklep"], ["P1", "P3", 286, "snowball"]]
1681121423.651146;P6;[["P2", "P4", 527, "LupusreginaBeta"], ["P3", "P4", 377, "Vulnerar"], ["P4", "P5", 661, "shhovh"], ["P5", "P7", 100, "p1onX01"], ["P7", "P8", 100, "hawksTorRelay"], ["P6", "P8", 659, "LupusreginaBeta"], ["P1", "P2", 198, "sklep"], ["P1", "P3", 286, "snowball"]]
1681121426.7826989;P6;[["P2", "P4", 100, "jokulhops"], ["P3", "P4", 377, "Vulnerar"], ["P4", "P5", 689, "shhovh"], ["P5", "P7", 100, "p1onX01"], ["P7", "P8", 100, "hawksTorRelay"], ["P6", "P8", 659, "LupusreginaBeta"], ["P1", "P2", 198, "sklep"], ["P1", "P3", 286, "snowball"]]
1681121429.8034165;P6;[["P2", "P4", 100, "jokulhops"], ["P3", "P4", 377, "Vulnerar"], ["P4", "P5", 689, "shhovh"], ["P5", "P7", 100, "p1onX01"], ["P7", "P8", 100, "hawksTorRelay"], ["P6", "P8", 659, "LupusreginaBeta"], ["P1", "P2", 198, "sklep"], ["P1", "P3", 286, "snowball"]]
1681121432.8127124;P6;[["P2", "P4", 100, "jokulhops"], ["P3", "P4", 377, "Vulnerar"], ["P4", "P5", 689, "shhovh"], ["P5", "P7", 100, "p1onX01"], ["P7", "P8", 100, "hawksTorRelay"], ["P6", "P8", 812, "LupusreginaBeta"], ["P1", "P2", 198, "sklep"], ["P1", "P3", 286, "snowball"]]
1681121435.823524;P6;[["P2", "P4", 100, "jokulhops"], ["P3", "P4", 377, "Vulnerar"], ["P4", "P5", 689, "shhovh"], ["P5", "P7", 100, "p1onX01"], ["P7", "P8", 100, "hawksTorRelay"], ["P6", "P8", 812, "LupusreginaBeta"], ["P1", "P2", 198, "sklep"], ["P1", "P3", 286, "snowball"]]
1681121438.8635714;P6;[["P2", "P4", 100, "jokulhops"], ["P3", "P4", 377, "Vulnerar"], ["P4", "P5", 689, "shhovh"], ["P5", "P7", 100, "p1onX01"], ["P7", "P8", 100, "hawksTorRelay"], ["P6", "P8", 812, "LupusreginaBeta"], ["P1", "P2", 198, "sklep"], ["P1", "P3", 286, "snowball"]]
1681121441.8897333;P6;[["P2", "P4", 100, "jokulhops"], ["P3", "P4", 377, "Vulnerar"], ["P4", "P5", 689, "shhovh"], ["P5", "P7", 100, "p1onX01"], ["P7", "P8", 100, "hawksTorRelay"], ["P6", "P8", 812, "LupusreginaBeta"], ["P1", "P2", 198, "sklep"], ["P1", "P3", 286, "snowball"]]
1681121444.923049;P6;[["P2", "P4", 100, "jokulhops"], ["P3", "P4", 377, "Vulnerar"], ["P4", "P5", 689, "shhovh"], ["P5", "P7", 100, "p1onX01"], ["P7", "P8", 100, "hawksTorRelay"], ["P6", "P8", 812, "LupusreginaBeta"], ["P1", "P2", 198, "sklep"], ["P1", "P3", 286, "snowball"]]
1681121447.97336;P6;[["P2", "P4", 100, "jokulhops"], ["P3", "P4", 377, "Vulnerar"], ["P4", "P5", 689, "shhovh"], ["P5", "P7", 100, "p1onX01"], ["P7", "P8", 100, "hawksTorRelay"], ["P6", "P8", 812, "LupusreginaBeta"], ["P1", "P2", 198, "sklep"], ["P1", "P3", 286, "snowball"]]
1681121450.981649;P6;[["P2", "P4", 100, "jokulhops"], ["P3", "P4", 377, "Vulnerar"], ["P4", "P5", 689, "shhovh"], ["P5", "P7", 100, "p1onX01"], ["P7", "P8", 100, "hawksTorRelay"], ["P6", "P8", 812, "LupusreginaBeta"], ["P1", "P2", 198, "sklep"], ["P1", "P3", 286, "snowball"]]
1681121453.9973075;P6;[["P2", "P4", 100, "jokulhops"], ["P3", "P4", 377, "Vulnerar"], ["P4", "P5", 689, "shhovh"], ["P5", "P7", 100, "p1onX01"], ["P7", "P8", 100, "hawksTorRelay"], ["P6", "P8", 812, "LupusreginaBeta"], ["P1", "P2", 198, "sklep"], ["P1", "P3", 286, "snowball"]]
1681121457.0169997;P6;[["P2", "P4", 100, "jokulhops"], ["P3", "P4", 377, "Vulnerar"], ["P4", "P5", 689, "shhovh"], ["P5", "P7", 100, "p1onX01"], ["P7", "P8", 100, "hawksTorRelay"], ["P6", "P8", 812, "LupusreginaBeta"], ["P1", "P2", 198, "sklep"], ["P1", "P3", 286, "snowball"]]
1681121460.0781622;P6;[["P2", "P4", 100, "jokulhops"], ["P3", "P4", 377, "Vulnerar"], ["P4", "P5", 689, "shhovh"], ["P5", "P7", 100, "p1onX01"], ["P7", "P8", 100, "hawksTorRelay"], ["P6", "P8", 812, "LupusreginaBeta"], ["P1", "P2", 198, "sklep"], ["P1", "P3", 286, "snowball"]]
1681121463.086792;P6;[["P2", "P4", 100, "jokulhops"], ["P3", "P4", 377, "Vulnerar"], ["P4", "P5", 689, "shhovh"], ["P5", "P7", 100, "p1onX01"], ["P7", "P8", 100, "hawksTorRelay"], ["P6", "P8", 812, "LupusreginaBeta"], ["P1", "P2", 198, "sklep"], ["P1", "P3", 286, "snowball"]]
1681121466.1009939;P6;[["P2", "P4", 100, "jokulhops"], ["P3", "P4", 377, "Vulnerar"], ["P4", "P5", 689, "shhovh"], ["P5", "P7", 100, "p1onX01"], ["P7", "P8", 100, "hawksTorRelay"], ["P6", "P8", 812, "LupusreginaBeta"], ["P1", "P2", 198, "sklep"], ["P1", "P3", 286, "snowball"]]
1681121469.1099124;P6;[["P2", "P4", 100, "jokulhops"], ["P3", "P4", 377, "Vulnerar"], ["P4", "P5", 689, "shhovh"], ["P5", "P7", 100, "p1onX01"], ["P7", "P8", 100, "hawksTorRelay"], ["P6", "P8", 812, "LupusreginaBeta"], ["P1", "P2", 198, "sklep"], ["P1", "P3", 286, "snowball"]]
1681121472.9445274;P6;[["P2", "P4", 100, "jokulhops"], ["P3", "P4", 377, "Vulnerar"], ["P4", "P5", 689, "shhovh"], ["P5", "P7", 100, "p1onX01"], ["P7", "P8", 1061, "hawksTorRelay"], ["P6", "P8", 812, "LupusreginaBeta"], ["P1", "P2", 198, "sklep"], ["P1", "P3", 286, "snowball"]]
1681121475.951404;P6;[["P2", "P4", 100, "jokulhops"], ["P3", "P4", 377, "Vulnerar"], ["P4", "P5", 689, "shhovh"], ["P5", "P7", 100, "p1onX01"], ["P7", "P8", 1061, "hawksTorRelay"], ["P6", "P8", 812, "LupusreginaBeta"], ["P1", "P2", 198, "sklep"], ["P1", "P3", 286, "snowball"]]
1681121478.9600756;P6;[["P2", "P4", 100, "jokulhops"], ["P3", "P4", 377, "Vulnerar"], ["P4", "P5", 689, "shhovh"], ["P5", "P7", 100, "p1onX01"], ["P7", "P8", 1061, "hawksTorRelay"], ["P6", "P8", 812, "LupusreginaBeta"], ["P1", "P2", 198, "sklep"], ["P1", "P3", 286, "snowball"]]
1681121481.981451;P6;[["P2", "P4", 100, "jokulhops"], ["P3", "P4", 377, "Vulnerar"], ["P5", "P7", 100, "p1onX01"], ["P7", "P8", 1061, "hawksTorRelay"], ["P6", "P8", 812, "LupusreginaBeta"], ["P1", "P2", 198, "sklep"], ["P1", "P3", 286, "snowball"]]
1681121484.98896;P6;[["P2", "P4", 100, "jokulhops"], ["P3", "P4", 377, "Vulnerar"], ["P4", "P5", 689, "shhovh"], ["P7", "P8", 1061, "hawksTorRelay"], ["P6", "P8", 812, "LupusreginaBeta"], ["P1", "P2", 198, "sklep"], ["P1", "P3", 286, "snowball"]]
1681121488.0042899;P6;[["P2", "P4", 100, "jokulhops"], ["P3", "P4", 377, "Vulnerar"], ["P4", "P5", 689, "shhovh"], ["P7", "P8", 1061, "hawksTorRelay"], ["P6", "P8", 812, "LupusreginaBeta"], ["P1", "P2", 198, "sklep"], ["P1", "P3", 286, "snowball"]]
1681121491.0135405;P6;[["P2", "P4", 100, "jokulhops"], ["P3", "P4", 377, "Vulnerar"], ["P4", "P5", 689, "shhovh"], ["P7", "P8", 1061, "hawksTorRelay"], ["P6", "P8", 812, "LupusreginaBeta"], ["P1", "P2", 198, "sklep"], ["P1", "P3", 286, "snowball"]]
1681121494.020224;P6;[["P6", "P8", 835, "LupusreginaBeta"], ["P6", "P7", 100, "bauruine"]]
1681121497.02911;P6;[["P6", "P8", 835, "LupusreginaBeta"], ["P6", "P7", 100, "bauruine"]]
1681121500.0370483;P6;[["P6", "P8", 835, "LupusreginaBeta"], ["P6", "P7", 100, "bauruine"]]
1681121503.0507786;P6;[["P2", "P4", 100, "jokulhops"], ["P3", "P4", 377, "Vulnerar"], ["P4", "P5", 689, "shhovh"], ["P7", "P8", 1061, "hawksTorRelay"], ["P6", "P7", 100, "bauruine"], ["P6", "P8", 812, "LupusreginaBeta"], ["P1", "P2", 198, "sklep"], ["P1", "P3", 286, "snowball"]]
1681121506.187144;P6;[["P2", "P4", 100, "jokulhops"], ["P3", "P4", 377, "Vulnerar"], ["P4", "P5", 689, "shhovh"], ["P7", "P8", 1061, "hawksTorRelay"], ["P6", "P7", 100, "bauruine"], ["P6", "P8", 812, "LupusreginaBeta"], ["P1", "P2", 198, "sklep"], ["P1", "P3", 286, "snowball"]]
1681121509.2014616;P6;[["P2", "P4", 100, "jokulhops"], ["P3", "P4", 377, "Vulnerar"], ["P4", "P5", 689, "shhovh"], ["P7", "P8", 1061, "hawksTorRelay"], ["P6", "P7", 100, "bauruine"], ["P6", "P8", 812, "LupusreginaBeta"], ["P1", "P2", 198, "sklep"], ["P1", "P3", 286, "snowball"]]
1681121512.2113743;P6;[["P2", "P4", 100, "jokulhops"], ["P3", "P4", 377, "Vulnerar"], ["P4", "P5", 689, "shhovh"], ["P7", "P8", 1061, "hawksTorRelay"], ["P6", "P7", 100, "bauruine"], ["P6", "P8", 812, "LupusreginaBeta"], ["P1", "P2", 198, "sklep"], ["P1", "P3", 286, "snowball"]]
1681121515.222337;P6;[["P2", "P4", 100, "jokulhops"], ["P3", "P4", 377, "Vulnerar"], ["P4", "P5", 689, "shhovh"], ["P7", "P8", 1061, "hawksTorRelay"], ["P6", "P7", 100, "bauruine"], ["P6", "P8", 812, "LupusreginaBeta"], ["P1", "P2", 198, "sklep"], ["P1", "P3", 286, "snowball"]]
1681121518.2380793;P6;[["P2", "P4", 100, "jokulhops"], ["P3", "P4", 377, "Vulnerar"], ["P4", "P5", 689, "shhovh"], ["P7", "P8", 1061, "hawksTorRelay"], ["P6", "P7", 100, "bauruine"], ["P6", "P8", 812, "LupusreginaBeta"], ["P1", "P2", 198, "sklep"], ["P1", "P3", 286, "snowball"]]
1681121521.2461796;P6;[["P6", "P8", 100, "Quetzalcoatl"], ["P6", "P7", 100, "bauruine"]]
1681121524.2537286;P6;[["P6", "P8", 100, "Quetzalcoatl"], ["P6", "P7", 100, "bauruine"]]
1681121527.2611623;P6;[["P6", "P8", 100, "Quetzalcoatl"], ["P6", "P7", 100, "bauruine"]]
1681121530.2682283;P6;[["P6", "P8", 100, "Quetzalcoatl"], ["P6", "P7", 100, "bauruine"]]
1681121533.2783606;P6;[["P6", "P8", 100, "Quetzalcoatl"], ["P6", "P7", 100, "bauruine"]]
1681121536.3366842;P6;[["P6", "P8", 100, "Quetzalcoatl"], ["P6", "P7", 100, "bauruine"]]
1681121539.3465436;P6;[["P2", "P4", 100, "jokulhops"], ["P3", "P4", 377, "Vulnerar"], ["P4", "P5", 689, "shhovh"], ["P7", "P8", 1061, "hawksTorRelay"], ["P6", "P7", 100, "bauruine"], ["P6", "P8", 100, "Quetzalcoatl"], ["P1", "P2", 198, "sklep"], ["P1", "P3", 286, "snowball"]]
1681121542.3534193;P6;[["P2", "P4", 100, "jokulhops"], ["P3", "P4", 377, "Vulnerar"], ["P4", "P5", 689, "shhovh"], ["P7", "P8", 1061, "hawksTorRelay"], ["P6", "P7", 100, "bauruine"], ["P6", "P8", 100, "Quetzalcoatl"], ["P1", "P2", 198, "sklep"], ["P1", "P3", 286, "snowball"]]
1681121545.4293003;P6;[["P2", "P4", 100, "jokulhops"], ["P3", "P4", 377, "Vulnerar"], ["P4", "P5", 689, "shhovh"], ["P7", "P8", 1061, "hawksTorRelay"], ["P6", "P7", 100, "bauruine"], ["P6", "P8", 100, "Quetzalcoatl"], ["P1", "P2", 198, "sklep"], ["P1", "P3", 286, "snowball"]]
