1677420280.7090821;P2;PEER ENTERED;
1677420281.394733;P2;NEIGHBOUR CONNECTION;P1
1677420282.5092776;P2;HB SENT;Payload: 111 bytes
1677420285.7158973;P2;HB SENT;Payload: 105 bytes
1677420285.8067183;P2;MEASURED LATENCY;{'P1': 92}
1677420286.9836035;P2;NEIGHBOUR CONNECTION;P4
1677420287.4674168;P2;HB SENT;Payload: 111 bytes
1677420290.7220178;P2;HB SENT;Payload: 105 bytes
1677420290.7227504;P2;HB SENT;Payload: 105 bytes
1677420290.768077;P2;MEASURED LATENCY;{'P1': 47}
1677420290.8071065;P2;MEASURED LATENCY;{'P4': 86}
1677420291.2528715;P2;HB SENT;Payload: 111 bytes
1677420292.4715414;P2;TOPOLOGY UPDATE;{"P1": {"P2": 100, "P3": 100}, "P2": {"P4": 100, "P1": 100}, "P3": {"P1": 100}, "P4": {"P2": 100}}
1677420292.4720879;P2;LSA SENT;Payload: 360 bytes
1677420295.7371337;P2;LSA SENT;Payload: 228 bytes
1677420295.7377121;P2;HB SENT;Payload: 105 bytes
1677420295.7389977;P2;LSA SENT;Payload: 228 bytes
1677420295.7393186;P2;HB SENT;Payload: 105 bytes
1677420296.257379;P2;HB SENT;Payload: 111 bytes
1677420296.792401;P2;HB SENT;Payload: 111 bytes
1677420296.7931812;P2;MEASURED LATENCY;{'P1': 1060}
1677420296.8421435;P2;MEASURED LATENCY;{'P4': 1109}
1677420297.4844103;P2;HB SENT;Payload: 111 bytes
1677420298.147704;P2;TOPOLOGY UPDATE;{"P1": {"P2": 100, "P3": 100}, "P2": {"P4": 100, "P1": 100}, "P3": {"P4": 100, "P1": 100}, "P4": {"P2": 100, "P3": 100}}
1677420298.148593;P2;LSA SENT;Payload: 360 bytes
1677420299.151737;P2;LSA SENT;Payload: 360 bytes
1677420300.7454062;P2;HB SENT;Payload: 105 bytes
1677420300.7459848;P2;HB SENT;Payload: 105 bytes
1677420300.7951803;P2;MEASURED LATENCY;{'P1': 50}
1677420300.8333936;P2;MEASURED LATENCY;{'P4': 88}
1677420301.2582078;P2;TOPOLOGY UPDATE;{"P1": {"P2": 100, "P3": 100}, "P2": {"P4": 100, "P1": 100}, "P3": {"P4": 100, "P1": 100}, "P4": {"P2": 100, "P3": 100}}
1677420301.2588997;P2;LSA SENT;Payload: 360 bytes
1677420302.4806628;P2;HB SENT;Payload: 111 bytes
1677420305.7513993;P2;HB SENT;Payload: 105 bytes
1677420305.7519526;P2;HB SENT;Payload: 105 bytes
1677420305.802595;P2;MEASURED LATENCY;{'P1': 52}
1677420305.8872354;P2;MEASURED LATENCY;{'P4': 136}
1677420306.2677736;P2;HB SENT;Payload: 111 bytes
1677420307.501495;P2;HB SENT;Payload: 111 bytes
1677420310.7557209;P2;LSA SENT;Payload: 228 bytes
1677420310.7563581;P2;LSA SENT;Payload: 228 bytes
1677420310.7579038;P2;HB SENT;Payload: 105 bytes
1677420310.7583685;P2;HB SENT;Payload: 105 bytes
1677420310.8796425;P2;MEASURED LATENCY;{'P1': 122}
1677420310.9384303;P2;MEASURED LATENCY;{'P4': 180}
1677420311.2743616;P2;HB SENT;Payload: 111 bytes
1677420312.5154147;P2;HB SENT;Payload: 111 bytes
1677420315.7640913;P2;HB SENT;Payload: 105 bytes
1677420315.764672;P2;HB SENT;Payload: 105 bytes
1677420315.8216317;P2;MEASURED LATENCY;{'P1': 58}
1677420315.9892154;P2;MEASURED LATENCY;{'P4': 225}
1677420317.5050025;P2;HB SENT;Payload: 111 bytes
1677420320.771206;P2;HB SENT;Payload: 105 bytes
1677420320.777416;P2;HB SENT;Payload: 105 bytes
1677420320.8289778;P2;MEASURED LATENCY;{'P1': 61}
1677420320.8760178;P2;MEASURED LATENCY;{'P4': 108}
1677420321.293771;P2;HB SENT;Payload: 111 bytes
1677420322.4759653;P2;LEAST COST PATH;{"P1": ["P2"], "P2": [], "P3": ["P1"], "P4": ["P2"]}
1677420322.5246103;P2;HB SENT;Payload: 111 bytes
1677420325.774504;P2;LSA SENT;Payload: 228 bytes
1677420325.7753637;P2;LSA SENT;Payload: 228 bytes
1677420325.7838619;P2;HB SENT;Payload: 105 bytes
1677420325.7843244;P2;HB SENT;Payload: 105 bytes
1677420325.885416;P2;MEASURED LATENCY;{'P1': 102}
1677420325.9675555;P2;MEASURED LATENCY;{'P4': 185}
1677420326.3034074;P2;HB SENT;Payload: 111 bytes
1677420327.5352368;P2;HB SENT;Payload: 111 bytes
1677420328.1490974;P2;LEAST COST PATH;{"P1": ["P2"], "P2": [], "P3": ["P1"], "P4": ["P2"]}
1677420330.790486;P2;HB SENT;Payload: 105 bytes
1677420330.7912016;P2;HB SENT;Payload: 105 bytes
1677420330.8514159;P2;MEASURED LATENCY;{'P1': 61}
1677420330.85152;P2;APPLIED LATENCY;{"P1": 61}
1677420330.8955257;P2;MEASURED LATENCY;{'P4': 106}
1677420331.2601788;P2;LEAST COST PATH;{"P1": ["P2"], "P2": [], "P3": ["P1"], "P4": ["P2"]}
1677420331.3754723;P2;HB SENT;Payload: 111 bytes
1677420332.5298722;P2;HB SENT;Payload: 111 bytes
1677420335.7972922;P2;HB SENT;Payload: 105 bytes
1677420335.797889;P2;HB SENT;Payload: 105 bytes
1677420335.8429828;P2;MEASURED LATENCY;{'P1': 46}
1677420335.8895195;P2;MEASURED LATENCY;{'P4': 93}
1677420335.8896816;P2;APPLIED LATENCY;{"P4": 93}
1677420336.3031647;P2;HB SENT;Payload: 111 bytes
1677420337.5205898;P2;LSA SENT;Payload: 360 bytes
1677420338.5228362;P2;HB SENT;Payload: 111 bytes
1677420340.7924361;P2;LSA SENT;Payload: 228 bytes
1677420340.7931268;P2;LSA SENT;Payload: 228 bytes
1677420340.804593;P2;HB SENT;Payload: 105 bytes
1677420340.8050518;P2;HB SENT;Payload: 105 bytes
1677420341.3127136;P2;HB SENT;Payload: 111 bytes
1677420341.8452227;P2;MEASURED LATENCY;{'P1': 1041}
1677420341.923827;P2;MEASURED LATENCY;{'P4': 1120}
1677420342.5360398;P2;HB SENT;Payload: 111 bytes
1677420343.2041075;P2;LSA SENT;Payload: 360 bytes
1677420344.2060452;P2;LSA SENT;Payload: 360 bytes
1677420345.8100915;P2;HB SENT;Payload: 105 bytes
1677420345.8108237;P2;HB SENT;Payload: 105 bytes
1677420345.865618;P2;MEASURED LATENCY;{'P1': 56}
1677420345.9651134;P2;MEASURED LATENCY;{'P4': 155}
1677420346.4010894;P2;HB SENT;Payload: 111 bytes
1677420347.5212884;P2;TOPOLOGY UPDATE;{"P1": {"P2": 576, "P3": 150}, "P2": {"P4": 100, "P1": 576}, "P3": {"P4": 327, "P1": 150}, "P4": {"P2": 100, "P3": 327}}
1677420347.548856;P2;HB SENT;Payload: 111 bytes
1677420350.8120422;P2;HB SENT;Payload: 105 bytes
1677420350.8125882;P2;HB SENT;Payload: 105 bytes
1677420350.8569238;P2;MEASURED LATENCY;{'P1': 46}
1677420351.042546;P2;MEASURED LATENCY;{'P4': 232}
1677420351.4038858;P2;HB SENT;Payload: 111 bytes
1677420352.5534582;P2;HB SENT;Payload: 111 bytes
1677420353.2044334;P2;TOPOLOGY UPDATE;{"P1": {"P2": 576, "P3": 150}, "P2": {"P4": 100, "P1": 576}, "P3": {"P4": 327, "P1": 150}, "P4": {"P2": 100, "P3": 327}}
1677420355.8110042;P2;LSA SENT;Payload: 228 bytes
1677420355.8115947;P2;LSA SENT;Payload: 228 bytes
1677420355.8203773;P2;HB SENT;Payload: 105 bytes
1677420355.820833;P2;HB SENT;Payload: 105 bytes
1677420355.916936;P2;MEASURED LATENCY;{'P1': 97}
1677420356.0396125;P2;MEASURED LATENCY;{'P4': 220}
1677420356.3378463;P2;HB SENT;Payload: 111 bytes
1677420357.5641088;P2;HB SENT;Payload: 111 bytes
1677420360.8286605;P2;HB SENT;Payload: 105 bytes
1677420360.8300912;P2;HB SENT;Payload: 105 bytes
1677420360.898312;P2;MEASURED LATENCY;{'P1': 70}
1677420360.922134;P2;MEASURED LATENCY;{'P4': 94}
1677420361.3357642;P2;LSA SENT;Payload: 360 bytes
1677420362.3394296;P2;HB SENT;Payload: 111 bytes
1677420362.587313;P2;HB SENT;Payload: 111 bytes
1677420365.8373077;P2;HB SENT;Payload: 105 bytes
1677420365.8380034;P2;HB SENT;Payload: 105 bytes
1677420365.8893692;P2;MEASURED LATENCY;{'P1': 52}
1677420365.9289076;P2;MEASURED LATENCY;{'P4': 92}
1677420366.3561475;P2;HB SENT;Payload: 111 bytes
1677420367.5935214;P2;HB SENT;Payload: 111 bytes
1677420370.8280966;P2;LSA SENT;Payload: 228 bytes
1677420370.8287573;P2;LSA SENT;Payload: 228 bytes
1677420370.8455606;P2;HB SENT;Payload: 105 bytes
1677420370.8467019;P2;HB SENT;Payload: 105 bytes
1677420370.9994528;P2;MEASURED LATENCY;{'P4': 154}
1677420371.12278;P2;MEASURED LATENCY;{'P1': 278}
1677420371.333542;P2;TOPOLOGY UPDATE;{"P1": {"P2": 576, "P3": 150}, "P2": {"P4": 210, "P1": 576}, "P3": {"P4": 327, "P1": 150}, "P4": {"P2": 210, "P3": 327}}
1677420371.3589277;P2;HB SENT;Payload: 111 bytes
1677420372.5958617;P2;HB SENT;Payload: 111 bytes
1677420375.8526704;P2;HB SENT;Payload: 105 bytes
1677420375.8533876;P2;HB SENT;Payload: 105 bytes
1677420375.899337;P2;MEASURED LATENCY;{'P1': 47}
1677420375.942876;P2;MEASURED LATENCY;{'P4': 91}
1677420376.4222722;P2;HB SENT;Payload: 111 bytes
1677420377.523034;P2;LEAST COST PATH;{"P1": ["P2"], "P2": [], "P3": ["P4"], "P4": ["P2"]}
1677420377.604322;P2;HB SENT;Payload: 111 bytes
1677420380.8611507;P2;HB SENT;Payload: 105 bytes
1677420380.8618927;P2;HB SENT;Payload: 105 bytes
1677420380.9181201;P2;MEASURED LATENCY;{'P1': 57}
1677420380.9182866;P2;APPLIED LATENCY;{"P1": 57}
1677420380.9617662;P2;MEASURED LATENCY;{'P4': 101}
1677420381.3845017;P2;HB SENT;Payload: 111 bytes
1677420382.5808125;P2;LSA SENT;Payload: 360 bytes
1677420383.207937;P2;LEAST COST PATH;{"P1": ["P2"], "P2": [], "P3": ["P4"], "P4": ["P2"]}
1677420383.5832596;P2;HB SENT;Payload: 111 bytes
1677420385.8469167;P2;LSA SENT;Payload: 228 bytes
1677420385.8471782;P2;LSA SENT;Payload: 228 bytes
1677420385.8678255;P2;HB SENT;Payload: 105 bytes
1677420385.8684633;P2;HB SENT;Payload: 105 bytes
1677420386.3762746;P2;HB SENT;Payload: 111 bytes
1677420386.9033387;P2;MEASURED LATENCY;{'P1': 1036}
1677420386.9366474;P2;MEASURED LATENCY;{'P4': 1070}
1677420386.9367652;P2;APPLIED LATENCY;{"P4": 1070}
1677420387.6125784;P2;HB SENT;Payload: 111 bytes
1677420388.2407122;P2;LSA SENT;Payload: 360 bytes
1677420389.2431574;P2;LSA SENT;Payload: 360 bytes
1677420390.876078;P2;HB SENT;Payload: 105 bytes
1677420390.876673;P2;HB SENT;Payload: 105 bytes
1677420390.928016;P2;MEASURED LATENCY;{'P1': 52}
1677420390.9677045;P2;MEASURED LATENCY;{'P4': 92}
1677420391.438068;P2;HB SENT;Payload: 111 bytes
1677420392.5807352;P2;TOPOLOGY UPDATE;{"P1": {"P2": 233, "P3": 150}, "P2": {"P4": 210, "P1": 233}, "P3": {"P4": 434, "P1": 150}, "P4": {"P2": 210, "P3": 434}}
1677420392.6166766;P2;HB SENT;Payload: 111 bytes
1677420395.8835845;P2;HB SENT;Payload: 105 bytes
1677420395.884059;P2;HB SENT;Payload: 105 bytes
1677420395.9345841;P2;MEASURED LATENCY;{'P1': 52}
1677420395.9808235;P2;MEASURED LATENCY;{'P4': 98}
1677420396.4109488;P2;HB SENT;Payload: 111 bytes
1677420396.8990307;P2;PEER EXITED;
