2023-04-10 11:54:26,128 - INFO - [MainThread] - Initialized router P4 at port 5004 PID 22610
2023-04-10 11:54:26,130 - INFO - [MainThread] - Adding a connection to LupusreginaBeta
2023-04-10 11:54:26,130 - INFO - [Connect-LupusreginaBeta] - Calling connect_to_rendezvous_point
2023-04-10 11:54:26,130 - INFO - [Connect-LupusreginaBeta] - Connect to rendezvous point LupusreginaBeta
2023-04-10 11:54:26,133 - INFO - [MainThread] - Adding listener for Vulnerar
2023-04-10 11:54:26,133 - INFO - [Establish-Vulnerar] - Establishing RP to Vulnerar
2023-04-10 11:54:26,135 - INFO - [MainThread] - Adding listener for shhovh
2023-04-10 11:54:26,137 - INFO - [Connect-LupusreginaBeta] - Loading cached NetworkStatusDocument from TorCacheDirStorage: /root/.local/share/torpy/network_status
2023-04-10 11:54:26,160 - INFO - [Establish-shhovh] - Establishing RP to shhovh
2023-04-10 11:54:26,239 - INFO - [Establish-Vulnerar] - Loading cached NetworkStatusDocument from TorCacheDirStorage: /root/.local/share/torpy/network_status
2023-04-10 11:54:26,242 - INFO - [MainThread] - Starting testing thread
2023-04-10 11:54:26,351 - INFO - [Connect-LupusreginaBeta] - Loading cached DirKeyCertificateList from TorCacheDirStorage: /root/.local/share/torpy/dir_key_certificates
2023-04-10 11:54:26,366 - INFO - [Establish-shhovh] - Loading cached NetworkStatusDocument from TorCacheDirStorage: /root/.local/share/torpy/network_status
2023-04-10 11:54:26,372 - INFO - [TESTER] - Started tester
2023-04-10 11:54:26,377 - INFO - [MainThread] - Starting connection thread
2023-04-10 11:54:26,396 - INFO - [MainThread] - Starting log thread
2023-04-10 11:54:26,798 - INFO - [Establish-Vulnerar] - Loading cached DirKeyCertificateList from TorCacheDirStorage: /root/.local/share/torpy/dir_key_certificates
2023-04-10 11:54:26,800 - INFO - [Establish-Vulnerar] - Connecting to guard node 185.181.61.23:443 (staysafeandgoodluck; Tor 0.4.7.13)... (None)
2023-04-10 11:54:26,803 - INFO - [Establish-shhovh] - Loading cached DirKeyCertificateList from TorCacheDirStorage: /root/.local/share/torpy/dir_key_certificates
2023-04-10 11:54:26,805 - INFO - [Establish-shhovh] - Connecting to guard node 185.181.61.23:443 (staysafeandgoodluck; Tor 0.4.7.13)... (None)
2023-04-10 11:54:26,806 - INFO - [Connect-LupusreginaBeta] - Connected to rendezvous point LupusreginaBeta
2023-04-10 11:54:26,807 - INFO - [Connect-LupusreginaBeta] - Waiting for peer to open stream
2023-04-10 11:54:26,854 - INFO - [Establish-Vulnerar] - Creating new circuit #80000001 with 185.181.61.23:443 (staysafeandgoodluck; Tor 0.4.7.13) router...
2023-04-10 11:54:26,857 - INFO - [Connect-LupusreginaBeta] - Received cell: <class 'torpy.cells.CellRelay'>
2023-04-10 11:54:26,857 - INFO - [Connect-LupusreginaBeta] - Stream opened successfully
2023-04-10 11:54:26,858 - INFO - [Connect-LupusreginaBeta] - Sending HELLO to peer: b'\x80\x04\x95&\x00\x00\x00\x00\x00\x00\x00]\x94}\x94(\x8c\x07Message\x94\x8c\x05HELLO\x94\x8c\x04Peer\x94\x8c\x02P4\x94ua.'
2023-04-10 11:54:26,860 - INFO - [Establish-shhovh] - Creating new circuit #80000002 with 185.181.61.23:443 (staysafeandgoodluck; Tor 0.4.7.13) router...
2023-04-10 11:54:26,874 - INFO - [Establish-Vulnerar] - Building -1 hops circuit...
2023-04-10 11:54:26,874 - INFO - [Establish-Vulnerar] - Extending the circuit #80000001 with 157.90.179.103:8001 (Vulnerar; Tor 0.4.7.13)...
2023-04-10 11:54:26,874 - INFO - [Establish-Vulnerar] - Getting descriptor for 157.90.179.103:8001 (Vulnerar; Tor 0.4.7.13)...
2023-04-10 11:54:26,878 - INFO - [Establish-Vulnerar] - Connecting to guard node 138.59.18.106:443 (Albis; Tor 0.4.7.13)... (Internal dir client)
2023-04-10 11:54:26,879 - INFO - [Establish-shhovh] - Building -1 hops circuit...
2023-04-10 11:54:26,880 - INFO - [Establish-shhovh] - Extending the circuit #80000002 with 198.50.191.95:443 (shhovh; Tor 0.4.7.11)...
2023-04-10 11:54:27,066 - INFO - [RECEIVER] - Added neighbour P2
2023-04-10 11:54:27,665 - INFO - [Establish-Vulnerar] - Creating new circuit #80000003 with 138.59.18.106:443 (Albis; Tor 0.4.7.13) router...
2023-04-10 11:54:27,863 - INFO - [Establish-Vulnerar] - Building 0 hops circuit...
2023-04-10 11:54:27,863 - INFO - [Establish-Vulnerar] - Stream #1: creating attached to #80000003 circuit...
2023-04-10 11:54:27,863 - INFO - [Establish-Vulnerar] - Stream #1: connecting to hsdir
2023-04-10 11:54:28,060 - INFO - [RecvLoop_138.59.] - Stream #1: connected (remote ip '')
2023-04-10 11:54:28,267 - INFO - [RecvLoop_138.59.] - Stream #1: remote disconnected (reason = DONE)
2023-04-10 11:54:28,268 - INFO - [Establish-Vulnerar] - Stream #1: closing (state = Disconnected)...
2023-04-10 11:54:28,268 - INFO - [Establish-Vulnerar] - Got descriptor
2023-04-10 11:54:28,268 - INFO - [Establish-shhovh] - Getting descriptor for 198.50.191.95:443 (shhovh; Tor 0.4.7.11)...
2023-04-10 11:54:28,273 - INFO - [Establish-shhovh] - Connecting to guard node 23.154.177.3:443 (UnredactedManning; Tor 0.4.7.13)... (Internal dir client)
2023-04-10 11:54:28,318 - INFO - [Establish-Vulnerar] - <class 'torpy.circuit.TorCircuit'>
2023-04-10 11:54:28,369 - INFO - [Establish-Vulnerar] - Rendezvous established (CellRelayRendezvousEstablished())
2023-04-10 11:54:28,370 - INFO - [Establish-Vulnerar] - Waiting for connections at relay Vulnerar for cookie b'eb688e4f52df90278060' ...
2023-04-10 11:54:28,572 - INFO - [Establish-shhovh] - Creating new circuit #80000004 with 23.154.177.3:443 (UnredactedManning; Tor 0.4.7.13) router...
2023-04-10 11:54:28,647 - INFO - [Establish-shhovh] - Building 0 hops circuit...
2023-04-10 11:54:28,647 - INFO - [Establish-shhovh] - Stream #2: creating attached to #80000004 circuit...
2023-04-10 11:54:28,647 - INFO - [Establish-shhovh] - Stream #2: connecting to hsdir
2023-04-10 11:54:28,725 - INFO - [RecvLoop_23.154.] - Stream #2: connected (remote ip '')
2023-04-10 11:54:28,996 - INFO - [RecvLoop_23.154.] - Stream #2: remote disconnected (reason = DONE)
2023-04-10 11:54:28,997 - INFO - [Establish-shhovh] - Stream #2: closing (state = Disconnected)...
2023-04-10 11:54:28,997 - INFO - [Establish-shhovh] - Got descriptor
2023-04-10 11:54:29,123 - INFO - [Establish-shhovh] - <class 'torpy.circuit.TorCircuit'>
2023-04-10 11:54:29,139 - INFO - [Establish-Vulnerar] - Got REND2 message from Vulnerar
2023-04-10 11:54:29,139 - INFO - [Establish-Vulnerar] - Entered circuit context with id 0x80000001
2023-04-10 11:54:29,139 - INFO - [Establish-Vulnerar] - Stream #3: creating attached to #80000001 circuit...
2023-04-10 11:54:29,139 - INFO - [Establish-Vulnerar] - Stream #3: connecting to ('127.0.0.1', 5000)
2023-04-10 11:54:29,243 - INFO - [Establish-shhovh] - Rendezvous established (CellRelayRendezvousEstablished())
2023-04-10 11:54:29,243 - INFO - [Establish-shhovh] - Waiting for connections at relay shhovh for cookie b'eb688e4f52df90278060' ...
2023-04-10 11:54:29,251 - INFO - [RecvLoop_185.181] - Stream #3: connected (remote ip '127.0.0.1')
2023-04-10 11:54:29,340 - INFO - [Establish-Vulnerar] - Sending HELLO to peer
2023-04-10 11:54:29,340 - INFO - [Establish-Vulnerar] - Sending HELLO to peer: b'\x80\x04\x95&\x00\x00\x00\x00\x00\x00\x00]\x94}\x94(\x8c\x07Message\x94\x8c\x05HELLO\x94\x8c\x04Peer\x94\x8c\x02P4\x94ua.'
2023-04-10 11:54:29,342 - INFO - [RECEIVER] - Added neighbour P3
2023-04-10 11:55:03,720 - INFO - [Establish-shhovh] - Got REND2 message from shhovh
2023-04-10 11:55:03,721 - INFO - [Establish-shhovh] - Entered circuit context with id 0x80000002
2023-04-10 11:55:03,721 - INFO - [Establish-shhovh] - Stream #4: creating attached to #80000002 circuit...
2023-04-10 11:55:03,721 - INFO - [Establish-shhovh] - Stream #4: connecting to ('127.0.0.1', 5000)
2023-04-10 11:55:03,962 - INFO - [RecvLoop_185.181] - Stream #4: connected (remote ip '127.0.0.1')
2023-04-10 11:55:04,123 - INFO - [Establish-shhovh] - Sending HELLO to peer
2023-04-10 11:55:04,124 - INFO - [Establish-shhovh] - Sending HELLO to peer: b'\x80\x04\x95&\x00\x00\x00\x00\x00\x00\x00]\x94}\x94(\x8c\x07Message\x94\x8c\x05HELLO\x94\x8c\x04Peer\x94\x8c\x02P4\x94ua.'
2023-04-10 11:55:04,125 - INFO - [RECEIVER] - Added neighbour P5
2023-04-10 11:55:12,296 - WARNING - [RECEIVER] - Routing loop from P5 to P3: P5-P4-P2-P4
2023-04-10 11:55:12,551 - WARNING - [RECEIVER] - Routing loop from P5 to P2: P5-P4-P5-P4
2023-04-10 11:55:26,404 - WARNING - [Connect-LupusreginaBeta] - Got SENDME
2023-04-10 11:55:26,423 - INFO - [CONNECTION] - Highest cost peers: [('P1', 200), ('P6', 200), ('P2', 100), ('P3', 100), ('P5', 100), ('P4', 0)]
2023-04-10 11:55:26,423 - INFO - [CONNECTION] - Latency for P1 is 200 - max 500
2023-04-10 11:55:26,423 - INFO - [CONNECTION] - Latency for P6 is 200 - max 500
2023-04-10 11:55:26,423 - INFO - [CONNECTION] - Latency for P2 is 100 - max 500
2023-04-10 11:55:26,423 - INFO - [CONNECTION] - Latency for P3 is 100 - max 500
2023-04-10 11:55:26,423 - INFO - [CONNECTION] - Latency for P5 is 100 - max 500
2023-04-10 11:55:26,423 - INFO - [CONNECTION] - Latency for P4 is 0 - max 500
2023-04-10 11:55:26,423 - INFO - [CONNECTION] - No join peer selected for circuit switch
2023-04-10 11:55:29,076 - INFO - [RecvLoop_23.154.] - On destroy: circuit #80000004
2023-04-10 11:55:29,076 - INFO - [RecvLoop_23.154.] - Destroy circuit #80000004
2023-04-10 11:55:34,089 - INFO - [RecvLoop_138.59.] - On destroy: circuit #80000003
2023-04-10 11:55:34,089 - INFO - [RecvLoop_138.59.] - Destroy circuit #80000003
2023-04-10 11:55:43,830 - INFO - [RECEIVER] - updateGraphOnly: [['P1', 'P2', 100, 'sklep'], ['P1', 'P3', 100, 'snowball'], ['P2', 'P4', 100, 'LupusreginaBeta'], ['P3', 'P4', 100, 'Vulnerar'], ['P4', 'P5', 100, 'shhovh'], ['P5', 'P6', 100, 'taipe'], ['P5', 'P7', 100, 'RMK'], ['P6', 'P8', 100, 'LupusreginaBeta'], ['P7', 'P8', 100, 'Vulnerar']] , {'P6'}
2023-04-10 11:55:48,337 - WARNING - [RECEIVER] - TTL reached from path to P3 from P6
2023-04-10 11:55:58,111 - WARNING - [RECEIVER] - TTL reached from path to P3 from P6
2023-04-10 11:55:58,951 - WARNING - [RECEIVER] - TTL reached from path to P2 from P6
2023-04-10 11:56:02,326 - INFO - [RECEIVER] - updateGraphOnly: [['P1', 'P2', 100, 'sklep'], ['P1', 'P3', 100, 'snowball'], ['P2', 'P4', 100, 'LupusreginaBeta'], ['P3', 'P4', 100, 'Vulnerar'], ['P4', 'P5', 100, 'shhovh'], ['P5', 'P7', 100, 'RMK'], ['P7', 'P8', 100, 'Vulnerar'], ['P6', 'P8', 100, 'LupusreginaBeta']] , {'P5'}
2023-04-10 11:56:05,341 - WARNING - [RECEIVER] - TTL reached from path to P3 from P6
2023-04-10 11:56:05,854 - WARNING - [RECEIVER] - Routing loop from P4 to P8: P4-P5-P4
2023-04-10 11:56:05,902 - WARNING - [RECEIVER] - Routing loop from P4 to P8: P4-P5-P4-P2-P4
2023-04-10 11:56:05,902 - WARNING - [RECEIVER] - TTL reached from path to P8 from P4
2023-04-10 11:56:06,515 - WARNING - [RECEIVER] - Routing loop from P4 to P6: P4-P5-P4
2023-04-10 11:56:07,748 - WARNING - [RECEIVER] - TTL reached from path to P2 from P6
2023-04-10 11:56:09,508 - WARNING - [RECEIVER] - TTL reached from path to P3 from P6
2023-04-10 11:56:12,559 - WARNING - [RECEIVER] - TTL reached from path to P2 from P6
2023-04-10 11:56:15,666 - WARNING - [RECEIVER] - Routing loop from P4 to P5: P4-P3-P4
2023-04-10 11:56:15,715 - WARNING - [RECEIVER] - Routing loop from P4 to P5: P4-P3-P4-P2-P4
2023-04-10 11:56:15,715 - WARNING - [RECEIVER] - TTL reached from path to P5 from P4
2023-04-10 11:56:15,740 - WARNING - [RECEIVER] - Routing loop from P4 to P6: P4-P3-P4
2023-04-10 11:56:15,843 - WARNING - [RECEIVER] - Routing loop from P4 to P6: P4-P3-P4-P3-P4
2023-04-10 11:56:15,843 - WARNING - [RECEIVER] - TTL reached from path to P6 from P4
2023-04-10 11:56:19,371 - WARNING - [Connect-LupusreginaBeta] - Got SENDME
2023-04-10 11:56:19,413 - WARNING - [Connect-LupusreginaBeta] - Got SENDME
2023-04-10 11:56:19,574 - WARNING - [RECEIVER] - TTL reached from path to P3 from P6
2023-04-10 11:56:22,476 - WARNING - [RECEIVER] - TTL reached from path to P2 from P6
2023-04-10 11:56:25,576 - WARNING - [RECEIVER] - Routing loop from P4 to P5: P4-P2-P4
2023-04-10 11:56:25,633 - WARNING - [RECEIVER] - Routing loop from P4 to P8: P4-P3-P4
2023-04-10 11:56:25,736 - WARNING - [RECEIVER] - Routing loop from P4 to P5: P4-P2-P4-P3-P4
2023-04-10 11:56:25,736 - WARNING - [RECEIVER] - TTL reached from path to P5 from P4
2023-04-10 11:56:25,810 - WARNING - [RECEIVER] - Routing loop from P4 to P6: P4-P3-P1-P3-P4
2023-04-10 11:56:25,810 - WARNING - [RECEIVER] - TTL reached from path to P6 from P4
2023-04-10 11:56:26,470 - INFO - [CONNECTION] - Highest cost peers: [('P6', 400), ('P8', 300), ('P1', 200), ('P7', 200), ('P2', 100), ('P3', 100), ('P5', 100), ('P4', 0)]
2023-04-10 11:56:26,470 - INFO - [CONNECTION] - Latency for P6 is 400 - max 500
2023-04-10 11:56:26,470 - INFO - [CONNECTION] - Latency for P8 is 300 - max 500
2023-04-10 11:56:26,470 - INFO - [CONNECTION] - Latency for P1 is 200 - max 500
2023-04-10 11:56:26,470 - INFO - [CONNECTION] - Latency for P7 is 200 - max 500
2023-04-10 11:56:26,470 - INFO - [CONNECTION] - Latency for P2 is 100 - max 500
2023-04-10 11:56:26,470 - INFO - [CONNECTION] - Latency for P3 is 100 - max 500
2023-04-10 11:56:26,470 - INFO - [CONNECTION] - Latency for P5 is 100 - max 500
2023-04-10 11:56:26,470 - INFO - [CONNECTION] - Latency for P4 is 0 - max 500
2023-04-10 11:56:26,470 - INFO - [CONNECTION] - No join peer selected for circuit switch
2023-04-10 11:56:28,103 - WARNING - [RECEIVER] - TTL reached from path to P3 from P6
2023-04-10 11:56:32,821 - WARNING - [RECEIVER] - TTL reached from path to P2 from P6
2023-04-10 11:56:33,463 - WARNING - [RECEIVER] - TTL reached from path to P3 from P6
2023-04-10 11:56:33,608 - WARNING - [RECEIVER] - TTL reached from path to P2 from P6
2023-04-10 11:56:35,651 - WARNING - [RECEIVER] - Routing loop from P4 to P5: P4-P3-P4
2023-04-10 11:56:35,727 - WARNING - [RECEIVER] - Routing loop from P4 to P8: P4-P2-P1-P3-P4
2023-04-10 11:56:35,727 - WARNING - [RECEIVER] - TTL reached from path to P8 from P4
2023-04-10 11:56:43,458 - WARNING - [RECEIVER] - TTL reached from path to P3 from P6
2023-04-10 11:56:45,212 - WARNING - [RECEIVER] - Routing loop from P4 to P6: P4-P5-P4
2023-04-10 11:56:45,324 - WARNING - [RECEIVER] - Routing loop from P4 to P6: P4-P5-P4-P3-P4
2023-04-10 11:56:45,325 - WARNING - [RECEIVER] - TTL reached from path to P6 from P4
2023-04-10 11:56:53,381 - WARNING - [RECEIVER] - TTL reached from path to P3 from P6
2023-04-10 11:56:53,488 - WARNING - [RECEIVER] - TTL reached from path to P2 from P6
2023-04-10 11:57:03,821 - WARNING - [RECEIVER] - Routing loop from P4 to P8: P4-P2-P4
2023-04-10 11:57:03,823 - WARNING - [RECEIVER] - TTL reached from path to P3 from P6
2023-04-10 11:57:03,823 - WARNING - [RECEIVER] - TTL reached from path to P2 from P6
2023-04-10 11:57:03,928 - WARNING - [RECEIVER] - Routing loop from P4 to P8: P4-P2-P4-P3-P4
2023-04-10 11:57:03,928 - WARNING - [RECEIVER] - TTL reached from path to P8 from P4
2023-04-10 11:57:07,644 - WARNING - [Connect-LupusreginaBeta] - Got SENDME
2023-04-10 11:57:07,694 - WARNING - [RECEIVER] - Routing loop from P4 to P8: P4-P3-P4
2023-04-10 11:57:07,838 - WARNING - [RECEIVER] - Routing loop from P4 to P5: P4-P3-P1-P3-P4
2023-04-10 11:57:07,838 - WARNING - [RECEIVER] - TTL reached from path to P5 from P4
2023-04-10 11:57:10,018 - WARNING - [RECEIVER] - Routing loop from P7 to P3: P7-P5-P4-P2-P4
2023-04-10 11:57:10,019 - WARNING - [RECEIVER] - TTL reached from path to P3 from P7
2023-04-10 11:57:11,286 - WARNING - [RECEIVER] - TTL reached from path to P3 from P6
2023-04-10 11:57:14,418 - WARNING - [RECEIVER] - TTL reached from path to P1 from P6
2023-04-10 11:57:15,759 - WARNING - [RECEIVER] - Routing loop from P7 to P1: P7-P5-P4-P2-P4
2023-04-10 11:57:15,760 - WARNING - [RECEIVER] - TTL reached from path to P1 from P7
2023-04-10 11:57:18,825 - WARNING - [RECEIVER] - TTL reached from path to P3 from P6
2023-04-10 11:57:18,828 - WARNING - [RECEIVER] - Routing loop from P4 to P8: P4-P5-P4
2023-04-10 11:57:18,829 - WARNING - [RECEIVER] - Routing loop from P4 to P7: P4-P3-P4
2023-04-10 11:57:18,830 - WARNING - [RECEIVER] - Routing loop from P4 to P5: P4-P3-P1-P3-P4
2023-04-10 11:57:18,830 - WARNING - [RECEIVER] - TTL reached from path to P5 from P4
2023-04-10 11:57:18,830 - WARNING - [RECEIVER] - TTL reached from path to P2 from P6
2023-04-10 11:57:18,940 - WARNING - [RECEIVER] - Routing loop from P4 to P7: P4-P3-P4-P3-P4
2023-04-10 11:57:18,940 - WARNING - [RECEIVER] - TTL reached from path to P7 from P4
2023-04-10 11:57:20,291 - WARNING - [RECEIVER] - Routing loop from P4 to P8: P4-P5-P4-P5-P4
2023-04-10 11:57:20,292 - WARNING - [RECEIVER] - TTL reached from path to P8 from P4
2023-04-10 11:57:21,668 - WARNING - [RECEIVER] - TTL reached from path to P1 from P6
2023-04-10 11:57:22,555 - WARNING - [RECEIVER] - TTL reached from path to P3 from P6
2023-04-10 11:57:22,952 - WARNING - [RECEIVER] - TTL reached from path to P2 from P6
2023-04-10 11:57:25,017 - WARNING - [RECEIVER] - Routing loop from P4 to P5: P4-P2-P4
2023-04-10 11:57:25,190 - WARNING - [RECEIVER] - Routing loop from P4 to P7: P4-P2-P1-P3-P4
2023-04-10 11:57:25,190 - WARNING - [RECEIVER] - TTL reached from path to P7 from P4
2023-04-10 11:57:26,475 - INFO - [CONNECTION] - Highest cost peers: [('P1', 786), ('P3', 707), ('P2', 470), ('P6', 400), ('P8', 300), ('P7', 200), ('P5', 100), ('P4', 0)]
2023-04-10 11:57:26,476 - INFO - [CONNECTION] - Latency for P1 is 786 - max 500
2023-04-10 11:57:26,476 - INFO - [CONNECTION] - Latency for P3 is 707 - max 500
2023-04-10 11:57:26,476 - INFO - [CONNECTION] - Peer P3 selected for circuit switch
2023-04-10 11:57:26,487 - INFO - [CONNECTION] - Loading cached NetworkStatusDocument from TorCacheDirStorage: /root/.local/share/torpy/network_status
2023-04-10 11:57:26,700 - INFO - [CONNECTION] - Loading cached DirKeyCertificateList from TorCacheDirStorage: /root/.local/share/torpy/dir_key_certificates
2023-04-10 11:57:26,707 - INFO - [MainThread] - ['ESTABLISH', 'RRDOTR3', b'95735ce0b364efaf7b92']
2023-04-10 11:57:26,707 - INFO - [MainThread] - Got ESTABLISH to relay RRDOTR3:b'95735ce0b364efaf7b92' via staysafeandgoodluck
2023-04-10 11:57:26,708 - INFO - [Establish-RRDOTR3] - Establishing RP to RRDOTR3
2023-04-10 11:57:26,713 - INFO - [Establish-RRDOTR3] - Loading cached NetworkStatusDocument from TorCacheDirStorage: /root/.local/share/torpy/network_status
2023-04-10 11:57:27,049 - INFO - [Establish-RRDOTR3] - Loading cached DirKeyCertificateList from TorCacheDirStorage: /root/.local/share/torpy/dir_key_certificates
2023-04-10 11:57:27,051 - INFO - [Establish-RRDOTR3] - Connecting to guard node 185.181.61.23:443 (staysafeandgoodluck; Tor 0.4.7.13)... (None)
2023-04-10 11:57:27,105 - INFO - [Establish-RRDOTR3] - Creating new circuit #80000005 with 185.181.61.23:443 (staysafeandgoodluck; Tor 0.4.7.13) router...
2023-04-10 11:57:27,120 - INFO - [Establish-RRDOTR3] - Building -1 hops circuit...
2023-04-10 11:57:27,120 - INFO - [Establish-RRDOTR3] - Extending the circuit #80000005 with 178.128.247.50:9001 (RRDOTR3; Tor 0.4.7.13)...
2023-04-10 11:57:27,121 - INFO - [Establish-RRDOTR3] - Getting descriptor for 178.128.247.50:9001 (RRDOTR3; Tor 0.4.7.13)...
2023-04-10 11:57:27,125 - INFO - [Establish-RRDOTR3] - Connecting to guard node 138.201.132.34:993 (recodex; Tor 0.4.7.13)... (Internal dir client)
2023-04-10 11:57:27,316 - INFO - [Establish-RRDOTR3] - Creating new circuit #80000006 with 138.201.132.34:993 (recodex; Tor 0.4.7.13) router...
2023-04-10 11:57:27,366 - INFO - [Establish-RRDOTR3] - Building 0 hops circuit...
2023-04-10 11:57:27,366 - INFO - [Establish-RRDOTR3] - Stream #5: creating attached to #80000006 circuit...
2023-04-10 11:57:27,366 - INFO - [Establish-RRDOTR3] - Stream #5: connecting to hsdir
2023-04-10 11:57:27,414 - INFO - [RecvLoop_138.201] - Stream #5: connected (remote ip '')
2023-04-10 11:57:27,618 - INFO - [RecvLoop_138.201] - Stream #5: remote disconnected (reason = DONE)
2023-04-10 11:57:27,619 - INFO - [Establish-RRDOTR3] - Stream #5: closing (state = Disconnected)...
2023-04-10 11:57:27,619 - INFO - [Establish-RRDOTR3] - Got descriptor
2023-04-10 11:57:27,833 - INFO - [Establish-RRDOTR3] - <class 'torpy.circuit.TorCircuit'>
2023-04-10 11:57:27,860 - WARNING - [RECEIVER] - TTL reached from path to P1 from P6
2023-04-10 11:57:27,880 - INFO - [Establish-RRDOTR3] - Rendezvous established (CellRelayRendezvousEstablished())
2023-04-10 11:57:27,881 - INFO - [Establish-RRDOTR3] - Waiting for connections at relay RRDOTR3 for cookie b'95735ce0b364efaf7b92' ...
2023-04-10 11:57:28,168 - WARNING - [RECEIVER] - TTL reached from path to P3 from P6
2023-04-10 11:57:29,191 - WARNING - [RECEIVER] - TTL reached from path to P2 from P6
2023-04-10 11:57:30,546 - WARNING - [RECEIVER] - Routing loop from P7 to P2: P7-P5-P4-P5-P4
2023-04-10 11:57:30,546 - WARNING - [RECEIVER] - TTL reached from path to P2 from P7
2023-04-10 11:57:31,712 - INFO - [CONNECTION] - Sending JOIN to P3 for relay RRDOTR3 with cookie b'95735ce0b364efaf7b92'
2023-04-10 11:57:32,689 - WARNING - [RECEIVER] - Routing loop from P4 to P8: P4-P2-P4
2023-04-10 11:57:32,739 - WARNING - [RECEIVER] - Routing loop from P4 to P5: P4-P3-P4
2023-04-10 11:57:32,887 - WARNING - [RECEIVER] - Routing loop from P4 to P7: P4-P3-P1-P3-P4
2023-04-10 11:57:32,887 - WARNING - [RECEIVER] - TTL reached from path to P7 from P4
2023-04-10 11:57:32,940 - WARNING - [RECEIVER] - Routing loop from P4 to P6: P4-P5-P4
2023-04-10 11:57:33,083 - WARNING - [RECEIVER] - Routing loop from P4 to P8: P4-P2-P4-P5-P4
2023-04-10 11:57:33,083 - WARNING - [RECEIVER] - TTL reached from path to P8 from P4
2023-04-10 11:57:33,089 - WARNING - [RECEIVER] - Routing loop from P4 to P6: P4-P5-P4-P3-P4
2023-04-10 11:57:33,089 - WARNING - [RECEIVER] - TTL reached from path to P6 from P4
2023-04-10 11:57:34,152 - WARNING - [RECEIVER] - TTL reached from path to P1 from P6
2023-04-10 11:57:34,153 - WARNING - [RECEIVER] - TTL reached from path to P3 from P6
2023-04-10 11:57:36,820 - WARNING - [RECEIVER] - TTL reached from path to P2 from P6
2023-04-10 11:57:37,202 - WARNING - [RECEIVER] - Routing loop from P7 to P1: P7-P5-P4-P5-P4
2023-04-10 11:57:37,202 - WARNING - [RECEIVER] - TTL reached from path to P1 from P7
2023-04-10 11:57:38,653 - WARNING - [RECEIVER] - TTL reached from path to P3 from P6
2023-04-10 11:57:42,517 - WARNING - [RECEIVER] - Routing loop from P4 to P8: P4-P2-P4
2023-04-10 11:57:42,585 - WARNING - [RECEIVER] - TTL reached from path to P2 from P6
2023-04-10 11:57:47,402 - WARNING - [RECEIVER] - TTL reached from path to P3 from P6
2023-04-10 11:57:47,471 - WARNING - [RECEIVER] - TTL reached from path to P2 from P6
2023-04-10 11:57:49,680 - WARNING - [RECEIVER] - Routing loop from P4 to P5: P4-P3-P4
2023-04-10 11:57:49,680 - WARNING - [RECEIVER] - Routing loop from P4 to P7: P4-P3-P4
2023-04-10 11:57:49,681 - WARNING - [RECEIVER] - Routing loop from P4 to P6: P4-P5-P4
2023-04-10 11:57:50,369 - WARNING - [RECEIVER] - Routing loop from P4 to P7: P4-P3-P4-P5-P4
2023-04-10 11:57:50,369 - WARNING - [RECEIVER] - TTL reached from path to P7 from P4
2023-04-10 11:57:51,459 - WARNING - [Connect-LupusreginaBeta] - Got SENDME
2023-04-10 11:57:51,475 - WARNING - [Connect-LupusreginaBeta] - Got SENDME
2023-04-10 11:57:53,462 - WARNING - [RECEIVER] - TTL reached from path to P1 from P6
2023-04-10 11:57:53,636 - WARNING - [RECEIVER] - TTL reached from path to P2 from P6
2023-04-10 11:57:57,630 - WARNING - [RECEIVER] - TTL reached from path to P1 from P6
2023-04-10 11:57:57,880 - WARNING - [RECEIVER] - TTL reached from path to P3 from P6
2023-04-10 11:57:58,028 - WARNING - [RECEIVER] - TTL reached from path to P2 from P6
2023-04-10 11:58:07,594 - WARNING - [RECEIVER] - TTL reached from path to P1 from P6
2023-04-10 11:58:07,594 - WARNING - [RECEIVER] - TTL reached from path to P3 from P6
2023-04-10 11:58:07,595 - WARNING - [RECEIVER] - TTL reached from path to P2 from P6
2023-04-10 11:58:20,495 - WARNING - [RECEIVER] - TTL reached from path to P1 from P6
2023-04-10 11:58:20,496 - WARNING - [RECEIVER] - TTL reached from path to P3 from P6
2023-04-10 11:58:20,499 - WARNING - [RECEIVER] - TTL reached from path to P2 from P6
2023-04-10 11:58:26,508 - WARNING - [Connect-LupusreginaBeta] - Got SENDME
2023-04-10 11:58:26,820 - WARNING - [RECEIVER] - TTL reached from path to P1 from P6
2023-04-10 11:58:26,959 - WARNING - [RECEIVER] - TTL reached from path to P2 from P6
2023-04-10 11:58:31,751 - INFO - [CONNECTION] - Highest cost peers: [('P6', 3661), ('P8', 3002), ('P7', 1833), ('P5', 1069), ('P1', 786), ('P3', 707), ('P2', 470), ('P4', 0)]
2023-04-10 11:58:31,751 - INFO - [CONNECTION] - Latency for P6 is 3661 - max 500
2023-04-10 11:58:31,751 - INFO - [CONNECTION] - Latency for P8 is 3002 - max 500
2023-04-10 11:58:31,751 - INFO - [CONNECTION] - Latency for P7 is 1833 - max 500
2023-04-10 11:58:31,751 - INFO - [CONNECTION] - Latency for P5 is 1069 - max 500
2023-04-10 11:58:31,751 - INFO - [CONNECTION] - Peer P5 selected for circuit switch
2023-04-10 11:58:31,759 - INFO - [CONNECTION] - Loading cached NetworkStatusDocument from TorCacheDirStorage: /root/.local/share/torpy/network_status
2023-04-10 11:58:31,969 - INFO - [CONNECTION] - Loading cached DirKeyCertificateList from TorCacheDirStorage: /root/.local/share/torpy/dir_key_certificates
2023-04-10 11:58:31,976 - INFO - [MainThread] - ['ESTABLISH', 'Quetzalcoatl', b'1364832e5ef96605cf57']
2023-04-10 11:58:31,976 - INFO - [MainThread] - Got ESTABLISH to relay Quetzalcoatl:b'1364832e5ef96605cf57' via staysafeandgoodluck
2023-04-10 11:58:31,978 - INFO - [Establish-Quetzalcoatl] - Establishing RP to Quetzalcoatl
2023-04-10 11:58:31,982 - INFO - [Establish-Quetzalcoatl] - Loading cached NetworkStatusDocument from TorCacheDirStorage: /root/.local/share/torpy/network_status
2023-04-10 11:58:32,177 - INFO - [Establish-Quetzalcoatl] - Loading cached DirKeyCertificateList from TorCacheDirStorage: /root/.local/share/torpy/dir_key_certificates
2023-04-10 11:58:32,179 - INFO - [Establish-Quetzalcoatl] - Connecting to guard node 185.181.61.23:443 (staysafeandgoodluck; Tor 0.4.7.13)... (None)
2023-04-10 11:58:32,242 - INFO - [Establish-Quetzalcoatl] - Creating new circuit #80000007 with 185.181.61.23:443 (staysafeandgoodluck; Tor 0.4.7.13) router...
2023-04-10 11:58:32,256 - INFO - [Establish-Quetzalcoatl] - Building -1 hops circuit...
2023-04-10 11:58:32,256 - INFO - [Establish-Quetzalcoatl] - Extending the circuit #80000007 with 77.68.3.133:9000 (Quetzalcoatl; Tor 0.4.7.13)...
2023-04-10 11:58:32,256 - INFO - [Establish-Quetzalcoatl] - Getting descriptor for 77.68.3.133:9000 (Quetzalcoatl; Tor 0.4.7.13)...
2023-04-10 11:58:32,261 - INFO - [Establish-Quetzalcoatl] - Connecting to guard node 185.220.101.70:9000 (CCCStuttgartBer; Tor 0.4.7.13)... (Internal dir client)
2023-04-10 11:58:32,472 - INFO - [Establish-Quetzalcoatl] - Creating new circuit #80000008 with 185.220.101.70:9000 (CCCStuttgartBer; Tor 0.4.7.13) router...
2023-04-10 11:58:32,540 - INFO - [Establish-Quetzalcoatl] - Building 0 hops circuit...
2023-04-10 11:58:32,540 - INFO - [Establish-Quetzalcoatl] - Stream #6: creating attached to #80000008 circuit...
2023-04-10 11:58:32,540 - INFO - [Establish-Quetzalcoatl] - Stream #6: connecting to hsdir
2023-04-10 11:58:32,592 - INFO - [RecvLoop_185.220] - Stream #6: connected (remote ip '')
2023-04-10 11:58:32,847 - INFO - [RecvLoop_185.220] - Stream #6: remote disconnected (reason = DONE)
2023-04-10 11:58:32,848 - INFO - [Establish-Quetzalcoatl] - Stream #6: closing (state = Disconnected)...
2023-04-10 11:58:32,848 - INFO - [Establish-Quetzalcoatl] - Got descriptor
2023-04-10 11:58:32,942 - INFO - [Establish-Quetzalcoatl] - <class 'torpy.circuit.TorCircuit'>
2023-04-10 11:58:33,025 - INFO - [Establish-Quetzalcoatl] - Rendezvous established (CellRelayRendezvousEstablished())
2023-04-10 11:58:33,025 - INFO - [Establish-Quetzalcoatl] - Waiting for connections at relay Quetzalcoatl for cookie b'1364832e5ef96605cf57' ...
2023-04-10 11:58:35,487 - WARNING - [RECEIVER] - TTL reached from path to P1 from P6
2023-04-10 11:58:36,983 - INFO - [CONNECTION] - Sending JOIN to P5 for relay Quetzalcoatl with cookie b'1364832e5ef96605cf57'
2023-04-10 11:58:37,006 - INFO - [RecvLoop_138.201] - On destroy: circuit #80000006
2023-04-10 11:58:37,006 - INFO - [RecvLoop_138.201] - Destroy circuit #80000006
2023-04-10 11:58:37,739 - WARNING - [RECEIVER] - TTL reached from path to P2 from P6
2023-04-10 11:58:48,166 - WARNING - [RECEIVER] - TTL reached from path to P3 from P6
2023-04-10 11:58:48,311 - WARNING - [RECEIVER] - TTL reached from path to P2 from P6
2023-04-10 11:58:52,556 - WARNING - [RECEIVER] - TTL reached from path to P3 from P6
2023-04-10 11:58:52,902 - WARNING - [RECEIVER] - TTL reached from path to P2 from P6
2023-04-10 11:58:57,790 - WARNING - [RECEIVER] - TTL reached from path to P1 from P6
2023-04-10 11:58:58,331 - WARNING - [RECEIVER] - TTL reached from path to P3 from P6
2023-04-10 11:58:58,506 - WARNING - [RECEIVER] - TTL reached from path to P2 from P6
2023-04-10 11:59:06,572 - WARNING - [RECEIVER] - TTL reached from path to P1 from P6
2023-04-10 11:59:08,444 - WARNING - [RECEIVER] - TTL reached from path to P3 from P6
2023-04-10 11:59:08,610 - WARNING - [RECEIVER] - TTL reached from path to P2 from P6
2023-04-10 11:59:09,840 - WARNING - [Connect-LupusreginaBeta] - Got SENDME
2023-04-10 11:59:09,865 - WARNING - [Connect-LupusreginaBeta] - Got SENDME
2023-04-10 11:59:18,328 - WARNING - [RECEIVER] - TTL reached from path to P1 from P6
2023-04-10 11:59:18,504 - WARNING - [RECEIVER] - TTL reached from path to P3 from P6
2023-04-10 11:59:23,599 - WARNING - [RECEIVER] - TTL reached from path to P1 from P6
2023-04-10 11:59:23,601 - WARNING - [RECEIVER] - TTL reached from path to P3 from P6
2023-04-10 11:59:23,650 - WARNING - [RECEIVER] - TTL reached from path to P2 from P6
2023-04-10 11:59:33,996 - WARNING - [RECEIVER] - TTL reached from path to P1 from P6
2023-04-10 11:59:33,996 - WARNING - [RECEIVER] - TTL reached from path to P3 from P6
2023-04-10 11:59:37,044 - INFO - [CONNECTION] - Highest cost peers: [('P6', 1928), ('P8', 1269), ('P7', 1169), ('P5', 1069), ('P3', 707), ('P1', 668), ('P2', 470), ('P4', 0)]
2023-04-10 11:59:37,044 - INFO - [CONNECTION] - Latency for P6 is 1928 - max 500
2023-04-10 11:59:37,045 - INFO - [CONNECTION] - Latency for P8 is 1269 - max 500
2023-04-10 11:59:37,045 - INFO - [CONNECTION] - Latency for P7 is 1169 - max 500
2023-04-10 11:59:37,046 - INFO - [CONNECTION] - Latency for P5 is 1069 - max 500
2023-04-10 11:59:37,046 - INFO - [CONNECTION] - Peer P5 selected for circuit switch
2023-04-10 11:59:37,056 - INFO - [CONNECTION] - Loading cached NetworkStatusDocument from TorCacheDirStorage: /root/.local/share/torpy/network_status
2023-04-10 11:59:37,182 - INFO - [RecvLoop_185.220] - On destroy: circuit #80000008
2023-04-10 11:59:37,182 - INFO - [RecvLoop_185.220] - Destroy circuit #80000008
2023-04-10 11:59:37,510 - INFO - [CONNECTION] - Loading cached DirKeyCertificateList from TorCacheDirStorage: /root/.local/share/torpy/dir_key_certificates
2023-04-10 11:59:37,522 - INFO - [MainThread] - ['ESTABLISH', 'maurice', b'13bdd2a60335a06042b3']
2023-04-10 11:59:37,523 - INFO - [MainThread] - Got ESTABLISH to relay maurice:b'13bdd2a60335a06042b3' via staysafeandgoodluck
2023-04-10 11:59:37,523 - INFO - [Establish-maurice] - Establishing RP to maurice
2023-04-10 11:59:37,532 - INFO - [Establish-maurice] - Loading cached NetworkStatusDocument from TorCacheDirStorage: /root/.local/share/torpy/network_status
2023-04-10 11:59:37,727 - INFO - [Establish-maurice] - Loading cached DirKeyCertificateList from TorCacheDirStorage: /root/.local/share/torpy/dir_key_certificates
2023-04-10 11:59:37,729 - INFO - [Establish-maurice] - Connecting to guard node 185.181.61.23:443 (staysafeandgoodluck; Tor 0.4.7.13)... (None)
2023-04-10 11:59:37,796 - INFO - [Establish-maurice] - Creating new circuit #80000009 with 185.181.61.23:443 (staysafeandgoodluck; Tor 0.4.7.13) router...
2023-04-10 11:59:37,810 - INFO - [Establish-maurice] - Building -1 hops circuit...
2023-04-10 11:59:37,811 - INFO - [Establish-maurice] - Extending the circuit #80000009 with 137.220.127.235:9001 (maurice; Tor 0.4.7.13)...
2023-04-10 11:59:37,811 - INFO - [Establish-maurice] - Getting descriptor for 137.220.127.235:9001 (maurice; Tor 0.4.7.13)...
2023-04-10 11:59:37,816 - INFO - [Establish-maurice] - Connecting to guard node 194.88.105.30:9001 (ramhorn; Tor 0.4.7.13)... (Internal dir client)
2023-04-10 11:59:37,954 - INFO - [Establish-maurice] - Creating new circuit #8000000a with 194.88.105.30:9001 (ramhorn; Tor 0.4.7.13) router...
2023-04-10 11:59:37,990 - INFO - [Establish-maurice] - Building 0 hops circuit...
2023-04-10 11:59:37,990 - INFO - [Establish-maurice] - Stream #7: creating attached to #8000000a circuit...
2023-04-10 11:59:37,990 - INFO - [Establish-maurice] - Stream #7: connecting to hsdir
2023-04-10 11:59:38,027 - INFO - [RecvLoop_194.88.] - Stream #7: connected (remote ip '')
2023-04-10 11:59:38,233 - INFO - [RecvLoop_194.88.] - Stream #7: remote disconnected (reason = DONE)
2023-04-10 11:59:38,234 - INFO - [Establish-maurice] - Stream #7: closing (state = Disconnected)...
2023-04-10 11:59:38,234 - INFO - [Establish-maurice] - Got descriptor
2023-04-10 11:59:38,298 - INFO - [Establish-maurice] - <class 'torpy.circuit.TorCircuit'>
2023-04-10 11:59:38,360 - INFO - [Establish-maurice] - Rendezvous established (CellRelayRendezvousEstablished())
2023-04-10 11:59:38,360 - INFO - [Establish-maurice] - Waiting for connections at relay maurice for cookie b'13bdd2a60335a06042b3' ...
2023-04-10 11:59:39,026 - WARNING - [RECEIVER] - TTL reached from path to P2 from P6
2023-04-10 11:59:42,526 - INFO - [CONNECTION] - Sending JOIN to P5 for relay maurice with cookie b'13bdd2a60335a06042b3'
2023-04-10 11:59:43,111 - WARNING - [RECEIVER] - TTL reached from path to P1 from P6
2023-04-10 11:59:43,133 - WARNING - [RECEIVER] - TTL reached from path to P3 from P6
2023-04-10 11:59:43,136 - WARNING - [RECEIVER] - TTL reached from path to P2 from P6
2023-04-10 11:59:45,528 - WARNING - [Connect-LupusreginaBeta] - Got SENDME
2023-04-10 11:59:51,476 - WARNING - [RECEIVER] - TTL reached from path to P1 from P6
2023-04-10 11:59:51,477 - WARNING - [RECEIVER] - TTL reached from path to P3 from P6
2023-04-10 11:59:51,477 - WARNING - [RECEIVER] - TTL reached from path to P2 from P6
2023-04-10 11:59:52,852 - WARNING - [RECEIVER] - TTL reached from path to P1 from P6
2023-04-10 11:59:52,853 - WARNING - [RECEIVER] - TTL reached from path to P3 from P6
2023-04-10 11:59:54,169 - WARNING - [RECEIVER] - TTL reached from path to P2 from P6
2023-04-10 11:59:58,710 - WARNING - [RECEIVER] - TTL reached from path to P1 from P6
2023-04-10 11:59:58,855 - WARNING - [RECEIVER] - TTL reached from path to P3 from P6
2023-04-10 12:00:00,000 - WARNING - [RECEIVER] - TTL reached from path to P2 from P6
2023-04-10 12:00:01,658 - WARNING - [RECEIVER] - TTL reached from path to P1 from P6
2023-04-10 12:00:01,804 - WARNING - [RECEIVER] - TTL reached from path to P3 from P6
2023-04-10 12:00:03,047 - WARNING - [RECEIVER] - TTL reached from path to P2 from P6
2023-04-10 12:00:13,040 - WARNING - [RECEIVER] - TTL reached from path to P3 from P6
2023-04-10 12:00:20,934 - WARNING - [RECEIVER] - TTL reached from path to P1 from P6
2023-04-10 12:00:22,508 - WARNING - [RECEIVER] - TTL reached from path to P2 from P6
2023-04-10 12:00:25,186 - INFO - [RECEIVER] - Added relay jokulhops from P2 to JOIN queue
2023-04-10 12:00:25,186 - INFO - [MainThread] - ['JOIN', 'jokulhops', b'13bdd2a60335a06042b3']
2023-04-10 12:00:25,186 - INFO - [MainThread] - Got JOIN to relay jokulhops, waiting 10 sec to connect
2023-04-10 12:00:25,186 - INFO - [Connect-jokulhops] - Calling connect_to_rendezvous_point
2023-04-10 12:00:25,186 - INFO - [Connect-jokulhops] - Connect to rendezvous point jokulhops
2023-04-10 12:00:25,194 - INFO - [Connect-jokulhops] - Loading cached NetworkStatusDocument from TorCacheDirStorage: /root/.local/share/torpy/network_status
2023-04-10 12:00:25,444 - INFO - [Connect-jokulhops] - Loading cached DirKeyCertificateList from TorCacheDirStorage: /root/.local/share/torpy/dir_key_certificates
2023-04-10 12:00:25,654 - INFO - [Connect-jokulhops] - Connected to rendezvous point jokulhops
2023-04-10 12:00:25,655 - INFO - [Connect-jokulhops] - Waiting for peer to open stream
2023-04-10 12:00:25,739 - INFO - [Connect-jokulhops] - Received cell: <class 'torpy.cells.CellRelay'>
2023-04-10 12:00:25,743 - INFO - [Connect-jokulhops] - Stream opened successfully
2023-04-10 12:00:25,743 - INFO - [Connect-jokulhops] - Sending HELLO to peer: b'\x80\x04\x95&\x00\x00\x00\x00\x00\x00\x00]\x94}\x94(\x8c\x07Message\x94\x8c\x05HELLO\x94\x8c\x04Peer\x94\x8c\x02P4\x94ua.'
2023-04-10 12:00:25,937 - INFO - [RECEIVER] - Added neighbour P2
2023-04-10 12:00:29,720 - WARNING - [RECEIVER] - TTL reached from path to P2 from P6
2023-04-10 12:00:38,091 - WARNING - [RECEIVER] - TTL reached from path to P3 from P6
2023-04-10 12:00:42,481 - WARNING - [RECEIVER] - TTL reached from path to P1 from P6
2023-04-10 12:00:42,481 - WARNING - [RECEIVER] - TTL reached from path to P3 from P6
2023-04-10 12:00:42,481 - WARNING - [RECEIVER] - TTL reached from path to P2 from P6
2023-04-10 12:00:42,586 - INFO - [CONNECTION] - Highest cost peers: [('P6', 2097), ('P8', 1285), ('P7', 1185), ('P5', 1085), ('P3', 584), ('P1', 298), ('P2', 100), ('P4', 0)]
2023-04-10 12:00:42,586 - INFO - [CONNECTION] - Latency for P6 is 2097 - max 500
2023-04-10 12:00:42,586 - INFO - [CONNECTION] - Latency for P8 is 1285 - max 500
2023-04-10 12:00:42,587 - INFO - [CONNECTION] - Latency for P7 is 1185 - max 500
2023-04-10 12:00:42,587 - INFO - [CONNECTION] - Latency for P5 is 1085 - max 500
2023-04-10 12:00:42,587 - INFO - [CONNECTION] - Peer P5 selected for circuit switch
2023-04-10 12:00:42,591 - INFO - [CONNECTION] - Loading cached NetworkStatusDocument from TorCacheDirStorage: /root/.local/share/torpy/network_status
2023-04-10 12:00:42,828 - INFO - [CONNECTION] - Loading cached DirKeyCertificateList from TorCacheDirStorage: /root/.local/share/torpy/dir_key_certificates
2023-04-10 12:00:42,838 - INFO - [MainThread] - ['ESTABLISH', 'QuintexAirVPN23', b'5934b983498082f28713']
2023-04-10 12:00:42,838 - INFO - [MainThread] - Got ESTABLISH to relay QuintexAirVPN23:b'5934b983498082f28713' via staysafeandgoodluck
2023-04-10 12:00:42,839 - INFO - [Establish-QuintexAirVPN23] - Establishing RP to QuintexAirVPN23
2023-04-10 12:00:42,848 - INFO - [Establish-QuintexAirVPN23] - Loading cached NetworkStatusDocument from TorCacheDirStorage: /root/.local/share/torpy/network_status
2023-04-10 12:00:43,193 - INFO - [Establish-QuintexAirVPN23] - Loading cached DirKeyCertificateList from TorCacheDirStorage: /root/.local/share/torpy/dir_key_certificates
2023-04-10 12:00:43,201 - INFO - [Establish-QuintexAirVPN23] - Connecting to guard node 185.181.61.23:443 (staysafeandgoodluck; Tor 0.4.7.13)... (None)
2023-04-10 12:00:43,261 - INFO - [Establish-QuintexAirVPN23] - Creating new circuit #8000000b with 185.181.61.23:443 (staysafeandgoodluck; Tor 0.4.7.13) router...
2023-04-10 12:00:43,276 - INFO - [Establish-QuintexAirVPN23] - Building -1 hops circuit...
2023-04-10 12:00:43,276 - INFO - [Establish-QuintexAirVPN23] - Extending the circuit #8000000b with 199.249.230.76:443 (QuintexAirVPN23; Tor 0.4.7.13)...
2023-04-10 12:00:43,277 - INFO - [Establish-QuintexAirVPN23] - Getting descriptor for 199.249.230.76:443 (QuintexAirVPN23; Tor 0.4.7.13)...
2023-04-10 12:00:43,281 - INFO - [Establish-QuintexAirVPN23] - Connecting to guard node 45.132.246.245:9001 (hackster; Tor 0.4.7.13)... (Internal dir client)
2023-04-10 12:00:43,418 - INFO - [Establish-QuintexAirVPN23] - Creating new circuit #8000000c with 45.132.246.245:9001 (hackster; Tor 0.4.7.13) router...
2023-04-10 12:00:43,453 - INFO - [Establish-QuintexAirVPN23] - Building 0 hops circuit...
2023-04-10 12:00:43,453 - INFO - [Establish-QuintexAirVPN23] - Stream #8: creating attached to #8000000c circuit...
2023-04-10 12:00:43,453 - INFO - [Establish-QuintexAirVPN23] - Stream #8: connecting to hsdir
2023-04-10 12:00:43,486 - INFO - [RecvLoop_45.132.] - Stream #8: connected (remote ip '')
2023-04-10 12:00:43,724 - INFO - [RecvLoop_45.132.] - Stream #8: remote disconnected (reason = DONE)
2023-04-10 12:00:43,724 - INFO - [Establish-QuintexAirVPN23] - Stream #8: closing (state = Disconnected)...
2023-04-10 12:00:43,725 - INFO - [Establish-QuintexAirVPN23] - Got descriptor
2023-04-10 12:00:44,602 - INFO - [Establish-QuintexAirVPN23] - <class 'torpy.circuit.TorCircuit'>
2023-04-10 12:00:44,748 - INFO - [Establish-QuintexAirVPN23] - Rendezvous established (CellRelayRendezvousEstablished())
2023-04-10 12:00:44,748 - INFO - [Establish-QuintexAirVPN23] - Waiting for connections at relay QuintexAirVPN23 for cookie b'5934b983498082f28713' ...
2023-04-10 12:00:47,842 - INFO - [CONNECTION] - Sending JOIN to P5 for relay QuintexAirVPN23 with cookie b'5934b983498082f28713'
2023-04-10 12:00:48,509 - INFO - [RecvLoop_194.88.] - On destroy: circuit #8000000a
2023-04-10 12:00:48,509 - INFO - [RecvLoop_194.88.] - Destroy circuit #8000000a
2023-04-10 12:00:50,718 - WARNING - [RECEIVER] - TTL reached from path to P1 from P6
2023-04-10 12:00:52,799 - WARNING - [RECEIVER] - TTL reached from path to P3 from P6
2023-04-10 12:00:53,616 - WARNING - [RECEIVER] - TTL reached from path to P2 from P6
2023-04-10 12:00:56,219 - WARNING - [Connect-jokulhops] - Got SENDME
2023-04-10 12:00:57,197 - WARNING - [RECEIVER] - TTL reached from path to P1 from P6
2023-04-10 12:00:57,335 - WARNING - [RECEIVER] - TTL reached from path to P2 from P6
2023-04-10 12:01:04,196 - WARNING - [RECEIVER] - TTL reached from path to P1 from P6
2023-04-10 12:01:04,337 - WARNING - [RECEIVER] - TTL reached from path to P3 from P6
2023-04-10 12:01:13,801 - WARNING - [RECEIVER] - TTL reached from path to P1 from P6
2023-04-10 12:01:13,802 - WARNING - [RECEIVER] - TTL reached from path to P3 from P6
2023-04-10 12:01:16,042 - WARNING - [RECEIVER] - TTL reached from path to P2 from P6
2023-04-10 12:01:16,347 - WARNING - [RECEIVER] - TTL reached from path to P1 from P6
2023-04-10 12:01:16,353 - WARNING - [RECEIVER] - TTL reached from path to P3 from P6
2023-04-10 12:01:17,448 - WARNING - [RECEIVER] - TTL reached from path to P2 from P6
2023-04-10 12:01:22,679 - WARNING - [Connect-jokulhops] - Got SENDME
2023-04-10 12:01:22,714 - WARNING - [Connect-jokulhops] - Got SENDME
2023-04-10 12:01:24,652 - ERROR - [Connect-LupusreginaBeta] - Got RELAY_END
2023-04-10 12:01:25,808 - WARNING - [RECEIVER] - TTL reached from path to P1 from P6
2023-04-10 12:01:25,808 - WARNING - [RECEIVER] - TTL reached from path to P2 from P6
2023-04-10 12:01:45,148 - INFO - [RECEIVER] - updateGraphOnly: [['P1', 'P2', 198, 'sklep'], ['P1', 'P3', 286, 'snowball'], ['P2', 'P4', 100, 'jokulhops'], ['P3', 'P4', 744, 'Vulnerar'], ['P5', 'P7', 100, 'p1onX01'], ['P7', 'P8', 1061, 'hawksTorRelay'], ['P6', 'P8', 812, 'LupusreginaBeta'], ['P4', 'P5', 1085, 'shhovh']] , {'P7'}
2023-04-10 12:01:47,905 - INFO - [CONNECTION] - Highest cost peers: [('P6', 3058), ('P8', 2246), ('P7', 1185), ('P5', 1085), ('P3', 584), ('P1', 298), ('P2', 100), ('P4', 0)]
2023-04-10 12:01:47,906 - INFO - [CONNECTION] - Latency for P6 is 3058 - max 500
2023-04-10 12:01:47,908 - INFO - [CONNECTION] - Latency for P8 is 2246 - max 500
2023-04-10 12:01:47,908 - INFO - [CONNECTION] - Latency for P7 is 1185 - max 500
2023-04-10 12:01:47,908 - INFO - [CONNECTION] - Latency for P5 is 1085 - max 500
2023-04-10 12:01:47,908 - INFO - [CONNECTION] - Peer P5 selected for circuit switch
2023-04-10 12:01:47,915 - INFO - [CONNECTION] - Loading cached NetworkStatusDocument from TorCacheDirStorage: /root/.local/share/torpy/network_status
2023-04-10 12:01:48,104 - INFO - [CONNECTION] - Loading cached DirKeyCertificateList from TorCacheDirStorage: /root/.local/share/torpy/dir_key_certificates
2023-04-10 12:01:48,111 - INFO - [MainThread] - ['ESTABLISH', 'relayon1159', b'15476c095d606720b92b']
2023-04-10 12:01:48,111 - INFO - [MainThread] - Got ESTABLISH to relay relayon1159:b'15476c095d606720b92b' via staysafeandgoodluck
2023-04-10 12:01:48,114 - INFO - [Establish-relayon1159] - Establishing RP to relayon1159
2023-04-10 12:01:48,135 - INFO - [Establish-relayon1159] - Loading cached NetworkStatusDocument from TorCacheDirStorage: /root/.local/share/torpy/network_status
2023-04-10 12:01:48,459 - INFO - [Establish-relayon1159] - Loading cached DirKeyCertificateList from TorCacheDirStorage: /root/.local/share/torpy/dir_key_certificates
2023-04-10 12:01:48,461 - INFO - [Establish-relayon1159] - Connecting to guard node 185.181.61.23:443 (staysafeandgoodluck; Tor 0.4.7.13)... (None)
2023-04-10 12:01:48,522 - INFO - [Establish-relayon1159] - Creating new circuit #8000000d with 185.181.61.23:443 (staysafeandgoodluck; Tor 0.4.7.13) router...
2023-04-10 12:01:48,541 - INFO - [Establish-relayon1159] - Building -1 hops circuit...
2023-04-10 12:01:48,541 - INFO - [Establish-relayon1159] - Extending the circuit #8000000d with 185.220.101.159:11159 (relayon1159; Tor 0.4.7.13)...
2023-04-10 12:01:48,543 - INFO - [Establish-relayon1159] - Getting descriptor for 185.220.101.159:11159 (relayon1159; Tor 0.4.7.13)...
2023-04-10 12:01:48,549 - INFO - [Establish-relayon1159] - Connecting to guard node 95.217.143.119:9001 (Nickname; Tor 0.4.7.13)... (Internal dir client)
2023-04-10 12:01:48,660 - INFO - [Establish-relayon1159] - Creating new circuit #8000000e with 95.217.143.119:9001 (Nickname; Tor 0.4.7.13) router...
2023-04-10 12:01:48,688 - INFO - [Establish-relayon1159] - Building 0 hops circuit...
2023-04-10 12:01:48,688 - INFO - [Establish-relayon1159] - Stream #9: creating attached to #8000000e circuit...
2023-04-10 12:01:48,689 - INFO - [Establish-relayon1159] - Stream #9: connecting to hsdir
2023-04-10 12:01:48,719 - INFO - [RecvLoop_95.217.] - Stream #9: connected (remote ip '')
2023-04-10 12:01:48,950 - INFO - [RecvLoop_95.217.] - Stream #9: remote disconnected (reason = DONE)
2023-04-10 12:01:48,951 - INFO - [Establish-relayon1159] - Stream #9: closing (state = Disconnected)...
2023-04-10 12:01:48,951 - INFO - [Establish-relayon1159] - Got descriptor
2023-04-10 12:01:49,141 - INFO - [Establish-relayon1159] - <class 'torpy.circuit.TorCircuit'>
2023-04-10 12:01:49,186 - INFO - [Establish-relayon1159] - Rendezvous established (CellRelayRendezvousEstablished())
2023-04-10 12:01:49,186 - INFO - [Establish-relayon1159] - Waiting for connections at relay relayon1159 for cookie b'15476c095d606720b92b' ...
2023-04-10 12:01:49,876 - WARNING - [RECEIVER] - Routing loop from P1 to P6: P1-P3-P4-P5-P4
2023-04-10 12:01:49,876 - WARNING - [RECEIVER] - TTL reached from path to P6 from P1
2023-04-10 12:01:51,356 - WARNING - [RECEIVER] - Routing loop from P4 to P8: P4-P3-P4
2023-04-10 12:01:52,119 - WARNING - [RECEIVER] - Routing loop from P4 to P6: P4-P3-P1-P3-P4
2023-04-10 12:01:52,119 - WARNING - [RECEIVER] - TTL reached from path to P6 from P4
2023-04-10 12:01:52,396 - WARNING - [RECEIVER] - Routing loop from P5 to P7: P5-P4-P5-P4
2023-04-10 12:01:52,548 - WARNING - [RECEIVER] - Routing loop from P5 to P8: P5-P4-P5-P4
2023-04-10 12:01:53,113 - INFO - [CONNECTION] - Sending JOIN to P5 for relay relayon1159 with cookie b'15476c095d606720b92b'
2023-04-10 12:01:53,770 - INFO - [RecvLoop_45.132.] - On destroy: circuit #8000000c
2023-04-10 12:01:53,770 - INFO - [RecvLoop_45.132.] - Destroy circuit #8000000c
2023-04-10 12:01:55,704 - WARNING - [RECEIVER] - Routing loop from P3 to P6: P3-P4-P2-P4
2023-04-10 12:01:57,016 - WARNING - [Connect-jokulhops] - Got SENDME
2023-04-10 12:01:57,511 - WARNING - [RECEIVER] - Routing loop from P5 to P8: P5-P4-P5-P4
2023-04-10 12:01:58,723 - WARNING - [RECEIVER] - TTL reached from path to P7 from P1
2023-04-10 12:02:00,388 - WARNING - [RECEIVER] - Routing loop from P4 to P8: P4-P3-P4
2023-04-10 12:02:04,209 - WARNING - [RECEIVER] - Routing loop from P4 to P7: P4-P5-P4
2023-04-10 12:02:04,296 - WARNING - [RECEIVER] - Routing loop from P4 to P7: P4-P5-P4-P2-P4
2023-04-10 12:02:04,296 - WARNING - [RECEIVER] - TTL reached from path to P7 from P4
2023-04-10 12:02:04,307 - WARNING - [RECEIVER] - Routing loop from P3 to P6: P3-P4-P3-P4
2023-04-10 12:02:04,604 - WARNING - [RECEIVER] - Routing loop from P2 to P7: P2-P4-P5-P4
2023-04-10 12:02:06,645 - WARNING - [RECEIVER] - Routing loop from P1 to P7: P1-P3-P4-P5-P4
2023-04-10 12:02:06,645 - WARNING - [RECEIVER] - TTL reached from path to P7 from P1
2023-04-10 12:02:06,652 - WARNING - [RECEIVER] - Routing loop from P4 to P8: P4-P2-P4
2023-04-10 12:02:06,819 - WARNING - [RECEIVER] - Routing loop from P4 to P8: P4-P2-P4-P3-P4
2023-04-10 12:02:06,819 - WARNING - [RECEIVER] - TTL reached from path to P8 from P4
2023-04-10 12:02:06,901 - WARNING - [RECEIVER] - Routing loop from P4 to P7: P4-P5-P4
2023-04-10 12:02:07,147 - WARNING - [RECEIVER] - Routing loop from P4 to P7: P4-P5-P4-P5-P4
2023-04-10 12:02:07,148 - WARNING - [RECEIVER] - TTL reached from path to P7 from P4
2023-04-10 12:02:10,625 - WARNING - [RECEIVER] - Routing loop from P3 to P6: P3-P4-P5-P4
2023-04-10 12:02:11,427 - WARNING - [RECEIVER] - Routing loop from P4 to P7: P4-P3-P4
2023-04-10 12:02:11,529 - WARNING - [RECEIVER] - Routing loop from P4 to P7: P4-P3-P4-P3-P4
2023-04-10 12:02:11,529 - WARNING - [RECEIVER] - TTL reached from path to P7 from P4
2023-04-10 12:02:11,679 - WARNING - [RECEIVER] - Routing loop from P4 to P8: P4-P5-P4
2023-04-10 12:02:11,820 - WARNING - [RECEIVER] - Routing loop from P4 to P6: P4-P5-P4
2023-04-10 12:02:12,306 - WARNING - [RECEIVER] - Routing loop from P4 to P8: P4-P5-P4-P5-P4
2023-04-10 12:02:12,306 - WARNING - [RECEIVER] - TTL reached from path to P8 from P4
2023-04-10 12:02:12,751 - WARNING - [RECEIVER] - Routing loop from P4 to P6: P4-P5-P4-P3-P4
2023-04-10 12:02:12,751 - WARNING - [RECEIVER] - TTL reached from path to P6 from P4
2023-04-10 12:02:13,674 - WARNING - [RECEIVER] - Routing loop from P5 to P7: P5-P4-P2-P4
2023-04-10 12:02:13,678 - WARNING - [RECEIVER] - Routing loop from P2 to P6: P2-P4-P2-P4
2023-04-10 12:02:13,848 - WARNING - [RECEIVER] - TTL reached from path to P6 from P1
2023-04-10 12:02:13,931 - WARNING - [RECEIVER] - TTL reached from path to P7 from P1
2023-04-10 12:02:19,206 - WARNING - [RECEIVER] - Routing loop from P4 to P8: P4-P3-P4
2023-04-10 12:02:19,210 - WARNING - [RECEIVER] - Routing loop from P4 to P6: P4-P2-P4
2023-04-10 12:02:19,214 - WARNING - [RECEIVER] - Routing loop from P4 to P7: P4-P3-P4
2023-04-10 12:02:19,437 - WARNING - [RECEIVER] - Routing loop from P5 to P6: P5-P4-P2-P4
2023-04-10 12:02:19,507 - WARNING - [RECEIVER] - Routing loop from P4 to P8: P4-P3-P4-P5-P4
2023-04-10 12:02:19,507 - WARNING - [RECEIVER] - TTL reached from path to P8 from P4
2023-04-10 12:02:19,648 - WARNING - [RECEIVER] - Routing loop from P3 to P6: P3-P4-P5-P4
2023-04-10 12:02:21,512 - WARNING - [RECEIVER] - Routing loop from P5 to P7: P5-P4-P5-P4
2023-04-10 12:02:21,634 - WARNING - [RECEIVER] - Routing loop from P2 to P6: P2-P4-P5-P4
2023-04-10 12:02:22,364 - WARNING - [RECEIVER] - Routing loop from P2 to P7: P2-P4-P5-P4
2023-04-10 12:02:22,934 - WARNING - [RECEIVER] - Routing loop from P1 to P6: P1-P2-P4-P5-P4
2023-04-10 12:02:22,934 - WARNING - [RECEIVER] - TTL reached from path to P6 from P1
2023-04-10 12:02:24,929 - WARNING - [Connect-jokulhops] - Got SENDME
2023-04-10 12:02:24,964 - WARNING - [RECEIVER] - Routing loop from P1 to P8: P1-P2-P4-P3-P4
2023-04-10 12:02:24,964 - WARNING - [RECEIVER] - TTL reached from path to P8 from P1
2023-04-10 12:02:25,034 - WARNING - [RECEIVER] - Routing loop from P3 to P8: P3-P4-P3-P4
2023-04-10 12:02:25,554 - WARNING - [Connect-jokulhops] - Got SENDME
2023-04-10 12:02:25,557 - WARNING - [RECEIVER] - Routing loop from P4 to P6: P4-P2-P1-P2-P4
2023-04-10 12:02:25,557 - WARNING - [RECEIVER] - TTL reached from path to P6 from P4
2023-04-10 12:02:27,568 - WARNING - [RecvLoop_185.181] - CellPadding has some unnecessary data: b'\x00\x00\x00\x00\x00\x00\x00\x00\x00\x00\x00\x00\x00\x00\x00\x00\x00\x00\x00\x00\x00\x00\x00\x00\x00\x00\x00\x00\x00\x00\x00\x00\x00\x00\x00\x00\x00\x00\x00\x00\x00\x00\x00\x00\x00\x00\x00\x00\x00\x00\x00\x00\x00\x00\x00\x00\x00\x00\x00\x00\x00\x00\x00\x00\x00\x00\x00\x00\x00\x00\x00\x00\x00\x00\x00\x00\x00\x00\x00\x00\x00\x00\x00\x00\x00\x00\x00\x00\x00\x00\x00\x00\x00\x00\x00\x00\x00\x00\x00\x00\x00\x00\x00\x00\x00\x00\x00\x00\x00\x00\x00\x00\x00\x00\x00\x00\x00\x00\x00\x00\x00\x00\x00\x00\x00\x00\x00\x00\x00\x00\x00\x00\x00\x00\x00\x00\x00\x00\x00\x00\x00\x00\x00\x00\x00\x00\x00\x00\x00\x00\x00\x00\x00\x00\x00\x00\x00\x00\x00\x00\x00\x00\x00\x00\x00\x00\x00\x00\x00\x00\x00\x00\x00\x00\x00\x00\x00\x00\x00\x00\x00\x00\x00\x00\x00\x00\x00\x00\x00\x00\x00\x00\x00\x00\x00\x00\x00\x00\x00\x00\x00\x00\x00\x00\x00\x00\x00\x00\x00\x00\x00\x00\x00\x00\x00\x00\x00\x00\x00\x00\x00\x00\x00\x00\x00\x00\x00\x00\x00\x00\x00\x00\x00\x00\x00\x00\x00\x00\x00\x00\x00\x00\x00\x00\x00\x00\x00\x00\x00\x00\x00\x00\x00\x00\x00\x00\x00\x00\x00\x00\x00\x00\x00\x00\x00\x00\x00\x00\x00\x00\x00\x00\x00\x00\x00\x00\x00\x00\x00\x00\x00\x00\x00\x00\x00\x00\x00\x00\x00\x00\x00\x00\x00\x00\x00\x00\x00\x00\x00\x00\x00\x00\x00\x00\x00\x00\x00\x00\x00\x00\x00\x00\x00\x00\x00\x00\x00\x00\x00\x00\x00\x00\x00\x00\x00\x00\x00\x00\x00\x00\x00\x00\x00\x00\x00\x00\x00\x00\x00\x00\x00\x00\x00\x00\x00\x00\x00\x00\x00\x00\x00\x00\x00\x00\x00\x00\x00\x00\x00\x00\x00\x00\x00\x00\x00\x00\x00\x00\x00\x00\x00\x00\x00\x00\x00\x00\x00\x00\x00\x00\x00\x00\x00\x00\x00\x00\x00\x00\x00\x00\x00\x00\x00\x00\x00\x00\x00\x00\x00\x00\x00\x00\x00\x00\x00\x00\x00\x00\x00\x00\x00\x00\x00\x00\x00\x00\x00\x00\x00\x00\x00\x00\x00\x00\x00\x00\x00\x00\x00\x00\x00\x00\x00\x00\x00\x00\x00\x00\x00\x00\x00\x00\x00\x00\x00\x00\x00\x00\x00\x00\x00\x00\x00\x00\x00\x00\x00\x00\x00\x00\x00\x00\x00\x00\x00\x00\x00\x00\x00\x00\x00\x00\x00\x00\x00\x00\x00\x00\x00\x00\x00\x00\x00\x00\x00\x00\x00\x00\x00\x00\x00\x00\x00\x00\x00\x00\x00\x00\x00\x00\x00\x00\x00\x00\x00\x00\x00\x00\x00'
2023-04-10 12:02:27,568 - ERROR - [RecvLoop_185.181] - CellPadding() was received but no handlers for it
2023-04-10 12:02:27,693 - WARNING - [RECEIVER] - Routing loop from P2 to P6: P2-P4-P5-P4
2023-04-10 12:02:29,380 - WARNING - [RECEIVER] - Routing loop from P2 to P7: P2-P4-P5-P4
2023-04-10 12:02:32,206 - WARNING - [RECEIVER] - Routing loop from P3 to P7: P3-P4-P5-P4
2023-04-10 12:02:32,596 - WARNING - [RECEIVER] - Routing loop from P4 to P7: P4-P3-P1-P2-P4
2023-04-10 12:02:32,596 - WARNING - [RECEIVER] - TTL reached from path to P7 from P4
2023-04-10 12:02:32,618 - WARNING - [RECEIVER] - Routing loop from P4 to P6: P4-P2-P1-P3-P4
2023-04-10 12:02:32,619 - WARNING - [RECEIVER] - TTL reached from path to P6 from P4
2023-04-10 12:02:34,073 - INFO - [RecvLoop_185.181] - On destroy: circuit #80000002
2023-04-10 12:02:34,073 - INFO - [RecvLoop_185.181] - Destroy circuit #80000002
2023-04-10 12:02:34,074 - INFO - [RecvLoop_185.181] - Stream #4: closing (state = Connected)...
2023-04-10 12:02:41,837 - WARNING - [RECEIVER] - Routing loop from P1 to P7: P1-P3-P4-P2-P4
2023-04-10 12:02:41,837 - WARNING - [RECEIVER] - TTL reached from path to P7 from P1
2023-04-10 12:02:42,044 - WARNING - [RECEIVER] - Routing loop from P3 to P7: P3-P4-P3-P4
2023-04-10 12:02:42,509 - WARNING - [RECEIVER] - Routing loop from P4 to P8: P4-P2-P4
2023-04-10 12:02:42,554 - WARNING - [RECEIVER] - Routing loop from P4 to P6: P4-P2-P4
2023-04-10 12:02:42,810 - WARNING - [RECEIVER] - TTL reached from path to P6 from P1
2023-04-10 12:02:44,870 - WARNING - [RECEIVER] - Routing loop from P2 to P6: P2-P4-P2-P4
2023-04-10 12:02:49,063 - WARNING - [RECEIVER] - Routing loop from P3 to P6: P3-P4-P3-P4
2023-04-10 12:02:49,577 - WARNING - [RECEIVER] - Routing loop from P4 to P7: P4-P3-P4
2023-04-10 12:02:50,914 - WARNING - [RECEIVER] - TTL reached from path to P6 from P1
2023-04-10 12:02:50,994 - WARNING - [RECEIVER] - TTL reached from path to P8 from P1
2023-04-10 12:02:53,175 - INFO - [CONNECTION] - Highest cost peers: [('P6', 3058), ('P8', 2246), ('P7', 1185), ('P5', 1085), ('P3', 543), ('P1', 317), ('P2', 100), ('P4', 0)]
2023-04-10 12:02:53,175 - INFO - [CONNECTION] - Latency for P6 is 3058 - max 500
2023-04-10 12:02:53,175 - INFO - [CONNECTION] - Latency for P8 is 2246 - max 500
2023-04-10 12:02:53,175 - INFO - [CONNECTION] - Latency for P7 is 1185 - max 500
2023-04-10 12:02:53,175 - INFO - [CONNECTION] - Latency for P5 is 1085 - max 500
2023-04-10 12:02:53,175 - INFO - [CONNECTION] - Peer P5 selected for circuit switch
2023-04-10 12:02:53,190 - INFO - [CONNECTION] - Loading cached NetworkStatusDocument from TorCacheDirStorage: /root/.local/share/torpy/network_status
2023-04-10 12:02:53,698 - INFO - [CONNECTION] - Loading cached DirKeyCertificateList from TorCacheDirStorage: /root/.local/share/torpy/dir_key_certificates
2023-04-10 12:02:53,709 - INFO - [MainThread] - ['ESTABLISH', 'SidRelay', b'c52fa649b9828efaaede']
2023-04-10 12:02:53,709 - INFO - [MainThread] - Got ESTABLISH to relay SidRelay:b'c52fa649b9828efaaede' via staysafeandgoodluck
2023-04-10 12:02:53,714 - INFO - [Establish-SidRelay] - Establishing RP to SidRelay
2023-04-10 12:02:53,733 - INFO - [Establish-SidRelay] - Loading cached NetworkStatusDocument from TorCacheDirStorage: /root/.local/share/torpy/network_status
2023-04-10 12:02:54,016 - INFO - [Establish-SidRelay] - Loading cached DirKeyCertificateList from TorCacheDirStorage: /root/.local/share/torpy/dir_key_certificates
2023-04-10 12:02:54,018 - INFO - [Establish-SidRelay] - Connecting to guard node 185.181.61.23:443 (staysafeandgoodluck; Tor 0.4.7.13)... (None)
2023-04-10 12:02:54,108 - INFO - [Establish-SidRelay] - Creating new circuit #8000000f with 185.181.61.23:443 (staysafeandgoodluck; Tor 0.4.7.13) router...
2023-04-10 12:02:54,125 - INFO - [Establish-SidRelay] - Building -1 hops circuit...
2023-04-10 12:02:54,125 - INFO - [Establish-SidRelay] - Extending the circuit #8000000f with 98.128.175.41:9001 (SidRelay; Tor 0.4.7.13)...
2023-04-10 12:02:54,127 - INFO - [Establish-SidRelay] - Getting descriptor for 98.128.175.41:9001 (SidRelay; Tor 0.4.7.13)...
2023-04-10 12:02:54,132 - INFO - [Establish-SidRelay] - Connecting to guard node 178.254.21.133:443 (zensursula; Tor 0.4.7.13)... (Internal dir client)
2023-04-10 12:02:54,272 - INFO - [Establish-SidRelay] - Creating new circuit #80000010 with 178.254.21.133:443 (zensursula; Tor 0.4.7.13) router...
2023-04-10 12:02:54,314 - INFO - [Establish-SidRelay] - Building 0 hops circuit...
2023-04-10 12:02:54,315 - INFO - [Establish-SidRelay] - Stream #10: creating attached to #80000010 circuit...
2023-04-10 12:02:54,315 - INFO - [Establish-SidRelay] - Stream #10: connecting to hsdir
2023-04-10 12:02:54,355 - INFO - [RecvLoop_178.254] - Stream #10: connected (remote ip '')
2023-04-10 12:02:54,568 - INFO - [RecvLoop_178.254] - Stream #10: remote disconnected (reason = DONE)
2023-04-10 12:02:54,569 - INFO - [Establish-SidRelay] - Stream #10: closing (state = Disconnected)...
2023-04-10 12:02:54,570 - INFO - [Establish-SidRelay] - Got descriptor
2023-04-10 12:02:54,574 - INFO - [RecvLoop_95.217.] - On destroy: circuit #8000000e
2023-04-10 12:02:54,574 - INFO - [RecvLoop_95.217.] - Destroy circuit #8000000e
2023-04-10 12:02:54,631 - INFO - [Establish-SidRelay] - <class 'torpy.circuit.TorCircuit'>
2023-04-10 12:02:54,682 - INFO - [Establish-SidRelay] - Rendezvous established (CellRelayRendezvousEstablished())
2023-04-10 12:02:54,682 - INFO - [Establish-SidRelay] - Waiting for connections at relay SidRelay for cookie b'c52fa649b9828efaaede' ...
2023-04-10 12:02:56,578 - INFO - [Thread-4] - Adding P5 to list of inactive
2023-04-10 12:02:56,580 - INFO - [Thread-4] - DEAD ROUTES DETECTED: P5
2023-04-10 12:02:56,580 - INFO - [Thread-4] - Removing P5 from neighbours
2023-04-10 12:02:56,580 - INFO - [Thread-4] - Removed circuit for P5
2023-04-10 12:02:56,580 - INFO - [Thread-4] - updateGraphOnly: [['P1', 'P2', 217, 'sklep'], ['P1', 'P3', 500, 'snowball'], ['P2', 'P4', 100, 'jokulhops'], ['P3', 'P4', 543, 'Vulnerar'], ['P6', 'P8', 812, 'LupusreginaBeta'], ['P7', 'P8', 877, 'hawksTorRelay'], ['P4', 'P5', 1085, 'shhovh']] , {'P5'}
2023-04-10 12:02:57,177 - WARNING - [Connect-jokulhops] - Got SENDME
2023-04-10 12:02:57,589 - INFO - [Thread-4] - GRAPH: [['P1', 'P2', 217, 'sklep'], ['P1', 'P3', 500, 'snowball'], ['P2', 'P4', 100, 'jokulhops'], ['P3', 'P4', 543, 'Vulnerar'], ['P6', 'P8', 812, 'LupusreginaBeta'], ['P7', 'P8', 877, 'hawksTorRelay']]
2023-04-10 12:02:57,589 - INFO - [Thread-4] - ROUTER: {'RID': 'P4', 'Port': 5004, 'Neighbours': 2, 'Neighbours Data': [{'NID': 'P2', 'Cost': 352, 'Hostname': '127.0.0.1', 'RP': 'jokulhops', 'FLAG': 0}, {'NID': 'P3', 'Cost': 537, 'Hostname': '127.0.0.1', 'RP': 'Vulnerar', 'FLAG': 0}], 'SN': 13, 'FLAG': 0, 'RP': set()}
2023-04-10 12:02:57,590 - INFO - [Thread-4] - LSA_DB: {'P1': {'RID': 'P1', 'Port': 5001, 'Neighbours': 2, 'Neighbours Data': [{'NID': 'P2', 'Cost': 217, 'Hostname': '127.0.0.1', 'RP': 'sklep', 'FLAG': 0}, {'NID': 'P3', 'Cost': 500, 'Hostname': '127.0.0.1', 'RP': 'snowball', 'FLAG': 0}], 'SN': 8, 'FLAG': 1, 'RP': set()}, 'P2': {'RID': 'P2', 'Port': 5002, 'Neighbours': 2, 'Neighbours Data': [{'NID': 'P1', 'Cost': 482, 'Hostname': '127.0.0.1', 'RP': 'sklep', 'FLAG': 0}, {'NID': 'P4', 'Cost': 100, 'Hostname': '127.0.0.1', 'RP': 'jokulhops', 'FLAG': 0}], 'SN': 8, 'FLAG': 1, 'RP': set()}, 'P3': {'RID': 'P3', 'Port': 5003, 'Neighbours': 2, 'Neighbours Data': [{'NID': 'P1', 'Cost': 567, 'Hostname': '127.0.0.1', 'RP': 'snowball', 'FLAG': 0}, {'NID': 'P4', 'Cost': 543, 'Hostname': '127.0.0.1', 'RP': 'Vulnerar', 'FLAG': 0}], 'SN': 8, 'FLAG': 1, 'RP': set()}, 'P8': {'RID': 'P8', 'Port': 5008, 'Neighbours': 2, 'Neighbours Data': [{'NID': 'P6', 'Cost': 812, 'Hostname': '127.0.0.1', 'RP': 'LupusreginaBeta', 'FLAG': 0}, {'NID': 'P7', 'Cost': 877, 'Hostname': '127.0.0.1', 'RP': 'hawksTorRelay', 'FLAG': 0}], 'SN': 7, 'FLAG': 1, 'RP': set()}, 'P6': {'RID': 'P6', 'Port': 5006, 'Neighbours': 1, 'Neighbours Data': [{'NID': 'P8', 'Cost': 835, 'Hostname': '127.0.0.1', 'RP': 'LupusreginaBeta', 'FLAG': 0}], 'SN': 5, 'FLAG': 1, 'RP': set()}}
2023-04-10 12:02:58,063 - WARNING - [RECEIVER] - Routing loop from P2 to P6: P2-P4-P3-P4
2023-04-10 12:02:58,762 - INFO - [CONNECTION] - Sending JOIN to P5 for relay SidRelay with cookie b'c52fa649b9828efaaede'
2023-04-10 12:02:59,834 - WARNING - [RECEIVER] - Routing loop from P1 to P7: P1-P2-P4-P2-P4
2023-04-10 12:02:59,834 - WARNING - [RECEIVER] - TTL reached from path to P7 from P1
2023-04-10 12:03:01,636 - WARNING - [RECEIVER] - Routing loop from P4 to P7: P4-P2-P4
2023-04-10 12:03:01,724 - WARNING - [RECEIVER] - Routing loop from P4 to P8: P4-P3-P1-P2-P4
2023-04-10 12:03:01,724 - WARNING - [RECEIVER] - TTL reached from path to P8 from P4
2023-04-10 12:03:05,866 - WARNING - [RECEIVER] - TTL reached from path to P7 from P1
2023-04-10 12:03:06,954 - WARNING - [RECEIVER] - TTL reached from path to P6 from P1
2023-04-10 12:03:09,119 - WARNING - [RECEIVER] - Routing loop from P3 to P8: P3-P4-P2-P4
2023-04-10 12:03:09,250 - WARNING - [RECEIVER] - Routing loop from P2 to P6: P2-P4-P3-P4
2023-04-10 12:03:14,139 - WARNING - [RECEIVER] - Routing loop from P1 to P7: P1-P2-P4-P2-P4
2023-04-10 12:03:14,139 - WARNING - [RECEIVER] - TTL reached from path to P7 from P1
2023-04-10 12:03:14,929 - WARNING - [RECEIVER] - Routing loop from P2 to P7: P2-P4-P3-P4
2023-04-10 12:03:18,677 - WARNING - [RECEIVER] - Routing loop from P4 to P8: P4-P3-P4
2023-04-10 12:03:18,728 - WARNING - [RECEIVER] - Routing loop from P4 to P7: P4-P3-P4
2023-04-10 12:03:18,755 - WARNING - [RECEIVER] - Routing loop from P4 to P6: P4-P2-P4
2023-04-10 12:03:18,833 - WARNING - [RECEIVER] - Routing loop from P4 to P8: P4-P3-P4-P3-P4
2023-04-10 12:03:18,833 - WARNING - [RECEIVER] - TTL reached from path to P8 from P4
2023-04-10 12:03:18,877 - WARNING - [RECEIVER] - Routing loop from P4 to P6: P4-P2-P4-P2-P4
2023-04-10 12:03:18,878 - WARNING - [RECEIVER] - TTL reached from path to P6 from P4
2023-04-10 12:03:19,905 - WARNING - [RECEIVER] - Routing loop from P1 to P7: P1-P2-P4-P3-P4
2023-04-10 12:03:19,905 - WARNING - [RECEIVER] - TTL reached from path to P7 from P1
2023-04-10 12:03:24,133 - WARNING - [RECEIVER] - Routing loop from P3 to P6: P3-P4-P2-P4
2023-04-10 12:03:26,773 - WARNING - [RECEIVER] - Routing loop from P4 to P7: P4-P3-P4
2023-04-10 12:03:26,833 - WARNING - [RECEIVER] - Routing loop from P4 to P6: P4-P2-P1-P2-P4
2023-04-10 12:03:26,833 - WARNING - [RECEIVER] - TTL reached from path to P6 from P4
2023-04-10 12:03:26,879 - WARNING - [RECEIVER] - Routing loop from P4 to P7: P4-P3-P4-P2-P4
2023-04-10 12:03:26,879 - WARNING - [RECEIVER] - TTL reached from path to P7 from P4
2023-04-10 12:03:27,960 - WARNING - [RECEIVER] - Routing loop from P1 to P8: P1-P2-P4-P3-P4
2023-04-10 12:03:27,961 - WARNING - [RECEIVER] - TTL reached from path to P8 from P1
2023-04-10 12:03:29,953 - WARNING - [RECEIVER] - Routing loop from P2 to P6: P2-P4-P3-P4
2023-04-10 12:03:31,728 - WARNING - [RECEIVER] - Routing loop from P4 to P8: P4-P2-P4
2023-04-10 12:03:31,779 - WARNING - [Connect-jokulhops] - Got SENDME
2023-04-10 12:03:31,830 - WARNING - [Connect-jokulhops] - Got SENDME
2023-04-10 12:03:31,834 - WARNING - [RECEIVER] - Routing loop from P4 to P8: P4-P2-P4-P2-P4
2023-04-10 12:03:31,834 - WARNING - [RECEIVER] - TTL reached from path to P8 from P4
2023-04-10 12:03:31,858 - WARNING - [RECEIVER] - Routing loop from P4 to P6: P4-P2-P1-P3-P4
2023-04-10 12:03:31,858 - WARNING - [RECEIVER] - TTL reached from path to P6 from P4
2023-04-10 12:03:32,142 - WARNING - [RECEIVER] - Routing loop from P3 to P7: P3-P4-P2-P4
2023-04-10 12:03:32,494 - WARNING - [RecvLoop_185.181] - CellPadding has some unnecessary data: b'\x00\x00\x00\x00\x00\x00\x00\x00\x00\x00\x00\x00\x00\x00\x00\x00\x00\x00\x00\x00\x00\x00\x00\x00\x00\x00\x00\x00\x00\x00\x00\x00\x00\x00\x00\x00\x00\x00\x00\x00\x00\x00\x00\x00\x00\x00\x00\x00\x00\x00\x00\x00\x00\x00\x00\x00\x00\x00\x00\x00\x00\x00\x00\x00\x00\x00\x00\x00\x00\x00\x00\x00\x00\x00\x00\x00\x00\x00\x00\x00\x00\x00\x00\x00\x00\x00\x00\x00\x00\x00\x00\x00\x00\x00\x00\x00\x00\x00\x00\x00\x00\x00\x00\x00\x00\x00\x00\x00\x00\x00\x00\x00\x00\x00\x00\x00\x00\x00\x00\x00\x00\x00\x00\x00\x00\x00\x00\x00\x00\x00\x00\x00\x00\x00\x00\x00\x00\x00\x00\x00\x00\x00\x00\x00\x00\x00\x00\x00\x00\x00\x00\x00\x00\x00\x00\x00\x00\x00\x00\x00\x00\x00\x00\x00\x00\x00\x00\x00\x00\x00\x00\x00\x00\x00\x00\x00\x00\x00\x00\x00\x00\x00\x00\x00\x00\x00\x00\x00\x00\x00\x00\x00\x00\x00\x00\x00\x00\x00\x00\x00\x00\x00\x00\x00\x00\x00\x00\x00\x00\x00\x00\x00\x00\x00\x00\x00\x00\x00\x00\x00\x00\x00\x00\x00\x00\x00\x00\x00\x00\x00\x00\x00\x00\x00\x00\x00\x00\x00\x00\x00\x00\x00\x00\x00\x00\x00\x00\x00\x00\x00\x00\x00\x00\x00\x00\x00\x00\x00\x00\x00\x00\x00\x00\x00\x00\x00\x00\x00\x00\x00\x00\x00\x00\x00\x00\x00\x00\x00\x00\x00\x00\x00\x00\x00\x00\x00\x00\x00\x00\x00\x00\x00\x00\x00\x00\x00\x00\x00\x00\x00\x00\x00\x00\x00\x00\x00\x00\x00\x00\x00\x00\x00\x00\x00\x00\x00\x00\x00\x00\x00\x00\x00\x00\x00\x00\x00\x00\x00\x00\x00\x00\x00\x00\x00\x00\x00\x00\x00\x00\x00\x00\x00\x00\x00\x00\x00\x00\x00\x00\x00\x00\x00\x00\x00\x00\x00\x00\x00\x00\x00\x00\x00\x00\x00\x00\x00\x00\x00\x00\x00\x00\x00\x00\x00\x00\x00\x00\x00\x00\x00\x00\x00\x00\x00\x00\x00\x00\x00\x00\x00\x00\x00\x00\x00\x00\x00\x00\x00\x00\x00\x00\x00\x00\x00\x00\x00\x00\x00\x00\x00\x00\x00\x00\x00\x00\x00\x00\x00\x00\x00\x00\x00\x00\x00\x00\x00\x00\x00\x00\x00\x00\x00\x00\x00\x00\x00\x00\x00\x00\x00\x00\x00\x00\x00\x00\x00\x00\x00\x00\x00\x00\x00\x00\x00\x00\x00\x00\x00\x00\x00\x00\x00\x00\x00\x00\x00\x00\x00\x00\x00\x00\x00\x00\x00\x00\x00\x00\x00\x00\x00\x00\x00\x00\x00\x00\x00\x00\x00\x00\x00\x00\x00\x00\x00\x00\x00\x00\x00\x00\x00\x00\x00\x00\x00\x00\x00\x00\x00\x00'
2023-04-10 12:03:32,495 - ERROR - [RecvLoop_185.181] - CellPadding() was received but no handlers for it
2023-04-10 12:03:33,882 - ERROR - [Establish-shhovh] - recv timeout
2023-04-10 12:03:33,882 - INFO - [Establish-shhovh] - Closing connection Establish-shhovh
2023-04-10 12:03:33,883 - INFO - [Establish-shhovh] - Stream #4: closing (state = Closed)...
2023-04-10 12:03:33,883 - WARNING - [Establish-shhovh] - Stream #4: closed already
2023-04-10 12:03:33,884 - INFO - [Establish-shhovh] - Destroy circuit #80000002
2023-04-10 12:03:33,884 - WARNING - [Establish-shhovh] - #80000002 circuit: has been destroyed already
2023-04-10 12:03:33,885 - INFO - [Establish-shhovh] - Closing guard connections (None)...
2023-04-10 12:03:33,931 - WARNING - [RECEIVER] - TTL reached from path to P6 from P1
2023-04-10 12:03:40,795 - WARNING - [RECEIVER] - Routing loop from P4 to P8: P4-P2-P4
2023-04-10 12:03:40,810 - WARNING - [RECEIVER] - Routing loop from P4 to P6: P4-P3-P4
2023-04-10 12:03:40,839 - WARNING - [RECEIVER] - Routing loop from P4 to P7: P4-P2-P4
2023-04-10 12:03:40,883 - WARNING - [RECEIVER] - Routing loop from P4 to P8: P4-P2-P4-P2-P4
2023-04-10 12:03:40,884 - WARNING - [RECEIVER] - TTL reached from path to P8 from P4
2023-04-10 12:03:43,916 - WARNING - [RECEIVER] - TTL reached from path to P6 from P1
2023-04-10 12:03:43,949 - WARNING - [RECEIVER] - Routing loop from P1 to P7: P1-P2-P4-P2-P4
2023-04-10 12:03:43,950 - WARNING - [RECEIVER] - TTL reached from path to P7 from P1
2023-04-10 12:03:48,308 - WARNING - [RECEIVER] - Routing loop from P4 to P6: P4-P2-P4
2023-04-10 12:03:53,954 - WARNING - [RECEIVER] - Routing loop from P4 to P7: P4-P2-P1-P2-P4
2023-04-10 12:03:53,955 - WARNING - [RECEIVER] - TTL reached from path to P7 from P4
2023-04-10 12:03:54,170 - WARNING - [RECEIVER] - Routing loop from P4 to P8: P4-P2-P1-P3-P4
2023-04-10 12:03:54,170 - WARNING - [RECEIVER] - TTL reached from path to P8 from P4
2023-04-10 12:03:56,945 - WARNING - [RECEIVER] - TTL reached from path to P6 from P1
2023-04-10 12:03:58,826 - INFO - [CONNECTION] - Highest cost peers: [('P6', 3058), ('P8', 2246), ('P7', 1185), ('P5', 1085), ('P1', 643), ('P3', 543), ('P2', 522), ('P4', 0)]
2023-04-10 12:03:58,827 - INFO - [CONNECTION] - Latency for P6 is 3058 - max 500
2023-04-10 12:03:58,828 - INFO - [CONNECTION] - Latency for P8 is 2246 - max 500
2023-04-10 12:03:58,828 - INFO - [CONNECTION] - Latency for P7 is 1185 - max 500
2023-04-10 12:03:58,828 - INFO - [CONNECTION] - Latency for P5 is 1085 - max 500
2023-04-10 12:03:58,828 - INFO - [CONNECTION] - Latency for P1 is 643 - max 500
2023-04-10 12:03:58,828 - INFO - [CONNECTION] - Latency for P3 is 543 - max 500
2023-04-10 12:03:58,828 - INFO - [CONNECTION] - Peer P3 selected for circuit switch
2023-04-10 12:03:58,853 - INFO - [CONNECTION] - Loading cached NetworkStatusDocument from TorCacheDirStorage: /root/.local/share/torpy/network_status
2023-04-10 12:03:59,282 - INFO - [CONNECTION] - Loading cached DirKeyCertificateList from TorCacheDirStorage: /root/.local/share/torpy/dir_key_certificates
2023-04-10 12:03:59,294 - INFO - [MainThread] - ['ESTABLISH', 'newyorkie', b'549cac54f507d522028a']
2023-04-10 12:03:59,294 - INFO - [MainThread] - Got ESTABLISH to relay newyorkie:b'549cac54f507d522028a' via staysafeandgoodluck
2023-04-10 12:03:59,294 - INFO - [Establish-newyorkie] - Establishing RP to newyorkie
2023-04-10 12:03:59,318 - INFO - [Establish-newyorkie] - Loading cached NetworkStatusDocument from TorCacheDirStorage: /root/.local/share/torpy/network_status
2023-04-10 12:03:59,734 - INFO - [Establish-newyorkie] - Loading cached DirKeyCertificateList from TorCacheDirStorage: /root/.local/share/torpy/dir_key_certificates
2023-04-10 12:03:59,736 - INFO - [Establish-newyorkie] - Connecting to guard node 185.181.61.23:443 (staysafeandgoodluck; Tor 0.4.7.13)... (None)
2023-04-10 12:03:59,800 - INFO - [Establish-newyorkie] - Creating new circuit #80000011 with 185.181.61.23:443 (staysafeandgoodluck; Tor 0.4.7.13) router...
2023-04-10 12:03:59,823 - INFO - [Establish-newyorkie] - Building -1 hops circuit...
2023-04-10 12:03:59,823 - INFO - [Establish-newyorkie] - Extending the circuit #80000011 with 104.238.215.66:9001 (newyorkie; Tor 0.4.7.13)...
2023-04-10 12:03:59,825 - INFO - [Establish-newyorkie] - Getting descriptor for 104.238.215.66:9001 (newyorkie; Tor 0.4.7.13)...
2023-04-10 12:03:59,835 - INFO - [Establish-newyorkie] - Connecting to guard node 5.9.18.2:9001 (ddetor3; Tor 0.4.5.16)... (Internal dir client)
2023-04-10 12:03:59,869 - WARNING - [RECEIVER] - Routing loop from P4 to P8: P4-P3-P4
2023-04-10 12:03:59,920 - WARNING - [RECEIVER] - Routing loop from P4 to P6: P4-P3-P4
2023-04-10 12:03:59,996 - WARNING - [RECEIVER] - Routing loop from P4 to P8: P4-P3-P4-P3-P4
2023-04-10 12:03:59,996 - WARNING - [RECEIVER] - TTL reached from path to P8 from P4
2023-04-10 12:04:00,046 - INFO - [Establish-newyorkie] - Creating new circuit #80000012 with 5.9.18.2:9001 (ddetor3; Tor 0.4.5.16) router...
2023-04-10 12:04:00,100 - INFO - [Establish-newyorkie] - Building 0 hops circuit...
2023-04-10 12:04:00,100 - INFO - [Establish-newyorkie] - Stream #11: creating attached to #80000012 circuit...
2023-04-10 12:04:00,100 - INFO - [Establish-newyorkie] - Stream #11: connecting to hsdir
2023-04-10 12:04:00,155 - INFO - [RecvLoop_5.9.18.] - Stream #11: connected (remote ip '')
2023-04-10 12:04:00,203 - WARNING - [RECEIVER] - Routing loop from P3 to P6: P3-P4-P2-P4
2023-04-10 12:04:00,263 - WARNING - [RECEIVER] - Routing loop from P4 to P7: P4-P3-P1-P3-P4
2023-04-10 12:04:00,263 - WARNING - [RECEIVER] - TTL reached from path to P7 from P4
2023-04-10 12:04:00,361 - INFO - [RecvLoop_5.9.18.] - Stream #11: remote disconnected (reason = DONE)
2023-04-10 12:04:00,363 - INFO - [Establish-newyorkie] - Stream #11: closing (state = Disconnected)...
2023-04-10 12:04:00,363 - INFO - [Establish-newyorkie] - Got descriptor
2023-04-10 12:04:00,533 - INFO - [Establish-newyorkie] - <class 'torpy.circuit.TorCircuit'>
2023-04-10 12:04:00,721 - INFO - [Establish-newyorkie] - Rendezvous established (CellRelayRendezvousEstablished())
2023-04-10 12:04:00,721 - INFO - [Establish-newyorkie] - Waiting for connections at relay newyorkie for cookie b'549cac54f507d522028a' ...
2023-04-10 12:04:02,348 - WARNING - [Connect-jokulhops] - Got SENDME
2023-04-10 12:04:02,669 - INFO - [RecvLoop_178.254] - On destroy: circuit #80000010
2023-04-10 12:04:02,669 - INFO - [RecvLoop_178.254] - Destroy circuit #80000010
2023-04-10 12:04:03,141 - WARNING - [RECEIVER] - Routing loop from P1 to P6: P1-P2-P4-P2-P4
2023-04-10 12:04:03,141 - WARNING - [RECEIVER] - TTL reached from path to P6 from P1
2023-04-10 12:04:04,300 - INFO - [CONNECTION] - Sending JOIN to P3 for relay newyorkie with cookie b'549cac54f507d522028a'
2023-04-10 12:04:05,365 - WARNING - [RECEIVER] - Routing loop from P1 to P7: P1-P2-P4-P3-P4
2023-04-10 12:04:05,365 - WARNING - [RECEIVER] - TTL reached from path to P7 from P1
2023-04-10 12:04:05,943 - WARNING - [RECEIVER] - Routing loop from P4 to P6: P4-P3-P4
2023-04-10 12:04:06,143 - WARNING - [RECEIVER] - Routing loop from P4 to P8: P4-P3-P1-P2-P4
2023-04-10 12:04:06,143 - WARNING - [RECEIVER] - TTL reached from path to P8 from P4
2023-04-10 12:04:06,409 - WARNING - [RECEIVER] - Routing loop from P4 to P7: P4-P3-P1-P2-P4
2023-04-10 12:04:06,409 - WARNING - [RECEIVER] - TTL reached from path to P7 from P4
2023-04-10 12:04:06,461 - INFO - [Establish-newyorkie] - Got REND2 message from newyorkie
2023-04-10 12:04:06,463 - INFO - [Establish-newyorkie] - Entered circuit context with id 0x80000011
2023-04-10 12:04:06,463 - INFO - [Establish-newyorkie] - Stream #12: creating attached to #80000011 circuit...
2023-04-10 12:04:06,463 - INFO - [Establish-newyorkie] - Stream #12: connecting to ('127.0.0.1', 5000)
2023-04-10 12:04:06,738 - INFO - [RecvLoop_185.181] - Stream #12: connected (remote ip '127.0.0.1')
2023-04-10 12:04:06,868 - INFO - [Establish-newyorkie] - Sending HELLO to peer
2023-04-10 12:04:06,868 - INFO - [Establish-newyorkie] - Sending HELLO to peer: b'\x80\x04\x95&\x00\x00\x00\x00\x00\x00\x00]\x94}\x94(\x8c\x07Message\x94\x8c\x05HELLO\x94\x8c\x04Peer\x94\x8c\x02P4\x94ua.'
2023-04-10 12:04:06,874 - INFO - [RECEIVER] - Added neighbour P3
2023-04-10 12:04:08,364 - WARNING - [RECEIVER] - Routing loop from P1 to P6: P1-P3-P4-P3-P4
2023-04-10 12:04:08,364 - WARNING - [RECEIVER] - TTL reached from path to P6 from P1
2023-04-10 12:04:12,953 - WARNING - [RECEIVER] - Routing loop from P4 to P8: P4-P2-P4
2023-04-10 12:04:13,029 - WARNING - [RECEIVER] - Routing loop from P4 to P7: P4-P2-P4
2023-04-10 12:04:13,109 - WARNING - [RECEIVER] - Routing loop from P4 to P6: P4-P2-P4
2023-04-10 12:04:13,123 - WARNING - [RECEIVER] - Routing loop from P4 to P8: P4-P2-P4-P2-P4
2023-04-10 12:04:13,123 - WARNING - [RECEIVER] - TTL reached from path to P8 from P4
2023-04-10 12:04:13,188 - WARNING - [RECEIVER] - Routing loop from P4 to P7: P4-P2-P4-P2-P4
2023-04-10 12:04:13,188 - WARNING - [RECEIVER] - TTL reached from path to P7 from P4
2023-04-10 12:04:13,380 - WARNING - [RECEIVER] - Routing loop from P4 to P6: P4-P2-P4-P3-P4
2023-04-10 12:04:13,380 - WARNING - [RECEIVER] - TTL reached from path to P6 from P4
2023-04-10 12:04:15,167 - WARNING - [RECEIVER] - TTL reached from path to P6 from P1
2023-04-10 12:04:19,328 - ERROR - [Connect-jokulhops] - Got DESTROY
2023-04-10 12:04:20,812 - INFO - [RecvLoop_185.181] - On destroy: circuit #80000001
2023-04-10 12:04:20,812 - INFO - [RecvLoop_185.181] - Destroy circuit #80000001
2023-04-10 12:04:20,813 - INFO - [RecvLoop_185.181] - Stream #3: closing (state = Connected)...
2023-04-10 12:04:20,881 - INFO - [RecvLoop_185.181] - On destroy: circuit #80000011
2023-04-10 12:04:20,881 - INFO - [RecvLoop_185.181] - Destroy circuit #80000011
2023-04-10 12:04:20,881 - INFO - [RecvLoop_185.181] - Stream #12: closing (state = Connected)...
