1681120466.3523948;P4;{}
1681120469.359944;P4;[["P2", "P4", 100, "LupusreginaBeta"], ["P3", "P4", 100, "Vulnerar"]]
1681120472.3698962;P4;[["P2", "P4", 100, "LupusreginaBeta"], ["P3", "P4", 100, "Vulnerar"], ["P1", "P2", 100, "sklep"], ["P1", "P3", 100, "snowball"]]
1681120475.379004;P4;[["P2", "P4", 100, "LupusreginaBeta"], ["P3", "P4", 100, "Vulnerar"], ["P1", "P2", 100, "sklep"], ["P1", "P3", 100, "snowball"]]
1681120478.3873246;P4;[["P2", "P4", 100, "LupusreginaBeta"], ["P3", "P4", 100, "Vulnerar"], ["P1", "P2", 100, "sklep"], ["P1", "P3", 100, "snowball"]]
1681120481.3927288;P4;[["P2", "P4", 100, "LupusreginaBeta"], ["P3", "P4", 100, "Vulnerar"], ["P1", "P2", 100, "sklep"], ["P1", "P3", 100, "snowball"]]
1681120484.3997982;P4;[["P2", "P4", 100, "LupusreginaBeta"], ["P3", "P4", 100, "Vulnerar"], ["P1", "P2", 100, "sklep"], ["P1", "P3", 100, "snowball"]]
1681120487.4065838;P4;[["P2", "P4", 100, "LupusreginaBeta"], ["P3", "P4", 100, "Vulnerar"], ["P1", "P2", 100, "sklep"], ["P1", "P3", 100, "snowball"]]
1681120490.414103;P4;[["P2", "P4", 100, "LupusreginaBeta"], ["P3", "P4", 100, "Vulnerar"], ["P1", "P2", 100, "sklep"], ["P1", "P3", 100, "snowball"]]
1681120493.4216557;P4;[["P2", "P4", 100, "LupusreginaBeta"], ["P3", "P4", 100, "Vulnerar"], ["P1", "P2", 100, "sklep"], ["P1", "P3", 100, "snowball"]]
1681120496.4276242;P4;[["P2", "P4", 100, "LupusreginaBeta"], ["P3", "P4", 100, "Vulnerar"], ["P1", "P2", 100, "sklep"], ["P1", "P3", 100, "snowball"]]
1681120499.4342175;P4;[["P2", "P4", 100, "LupusreginaBeta"], ["P3", "P4", 100, "Vulnerar"], ["P1", "P2", 100, "sklep"], ["P1", "P3", 100, "snowball"]]
1681120502.440374;P4;[["P2", "P4", 100, "LupusreginaBeta"], ["P3", "P4", 100, "Vulnerar"], ["P1", "P2", 100, "sklep"], ["P1", "P3", 100, "snowball"]]
1681120505.4469738;P4;[["P2", "P4", 100, "LupusreginaBeta"], ["P3", "P4", 100, "Vulnerar"], ["P4", "P5", 100, "shhovh"]]
1681120508.4528992;P4;[["P2", "P4", 100, "LupusreginaBeta"], ["P3", "P4", 100, "Vulnerar"], ["P4", "P5", 100, "shhovh"]]
1681120511.459572;P4;[["P2", "P4", 100, "LupusreginaBeta"], ["P3", "P4", 100, "Vulnerar"], ["P4", "P5", 100, "shhovh"]]
1681120514.4662235;P4;[["P2", "P4", 100, "LupusreginaBeta"], ["P3", "P4", 100, "Vulnerar"], ["P4", "P5", 100, "shhovh"]]
1681120517.470981;P4;[["P2", "P4", 100, "LupusreginaBeta"], ["P3", "P4", 100, "Vulnerar"], ["P4", "P5", 100, "shhovh"]]
1681120520.4803226;P4;[["P2", "P4", 100, "LupusreginaBeta"], ["P3", "P4", 100, "Vulnerar"], ["P4", "P5", 100, "shhovh"], ["P1", "P2", 100, "sklep"], ["P1", "P3", 100, "snowball"], ["P5", "P6", 100, "taipe"]]
1681120523.486215;P4;[["P2", "P4", 100, "LupusreginaBeta"], ["P3", "P4", 100, "Vulnerar"], ["P4", "P5", 100, "shhovh"], ["P1", "P2", 100, "sklep"], ["P1", "P3", 100, "snowball"], ["P5", "P6", 100, "taipe"]]
1681120526.4953222;P4;[["P2", "P4", 100, "LupusreginaBeta"], ["P3", "P4", 100, "Vulnerar"], ["P4", "P5", 100, "shhovh"], ["P1", "P2", 100, "sklep"], ["P1", "P3", 100, "snowball"], ["P5", "P6", 100, "taipe"]]
1681120529.5012252;P4;[["P2", "P4", 100, "LupusreginaBeta"], ["P3", "P4", 100, "Vulnerar"], ["P4", "P5", 100, "shhovh"], ["P1", "P2", 100, "sklep"], ["P1", "P3", 100, "snowball"], ["P5", "P6", 100, "taipe"]]
1681120532.5088372;P4;[["P2", "P4", 100, "LupusreginaBeta"], ["P3", "P4", 100, "Vulnerar"], ["P4", "P5", 100, "shhovh"], ["P1", "P2", 100, "sklep"], ["P1", "P3", 100, "snowball"], ["P5", "P6", 100, "taipe"], ["P5", "P7", 100, "RMK"], ["P7", "P8", 100, "Vulnerar"]]
1681120535.5154006;P4;[["P2", "P4", 100, "LupusreginaBeta"], ["P3", "P4", 100, "Vulnerar"], ["P4", "P5", 100, "shhovh"], ["P1", "P2", 100, "sklep"], ["P1", "P3", 100, "snowball"], ["P5", "P6", 100, "taipe"], ["P5", "P7", 100, "RMK"], ["P7", "P8", 100, "Vulnerar"]]
1681120538.5207624;P4;[["P1", "P2", 100, "sklep"], ["P1", "P3", 100, "snowball"], ["P2", "P4", 100, "LupusreginaBeta"], ["P3", "P4", 100, "Vulnerar"], ["P4", "P5", 100, "shhovh"], ["P5", "P6", 100, "taipe"], ["P5", "P7", 100, "RMK"], ["P7", "P8", 100, "Vulnerar"], ["P6", "P8", 100, "LupusreginaBeta"]]
1681120541.5285418;P4;[["P1", "P2", 100, "sklep"], ["P1", "P3", 100, "snowball"], ["P2", "P4", 100, "LupusreginaBeta"], ["P3", "P4", 100, "Vulnerar"], ["P4", "P5", 100, "shhovh"], ["P5", "P6", 100, "taipe"], ["P5", "P7", 100, "RMK"], ["P7", "P8", 100, "Vulnerar"], ["P6", "P8", 100, "LupusreginaBeta"]]
1681120544.5357006;P4;[["P1", "P2", 100, "sklep"], ["P1", "P3", 100, "snowball"], ["P2", "P4", 100, "LupusreginaBeta"], ["P3", "P4", 100, "Vulnerar"], ["P4", "P5", 100, "shhovh"], ["P5", "P7", 100, "RMK"], ["P7", "P8", 100, "Vulnerar"]]
1681120547.5421684;P4;[["P1", "P2", 100, "sklep"], ["P1", "P3", 100, "snowball"], ["P2", "P4", 100, "LupusreginaBeta"], ["P3", "P4", 100, "Vulnerar"], ["P4", "P5", 100, "shhovh"], ["P5", "P7", 100, "RMK"], ["P7", "P8", 100, "Vulnerar"], ["P6", "P8", 100, "LupusreginaBeta"]]
1681120550.5502589;P4;[["P1", "P2", 100, "sklep"], ["P1", "P3", 100, "snowball"], ["P2", "P4", 100, "LupusreginaBeta"], ["P3", "P4", 100, "Vulnerar"], ["P4", "P5", 100, "shhovh"], ["P5", "P7", 100, "RMK"], ["P7", "P8", 100, "Vulnerar"], ["P6", "P8", 100, "LupusreginaBeta"]]
1681120553.55711;P4;[["P1", "P2", 100, "sklep"], ["P1", "P3", 100, "snowball"], ["P2", "P4", 100, "LupusreginaBeta"], ["P3", "P4", 100, "Vulnerar"], ["P4", "P5", 100, "shhovh"], ["P5", "P7", 100, "RMK"], ["P7", "P8", 100, "Vulnerar"], ["P6", "P8", 100, "LupusreginaBeta"]]
1681120556.5627537;P4;[["P1", "P2", 100, "sklep"], ["P1", "P3", 100, "snowball"], ["P2", "P4", 100, "LupusreginaBeta"], ["P3", "P4", 100, "Vulnerar"], ["P4", "P5", 100, "shhovh"], ["P5", "P7", 100, "RMK"], ["P7", "P8", 100, "Vulnerar"], ["P6", "P8", 100, "LupusreginaBeta"]]
1681120559.5720592;P4;[["P1", "P2", 100, "sklep"], ["P1", "P3", 100, "snowball"], ["P2", "P4", 100, "LupusreginaBeta"], ["P3", "P4", 100, "Vulnerar"], ["P4", "P5", 100, "shhovh"], ["P5", "P7", 100, "RMK"], ["P7", "P8", 100, "Vulnerar"], ["P6", "P8", 100, "LupusreginaBeta"]]
1681120562.5797555;P4;[["P1", "P2", 100, "sklep"], ["P1", "P3", 100, "snowball"], ["P2", "P4", 100, "LupusreginaBeta"], ["P3", "P4", 100, "Vulnerar"], ["P5", "P7", 100, "RMK"], ["P7", "P8", 100, "Vulnerar"], ["P6", "P8", 100, "LupusreginaBeta"]]
1681120565.586307;P4;[["P1", "P2", 100, "sklep"], ["P1", "P3", 100, "snowball"], ["P2", "P4", 100, "LupusreginaBeta"], ["P3", "P4", 100, "Vulnerar"], ["P5", "P7", 100, "RMK"], ["P7", "P8", 100, "Vulnerar"], ["P6", "P8", 100, "LupusreginaBeta"]]
1681120568.5931766;P4;[["P1", "P2", 100, "sklep"], ["P1", "P3", 100, "snowball"], ["P2", "P4", 100, "LupusreginaBeta"], ["P3", "P4", 100, "Vulnerar"], ["P5", "P7", 100, "RMK"], ["P7", "P8", 100, "Vulnerar"], ["P6", "P8", 100, "LupusreginaBeta"]]
1681120571.5999699;P4;[["P1", "P2", 100, "sklep"], ["P1", "P3", 100, "snowball"], ["P2", "P4", 100, "LupusreginaBeta"], ["P3", "P4", 100, "Vulnerar"], ["P5", "P7", 100, "RMK"], ["P7", "P8", 100, "Vulnerar"], ["P6", "P8", 100, "LupusreginaBeta"]]
1681120574.6069002;P4;[["P1", "P2", 100, "sklep"], ["P1", "P3", 100, "snowball"], ["P2", "P4", 100, "LupusreginaBeta"], ["P3", "P4", 100, "Vulnerar"], ["P5", "P7", 100, "RMK"], ["P7", "P8", 100, "Vulnerar"], ["P6", "P8", 100, "LupusreginaBeta"]]
1681120577.613413;P4;[["P1", "P2", 100, "sklep"], ["P1", "P3", 100, "snowball"], ["P2", "P4", 100, "LupusreginaBeta"], ["P3", "P4", 100, "Vulnerar"], ["P5", "P7", 100, "RMK"], ["P7", "P8", 100, "Vulnerar"], ["P6", "P8", 100, "LupusreginaBeta"]]
1681120580.6227827;P4;[["P1", "P2", 100, "sklep"], ["P1", "P3", 100, "snowball"], ["P2", "P4", 100, "LupusreginaBeta"], ["P3", "P4", 100, "Vulnerar"], ["P5", "P7", 100, "RMK"], ["P7", "P8", 100, "Vulnerar"], ["P6", "P8", 100, "LupusreginaBeta"]]
1681120583.6302292;P4;[["P1", "P2", 100, "sklep"], ["P1", "P3", 100, "snowball"], ["P2", "P4", 100, "LupusreginaBeta"], ["P3", "P4", 100, "Vulnerar"], ["P5", "P7", 100, "RMK"], ["P7", "P8", 100, "Vulnerar"], ["P6", "P8", 100, "LupusreginaBeta"]]
1681120586.6374037;P4;[["P1", "P2", 100, "sklep"], ["P1", "P3", 100, "snowball"], ["P2", "P4", 100, "LupusreginaBeta"], ["P3", "P4", 100, "Vulnerar"], ["P5", "P7", 100, "RMK"], ["P7", "P8", 100, "Vulnerar"], ["P6", "P8", 100, "LupusreginaBeta"]]
1681120589.6441696;P4;[["P1", "P2", 100, "sklep"], ["P1", "P3", 100, "snowball"], ["P2", "P4", 100, "LupusreginaBeta"], ["P3", "P4", 100, "Vulnerar"], ["P5", "P7", 100, "RMK"], ["P7", "P8", 100, "Vulnerar"], ["P6", "P8", 100, "LupusreginaBeta"]]
1681120592.6484168;P4;[["P1", "P2", 100, "sklep"], ["P1", "P3", 100, "snowball"], ["P2", "P4", 100, "LupusreginaBeta"], ["P3", "P4", 100, "Vulnerar"], ["P5", "P7", 100, "RMK"], ["P7", "P8", 100, "Vulnerar"], ["P6", "P8", 100, "LupusreginaBeta"]]
1681120595.6550496;P4;[["P1", "P2", 100, "sklep"], ["P1", "P3", 100, "snowball"], ["P2", "P4", 100, "LupusreginaBeta"], ["P3", "P4", 100, "Vulnerar"], ["P5", "P7", 100, "RMK"], ["P7", "P8", 100, "Vulnerar"], ["P6", "P8", 100, "LupusreginaBeta"]]
1681120598.6633008;P4;[["P1", "P2", 100, "sklep"], ["P1", "P3", 100, "snowball"], ["P2", "P4", 100, "LupusreginaBeta"], ["P3", "P4", 100, "Vulnerar"], ["P5", "P7", 100, "RMK"], ["P7", "P8", 100, "Vulnerar"], ["P6", "P8", 100, "LupusreginaBeta"]]
1681120601.6680627;P4;[["P1", "P2", 100, "sklep"], ["P1", "P3", 100, "snowball"], ["P2", "P4", 100, "LupusreginaBeta"], ["P3", "P4", 100, "Vulnerar"], ["P5", "P7", 100, "RMK"], ["P7", "P8", 100, "Vulnerar"], ["P6", "P8", 100, "LupusreginaBeta"]]
1681120604.6746504;P4;[["P1", "P2", 100, "sklep"], ["P1", "P3", 100, "snowball"], ["P2", "P4", 100, "LupusreginaBeta"], ["P3", "P4", 100, "Vulnerar"], ["P5", "P7", 100, "RMK"], ["P7", "P8", 100, "Vulnerar"], ["P6", "P8", 100, "LupusreginaBeta"]]
1681120607.6796355;P4;[["P1", "P2", 100, "sklep"], ["P1", "P3", 100, "snowball"], ["P2", "P4", 100, "LupusreginaBeta"], ["P3", "P4", 100, "Vulnerar"], ["P5", "P7", 100, "RMK"], ["P7", "P8", 100, "Vulnerar"], ["P6", "P8", 100, "LupusreginaBeta"]]
1681120610.6883638;P4;[["P1", "P2", 100, "sklep"], ["P1", "P3", 100, "snowball"], ["P2", "P4", 100, "LupusreginaBeta"], ["P3", "P4", 100, "Vulnerar"], ["P5", "P7", 100, "RMK"], ["P7", "P8", 100, "Vulnerar"], ["P6", "P8", 100, "LupusreginaBeta"]]
1681120613.6971674;P4;[["P1", "P2", 100, "sklep"], ["P1", "P3", 100, "snowball"], ["P2", "P4", 100, "LupusreginaBeta"], ["P3", "P4", 100, "Vulnerar"], ["P5", "P7", 100, "RMK"], ["P7", "P8", 100, "Vulnerar"], ["P6", "P8", 100, "LupusreginaBeta"]]
1681120616.7025824;P4;[["P1", "P2", 100, "sklep"], ["P1", "P3", 100, "snowball"], ["P2", "P4", 100, "LupusreginaBeta"], ["P3", "P4", 100, "Vulnerar"], ["P5", "P7", 100, "RMK"], ["P7", "P8", 100, "Vulnerar"], ["P6", "P8", 100, "LupusreginaBeta"]]
1681120619.7109106;P4;[["P1", "P2", 100, "sklep"], ["P1", "P3", 100, "snowball"], ["P2", "P4", 100, "LupusreginaBeta"], ["P3", "P4", 100, "Vulnerar"], ["P5", "P7", 100, "RMK"], ["P7", "P8", 100, "Vulnerar"], ["P6", "P8", 100, "LupusreginaBeta"]]
1681120622.7187846;P4;[["P1", "P2", 100, "sklep"], ["P1", "P3", 100, "snowball"], ["P2", "P4", 100, "LupusreginaBeta"], ["P3", "P4", 100, "Vulnerar"], ["P5", "P7", 100, "RMK"], ["P7", "P8", 100, "Vulnerar"], ["P6", "P8", 100, "LupusreginaBeta"]]
1681120625.726127;P4;[["P1", "P2", 316, "sklep"], ["P1", "P3", 100, "snowball"], ["P2", "P4", 100, "LupusreginaBeta"], ["P3", "P4", 100, "Vulnerar"], ["P5", "P7", 100, "RMK"], ["P7", "P8", 100, "Vulnerar"], ["P6", "P8", 100, "LupusreginaBeta"]]
1681120628.7330406;P4;[["P1", "P2", 316, "sklep"], ["P1", "P3", 100, "snowball"], ["P2", "P4", 470, "LupusreginaBeta"], ["P3", "P4", 100, "Vulnerar"], ["P5", "P7", 100, "RMK"], ["P7", "P8", 100, "Vulnerar"], ["P6", "P8", 100, "LupusreginaBeta"]]
1681120631.741957;P4;[["P1", "P2", 316, "sklep"], ["P1", "P3", 100, "snowball"], ["P2", "P4", 470, "LupusreginaBeta"], ["P3", "P4", 100, "Vulnerar"], ["P5", "P7", 100, "RMK"], ["P7", "P8", 100, "Vulnerar"], ["P6", "P8", 100, "LupusreginaBeta"]]
1681120634.749062;P4;[["P1", "P2", 316, "sklep"], ["P1", "P3", 100, "snowball"], ["P2", "P4", 470, "LupusreginaBeta"], ["P3", "P4", 100, "Vulnerar"], ["P5", "P7", 100, "RMK"], ["P7", "P8", 100, "Vulnerar"], ["P6", "P8", 100, "LupusreginaBeta"]]
1681120637.756905;P4;[["P1", "P2", 316, "sklep"], ["P1", "P3", 100, "snowball"], ["P2", "P4", 470, "LupusreginaBeta"], ["P3", "P4", 100, "Vulnerar"], ["P5", "P7", 100, "RMK"], ["P7", "P8", 100, "Vulnerar"], ["P6", "P8", 100, "LupusreginaBeta"]]
1681120640.7620108;P4;[["P1", "P2", 316, "sklep"], ["P1", "P3", 401, "snowball"], ["P2", "P4", 470, "LupusreginaBeta"], ["P3", "P4", 100, "Vulnerar"], ["P5", "P7", 100, "RMK"], ["P7", "P8", 100, "Vulnerar"], ["P6", "P8", 100, "LupusreginaBeta"]]
1681120643.7673051;P4;[["P1", "P2", 316, "sklep"], ["P1", "P3", 401, "snowball"], ["P2", "P4", 470, "LupusreginaBeta"], ["P3", "P4", 100, "Vulnerar"], ["P5", "P7", 100, "RMK"], ["P7", "P8", 100, "Vulnerar"], ["P6", "P8", 100, "LupusreginaBeta"]]
1681120646.8021598;P4;[["P1", "P2", 316, "sklep"], ["P1", "P3", 401, "snowball"], ["P2", "P4", 470, "LupusreginaBeta"], ["P3", "P4", 707, "Vulnerar"], ["P5", "P7", 100, "RMK"], ["P7", "P8", 100, "Vulnerar"], ["P6", "P8", 100, "LupusreginaBeta"]]
1681120649.818493;P4;[["P1", "P2", 316, "sklep"], ["P1", "P3", 401, "snowball"], ["P2", "P4", 470, "LupusreginaBeta"], ["P3", "P4", 707, "Vulnerar"], ["P5", "P7", 100, "RMK"], ["P7", "P8", 100, "Vulnerar"], ["P6", "P8", 100, "LupusreginaBeta"]]
1681120652.824898;P4;[["P1", "P2", 316, "sklep"], ["P1", "P3", 401, "snowball"], ["P2", "P4", 470, "LupusreginaBeta"], ["P3", "P4", 707, "Vulnerar"], ["P5", "P7", 100, "RMK"], ["P7", "P8", 100, "Vulnerar"], ["P6", "P8", 100, "LupusreginaBeta"]]
1681120655.8311543;P4;[["P1", "P2", 316, "sklep"], ["P1", "P3", 401, "snowball"], ["P2", "P4", 470, "LupusreginaBeta"], ["P3", "P4", 707, "Vulnerar"], ["P5", "P7", 100, "RMK"], ["P7", "P8", 100, "Vulnerar"], ["P6", "P8", 100, "LupusreginaBeta"]]
1681120658.8363092;P4;[["P1", "P2", 316, "sklep"], ["P1", "P3", 401, "snowball"], ["P2", "P4", 470, "LupusreginaBeta"], ["P3", "P4", 707, "Vulnerar"], ["P5", "P7", 100, "RMK"], ["P7", "P8", 100, "Vulnerar"], ["P6", "P8", 100, "LupusreginaBeta"]]
1681120661.8441203;P4;[["P1", "P2", 316, "sklep"], ["P1", "P3", 401, "snowball"], ["P2", "P4", 470, "LupusreginaBeta"], ["P3", "P4", 707, "Vulnerar"], ["P5", "P7", 100, "RMK"], ["P7", "P8", 100, "Vulnerar"], ["P6", "P8", 100, "LupusreginaBeta"]]
1681120664.8516202;P4;[["P1", "P2", 316, "sklep"], ["P1", "P3", 401, "snowball"], ["P2", "P4", 470, "LupusreginaBeta"], ["P3", "P4", 707, "Vulnerar"], ["P5", "P7", 100, "RMK"], ["P7", "P8", 100, "Vulnerar"], ["P6", "P8", 100, "LupusreginaBeta"]]
1681120667.858098;P4;[["P1", "P2", 316, "sklep"], ["P1", "P3", 401, "snowball"], ["P2", "P4", 470, "LupusreginaBeta"], ["P3", "P4", 707, "Vulnerar"], ["P5", "P7", 100, "RMK"], ["P7", "P8", 100, "Vulnerar"], ["P6", "P8", 100, "LupusreginaBeta"]]
1681120670.8644245;P4;[["P1", "P2", 316, "sklep"], ["P1", "P3", 401, "snowball"], ["P2", "P4", 470, "LupusreginaBeta"], ["P3", "P4", 707, "Vulnerar"], ["P5", "P7", 100, "RMK"], ["P7", "P8", 100, "Vulnerar"], ["P6", "P8", 100, "LupusreginaBeta"], ["P4", "P5", 1069, "shhovh"]]
1681120673.8707125;P4;[["P1", "P2", 316, "sklep"], ["P1", "P3", 401, "snowball"], ["P2", "P4", 470, "LupusreginaBeta"], ["P3", "P4", 707, "Vulnerar"], ["P5", "P7", 100, "RMK"], ["P7", "P8", 100, "Vulnerar"], ["P6", "P8", 100, "LupusreginaBeta"], ["P4", "P5", 1069, "shhovh"]]
1681120676.8782926;P4;[["P1", "P2", 316, "sklep"], ["P1", "P3", 401, "snowball"], ["P2", "P4", 470, "LupusreginaBeta"], ["P3", "P4", 707, "Vulnerar"], ["P5", "P7", 100, "RMK"], ["P7", "P8", 100, "Vulnerar"], ["P6", "P8", 100, "LupusreginaBeta"], ["P4", "P5", 1069, "shhovh"]]
1681120679.8855944;P4;[["P1", "P2", 316, "sklep"], ["P1", "P3", 401, "snowball"], ["P2", "P4", 470, "LupusreginaBeta"], ["P3", "P4", 707, "Vulnerar"], ["P5", "P7", 100, "RMK"], ["P7", "P8", 100, "Vulnerar"], ["P6", "P8", 100, "LupusreginaBeta"], ["P4", "P5", 1069, "shhovh"]]
1681120682.8947482;P4;[["P1", "P2", 316, "sklep"], ["P1", "P3", 401, "snowball"], ["P2", "P4", 470, "LupusreginaBeta"], ["P3", "P4", 707, "Vulnerar"], ["P5", "P7", 100, "RMK"], ["P7", "P8", 100, "Vulnerar"], ["P6", "P8", 100, "LupusreginaBeta"], ["P4", "P5", 1069, "shhovh"]]
1681120685.9033446;P4;[["P1", "P2", 316, "sklep"], ["P1", "P3", 401, "snowball"], ["P2", "P4", 470, "LupusreginaBeta"], ["P3", "P4", 707, "Vulnerar"], ["P5", "P7", 764, "RMK"], ["P7", "P8", 100, "Vulnerar"], ["P6", "P8", 100, "LupusreginaBeta"], ["P4", "P5", 1069, "shhovh"]]
1681120688.9108906;P4;[["P1", "P2", 316, "sklep"], ["P1", "P3", 401, "snowball"], ["P2", "P4", 470, "LupusreginaBeta"], ["P3", "P4", 707, "Vulnerar"], ["P5", "P7", 764, "RMK"], ["P7", "P8", 100, "Vulnerar"], ["P6", "P8", 100, "LupusreginaBeta"], ["P4", "P5", 1069, "shhovh"]]
1681120691.9181852;P4;[["P1", "P2", 316, "sklep"], ["P1", "P3", 401, "snowball"], ["P2", "P4", 470, "LupusreginaBeta"], ["P3", "P4", 707, "Vulnerar"], ["P5", "P7", 764, "RMK"], ["P7", "P8", 100, "Vulnerar"], ["P6", "P8", 659, "LupusreginaBeta"], ["P4", "P5", 1069, "shhovh"]]
1681120694.9253225;P4;[["P1", "P2", 316, "sklep"], ["P1", "P3", 401, "snowball"], ["P2", "P4", 470, "LupusreginaBeta"], ["P3", "P4", 707, "Vulnerar"], ["P5", "P7", 764, "RMK"], ["P7", "P8", 100, "Vulnerar"], ["P6", "P8", 659, "LupusreginaBeta"], ["P4", "P5", 1069, "shhovh"]]
1681120697.9332545;P4;[["P1", "P2", 316, "sklep"], ["P1", "P3", 401, "snowball"], ["P2", "P4", 470, "LupusreginaBeta"], ["P3", "P4", 707, "Vulnerar"], ["P5", "P7", 764, "RMK"], ["P7", "P8", 100, "Vulnerar"], ["P6", "P8", 659, "LupusreginaBeta"], ["P4", "P5", 1069, "shhovh"]]
1681120700.9417033;P4;[["P1", "P2", 316, "sklep"], ["P1", "P3", 401, "snowball"], ["P2", "P4", 470, "LupusreginaBeta"], ["P3", "P4", 707, "Vulnerar"], ["P5", "P7", 764, "RMK"], ["P7", "P8", 1169, "Vulnerar"], ["P6", "P8", 659, "LupusreginaBeta"], ["P4", "P5", 1069, "shhovh"]]
1681120703.9488206;P4;[["P1", "P2", 316, "sklep"], ["P1", "P3", 401, "snowball"], ["P2", "P4", 470, "LupusreginaBeta"], ["P3", "P4", 707, "Vulnerar"], ["P5", "P7", 764, "RMK"], ["P7", "P8", 1169, "Vulnerar"], ["P6", "P8", 659, "LupusreginaBeta"], ["P4", "P5", 1069, "shhovh"]]
1681120706.9571316;P4;[["P1", "P2", 316, "sklep"], ["P1", "P3", 401, "snowball"], ["P2", "P4", 470, "LupusreginaBeta"], ["P3", "P4", 707, "Vulnerar"], ["P5", "P7", 764, "RMK"], ["P7", "P8", 1169, "Vulnerar"], ["P6", "P8", 659, "LupusreginaBeta"], ["P4", "P5", 1069, "shhovh"]]
1681120709.96502;P4;[["P1", "P2", 316, "sklep"], ["P1", "P3", 401, "snowball"], ["P2", "P4", 470, "LupusreginaBeta"], ["P3", "P4", 707, "Vulnerar"], ["P5", "P7", 764, "RMK"], ["P7", "P8", 1169, "Vulnerar"], ["P6", "P8", 659, "LupusreginaBeta"], ["P4", "P5", 1069, "shhovh"]]
1681120712.9709735;P4;[["P1", "P2", 316, "sklep"], ["P1", "P3", 401, "snowball"], ["P2", "P4", 470, "LupusreginaBeta"], ["P3", "P4", 707, "Vulnerar"], ["P5", "P7", 764, "RMK"], ["P7", "P8", 1169, "Vulnerar"], ["P6", "P8", 659, "LupusreginaBeta"], ["P4", "P5", 1069, "shhovh"]]
1681120715.9781854;P4;[["P1", "P2", 316, "sklep"], ["P1", "P3", 401, "snowball"], ["P2", "P4", 470, "LupusreginaBeta"], ["P3", "P4", 707, "Vulnerar"], ["P5", "P7", 764, "RMK"], ["P7", "P8", 100, "hawksTorRelay"], ["P6", "P8", 659, "LupusreginaBeta"], ["P4", "P5", 1069, "shhovh"]]
1681120718.9848962;P4;[["P1", "P2", 316, "sklep"], ["P1", "P3", 401, "snowball"], ["P2", "P4", 470, "LupusreginaBeta"], ["P3", "P4", 707, "Vulnerar"], ["P5", "P7", 764, "RMK"], ["P7", "P8", 100, "hawksTorRelay"], ["P6", "P8", 659, "LupusreginaBeta"], ["P4", "P5", 1069, "shhovh"]]
1681120721.9922907;P4;[["P1", "P2", 316, "sklep"], ["P1", "P3", 401, "snowball"], ["P2", "P4", 470, "LupusreginaBeta"], ["P3", "P4", 707, "Vulnerar"], ["P5", "P7", 764, "RMK"], ["P7", "P8", 100, "hawksTorRelay"], ["P6", "P8", 659, "LupusreginaBeta"], ["P4", "P5", 1069, "shhovh"]]
1681120724.9977636;P4;[["P1", "P2", 316, "sklep"], ["P1", "P3", 401, "snowball"], ["P2", "P4", 470, "LupusreginaBeta"], ["P3", "P4", 707, "Vulnerar"], ["P5", "P7", 764, "RMK"], ["P7", "P8", 100, "hawksTorRelay"], ["P6", "P8", 659, "LupusreginaBeta"], ["P4", "P5", 1069, "shhovh"]]
1681120728.0041068;P4;[["P1", "P2", 316, "sklep"], ["P1", "P3", 401, "snowball"], ["P2", "P4", 470, "LupusreginaBeta"], ["P3", "P4", 707, "Vulnerar"], ["P5", "P7", 764, "RMK"], ["P7", "P8", 100, "hawksTorRelay"], ["P6", "P8", 659, "LupusreginaBeta"], ["P4", "P5", 1069, "shhovh"]]
1681120731.0142047;P4;[["P1", "P2", 316, "sklep"], ["P1", "P3", 401, "snowball"], ["P2", "P4", 470, "LupusreginaBeta"], ["P3", "P4", 707, "Vulnerar"], ["P5", "P7", 764, "RMK"], ["P7", "P8", 100, "hawksTorRelay"], ["P6", "P8", 659, "LupusreginaBeta"], ["P4", "P5", 1069, "shhovh"]]
1681120734.0199609;P4;[["P1", "P2", 316, "sklep"], ["P1", "P3", 401, "snowball"], ["P2", "P4", 470, "LupusreginaBeta"], ["P3", "P4", 707, "Vulnerar"], ["P5", "P7", 764, "RMK"], ["P7", "P8", 100, "hawksTorRelay"], ["P6", "P8", 659, "LupusreginaBeta"], ["P4", "P5", 1069, "shhovh"]]
1681120737.0275161;P4;[["P1", "P2", 316, "sklep"], ["P1", "P3", 401, "snowball"], ["P2", "P4", 470, "LupusreginaBeta"], ["P3", "P4", 707, "Vulnerar"], ["P5", "P7", 764, "RMK"], ["P7", "P8", 100, "hawksTorRelay"], ["P6", "P8", 659, "LupusreginaBeta"], ["P4", "P5", 1069, "shhovh"]]
1681120740.0389028;P4;[["P1", "P2", 316, "sklep"], ["P1", "P3", 401, "snowball"], ["P2", "P4", 470, "LupusreginaBeta"], ["P3", "P4", 707, "Vulnerar"], ["P5", "P7", 764, "RMK"], ["P7", "P8", 100, "hawksTorRelay"], ["P6", "P8", 659, "LupusreginaBeta"], ["P4", "P5", 1069, "shhovh"]]
1681120743.0468845;P4;[["P1", "P2", 316, "sklep"], ["P1", "P3", 401, "snowball"], ["P2", "P4", 470, "LupusreginaBeta"], ["P3", "P4", 707, "Vulnerar"], ["P5", "P7", 764, "RMK"], ["P7", "P8", 100, "hawksTorRelay"], ["P6", "P8", 659, "LupusreginaBeta"], ["P4", "P5", 1069, "shhovh"]]
1681120746.060677;P4;[["P1", "P2", 316, "sklep"], ["P1", "P3", 401, "snowball"], ["P2", "P4", 470, "LupusreginaBeta"], ["P3", "P4", 707, "Vulnerar"], ["P5", "P7", 764, "RMK"], ["P7", "P8", 100, "hawksTorRelay"], ["P6", "P8", 659, "LupusreginaBeta"], ["P4", "P5", 1069, "shhovh"]]
1681120749.0750022;P4;[["P1", "P2", 316, "sklep"], ["P1", "P3", 401, "snowball"], ["P2", "P4", 470, "LupusreginaBeta"], ["P3", "P4", 707, "Vulnerar"], ["P5", "P7", 764, "RMK"], ["P7", "P8", 100, "hawksTorRelay"], ["P6", "P8", 659, "LupusreginaBeta"], ["P4", "P5", 1069, "shhovh"]]
1681120752.0957255;P4;[["P1", "P2", 316, "sklep"], ["P1", "P3", 401, "snowball"], ["P2", "P4", 470, "LupusreginaBeta"], ["P3", "P4", 707, "Vulnerar"], ["P5", "P7", 764, "RMK"], ["P7", "P8", 100, "hawksTorRelay"], ["P6", "P8", 659, "LupusreginaBeta"], ["P4", "P5", 1069, "shhovh"]]
1681120755.1094599;P4;[["P1", "P2", 316, "sklep"], ["P1", "P3", 401, "snowball"], ["P2", "P4", 470, "LupusreginaBeta"], ["P3", "P4", 707, "Vulnerar"], ["P5", "P7", 764, "RMK"], ["P7", "P8", 100, "hawksTorRelay"], ["P6", "P8", 659, "LupusreginaBeta"], ["P4", "P5", 1069, "shhovh"]]
1681120758.123843;P4;[["P1", "P2", 316, "sklep"], ["P1", "P3", 401, "snowball"], ["P2", "P4", 470, "LupusreginaBeta"], ["P3", "P4", 707, "Vulnerar"], ["P5", "P7", 764, "RMK"], ["P7", "P8", 100, "hawksTorRelay"], ["P6", "P8", 659, "LupusreginaBeta"], ["P4", "P5", 1069, "shhovh"]]
1681120761.1721768;P4;[["P1", "P2", 316, "sklep"], ["P1", "P3", 401, "snowball"], ["P2", "P4", 470, "LupusreginaBeta"], ["P3", "P4", 707, "Vulnerar"], ["P5", "P7", 764, "RMK"], ["P7", "P8", 100, "hawksTorRelay"], ["P6", "P8", 659, "LupusreginaBeta"], ["P4", "P5", 1069, "shhovh"]]
1681120764.1833315;P4;[["P1", "P2", 316, "sklep"], ["P1", "P3", 401, "snowball"], ["P2", "P4", 470, "LupusreginaBeta"], ["P3", "P4", 707, "Vulnerar"], ["P5", "P7", 764, "RMK"], ["P7", "P8", 100, "hawksTorRelay"], ["P6", "P8", 659, "LupusreginaBeta"], ["P4", "P5", 1069, "shhovh"]]
1681120767.1946926;P4;[["P1", "P2", 316, "sklep"], ["P1", "P3", 401, "snowball"], ["P2", "P4", 470, "LupusreginaBeta"], ["P3", "P4", 707, "Vulnerar"], ["P5", "P7", 764, "RMK"], ["P7", "P8", 100, "hawksTorRelay"], ["P6", "P8", 659, "LupusreginaBeta"], ["P4", "P5", 1069, "shhovh"]]
1681120770.2085688;P4;[["P1", "P2", 316, "sklep"], ["P1", "P3", 401, "snowball"], ["P2", "P4", 470, "LupusreginaBeta"], ["P3", "P4", 707, "Vulnerar"], ["P5", "P7", 764, "RMK"], ["P7", "P8", 100, "hawksTorRelay"], ["P6", "P8", 659, "LupusreginaBeta"], ["P4", "P5", 1069, "shhovh"]]
1681120773.2245648;P4;[["P1", "P2", 198, "sklep"], ["P1", "P3", 401, "snowball"], ["P2", "P4", 470, "LupusreginaBeta"], ["P3", "P4", 707, "Vulnerar"], ["P5", "P7", 764, "RMK"], ["P7", "P8", 100, "hawksTorRelay"], ["P6", "P8", 659, "LupusreginaBeta"], ["P4", "P5", 1069, "shhovh"]]
1681120776.2386496;P4;[["P1", "P2", 198, "sklep"], ["P1", "P3", 401, "snowball"], ["P2", "P4", 470, "LupusreginaBeta"], ["P3", "P4", 707, "Vulnerar"], ["P5", "P7", 100, "p1onX01"], ["P7", "P8", 100, "hawksTorRelay"], ["P6", "P8", 659, "LupusreginaBeta"], ["P4", "P5", 1069, "shhovh"]]
1681120779.2638245;P4;[["P1", "P2", 198, "sklep"], ["P1", "P3", 401, "snowball"], ["P2", "P4", 470, "LupusreginaBeta"], ["P3", "P4", 707, "Vulnerar"], ["P5", "P7", 100, "p1onX01"], ["P7", "P8", 100, "hawksTorRelay"], ["P6", "P8", 659, "LupusreginaBeta"], ["P4", "P5", 1069, "shhovh"]]
1681120782.2869005;P4;[["P1", "P2", 198, "sklep"], ["P1", "P3", 401, "snowball"], ["P2", "P4", 470, "LupusreginaBeta"], ["P3", "P4", 707, "Vulnerar"], ["P5", "P7", 100, "p1onX01"], ["P7", "P8", 100, "hawksTorRelay"], ["P6", "P8", 659, "LupusreginaBeta"], ["P4", "P5", 1069, "shhovh"]]
1681120785.294813;P4;[["P1", "P2", 198, "sklep"], ["P1", "P3", 401, "snowball"], ["P2", "P4", 470, "LupusreginaBeta"], ["P3", "P4", 707, "Vulnerar"], ["P5", "P7", 100, "p1onX01"], ["P7", "P8", 100, "hawksTorRelay"], ["P6", "P8", 659, "LupusreginaBeta"], ["P4", "P5", 1069, "shhovh"]]
1681120788.302414;P4;[["P1", "P2", 198, "sklep"], ["P1", "P3", 286, "snowball"], ["P2", "P4", 470, "LupusreginaBeta"], ["P3", "P4", 707, "Vulnerar"], ["P5", "P7", 100, "p1onX01"], ["P7", "P8", 100, "hawksTorRelay"], ["P6", "P8", 659, "LupusreginaBeta"], ["P4", "P5", 1069, "shhovh"]]
1681120791.3215067;P4;[["P1", "P2", 198, "sklep"], ["P1", "P3", 286, "snowball"], ["P2", "P4", 470, "LupusreginaBeta"], ["P3", "P4", 707, "Vulnerar"], ["P5", "P7", 100, "p1onX01"], ["P7", "P8", 100, "hawksTorRelay"], ["P6", "P8", 659, "LupusreginaBeta"], ["P4", "P5", 1069, "shhovh"]]
1681120794.3373876;P4;[["P1", "P2", 198, "sklep"], ["P1", "P3", 286, "snowball"], ["P2", "P4", 514, "LupusreginaBeta"], ["P3", "P4", 707, "Vulnerar"], ["P5", "P7", 100, "p1onX01"], ["P7", "P8", 100, "hawksTorRelay"], ["P6", "P8", 659, "LupusreginaBeta"], ["P4", "P5", 1069, "shhovh"]]
1681120797.3475451;P4;[["P1", "P2", 198, "sklep"], ["P1", "P3", 286, "snowball"], ["P2", "P4", 514, "LupusreginaBeta"], ["P3", "P4", 707, "Vulnerar"], ["P5", "P7", 100, "p1onX01"], ["P7", "P8", 100, "hawksTorRelay"], ["P6", "P8", 659, "LupusreginaBeta"], ["P4", "P5", 1069, "shhovh"]]
1681120800.3530905;P4;[["P1", "P2", 198, "sklep"], ["P1", "P3", 286, "snowball"], ["P2", "P4", 514, "LupusreginaBeta"], ["P3", "P4", 707, "Vulnerar"], ["P5", "P7", 100, "p1onX01"], ["P7", "P8", 100, "hawksTorRelay"], ["P6", "P8", 659, "LupusreginaBeta"], ["P4", "P5", 1069, "shhovh"]]
1681120803.3704953;P4;[["P1", "P2", 198, "sklep"], ["P1", "P3", 286, "snowball"], ["P2", "P4", 514, "LupusreginaBeta"], ["P3", "P4", 707, "Vulnerar"], ["P5", "P7", 100, "p1onX01"], ["P7", "P8", 100, "hawksTorRelay"], ["P6", "P8", 659, "LupusreginaBeta"], ["P4", "P5", 1069, "shhovh"]]
1681120806.381353;P4;[["P1", "P2", 198, "sklep"], ["P1", "P3", 286, "snowball"], ["P2", "P4", 514, "LupusreginaBeta"], ["P3", "P4", 707, "Vulnerar"], ["P5", "P7", 100, "p1onX01"], ["P7", "P8", 100, "hawksTorRelay"], ["P6", "P8", 659, "LupusreginaBeta"], ["P4", "P5", 1069, "shhovh"]]
1681120809.3912563;P4;[["P1", "P2", 198, "sklep"], ["P1", "P3", 286, "snowball"], ["P2", "P4", 514, "LupusreginaBeta"], ["P3", "P4", 707, "Vulnerar"], ["P5", "P7", 100, "p1onX01"], ["P7", "P8", 100, "hawksTorRelay"], ["P6", "P8", 659, "LupusreginaBeta"], ["P4", "P5", 1069, "shhovh"]]
1681120812.4029675;P4;[["P1", "P2", 198, "sklep"], ["P1", "P3", 286, "snowball"], ["P2", "P4", 514, "LupusreginaBeta"], ["P3", "P4", 744, "Vulnerar"], ["P5", "P7", 100, "p1onX01"], ["P7", "P8", 100, "hawksTorRelay"], ["P6", "P8", 659, "LupusreginaBeta"], ["P4", "P5", 1069, "shhovh"]]
1681120815.415522;P4;[["P1", "P2", 198, "sklep"], ["P1", "P3", 286, "snowball"], ["P2", "P4", 514, "LupusreginaBeta"], ["P3", "P4", 744, "Vulnerar"], ["P5", "P7", 100, "p1onX01"], ["P7", "P8", 100, "hawksTorRelay"], ["P6", "P8", 659, "LupusreginaBeta"], ["P4", "P5", 1069, "shhovh"]]
1681120818.4256184;P4;[["P1", "P2", 198, "sklep"], ["P1", "P3", 286, "snowball"], ["P2", "P4", 514, "LupusreginaBeta"], ["P3", "P4", 744, "Vulnerar"], ["P5", "P7", 100, "p1onX01"], ["P7", "P8", 100, "hawksTorRelay"], ["P6", "P8", 659, "LupusreginaBeta"], ["P4", "P5", 1069, "shhovh"]]
1681120821.440262;P4;[["P1", "P2", 198, "sklep"], ["P1", "P3", 286, "snowball"], ["P2", "P4", 514, "LupusreginaBeta"], ["P3", "P4", 744, "Vulnerar"], ["P5", "P7", 100, "p1onX01"], ["P7", "P8", 100, "hawksTorRelay"], ["P6", "P8", 659, "LupusreginaBeta"], ["P4", "P5", 1069, "shhovh"]]
1681120824.4484792;P4;[["P1", "P2", 198, "sklep"], ["P1", "P3", 286, "snowball"], ["P2", "P4", 514, "LupusreginaBeta"], ["P3", "P4", 744, "Vulnerar"], ["P5", "P7", 100, "p1onX01"], ["P7", "P8", 100, "hawksTorRelay"], ["P6", "P8", 659, "LupusreginaBeta"], ["P4", "P5", 1069, "shhovh"]]
1681120827.4585402;P4;[["P2", "P4", 100, "jokulhops"], ["P3", "P4", 377, "Vulnerar"], ["P4", "P5", 689, "shhovh"]]
1681120830.471084;P4;[["P2", "P4", 100, "jokulhops"], ["P3", "P4", 377, "Vulnerar"], ["P4", "P5", 689, "shhovh"]]
1681120833.4822037;P4;[["P2", "P4", 100, "jokulhops"], ["P3", "P4", 377, "Vulnerar"], ["P4", "P5", 689, "shhovh"]]
1681120836.4942815;P4;[["P1", "P2", 198, "sklep"], ["P1", "P3", 286, "snowball"], ["P2", "P4", 514, "LupusreginaBeta"], ["P3", "P4", 744, "Vulnerar"], ["P5", "P7", 100, "p1onX01"], ["P7", "P8", 100, "hawksTorRelay"], ["P6", "P8", 659, "LupusreginaBeta"], ["P4", "P5", 1085, "shhovh"]]
1681120839.5063417;P4;[["P1", "P2", 198, "sklep"], ["P1", "P3", 286, "snowball"], ["P2", "P4", 100, "jokulhops"], ["P3", "P4", 744, "Vulnerar"], ["P5", "P7", 100, "p1onX01"], ["P7", "P8", 100, "hawksTorRelay"], ["P6", "P8", 659, "LupusreginaBeta"], ["P4", "P5", 1085, "shhovh"]]
1681120842.5181177;P4;[["P1", "P2", 198, "sklep"], ["P1", "P3", 286, "snowball"], ["P2", "P4", 100, "jokulhops"], ["P3", "P4", 744, "Vulnerar"], ["P5", "P7", 100, "p1onX01"], ["P7", "P8", 100, "hawksTorRelay"], ["P6", "P8", 812, "LupusreginaBeta"], ["P4", "P5", 1085, "shhovh"]]
1681120845.5420415;P4;[["P1", "P2", 198, "sklep"], ["P1", "P3", 286, "snowball"], ["P2", "P4", 100, "jokulhops"], ["P3", "P4", 744, "Vulnerar"], ["P5", "P7", 100, "p1onX01"], ["P7", "P8", 100, "hawksTorRelay"], ["P6", "P8", 812, "LupusreginaBeta"], ["P4", "P5", 1085, "shhovh"]]
1681120848.5517964;P4;[["P1", "P2", 198, "sklep"], ["P1", "P3", 286, "snowball"], ["P2", "P4", 100, "jokulhops"], ["P3", "P4", 744, "Vulnerar"], ["P5", "P7", 100, "p1onX01"], ["P7", "P8", 100, "hawksTorRelay"], ["P6", "P8", 812, "LupusreginaBeta"], ["P4", "P5", 1085, "shhovh"]]
1681120851.5815082;P4;[["P1", "P2", 198, "sklep"], ["P1", "P3", 286, "snowball"], ["P2", "P4", 100, "jokulhops"], ["P3", "P4", 744, "Vulnerar"], ["P5", "P7", 100, "p1onX01"], ["P7", "P8", 100, "hawksTorRelay"], ["P6", "P8", 812, "LupusreginaBeta"], ["P4", "P5", 1085, "shhovh"]]
1681120854.602644;P4;[["P1", "P2", 198, "sklep"], ["P1", "P3", 286, "snowball"], ["P2", "P4", 100, "jokulhops"], ["P3", "P4", 744, "Vulnerar"], ["P5", "P7", 100, "p1onX01"], ["P7", "P8", 100, "hawksTorRelay"], ["P6", "P8", 812, "LupusreginaBeta"], ["P4", "P5", 1085, "shhovh"]]
1681120857.6283336;P4;[["P1", "P2", 198, "sklep"], ["P1", "P3", 286, "snowball"], ["P2", "P4", 100, "jokulhops"], ["P3", "P4", 744, "Vulnerar"], ["P5", "P7", 100, "p1onX01"], ["P7", "P8", 100, "hawksTorRelay"], ["P6", "P8", 812, "LupusreginaBeta"], ["P4", "P5", 1085, "shhovh"]]
1681120860.651094;P4;[["P1", "P2", 198, "sklep"], ["P1", "P3", 286, "snowball"], ["P2", "P4", 100, "jokulhops"], ["P3", "P4", 744, "Vulnerar"], ["P5", "P7", 100, "p1onX01"], ["P7", "P8", 100, "hawksTorRelay"], ["P6", "P8", 812, "LupusreginaBeta"], ["P4", "P5", 1085, "shhovh"]]
1681120863.6661375;P4;[["P1", "P2", 198, "sklep"], ["P1", "P3", 286, "snowball"], ["P2", "P4", 100, "jokulhops"], ["P3", "P4", 744, "Vulnerar"], ["P5", "P7", 100, "p1onX01"], ["P7", "P8", 100, "hawksTorRelay"], ["P6", "P8", 812, "LupusreginaBeta"], ["P4", "P5", 1085, "shhovh"]]
1681120866.684305;P4;[["P1", "P2", 198, "sklep"], ["P1", "P3", 286, "snowball"], ["P2", "P4", 100, "jokulhops"], ["P3", "P4", 744, "Vulnerar"], ["P5", "P7", 100, "p1onX01"], ["P7", "P8", 100, "hawksTorRelay"], ["P6", "P8", 812, "LupusreginaBeta"], ["P4", "P5", 1085, "shhovh"]]
1681120869.6951962;P4;[["P1", "P2", 198, "sklep"], ["P1", "P3", 286, "snowball"], ["P2", "P4", 100, "jokulhops"], ["P3", "P4", 744, "Vulnerar"], ["P5", "P7", 100, "p1onX01"], ["P7", "P8", 100, "hawksTorRelay"], ["P6", "P8", 812, "LupusreginaBeta"], ["P4", "P5", 1085, "shhovh"]]
1681120872.7043684;P4;[["P1", "P2", 198, "sklep"], ["P1", "P3", 286, "snowball"], ["P2", "P4", 100, "jokulhops"], ["P3", "P4", 744, "Vulnerar"], ["P5", "P7", 100, "p1onX01"], ["P7", "P8", 100, "hawksTorRelay"], ["P6", "P8", 812, "LupusreginaBeta"], ["P4", "P5", 1085, "shhovh"]]
1681120875.7294853;P4;[["P1", "P2", 198, "sklep"], ["P1", "P3", 286, "snowball"], ["P2", "P4", 100, "jokulhops"], ["P3", "P4", 744, "Vulnerar"], ["P5", "P7", 100, "p1onX01"], ["P7", "P8", 100, "hawksTorRelay"], ["P6", "P8", 812, "LupusreginaBeta"], ["P4", "P5", 1085, "shhovh"]]
1681120878.7522993;P4;[["P1", "P2", 198, "sklep"], ["P1", "P3", 286, "snowball"], ["P2", "P4", 100, "jokulhops"], ["P3", "P4", 744, "Vulnerar"], ["P5", "P7", 100, "p1onX01"], ["P7", "P8", 100, "hawksTorRelay"], ["P6", "P8", 812, "LupusreginaBeta"], ["P4", "P5", 1085, "shhovh"]]
1681120881.7727172;P4;[["P1", "P2", 198, "sklep"], ["P1", "P3", 286, "snowball"], ["P2", "P4", 100, "jokulhops"], ["P3", "P4", 744, "Vulnerar"], ["P5", "P7", 100, "p1onX01"], ["P7", "P8", 1061, "hawksTorRelay"], ["P6", "P8", 812, "LupusreginaBeta"], ["P4", "P5", 1085, "shhovh"]]
1681120884.7927804;P4;[["P1", "P2", 198, "sklep"], ["P1", "P3", 286, "snowball"], ["P2", "P4", 100, "jokulhops"], ["P3", "P4", 744, "Vulnerar"], ["P5", "P7", 100, "p1onX01"], ["P7", "P8", 1061, "hawksTorRelay"], ["P6", "P8", 812, "LupusreginaBeta"], ["P4", "P5", 1085, "shhovh"]]
1681120887.8245137;P4;[["P1", "P2", 198, "sklep"], ["P1", "P3", 286, "snowball"], ["P2", "P4", 100, "jokulhops"], ["P3", "P4", 744, "Vulnerar"], ["P5", "P7", 100, "p1onX01"], ["P7", "P8", 1061, "hawksTorRelay"], ["P6", "P8", 812, "LupusreginaBeta"], ["P4", "P5", 1085, "shhovh"]]
1681120890.8635674;P4;[["P1", "P2", 198, "sklep"], ["P1", "P3", 286, "snowball"], ["P2", "P4", 100, "jokulhops"], ["P3", "P4", 744, "Vulnerar"], ["P5", "P7", 100, "p1onX01"], ["P7", "P8", 1061, "hawksTorRelay"], ["P6", "P8", 812, "LupusreginaBeta"], ["P4", "P5", 1085, "shhovh"]]
1681120893.885415;P4;[["P1", "P2", 198, "sklep"], ["P1", "P3", 286, "snowball"], ["P2", "P4", 100, "jokulhops"], ["P3", "P4", 744, "Vulnerar"], ["P5", "P7", 100, "p1onX01"], ["P7", "P8", 1061, "hawksTorRelay"], ["P6", "P8", 812, "LupusreginaBeta"], ["P4", "P5", 1085, "shhovh"]]
1681120896.8978164;P4;[["P1", "P2", 198, "sklep"], ["P1", "P3", 286, "snowball"], ["P2", "P4", 100, "jokulhops"], ["P3", "P4", 744, "Vulnerar"], ["P5", "P7", 100, "p1onX01"], ["P7", "P8", 1061, "hawksTorRelay"], ["P6", "P8", 812, "LupusreginaBeta"], ["P4", "P5", 1085, "shhovh"]]
1681120899.924064;P4;[["P1", "P2", 198, "sklep"], ["P1", "P3", 286, "snowball"], ["P2", "P4", 100, "jokulhops"], ["P3", "P4", 744, "Vulnerar"], ["P5", "P7", 100, "p1onX01"], ["P7", "P8", 1061, "hawksTorRelay"], ["P6", "P8", 812, "LupusreginaBeta"], ["P4", "P5", 1085, "shhovh"]]
1681120902.9372227;P4;[["P1", "P2", 198, "sklep"], ["P1", "P3", 286, "snowball"], ["P2", "P4", 100, "jokulhops"], ["P3", "P4", 744, "Vulnerar"], ["P5", "P7", 100, "p1onX01"], ["P7", "P8", 1061, "hawksTorRelay"], ["P6", "P8", 812, "LupusreginaBeta"], ["P4", "P5", 1085, "shhovh"]]
1681120905.951398;P4;[["P1", "P2", 198, "sklep"], ["P1", "P3", 286, "snowball"], ["P2", "P4", 100, "jokulhops"], ["P3", "P4", 744, "Vulnerar"], ["P7", "P8", 1061, "hawksTorRelay"], ["P6", "P8", 812, "LupusreginaBeta"], ["P4", "P5", 1085, "shhovh"]]
1681120908.9584153;P4;[["P1", "P2", 198, "sklep"], ["P1", "P3", 286, "snowball"], ["P2", "P4", 100, "jokulhops"], ["P3", "P4", 744, "Vulnerar"], ["P6", "P8", 812, "LupusreginaBeta"], ["P7", "P8", 877, "hawksTorRelay"], ["P4", "P5", 1085, "shhovh"]]
1681120911.9707198;P4;[["P1", "P2", 198, "sklep"], ["P1", "P3", 286, "snowball"], ["P2", "P4", 100, "jokulhops"], ["P3", "P4", 744, "Vulnerar"], ["P6", "P8", 812, "LupusreginaBeta"], ["P7", "P8", 877, "hawksTorRelay"], ["P4", "P5", 1085, "shhovh"]]
1681120914.9818234;P4;[["P1", "P2", 198, "sklep"], ["P1", "P3", 286, "snowball"], ["P2", "P4", 100, "jokulhops"], ["P3", "P4", 744, "Vulnerar"], ["P6", "P8", 812, "LupusreginaBeta"], ["P7", "P8", 877, "hawksTorRelay"], ["P4", "P5", 1085, "shhovh"]]
1681120917.991692;P4;[["P1", "P2", 198, "sklep"], ["P1", "P3", 286, "snowball"], ["P2", "P4", 100, "jokulhops"], ["P3", "P4", 744, "Vulnerar"], ["P6", "P8", 812, "LupusreginaBeta"], ["P7", "P8", 877, "hawksTorRelay"], ["P4", "P5", 1085, "shhovh"]]
1681120920.9988234;P4;[["P1", "P2", 198, "sklep"], ["P1", "P3", 286, "snowball"], ["P2", "P4", 100, "jokulhops"], ["P3", "P4", 744, "Vulnerar"], ["P6", "P8", 812, "LupusreginaBeta"], ["P7", "P8", 877, "hawksTorRelay"], ["P4", "P5", 1085, "shhovh"]]
1681120924.010976;P4;[["P1", "P2", 217, "sklep"], ["P1", "P3", 286, "snowball"], ["P2", "P4", 100, "jokulhops"], ["P3", "P4", 744, "Vulnerar"], ["P6", "P8", 812, "LupusreginaBeta"], ["P7", "P8", 877, "hawksTorRelay"], ["P4", "P5", 1085, "shhovh"]]
1681120927.0192742;P4;[["P1", "P2", 217, "sklep"], ["P1", "P3", 286, "snowball"], ["P2", "P4", 100, "jokulhops"], ["P3", "P4", 744, "Vulnerar"], ["P6", "P8", 812, "LupusreginaBeta"], ["P7", "P8", 877, "hawksTorRelay"], ["P4", "P5", 1085, "shhovh"]]
1681120930.0283928;P4;[["P1", "P2", 217, "sklep"], ["P1", "P3", 286, "snowball"], ["P2", "P4", 100, "jokulhops"], ["P3", "P4", 744, "Vulnerar"], ["P6", "P8", 812, "LupusreginaBeta"], ["P7", "P8", 877, "hawksTorRelay"], ["P4", "P5", 1085, "shhovh"]]
1681120933.0376692;P4;[["P1", "P2", 217, "sklep"], ["P1", "P3", 286, "snowball"], ["P2", "P4", 100, "jokulhops"], ["P3", "P4", 744, "Vulnerar"], ["P6", "P8", 812, "LupusreginaBeta"], ["P7", "P8", 877, "hawksTorRelay"], ["P4", "P5", 1085, "shhovh"]]
1681120936.0464706;P4;[["P1", "P2", 217, "sklep"], ["P1", "P3", 286, "snowball"], ["P2", "P4", 100, "jokulhops"], ["P3", "P4", 744, "Vulnerar"], ["P6", "P8", 812, "LupusreginaBeta"], ["P7", "P8", 877, "hawksTorRelay"], ["P4", "P5", 1085, "shhovh"]]
1681120939.0668752;P4;[["P1", "P2", 217, "sklep"], ["P1", "P3", 500, "snowball"], ["P2", "P4", 100, "jokulhops"], ["P3", "P4", 744, "Vulnerar"], ["P6", "P8", 812, "LupusreginaBeta"], ["P7", "P8", 877, "hawksTorRelay"], ["P4", "P5", 1085, "shhovh"]]
1681120942.076306;P4;[["P1", "P2", 217, "sklep"], ["P1", "P3", 500, "snowball"], ["P2", "P4", 100, "jokulhops"], ["P3", "P4", 744, "Vulnerar"], ["P6", "P8", 812, "LupusreginaBeta"], ["P7", "P8", 877, "hawksTorRelay"], ["P4", "P5", 1085, "shhovh"]]
1681120945.1099405;P4;[["P1", "P2", 217, "sklep"], ["P1", "P3", 500, "snowball"], ["P2", "P4", 100, "jokulhops"], ["P3", "P4", 744, "Vulnerar"], ["P6", "P8", 812, "LupusreginaBeta"], ["P7", "P8", 877, "hawksTorRelay"], ["P4", "P5", 1085, "shhovh"]]
1681120948.1375926;P4;[["P1", "P2", 217, "sklep"], ["P1", "P3", 500, "snowball"], ["P2", "P4", 100, "jokulhops"], ["P3", "P4", 744, "Vulnerar"], ["P6", "P8", 812, "LupusreginaBeta"], ["P7", "P8", 877, "hawksTorRelay"], ["P4", "P5", 1085, "shhovh"]]
1681120951.2214015;P4;[["P1", "P2", 217, "sklep"], ["P1", "P3", 500, "snowball"], ["P2", "P4", 100, "jokulhops"], ["P3", "P4", 744, "Vulnerar"], ["P6", "P8", 812, "LupusreginaBeta"], ["P7", "P8", 877, "hawksTorRelay"], ["P4", "P5", 1085, "shhovh"]]
1681120954.286647;P4;[["P1", "P2", 217, "sklep"], ["P1", "P3", 500, "snowball"], ["P2", "P4", 100, "jokulhops"], ["P3", "P4", 744, "Vulnerar"], ["P6", "P8", 812, "LupusreginaBeta"], ["P7", "P8", 877, "hawksTorRelay"], ["P4", "P5", 1085, "shhovh"]]
1681120957.3074749;P4;[["P1", "P2", 217, "sklep"], ["P1", "P3", 500, "snowball"], ["P2", "P4", 100, "jokulhops"], ["P3", "P4", 744, "Vulnerar"], ["P6", "P8", 812, "LupusreginaBeta"], ["P7", "P8", 877, "hawksTorRelay"], ["P4", "P5", 1085, "shhovh"]]
1681120960.348508;P4;[["P1", "P2", 217, "sklep"], ["P1", "P3", 500, "snowball"], ["P2", "P4", 100, "jokulhops"], ["P3", "P4", 543, "Vulnerar"], ["P6", "P8", 812, "LupusreginaBeta"], ["P7", "P8", 877, "hawksTorRelay"], ["P4", "P5", 1085, "shhovh"]]
1681120963.3680289;P4;[["P1", "P2", 217, "sklep"], ["P1", "P3", 500, "snowball"], ["P2", "P4", 100, "jokulhops"], ["P3", "P4", 543, "Vulnerar"], ["P6", "P8", 812, "LupusreginaBeta"], ["P7", "P8", 877, "hawksTorRelay"], ["P4", "P5", 1085, "shhovh"]]
1681120966.39397;P4;[["P1", "P2", 217, "sklep"], ["P1", "P3", 500, "snowball"], ["P2", "P4", 100, "jokulhops"], ["P3", "P4", 543, "Vulnerar"], ["P6", "P8", 812, "LupusreginaBeta"], ["P7", "P8", 877, "hawksTorRelay"], ["P4", "P5", 1085, "shhovh"]]
1681120969.4206128;P4;[["P1", "P2", 217, "sklep"], ["P1", "P3", 500, "snowball"], ["P2", "P4", 100, "jokulhops"], ["P3", "P4", 543, "Vulnerar"], ["P6", "P8", 812, "LupusreginaBeta"], ["P7", "P8", 877, "hawksTorRelay"], ["P4", "P5", 1085, "shhovh"]]
1681120972.4327545;P4;[["P1", "P2", 217, "sklep"], ["P1", "P3", 500, "snowball"], ["P2", "P4", 100, "jokulhops"], ["P3", "P4", 543, "Vulnerar"], ["P6", "P8", 812, "LupusreginaBeta"], ["P7", "P8", 877, "hawksTorRelay"], ["P4", "P5", 1085, "shhovh"]]
1681120975.4667993;P4;[["P1", "P2", 217, "sklep"], ["P1", "P3", 500, "snowball"], ["P2", "P4", 100, "jokulhops"], ["P3", "P4", 543, "Vulnerar"], ["P6", "P8", 812, "LupusreginaBeta"], ["P7", "P8", 877, "hawksTorRelay"], ["P4", "P5", 1085, "shhovh"]]
1681120978.5345454;P4;[["P1", "P2", 217, "sklep"], ["P1", "P3", 500, "snowball"], ["P2", "P4", 100, "jokulhops"], ["P3", "P4", 543, "Vulnerar"], ["P6", "P8", 812, "LupusreginaBeta"], ["P7", "P8", 877, "hawksTorRelay"]]
1681120981.5562644;P4;[["P1", "P2", 217, "sklep"], ["P1", "P3", 500, "snowball"], ["P2", "P4", 100, "jokulhops"], ["P3", "P4", 543, "Vulnerar"], ["P6", "P8", 812, "LupusreginaBeta"], ["P7", "P8", 877, "hawksTorRelay"]]
1681120984.5721853;P4;[["P1", "P2", 217, "sklep"], ["P1", "P3", 500, "snowball"], ["P2", "P4", 100, "jokulhops"], ["P3", "P4", 543, "Vulnerar"], ["P6", "P8", 812, "LupusreginaBeta"], ["P7", "P8", 877, "hawksTorRelay"]]
1681120987.596466;P4;[["P1", "P2", 217, "sklep"], ["P1", "P3", 500, "snowball"], ["P2", "P4", 522, "jokulhops"], ["P3", "P4", 543, "Vulnerar"], ["P6", "P8", 812, "LupusreginaBeta"], ["P7", "P8", 877, "hawksTorRelay"]]
1681120990.6205738;P4;[["P1", "P2", 217, "sklep"], ["P1", "P3", 500, "snowball"], ["P2", "P4", 522, "jokulhops"], ["P3", "P4", 543, "Vulnerar"], ["P6", "P8", 812, "LupusreginaBeta"], ["P7", "P8", 877, "hawksTorRelay"]]
1681120993.6400604;P4;[["P1", "P2", 217, "sklep"], ["P1", "P3", 500, "snowball"], ["P2", "P4", 522, "jokulhops"], ["P3", "P4", 543, "Vulnerar"], ["P6", "P8", 812, "LupusreginaBeta"], ["P7", "P8", 877, "hawksTorRelay"]]
1681120996.6683671;P4;[["P1", "P2", 217, "sklep"], ["P1", "P3", 500, "snowball"], ["P2", "P4", 522, "jokulhops"], ["P3", "P4", 543, "Vulnerar"], ["P6", "P8", 812, "LupusreginaBeta"], ["P7", "P8", 877, "hawksTorRelay"]]
1681120999.6989703;P4;[["P1", "P2", 217, "sklep"], ["P1", "P3", 500, "snowball"], ["P2", "P4", 522, "jokulhops"], ["P3", "P4", 543, "Vulnerar"], ["P6", "P8", 812, "LupusreginaBeta"], ["P7", "P8", 877, "hawksTorRelay"]]
1681121002.7247865;P4;[["P1", "P2", 217, "sklep"], ["P1", "P3", 500, "snowball"], ["P2", "P4", 522, "jokulhops"], ["P3", "P4", 543, "Vulnerar"], ["P6", "P8", 812, "LupusreginaBeta"], ["P7", "P8", 877, "hawksTorRelay"]]
1681121005.7554026;P4;[["P1", "P2", 217, "sklep"], ["P1", "P3", 500, "snowball"], ["P2", "P4", 522, "jokulhops"], ["P3", "P4", 543, "Vulnerar"], ["P6", "P8", 812, "LupusreginaBeta"], ["P7", "P8", 877, "hawksTorRelay"]]
1681121008.781224;P4;[["P1", "P2", 217, "sklep"], ["P1", "P3", 500, "snowball"], ["P2", "P4", 522, "jokulhops"], ["P3", "P4", 543, "Vulnerar"], ["P6", "P8", 812, "LupusreginaBeta"], ["P7", "P8", 877, "hawksTorRelay"]]
1681121011.8177218;P4;[["P1", "P2", 217, "sklep"], ["P1", "P3", 500, "snowball"], ["P2", "P4", 522, "jokulhops"], ["P3", "P4", 543, "Vulnerar"], ["P6", "P8", 812, "LupusreginaBeta"], ["P7", "P8", 877, "hawksTorRelay"]]
1681121014.841572;P4;[["P1", "P2", 217, "sklep"], ["P1", "P3", 500, "snowball"], ["P2", "P4", 522, "jokulhops"], ["P3", "P4", 543, "Vulnerar"], ["P6", "P8", 812, "LupusreginaBeta"], ["P7", "P8", 877, "hawksTorRelay"]]
1681121017.8748965;P4;[["P1", "P2", 217, "sklep"], ["P1", "P3", 500, "snowball"], ["P2", "P4", 522, "jokulhops"], ["P3", "P4", 543, "Vulnerar"], ["P6", "P8", 812, "LupusreginaBeta"], ["P7", "P8", 877, "hawksTorRelay"]]
1681121020.9055207;P4;[["P1", "P2", 217, "sklep"], ["P1", "P3", 500, "snowball"], ["P2", "P4", 522, "jokulhops"], ["P3", "P4", 543, "Vulnerar"], ["P6", "P8", 812, "LupusreginaBeta"], ["P7", "P8", 877, "hawksTorRelay"]]
1681121023.9191287;P4;[["P1", "P2", 217, "sklep"], ["P1", "P3", 500, "snowball"], ["P2", "P4", 522, "jokulhops"], ["P3", "P4", 543, "Vulnerar"], ["P6", "P8", 812, "LupusreginaBeta"], ["P7", "P8", 877, "hawksTorRelay"]]
1681121026.9495208;P4;[["P1", "P2", 217, "sklep"], ["P1", "P3", 500, "snowball"], ["P2", "P4", 522, "jokulhops"], ["P3", "P4", 543, "Vulnerar"], ["P6", "P8", 812, "LupusreginaBeta"], ["P7", "P8", 877, "hawksTorRelay"]]
1681121029.9727774;P4;[["P1", "P2", 217, "sklep"], ["P1", "P3", 100, "cakeallergy"], ["P2", "P4", 522, "jokulhops"], ["P3", "P4", 543, "Vulnerar"], ["P6", "P8", 812, "LupusreginaBeta"], ["P7", "P8", 877, "hawksTorRelay"]]
1681121032.990376;P4;[["P1", "P2", 217, "sklep"], ["P1", "P3", 100, "cakeallergy"], ["P2", "P4", 522, "jokulhops"], ["P3", "P4", 543, "Vulnerar"], ["P6", "P8", 812, "LupusreginaBeta"], ["P7", "P8", 877, "hawksTorRelay"]]
1681121036.0287294;P4;[["P1", "P2", 217, "sklep"], ["P1", "P3", 100, "cakeallergy"], ["P2", "P4", 522, "jokulhops"], ["P3", "P4", 543, "Vulnerar"], ["P6", "P8", 812, "LupusreginaBeta"], ["P7", "P8", 877, "hawksTorRelay"]]
1681121039.052226;P4;[["P1", "P2", 217, "sklep"], ["P1", "P3", 100, "cakeallergy"], ["P2", "P4", 522, "jokulhops"], ["P3", "P4", 543, "Vulnerar"], ["P6", "P8", 812, "LupusreginaBeta"], ["P7", "P8", 877, "hawksTorRelay"]]
1681121042.0705993;P4;[["P1", "P2", 217, "sklep"], ["P1", "P3", 100, "cakeallergy"], ["P2", "P4", 522, "jokulhops"], ["P3", "P4", 543, "Vulnerar"], ["P6", "P8", 812, "LupusreginaBeta"], ["P7", "P8", 877, "hawksTorRelay"]]
1681121045.098773;P4;[["P1", "P2", 217, "sklep"], ["P1", "P3", 100, "cakeallergy"], ["P2", "P4", 522, "jokulhops"], ["P3", "P4", 543, "Vulnerar"], ["P6", "P8", 812, "LupusreginaBeta"], ["P7", "P8", 877, "hawksTorRelay"]]
1681121048.1240842;P4;[["P2", "P4", 352, "jokulhops"], ["P3", "P4", 100, "newyorkie"]]
1681121051.1422524;P4;[["P1", "P2", 217, "sklep"], ["P1", "P3", 100, "cakeallergy"], ["P2", "P4", 522, "jokulhops"], ["P3", "P4", 100, "newyorkie"], ["P6", "P8", 812, "LupusreginaBeta"], ["P7", "P8", 877, "hawksTorRelay"]]
1681121054.1803677;P4;[["P1", "P2", 217, "sklep"], ["P1", "P3", 100, "cakeallergy"], ["P2", "P4", 522, "jokulhops"], ["P3", "P4", 100, "newyorkie"], ["P6", "P8", 812, "LupusreginaBeta"], ["P7", "P8", 877, "hawksTorRelay"]]
1681121057.2174013;P4;[["P1", "P2", 217, "sklep"], ["P1", "P3", 100, "cakeallergy"], ["P2", "P4", 522, "jokulhops"], ["P3", "P4", 100, "newyorkie"], ["P6", "P8", 812, "LupusreginaBeta"], ["P7", "P8", 877, "hawksTorRelay"]]
1681121060.271493;P4;[["P1", "P2", 217, "sklep"], ["P1", "P3", 100, "cakeallergy"], ["P2", "P4", 522, "jokulhops"], ["P3", "P4", 100, "newyorkie"], ["P6", "P8", 812, "LupusreginaBeta"], ["P7", "P8", 877, "hawksTorRelay"]]
