1676837694.8157895;P1;PEER ENTERED;
1676837704.944549;P1;MEASURED LATENCY;{'P2': 116}
1676837706.8456721;P1;LOOKUP SENT;{"Peer": "P2", "Relay": 0}
1676837706.8457918;P1;LOOKUP SENT;{"Peer": "P3", "Relay": 0}
1676837709.939497;P1;MEASURED LATENCY;{'P3': 105}
1676837709.9768004;P1;MEASURED LATENCY;{'P2': 143}
1676837714.9261367;P1;MEASURED LATENCY;{'P3': 87}
1676837714.9540913;P1;MEASURED LATENCY;{'P2': 115}
1676837717.277124;P1;TOPOLOGY UPDATE;{"P1": {"P2": 100, "P3": 100}, "P2": {"P4": 100, "P1": 100}, "P3": {"P1": 100}, "P4": {"P2": 100}}
1676837719.9239614;P1;MEASURED LATENCY;{'P3': 81}
1676837719.9689665;P1;MEASURED LATENCY;{'P2': 126}
1676837720.1020794;P1;TOPOLOGY UPDATE;{"P1": {"P2": 100, "P3": 100}, "P2": {"P4": 100, "P1": 100}, "P3": {"P4": 100, "P1": 100}, "P4": {"P2": 100, "P3": 100}}
1676837720.857639;P1;LOOKUP SENT;{"Peer": "P4", "Relay": 0}
1676837720.8579397;P1;LOOKUP SENT;{"Peer": "P2", "Relay": 0}
1676837720.8579793;P1;LOOKUP SENT;{"Peer": "P3", "Relay": 0}
1676837725.2014852;P1;MEASURED LATENCY;{'P3': 350}
1676837725.9327335;P1;TOPOLOGY UPDATE;{"P1": {"P2": 100, "P3": 100}, "P2": {"P4": 100, "P1": 100}, "P3": {"P4": 100, "P1": 100}, "P4": {"P2": 100, "P3": 100}}
1676837727.9427845;P1;MEASURED LATENCY;{'P2': 3092}
1676837729.940173;P1;MEASURED LATENCY;{'P3': 83}
1676837729.981647;P1;MEASURED LATENCY;{'P2': 125}
1676837734.9521055;P1;MEASURED LATENCY;{'P3': 92}
1676837734.9833317;P1;MEASURED LATENCY;{'P2': 123}
1676837735.870393;P1;LOOKUP SENT;{"Peer": "P4", "Relay": 0}
1676837735.8705812;P1;LOOKUP SENT;{"Peer": "P2", "Relay": 0}
1676837735.8706415;P1;LOOKUP SENT;{"Peer": "P3", "Relay": 0}
1676837740.222926;P1;MEASURED LATENCY;{'P3': 360}
1676837742.4118714;P1;MEASURED LATENCY;{'P2': 2549}
1676837744.9541328;P1;MEASURED LATENCY;{'P3': 84}
1676837744.9867024;P1;MEASURED LATENCY;{'P2': 117}
1676837746.199342;P1;LOOKUP RECEIVED;[{"Message": "LOOKUP", "Destination": "P1", "Source": "P3", "Path": ["P3", "P1"]}]
1676837747.277927;P1;LEAST COST PATH;{"P1": [], "P2": ["P1"], "P3": ["P1"], "P4": ["P2"]}
1676837748.886292;P1;MESSAGE ROUTED;[{"Message": "LOOKUP", "Destination": "P4", "Source": "P1", "Path": ["P1"]}]
1676837748.8864186;P1;LOOKUP SENT;{"Peer": "P4", "Relay": "P2"}
1676837748.8868723;P1;MESSAGE ROUTED;[{"Message": "LOOKUP", "Destination": "P2", "Source": "P1", "Path": ["P1"]}]
1676837748.8869436;P1;LOOKUP SENT;{"Peer": "P2", "Relay": "P2"}
1676837748.8875513;P1;MESSAGE ROUTED;[{"Message": "LOOKUP", "Destination": "P3", "Source": "P1", "Path": ["P1"]}]
1676837748.8876085;P1;LOOKUP SENT;{"Peer": "P3", "Relay": "P3"}
1676837749.9584024;P1;MEASURED LATENCY;{'P3': 83}
1676837749.9947643;P1;MEASURED LATENCY;{'P2': 120}
1676837749.994971;P1;APPLIED LATENCY;{"P2": 120}
1676837750.1032221;P1;LEAST COST PATH;{"P1": [], "P2": ["P1"], "P3": ["P1"], "P4": ["P2"]}
1676837751.4658957;P1;MESSAGE ROUTED;[{"Message": "LOOKUP", "Destination": "P3", "Source": "P2", "Path": ["P2", "P1"]}]
1676837755.166241;P1;MESSAGE ROUTED;[{"Message": "LOOKUP", "Destination": "P2", "Source": "P3", "Path": ["P3", "P1"]}]
1676837755.933944;P1;LEAST COST PATH;{"P1": [], "P2": ["P1"], "P3": ["P1"], "P4": ["P2"]}
1676837755.9679484;P1;MEASURED LATENCY;{'P3': 1090}
1676837755.9681458;P1;APPLIED LATENCY;{"P3": 1090}
1676837756.0004902;P1;MEASURED LATENCY;{'P2': 1122}
1676837756.8980734;P1;MESSAGE ROUTED;[{"Message": "LOOKUP", "Destination": "P4", "Source": "P1", "Path": ["P1"]}]
1676837756.898251;P1;LOOKUP SENT;{"Peer": "P4", "Relay": "P2"}
1676837756.8986921;P1;MESSAGE ROUTED;[{"Message": "LOOKUP", "Destination": "P2", "Source": "P1", "Path": ["P1"]}]
1676837756.8987596;P1;LOOKUP SENT;{"Peer": "P2", "Relay": "P2"}
1676837756.8991613;P1;MESSAGE ROUTED;[{"Message": "LOOKUP", "Destination": "P3", "Source": "P1", "Path": ["P1"]}]
1676837756.899227;P1;LOOKUP SENT;{"Peer": "P3", "Relay": "P3"}
1676837761.7580252;P1;MEASURED LATENCY;{'P3': 1872}
1676837761.793166;P1;MEASURED LATENCY;{'P2': 1907}
1676837762.9076571;P1;MESSAGE ROUTED;[{"Message": "LOOKUP", "Destination": "P4", "Source": "P1", "Path": ["P1"]}]
1676837762.9077916;P1;LOOKUP SENT;{"Peer": "P4", "Relay": "P2"}
1676837762.908379;P1;MESSAGE ROUTED;[{"Message": "LOOKUP", "Destination": "P2", "Source": "P1", "Path": ["P1"]}]
1676837762.9084873;P1;LOOKUP SENT;{"Peer": "P2", "Relay": "P2"}
1676837762.9089437;P1;MESSAGE ROUTED;[{"Message": "LOOKUP", "Destination": "P3", "Source": "P1", "Path": ["P1"]}]
1676837762.9090192;P1;LOOKUP SENT;{"Peer": "P3", "Relay": "P3"}
1676837764.9806015;P1;MEASURED LATENCY;{'P3': 88}
1676837765.0333407;P1;MEASURED LATENCY;{'P2': 140}
1676837766.1509252;P1;MESSAGE ROUTED;[{"Message": "LOOKUP", "Destination": "P2", "Source": "P3", "Path": ["P3", "P1"]}]
1676837766.1524866;P1;MESSAGE ROUTED;[{"Message": "LOOKUP", "Destination": "P3", "Source": "P2", "Path": ["P2", "P1"]}]
1676837766.152683;P1;LOOKUP RECEIVED;[{"Message": "LOOKUP", "Destination": "P1", "Source": "P2", "Path": ["P2", "P1"]}]
1676837770.965982;P1;MEASURED LATENCY;{'P3': 1065}
1676837771.0022624;P1;MEASURED LATENCY;{'P2': 1101}
1676837772.314321;P1;TOPOLOGY UPDATE;{"P1": {"P2": 300, "P3": 341}, "P2": {"P4": 360, "P1": 300}, "P3": {"P4": 100, "P1": 341}, "P4": {"P2": 360, "P3": 100}}
1676837772.9226913;P1;MESSAGE ROUTED;[{"Message": "LOOKUP", "Destination": "P4", "Source": "P1", "Path": ["P1"]}]
1676837772.92279;P1;LOOKUP SENT;{"Peer": "P4", "Relay": "P2"}
1676837772.9232643;P1;MESSAGE ROUTED;[{"Message": "LOOKUP", "Destination": "P2", "Source": "P1", "Path": ["P1"]}]
1676837772.923313;P1;LOOKUP SENT;{"Peer": "P2", "Relay": "P2"}
1676837772.923609;P1;MESSAGE ROUTED;[{"Message": "LOOKUP", "Destination": "P3", "Source": "P1", "Path": ["P1"]}]
1676837772.923656;P1;LOOKUP SENT;{"Peer": "P3", "Relay": "P3"}
1676837773.0185428;P1;MESSAGE ROUTED;[{"Message": "LOOKUP", "Destination": "P2", "Source": "P3", "Path": ["P3", "P1"]}]
1676837773.493447;P1;MESSAGE ROUTED;[{"Message": "LOOKUP", "Destination": "P3", "Source": "P2", "Path": ["P2", "P1"]}]
1676837774.0493932;P1;LOOKUP RECEIVED;[{"Message": "LOOKUP", "Destination": "P1", "Source": "P4", "Path": ["P4", "P2", "P1"]}]
1676837774.9921336;P1;MEASURED LATENCY;{'P3': 85}
1676837775.0261984;P1;MEASURED LATENCY;{'P2': 119}
1676837775.1475427;P1;TOPOLOGY UPDATE;{"P1": {"P2": 300, "P3": 341}, "P2": {"P4": 360, "P1": 300}, "P3": {"P4": 100, "P1": 341}, "P4": {"P2": 360, "P3": 100}}
1676837780.0117724;P1;MEASURED LATENCY;{'P3': 94}
1676837780.035237;P1;MEASURED LATENCY;{'P2': 117}
1676837780.9349754;P1;MESSAGE ROUTED;[{"Message": "LOOKUP", "Destination": "P4", "Source": "P1", "Path": ["P1"]}]
1676837780.9352586;P1;LOOKUP SENT;{"Peer": "P4", "Relay": "P2"}
1676837780.9366722;P1;MESSAGE ROUTED;[{"Message": "LOOKUP", "Destination": "P2", "Source": "P1", "Path": ["P1"]}]
1676837780.9369676;P1;LOOKUP SENT;{"Peer": "P2", "Relay": "P2"}
1676837780.9381666;P1;MESSAGE ROUTED;[{"Message": "LOOKUP", "Destination": "P3", "Source": "P1", "Path": ["P1"]}]
1676837780.9382608;P1;LOOKUP SENT;{"Peer": "P3", "Relay": "P3"}
1676837781.014901;P1;TOPOLOGY UPDATE;{"P1": {"P2": 300, "P3": 341}, "P2": {"P4": 360, "P1": 300}, "P3": {"P4": 860, "P1": 341}, "P4": {"P2": 360, "P3": 860}}
1676837781.159714;P1;MESSAGE ROUTED;[{"Message": "LOOKUP", "Destination": "P3", "Source": "P2", "Path": ["P2", "P1"]}]
1676837781.159877;P1;LOOKUP RECEIVED;[{"Message": "LOOKUP", "Destination": "P1", "Source": "P2", "Path": ["P2", "P1"]}]
1676837784.0607;P1;LOOKUP RECEIVED;[{"Message": "LOOKUP", "Destination": "P1", "Source": "P4", "Path": ["P4", "P2", "P1"]}]
1676837784.1925175;P1;MESSAGE ROUTED;[{"Message": "LOOKUP", "Destination": "P2", "Source": "P3", "Path": ["P3", "P1"]}]
1676837784.244934;P1;LOOKUP RECEIVED;[{"Message": "LOOKUP", "Destination": "P1", "Source": "P3", "Path": ["P3", "P1"]}]
1676837785.0167863;P1;MEASURED LATENCY;{'P3': 91}
1676837785.06356;P1;MEASURED LATENCY;{'P2': 138}
1676837788.0676744;P1;MESSAGE ROUTED;[{"Message": "LOOKUP", "Destination": "P3", "Source": "P2", "Path": ["P2", "P1"]}]
1676837790.0140066;P1;MEASURED LATENCY;{'P3': 79}
1676837790.0487962;P1;MEASURED LATENCY;{'P2': 114}
1676837790.156982;P1;TOPOLOGY UPDATE;{"P1": {"P2": 300, "P3": 341}, "P2": {"P4": 360, "P1": 300}, "P3": {"P4": 860, "P1": 341}, "P4": {"P2": 360, "P3": 860}}
1676837795.0261595;P1;MEASURED LATENCY;{'P3': 88}
1676837795.0634701;P1;MEASURED LATENCY;{'P2': 125}
1676837795.955832;P1;MESSAGE ROUTED;[{"Message": "LOOKUP", "Destination": "P4", "Source": "P1", "Path": ["P1"]}]
1676837795.9560876;P1;LOOKUP SENT;{"Peer": "P4", "Relay": "P2"}
1676837795.9567335;P1;MESSAGE ROUTED;[{"Message": "LOOKUP", "Destination": "P2", "Source": "P1", "Path": ["P1"]}]
1676837795.9568522;P1;LOOKUP SENT;{"Peer": "P2", "Relay": "P2"}
1676837795.9578269;P1;MESSAGE ROUTED;[{"Message": "LOOKUP", "Destination": "P3", "Source": "P1", "Path": ["P1"]}]
1676837795.9579427;P1;LOOKUP SENT;{"Peer": "P3", "Relay": "P3"}
1676837796.0592763;P1;TOPOLOGY UPDATE;{"P1": {"P2": 300, "P3": 341}, "P2": {"P4": 360, "P1": 300}, "P3": {"P4": 860, "P1": 341}, "P4": {"P2": 360, "P3": 860}}
1676837796.0908113;P1;LOOKUP RECEIVED;[{"Message": "LOOKUP", "Destination": "P1", "Source": "P4", "Path": ["P4", "P2", "P1"]}]
1676837796.19991;P1;MESSAGE ROUTED;[{"Message": "LOOKUP", "Destination": "P2", "Source": "P3", "Path": ["P3", "P1"]}]
1676837796.2490578;P1;LOOKUP RECEIVED;[{"Message": "LOOKUP", "Destination": "P1", "Source": "P3", "Path": ["P3", "P1"]}]
1676837798.5194323;P1;LOOKUP RECEIVED;[{"Message": "LOOKUP", "Destination": "P1", "Source": "P2", "Path": ["P2", "P1"]}]
1676837800.026177;P1;MEASURED LATENCY;{'P3': 80}
1676837800.069516;P1;MEASURED LATENCY;{'P2': 123}
1676837800.0696871;P1;APPLIED LATENCY;{"P2": 123}
1676837801.1166735;P1;LOOKUP RECEIVED;[{"Message": "LOOKUP", "Destination": "P1", "Source": "P4", "Path": ["P4", "P2", "P1"]}]
1676837802.3164408;P1;LEAST COST PATH;{"P1": [], "P2": ["P1"], "P3": ["P1"], "P4": ["P2", "P3"]}
1676837804.9689395;P1;MESSAGE ROUTED;[{"Message": "LOOKUP", "Destination": "P4", "Source": "P1", "Path": ["P1"]}]
1676837804.969275;P1;LOOKUP SENT;{"Peer": "P4", "Relay": "P2"}
1676837804.9707994;P1;MESSAGE ROUTED;[{"Message": "LOOKUP", "Destination": "P2", "Source": "P1", "Path": ["P1"]}]
1676837804.9709098;P1;LOOKUP SENT;{"Peer": "P2", "Relay": "P2"}
1676837804.971799;P1;MESSAGE ROUTED;[{"Message": "LOOKUP", "Destination": "P3", "Source": "P1", "Path": ["P1"]}]
1676837804.9719281;P1;LOOKUP SENT;{"Peer": "P3", "Relay": "P3"}
1676837805.045794;P1;MEASURED LATENCY;{'P3': 90}
1676837805.0463703;P1;APPLIED LATENCY;{"P3": 90}
1676837805.0747015;P1;MEASURED LATENCY;{'P2': 119}
1676837805.1495826;P1;LEAST COST PATH;{"P1": [], "P2": ["P1"], "P3": ["P1"], "P4": ["P2", "P3"]}
1676837807.2429843;P1;LOOKUP RECEIVED;[{"Message": "LOOKUP", "Destination": "P1", "Source": "P3", "Path": ["P3", "P1"]}]
1676837808.5347474;P1;LOOKUP RECEIVED;[{"Message": "LOOKUP", "Destination": "P1", "Source": "P2", "Path": ["P2", "P1"]}]
1676837810.0557709;P1;MEASURED LATENCY;{'P3': 89}
1676837810.0979924;P1;MEASURED LATENCY;{'P2': 131}
1676837811.0165648;P1;LEAST COST PATH;{"P1": [], "P2": ["P1"], "P3": ["P1"], "P4": ["P2"]}
1676837811.981465;P1;MESSAGE ROUTED;[{"Message": "LOOKUP", "Destination": "P4", "Source": "P1", "Path": ["P1"]}]
1676837811.9816234;P1;LOOKUP SENT;{"Peer": "P4", "Relay": "P2"}
1676837811.982385;P1;MESSAGE ROUTED;[{"Message": "LOOKUP", "Destination": "P2", "Source": "P1", "Path": ["P1"]}]
1676837811.9825578;P1;LOOKUP SENT;{"Peer": "P2", "Relay": "P2"}
1676837811.982994;P1;MESSAGE ROUTED;[{"Message": "LOOKUP", "Destination": "P3", "Source": "P1", "Path": ["P1"]}]
1676837811.983106;P1;LOOKUP SENT;{"Peer": "P3", "Relay": "P3"}
1676837814.2392056;P1;LOOKUP RECEIVED;[{"Message": "LOOKUP", "Destination": "P1", "Source": "P3", "Path": ["P3", "P1"]}]
1676837815.9904664;P1;MEASURED LATENCY;{'P3': 1015}
1676837816.0208933;P1;MEASURED LATENCY;{'P2': 1046}
1676837817.3509874;P1;TOPOLOGY UPDATE;{"P1": {"P2": 548, "P3": 341}, "P2": {"P4": 360, "P1": 548}, "P3": {"P4": 860, "P1": 341}, "P4": {"P2": 360, "P3": 860}}
1676837820.063095;P1;MEASURED LATENCY;{'P3': 80}
1676837820.0996609;P1;MEASURED LATENCY;{'P2': 117}
1676837820.1599357;P1;LEAST COST PATH;{"P1": [], "P2": ["P1"], "P3": ["P1"], "P4": ["P2"]}
1676837820.543372;P1;LOOKUP RECEIVED;[{"Message": "LOOKUP", "Destination": "P1", "Source": "P2", "Path": ["P2", "P1"]}]
1676837821.0926151;P1;LOOKUP RECEIVED;[{"Message": "LOOKUP", "Destination": "P1", "Source": "P4", "Path": ["P4", "P2", "P1"]}]
1676837821.9942794;P1;MESSAGE ROUTED;[{"Message": "LOOKUP", "Destination": "P4", "Source": "P1", "Path": ["P1"]}]
1676837821.9943788;P1;LOOKUP SENT;{"Peer": "P4", "Relay": "P2"}
1676837821.9947896;P1;MESSAGE ROUTED;[{"Message": "LOOKUP", "Destination": "P2", "Source": "P1", "Path": ["P1"]}]
1676837821.9948382;P1;LOOKUP SENT;{"Peer": "P2", "Relay": "P2"}
1676837821.9951463;P1;MESSAGE ROUTED;[{"Message": "LOOKUP", "Destination": "P3", "Source": "P1", "Path": ["P1"]}]
1676837821.9951944;P1;LOOKUP SENT;{"Peer": "P3", "Relay": "P3"}
1676837825.0707908;P1;MEASURED LATENCY;{'P3': 82}
1676837825.1135106;P1;MEASURED LATENCY;{'P2': 124}
1676837826.0601618;P1;LEAST COST PATH;{"P1": [], "P2": ["P1"], "P3": ["P1"], "P4": ["P2"]}
1676837826.2499902;P1;MESSAGE ROUTED;[{"Message": "LOOKUP", "Destination": "P2", "Source": "P3", "Path": ["P3", "P1"]}]
1676837826.2922447;P1;LOOKUP RECEIVED;[{"Message": "LOOKUP", "Destination": "P1", "Source": "P3", "Path": ["P3", "P1"]}]
1676837826.5478315;P1;LOOKUP RECEIVED;[{"Message": "LOOKUP", "Destination": "P1", "Source": "P2", "Path": ["P2", "P1"]}]
1676837829.0071778;P1;MESSAGE ROUTED;[{"Message": "LOOKUP", "Destination": "P4", "Source": "P1", "Path": ["P1"]}]
1676837829.0073397;P1;LOOKUP SENT;{"Peer": "P4", "Relay": "P2"}
1676837829.0079608;P1;MESSAGE ROUTED;[{"Message": "LOOKUP", "Destination": "P2", "Source": "P1", "Path": ["P1"]}]
1676837829.0080287;P1;LOOKUP SENT;{"Peer": "P2", "Relay": "P2"}
1676837829.0084305;P1;MESSAGE ROUTED;[{"Message": "LOOKUP", "Destination": "P3", "Source": "P1", "Path": ["P1"]}]
1676837829.0084965;P1;LOOKUP SENT;{"Peer": "P3", "Relay": "P3"}
1676837830.0724933;P1;MEASURED LATENCY;{'P3': 78}
1676837830.1070516;P1;MEASURED LATENCY;{'P2': 113}
1676837832.3569212;P1;TOPOLOGY UPDATE;{"P1": {"P2": 548, "P3": 346}, "P2": {"P4": 444, "P1": 548}, "P3": {"P4": 860, "P1": 346}, "P4": {"P2": 444, "P3": 860}}
1676837833.0010166;P1;LOOKUP RECEIVED;[{"Message": "LOOKUP", "Destination": "P1", "Source": "P4", "Path": ["P4", "P2", "P1"]}]
1676837835.0836549;P1;MEASURED LATENCY;{'P3': 85}
1676837835.118657;P1;MEASURED LATENCY;{'P2': 120}
1676837835.20707;P1;TOPOLOGY UPDATE;{"P1": {"P2": 548, "P3": 346}, "P2": {"P4": 444, "P1": 548}, "P3": {"P4": 860, "P1": 346}, "P4": {"P2": 444, "P3": 860}}
1676837835.552717;P1;LOOKUP RECEIVED;[{"Message": "LOOKUP", "Destination": "P1", "Source": "P2", "Path": ["P2", "P1"]}]
1676837836.0177627;P1;MESSAGE ROUTED;[{"Message": "LOOKUP", "Destination": "P4", "Source": "P1", "Path": ["P1"]}]
1676837836.017929;P1;LOOKUP SENT;{"Peer": "P4", "Relay": "P2"}
1676837836.018396;P1;MESSAGE ROUTED;[{"Message": "LOOKUP", "Destination": "P2", "Source": "P1", "Path": ["P1"]}]
1676837836.018452;P1;LOOKUP SENT;{"Peer": "P2", "Relay": "P2"}
1676837836.0186865;P1;MESSAGE ROUTED;[{"Message": "LOOKUP", "Destination": "P3", "Source": "P1", "Path": ["P1"]}]
1676837836.0187361;P1;LOOKUP SENT;{"Peer": "P3", "Relay": "P3"}
1676837836.2514641;P1;MESSAGE ROUTED;[{"Message": "LOOKUP", "Destination": "P2", "Source": "P3", "Path": ["P3", "P1"]}]
1676837836.3026302;P1;LOOKUP RECEIVED;[{"Message": "LOOKUP", "Destination": "P1", "Source": "P3", "Path": ["P3", "P1"]}]
1676837840.092979;P1;MEASURED LATENCY;{'P3': 85}
1676837840.1280022;P1;MEASURED LATENCY;{'P2': 120}
1676837840.9963534;P1;TOPOLOGY UPDATE;{"P1": {"P2": 548, "P3": 346}, "P2": {"P4": 444, "P1": 548}, "P3": {"P4": 652, "P1": 346}, "P4": {"P2": 444, "P3": 652}}
1676837844.0278192;P1;MESSAGE ROUTED;[{"Message": "LOOKUP", "Destination": "P4", "Source": "P1", "Path": ["P1"]}]
1676837844.027952;P1;LOOKUP SENT;{"Peer": "P4", "Relay": "P2"}
1676837844.0287104;P1;MESSAGE ROUTED;[{"Message": "LOOKUP", "Destination": "P2", "Source": "P1", "Path": ["P1"]}]
1676837844.028836;P1;LOOKUP SENT;{"Peer": "P2", "Relay": "P2"}
1676837844.029365;P1;MESSAGE ROUTED;[{"Message": "LOOKUP", "Destination": "P3", "Source": "P1", "Path": ["P1"]}]
1676837844.029447;P1;LOOKUP SENT;{"Peer": "P3", "Relay": "P3"}
1676837844.114598;P1;LOOKUP RECEIVED;[{"Message": "LOOKUP", "Destination": "P1", "Source": "P4", "Path": ["P4", "P2", "P1"]}]
1676837845.0965378;P1;MEASURED LATENCY;{'P3': 81}
1676837845.262681;P1;MESSAGE ROUTED;[{"Message": "LOOKUP", "Destination": "P2", "Source": "P3", "Path": ["P3", "P1"]}]
1676837845.3171153;P1;LOOKUP RECEIVED;[{"Message": "LOOKUP", "Destination": "P1", "Source": "P3", "Path": ["P3", "P1"]}]
1676837845.3413937;P1;MEASURED LATENCY;{'P2': 325}
1676837847.3521144;P1;LEAST COST PATH;{"P1": [], "P2": ["P1"], "P3": ["P1"], "P4": ["P3", "P2"]}
1676837848.5716262;P1;LOOKUP RECEIVED;[{"Message": "LOOKUP", "Destination": "P1", "Source": "P2", "Path": ["P2", "P1"]}]
1676837849.035117;P1;MESSAGE ROUTED;[{"Message": "LOOKUP", "Destination": "P4", "Source": "P1", "Path": ["P1"]}]
1676837849.0352838;P1;LOOKUP SENT;{"Peer": "P4", "Relay": "P3"}
1676837849.0380373;P1;MESSAGE ROUTED;[{"Message": "LOOKUP", "Destination": "P2", "Source": "P1", "Path": ["P1"]}]
1676837849.0381632;P1;LOOKUP SENT;{"Peer": "P2", "Relay": "P2"}
1676837849.039058;P1;MESSAGE ROUTED;[{"Message": "LOOKUP", "Destination": "P3", "Source": "P1", "Path": ["P1"]}]
1676837849.039197;P1;LOOKUP SENT;{"Peer": "P3", "Relay": "P3"}
1676837850.1173406;P1;MEASURED LATENCY;{'P3': 95}
1676837850.2224352;P1;MEASURED LATENCY;{'P2': 200}
1676837850.2225695;P1;APPLIED LATENCY;{"P2": 200}
1676837850.2231138;P1;TOPOLOGY UPDATE;{"P1": {"P2": 548, "P3": 346}, "P2": {"P4": 444, "P1": 548}, "P3": {"P4": 652, "P1": 346}, "P4": {"P2": 444, "P3": 652}}
1676837850.2722173;P1;MESSAGE ROUTED;[{"Message": "LOOKUP", "Destination": "P2", "Source": "P3", "Path": ["P3", "P1"]}]
1676837850.3352463;P1;LOOKUP RECEIVED;[{"Message": "LOOKUP", "Destination": "P1", "Source": "P3", "Path": ["P3", "P1"]}]
1676837854.114042;P1;LOOKUP RECEIVED;[{"Message": "LOOKUP", "Destination": "P1", "Source": "P4", "Path": ["P4", "P2", "P1"]}]
1676837855.117361;P1;MEASURED LATENCY;{'P3': 91}
1676837855.1174908;P1;APPLIED LATENCY;{"P3": 91}
1676837855.2960458;P1;MEASURED LATENCY;{'P2': 270}
1676837856.0224214;P1;TOPOLOGY UPDATE;{"P1": {"P2": 548, "P3": 346}, "P2": {"P4": 444, "P1": 548}, "P3": {"P4": 652, "P1": 346}, "P4": {"P2": 444, "P3": 652}}
1676837856.271639;P1;MESSAGE ROUTED;[{"Message": "LOOKUP", "Destination": "P2", "Source": "P3", "Path": ["P3", "P1"]}]
1676837856.3229265;P1;LOOKUP RECEIVED;[{"Message": "LOOKUP", "Destination": "P1", "Source": "P3", "Path": ["P3", "P1"]}]
1676837861.0480554;P1;MEASURED LATENCY;{'P3': 1010}
1676837861.0841296;P1;MEASURED LATENCY;{'P2': 1046}
1676837861.199728;P1;LOOKUP RECEIVED;[{"Message": "LOOKUP", "Destination": "P1", "Source": "P4", "Path": ["P4", "P2", "P1"]}]
1676837862.057843;P1;MESSAGE ROUTED;[{"Message": "LOOKUP", "Destination": "P4", "Source": "P1", "Path": ["P1"]}]
1676837862.0579474;P1;LOOKUP SENT;{"Peer": "P4", "Relay": "P3"}
1676837862.0584567;P1;MESSAGE ROUTED;[{"Message": "LOOKUP", "Destination": "P2", "Source": "P1", "Path": ["P1"]}]
1676837862.0585058;P1;LOOKUP SENT;{"Peer": "P2", "Relay": "P2"}
1676837862.0590162;P1;MESSAGE ROUTED;[{"Message": "LOOKUP", "Destination": "P3", "Source": "P1", "Path": ["P1"]}]
1676837862.0590649;P1;LOOKUP SENT;{"Peer": "P3", "Relay": "P3"}
1676837862.3580859;P1;LEAST COST PATH;{"P1": [], "P2": ["P1"], "P3": ["P1"], "P4": ["P3", "P2"]}
1676837863.5885427;P1;MESSAGE ROUTED;[{"Message": "LOOKUP", "Destination": "P3", "Source": "P2", "Path": ["P2", "P1"]}]
1676837865.1220236;P1;MEASURED LATENCY;{'P3': 80}
1676837865.2078807;P1;LEAST COST PATH;{"P1": [], "P2": ["P1"], "P3": ["P1"], "P4": ["P3", "P2"]}
1676837865.248855;P1;MEASURED LATENCY;{'P2': 207}
1676837866.1269748;P1;LOOKUP RECEIVED;[{"Message": "LOOKUP", "Destination": "P1", "Source": "P4", "Path": ["P4", "P2", "P1"]}]
1676837870.0682867;P1;MESSAGE ROUTED;[{"Message": "LOOKUP", "Destination": "P4", "Source": "P1", "Path": ["P1"]}]
1676837870.0683677;P1;LOOKUP SENT;{"Peer": "P4", "Relay": "P3"}
1676837870.0688944;P1;MESSAGE ROUTED;[{"Message": "LOOKUP", "Destination": "P2", "Source": "P1", "Path": ["P1"]}]
1676837870.0689445;P1;LOOKUP SENT;{"Peer": "P2", "Relay": "P2"}
1676837870.0694795;P1;MESSAGE ROUTED;[{"Message": "LOOKUP", "Destination": "P3", "Source": "P1", "Path": ["P1"]}]
1676837870.0695457;P1;LOOKUP SENT;{"Peer": "P3", "Relay": "P3"}
1676837870.129638;P1;MEASURED LATENCY;{'P3': 83}
1676837871.0019822;P1;LEAST COST PATH;{"P1": [], "P2": ["P1"], "P3": ["P1"], "P4": ["P3", "P2"]}
1676837871.2463586;P1;MEASURED LATENCY;{'P2': 1199}
1676837871.289993;P1;MESSAGE ROUTED;[{"Message": "LOOKUP", "Destination": "P2", "Source": "P3", "Path": ["P3", "P1"]}]
1676837871.3375664;P1;LOOKUP RECEIVED;[{"Message": "LOOKUP", "Destination": "P1", "Source": "P3", "Path": ["P3", "P1"]}]
1676837871.5929582;P1;MESSAGE ROUTED;[{"Message": "LOOKUP", "Destination": "P3", "Source": "P2", "Path": ["P2", "P1"]}]
1676837871.669929;P1;LOOKUP RECEIVED;[{"Message": "LOOKUP", "Destination": "P1", "Source": "P2", "Path": ["P2", "P1"]}]
1676837872.4854813;P1;LOOKUP RECEIVED;[{"Message": "LOOKUP", "Destination": "P1", "Source": "P4", "Path": ["P4", "P2", "P1"]}]
1676837875.1419756;P1;MEASURED LATENCY;{'P3': 84}
1676837875.2707994;P1;MEASURED LATENCY;{'P2': 213}
1676837877.4127467;P1;TOPOLOGY UPDATE;{"P1": {"P2": 442, "P3": 407}, "P2": {"P4": 706, "P1": 442}, "P3": {"P4": 652, "P1": 407}, "P4": {"P2": 706, "P3": 652}}
1676837879.0810065;P1;MESSAGE ROUTED;[{"Message": "LOOKUP", "Destination": "P4", "Source": "P1", "Path": ["P1"]}]
1676837879.0811338;P1;LOOKUP SENT;{"Peer": "P4", "Relay": "P3"}
1676837879.0815299;P1;MESSAGE ROUTED;[{"Message": "LOOKUP", "Destination": "P2", "Source": "P1", "Path": ["P1"]}]
1676837879.0817378;P1;LOOKUP SENT;{"Peer": "P2", "Relay": "P2"}
1676837879.0820956;P1;MESSAGE ROUTED;[{"Message": "LOOKUP", "Destination": "P3", "Source": "P1", "Path": ["P1"]}]
1676837879.08215;P1;LOOKUP SENT;{"Peer": "P3", "Relay": "P3"}
1676837880.1442912;P1;MEASURED LATENCY;{'P3': 79}
1676837880.2239385;P1;LEAST COST PATH;{"P1": [], "P2": ["P1"], "P3": ["P1"], "P4": ["P3", "P2"]}
1676837880.24466;P1;TOPOLOGY UPDATE;{"P1": {"P2": 442, "P3": 407}, "P2": {"P4": 706, "P1": 442}, "P3": {"P4": 652, "P1": 407}, "P4": {"P2": 706, "P3": 652}}
1676837880.2898514;P1;MEASURED LATENCY;{'P2': 225}
1676837881.1382205;P1;LOOKUP RECEIVED;[{"Message": "LOOKUP", "Destination": "P1", "Source": "P4", "Path": ["P4", "P2", "P1"]}]
1676837881.3067517;P1;MESSAGE ROUTED;[{"Message": "LOOKUP", "Destination": "P2", "Source": "P3", "Path": ["P3", "P1"]}]
1676837881.3508987;P1;LOOKUP RECEIVED;[{"Message": "LOOKUP", "Destination": "P1", "Source": "P3", "Path": ["P3", "P1"]}]
1676837881.7188673;P1;MESSAGE ROUTED;[{"Message": "LOOKUP", "Destination": "P3", "Source": "P2", "Path": ["P2", "P1"]}]
1676837885.0877445;P1;MESSAGE ROUTED;[{"Message": "LOOKUP", "Destination": "P4", "Source": "P1", "Path": ["P1"]}]
1676837885.0878468;P1;LOOKUP SENT;{"Peer": "P4", "Relay": "P3"}
1676837885.088425;P1;MESSAGE ROUTED;[{"Message": "LOOKUP", "Destination": "P2", "Source": "P1", "Path": ["P1"]}]
1676837885.0884774;P1;LOOKUP SENT;{"Peer": "P2", "Relay": "P2"}
1676837885.0888758;P1;MESSAGE ROUTED;[{"Message": "LOOKUP", "Destination": "P3", "Source": "P1", "Path": ["P1"]}]
1676837885.0889246;P1;LOOKUP SENT;{"Peer": "P3", "Relay": "P3"}
1676837885.153513;P1;MEASURED LATENCY;{'P3': 83}
1676837885.1927967;P1;MEASURED LATENCY;{'P2': 123}
1676837886.023586;P1;LEAST COST PATH;{"P1": [], "P2": ["P1"], "P3": ["P1"], "P4": ["P3", "P2"]}
1676837890.1583378;P1;MEASURED LATENCY;{'P3': 81}
1676837890.1940074;P1;MEASURED LATENCY;{'P2': 117}
1676837894.1017098;P1;MESSAGE ROUTED;[{"Message": "LOOKUP", "Destination": "P4", "Source": "P1", "Path": ["P1"]}]
1676837894.101878;P1;LOOKUP SENT;{"Peer": "P4", "Relay": "P3"}
1676837894.1024067;P1;MESSAGE ROUTED;[{"Message": "LOOKUP", "Destination": "P2", "Source": "P1", "Path": ["P1"]}]
1676837894.1024792;P1;LOOKUP SENT;{"Peer": "P2", "Relay": "P2"}
1676837894.102757;P1;MESSAGE ROUTED;[{"Message": "LOOKUP", "Destination": "P3", "Source": "P1", "Path": ["P1"]}]
1676837894.1028085;P1;LOOKUP SENT;{"Peer": "P3", "Relay": "P3"}
1676837895.1827595;P1;MEASURED LATENCY;{'P3': 98}
1676837895.201026;P1;MEASURED LATENCY;{'P2': 116}
1676837895.3196082;P1;MESSAGE ROUTED;[{"Message": "LOOKUP", "Destination": "P2", "Source": "P3", "Path": ["P3", "P1"]}]
1676837895.3667982;P1;LOOKUP RECEIVED;[{"Message": "LOOKUP", "Destination": "P1", "Source": "P3", "Path": ["P3", "P1"]}]
1676837896.1609044;P1;LOOKUP RECEIVED;[{"Message": "LOOKUP", "Destination": "P1", "Source": "P4", "Path": ["P4", "P2", "P1"]}]
1676837896.6164749;P1;MESSAGE ROUTED;[{"Message": "LOOKUP", "Destination": "P3", "Source": "P2", "Path": ["P2", "P1"]}]
1676837900.1794558;P1;MEASURED LATENCY;{'P3': 90}
1676837900.2126813;P1;MEASURED LATENCY;{'P2': 124}
1676837900.2128944;P1;APPLIED LATENCY;{"P2": 124}
1676837901.0491185;P1;TOPOLOGY UPDATE;{"P1": {"P2": 442, "P3": 407}, "P2": {"P4": 706, "P1": 442}, "P3": {"P4": 626, "P1": 407}, "P4": {"P2": 706, "P3": 626}}
1676837903.1187968;P1;MESSAGE ROUTED;[{"Message": "LOOKUP", "Destination": "P4", "Source": "P1", "Path": ["P1"]}]
1676837903.1189468;P1;LOOKUP SENT;{"Peer": "P4", "Relay": "P3"}
1676837903.1195672;P1;MESSAGE ROUTED;[{"Message": "LOOKUP", "Destination": "P2", "Source": "P1", "Path": ["P1"]}]
1676837903.1196854;P1;LOOKUP SENT;{"Peer": "P2", "Relay": "P2"}
1676837903.1201818;P1;MESSAGE ROUTED;[{"Message": "LOOKUP", "Destination": "P3", "Source": "P1", "Path": ["P1"]}]
1676837903.1202948;P1;LOOKUP SENT;{"Peer": "P3", "Relay": "P3"}
1676837903.6285906;P1;MESSAGE ROUTED;[{"Message": "LOOKUP", "Destination": "P3", "Source": "P2", "Path": ["P2", "P1"]}]
1676837906.0908196;P1;MEASURED LATENCY;{'P3': 996}
1676837906.0909767;P1;APPLIED LATENCY;{"P3": 996}
1676837906.1294482;P1;MEASURED LATENCY;{'P2': 1034}
1676837907.4135563;P1;LEAST COST PATH;{"P1": [], "P2": ["P1"], "P3": ["P1"], "P4": ["P3"]}
1676837908.126534;P1;MESSAGE ROUTED;[{"Message": "LOOKUP", "Destination": "P4", "Source": "P1", "Path": ["P1"]}]
1676837908.1267262;P1;LOOKUP SENT;{"Peer": "P4", "Relay": "P3"}
1676837908.127446;P1;MESSAGE ROUTED;[{"Message": "LOOKUP", "Destination": "P2", "Source": "P1", "Path": ["P1"]}]
1676837908.127607;P1;LOOKUP SENT;{"Peer": "P2", "Relay": "P2"}
1676837908.1280878;P1;MESSAGE ROUTED;[{"Message": "LOOKUP", "Destination": "P3", "Source": "P1", "Path": ["P1"]}]
1676837908.128201;P1;LOOKUP SENT;{"Peer": "P3", "Relay": "P3"}
1676837908.335787;P1;MESSAGE ROUTED;[{"Message": "LOOKUP", "Destination": "P2", "Source": "P3", "Path": ["P3", "P1"]}]
1676837908.387652;P1;LOOKUP RECEIVED;[{"Message": "LOOKUP", "Destination": "P1", "Source": "P3", "Path": ["P3", "P1"]}]
1676837910.191121;P1;MEASURED LATENCY;{'P3': 90}
1676837910.2203052;P1;MEASURED LATENCY;{'P2': 119}
1676837910.2453964;P1;LEAST COST PATH;{"P1": [], "P2": ["P1"], "P3": ["P1"], "P4": ["P3"]}
1676837910.2841368;P1;TOPOLOGY UPDATE;{"P1": {"P2": 442, "P3": 407}, "P2": {"P4": 706, "P1": 442}, "P3": {"P4": 626, "P1": 407}, "P4": {"P2": 706, "P3": 626}}
1676837913.456112;P1;MESSAGE ROUTED;[{"Message": "LOOKUP", "Destination": "P3", "Source": "P2", "Path": ["P2", "P1"]}]
1676837915.1986775;P1;MEASURED LATENCY;{'P3': 92}
1676837915.231034;P1;MEASURED LATENCY;{'P2': 124}
1676837916.291076;P1;MESSAGE ROUTED;[{"Message": "LOOKUP", "Destination": "P2", "Source": "P3", "Path": ["P3", "P1"]}]
1676837916.2912648;P1;LOOKUP RECEIVED;[{"Message": "LOOKUP", "Destination": "P1", "Source": "P3", "Path": ["P3", "P1"]}]
1676837918.1404583;P1;MESSAGE ROUTED;[{"Message": "LOOKUP", "Destination": "P4", "Source": "P1", "Path": ["P1"]}]
1676837918.1409833;P1;LOOKUP SENT;{"Peer": "P4", "Relay": "P3"}
1676837918.1416414;P1;MESSAGE ROUTED;[{"Message": "LOOKUP", "Destination": "P2", "Source": "P1", "Path": ["P1"]}]
1676837918.1417098;P1;LOOKUP SENT;{"Peer": "P2", "Relay": "P2"}
1676837918.1421287;P1;MESSAGE ROUTED;[{"Message": "LOOKUP", "Destination": "P3", "Source": "P1", "Path": ["P1"]}]
1676837918.1421945;P1;LOOKUP SENT;{"Peer": "P3", "Relay": "P3"}
1676837921.099053;P1;MEASURED LATENCY;{'P3': 985}
1676837921.1578887;P1;MEASURED LATENCY;{'P2': 1044}
1676837922.4548514;P1;TOPOLOGY UPDATE;{"P1": {"P2": 295, "P3": 321}, "P2": {"P4": 351, "P1": 295}, "P3": {"P4": 626, "P1": 321}, "P4": {"P2": 351, "P3": 626}}
1676837923.2430942;P1;MESSAGE ROUTED;[{"Message": "LOOKUP", "Destination": "P3", "Source": "P2", "Path": ["P2", "P1"]}]
1676837923.2434533;P1;LOOKUP RECEIVED;[{"Message": "LOOKUP", "Destination": "P1", "Source": "P2", "Path": ["P2", "P1"]}]
1676837925.2004073;P1;MEASURED LATENCY;{'P3': 79}
1676837925.2295897;P1;MEASURED LATENCY;{'P2': 109}
1676837925.289868;P1;TOPOLOGY UPDATE;{"P1": {"P2": 295, "P3": 321}, "P2": {"P4": 351, "P1": 295}, "P3": {"P4": 626, "P1": 321}, "P4": {"P2": 351, "P3": 626}}
1676837929.661027;P1;MESSAGE ROUTED;[{"Message": "LOOKUP", "Destination": "P3", "Source": "P2", "Path": ["P2", "P1"]}]
1676837930.2102861;P1;MEASURED LATENCY;{'P3': 86}
1676837930.2403395;P1;MEASURED LATENCY;{'P2': 116}
1676837930.373107;P1;MESSAGE ROUTED;[{"Message": "LOOKUP", "Destination": "P2", "Source": "P3", "Path": ["P3", "P1"]}]
1676837930.3750854;P1;LOOKUP RECEIVED;[{"Message": "LOOKUP", "Destination": "P1", "Source": "P3", "Path": ["P3", "P1"]}]
1676837931.0507252;P1;LEAST COST PATH;{"P1": [], "P2": ["P1"], "P3": ["P1"], "P4": ["P3"]}
1676837931.234484;P1;TOPOLOGY UPDATE;{"P1": {"P2": 295, "P3": 321}, "P2": {"P4": 351, "P1": 295}, "P3": {"P4": 626, "P1": 321}, "P4": {"P2": 351, "P3": 626}}
1676837933.1602864;P1;MESSAGE ROUTED;[{"Message": "LOOKUP", "Destination": "P4", "Source": "P1", "Path": ["P1"]}]
1676837933.1608758;P1;LOOKUP SENT;{"Peer": "P4", "Relay": "P3"}
1676837933.1626856;P1;MESSAGE ROUTED;[{"Message": "LOOKUP", "Destination": "P2", "Source": "P1", "Path": ["P1"]}]
1676837933.1632042;P1;LOOKUP SENT;{"Peer": "P2", "Relay": "P2"}
1676837933.1650422;P1;MESSAGE ROUTED;[{"Message": "LOOKUP", "Destination": "P3", "Source": "P1", "Path": ["P1"]}]
1676837933.165589;P1;LOOKUP SENT;{"Peer": "P3", "Relay": "P3"}
1676837935.2086375;P1;MEASURED LATENCY;{'P3': 81}
1676837935.2428334;P1;MEASURED LATENCY;{'P2': 115}
1676837938.1748374;P1;MESSAGE ROUTED;[{"Message": "LOOKUP", "Destination": "P3", "Source": "P2", "Path": ["P2", "P1"]}]
1676837940.2196546;P1;MEASURED LATENCY;{'P3': 81}
1676837940.2596009;P1;MEASURED LATENCY;{'P2': 121}
1676837940.2854354;P1;LEAST COST PATH;{"P1": [], "P2": ["P1"], "P3": ["P1"], "P4": ["P3"]}
1676837940.3889666;P1;MESSAGE ROUTED;[{"Message": "LOOKUP", "Destination": "P2", "Source": "P3", "Path": ["P3", "P1"]}]
1676837943.6643052;P1;MESSAGE ROUTED;[{"Message": "LOOKUP", "Destination": "P3", "Source": "P2", "Path": ["P2", "P1"]}]
1676837943.7384746;P1;LOOKUP RECEIVED;[{"Message": "LOOKUP", "Destination": "P1", "Source": "P2", "Path": ["P2", "P1"]}]
1676837945.181066;P1;MESSAGE ROUTED;[{"Message": "LOOKUP", "Destination": "P4", "Source": "P1", "Path": ["P1"]}]
1676837945.1816335;P1;LOOKUP SENT;{"Peer": "P4", "Relay": "P3"}
1676837945.182182;P1;MESSAGE ROUTED;[{"Message": "LOOKUP", "Destination": "P2", "Source": "P1", "Path": ["P1"]}]
1676837945.182461;P1;LOOKUP SENT;{"Peer": "P2", "Relay": "P2"}
1676837945.1831684;P1;MESSAGE ROUTED;[{"Message": "LOOKUP", "Destination": "P3", "Source": "P1", "Path": ["P1"]}]
1676837945.1832895;P1;LOOKUP SENT;{"Peer": "P3", "Relay": "P3"}
1676837945.2387395;P1;MEASURED LATENCY;{'P3': 93}
1676837945.2634032;P1;MEASURED LATENCY;{'P2': 117}
1676837946.173388;P1;TOPOLOGY UPDATE;{"P1": {"P2": 295, "P3": 321}, "P2": {"P4": 351, "P1": 295}, "P3": {"P4": 626, "P1": 321}, "P4": {"P2": 351, "P3": 626}}
1676837948.6877532;P1;MESSAGE ROUTED;[{"Message": "LOOKUP", "Destination": "P3", "Source": "P2", "Path": ["P2", "P1"]}]
1676837949.2836459;P1;LOOKUP RECEIVED;[{"Message": "LOOKUP", "Destination": "P1", "Source": "P4", "Path": ["P4", "P2", "P1"]}]
1676837950.2316802;P1;MEASURED LATENCY;{'P3': 82}
1676837950.2605348;P1;MEASURED LATENCY;{'P2': 110}
1676837950.2613847;P1;APPLIED LATENCY;{"P2": 110}
1676837950.3911512;P1;MESSAGE ROUTED;[{"Message": "LOOKUP", "Destination": "P2", "Source": "P3", "Path": ["P3", "P1"]}]
1676837950.4398708;P1;LOOKUP RECEIVED;[{"Message": "LOOKUP", "Destination": "P1", "Source": "P3", "Path": ["P3", "P1"]}]
1676837952.5232425;P1;LEAST COST PATH;{"P1": [], "P2": ["P1"], "P3": ["P1"], "P4": ["P2"]}
1676837954.2616274;P1;MESSAGE ROUTED;[{"Message": "LOOKUP", "Destination": "P4", "Source": "P1", "Path": ["P1"]}]
1676837954.262822;P1;LOOKUP SENT;{"Peer": "P4", "Relay": "P2"}
1676837954.2639084;P1;MESSAGE ROUTED;[{"Message": "LOOKUP", "Destination": "P2", "Source": "P1", "Path": ["P1"]}]
1676837954.2640817;P1;LOOKUP SENT;{"Peer": "P2", "Relay": "P2"}
1676837954.2651765;P1;MESSAGE ROUTED;[{"Message": "LOOKUP", "Destination": "P3", "Source": "P1", "Path": ["P1"]}]
1676837954.2657354;P1;LOOKUP SENT;{"Peer": "P3", "Relay": "P3"}
1676837955.3142118;P1;LEAST COST PATH;{"P1": [], "P2": ["P1"], "P3": ["P1"], "P4": ["P2"]}
1676837955.3602684;P1;MEASURED LATENCY;{'P3': 92}
1676837955.3608668;P1;APPLIED LATENCY;{"P3": 92}
1676837955.3937747;P1;MEASURED LATENCY;{'P2': 126}
1676837956.5131426;P1;LOOKUP RECEIVED;[{"Message": "LOOKUP", "Destination": "P1", "Source": "P4", "Path": ["P4", "P2", "P1"]}]
1676837957.6976633;P1;MESSAGE ROUTED;[{"Message": "LOOKUP", "Destination": "P3", "Source": "P2", "Path": ["P2", "P1"]}]
1676837961.2458353;P1;LEAST COST PATH;{"P1": [], "P2": ["P1"], "P3": ["P1"], "P4": ["P2"]}
1676837961.3675368;P1;MEASURED LATENCY;{'P3': 1082}
1676837961.3681395;P1;MEASURED LATENCY;{'P2': 1082}
1676837963.5477376;P1;MESSAGE ROUTED;[{"Message": "LOOKUP", "Destination": "P2", "Source": "P3", "Path": ["P3", "P1"]}]
1676837965.728578;P1;MESSAGE ROUTED;[{"Message": "LOOKUP", "Destination": "P3", "Source": "P2", "Path": ["P2", "P1"]}]
1676837965.7880626;P1;LOOKUP RECEIVED;[{"Message": "LOOKUP", "Destination": "P1", "Source": "P2", "Path": ["P2", "P1"]}]
1676837966.190469;P1;MEASURED LATENCY;{'P3': 886}
1676837966.247299;P1;MEASURED LATENCY;{'P2': 943}
1676837968.2800937;P1;MESSAGE ROUTED;[{"Message": "LOOKUP", "Destination": "P4", "Source": "P1", "Path": ["P1"]}]
1676837968.2827632;P1;LOOKUP SENT;{"Peer": "P4", "Relay": "P2"}
1676837968.2846608;P1;MESSAGE ROUTED;[{"Message": "LOOKUP", "Destination": "P2", "Source": "P1", "Path": ["P1"]}]
1676837968.285287;P1;LOOKUP SENT;{"Peer": "P2", "Relay": "P2"}
1676837968.286635;P1;MESSAGE ROUTED;[{"Message": "LOOKUP", "Destination": "P3", "Source": "P1", "Path": ["P1"]}]
1676837968.2869735;P1;LOOKUP SENT;{"Peer": "P3", "Relay": "P3"}
1676837969.5124643;P1;LOOKUP RECEIVED;[{"Message": "LOOKUP", "Destination": "P1", "Source": "P4", "Path": ["P4", "P2", "P1"]}]
1676837969.5556679;P1;MESSAGE ROUTED;[{"Message": "LOOKUP", "Destination": "P2", "Source": "P3", "Path": ["P3", "P1"]}]
1676837969.5938113;P1;LOOKUP RECEIVED;[{"Message": "LOOKUP", "Destination": "P1", "Source": "P3", "Path": ["P3", "P1"]}]
1676837970.3578799;P1;TOPOLOGY UPDATE;{"P1": {"P2": 295, "P3": 321}, "P2": {"P4": 351, "P1": 295}, "P3": {"P4": 942, "P1": 321}, "P4": {"P2": 351, "P3": 942}}
1676837970.4169388;P1;MEASURED LATENCY;{'P3': 98}
1676837970.475799;P1;MEASURED LATENCY;{'P2': 157}
1676837976.184786;P1;LEAST COST PATH;{"P1": [], "P2": ["P1"], "P3": ["P1"], "P4": ["P2"]}
1676837976.426197;P1;MEASURED LATENCY;{'P2': 1091}
1676837976.4268365;P1;MEASURED LATENCY;{'P3': 1092}
1676837978.0008693;P1;MESSAGE ROUTED;[{"Message": "LOOKUP", "Destination": "P3", "Source": "P2", "Path": ["P2", "P1"]}]
1676837978.0788858;P1;LOOKUP RECEIVED;[{"Message": "LOOKUP", "Destination": "P1", "Source": "P2", "Path": ["P2", "P1"]}]
1676837978.5424583;P1;LOOKUP RECEIVED;[{"Message": "LOOKUP", "Destination": "P1", "Source": "P4", "Path": ["P4", "P2", "P1"]}]
1676837979.301826;P1;MESSAGE ROUTED;[{"Message": "LOOKUP", "Destination": "P4", "Source": "P1", "Path": ["P1"]}]
1676837979.3022118;P1;LOOKUP SENT;{"Peer": "P4", "Relay": "P2"}
1676837979.3051176;P1;MESSAGE ROUTED;[{"Message": "LOOKUP", "Destination": "P2", "Source": "P1", "Path": ["P1"]}]
1676837979.3058143;P1;LOOKUP SENT;{"Peer": "P2", "Relay": "P2"}
1676837979.307116;P1;MESSAGE ROUTED;[{"Message": "LOOKUP", "Destination": "P3", "Source": "P1", "Path": ["P1"]}]
1676837979.30895;P1;LOOKUP SENT;{"Peer": "P3", "Relay": "P3"}
1676837980.442429;P1;MEASURED LATENCY;{'P3': 78}
1676837980.477904;P1;MEASURED LATENCY;{'P2': 114}
1676837983.0765138;P1;TOPOLOGY UPDATE;{"P1": {"P2": 361, "P3": 325}, "P2": {"P4": 771, "P1": 361}, "P3": {"P4": 942, "P1": 325}, "P4": {"P2": 771, "P3": 942}}
1676837983.4288812;P1;MESSAGE ROUTED;[{"Message": "LOOKUP", "Destination": "P2", "Source": "P3", "Path": ["P3", "P1"]}]
1676837983.4291594;P1;LOOKUP RECEIVED;[{"Message": "LOOKUP", "Destination": "P1", "Source": "P3", "Path": ["P3", "P1"]}]
1676837985.79291;P1;MEASURED LATENCY;{'P3': 86}
1676837985.8300195;P1;MEASURED LATENCY;{'P2': 123}
1676837986.4297633;P1;TOPOLOGY UPDATE;{"P1": {"P2": 361, "P3": 325}, "P2": {"P4": 771, "P1": 361}, "P3": {"P4": 942, "P1": 325}, "P4": {"P2": 771, "P3": 942}}
1676837990.0425994;P1;MESSAGE ROUTED;[{"Message": "LOOKUP", "Destination": "P3", "Source": "P2", "Path": ["P2", "P1"]}]
1676837990.5255253;P1;LOOKUP RECEIVED;[{"Message": "LOOKUP", "Destination": "P1", "Source": "P4", "Path": ["P4", "P2", "P1"]}]
1676837990.6165967;P1;MESSAGE ROUTED;[{"Message": "LOOKUP", "Destination": "P2", "Source": "P3", "Path": ["P3", "P1"]}]
1676837990.811169;P1;MEASURED LATENCY;{'P3': 85}
1676837990.852309;P1;MEASURED LATENCY;{'P2': 126}
1676837991.2057335;P1;TOPOLOGY UPDATE;{"P1": {"P2": 361, "P3": 325}, "P2": {"P4": 771, "P1": 361}, "P3": {"P4": 942, "P1": 325}, "P4": {"P2": 771, "P3": 942}}
1676837992.3258176;P1;MESSAGE ROUTED;[{"Message": "LOOKUP", "Destination": "P4", "Source": "P1", "Path": ["P1"]}]
1676837992.3294277;P1;LOOKUP SENT;{"Peer": "P4", "Relay": "P2"}
1676837992.3349888;P1;MESSAGE ROUTED;[{"Message": "LOOKUP", "Destination": "P2", "Source": "P1", "Path": ["P1"]}]
1676837992.3355746;P1;LOOKUP SENT;{"Peer": "P2", "Relay": "P2"}
1676837992.3404922;P1;MESSAGE ROUTED;[{"Message": "LOOKUP", "Destination": "P3", "Source": "P1", "Path": ["P1"]}]
1676837992.3410661;P1;LOOKUP SENT;{"Peer": "P3", "Relay": "P3"}
1676837995.821874;P1;MEASURED LATENCY;{'P3': 89}
1676837995.8566172;P1;MEASURED LATENCY;{'P2': 124}
1676837998.3187852;P1;MESSAGE ROUTED;[{"Message": "LOOKUP", "Destination": "P3", "Source": "P2", "Path": ["P2", "P1"]}]
1676837999.6142697;P1;MESSAGE ROUTED;[{"Message": "LOOKUP", "Destination": "P2", "Source": "P3", "Path": ["P3", "P1"]}]
1676837999.6157198;P1;LOOKUP RECEIVED;[{"Message": "LOOKUP", "Destination": "P1", "Source": "P3", "Path": ["P3", "P1"]}]
1676838000.359038;P1;LEAST COST PATH;{"P1": [], "P2": ["P1"], "P3": ["P1"], "P4": ["P2"]}
1676838000.8226595;P1;MEASURED LATENCY;{'P3': 80}
1676838000.8600562;P1;MEASURED LATENCY;{'P2': 117}
1676838000.8639863;P1;APPLIED LATENCY;{"P2": 117}
1676838001.3518443;P1;MESSAGE ROUTED;[{"Message": "LOOKUP", "Destination": "P4", "Source": "P1", "Path": ["P1"]}]
1676838001.3537717;P1;LOOKUP SENT;{"Peer": "P4", "Relay": "P2"}
1676838001.3557432;P1;MESSAGE ROUTED;[{"Message": "LOOKUP", "Destination": "P2", "Source": "P1", "Path": ["P1"]}]
1676838001.3566217;P1;LOOKUP SENT;{"Peer": "P2", "Relay": "P2"}
1676838001.359735;P1;MESSAGE ROUTED;[{"Message": "LOOKUP", "Destination": "P3", "Source": "P1", "Path": ["P1"]}]
1676838001.361554;P1;LOOKUP SENT;{"Peer": "P3", "Relay": "P3"}
1676838002.5587802;P1;LOOKUP RECEIVED;[{"Message": "LOOKUP", "Destination": "P1", "Source": "P4", "Path": ["P4", "P2", "P1"]}]
1676838003.0561407;P1;MESSAGE ROUTED;[{"Message": "LOOKUP", "Destination": "P3", "Source": "P2", "Path": ["P2", "P1"]}]
1676838003.0570717;P1;LOOKUP RECEIVED;[{"Message": "LOOKUP", "Destination": "P1", "Source": "P2", "Path": ["P2", "P1"]}]
1676838006.3070083;P1;TOPOLOGY UPDATE;{"P1": {"P2": 361, "P3": 325}, "P2": {"P4": 771, "P1": 361}, "P3": {"P4": 846, "P1": 325}, "P4": {"P2": 771, "P3": 846}}
1676838006.416652;P1;MEASURED LATENCY;{'P3': 668}
1676838006.4170167;P1;APPLIED LATENCY;{"P3": 668}
1676838007.5363455;P1;MEASURED LATENCY;{'P2': 1787}
1676838009.6208355;P1;LOOKUP RECEIVED;[{"Message": "LOOKUP", "Destination": "P1", "Source": "P4", "Path": ["P4", "P2", "P1"]}]
1676838009.674196;P1;MESSAGE ROUTED;[{"Message": "LOOKUP", "Destination": "P2", "Source": "P3", "Path": ["P3", "P1"]}]
1676838009.7214227;P1;LOOKUP RECEIVED;[{"Message": "LOOKUP", "Destination": "P1", "Source": "P3", "Path": ["P3", "P1"]}]
1676838010.058419;P1;MESSAGE ROUTED;[{"Message": "LOOKUP", "Destination": "P3", "Source": "P2", "Path": ["P2", "P1"]}]
1676838010.0587606;P1;LOOKUP RECEIVED;[{"Message": "LOOKUP", "Destination": "P1", "Source": "P2", "Path": ["P2", "P1"]}]
1676838011.5414565;P1;MEASURED LATENCY;{'P3': 788}
1676838011.555195;P1;MEASURED LATENCY;{'P2': 802}
1676838013.0794387;P1;LEAST COST PATH;{"P1": [], "P2": ["P1"], "P3": ["P1"], "P4": ["P3", "P2"]}
1676838015.456408;P1;MESSAGE ROUTED;[{"Message": "LOOKUP", "Destination": "P4", "Source": "P1", "Path": ["P1"]}]
1676838015.457523;P1;TOPOLOGY UPDATE;{"P1": {"P2": 361, "P3": 325}, "P2": {"P4": 771, "P1": 361}, "P3": {"P4": 846, "P1": 325}, "P4": {"P2": 771, "P3": 846}}
1676838015.4616904;P1;LOOKUP SENT;{"Peer": "P4", "Relay": "P3"}
1676838015.464407;P1;MESSAGE ROUTED;[{"Message": "LOOKUP", "Destination": "P2", "Source": "P1", "Path": ["P1"]}]
1676838015.4668498;P1;LOOKUP SENT;{"Peer": "P2", "Relay": "P2"}
1676838015.4696786;P1;MESSAGE ROUTED;[{"Message": "LOOKUP", "Destination": "P3", "Source": "P1", "Path": ["P1"]}]
1676838015.4701886;P1;LOOKUP SENT;{"Peer": "P3", "Relay": "P3"}
1676838015.8677366;P1;MEASURED LATENCY;{'P3': 88}
1676838015.9219527;P1;MEASURED LATENCY;{'P2': 142}
1676838016.4725885;P1;LEAST COST PATH;{"P1": [], "P2": ["P1"], "P3": ["P1"], "P4": ["P3", "P2"]}
1676838016.5681732;P1;LOOKUP RECEIVED;[{"Message": "LOOKUP", "Destination": "P1", "Source": "P4", "Path": ["P4", "P2", "P1"]}]
1676838019.7047162;P1;MESSAGE ROUTED;[{"Message": "LOOKUP", "Destination": "P2", "Source": "P3", "Path": ["P3", "P1"]}]
1676838020.0823214;P1;MESSAGE ROUTED;[{"Message": "LOOKUP", "Destination": "P3", "Source": "P2", "Path": ["P2", "P1"]}]
1676838020.1470613;P1;LOOKUP RECEIVED;[{"Message": "LOOKUP", "Destination": "P1", "Source": "P2", "Path": ["P2", "P1"]}]
1676838021.2100222;P1;LEAST COST PATH;{"P1": [], "P2": ["P1"], "P3": ["P1"], "P4": ["P3", "P2"]}
1676838021.4886277;P1;MEASURED LATENCY;{'P3': 688}
1676838022.65829;P1;MEASURED LATENCY;{'P2': 1857}
1676838023.6762545;P1;LOOKUP RECEIVED;[{"Message": "LOOKUP", "Destination": "P1", "Source": "P4", "Path": ["P4", "P2", "P1"]}]
1676838025.896804;P1;MEASURED LATENCY;{'P3': 87}
1676838025.9334288;P1;MEASURED LATENCY;{'P2': 123}
1676838027.4828172;P1;MESSAGE ROUTED;[{"Message": "LOOKUP", "Destination": "P4", "Source": "P1", "Path": ["P1"]}]
1676838027.4836223;P1;LOOKUP SENT;{"Peer": "P4", "Relay": "P3"}
1676838027.4857137;P1;MESSAGE ROUTED;[{"Message": "LOOKUP", "Destination": "P2", "Source": "P1", "Path": ["P1"]}]
1676838027.4867172;P1;LOOKUP SENT;{"Peer": "P2", "Relay": "P2"}
1676838027.4891028;P1;MESSAGE ROUTED;[{"Message": "LOOKUP", "Destination": "P3", "Source": "P1", "Path": ["P1"]}]
1676838027.4900854;P1;LOOKUP SENT;{"Peer": "P3", "Relay": "P3"}
1676838027.7070484;P1;MESSAGE ROUTED;[{"Message": "LOOKUP", "Destination": "P2", "Source": "P3", "Path": ["P3", "P1"]}]
1676838028.20373;P1;TOPOLOGY UPDATE;{"P1": {"P2": 220, "P3": 325}, "P2": {"P4": 355, "P1": 220}, "P3": {"P4": 846, "P1": 325}, "P4": {"P2": 355, "P3": 846}}
1676838028.6762817;P1;LOOKUP RECEIVED;[{"Message": "LOOKUP", "Destination": "P1", "Source": "P4", "Path": ["P4", "P2", "P1"]}]
1676838030.4837542;P1;TOPOLOGY UPDATE;{"P1": {"P2": 220, "P3": 325}, "P2": {"P4": 355, "P1": 220}, "P3": {"P4": 846, "P1": 325}, "P4": {"P2": 355, "P3": 846}}
1676838030.8934796;P1;MEASURED LATENCY;{'P3': 79}
1676838030.93891;P1;MEASURED LATENCY;{'P2': 125}
1676838033.0871217;P1;MESSAGE ROUTED;[{"Message": "LOOKUP", "Destination": "P3", "Source": "P2", "Path": ["P2", "P1"]}]
1676838035.907653;P1;MEASURED LATENCY;{'P3': 91}
1676838035.941986;P1;MEASURED LATENCY;{'P2': 125}
1676838036.3080878;P1;LEAST COST PATH;{"P1": [], "P2": ["P1"], "P3": ["P1"], "P4": ["P3", "P2"]}
1676838037.6247714;P1;LOOKUP RECEIVED;[{"Message": "LOOKUP", "Destination": "P1", "Source": "P4", "Path": ["P4", "P2", "P1"]}]
1676838038.5103335;P1;MESSAGE ROUTED;[{"Message": "LOOKUP", "Destination": "P4", "Source": "P1", "Path": ["P1"]}]
1676838038.5129395;P1;LOOKUP SENT;{"Peer": "P4", "Relay": "P3"}
1676838038.5177605;P1;MESSAGE ROUTED;[{"Message": "LOOKUP", "Destination": "P2", "Source": "P1", "Path": ["P1"]}]
1676838038.5228853;P1;LOOKUP SENT;{"Peer": "P2", "Relay": "P2"}
1676838038.5263765;P1;MESSAGE ROUTED;[{"Message": "LOOKUP", "Destination": "P3", "Source": "P1", "Path": ["P1"]}]
1676838038.5298595;P1;LOOKUP SENT;{"Peer": "P3", "Relay": "P3"}
1676838039.1036813;P1;MESSAGE ROUTED;[{"Message": "LOOKUP", "Destination": "P3", "Source": "P2", "Path": ["P2", "P1"]}]
1676838039.108726;P1;LOOKUP RECEIVED;[{"Message": "LOOKUP", "Destination": "P1", "Source": "P2", "Path": ["P2", "P1"]}]
1676838040.7167916;P1;MESSAGE ROUTED;[{"Message": "LOOKUP", "Destination": "P2", "Source": "P3", "Path": ["P3", "P1"]}]
1676838040.7665138;P1;LOOKUP RECEIVED;[{"Message": "LOOKUP", "Destination": "P1", "Source": "P3", "Path": ["P3", "P1"]}]
1676838040.9065094;P1;MEASURED LATENCY;{'P3': 81}
1676838040.9360306;P1;MEASURED LATENCY;{'P2': 111}
1676838045.4624274;P1;LEAST COST PATH;{"P1": [], "P2": ["P1"], "P3": ["P1"], "P4": ["P3", "P2"]}
1676838045.9139214;P1;MEASURED LATENCY;{'P3': 80}
1676838045.944796;P1;MEASURED LATENCY;{'P2': 111}
1676838047.5412438;P1;MESSAGE ROUTED;[{"Message": "LOOKUP", "Destination": "P4", "Source": "P1", "Path": ["P1"]}]
1676838047.5418317;P1;LOOKUP SENT;{"Peer": "P4", "Relay": "P3"}
1676838047.5442133;P1;MESSAGE ROUTED;[{"Message": "LOOKUP", "Destination": "P2", "Source": "P1", "Path": ["P1"]}]
1676838047.544361;P1;LOOKUP SENT;{"Peer": "P2", "Relay": "P2"}
1676838047.5452888;P1;MESSAGE ROUTED;[{"Message": "LOOKUP", "Destination": "P3", "Source": "P1", "Path": ["P1"]}]
1676838047.5454617;P1;LOOKUP SENT;{"Peer": "P3", "Relay": "P3"}
1676838049.139294;P1;MESSAGE ROUTED;[{"Message": "LOOKUP", "Destination": "P3", "Source": "P2", "Path": ["P2", "P1"]}]
1676838049.1663241;P1;LOOKUP RECEIVED;[{"Message": "LOOKUP", "Destination": "P1", "Source": "P2", "Path": ["P2", "P1"]}]
1676838049.6836085;P1;LOOKUP RECEIVED;[{"Message": "LOOKUP", "Destination": "P1", "Source": "P4", "Path": ["P4", "P2", "P1"]}]
1676838050.93454;P1;MEASURED LATENCY;{'P3': 93}
1676838050.9551125;P1;MEASURED LATENCY;{'P2': 113}
1676838050.9564795;P1;APPLIED LATENCY;{"P2": 113}
1676838051.5044034;P1;TOPOLOGY UPDATE;{"P1": {"P2": 220, "P3": 325}, "P2": {"P4": 355, "P1": 220}, "P3": {"P4": 846, "P1": 325}, "P4": {"P2": 355, "P3": 846}}
1676838052.0153136;P1;MESSAGE ROUTED;[{"Message": "LOOKUP", "Destination": "P2", "Source": "P3", "Path": ["P3", "P1"]}]
1676838053.5865402;P1;MESSAGE ROUTED;[{"Message": "LOOKUP", "Destination": "P4", "Source": "P1", "Path": ["P1"]}]
1676838053.5880828;P1;LOOKUP SENT;{"Peer": "P4", "Relay": "P3"}
1676838053.5890296;P1;MESSAGE ROUTED;[{"Message": "LOOKUP", "Destination": "P2", "Source": "P1", "Path": ["P1"]}]
1676838053.5897307;P1;LOOKUP SENT;{"Peer": "P2", "Relay": "P2"}
1676838053.590848;P1;MESSAGE ROUTED;[{"Message": "LOOKUP", "Destination": "P3", "Source": "P1", "Path": ["P1"]}]
1676838053.5914018;P1;LOOKUP SENT;{"Peer": "P3", "Relay": "P3"}
1676838056.7820766;P1;MEASURED LATENCY;{'P3': 905}
1676838056.7832937;P1;APPLIED LATENCY;{"P3": 905}
1676838056.791838;P1;MEASURED LATENCY;{'P2': 915}
1676838058.2074301;P1;LEAST COST PATH;{"P1": [], "P2": ["P1"], "P3": ["P1"], "P4": ["P2"]}
1676838060.5259674;P1;LEAST COST PATH;{"P1": [], "P2": ["P1"], "P3": ["P1"], "P4": ["P2"]}
1676838060.649402;P1;MESSAGE ROUTED;[{"Message": "LOOKUP", "Destination": "P4", "Source": "P1", "Path": ["P1"]}]
1676838060.6499164;P1;LOOKUP SENT;{"Peer": "P4", "Relay": "P2"}
1676838060.6510584;P1;MESSAGE ROUTED;[{"Message": "LOOKUP", "Destination": "P2", "Source": "P1", "Path": ["P1"]}]
1676838060.6512818;P1;LOOKUP SENT;{"Peer": "P2", "Relay": "P2"}
1676838060.6522732;P1;MESSAGE ROUTED;[{"Message": "LOOKUP", "Destination": "P3", "Source": "P1", "Path": ["P1"]}]
1676838060.6534584;P1;LOOKUP SENT;{"Peer": "P3", "Relay": "P3"}
1676838060.7125902;P1;LOOKUP RECEIVED;[{"Message": "LOOKUP", "Destination": "P1", "Source": "P4", "Path": ["P4", "P2", "P1"]}]
1676838060.963804;P1;MEASURED LATENCY;{'P3': 81}
1676838061.0023453;P1;MEASURED LATENCY;{'P2': 119}
1676838062.1274147;P1;MESSAGE ROUTED;[{"Message": "LOOKUP", "Destination": "P3", "Source": "P2", "Path": ["P2", "P1"]}]
1676838062.1986005;P1;LOOKUP RECEIVED;[{"Message": "LOOKUP", "Destination": "P1", "Source": "P2", "Path": ["P2", "P1"]}]
1676838063.0341072;P1;MESSAGE ROUTED;[{"Message": "LOOKUP", "Destination": "P2", "Source": "P3", "Path": ["P3", "P1"]}]
1676838063.0791056;P1;LOOKUP RECEIVED;[{"Message": "LOOKUP", "Destination": "P1", "Source": "P3", "Path": ["P3", "P1"]}]
1676838067.471479;P1;MEASURED LATENCY;{'P2': 1548}
1676838071.5343084;P1;MEASURED LATENCY;{'P3': 604}
1676838071.6781156;P1;MEASURED LATENCY;{'P2': 748}
1676838072.233402;P1;MESSAGE ROUTED;[{"Message": "LOOKUP", "Destination": "P3", "Source": "P2", "Path": ["P2", "P1"]}]
1676838072.2341824;P1;LOOKUP RECEIVED;[{"Message": "LOOKUP", "Destination": "P1", "Source": "P2", "Path": ["P2", "P1"]}]
1676838072.6944208;P1;MESSAGE ROUTED;[{"Message": "LOOKUP", "Destination": "P4", "Source": "P1", "Path": ["P1"]}]
1676838072.6950066;P1;LOOKUP SENT;{"Peer": "P4", "Relay": "P2"}
1676838072.696194;P1;MESSAGE ROUTED;[{"Message": "LOOKUP", "Destination": "P2", "Source": "P1", "Path": ["P1"]}]
1676838072.696308;P1;LOOKUP SENT;{"Peer": "P2", "Relay": "P2"}
1676838072.697401;P1;MESSAGE ROUTED;[{"Message": "LOOKUP", "Destination": "P3", "Source": "P1", "Path": ["P1"]}]
1676838072.6978242;P1;LOOKUP SENT;{"Peer": "P3", "Relay": "P3"}
1676838073.0754268;P1;MESSAGE ROUTED;[{"Message": "LOOKUP", "Destination": "P2", "Source": "P3", "Path": ["P3", "P1"]}]
1676838073.3170946;P1;TOPOLOGY UPDATE;{"P1": {"P2": 192, "P3": 245}, "P2": {"P4": 318, "P1": 192}, "P3": {"P4": 1136, "P1": 245}, "P4": {"P2": 318, "P3": 1136}}
1676838075.8258312;P1;LOOKUP RECEIVED;[{"Message": "LOOKUP", "Destination": "P1", "Source": "P4", "Path": ["P4", "P2", "P1"]}]
1676838076.0262935;P1;MEASURED LATENCY;{'P3': 85}
1676838076.0370924;P1;TOPOLOGY UPDATE;{"P1": {"P2": 192, "P3": 245}, "P2": {"P4": 318, "P1": 192}, "P3": {"P4": 1136, "P1": 245}, "P4": {"P2": 318, "P3": 1136}}
1676838076.051883;P1;MEASURED LATENCY;{'P2': 111}
1676838081.1594079;P1;MEASURED LATENCY;{'P3': 101}
1676838081.190006;P1;MEASURED LATENCY;{'P2': 132}
1676838081.60937;P1;LEAST COST PATH;{"P1": [], "P2": ["P1"], "P3": ["P1"], "P4": ["P2"]}
1676838082.2408533;P1;MESSAGE ROUTED;[{"Message": "LOOKUP", "Destination": "P3", "Source": "P2", "Path": ["P2", "P1"]}]
1676838082.2594535;P1;LOOKUP RECEIVED;[{"Message": "LOOKUP", "Destination": "P1", "Source": "P2", "Path": ["P2", "P1"]}]
1676838086.098287;P1;MESSAGE ROUTED;[{"Message": "LOOKUP", "Destination": "P2", "Source": "P3", "Path": ["P3", "P1"]}]
1676838086.136472;P1;LOOKUP RECEIVED;[{"Message": "LOOKUP", "Destination": "P1", "Source": "P3", "Path": ["P3", "P1"]}]
1676838086.165142;P1;MEASURED LATENCY;{'P3': 97}
1676838086.2425823;P1;MEASURED LATENCY;{'P2': 175}
1676838086.7713223;P1;MESSAGE ROUTED;[{"Message": "LOOKUP", "Destination": "P4", "Source": "P1", "Path": ["P1"]}]
1676838086.772363;P1;LOOKUP SENT;{"Peer": "P4", "Relay": "P2"}
1676838086.774027;P1;MESSAGE ROUTED;[{"Message": "LOOKUP", "Destination": "P2", "Source": "P1", "Path": ["P1"]}]
1676838086.7746956;P1;LOOKUP SENT;{"Peer": "P2", "Relay": "P2"}
1676838086.7763157;P1;MESSAGE ROUTED;[{"Message": "LOOKUP", "Destination": "P3", "Source": "P1", "Path": ["P1"]}]
1676838086.7772748;P1;LOOKUP SENT;{"Peer": "P3", "Relay": "P3"}
1676838090.2836716;P1;MESSAGE ROUTED;[{"Message": "LOOKUP", "Destination": "P3", "Source": "P2", "Path": ["P2", "P1"]}]
1676838090.290381;P1;LOOKUP RECEIVED;[{"Message": "LOOKUP", "Destination": "P1", "Source": "P2", "Path": ["P2", "P1"]}]
1676838090.8193686;P1;LOOKUP RECEIVED;[{"Message": "LOOKUP", "Destination": "P1", "Source": "P4", "Path": ["P4", "P2", "P1"]}]
1676838091.160718;P1;MEASURED LATENCY;{'P3': 87}
1676838091.192209;P1;MEASURED LATENCY;{'P2': 118}
1676838095.812983;P1;MESSAGE ROUTED;[{"Message": "LOOKUP", "Destination": "P4", "Source": "P1", "Path": ["P1"]}]
1676838095.8131268;P1;LOOKUP SENT;{"Peer": "P4", "Relay": "P2"}
1676838095.8132992;P1;MESSAGE ROUTED;[{"Message": "LOOKUP", "Destination": "P2", "Source": "P1", "Path": ["P1"]}]
1676838095.8133407;P1;LOOKUP SENT;{"Peer": "P2", "Relay": "P2"}
1676838095.8134804;P1;MESSAGE ROUTED;[{"Message": "LOOKUP", "Destination": "P3", "Source": "P1", "Path": ["P1"]}]
1676838095.8135326;P1;LOOKUP SENT;{"Peer": "P3", "Relay": "P3"}
1676838096.8458;P1;TOPOLOGY UPDATE;{"P1": {"P2": 192, "P3": 245}, "P2": {"P4": 318, "P1": 192}, "P3": {"P4": 1136, "P1": 245}, "P4": {"P2": 318, "P3": 1136}}
1676838099.415537;P1;MESSAGE ROUTED;[{"Message": "LOOKUP", "Destination": "P2", "Source": "P3", "Path": ["P3", "P1"]}]
1676838099.4524298;P1;MEASURED LATENCY;{'P3': 3368}
1676838099.5360725;P1;MEASURED LATENCY;{'P2': 3452}
1676838099.9729185;P1;LOOKUP RECEIVED;[{"Message": "LOOKUP", "Destination": "P1", "Source": "P4", "Path": ["P4", "P2", "P1"]}]
1676838101.1781323;P1;MEASURED LATENCY;{'P3': 83}
1676838101.2170796;P1;MEASURED LATENCY;{'P2': 122}
1676838101.2194939;P1;APPLIED LATENCY;{"P2": 122}
1676838103.3292916;P1;LEAST COST PATH;{"P1": [], "P2": ["P1"], "P3": ["P1"], "P4": ["P2"]}
1676838105.3578286;P1;MESSAGE ROUTED;[{"Message": "LOOKUP", "Destination": "P3", "Source": "P2", "Path": ["P2", "P1"]}]
1676838106.0596704;P1;LEAST COST PATH;{"P1": [], "P2": ["P1"], "P3": ["P1"], "P4": ["P2"]}
1676838106.1934958;P1;MEASURED LATENCY;{'P3': 88}
1676838106.2450647;P1;MEASURED LATENCY;{'P2': 140}
1676838109.8296056;P1;MESSAGE ROUTED;[{"Message": "LOOKUP", "Destination": "P4", "Source": "P1", "Path": ["P1"]}]
1676838109.8306582;P1;LOOKUP SENT;{"Peer": "P4", "Relay": "P2"}
1676838109.8315713;P1;MESSAGE ROUTED;[{"Message": "LOOKUP", "Destination": "P2", "Source": "P1", "Path": ["P1"]}]
1676838109.831694;P1;LOOKUP SENT;{"Peer": "P2", "Relay": "P2"}
1676838109.8340087;P1;MESSAGE ROUTED;[{"Message": "LOOKUP", "Destination": "P3", "Source": "P1", "Path": ["P1"]}]
1676838109.834174;P1;LOOKUP SENT;{"Peer": "P3", "Relay": "P3"}
1676838110.1421998;P1;MESSAGE ROUTED;[{"Message": "LOOKUP", "Destination": "P2", "Source": "P3", "Path": ["P3", "P1"]}]
1676838110.1903532;P1;LOOKUP RECEIVED;[{"Message": "LOOKUP", "Destination": "P1", "Source": "P3", "Path": ["P3", "P1"]}]
1676838111.1981924;P1;MEASURED LATENCY;{'P3': 79}
1676838111.1988056;P1;APPLIED LATENCY;{"P3": 79}
1676838111.2351744;P1;MEASURED LATENCY;{'P2': 116}
1676838113.871142;P1;LOOKUP RECEIVED;[{"Message": "LOOKUP", "Destination": "P1", "Source": "P4", "Path": ["P4", "P2", "P1"]}]
1676838115.3829322;P1;MESSAGE ROUTED;[{"Message": "LOOKUP", "Destination": "P3", "Source": "P2", "Path": ["P2", "P1"]}]
1676838115.8398178;P1;MESSAGE ROUTED;[{"Message": "LOOKUP", "Destination": "P4", "Source": "P1", "Path": ["P1"]}]
1676838115.841674;P1;LOOKUP SENT;{"Peer": "P4", "Relay": "P2"}
1676838115.8429081;P1;MESSAGE ROUTED;[{"Message": "LOOKUP", "Destination": "P2", "Source": "P1", "Path": ["P1"]}]
1676838115.8441207;P1;LOOKUP SENT;{"Peer": "P2", "Relay": "P2"}
1676838115.8478904;P1;MESSAGE ROUTED;[{"Message": "LOOKUP", "Destination": "P3", "Source": "P1", "Path": ["P1"]}]
1676838115.8486702;P1;LOOKUP SENT;{"Peer": "P3", "Relay": "P3"}
1676838116.7171357;P1;MEASURED LATENCY;{'P3': 527}
1676838118.828496;P1;MEASURED LATENCY;{'P2': 2638}
1676838121.4583228;P1;MEASURED LATENCY;{'P3': 117}
1676838121.4792044;P1;MEASURED LATENCY;{'P2': 138}
1676838124.4809165;P1;MESSAGE ROUTED;[{"Message": "LOOKUP", "Destination": "P2", "Source": "P3", "Path": ["P3", "P1"]}]
1676838124.4856498;P1;LOOKUP RECEIVED;[{"Message": "LOOKUP", "Destination": "P1", "Source": "P3", "Path": ["P3", "P1"]}]
1676838124.4881887;P1;MESSAGE ROUTED;[{"Message": "LOOKUP", "Destination": "P3", "Source": "P2", "Path": ["P2", "P1"]}]
1676838124.488384;P1;LOOKUP RECEIVED;[{"Message": "LOOKUP", "Destination": "P1", "Source": "P2", "Path": ["P2", "P1"]}]
1676838125.9288957;P1;LOOKUP RECEIVED;[{"Message": "LOOKUP", "Destination": "P1", "Source": "P4", "Path": ["P4", "P2", "P1"]}]
1676838126.8094425;P1;TOPOLOGY UPDATE;{"P1": {"P2": 173, "P3": 463}, "P2": {"P4": 597, "P1": 173}, "P3": {"P4": 1136, "P1": 463}, "P4": {"P2": 597, "P3": 1136}}
1676838126.8542075;P1;LEAST COST PATH;{"P1": [], "P2": ["P1"], "P3": ["P1"], "P4": ["P2"]}
1676838127.1398685;P1;MEASURED LATENCY;{'P3': 767}
1676838128.36615;P1;MEASURED LATENCY;{'P2': 1993}
1676838130.863949;P1;MESSAGE ROUTED;[{"Message": "LOOKUP", "Destination": "P4", "Source": "P1", "Path": ["P1"]}]
1676838130.8654518;P1;LOOKUP SENT;{"Peer": "P4", "Relay": "P2"}
1676838130.867224;P1;MESSAGE ROUTED;[{"Message": "LOOKUP", "Destination": "P2", "Source": "P1", "Path": ["P1"]}]
1676838130.8674605;P1;LOOKUP SENT;{"Peer": "P2", "Relay": "P2"}
1676838130.8692153;P1;MESSAGE ROUTED;[{"Message": "LOOKUP", "Destination": "P3", "Source": "P1", "Path": ["P1"]}]
1676838130.870752;P1;LOOKUP SENT;{"Peer": "P3", "Relay": "P3"}
1676838130.9416888;P1;LOOKUP RECEIVED;[{"Message": "LOOKUP", "Destination": "P1", "Source": "P4", "Path": ["P4", "P2", "P1"]}]
1676838131.8358803;P1;MEASURED LATENCY;{'P3': 96}
1676838131.8671114;P1;MEASURED LATENCY;{'P2': 127}
1676838132.4382746;P1;MESSAGE ROUTED;[{"Message": "LOOKUP", "Destination": "P3", "Source": "P2", "Path": ["P2", "P1"]}]
1676838132.5123425;P1;LOOKUP RECEIVED;[{"Message": "LOOKUP", "Destination": "P1", "Source": "P2", "Path": ["P2", "P1"]}]
1676838133.4671724;P1;TOPOLOGY UPDATE;{"P1": {"P2": 173, "P3": 463}, "P2": {"P4": 597, "P1": 173}, "P3": {"P4": 1136, "P1": 463}, "P4": {"P2": 597, "P3": 1136}}
1676838136.1375508;P1;TOPOLOGY UPDATE;{"P1": {"P2": 173, "P3": 463}, "P2": {"P4": 597, "P1": 173}, "P3": {"P4": 1136, "P1": 463}, "P4": {"P2": 597, "P3": 1136}}
1676838136.8428445;P1;MEASURED LATENCY;{'P3': 86}
1676838136.8756642;P1;MEASURED LATENCY;{'P2': 119}
1676838137.2231927;P1;MESSAGE ROUTED;[{"Message": "LOOKUP", "Destination": "P2", "Source": "P3", "Path": ["P3", "P1"]}]
1676838137.2248209;P1;LOOKUP RECEIVED;[{"Message": "LOOKUP", "Destination": "P1", "Source": "P3", "Path": ["P3", "P1"]}]
1676838141.9332774;P1;MESSAGE ROUTED;[{"Message": "LOOKUP", "Destination": "P4", "Source": "P1", "Path": ["P1"]}]
1676838141.9432986;P1;LOOKUP SENT;{"Peer": "P4", "Relay": "P2"}
1676838141.9510682;P1;MESSAGE ROUTED;[{"Message": "LOOKUP", "Destination": "P2", "Source": "P1", "Path": ["P1"]}]
1676838141.9723952;P1;LOOKUP SENT;{"Peer": "P2", "Relay": "P2"}
1676838141.9807837;P1;MESSAGE ROUTED;[{"Message": "LOOKUP", "Destination": "P3", "Source": "P1", "Path": ["P1"]}]
1676838141.9828339;P1;LOOKUP SENT;{"Peer": "P3", "Relay": "P3"}
1676838145.2670262;P1;MESSAGE ROUTED;[{"Message": "LOOKUP", "Destination": "P3", "Source": "P2", "Path": ["P2", "P1"]}]
1676838145.2682943;P1;LOOKUP RECEIVED;[{"Message": "LOOKUP", "Destination": "P1", "Source": "P3", "Path": ["P3", "P1"]}]
1676838145.2918792;P1;MEASURED LATENCY;{'P3': 3527}
1676838145.2998307;P1;MEASURED LATENCY;{'P2': 3535}
1676838145.3742397;P1;LOOKUP RECEIVED;[{"Message": "LOOKUP", "Destination": "P1", "Source": "P4", "Path": ["P4", "P2", "P1"]}]
1676838145.4739418;P1;MESSAGE ROUTED;[{"Message": "LOOKUP", "Destination": "P3", "Source": "P2", "Path": ["P2", "P1"]}]
1676838146.8538702;P1;MEASURED LATENCY;{'P3': 80}
1676838146.8884833;P1;MEASURED LATENCY;{'P2': 114}
1676838149.9946227;P1;LOOKUP RECEIVED;[{"Message": "LOOKUP", "Destination": "P1", "Source": "P4", "Path": ["P4", "P2", "P1"]}]
1676838151.871762;P1;MEASURED LATENCY;{'P3': 89}
1676838151.9015336;P1;MEASURED LATENCY;{'P2': 119}
1676838151.901854;P1;APPLIED LATENCY;{"P2": 119}
1676838156.354128;P1;MESSAGE ROUTED;[{"Message": "LOOKUP", "Destination": "P2", "Source": "P3", "Path": ["P3", "P1"]}]
1676838156.4015927;P1;LOOKUP RECEIVED;[{"Message": "LOOKUP", "Destination": "P1", "Source": "P3", "Path": ["P3", "P1"]}]
1676838156.8378575;P1;LEAST COST PATH;{"P1": [], "P2": ["P1"], "P3": ["P1"], "P4": ["P2"]}
1676838156.8854618;P1;MEASURED LATENCY;{'P3': 90}
1676838156.909257;P1;MEASURED LATENCY;{'P2': 114}
1676838157.0234802;P1;MESSAGE ROUTED;[{"Message": "LOOKUP", "Destination": "P4", "Source": "P1", "Path": ["P1"]}]
1676838157.023678;P1;LOOKUP SENT;{"Peer": "P4", "Relay": "P2"}
1676838157.0247905;P1;MESSAGE ROUTED;[{"Message": "LOOKUP", "Destination": "P2", "Source": "P1", "Path": ["P1"]}]
1676838157.02494;P1;LOOKUP SENT;{"Peer": "P2", "Relay": "P2"}
1676838157.0260303;P1;MESSAGE ROUTED;[{"Message": "LOOKUP", "Destination": "P3", "Source": "P1", "Path": ["P1"]}]
1676838157.0262764;P1;LOOKUP SENT;{"Peer": "P3", "Relay": "P3"}
1676838157.5246947;P1;LOOKUP RECEIVED;[{"Message": "LOOKUP", "Destination": "P1", "Source": "P2", "Path": ["P2", "P1"]}]
1676838159.992073;P1;LOOKUP RECEIVED;[{"Message": "LOOKUP", "Destination": "P1", "Source": "P4", "Path": ["P4", "P2", "P1"]}]
1676838161.8786507;P1;MEASURED LATENCY;{'P3': 78}
1676838161.878933;P1;APPLIED LATENCY;{"P3": 78}
1676838161.912165;P1;MEASURED LATENCY;{'P2': 111}
1676838163.4719102;P1;LEAST COST PATH;{"P1": [], "P2": ["P1"], "P3": ["P1"], "P4": ["P2"]}
1676838165.0382283;P1;MESSAGE ROUTED;[{"Message": "LOOKUP", "Destination": "P4", "Source": "P1", "Path": ["P1"]}]
1676838165.0389843;P1;LOOKUP SENT;{"Peer": "P4", "Relay": "P2"}
1676838165.039856;P1;MESSAGE ROUTED;[{"Message": "LOOKUP", "Destination": "P2", "Source": "P1", "Path": ["P1"]}]
1676838165.040303;P1;LOOKUP SENT;{"Peer": "P2", "Relay": "P2"}
1676838165.0414402;P1;MESSAGE ROUTED;[{"Message": "LOOKUP", "Destination": "P3", "Source": "P1", "Path": ["P1"]}]
1676838165.041524;P1;LOOKUP SENT;{"Peer": "P3", "Relay": "P3"}
1676838166.2467117;P1;LEAST COST PATH;{"P1": [], "P2": ["P1"], "P3": ["P1"], "P4": ["P2"]}
1676838166.9400976;P1;MEASURED LATENCY;{'P3': 86}
1676838166.970888;P1;MEASURED LATENCY;{'P2': 117}
1676838167.04731;P1;LOOKUP RECEIVED;[{"Message": "LOOKUP", "Destination": "P1", "Source": "P4", "Path": ["P4", "P2", "P1"]}]
1676838167.5303986;P1;LOOKUP RECEIVED;[{"Message": "LOOKUP", "Destination": "P1", "Source": "P2", "Path": ["P2", "P1"]}]
1676838172.0089576;P1;TOPOLOGY UPDATE;{"P1": {"P2": 173, "P3": 555}, "P2": {"P4": 597, "P1": 173}, "P3": {"P4": 2524, "P1": 555}, "P4": {"P2": 597, "P3": 2524}}
1676838172.4820132;P1;MESSAGE ROUTED;[{"Message": "LOOKUP", "Destination": "P2", "Source": "P3", "Path": ["P3", "P1"]}]
1676838172.4860568;P1;LOOKUP RECEIVED;[{"Message": "LOOKUP", "Destination": "P1", "Source": "P3", "Path": ["P3", "P1"]}]
1676838172.5189593;P1;MEASURED LATENCY;{'P3': 653}
1676838173.5383594;P1;MEASURED LATENCY;{'P2': 1672}
1676838174.050401;P1;MESSAGE ROUTED;[{"Message": "LOOKUP", "Destination": "P4", "Source": "P1", "Path": ["P1"]}]
1676838174.0508764;P1;LOOKUP SENT;{"Peer": "P4", "Relay": "P2"}
1676838174.0520577;P1;MESSAGE ROUTED;[{"Message": "LOOKUP", "Destination": "P2", "Source": "P1", "Path": ["P1"]}]
1676838174.0521593;P1;LOOKUP SENT;{"Peer": "P2", "Relay": "P2"}
1676838174.0531144;P1;MESSAGE ROUTED;[{"Message": "LOOKUP", "Destination": "P3", "Source": "P1", "Path": ["P1"]}]
1676838174.0532568;P1;LOOKUP SENT;{"Peer": "P3", "Relay": "P3"}
1676838176.534106;P1;LOOKUP RECEIVED;[{"Message": "LOOKUP", "Destination": "P1", "Source": "P2", "Path": ["P2", "P1"]}]
1676838176.9476097;P1;MEASURED LATENCY;{'P3': 78}
1676838176.9837484;P1;MEASURED LATENCY;{'P2': 114}
1676838179.1614432;P1;MESSAGE ROUTED;[{"Message": "LOOKUP", "Destination": "P4", "Source": "P1", "Path": ["P1"]}]
1676838179.1618667;P1;LOOKUP SENT;{"Peer": "P4", "Relay": "P2"}
1676838179.1630366;P1;MESSAGE ROUTED;[{"Message": "LOOKUP", "Destination": "P2", "Source": "P1", "Path": ["P1"]}]
1676838179.163309;P1;LOOKUP SENT;{"Peer": "P2", "Relay": "P2"}
1676838179.163793;P1;MESSAGE ROUTED;[{"Message": "LOOKUP", "Destination": "P3", "Source": "P1", "Path": ["P1"]}]
1676838179.16408;P1;LOOKUP SENT;{"Peer": "P3", "Relay": "P3"}
1676838179.3876188;P1;MESSAGE ROUTED;[{"Message": "LOOKUP", "Destination": "P2", "Source": "P3", "Path": ["P3", "P1"]}]
1676838179.4286432;P1;LOOKUP RECEIVED;[{"Message": "LOOKUP", "Destination": "P1", "Source": "P3", "Path": ["P3", "P1"]}]
1676838180.0414114;P1;LOOKUP RECEIVED;[{"Message": "LOOKUP", "Destination": "P1", "Source": "P4", "Path": ["P4", "P2", "P1"]}]
1676838181.7426817;P1;TOPOLOGY UPDATE;{"P1": {"P2": 173, "P3": 555}, "P2": {"P4": 597, "P1": 173}, "P3": {"P4": 2524, "P1": 555}, "P4": {"P2": 597, "P3": 2524}}
1676838181.9661634;P1;MEASURED LATENCY;{'P3': 88}
1676838181.993325;P1;MEASURED LATENCY;{'P2': 115}
1676838186.0424907;P1;LOOKUP RECEIVED;[{"Message": "LOOKUP", "Destination": "P1", "Source": "P4", "Path": ["P4", "P2", "P1"]}]
1676838186.5447044;P1;LOOKUP RECEIVED;[{"Message": "LOOKUP", "Destination": "P1", "Source": "P2", "Path": ["P2", "P1"]}]
1676838186.9608603;P1;MEASURED LATENCY;{'P3': 76}
1676838186.9958313;P1;MEASURED LATENCY;{'P2': 111}
1676838188.175054;P1;MESSAGE ROUTED;[{"Message": "LOOKUP", "Destination": "P4", "Source": "P1", "Path": ["P1"]}]
1676838188.1768346;P1;LOOKUP SENT;{"Peer": "P4", "Relay": "P2"}
1676838188.177825;P1;MESSAGE ROUTED;[{"Message": "LOOKUP", "Destination": "P2", "Source": "P1", "Path": ["P1"]}]
1676838188.1781714;P1;LOOKUP SENT;{"Peer": "P2", "Relay": "P2"}
1676838188.1792378;P1;MESSAGE ROUTED;[{"Message": "LOOKUP", "Destination": "P3", "Source": "P1", "Path": ["P1"]}]
1676838188.1793606;P1;LOOKUP SENT;{"Peer": "P3", "Relay": "P3"}
1676838190.394922;P1;MESSAGE ROUTED;[{"Message": "LOOKUP", "Destination": "P2", "Source": "P3", "Path": ["P3", "P1"]}]
1676838190.4416695;P1;LOOKUP RECEIVED;[{"Message": "LOOKUP", "Destination": "P1", "Source": "P3", "Path": ["P3", "P1"]}]
1676838191.56;P1;LOOKUP RECEIVED;[{"Message": "LOOKUP", "Destination": "P1", "Source": "P2", "Path": ["P2", "P1"]}]
1676838193.5283937;P1;TOPOLOGY UPDATE;{"P1": {"P2": 119, "P3": 555}, "P2": {"P4": 260, "P1": 119}, "P3": {"P4": 2524, "P1": 555}, "P4": {"P2": 260, "P3": 2524}}
1676838193.9589736;P1;MEASURED LATENCY;{'P3': 2064}
1676838193.9782147;P1;MEASURED LATENCY;{'P2': 2083}
1676838193.993758;P1;LOOKUP RECEIVED;[{"Message": "LOOKUP", "Destination": "P1", "Source": "P4", "Path": ["P4", "P2", "P1"]}]
1676838197.006633;P1;MEASURED LATENCY;{'P3': 96}
1676838197.0246572;P1;MEASURED LATENCY;{'P2': 114}
1676838198.105394;P1;LOOKUP RECEIVED;[{"Message": "LOOKUP", "Destination": "P1", "Source": "P4", "Path": ["P4", "P2", "P1"]}]
1676838198.4180226;P1;MESSAGE ROUTED;[{"Message": "LOOKUP", "Destination": "P2", "Source": "P3", "Path": ["P3", "P1"]}]
1676838198.4187777;P1;LOOKUP RECEIVED;[{"Message": "LOOKUP", "Destination": "P1", "Source": "P3", "Path": ["P3", "P1"]}]
1676838200.5610845;P1;LOOKUP RECEIVED;[{"Message": "LOOKUP", "Destination": "P1", "Source": "P2", "Path": ["P2", "P1"]}]
1676838201.9624786;P1;TOPOLOGY UPDATE;{"P1": {"P2": 119, "P3": 555}, "P2": {"P4": 260, "P1": 119}, "P3": {"P4": 2524, "P1": 555}, "P4": {"P2": 260, "P3": 2524}}
1676838202.010772;P1;MEASURED LATENCY;{'P3': 94}
1676838202.0238106;P1;LEAST COST PATH;{"P1": [], "P2": ["P1"], "P3": ["P1"], "P4": ["P2"]}
1676838202.0386934;P1;MEASURED LATENCY;{'P2': 122}
1676838202.0392716;P1;APPLIED LATENCY;{"P2": 122}
1676838202.2101302;P1;MESSAGE ROUTED;[{"Message": "LOOKUP", "Destination": "P4", "Source": "P1", "Path": ["P1"]}]
1676838202.210338;P1;LOOKUP SENT;{"Peer": "P4", "Relay": "P2"}
1676838202.2106516;P1;MESSAGE ROUTED;[{"Message": "LOOKUP", "Destination": "P2", "Source": "P1", "Path": ["P1"]}]
1676838202.210732;P1;LOOKUP SENT;{"Peer": "P2", "Relay": "P2"}
1676838202.211277;P1;MESSAGE ROUTED;[{"Message": "LOOKUP", "Destination": "P3", "Source": "P1", "Path": ["P1"]}]
1676838202.2223756;P1;LOOKUP SENT;{"Peer": "P3", "Relay": "P3"}
1676838204.0683415;P1;LOOKUP RECEIVED;[{"Message": "LOOKUP", "Destination": "P1", "Source": "P4", "Path": ["P4", "P2", "P1"]}]
1676838207.0060854;P1;MEASURED LATENCY;{'P3': 84}
1676838209.1920345;P1;MEASURED LATENCY;{'P2': 2270}
1676838211.4356782;P1;MESSAGE ROUTED;[{"Message": "LOOKUP", "Destination": "P2", "Source": "P3", "Path": ["P3", "P1"]}]
1676838211.4367783;P1;LOOKUP RECEIVED;[{"Message": "LOOKUP", "Destination": "P1", "Source": "P3", "Path": ["P3", "P1"]}]
1676838211.7777896;P1;LEAST COST PATH;{"P1": [], "P2": ["P1"], "P3": ["P1"], "P4": ["P2"]}
1676838212.1274517;P1;MEASURED LATENCY;{'P3': 96}
1676838212.1277995;P1;APPLIED LATENCY;{"P3": 96}
1676838212.1599984;P1;MEASURED LATENCY;{'P2': 129}
1676838213.6586437;P1;LOOKUP RECEIVED;[{"Message": "LOOKUP", "Destination": "P1", "Source": "P2", "Path": ["P2", "P1"]}]
1676838215.2451327;P1;MESSAGE ROUTED;[{"Message": "LOOKUP", "Destination": "P4", "Source": "P1", "Path": ["P1"]}]
1676838215.2523015;P1;LOOKUP SENT;{"Peer": "P4", "Relay": "P2"}
1676838215.2540824;P1;MESSAGE ROUTED;[{"Message": "LOOKUP", "Destination": "P2", "Source": "P1", "Path": ["P1"]}]
1676838215.2545857;P1;LOOKUP SENT;{"Peer": "P2", "Relay": "P2"}
1676838215.255334;P1;MESSAGE ROUTED;[{"Message": "LOOKUP", "Destination": "P3", "Source": "P1", "Path": ["P1"]}]
1676838215.2558718;P1;LOOKUP SENT;{"Peer": "P3", "Relay": "P3"}
1676838217.024193;P1;TOPOLOGY UPDATE;{"P1": {"P2": 119, "P3": 563}, "P2": {"P4": 260, "P1": 119}, "P3": {"P4": 2524, "P1": 563}, "P4": {"P2": 260, "P3": 2524}}
1676838217.5865893;P1;MEASURED LATENCY;{'P3': 540}
1676838217.5936408;P1;MESSAGE ROUTED;[{"Message": "LOOKUP", "Destination": "P2", "Source": "P3", "Path": ["P3", "P1"]}]
1676838217.597872;P1;LOOKUP RECEIVED;[{"Message": "LOOKUP", "Destination": "P1", "Source": "P3", "Path": ["P3", "P1"]}]
1676838218.701002;P1;MEASURED LATENCY;{'P2': 1654}
1676838218.767235;P1;LOOKUP RECEIVED;[{"Message": "LOOKUP", "Destination": "P1", "Source": "P4", "Path": ["P4", "P2", "P1"]}]
1676838221.2620175;P1;MESSAGE ROUTED;[{"Message": "LOOKUP", "Destination": "P4", "Source": "P1", "Path": ["P1"]}]
1676838221.262813;P1;LOOKUP SENT;{"Peer": "P4", "Relay": "P2"}
1676838221.2638657;P1;MESSAGE ROUTED;[{"Message": "LOOKUP", "Destination": "P2", "Source": "P1", "Path": ["P1"]}]
1676838221.264206;P1;LOOKUP SENT;{"Peer": "P2", "Relay": "P2"}
1676838221.2648602;P1;MESSAGE ROUTED;[{"Message": "LOOKUP", "Destination": "P3", "Source": "P1", "Path": ["P1"]}]
1676838221.2653432;P1;LOOKUP SENT;{"Peer": "P3", "Relay": "P3"}
1676838222.129758;P1;MEASURED LATENCY;{'P3': 77}
1676838222.159314;P1;MEASURED LATENCY;{'P2': 106}
1676838222.673439;P1;LOOKUP RECEIVED;[{"Message": "LOOKUP", "Destination": "P1", "Source": "P2", "Path": ["P2", "P1"]}]
1676838223.544964;P1;LEAST COST PATH;{"P1": [], "P2": ["P1"], "P3": ["P1"], "P4": ["P2"]}
1676838224.4355237;P1;MESSAGE ROUTED;[{"Message": "LOOKUP", "Destination": "P2", "Source": "P3", "Path": ["P3", "P1"]}]
1676838224.484073;P1;LOOKUP RECEIVED;[{"Message": "LOOKUP", "Destination": "P1", "Source": "P3", "Path": ["P3", "P1"]}]
1676838226.582659;P1;TOPOLOGY UPDATE;{"P1": {"P2": 119, "P3": 563}, "P2": {"P4": 260, "P1": 119}, "P3": {"P4": 2524, "P1": 563}, "P4": {"P2": 260, "P3": 2524}}
1676838227.158546;P1;MEASURED LATENCY;{'P3': 100}
1676838227.183149;P1;MEASURED LATENCY;{'P2': 124}
1676838231.2767253;P1;MESSAGE ROUTED;[{"Message": "LOOKUP", "Destination": "P4", "Source": "P1", "Path": ["P1"]}]
1676838231.2775688;P1;LOOKUP SENT;{"Peer": "P4", "Relay": "P2"}
1676838231.2786708;P1;MESSAGE ROUTED;[{"Message": "LOOKUP", "Destination": "P2", "Source": "P1", "Path": ["P1"]}]
1676838231.2789843;P1;LOOKUP SENT;{"Peer": "P2", "Relay": "P2"}
1676838231.2801807;P1;MESSAGE ROUTED;[{"Message": "LOOKUP", "Destination": "P3", "Source": "P1", "Path": ["P1"]}]
1676838231.2803547;P1;LOOKUP SENT;{"Peer": "P3", "Relay": "P3"}
1676838231.9695904;P1;LEAST COST PATH;{"P1": [], "P2": ["P1"], "P3": ["P1"], "P4": ["P2"]}
1676838232.0889127;P1;LOOKUP RECEIVED;[{"Message": "LOOKUP", "Destination": "P1", "Source": "P4", "Path": ["P4", "P2", "P1"]}]
1676838232.147257;P1;MEASURED LATENCY;{'P3': 81}
1676838232.1803858;P1;MEASURED LATENCY;{'P2': 114}
1676838232.6807516;P1;LOOKUP RECEIVED;[{"Message": "LOOKUP", "Destination": "P1", "Source": "P2", "Path": ["P2", "P1"]}]
1676838235.4591248;P1;MESSAGE ROUTED;[{"Message": "LOOKUP", "Destination": "P2", "Source": "P3", "Path": ["P3", "P1"]}]
1676838235.499303;P1;LOOKUP RECEIVED;[{"Message": "LOOKUP", "Destination": "P1", "Source": "P3", "Path": ["P3", "P1"]}]
1676838238.5779982;P1;TOPOLOGY UPDATE;{"P1": {"P2": 123, "P3": 563}, "P2": {"P4": 522, "P1": 123}, "P3": {"P4": 2524, "P1": 563}, "P4": {"P2": 522, "P3": 2524}}
1676838239.0331593;P1;MEASURED LATENCY;{'P3': 1962}
1676838239.0337603;P1;LOOKUP RECEIVED;[{"Message": "LOOKUP", "Destination": "P1", "Source": "P4", "Path": ["P4", "P2", "P1"]}]
1676838239.033834;P1;MEASURED LATENCY;{'P2': 1963}
1676838239.700495;P1;LOOKUP RECEIVED;[{"Message": "LOOKUP", "Destination": "P1", "Source": "P2", "Path": ["P2", "P1"]}]
1676838241.2903566;P1;MESSAGE ROUTED;[{"Message": "LOOKUP", "Destination": "P4", "Source": "P1", "Path": ["P1"]}]
1676838241.291431;P1;LOOKUP SENT;{"Peer": "P4", "Relay": "P2"}
1676838241.2923064;P1;MESSAGE ROUTED;[{"Message": "LOOKUP", "Destination": "P2", "Source": "P1", "Path": ["P1"]}]
1676838241.2926764;P1;LOOKUP SENT;{"Peer": "P2", "Relay": "P2"}
1676838241.2930522;P1;MESSAGE ROUTED;[{"Message": "LOOKUP", "Destination": "P3", "Source": "P1", "Path": ["P1"]}]
1676838241.2931745;P1;LOOKUP SENT;{"Peer": "P3", "Relay": "P3"}
1676838242.1618814;P1;MEASURED LATENCY;{'P3': 83}
1676838242.1926324;P1;MEASURED LATENCY;{'P2': 114}
1676838247.0169368;P1;TOPOLOGY UPDATE;{"P1": {"P2": 123, "P3": 563}, "P2": {"P4": 522, "P1": 123}, "P3": {"P4": 1855, "P1": 563}, "P4": {"P2": 522, "P3": 1855}}
1676838247.0365345;P1;LEAST COST PATH;{"P1": [], "P2": ["P1"], "P3": ["P1"], "P4": ["P2"]}
1676838247.630317;P1;MEASURED LATENCY;{'P3': 545}
1676838247.6336775;P1;MESSAGE ROUTED;[{"Message": "LOOKUP", "Destination": "P2", "Source": "P3", "Path": ["P3", "P1"]}]
1676838247.634285;P1;LOOKUP RECEIVED;[{"Message": "LOOKUP", "Destination": "P1", "Source": "P3", "Path": ["P3", "P1"]}]
1676838248.7321563;P1;MEASURED LATENCY;{'P2': 1647}
1676838250.108565;P1;LOOKUP RECEIVED;[{"Message": "LOOKUP", "Destination": "P1", "Source": "P4", "Path": ["P4", "P2", "P1"]}]
1676838251.3028796;P1;MESSAGE ROUTED;[{"Message": "LOOKUP", "Destination": "P4", "Source": "P1", "Path": ["P1"]}]
1676838251.3052151;P1;LOOKUP SENT;{"Peer": "P4", "Relay": "P2"}
1676838251.3058143;P1;MESSAGE ROUTED;[{"Message": "LOOKUP", "Destination": "P2", "Source": "P1", "Path": ["P1"]}]
1676838251.3061757;P1;LOOKUP SENT;{"Peer": "P2", "Relay": "P2"}
1676838251.307611;P1;MESSAGE ROUTED;[{"Message": "LOOKUP", "Destination": "P3", "Source": "P1", "Path": ["P1"]}]
1676838251.3080595;P1;LOOKUP SENT;{"Peer": "P3", "Relay": "P3"}
1676838254.0110855;P1;MEASURED LATENCY;{'P3': 1913}
1676838254.0135336;P1;MEASURED LATENCY;{'P2': 1916}
1676838254.01372;P1;APPLIED LATENCY;{"P2": 1916}
1676838254.7265675;P1;LOOKUP RECEIVED;[{"Message": "LOOKUP", "Destination": "P1", "Source": "P2", "Path": ["P2", "P1"]}]
1676838256.5861123;P1;LEAST COST PATH;{"P1": [], "P2": ["P1"], "P3": ["P1"], "P4": ["P2"]}
1676838256.6104643;P1;TOPOLOGY UPDATE;{"P1": {"P2": 123, "P3": 563}, "P2": {"P4": 522, "P1": 123}, "P3": {"P4": 1855, "P1": 563}, "P4": {"P2": 522, "P3": 1855}}
1676838257.192236;P1;LOOKUP RECEIVED;[{"Message": "LOOKUP", "Destination": "P1", "Source": "P4", "Path": ["P4", "P2", "P1"]}]
1676838257.2193468;P1;MEASURED LATENCY;{'P3': 112}
1676838257.2780616;P1;MEASURED LATENCY;{'P2': 171}
1676838258.3159869;P1;MESSAGE ROUTED;[{"Message": "LOOKUP", "Destination": "P4", "Source": "P1", "Path": ["P1"]}]
1676838258.3164477;P1;LOOKUP SENT;{"Peer": "P4", "Relay": "P2"}
1676838258.3183591;P1;MESSAGE ROUTED;[{"Message": "LOOKUP", "Destination": "P2", "Source": "P1", "Path": ["P1"]}]
1676838258.318603;P1;LOOKUP SENT;{"Peer": "P2", "Relay": "P2"}
1676838258.3188665;P1;MESSAGE ROUTED;[{"Message": "LOOKUP", "Destination": "P3", "Source": "P1", "Path": ["P1"]}]
1676838258.3189712;P1;LOOKUP SENT;{"Peer": "P3", "Relay": "P3"}
1676838258.482018;P1;MESSAGE ROUTED;[{"Message": "LOOKUP", "Destination": "P2", "Source": "P3", "Path": ["P3", "P1"]}]
1676838262.005056;P1;TOPOLOGY UPDATE;{"P1": {"P2": 123, "P3": 563}, "P2": {"P4": 522, "P1": 123}, "P3": {"P4": 1855, "P1": 563}, "P4": {"P2": 522, "P3": 1855}}
1676838262.2022078;P1;MEASURED LATENCY;{'P3': 89}
1676838262.2037945;P1;APPLIED LATENCY;{"P3": 89}
1676838262.2343464;P1;MEASURED LATENCY;{'P2': 121}
1676838264.3225286;P1;MESSAGE ROUTED;[{"Message": "LOOKUP", "Destination": "P4", "Source": "P1", "Path": ["P1"]}]
1676838264.32287;P1;LOOKUP SENT;{"Peer": "P4", "Relay": "P2"}
1676838264.3236427;P1;MESSAGE ROUTED;[{"Message": "LOOKUP", "Destination": "P2", "Source": "P1", "Path": ["P1"]}]
1676838264.3240612;P1;LOOKUP SENT;{"Peer": "P2", "Relay": "P2"}
1676838264.3246098;P1;MESSAGE ROUTED;[{"Message": "LOOKUP", "Destination": "P3", "Source": "P1", "Path": ["P1"]}]
1676838264.32477;P1;LOOKUP SENT;{"Peer": "P3", "Relay": "P3"}
1676838265.1337085;P1;LOOKUP RECEIVED;[{"Message": "LOOKUP", "Destination": "P1", "Source": "P4", "Path": ["P4", "P2", "P1"]}]
1676838267.206443;P1;MEASURED LATENCY;{'P3': 88}
1676838267.233244;P1;MEASURED LATENCY;{'P2': 115}
1676838267.724002;P1;LOOKUP RECEIVED;[{"Message": "LOOKUP", "Destination": "P1", "Source": "P2", "Path": ["P2", "P1"]}]
1676838268.4995472;P1;MESSAGE ROUTED;[{"Message": "LOOKUP", "Destination": "P2", "Source": "P3", "Path": ["P3", "P1"]}]
1676838268.5852592;P1;LEAST COST PATH;{"P1": [], "P2": ["P1"], "P3": ["P1"], "P4": ["P2"]}
1676838272.20487;P1;MEASURED LATENCY;{'P3': 78}
1676838272.251982;P1;MEASURED LATENCY;{'P2': 125}
1676838273.2532196;P1;LOOKUP RECEIVED;[{"Message": "LOOKUP", "Destination": "P1", "Source": "P4", "Path": ["P4", "P2", "P1"]}]
1676838273.6065843;P1;MESSAGE ROUTED;[{"Message": "LOOKUP", "Destination": "P2", "Source": "P3", "Path": ["P3", "P1"]}]
1676838274.6554081;P1;LOOKUP RECEIVED;[{"Message": "LOOKUP", "Destination": "P1", "Source": "P3", "Path": ["P3", "P1"]}]
1676838275.3341703;P1;MESSAGE ROUTED;[{"Message": "LOOKUP", "Destination": "P4", "Source": "P1", "Path": ["P1"]}]
1676838275.3348646;P1;LOOKUP SENT;{"Peer": "P4", "Relay": "P2"}
1676838275.3357248;P1;MESSAGE ROUTED;[{"Message": "LOOKUP", "Destination": "P2", "Source": "P1", "Path": ["P1"]}]
1676838275.3358338;P1;LOOKUP SENT;{"Peer": "P2", "Relay": "P2"}
1676838275.3365257;P1;MESSAGE ROUTED;[{"Message": "LOOKUP", "Destination": "P3", "Source": "P1", "Path": ["P1"]}]
1676838275.3366342;P1;LOOKUP SENT;{"Peer": "P3", "Relay": "P3"}
1676838277.0219932;P1;LEAST COST PATH;{"P1": [], "P2": ["P1"], "P3": ["P1"], "P4": ["P2"]}
1676838277.6582837;P1;LOOKUP RECEIVED;[{"Message": "LOOKUP", "Destination": "P1", "Source": "P2", "Path": ["P2", "P1"]}]
1676838277.664437;P1;MEASURED LATENCY;{'P3': 530}
1676838278.7715938;P1;MEASURED LATENCY;{'P2': 1638}
1676838280.3422143;P1;MESSAGE ROUTED;[{"Message": "LOOKUP", "Destination": "P4", "Source": "P1", "Path": ["P1"]}]
1676838280.3427796;P1;LOOKUP SENT;{"Peer": "P4", "Relay": "P2"}
1676838280.3437576;P1;MESSAGE ROUTED;[{"Message": "LOOKUP", "Destination": "P2", "Source": "P1", "Path": ["P1"]}]
1676838280.3438864;P1;LOOKUP SENT;{"Peer": "P2", "Relay": "P2"}
1676838280.344268;P1;MESSAGE ROUTED;[{"Message": "LOOKUP", "Destination": "P3", "Source": "P1", "Path": ["P1"]}]
1676838280.344777;P1;LOOKUP SENT;{"Peer": "P3", "Relay": "P3"}
1676838281.2600381;P1;LOOKUP RECEIVED;[{"Message": "LOOKUP", "Destination": "P1", "Source": "P4", "Path": ["P4", "P2", "P1"]}]
1676838282.2518451;P1;MEASURED LATENCY;{'P3': 115}
1676838282.2594266;P1;MEASURED LATENCY;{'P2': 122}
1676838282.6222162;P1;MESSAGE ROUTED;[{"Message": "LOOKUP", "Destination": "P2", "Source": "P3", "Path": ["P3", "P1"]}]
1676838283.6545656;P1;TOPOLOGY UPDATE;{"P1": {"P2": 120, "P3": 686}, "P2": {"P4": 360, "P1": 120}, "P3": {"P4": 1855, "P1": 686}, "P4": {"P2": 360, "P3": 1855}}
1676838284.7526214;P1;LOOKUP RECEIVED;[{"Message": "LOOKUP", "Destination": "P1", "Source": "P2", "Path": ["P2", "P1"]}]
1676838286.6216412;P1;LEAST COST PATH;{"P1": [], "P2": ["P1"], "P3": ["P1"], "P4": ["P2"]}
1676838286.6550896;P1;TOPOLOGY UPDATE;{"P1": {"P2": 120, "P3": 686}, "P2": {"P4": 360, "P1": 120}, "P3": {"P4": 1855, "P1": 686}, "P4": {"P2": 360, "P3": 1855}}
1676838287.230227;P1;MEASURED LATENCY;{'P3': 89}
1676838287.2531414;P1;MEASURED LATENCY;{'P2': 112}
1676838288.6265686;P1;MESSAGE ROUTED;[{"Message": "LOOKUP", "Destination": "P2", "Source": "P3", "Path": ["P3", "P1"]}]
1676838288.6801178;P1;LOOKUP RECEIVED;[{"Message": "LOOKUP", "Destination": "P1", "Source": "P3", "Path": ["P3", "P1"]}]
1676838292.0107758;P1;LEAST COST PATH;{"P1": [], "P2": ["P1"], "P3": ["P1"], "P4": ["P2"]}
1676838292.2480867;P1;MEASURED LATENCY;{'P3': 101}
1676838292.2710292;P1;MEASURED LATENCY;{'P2': 124}
1676838292.3428807;P1;LOOKUP RECEIVED;[{"Message": "LOOKUP", "Destination": "P1", "Source": "P4", "Path": ["P4", "P2", "P1"]}]
1676838293.358795;P1;MESSAGE ROUTED;[{"Message": "LOOKUP", "Destination": "P4", "Source": "P1", "Path": ["P1"]}]
1676838293.3591294;P1;LOOKUP SENT;{"Peer": "P4", "Relay": "P2"}
1676838293.364421;P1;MESSAGE ROUTED;[{"Message": "LOOKUP", "Destination": "P2", "Source": "P1", "Path": ["P1"]}]
1676838293.3649838;P1;LOOKUP SENT;{"Peer": "P2", "Relay": "P2"}
1676838293.3659992;P1;MESSAGE ROUTED;[{"Message": "LOOKUP", "Destination": "P3", "Source": "P1", "Path": ["P1"]}]
1676838293.3668802;P1;LOOKUP SENT;{"Peer": "P3", "Relay": "P3"}
1676838295.7697003;P1;LOOKUP RECEIVED;[{"Message": "LOOKUP", "Destination": "P1", "Source": "P2", "Path": ["P2", "P1"]}]
1676838299.1612606;P1;MEASURED LATENCY;{'P2': 1996}
1676838299.219873;P1;MEASURED LATENCY;{'P3': 2055}
1676838299.2271054;P1;MESSAGE ROUTED;[{"Message": "LOOKUP", "Destination": "P2", "Source": "P3", "Path": ["P3", "P1"]}]
1676838299.2287803;P1;LOOKUP RECEIVED;[{"Message": "LOOKUP", "Destination": "P1", "Source": "P3", "Path": ["P3", "P1"]}]
1676838299.374837;P1;MESSAGE ROUTED;[{"Message": "LOOKUP", "Destination": "P4", "Source": "P1", "Path": ["P1"]}]
1676838299.3759394;P1;LOOKUP SENT;{"Peer": "P4", "Relay": "P2"}
1676838299.3802965;P1;MESSAGE ROUTED;[{"Message": "LOOKUP", "Destination": "P2", "Source": "P1", "Path": ["P1"]}]
1676838299.3806112;P1;LOOKUP SENT;{"Peer": "P2", "Relay": "P2"}
1676838299.382713;P1;MESSAGE ROUTED;[{"Message": "LOOKUP", "Destination": "P3", "Source": "P1", "Path": ["P1"]}]
1676838299.3852851;P1;LOOKUP SENT;{"Peer": "P3", "Relay": "P3"}
1676838300.7767057;P1;LOOKUP RECEIVED;[{"Message": "LOOKUP", "Destination": "P1", "Source": "P2", "Path": ["P2", "P1"]}]
1676838302.2646585;P1;MEASURED LATENCY;{'P3': 95}
1676838302.319212;P1;MEASURED LATENCY;{'P2': 149}
1676838302.3200831;P1;APPLIED LATENCY;{"P2": 149}
1676838304.3909483;P1;MESSAGE ROUTED;[{"Message": "LOOKUP", "Destination": "P4", "Source": "P1", "Path": ["P1"]}]
1676838304.3917918;P1;LOOKUP SENT;{"Peer": "P4", "Relay": "P2"}
1676838304.3925726;P1;MESSAGE ROUTED;[{"Message": "LOOKUP", "Destination": "P2", "Source": "P1", "Path": ["P1"]}]
1676838304.3936508;P1;LOOKUP SENT;{"Peer": "P2", "Relay": "P2"}
1676838304.3940227;P1;MESSAGE ROUTED;[{"Message": "LOOKUP", "Destination": "P3", "Source": "P1", "Path": ["P1"]}]
1676838304.394133;P1;LOOKUP SENT;{"Peer": "P3", "Relay": "P3"}
1676838306.0775852;P1;PEER EXITED;
