2023-02-19 21:14:54,815 - INFO - [MainThread] - Initialized router P1 at port 5001
2023-02-19 21:14:54,817 - INFO - [MainThread] - Adding listener for SidRelay
2023-02-19 21:14:54,817 - INFO - [MainThread] - Adding listener for sveahosting
2023-02-19 21:14:54,817 - INFO - [MainThread] - Starting thread Establish-SidRelay
2023-02-19 21:14:54,821 - INFO - [MainThread] - Starting thread Establish-sveahosting
2023-02-19 21:14:54,827 - INFO - [MainThread] - Starting thread Thread-Stats
2023-02-19 21:14:54,829 - INFO - [Establish-SidRelay] - Loading cached NetworkStatusDocument from TorCacheDirStorage: /root/.local/share/torpy/network_status
2023-02-19 21:14:54,839 - INFO - [MainThread] - Starting testing thread
2023-02-19 21:14:54,841 - INFO - [TESTER] - Started tester
2023-02-19 21:14:54,843 - INFO - [Establish-sveahosting] - Loading cached NetworkStatusDocument from TorCacheDirStorage: /root/.local/share/torpy/network_status
2023-02-19 21:14:55,173 - INFO - [Establish-sveahosting] - Loading cached DirKeyCertificateList from TorCacheDirStorage: /root/.local/share/torpy/dir_key_certificates
2023-02-19 21:14:55,174 - INFO - [Establish-sveahosting] - Connecting to guard node 185.181.61.23:443 (staysafeandgoodluck; Tor 0.4.7.10)... (None)
2023-02-19 21:14:55,232 - INFO - [Establish-SidRelay] - Loading cached DirKeyCertificateList from TorCacheDirStorage: /root/.local/share/torpy/dir_key_certificates
2023-02-19 21:14:55,234 - INFO - [Establish-SidRelay] - Connecting to guard node 185.181.61.23:443 (staysafeandgoodluck; Tor 0.4.7.10)... (None)
2023-02-19 21:14:55,315 - INFO - [Establish-sveahosting] - Creating new circuit #80000001 with 185.181.61.23:443 (staysafeandgoodluck; Tor 0.4.7.10) router...
2023-02-19 21:14:55,345 - INFO - [Establish-sveahosting] - Building -1 hops circuit...
2023-02-19 21:14:55,345 - INFO - [Establish-sveahosting] - Extending the circuit #80000001 with 193.239.232.102:9001 (sveahosting; Tor 0.4.7.13)...
2023-02-19 21:14:55,346 - INFO - [Establish-sveahosting] - Getting descriptor for 193.239.232.102:9001 (sveahosting; Tor 0.4.7.13)...
2023-02-19 21:14:55,349 - INFO - [Establish-sveahosting] - Connecting to guard node 185.4.135.157:443 (rinderwahnRelay30L; Tor 0.4.7.13)... (Internal dir client)
2023-02-19 21:14:55,353 - INFO - [Establish-SidRelay] - Creating new circuit #80000002 with 185.181.61.23:443 (staysafeandgoodluck; Tor 0.4.7.10) router...
2023-02-19 21:14:55,384 - INFO - [Establish-SidRelay] - Building -1 hops circuit...
2023-02-19 21:14:55,384 - INFO - [Establish-SidRelay] - Extending the circuit #80000002 with 98.128.175.41:9001 (SidRelay; Tor 0.4.7.13)...
2023-02-19 21:14:56,783 - INFO - [Establish-sveahosting] - Creating new circuit #80000003 with 185.4.135.157:443 (rinderwahnRelay30L; Tor 0.4.7.13) router...
2023-02-19 21:14:57,199 - INFO - [Establish-sveahosting] - Building 0 hops circuit...
2023-02-19 21:14:57,199 - INFO - [Establish-sveahosting] - Stream #1: creating attached to #80000003 circuit...
2023-02-19 21:14:57,199 - INFO - [Establish-sveahosting] - Stream #1: connecting to hsdir
2023-02-19 21:14:57,621 - INFO - [RecvLoop_185.4.1] - Stream #1: connected (remote ip '')
2023-02-19 21:14:58,978 - INFO - [RecvLoop_185.4.1] - Stream #1: remote disconnected (reason = DONE)
2023-02-19 21:14:58,978 - INFO - [Establish-sveahosting] - Stream #1: closing (state = Disconnected)...
2023-02-19 21:14:58,978 - INFO - [Establish-sveahosting] - Got descriptor
2023-02-19 21:14:58,978 - INFO - [Establish-SidRelay] - Getting descriptor for 98.128.175.41:9001 (SidRelay; Tor 0.4.7.13)...
2023-02-19 21:14:58,982 - INFO - [Establish-SidRelay] - Connecting to guard node 51.89.216.141:9001 (TurboRelay1; Tor 0.4.7.13)... (Internal dir client)
2023-02-19 21:14:59,020 - INFO - [Establish-sveahosting] - <class 'torpy.circuit.TorCircuit'>
2023-02-19 21:14:59,066 - INFO - [Establish-sveahosting] - Rendezvous established (CellRelayRendezvousEstablished())
2023-02-19 21:14:59,066 - INFO - [Establish-sveahosting] - Waiting for connections at relay sveahosting for cookie b'eb688e4f52df90278060' ...
2023-02-19 21:14:59,290 - INFO - [Establish-SidRelay] - Creating new circuit #80000004 with 51.89.216.141:9001 (TurboRelay1; Tor 0.4.7.13) router...
2023-02-19 21:14:59,350 - INFO - [Establish-SidRelay] - Building 0 hops circuit...
2023-02-19 21:14:59,350 - INFO - [Establish-SidRelay] - Stream #2: creating attached to #80000004 circuit...
2023-02-19 21:14:59,350 - INFO - [Establish-SidRelay] - Stream #2: connecting to hsdir
2023-02-19 21:14:59,406 - INFO - [RecvLoop_51.89.2] - Stream #2: connected (remote ip '')
2023-02-19 21:14:59,608 - INFO - [RecvLoop_51.89.2] - Stream #2: remote disconnected (reason = DONE)
2023-02-19 21:14:59,609 - INFO - [Establish-SidRelay] - Stream #2: closing (state = Disconnected)...
2023-02-19 21:14:59,609 - INFO - [Establish-SidRelay] - Got descriptor
2023-02-19 21:14:59,684 - INFO - [Establish-SidRelay] - <class 'torpy.circuit.TorCircuit'>
2023-02-19 21:14:59,758 - INFO - [Establish-SidRelay] - Rendezvous established (CellRelayRendezvousEstablished())
2023-02-19 21:14:59,759 - INFO - [Establish-SidRelay] - Waiting for connections at relay SidRelay for cookie b'eb688e4f52df90278060' ...
2023-02-19 21:15:02,903 - INFO - [Establish-SidRelay] - Got REND2 message from SidRelay
2023-02-19 21:15:02,905 - INFO - [Establish-SidRelay] - Entered circuit context with id 0x80000002
2023-02-19 21:15:02,905 - INFO - [Establish-SidRelay] - Stream #3: creating attached to #80000002 circuit...
2023-02-19 21:15:02,905 - INFO - [Establish-SidRelay] - Stream #3: connecting to ('127.0.0.1', 5000)
2023-02-19 21:15:03,015 - INFO - [RecvLoop_185.181] - Stream #3: connected (remote ip '127.0.0.1')
2023-02-19 21:15:03,106 - INFO - [Establish-SidRelay] - Sending HELLO to peer
2023-02-19 21:15:03,106 - INFO - [Establish-SidRelay] - Sending HELLO to peer: b'\x80\x04\x95&\x00\x00\x00\x00\x00\x00\x00]\x94}\x94(\x8c\x07Message\x94\x8c\x05HELLO\x94\x8c\x04Peer\x94\x8c\x02P1\x94ua.'
2023-02-19 21:15:03,107 - INFO - [RECEIVER] - Added neighbour P2
2023-02-19 21:15:05,660 - INFO - [Establish-sveahosting] - Got REND2 message from sveahosting
2023-02-19 21:15:05,660 - INFO - [Establish-sveahosting] - Entered circuit context with id 0x80000001
2023-02-19 21:15:05,661 - INFO - [Establish-sveahosting] - Stream #4: creating attached to #80000001 circuit...
2023-02-19 21:15:05,661 - INFO - [Establish-sveahosting] - Stream #4: connecting to ('127.0.0.1', 5000)
2023-02-19 21:15:05,741 - INFO - [RecvLoop_185.181] - Stream #4: connected (remote ip '127.0.0.1')
2023-02-19 21:15:05,862 - INFO - [Establish-sveahosting] - Sending HELLO to peer
2023-02-19 21:15:05,862 - INFO - [Establish-sveahosting] - Sending HELLO to peer: b'\x80\x04\x95&\x00\x00\x00\x00\x00\x00\x00]\x94}\x94(\x8c\x07Message\x94\x8c\x05HELLO\x94\x8c\x04Peer\x94\x8c\x02P1\x94ua.'
2023-02-19 21:15:05,863 - INFO - [RECEIVER] - Added neighbour P3
2023-02-19 21:15:17,276 - INFO - [RECEIVER] - Received LSA from P2 with SN: 0 and FLAG: 0
2023-02-19 21:15:17,276 - INFO - [RECEIVER] - LSA received from P2 is new
2023-02-19 21:15:17,277 - INFO - [RECEIVER] - organizeGraph(graph_arg): [['P1', 'P2', 100, 'SidRelay'], ['P1', 'P3', 100, 'sveahosting'], ['P2', 'P4', 100, 'mentoreth']]
2023-02-19 21:15:17,278 - INFO - [RECEIVER] - Sending update to P3
2023-02-19 21:15:18,281 - INFO - [RECEIVER] - Received LSA from P2 with SN: 0 and FLAG: 0
2023-02-19 21:15:20,101 - INFO - [RECEIVER] - Received LSA from P3 with SN: 0 and FLAG: 0
2023-02-19 21:15:20,101 - INFO - [RECEIVER] - LSA received from P3 is new
2023-02-19 21:15:20,102 - INFO - [RECEIVER] - organizeGraph(graph_arg): [['P1', 'P2', 100, 'SidRelay'], ['P1', 'P3', 100, 'sveahosting'], ['P2', 'P4', 100, 'mentoreth'], ['P3', 'P4', 100, 'Logforme3']]
2023-02-19 21:15:20,102 - INFO - [RECEIVER] - Sending update to P2
2023-02-19 21:15:21,104 - INFO - [RECEIVER] - Received LSA from P3 with SN: 0 and FLAG: 0
2023-02-19 21:15:25,932 - INFO - [RECEIVER] - Received LSA from P4 with SN: 0 and FLAG: 0
2023-02-19 21:15:25,932 - INFO - [RECEIVER] - LSA from P4 is not a neighbour
2023-02-19 21:15:25,932 - INFO - [RECEIVER] - LSA received from P4 is new
2023-02-19 21:15:25,932 - INFO - [RECEIVER] - organizeGraph(graph_arg): [['P1', 'P2', 100, 'SidRelay'], ['P1', 'P3', 100, 'sveahosting'], ['P2', 'P4', 100, 'mentoreth'], ['P3', 'P4', 100, 'Logforme3']]
2023-02-19 21:15:25,933 - INFO - [RECEIVER] - Sending update to P2
2023-02-19 21:15:26,935 - INFO - [RECEIVER] - Sending update to P3
2023-02-19 21:15:27,942 - INFO - [RECEIVER] - Received LSA from P4 with SN: 0 and FLAG: 0
2023-02-19 21:15:32,281 - INFO - [RECEIVER] - Received LSA from P2 with SN: 0 and FLAG: 0
2023-02-19 21:15:35,121 - INFO - [RECEIVER] - Received LSA from P3 with SN: 0 and FLAG: 0
2023-02-19 21:15:47,277 - INFO - [Thread-16] - Running Dijkstra: ({'P1': {'P2': 100, 'P3': 100}, 'P2': {'P4': 100, 'P1': 100}, 'P3': {'P1': 100}, 'P4': {'P2': 100}}, ['P1', 'P2', 'P3', 'P4'], {'P1': {'P2': 'SidRelay', 'P3': 'sveahosting'}, 'P2': {'P4': 'mentoreth', 'P1': 'SidRelay'}, 'P3': {'P1': 'sveahosting'}, 'P4': {'P2': 'mentoreth'}})
2023-02-19 21:15:47,299 - INFO - [RECEIVER] - Received LSA from P2 with SN: 0 and FLAG: 0
2023-02-19 21:15:50,102 - INFO - [Thread-20] - Running Dijkstra: ({'P1': {'P2': 100, 'P3': 100}, 'P2': {'P4': 100, 'P1': 100}, 'P3': {'P4': 100, 'P1': 100}, 'P4': {'P2': 100, 'P3': 100}}, ['P1', 'P2', 'P3', 'P4'], {'P1': {'P2': 'SidRelay', 'P3': 'sveahosting'}, 'P2': {'P4': 'mentoreth', 'P1': 'SidRelay'}, 'P3': {'P4': 'Logforme3', 'P1': 'sveahosting'}, 'P4': {'P2': 'mentoreth', 'P3': 'Logforme3'}})
2023-02-19 21:15:50,134 - INFO - [RECEIVER] - Received LSA from P3 with SN: 0 and FLAG: 0
2023-02-19 21:15:55,933 - INFO - [Thread-25] - Running Dijkstra: ({'P1': {'P2': 100, 'P3': 100}, 'P2': {'P4': 100, 'P1': 100}, 'P3': {'P4': 100, 'P1': 100}, 'P4': {'P2': 100, 'P3': 100}}, ['P1', 'P2', 'P3', 'P4'], {'P1': {'P2': 'SidRelay', 'P3': 'sveahosting'}, 'P2': {'P4': 'mentoreth', 'P1': 'SidRelay'}, 'P3': {'P4': 'Logforme3', 'P1': 'sveahosting'}, 'P4': {'P2': 'mentoreth', 'P3': 'Logforme3'}})
2023-02-19 21:16:02,312 - INFO - [RECEIVER] - Received LSA from P2 with SN: 2 and FLAG: 1
2023-02-19 21:16:02,312 - INFO - [RECEIVER] - Flag is set
2023-02-19 21:16:02,312 - INFO - [RECEIVER] - LSA SN is 2 greater than 0
2023-02-19 21:16:02,312 - INFO - [RECEIVER] - Sending update to P3
2023-02-19 21:16:03,319 - INFO - [RECEIVER] - Received LSA from P2 with SN: 2 and FLAG: 1
2023-02-19 21:16:03,319 - INFO - [RECEIVER] - Flag is set
2023-02-19 21:16:05,145 - INFO - [RECEIVER] - Received LSA from P3 with SN: 1 and FLAG: 1
2023-02-19 21:16:05,145 - INFO - [RECEIVER] - Flag is set
2023-02-19 21:16:05,145 - INFO - [RECEIVER] - LSA SN is 1 greater than 0
2023-02-19 21:16:05,146 - INFO - [RECEIVER] - Sending update to P2
2023-02-19 21:16:05,885 - INFO - [RecvLoop_51.89.2] - On destroy: circuit #80000004
2023-02-19 21:16:05,885 - INFO - [RecvLoop_51.89.2] - Destroy circuit #80000004
2023-02-19 21:16:06,151 - INFO - [RECEIVER] - Received LSA from P3 with SN: 1 and FLAG: 1
2023-02-19 21:16:06,152 - INFO - [RECEIVER] - Flag is set
2023-02-19 21:16:09,480 - INFO - [RecvLoop_185.4.1] - On destroy: circuit #80000003
2023-02-19 21:16:09,480 - INFO - [RecvLoop_185.4.1] - Destroy circuit #80000003
2023-02-19 21:16:11,013 - INFO - [RECEIVER] - Received LSA from P4 with SN: 1 and FLAG: 1
2023-02-19 21:16:11,013 - INFO - [RECEIVER] - Flag is set
2023-02-19 21:16:11,013 - INFO - [RECEIVER] - LSA SN is 1 greater than 0
2023-02-19 21:16:11,013 - INFO - [RECEIVER] - Sending update to P2
2023-02-19 21:16:12,015 - INFO - [RECEIVER] - Sending update to P3
2023-02-19 21:16:12,314 - INFO - [Thread-54] - organizeGraph(graph_arg): [['P1', 'P2', 300, 'SidRelay'], ['P2', 'P4', 360, 'mentoreth'], ['P1', 'P3', 341, 'sveahosting'], ['P3', 'P4', 100, 'Logforme3']]
2023-02-19 21:16:13,017 - INFO - [RECEIVER] - Received LSA from P4 with SN: 1 and FLAG: 1
2023-02-19 21:16:13,017 - INFO - [RECEIVER] - Flag is set
2023-02-19 21:16:15,147 - INFO - [Thread-58] - organizeGraph(graph_arg): [['P1', 'P2', 300, 'SidRelay'], ['P2', 'P4', 360, 'mentoreth'], ['P1', 'P3', 341, 'sveahosting'], ['P3', 'P4', 100, 'Logforme3']]
2023-02-19 21:16:17,314 - INFO - [RECEIVER] - Received LSA from P2 with SN: 2 and FLAG: 0
2023-02-19 21:16:20,155 - INFO - [RECEIVER] - Received LSA from P3 with SN: 2 and FLAG: 1
2023-02-19 21:16:20,155 - INFO - [RECEIVER] - Flag is set
2023-02-19 21:16:20,155 - INFO - [RECEIVER] - LSA SN is 2 greater than 1
2023-02-19 21:16:20,156 - INFO - [RECEIVER] - Sending update to P2
2023-02-19 21:16:21,014 - INFO - [Thread-64] - organizeGraph(graph_arg): [['P1', 'P2', 300, 'SidRelay'], ['P2', 'P4', 360, 'mentoreth'], ['P1', 'P3', 341, 'sveahosting'], ['P3', 'P4', 860, 'Logforme3']]
2023-02-19 21:16:21,158 - INFO - [RECEIVER] - Received LSA from P3 with SN: 2 and FLAG: 1
2023-02-19 21:16:21,159 - INFO - [RECEIVER] - Flag is set
2023-02-19 21:16:26,058 - INFO - [RECEIVER] - Received LSA from P4 with SN: 2 and FLAG: 1
2023-02-19 21:16:26,058 - INFO - [RECEIVER] - Flag is set
2023-02-19 21:16:26,058 - INFO - [RECEIVER] - LSA SN is 2 greater than 1
2023-02-19 21:16:26,059 - INFO - [RECEIVER] - Sending update to P2
2023-02-19 21:16:27,064 - INFO - [RECEIVER] - Sending update to P3
2023-02-19 21:16:28,066 - INFO - [RECEIVER] - Received LSA from P4 with SN: 2 and FLAG: 1
2023-02-19 21:16:28,067 - INFO - [RECEIVER] - Flag is set
2023-02-19 21:16:30,156 - INFO - [Thread-74] - organizeGraph(graph_arg): [['P1', 'P2', 300, 'SidRelay'], ['P2', 'P4', 360, 'mentoreth'], ['P1', 'P3', 341, 'sveahosting'], ['P3', 'P4', 860, 'Logforme3']]
2023-02-19 21:16:32,337 - INFO - [RECEIVER] - Received LSA from P2 with SN: 2 and FLAG: 0
2023-02-19 21:16:35,176 - INFO - [RECEIVER] - Received LSA from P3 with SN: 2 and FLAG: 0
2023-02-19 21:16:36,059 - INFO - [Thread-81] - organizeGraph(graph_arg): [['P1', 'P2', 300, 'SidRelay'], ['P2', 'P4', 360, 'mentoreth'], ['P1', 'P3', 341, 'sveahosting'], ['P3', 'P4', 860, 'Logforme3']]
2023-02-19 21:16:42,315 - INFO - [Thread-65] - Running Dijkstra: ({'P1': {'P2': 300, 'P3': 341}, 'P2': {'P4': 360, 'P1': 300}, 'P3': {'P4': 100, 'P1': 341}, 'P4': {'P2': 360, 'P3': 100}}, ['P1', 'P2', 'P3', 'P4'], {'P1': {'P2': 'SidRelay', 'P3': 'sveahosting'}, 'P2': {'P4': 'mentoreth', 'P1': 'SidRelay'}, 'P3': {'P4': 'Logforme3', 'P1': 'sveahosting'}, 'P4': {'P2': 'mentoreth', 'P3': 'Logforme3'}})
2023-02-19 21:16:45,149 - INFO - [Thread-69] - Running Dijkstra: ({'P1': {'P2': 300, 'P3': 341}, 'P2': {'P4': 360, 'P1': 300}, 'P3': {'P4': 100, 'P1': 341}, 'P4': {'P2': 360, 'P3': 100}}, ['P1', 'P2', 'P3', 'P4'], {'P1': {'P2': 'SidRelay', 'P3': 'sveahosting'}, 'P2': {'P4': 'mentoreth', 'P1': 'SidRelay'}, 'P3': {'P4': 'Logforme3', 'P1': 'sveahosting'}, 'P4': {'P2': 'mentoreth', 'P3': 'Logforme3'}})
2023-02-19 21:16:47,348 - INFO - [RECEIVER] - Received LSA from P2 with SN: 3 and FLAG: 1
2023-02-19 21:16:47,349 - INFO - [RECEIVER] - Flag is set
2023-02-19 21:16:47,349 - INFO - [RECEIVER] - LSA SN is 3 greater than 2
2023-02-19 21:16:47,349 - INFO - [RECEIVER] - Sending update to P3
2023-02-19 21:16:48,352 - INFO - [RECEIVER] - Received LSA from P2 with SN: 3 and FLAG: 1
2023-02-19 21:16:48,352 - INFO - [RECEIVER] - Flag is set
2023-02-19 21:16:50,186 - INFO - [RECEIVER] - Received LSA from P3 with SN: 2 and FLAG: 0
2023-02-19 21:16:51,016 - INFO - [Thread-75] - Running Dijkstra: ({'P1': {'P2': 300, 'P3': 341}, 'P2': {'P4': 360, 'P1': 300}, 'P3': {'P4': 860, 'P1': 341}, 'P4': {'P2': 360, 'P3': 860}}, ['P1', 'P2', 'P3', 'P4'], {'P1': {'P2': 'SidRelay', 'P3': 'sveahosting'}, 'P2': {'P4': 'mentoreth', 'P1': 'SidRelay'}, 'P3': {'P4': 'Logforme3', 'P1': 'sveahosting'}, 'P4': {'P2': 'mentoreth', 'P3': 'Logforme3'}})
2023-02-19 21:16:57,350 - INFO - [Thread-100] - organizeGraph(graph_arg): [['P1', 'P2', 548, 'SidRelay'], ['P2', 'P4', 360, 'mentoreth'], ['P1', 'P3', 341, 'sveahosting'], ['P3', 'P4', 860, 'Logforme3']]
2023-02-19 21:17:00,159 - INFO - [Thread-85] - Running Dijkstra: ({'P1': {'P2': 300, 'P3': 341}, 'P2': {'P4': 360, 'P1': 300}, 'P3': {'P4': 860, 'P1': 341}, 'P4': {'P2': 360, 'P3': 860}}, ['P1', 'P2', 'P3', 'P4'], {'P1': {'P2': 'SidRelay', 'P3': 'sveahosting'}, 'P2': {'P4': 'mentoreth', 'P1': 'SidRelay'}, 'P3': {'P4': 'Logforme3', 'P1': 'sveahosting'}, 'P4': {'P2': 'mentoreth', 'P3': 'Logforme3'}})
2023-02-19 21:17:02,356 - INFO - [RECEIVER] - Received LSA from P2 with SN: 4 and FLAG: 1
2023-02-19 21:17:02,356 - INFO - [RECEIVER] - Flag is set
2023-02-19 21:17:02,356 - INFO - [RECEIVER] - LSA SN is 4 greater than 3
2023-02-19 21:17:02,356 - INFO - [RECEIVER] - Sending update to P3
2023-02-19 21:17:03,359 - INFO - [RECEIVER] - Received LSA from P2 with SN: 4 and FLAG: 1
2023-02-19 21:17:03,359 - INFO - [RECEIVER] - Flag is set
2023-02-19 21:17:05,205 - INFO - [RECEIVER] - Received LSA from P3 with SN: 3 and FLAG: 1
2023-02-19 21:17:05,205 - INFO - [RECEIVER] - Flag is set
2023-02-19 21:17:05,205 - INFO - [RECEIVER] - LSA SN is 3 greater than 2
2023-02-19 21:17:05,206 - INFO - [RECEIVER] - Sending update to P2
2023-02-19 21:17:06,060 - INFO - [Thread-91] - Running Dijkstra: ({'P1': {'P2': 300, 'P3': 341}, 'P2': {'P4': 360, 'P1': 300}, 'P3': {'P4': 860, 'P1': 341}, 'P4': {'P2': 360, 'P3': 860}}, ['P1', 'P2', 'P3', 'P4'], {'P1': {'P2': 'SidRelay', 'P3': 'sveahosting'}, 'P2': {'P4': 'mentoreth', 'P1': 'SidRelay'}, 'P3': {'P4': 'Logforme3', 'P1': 'sveahosting'}, 'P4': {'P2': 'mentoreth', 'P3': 'Logforme3'}})
2023-02-19 21:17:06,209 - INFO - [RECEIVER] - Received LSA from P3 with SN: 3 and FLAG: 1
2023-02-19 21:17:06,210 - INFO - [RECEIVER] - Flag is set
2023-02-19 21:17:10,995 - INFO - [RECEIVER] - Received LSA from P4 with SN: 3 and FLAG: 1
2023-02-19 21:17:10,995 - INFO - [RECEIVER] - Flag is set
2023-02-19 21:17:10,995 - INFO - [RECEIVER] - LSA SN is 3 greater than 2
2023-02-19 21:17:10,996 - INFO - [RECEIVER] - Sending update to P2
2023-02-19 21:17:11,998 - INFO - [RECEIVER] - Sending update to P3
2023-02-19 21:17:12,356 - INFO - [Thread-114] - organizeGraph(graph_arg): [['P1', 'P2', 548, 'SidRelay'], ['P2', 'P4', 444, 'mentoreth'], ['P1', 'P3', 346, 'sveahosting'], ['P3', 'P4', 860, 'Logforme3']]
2023-02-19 21:17:13,000 - INFO - [RECEIVER] - Received LSA from P4 with SN: 3 and FLAG: 1
2023-02-19 21:17:13,000 - INFO - [RECEIVER] - Flag is set
2023-02-19 21:17:15,206 - INFO - [Thread-118] - organizeGraph(graph_arg): [['P1', 'P2', 548, 'SidRelay'], ['P2', 'P4', 444, 'mentoreth'], ['P1', 'P3', 346, 'sveahosting'], ['P3', 'P4', 860, 'Logforme3']]
2023-02-19 21:17:17,374 - INFO - [RECEIVER] - Received LSA from P2 with SN: 4 and FLAG: 0
2023-02-19 21:17:20,222 - INFO - [RECEIVER] - Received LSA from P3 with SN: 4 and FLAG: 1
2023-02-19 21:17:20,222 - INFO - [RECEIVER] - Flag is set
2023-02-19 21:17:20,222 - INFO - [RECEIVER] - LSA SN is 4 greater than 3
2023-02-19 21:17:20,222 - INFO - [RECEIVER] - Sending update to P2
2023-02-19 21:17:20,996 - INFO - [Thread-124] - organizeGraph(graph_arg): [['P1', 'P2', 548, 'SidRelay'], ['P2', 'P4', 444, 'mentoreth'], ['P1', 'P3', 346, 'sveahosting'], ['P3', 'P4', 652, 'Logforme3']]
2023-02-19 21:17:21,225 - INFO - [RECEIVER] - Received LSA from P3 with SN: 4 and FLAG: 1
2023-02-19 21:17:21,225 - INFO - [RECEIVER] - Flag is set
2023-02-19 21:17:26,020 - INFO - [RECEIVER] - Received LSA from P4 with SN: 4 and FLAG: 1
2023-02-19 21:17:26,020 - INFO - [RECEIVER] - Flag is set
2023-02-19 21:17:26,020 - INFO - [RECEIVER] - LSA SN is 4 greater than 3
2023-02-19 21:17:26,020 - INFO - [RECEIVER] - Sending update to P2
2023-02-19 21:17:27,022 - INFO - [RECEIVER] - Sending update to P3
2023-02-19 21:17:27,351 - INFO - [Thread-109] - Running Dijkstra: ({'P1': {'P2': 548, 'P3': 341}, 'P2': {'P4': 360, 'P1': 548}, 'P3': {'P4': 860, 'P1': 341}, 'P4': {'P2': 360, 'P3': 860}}, ['P1', 'P2', 'P3', 'P4'], {'P1': {'P2': 'SidRelay', 'P3': 'sveahosting'}, 'P2': {'P4': 'mentoreth', 'P1': 'SidRelay'}, 'P3': {'P4': 'Logforme3', 'P1': 'sveahosting'}, 'P4': {'P2': 'mentoreth', 'P3': 'Logforme3'}})
2023-02-19 21:17:28,026 - INFO - [RECEIVER] - Received LSA from P4 with SN: 4 and FLAG: 1
2023-02-19 21:17:28,026 - INFO - [RECEIVER] - Flag is set
2023-02-19 21:17:30,222 - INFO - [Thread-134] - organizeGraph(graph_arg): [['P1', 'P2', 548, 'SidRelay'], ['P2', 'P4', 444, 'mentoreth'], ['P1', 'P3', 346, 'sveahosting'], ['P3', 'P4', 652, 'Logforme3']]
2023-02-19 21:17:32,384 - INFO - [RECEIVER] - Received LSA from P2 with SN: 4 and FLAG: 0
2023-02-19 21:17:35,240 - INFO - [RECEIVER] - Received LSA from P3 with SN: 4 and FLAG: 0
2023-02-19 21:17:36,021 - INFO - [Thread-141] - organizeGraph(graph_arg): [['P1', 'P2', 548, 'SidRelay'], ['P2', 'P4', 444, 'mentoreth'], ['P1', 'P3', 346, 'sveahosting'], ['P3', 'P4', 652, 'Logforme3']]
2023-02-19 21:17:42,357 - INFO - [Thread-125] - Running Dijkstra: ({'P1': {'P2': 548, 'P3': 346}, 'P2': {'P4': 444, 'P1': 548}, 'P3': {'P4': 860, 'P1': 346}, 'P4': {'P2': 444, 'P3': 860}}, ['P1', 'P2', 'P3', 'P4'], {'P1': {'P2': 'SidRelay', 'P3': 'sveahosting'}, 'P2': {'P4': 'mentoreth', 'P1': 'SidRelay'}, 'P3': {'P4': 'Logforme3', 'P1': 'sveahosting'}, 'P4': {'P2': 'mentoreth', 'P3': 'Logforme3'}})
2023-02-19 21:17:45,207 - INFO - [Thread-129] - Running Dijkstra: ({'P1': {'P2': 548, 'P3': 346}, 'P2': {'P4': 444, 'P1': 548}, 'P3': {'P4': 860, 'P1': 346}, 'P4': {'P2': 444, 'P3': 860}}, ['P1', 'P2', 'P3', 'P4'], {'P1': {'P2': 'SidRelay', 'P3': 'sveahosting'}, 'P2': {'P4': 'mentoreth', 'P1': 'SidRelay'}, 'P3': {'P4': 'Logforme3', 'P1': 'sveahosting'}, 'P4': {'P2': 'mentoreth', 'P3': 'Logforme3'}})
2023-02-19 21:17:47,408 - INFO - [RECEIVER] - Received LSA from P2 with SN: 6 and FLAG: 1
2023-02-19 21:17:47,408 - INFO - [RECEIVER] - Flag is set
2023-02-19 21:17:47,408 - INFO - [RECEIVER] - LSA SN is 6 greater than 4
2023-02-19 21:17:47,408 - INFO - [RECEIVER] - Sending update to P3
2023-02-19 21:17:48,411 - INFO - [RECEIVER] - Received LSA from P2 with SN: 6 and FLAG: 1
2023-02-19 21:17:48,411 - INFO - [RECEIVER] - Flag is set
2023-02-19 21:17:50,244 - INFO - [RECEIVER] - Received LSA from P3 with SN: 5 and FLAG: 1
2023-02-19 21:17:50,244 - INFO - [RECEIVER] - Flag is set
2023-02-19 21:17:50,244 - INFO - [RECEIVER] - LSA SN is 5 greater than 4
2023-02-19 21:17:50,244 - INFO - [RECEIVER] - Sending update to P2
2023-02-19 21:17:51,001 - INFO - [Thread-135] - Running Dijkstra: ({'P1': {'P2': 548, 'P3': 346}, 'P2': {'P4': 444, 'P1': 548}, 'P3': {'P4': 652, 'P1': 346}, 'P4': {'P2': 444, 'P3': 652}}, ['P1', 'P2', 'P3', 'P4'], {'P1': {'P2': 'SidRelay', 'P3': 'sveahosting'}, 'P2': {'P4': 'mentoreth', 'P1': 'SidRelay'}, 'P3': {'P4': 'Logforme3', 'P1': 'sveahosting'}, 'P4': {'P2': 'mentoreth', 'P3': 'Logforme3'}})
2023-02-19 21:17:51,248 - INFO - [RECEIVER] - Received LSA from P3 with SN: 5 and FLAG: 1
2023-02-19 21:17:51,249 - INFO - [RECEIVER] - Flag is set
2023-02-19 21:17:57,412 - INFO - [Thread-160] - organizeGraph(graph_arg): [['P1', 'P2', 442, 'SidRelay'], ['P2', 'P4', 706, 'mentoreth'], ['P1', 'P3', 407, 'sveahosting'], ['P3', 'P4', 652, 'Logforme3']]
2023-02-19 21:18:00,223 - INFO - [Thread-145] - Running Dijkstra: ({'P1': {'P2': 548, 'P3': 346}, 'P2': {'P4': 444, 'P1': 548}, 'P3': {'P4': 652, 'P1': 346}, 'P4': {'P2': 444, 'P3': 652}}, ['P1', 'P2', 'P3', 'P4'], {'P1': {'P2': 'SidRelay', 'P3': 'sveahosting'}, 'P2': {'P4': 'mentoreth', 'P1': 'SidRelay'}, 'P3': {'P4': 'Logforme3', 'P1': 'sveahosting'}, 'P4': {'P2': 'mentoreth', 'P3': 'Logforme3'}})
2023-02-19 21:18:00,244 - INFO - [Thread-163] - organizeGraph(graph_arg): [['P1', 'P2', 442, 'SidRelay'], ['P2', 'P4', 706, 'mentoreth'], ['P1', 'P3', 407, 'sveahosting'], ['P3', 'P4', 652, 'Logforme3']]
2023-02-19 21:18:02,466 - INFO - [RECEIVER] - Received LSA from P2 with SN: 6 and FLAG: 0
2023-02-19 21:18:05,262 - INFO - [RECEIVER] - Received LSA from P3 with SN: 5 and FLAG: 0
2023-02-19 21:18:06,023 - INFO - [Thread-151] - Running Dijkstra: ({'P1': {'P2': 548, 'P3': 346}, 'P2': {'P4': 444, 'P1': 548}, 'P3': {'P4': 652, 'P1': 346}, 'P4': {'P2': 444, 'P3': 652}}, ['P1', 'P2', 'P3', 'P4'], {'P1': {'P2': 'SidRelay', 'P3': 'sveahosting'}, 'P2': {'P4': 'mentoreth', 'P1': 'SidRelay'}, 'P3': {'P4': 'Logforme3', 'P1': 'sveahosting'}, 'P4': {'P2': 'mentoreth', 'P3': 'Logforme3'}})
2023-02-19 21:18:11,048 - INFO - [RECEIVER] - Received LSA from P4 with SN: 5 and FLAG: 1
2023-02-19 21:18:11,048 - INFO - [RECEIVER] - Flag is set
2023-02-19 21:18:11,048 - INFO - [RECEIVER] - LSA SN is 5 greater than 4
2023-02-19 21:18:11,048 - INFO - [RECEIVER] - Sending update to P2
2023-02-19 21:18:12,050 - INFO - [RECEIVER] - Sending update to P3
2023-02-19 21:18:13,054 - INFO - [RECEIVER] - Received LSA from P4 with SN: 5 and FLAG: 1
2023-02-19 21:18:13,054 - INFO - [RECEIVER] - Flag is set
2023-02-19 21:18:17,438 - INFO - [RECEIVER] - Received LSA from P2 with SN: 6 and FLAG: 0
2023-02-19 21:18:20,282 - INFO - [RECEIVER] - Received LSA from P3 with SN: 6 and FLAG: 1
2023-02-19 21:18:20,282 - INFO - [RECEIVER] - Flag is set
2023-02-19 21:18:20,282 - INFO - [RECEIVER] - LSA SN is 6 greater than 5
2023-02-19 21:18:20,282 - INFO - [RECEIVER] - Sending update to P2
2023-02-19 21:18:21,048 - INFO - [Thread-183] - organizeGraph(graph_arg): [['P1', 'P2', 442, 'SidRelay'], ['P2', 'P4', 706, 'mentoreth'], ['P1', 'P3', 407, 'sveahosting'], ['P3', 'P4', 626, 'Logforme3']]
2023-02-19 21:18:21,286 - INFO - [RECEIVER] - Received LSA from P3 with SN: 6 and FLAG: 1
2023-02-19 21:18:21,286 - INFO - [RECEIVER] - Flag is set
2023-02-19 21:18:27,413 - INFO - [Thread-169] - Running Dijkstra: ({'P1': {'P2': 442, 'P3': 407}, 'P2': {'P4': 706, 'P1': 442}, 'P3': {'P4': 652, 'P1': 407}, 'P4': {'P2': 706, 'P3': 652}}, ['P1', 'P2', 'P3', 'P4'], {'P1': {'P2': 'SidRelay', 'P3': 'sveahosting'}, 'P2': {'P4': 'mentoreth', 'P1': 'SidRelay'}, 'P3': {'P4': 'Logforme3', 'P1': 'sveahosting'}, 'P4': {'P2': 'mentoreth', 'P3': 'Logforme3'}})
2023-02-19 21:18:30,245 - INFO - [Thread-172] - Running Dijkstra: ({'P1': {'P2': 442, 'P3': 407}, 'P2': {'P4': 706, 'P1': 442}, 'P3': {'P4': 652, 'P1': 407}, 'P4': {'P2': 706, 'P3': 652}}, ['P1', 'P2', 'P3', 'P4'], {'P1': {'P2': 'SidRelay', 'P3': 'sveahosting'}, 'P2': {'P4': 'mentoreth', 'P1': 'SidRelay'}, 'P3': {'P4': 'Logforme3', 'P1': 'sveahosting'}, 'P4': {'P2': 'mentoreth', 'P3': 'Logforme3'}})
2023-02-19 21:18:30,283 - INFO - [Thread-191] - organizeGraph(graph_arg): [['P1', 'P2', 442, 'SidRelay'], ['P2', 'P4', 706, 'mentoreth'], ['P1', 'P3', 407, 'sveahosting'], ['P3', 'P4', 626, 'Logforme3']]
2023-02-19 21:18:32,450 - INFO - [RECEIVER] - Received LSA from P2 with SN: 8 and FLAG: 1
2023-02-19 21:18:32,450 - INFO - [RECEIVER] - Flag is set
2023-02-19 21:18:32,450 - INFO - [RECEIVER] - LSA SN is 8 greater than 6
2023-02-19 21:18:32,450 - INFO - [RECEIVER] - Sending update to P3
2023-02-19 21:18:33,455 - INFO - [RECEIVER] - Received LSA from P2 with SN: 8 and FLAG: 1
2023-02-19 21:18:33,455 - INFO - [RECEIVER] - Flag is set
2023-02-19 21:18:35,288 - INFO - [RECEIVER] - Received LSA from P3 with SN: 7 and FLAG: 1
2023-02-19 21:18:35,288 - INFO - [RECEIVER] - Flag is set
2023-02-19 21:18:35,288 - INFO - [RECEIVER] - LSA SN is 7 greater than 6
2023-02-19 21:18:35,288 - INFO - [RECEIVER] - Sending update to P2
2023-02-19 21:18:36,291 - INFO - [RECEIVER] - Received LSA from P3 with SN: 7 and FLAG: 1
2023-02-19 21:18:36,292 - INFO - [RECEIVER] - Flag is set
2023-02-19 21:18:41,233 - INFO - [RECEIVER] - Received LSA from P4 with SN: 6 and FLAG: 1
2023-02-19 21:18:41,233 - INFO - [RECEIVER] - Flag is set
2023-02-19 21:18:41,233 - INFO - [RECEIVER] - LSA SN is 6 greater than 5
2023-02-19 21:18:41,234 - INFO - [RECEIVER] - Sending update to P2
2023-02-19 21:18:42,236 - INFO - [RECEIVER] - Sending update to P3
2023-02-19 21:18:42,454 - INFO - [Thread-203] - organizeGraph(graph_arg): [['P1', 'P2', 295, 'SidRelay'], ['P2', 'P4', 351, 'mentoreth'], ['P1', 'P3', 321, 'sveahosting'], ['P3', 'P4', 626, 'Logforme3']]
2023-02-19 21:18:43,239 - INFO - [RECEIVER] - Received LSA from P4 with SN: 6 and FLAG: 1
2023-02-19 21:18:43,239 - INFO - [RECEIVER] - Flag is set
2023-02-19 21:18:45,289 - INFO - [Thread-207] - organizeGraph(graph_arg): [['P1', 'P2', 295, 'SidRelay'], ['P2', 'P4', 351, 'mentoreth'], ['P1', 'P3', 321, 'sveahosting'], ['P3', 'P4', 626, 'Logforme3']]
2023-02-19 21:18:47,479 - INFO - [RECEIVER] - Received LSA from P2 with SN: 8 and FLAG: 0
2023-02-19 21:18:50,316 - INFO - [RECEIVER] - Received LSA from P3 with SN: 7 and FLAG: 0
2023-02-19 21:18:51,050 - INFO - [Thread-192] - Running Dijkstra: ({'P1': {'P2': 442, 'P3': 407}, 'P2': {'P4': 706, 'P1': 442}, 'P3': {'P4': 626, 'P1': 407}, 'P4': {'P2': 706, 'P3': 626}}, ['P1', 'P2', 'P3', 'P4'], {'P1': {'P2': 'SidRelay', 'P3': 'sveahosting'}, 'P2': {'P4': 'mentoreth', 'P1': 'SidRelay'}, 'P3': {'P4': 'Logforme3', 'P1': 'sveahosting'}, 'P4': {'P2': 'mentoreth', 'P3': 'Logforme3'}})
2023-02-19 21:18:51,234 - INFO - [Thread-213] - organizeGraph(graph_arg): [['P1', 'P2', 295, 'SidRelay'], ['P2', 'P4', 351, 'mentoreth'], ['P1', 'P3', 321, 'sveahosting'], ['P3', 'P4', 626, 'Logforme3']]
2023-02-19 21:18:56,170 - INFO - [RECEIVER] - Received LSA from P4 with SN: 7 and FLAG: 1
2023-02-19 21:18:56,170 - INFO - [RECEIVER] - Flag is set
2023-02-19 21:18:56,170 - INFO - [RECEIVER] - LSA SN is 7 greater than 6
2023-02-19 21:18:56,170 - INFO - [RECEIVER] - Sending update to P2
2023-02-19 21:18:57,172 - INFO - [RECEIVER] - Sending update to P3
2023-02-19 21:18:58,173 - INFO - [RECEIVER] - Received LSA from P4 with SN: 7 and FLAG: 1
2023-02-19 21:18:58,174 - INFO - [RECEIVER] - Flag is set
2023-02-19 21:19:00,284 - INFO - [Thread-201] - Running Dijkstra: ({'P1': {'P2': 442, 'P3': 407}, 'P2': {'P4': 706, 'P1': 442}, 'P3': {'P4': 626, 'P1': 407}, 'P4': {'P2': 706, 'P3': 626}}, ['P1', 'P2', 'P3', 'P4'], {'P1': {'P2': 'SidRelay', 'P3': 'sveahosting'}, 'P2': {'P4': 'mentoreth', 'P1': 'SidRelay'}, 'P3': {'P4': 'Logforme3', 'P1': 'sveahosting'}, 'P4': {'P2': 'mentoreth', 'P3': 'Logforme3'}})
2023-02-19 21:19:02,478 - INFO - [RECEIVER] - Received LSA from P2 with SN: 8 and FLAG: 0
2023-02-19 21:19:05,318 - INFO - [RECEIVER] - Received LSA from P3 with SN: 7 and FLAG: 0
2023-02-19 21:19:06,173 - INFO - [Thread-229] - organizeGraph(graph_arg): [['P1', 'P2', 295, 'SidRelay'], ['P2', 'P4', 351, 'mentoreth'], ['P1', 'P3', 321, 'sveahosting'], ['P3', 'P4', 626, 'Logforme3']]
2023-02-19 21:19:12,523 - INFO - [Thread-214] - Running Dijkstra: ({'P1': {'P2': 295, 'P3': 321}, 'P2': {'P4': 351, 'P1': 295}, 'P3': {'P4': 626, 'P1': 321}, 'P4': {'P2': 351, 'P3': 626}}, ['P1', 'P2', 'P3', 'P4'], {'P1': {'P2': 'SidRelay', 'P3': 'sveahosting'}, 'P2': {'P4': 'mentoreth', 'P1': 'SidRelay'}, 'P3': {'P4': 'Logforme3', 'P1': 'sveahosting'}, 'P4': {'P2': 'mentoreth', 'P3': 'Logforme3'}})
2023-02-19 21:19:15,313 - INFO - [Thread-218] - Running Dijkstra: ({'P1': {'P2': 295, 'P3': 321}, 'P2': {'P4': 351, 'P1': 295}, 'P3': {'P4': 626, 'P1': 321}, 'P4': {'P2': 351, 'P3': 626}}, ['P1', 'P2', 'P3', 'P4'], {'P1': {'P2': 'SidRelay', 'P3': 'sveahosting'}, 'P2': {'P4': 'mentoreth', 'P1': 'SidRelay'}, 'P3': {'P4': 'Logforme3', 'P1': 'sveahosting'}, 'P4': {'P2': 'mentoreth', 'P3': 'Logforme3'}})
2023-02-19 21:19:17,981 - INFO - [RECEIVER] - Received LSA from P2 with SN: 8 and FLAG: 0
2023-02-19 21:19:20,348 - INFO - [RECEIVER] - Received LSA from P3 with SN: 8 and FLAG: 1
2023-02-19 21:19:20,349 - INFO - [RECEIVER] - Flag is set
2023-02-19 21:19:20,349 - INFO - [RECEIVER] - LSA SN is 8 greater than 7
2023-02-19 21:19:20,357 - INFO - [RECEIVER] - Sending update to P2
2023-02-19 21:19:21,245 - INFO - [Thread-224] - Running Dijkstra: ({'P1': {'P2': 295, 'P3': 321}, 'P2': {'P4': 351, 'P1': 295}, 'P3': {'P4': 626, 'P1': 321}, 'P4': {'P2': 351, 'P3': 626}}, ['P1', 'P2', 'P3', 'P4'], {'P1': {'P2': 'SidRelay', 'P3': 'sveahosting'}, 'P2': {'P4': 'mentoreth', 'P1': 'SidRelay'}, 'P3': {'P4': 'Logforme3', 'P1': 'sveahosting'}, 'P4': {'P2': 'mentoreth', 'P3': 'Logforme3'}})
2023-02-19 21:19:21,369 - INFO - [RECEIVER] - Received LSA from P3 with SN: 8 and FLAG: 1
2023-02-19 21:19:21,369 - INFO - [RECEIVER] - Flag is set
2023-02-19 21:19:30,357 - INFO - [Thread-248] - organizeGraph(graph_arg): [['P1', 'P2', 295, 'SidRelay'], ['P2', 'P4', 351, 'mentoreth'], ['P1', 'P3', 321, 'sveahosting'], ['P3', 'P4', 942, 'Logforme3']]
2023-02-19 21:19:33,062 - INFO - [RECEIVER] - Received LSA from P2 with SN: 10 and FLAG: 1
2023-02-19 21:19:33,062 - INFO - [RECEIVER] - Flag is set
2023-02-19 21:19:33,062 - INFO - [RECEIVER] - LSA SN is 10 greater than 8
2023-02-19 21:19:33,062 - INFO - [RECEIVER] - Sending update to P3
2023-02-19 21:19:34,438 - INFO - [RECEIVER] - Received LSA from P2 with SN: 10 and FLAG: 1
2023-02-19 21:19:34,438 - INFO - [RECEIVER] - Flag is set
2023-02-19 21:19:35,381 - INFO - [RECEIVER] - Received LSA from P3 with SN: 9 and FLAG: 1
2023-02-19 21:19:35,381 - INFO - [RECEIVER] - Flag is set
2023-02-19 21:19:35,382 - INFO - [RECEIVER] - LSA SN is 9 greater than 8
2023-02-19 21:19:35,390 - INFO - [RECEIVER] - Sending update to P2
2023-02-19 21:19:36,184 - INFO - [Thread-238] - Running Dijkstra: ({'P1': {'P2': 295, 'P3': 321}, 'P2': {'P4': 351, 'P1': 295}, 'P3': {'P4': 626, 'P1': 321}, 'P4': {'P2': 351, 'P3': 626}}, ['P1', 'P2', 'P3', 'P4'], {'P1': {'P2': 'SidRelay', 'P3': 'sveahosting'}, 'P2': {'P4': 'mentoreth', 'P1': 'SidRelay'}, 'P3': {'P4': 'Logforme3', 'P1': 'sveahosting'}, 'P4': {'P2': 'mentoreth', 'P3': 'Logforme3'}})
2023-02-19 21:19:36,427 - INFO - [RECEIVER] - Received LSA from P3 with SN: 9 and FLAG: 1
2023-02-19 21:19:36,427 - INFO - [RECEIVER] - Flag is set
2023-02-19 21:19:41,200 - INFO - [RECEIVER] - Received LSA from P4 with SN: 8 and FLAG: 1
2023-02-19 21:19:41,200 - INFO - [RECEIVER] - Flag is set
2023-02-19 21:19:41,200 - INFO - [RECEIVER] - LSA SN is 8 greater than 7
2023-02-19 21:19:41,201 - INFO - [RECEIVER] - Sending update to P2
2023-02-19 21:19:42,211 - INFO - [RECEIVER] - Sending update to P3
2023-02-19 21:19:43,076 - INFO - [Thread-261] - organizeGraph(graph_arg): [['P1', 'P2', 361, 'SidRelay'], ['P2', 'P4', 771, 'mentoreth'], ['P1', 'P3', 325, 'sveahosting'], ['P3', 'P4', 942, 'Logforme3']]
2023-02-19 21:19:43,427 - INFO - [RECEIVER] - Received LSA from P4 with SN: 8 and FLAG: 1
2023-02-19 21:19:43,428 - INFO - [RECEIVER] - Flag is set
2023-02-19 21:19:46,429 - INFO - [Thread-263] - organizeGraph(graph_arg): [['P1', 'P2', 361, 'SidRelay'], ['P2', 'P4', 771, 'mentoreth'], ['P1', 'P3', 325, 'sveahosting'], ['P3', 'P4', 942, 'Logforme3']]
2023-02-19 21:19:48,167 - INFO - [RECEIVER] - Received LSA from P2 with SN: 10 and FLAG: 0
2023-02-19 21:19:50,396 - INFO - [RECEIVER] - Received LSA from P3 with SN: 9 and FLAG: 0
2023-02-19 21:19:51,205 - INFO - [Thread-271] - organizeGraph(graph_arg): [['P1', 'P2', 361, 'SidRelay'], ['P2', 'P4', 771, 'mentoreth'], ['P1', 'P3', 325, 'sveahosting'], ['P3', 'P4', 942, 'Logforme3']]
2023-02-19 21:19:56,304 - INFO - [RECEIVER] - Received LSA from P4 with SN: 9 and FLAG: 1
2023-02-19 21:19:56,305 - INFO - [RECEIVER] - Flag is set
2023-02-19 21:19:56,306 - INFO - [RECEIVER] - LSA SN is 9 greater than 8
2023-02-19 21:19:56,306 - INFO - [RECEIVER] - Sending update to P2
2023-02-19 21:19:57,311 - INFO - [RECEIVER] - Sending update to P3
2023-02-19 21:19:58,316 - INFO - [RECEIVER] - Received LSA from P4 with SN: 9 and FLAG: 1
2023-02-19 21:19:58,316 - INFO - [RECEIVER] - Flag is set
2023-02-19 21:20:00,358 - INFO - [Thread-257] - Running Dijkstra: ({'P1': {'P2': 295, 'P3': 321}, 'P2': {'P4': 351, 'P1': 295}, 'P3': {'P4': 942, 'P1': 321}, 'P4': {'P2': 351, 'P3': 942}}, ['P1', 'P2', 'P3', 'P4'], {'P1': {'P2': 'SidRelay', 'P3': 'sveahosting'}, 'P2': {'P4': 'mentoreth', 'P1': 'SidRelay'}, 'P3': {'P4': 'Logforme3', 'P1': 'sveahosting'}, 'P4': {'P2': 'mentoreth', 'P3': 'Logforme3'}})
2023-02-19 21:20:03,172 - INFO - [RECEIVER] - Received LSA from P2 with SN: 10 and FLAG: 0
2023-02-19 21:20:05,410 - INFO - [RECEIVER] - Received LSA from P3 with SN: 10 and FLAG: 1
2023-02-19 21:20:05,410 - INFO - [RECEIVER] - Flag is set
2023-02-19 21:20:05,411 - INFO - [RECEIVER] - LSA SN is 10 greater than 9
2023-02-19 21:20:05,411 - INFO - [RECEIVER] - Sending update to P2
2023-02-19 21:20:06,306 - INFO - [Thread-287] - organizeGraph(graph_arg): [['P1', 'P2', 361, 'SidRelay'], ['P2', 'P4', 771, 'mentoreth'], ['P1', 'P3', 325, 'sveahosting'], ['P3', 'P4', 846, 'Logforme3']]
2023-02-19 21:20:06,413 - INFO - [RECEIVER] - Received LSA from P3 with SN: 10 and FLAG: 1
2023-02-19 21:20:06,414 - INFO - [RECEIVER] - Flag is set
2023-02-19 21:20:13,078 - INFO - [Thread-272] - Running Dijkstra: ({'P1': {'P2': 361, 'P3': 325}, 'P2': {'P4': 771, 'P1': 361}, 'P3': {'P4': 942, 'P1': 325}, 'P4': {'P2': 771, 'P3': 942}}, ['P1', 'P2', 'P3', 'P4'], {'P1': {'P2': 'SidRelay', 'P3': 'sveahosting'}, 'P2': {'P4': 'mentoreth', 'P1': 'SidRelay'}, 'P3': {'P4': 'Logforme3', 'P1': 'sveahosting'}, 'P4': {'P2': 'mentoreth', 'P3': 'Logforme3'}})
2023-02-19 21:20:15,457 - INFO - [Thread-293] - organizeGraph(graph_arg): [['P1', 'P2', 361, 'SidRelay'], ['P2', 'P4', 771, 'mentoreth'], ['P1', 'P3', 325, 'sveahosting'], ['P3', 'P4', 846, 'Logforme3']]
2023-02-19 21:20:16,471 - INFO - [Thread-277] - Running Dijkstra: ({'P1': {'P2': 361, 'P3': 325}, 'P2': {'P4': 771, 'P1': 361}, 'P3': {'P4': 942, 'P1': 325}, 'P4': {'P2': 771, 'P3': 942}}, ['P1', 'P2', 'P3', 'P4'], {'P1': {'P2': 'SidRelay', 'P3': 'sveahosting'}, 'P2': {'P4': 'mentoreth', 'P1': 'SidRelay'}, 'P3': {'P4': 'Logforme3', 'P1': 'sveahosting'}, 'P4': {'P2': 'mentoreth', 'P3': 'Logforme3'}})
2023-02-19 21:20:18,200 - INFO - [RECEIVER] - Received LSA from P2 with SN: 12 and FLAG: 1
2023-02-19 21:20:18,200 - INFO - [RECEIVER] - Flag is set
2023-02-19 21:20:18,200 - INFO - [RECEIVER] - LSA SN is 12 greater than 10
2023-02-19 21:20:18,202 - INFO - [RECEIVER] - Sending update to P3
2023-02-19 21:20:19,234 - INFO - [RECEIVER] - Received LSA from P2 with SN: 12 and FLAG: 1
2023-02-19 21:20:19,234 - INFO - [RECEIVER] - Flag is set
2023-02-19 21:20:20,471 - INFO - [RECEIVER] - Received LSA from P3 with SN: 11 and FLAG: 1
2023-02-19 21:20:20,472 - INFO - [RECEIVER] - Flag is set
2023-02-19 21:20:20,472 - INFO - [RECEIVER] - LSA SN is 11 greater than 10
2023-02-19 21:20:20,483 - INFO - [RECEIVER] - Sending update to P2
2023-02-19 21:20:21,209 - INFO - [Thread-282] - Running Dijkstra: ({'P1': {'P2': 361, 'P3': 325}, 'P2': {'P4': 771, 'P1': 361}, 'P3': {'P4': 942, 'P1': 325}, 'P4': {'P2': 771, 'P3': 942}}, ['P1', 'P2', 'P3', 'P4'], {'P1': {'P2': 'SidRelay', 'P3': 'sveahosting'}, 'P2': {'P4': 'mentoreth', 'P1': 'SidRelay'}, 'P3': {'P4': 'Logforme3', 'P1': 'sveahosting'}, 'P4': {'P2': 'mentoreth', 'P3': 'Logforme3'}})
2023-02-19 21:20:21,487 - INFO - [RECEIVER] - Received LSA from P3 with SN: 11 and FLAG: 1
2023-02-19 21:20:21,487 - INFO - [RECEIVER] - Flag is set
2023-02-19 21:20:28,203 - INFO - [Thread-307] - organizeGraph(graph_arg): [['P1', 'P2', 220, 'SidRelay'], ['P2', 'P4', 355, 'mentoreth'], ['P1', 'P3', 325, 'sveahosting'], ['P3', 'P4', 846, 'Logforme3']]
2023-02-19 21:20:30,483 - INFO - [Thread-309] - organizeGraph(graph_arg): [['P1', 'P2', 220, 'SidRelay'], ['P2', 'P4', 355, 'mentoreth'], ['P1', 'P3', 325, 'sveahosting'], ['P3', 'P4', 846, 'Logforme3']]
2023-02-19 21:20:33,230 - INFO - [RECEIVER] - Received LSA from P2 with SN: 12 and FLAG: 0
2023-02-19 21:20:35,489 - INFO - [RECEIVER] - Received LSA from P3 with SN: 11 and FLAG: 0
2023-02-19 21:20:36,307 - INFO - [Thread-294] - Running Dijkstra: ({'P1': {'P2': 361, 'P3': 325}, 'P2': {'P4': 771, 'P1': 361}, 'P3': {'P4': 846, 'P1': 325}, 'P4': {'P2': 771, 'P3': 846}}, ['P1', 'P2', 'P3', 'P4'], {'P1': {'P2': 'SidRelay', 'P3': 'sveahosting'}, 'P2': {'P4': 'mentoreth', 'P1': 'SidRelay'}, 'P3': {'P4': 'Logforme3', 'P1': 'sveahosting'}, 'P4': {'P2': 'mentoreth', 'P3': 'Logforme3'}})
2023-02-19 21:20:41,493 - INFO - [RECEIVER] - Received LSA from P4 with SN: 11 and FLAG: 1
2023-02-19 21:20:41,494 - INFO - [RECEIVER] - Flag is set
2023-02-19 21:20:41,494 - INFO - [RECEIVER] - LSA SN is 11 greater than 9
2023-02-19 21:20:41,505 - INFO - [RECEIVER] - Sending update to P2
2023-02-19 21:20:42,510 - INFO - [RECEIVER] - Sending update to P3
2023-02-19 21:20:43,944 - INFO - [RECEIVER] - Received LSA from P4 with SN: 11 and FLAG: 1
2023-02-19 21:20:43,945 - INFO - [RECEIVER] - Flag is set
2023-02-19 21:20:45,462 - INFO - [Thread-303] - Running Dijkstra: ({'P1': {'P2': 361, 'P3': 325}, 'P2': {'P4': 771, 'P1': 361}, 'P3': {'P4': 846, 'P1': 325}, 'P4': {'P2': 771, 'P3': 846}}, ['P1', 'P2', 'P3', 'P4'], {'P1': {'P2': 'SidRelay', 'P3': 'sveahosting'}, 'P2': {'P4': 'mentoreth', 'P1': 'SidRelay'}, 'P3': {'P4': 'Logforme3', 'P1': 'sveahosting'}, 'P4': {'P2': 'mentoreth', 'P3': 'Logforme3'}})
2023-02-19 21:20:48,252 - INFO - [RECEIVER] - Received LSA from P2 with SN: 12 and FLAG: 0
2023-02-19 21:20:50,510 - INFO - [RECEIVER] - Received LSA from P3 with SN: 11 and FLAG: 0
2023-02-19 21:20:51,504 - INFO - [Thread-331] - organizeGraph(graph_arg): [['P1', 'P2', 220, 'SidRelay'], ['P2', 'P4', 355, 'mentoreth'], ['P1', 'P3', 325, 'sveahosting'], ['P3', 'P4', 846, 'Logforme3']]
2023-02-19 21:20:58,207 - INFO - [Thread-317] - Running Dijkstra: ({'P1': {'P2': 220, 'P3': 325}, 'P2': {'P4': 355, 'P1': 220}, 'P3': {'P4': 846, 'P1': 325}, 'P4': {'P2': 355, 'P3': 846}}, ['P1', 'P2', 'P3', 'P4'], {'P1': {'P2': 'SidRelay', 'P3': 'sveahosting'}, 'P2': {'P4': 'mentoreth', 'P1': 'SidRelay'}, 'P3': {'P4': 'Logforme3', 'P1': 'sveahosting'}, 'P4': {'P2': 'mentoreth', 'P3': 'Logforme3'}})
2023-02-19 21:21:00,525 - INFO - [Thread-319] - Running Dijkstra: ({'P1': {'P2': 220, 'P3': 325}, 'P2': {'P4': 355, 'P1': 220}, 'P3': {'P4': 846, 'P1': 325}, 'P4': {'P2': 355, 'P3': 846}}, ['P1', 'P2', 'P3', 'P4'], {'P1': {'P2': 'SidRelay', 'P3': 'sveahosting'}, 'P2': {'P4': 'mentoreth', 'P1': 'SidRelay'}, 'P3': {'P4': 'Logforme3', 'P1': 'sveahosting'}, 'P4': {'P2': 'mentoreth', 'P3': 'Logforme3'}})
2023-02-19 21:21:03,302 - INFO - [RECEIVER] - Received LSA from P2 with SN: 14 and FLAG: 1
2023-02-19 21:21:03,302 - INFO - [RECEIVER] - Flag is set
2023-02-19 21:21:03,302 - INFO - [RECEIVER] - LSA SN is 14 greater than 12
2023-02-19 21:21:03,305 - INFO - [RECEIVER] - Sending update to P3
2023-02-19 21:21:04,308 - INFO - [RECEIVER] - Received LSA from P2 with SN: 14 and FLAG: 1
2023-02-19 21:21:04,308 - INFO - [RECEIVER] - Flag is set
2023-02-19 21:21:06,013 - INFO - [RECEIVER] - Received LSA from P3 with SN: 13 and FLAG: 1
2023-02-19 21:21:06,014 - INFO - [RECEIVER] - Flag is set
2023-02-19 21:21:06,014 - INFO - [RECEIVER] - LSA SN is 13 greater than 11
2023-02-19 21:21:06,036 - INFO - [RECEIVER] - Sending update to P2
2023-02-19 21:21:07,494 - INFO - [RECEIVER] - Received LSA from P3 with SN: 13 and FLAG: 1
2023-02-19 21:21:07,494 - INFO - [RECEIVER] - Flag is set
2023-02-19 21:21:13,316 - INFO - [Thread-349] - organizeGraph(graph_arg): [['P1', 'P2', 192, 'SidRelay'], ['P2', 'P4', 318, 'mentoreth'], ['P1', 'P3', 245, 'sveahosting'], ['P3', 'P4', 1136, 'Logforme3']]
2023-02-19 21:21:16,036 - INFO - [Thread-352] - organizeGraph(graph_arg): [['P1', 'P2', 192, 'SidRelay'], ['P2', 'P4', 318, 'mentoreth'], ['P1', 'P3', 245, 'sveahosting'], ['P3', 'P4', 1136, 'Logforme3']]
2023-02-19 21:21:18,385 - INFO - [RECEIVER] - Received LSA from P2 with SN: 14 and FLAG: 0
2023-02-19 21:21:21,060 - INFO - [RECEIVER] - Received LSA from P3 with SN: 13 and FLAG: 0
2023-02-19 21:21:21,608 - INFO - [Thread-340] - Running Dijkstra: ({'P1': {'P2': 220, 'P3': 325}, 'P2': {'P4': 355, 'P1': 220}, 'P3': {'P4': 846, 'P1': 325}, 'P4': {'P2': 355, 'P3': 846}}, ['P1', 'P2', 'P3', 'P4'], {'P1': {'P2': 'SidRelay', 'P3': 'sveahosting'}, 'P2': {'P4': 'mentoreth', 'P1': 'SidRelay'}, 'P3': {'P4': 'Logforme3', 'P1': 'sveahosting'}, 'P4': {'P2': 'mentoreth', 'P3': 'Logforme3'}})
2023-02-19 21:21:26,573 - INFO - [RECEIVER] - Received LSA from P4 with SN: 12 and FLAG: 1
2023-02-19 21:21:26,573 - INFO - [RECEIVER] - Flag is set
2023-02-19 21:21:26,573 - INFO - [RECEIVER] - LSA SN is 12 greater than 11
2023-02-19 21:21:26,593 - INFO - [RECEIVER] - Sending update to P2
2023-02-19 21:21:27,651 - INFO - [RECEIVER] - Sending update to P3
2023-02-19 21:21:28,661 - INFO - [RECEIVER] - Received LSA from P4 with SN: 12 and FLAG: 1
2023-02-19 21:21:28,661 - INFO - [RECEIVER] - Flag is set
2023-02-19 21:21:36,845 - INFO - [Thread-372] - organizeGraph(graph_arg): [['P1', 'P2', 192, 'SidRelay'], ['P2', 'P4', 318, 'mentoreth'], ['P1', 'P3', 245, 'sveahosting'], ['P3', 'P4', 1136, 'Logforme3']]
2023-02-19 21:21:39,414 - INFO - [RECEIVER] - Received LSA from P3 with SN: 13 and FLAG: 0
2023-02-19 21:21:39,451 - INFO - [RECEIVER] - Received LSA from P2 with SN: 14 and FLAG: 0
2023-02-19 21:21:43,325 - INFO - [Thread-358] - Running Dijkstra: ({'P1': {'P2': 192, 'P3': 245}, 'P2': {'P4': 318, 'P1': 192}, 'P3': {'P4': 1136, 'P1': 245}, 'P4': {'P2': 318, 'P3': 1136}}, ['P1', 'P2', 'P3', 'P4'], {'P1': {'P2': 'SidRelay', 'P3': 'sveahosting'}, 'P2': {'P4': 'mentoreth', 'P1': 'SidRelay'}, 'P3': {'P4': 'Logforme3', 'P1': 'sveahosting'}, 'P4': {'P2': 'mentoreth', 'P3': 'Logforme3'}})
2023-02-19 21:21:46,052 - INFO - [Thread-362] - Running Dijkstra: ({'P1': {'P2': 192, 'P3': 245}, 'P2': {'P4': 318, 'P1': 192}, 'P3': {'P4': 1136, 'P1': 245}, 'P4': {'P2': 318, 'P3': 1136}}, ['P1', 'P2', 'P3', 'P4'], {'P1': {'P2': 'SidRelay', 'P3': 'sveahosting'}, 'P2': {'P4': 'mentoreth', 'P1': 'SidRelay'}, 'P3': {'P4': 'Logforme3', 'P1': 'sveahosting'}, 'P4': {'P2': 'mentoreth', 'P3': 'Logforme3'}})
2023-02-19 21:21:48,406 - INFO - [RECEIVER] - Received LSA from P2 with SN: 14 and FLAG: 0
2023-02-19 21:21:51,118 - INFO - [RECEIVER] - Received LSA from P3 with SN: 13 and FLAG: 0
2023-02-19 21:21:56,770 - INFO - [RECEIVER] - Received LSA from P4 with SN: 13 and FLAG: 1
2023-02-19 21:21:56,770 - INFO - [RECEIVER] - Flag is set
2023-02-19 21:21:56,770 - INFO - [RECEIVER] - LSA SN is 13 greater than 12
2023-02-19 21:21:56,791 - INFO - [RECEIVER] - Sending update to P2
2023-02-19 21:21:57,823 - INFO - [RECEIVER] - Sending update to P3
2023-02-19 21:21:58,842 - INFO - [RECEIVER] - Received LSA from P4 with SN: 13 and FLAG: 1
2023-02-19 21:21:58,842 - INFO - [RECEIVER] - Flag is set
2023-02-19 21:22:03,438 - INFO - [RECEIVER] - Received LSA from P2 with SN: 16 and FLAG: 1
2023-02-19 21:22:03,438 - INFO - [RECEIVER] - Flag is set
2023-02-19 21:22:03,438 - INFO - [RECEIVER] - LSA SN is 16 greater than 14
2023-02-19 21:22:03,466 - INFO - [RECEIVER] - Sending update to P3
2023-02-19 21:22:04,476 - INFO - [RECEIVER] - Received LSA from P2 with SN: 16 and FLAG: 1
2023-02-19 21:22:04,477 - INFO - [RECEIVER] - Flag is set
2023-02-19 21:22:06,107 - INFO - [RECEIVER] - Received LSA from P3 with SN: 14 and FLAG: 1
2023-02-19 21:22:06,107 - INFO - [RECEIVER] - Flag is set
2023-02-19 21:22:06,107 - INFO - [RECEIVER] - LSA SN is 14 greater than 13
2023-02-19 21:22:06,135 - INFO - [RECEIVER] - Sending update to P2
2023-02-19 21:22:06,809 - INFO - [Thread-396] - organizeGraph(graph_arg): [['P1', 'P2', 173, 'SidRelay'], ['P2', 'P4', 597, 'mentoreth'], ['P1', 'P3', 463, 'sveahosting'], ['P3', 'P4', 1136, 'Logforme3']]
2023-02-19 21:22:06,853 - INFO - [Thread-377] - Running Dijkstra: ({'P1': {'P2': 192, 'P3': 245}, 'P2': {'P4': 318, 'P1': 192}, 'P3': {'P4': 1136, 'P1': 245}, 'P4': {'P2': 318, 'P3': 1136}}, ['P1', 'P2', 'P3', 'P4'], {'P1': {'P2': 'SidRelay', 'P3': 'sveahosting'}, 'P2': {'P4': 'mentoreth', 'P1': 'SidRelay'}, 'P3': {'P4': 'Logforme3', 'P1': 'sveahosting'}, 'P4': {'P2': 'mentoreth', 'P3': 'Logforme3'}})
2023-02-19 21:22:07,137 - INFO - [RECEIVER] - Received LSA from P3 with SN: 14 and FLAG: 1
2023-02-19 21:22:07,137 - INFO - [RECEIVER] - Flag is set
2023-02-19 21:22:13,466 - INFO - [Thread-402] - organizeGraph(graph_arg): [['P1', 'P2', 173, 'SidRelay'], ['P2', 'P4', 597, 'mentoreth'], ['P1', 'P3', 463, 'sveahosting'], ['P3', 'P4', 1136, 'Logforme3']]
2023-02-19 21:22:16,136 - INFO - [Thread-404] - organizeGraph(graph_arg): [['P1', 'P2', 173, 'SidRelay'], ['P2', 'P4', 597, 'mentoreth'], ['P1', 'P3', 463, 'sveahosting'], ['P3', 'P4', 1136, 'Logforme3']]
2023-02-19 21:22:18,470 - INFO - [RECEIVER] - Received LSA from P2 with SN: 16 and FLAG: 0
2023-02-19 21:22:25,227 - INFO - [RECEIVER] - Received LSA from P3 with SN: 14 and FLAG: 0
2023-02-19 21:22:33,474 - INFO - [RECEIVER] - Received LSA from P2 with SN: 16 and FLAG: 0
2023-02-19 21:22:36,357 - INFO - [RECEIVER] - Received LSA from P3 with SN: 14 and FLAG: 0
2023-02-19 21:22:36,836 - INFO - [Thread-405] - Running Dijkstra: ({'P1': {'P2': 173, 'P3': 463}, 'P2': {'P4': 597, 'P1': 173}, 'P3': {'P4': 1136, 'P1': 463}, 'P4': {'P2': 597, 'P3': 1136}}, ['P1', 'P2', 'P3', 'P4'], {'P1': {'P2': 'SidRelay', 'P3': 'sveahosting'}, 'P2': {'P4': 'mentoreth', 'P1': 'SidRelay'}, 'P3': {'P4': 'Logforme3', 'P1': 'sveahosting'}, 'P4': {'P2': 'mentoreth', 'P3': 'Logforme3'}})
2023-02-19 21:22:41,990 - INFO - [RECEIVER] - Received LSA from P4 with SN: 14 and FLAG: 1
2023-02-19 21:22:41,991 - INFO - [RECEIVER] - Flag is set
2023-02-19 21:22:41,991 - INFO - [RECEIVER] - LSA SN is 14 greater than 13
2023-02-19 21:22:42,005 - INFO - [RECEIVER] - Sending update to P2
2023-02-19 21:22:43,019 - INFO - [RECEIVER] - Sending update to P3
2023-02-19 21:22:43,471 - INFO - [Thread-413] - Running Dijkstra: ({'P1': {'P2': 173, 'P3': 463}, 'P2': {'P4': 597, 'P1': 173}, 'P3': {'P4': 1136, 'P1': 463}, 'P4': {'P2': 597, 'P3': 1136}}, ['P1', 'P2', 'P3', 'P4'], {'P1': {'P2': 'SidRelay', 'P3': 'sveahosting'}, 'P2': {'P4': 'mentoreth', 'P1': 'SidRelay'}, 'P3': {'P4': 'Logforme3', 'P1': 'sveahosting'}, 'P4': {'P2': 'mentoreth', 'P3': 'Logforme3'}})
2023-02-19 21:22:44,069 - INFO - [RECEIVER] - Received LSA from P4 with SN: 14 and FLAG: 1
2023-02-19 21:22:44,069 - INFO - [RECEIVER] - Flag is set
2023-02-19 21:22:46,246 - INFO - [Thread-415] - Running Dijkstra: ({'P1': {'P2': 173, 'P3': 463}, 'P2': {'P4': 597, 'P1': 173}, 'P3': {'P4': 1136, 'P1': 463}, 'P4': {'P2': 597, 'P3': 1136}}, ['P1', 'P2', 'P3', 'P4'], {'P1': {'P2': 'SidRelay', 'P3': 'sveahosting'}, 'P2': {'P4': 'mentoreth', 'P1': 'SidRelay'}, 'P3': {'P4': 'Logforme3', 'P1': 'sveahosting'}, 'P4': {'P2': 'mentoreth', 'P3': 'Logforme3'}})
2023-02-19 21:22:48,498 - INFO - [RECEIVER] - Received LSA from P2 with SN: 16 and FLAG: 0
2023-02-19 21:22:51,375 - INFO - [RECEIVER] - Received LSA from P3 with SN: 16 and FLAG: 1
2023-02-19 21:22:51,376 - INFO - [RECEIVER] - Flag is set
2023-02-19 21:22:51,376 - INFO - [RECEIVER] - LSA SN is 16 greater than 14
2023-02-19 21:22:51,383 - INFO - [RECEIVER] - Sending update to P2
2023-02-19 21:22:52,008 - INFO - [Thread-438] - organizeGraph(graph_arg): [['P1', 'P2', 173, 'SidRelay'], ['P2', 'P4', 597, 'mentoreth'], ['P1', 'P3', 555, 'sveahosting'], ['P3', 'P4', 2524, 'Logforme3']]
2023-02-19 21:22:52,493 - INFO - [RECEIVER] - Received LSA from P3 with SN: 16 and FLAG: 1
2023-02-19 21:22:52,493 - INFO - [RECEIVER] - Flag is set
2023-02-19 21:23:01,742 - INFO - [Thread-444] - organizeGraph(graph_arg): [['P1', 'P2', 173, 'SidRelay'], ['P2', 'P4', 597, 'mentoreth'], ['P1', 'P3', 555, 'sveahosting'], ['P3', 'P4', 2524, 'Logforme3']]
2023-02-19 21:23:03,512 - INFO - [RECEIVER] - Received LSA from P2 with SN: 18 and FLAG: 1
2023-02-19 21:23:03,512 - INFO - [RECEIVER] - Flag is set
2023-02-19 21:23:03,512 - INFO - [RECEIVER] - LSA SN is 18 greater than 16
2023-02-19 21:23:03,528 - INFO - [RECEIVER] - Sending update to P3
2023-02-19 21:23:04,551 - INFO - [RECEIVER] - Received LSA from P2 with SN: 18 and FLAG: 1
2023-02-19 21:23:04,551 - INFO - [RECEIVER] - Flag is set
2023-02-19 21:23:06,384 - INFO - [RECEIVER] - Received LSA from P3 with SN: 16 and FLAG: 0
2023-02-19 21:23:11,949 - INFO - [RECEIVER] - Received LSA from P4 with SN: 15 and FLAG: 1
2023-02-19 21:23:11,949 - INFO - [RECEIVER] - Flag is set
2023-02-19 21:23:11,950 - INFO - [RECEIVER] - LSA SN is 15 greater than 14
2023-02-19 21:23:11,953 - INFO - [RECEIVER] - Sending update to P2
2023-02-19 21:23:12,955 - INFO - [RECEIVER] - Sending update to P3
2023-02-19 21:23:13,528 - INFO - [Thread-458] - organizeGraph(graph_arg): [['P1', 'P2', 119, 'SidRelay'], ['P2', 'P4', 260, 'mentoreth'], ['P1', 'P3', 555, 'sveahosting'], ['P3', 'P4', 2524, 'Logforme3']]
2023-02-19 21:23:13,958 - INFO - [RECEIVER] - Received LSA from P4 with SN: 15 and FLAG: 1
2023-02-19 21:23:13,958 - INFO - [RECEIVER] - Flag is set
2023-02-19 21:23:18,544 - INFO - [RECEIVER] - Received LSA from P2 with SN: 18 and FLAG: 0
2023-02-19 21:23:21,576 - INFO - [RECEIVER] - Received LSA from P3 with SN: 16 and FLAG: 0
2023-02-19 21:23:21,962 - INFO - [Thread-465] - organizeGraph(graph_arg): [['P1', 'P2', 119, 'SidRelay'], ['P2', 'P4', 260, 'mentoreth'], ['P1', 'P3', 555, 'sveahosting'], ['P3', 'P4', 2524, 'Logforme3']]
2023-02-19 21:23:22,022 - INFO - [Thread-445] - Running Dijkstra: ({'P1': {'P2': 173, 'P3': 555}, 'P2': {'P4': 597, 'P1': 173}, 'P3': {'P4': 2524, 'P1': 555}, 'P4': {'P2': 597, 'P3': 2524}}, ['P1', 'P2', 'P3', 'P4'], {'P1': {'P2': 'SidRelay', 'P3': 'sveahosting'}, 'P2': {'P4': 'mentoreth', 'P1': 'SidRelay'}, 'P3': {'P4': 'Logforme3', 'P1': 'sveahosting'}, 'P4': {'P2': 'mentoreth', 'P3': 'Logforme3'}})
2023-02-19 21:23:27,017 - INFO - [RECEIVER] - Received LSA from P4 with SN: 16 and FLAG: 1
2023-02-19 21:23:27,017 - INFO - [RECEIVER] - Flag is set
2023-02-19 21:23:27,017 - INFO - [RECEIVER] - LSA SN is 16 greater than 15
2023-02-19 21:23:27,023 - INFO - [RECEIVER] - Sending update to P2
2023-02-19 21:23:28,187 - INFO - [RECEIVER] - Sending update to P3
2023-02-19 21:23:29,191 - INFO - [RECEIVER] - Received LSA from P4 with SN: 16 and FLAG: 1
2023-02-19 21:23:29,191 - INFO - [RECEIVER] - Flag is set
2023-02-19 21:23:31,777 - INFO - [Thread-454] - Running Dijkstra: ({'P1': {'P2': 173, 'P3': 555}, 'P2': {'P4': 597, 'P1': 173}, 'P3': {'P4': 2524, 'P1': 555}, 'P4': {'P2': 597, 'P3': 2524}}, ['P1', 'P2', 'P3', 'P4'], {'P1': {'P2': 'SidRelay', 'P3': 'sveahosting'}, 'P2': {'P4': 'mentoreth', 'P1': 'SidRelay'}, 'P3': {'P4': 'Logforme3', 'P1': 'sveahosting'}, 'P4': {'P2': 'mentoreth', 'P3': 'Logforme3'}})
2023-02-19 21:23:33,563 - INFO - [RECEIVER] - Received LSA from P2 with SN: 18 and FLAG: 0
2023-02-19 21:23:36,573 - INFO - [RECEIVER] - Received LSA from P3 with SN: 17 and FLAG: 1
2023-02-19 21:23:36,573 - INFO - [RECEIVER] - Flag is set
2023-02-19 21:23:36,573 - INFO - [RECEIVER] - LSA SN is 17 greater than 16
2023-02-19 21:23:36,580 - INFO - [RECEIVER] - Sending update to P2
2023-02-19 21:23:37,024 - INFO - [Thread-481] - organizeGraph(graph_arg): [['P1', 'P2', 119, 'SidRelay'], ['P2', 'P4', 260, 'mentoreth'], ['P1', 'P3', 563, 'sveahosting'], ['P3', 'P4', 2524, 'Logforme3']]
2023-02-19 21:23:37,584 - INFO - [RECEIVER] - Received LSA from P3 with SN: 17 and FLAG: 1
2023-02-19 21:23:37,584 - INFO - [RECEIVER] - Flag is set
2023-02-19 21:23:43,544 - INFO - [Thread-466] - Running Dijkstra: ({'P1': {'P2': 119, 'P3': 555}, 'P2': {'P4': 260, 'P1': 119}, 'P3': {'P4': 2524, 'P1': 555}, 'P4': {'P2': 260, 'P3': 2524}}, ['P1', 'P2', 'P3', 'P4'], {'P1': {'P2': 'SidRelay', 'P3': 'sveahosting'}, 'P2': {'P4': 'mentoreth', 'P1': 'SidRelay'}, 'P3': {'P4': 'Logforme3', 'P1': 'sveahosting'}, 'P4': {'P2': 'mentoreth', 'P3': 'Logforme3'}})
2023-02-19 21:23:46,582 - INFO - [Thread-488] - organizeGraph(graph_arg): [['P1', 'P2', 119, 'SidRelay'], ['P2', 'P4', 260, 'mentoreth'], ['P1', 'P3', 563, 'sveahosting'], ['P3', 'P4', 2524, 'Logforme3']]
2023-02-19 21:23:48,566 - INFO - [RECEIVER] - Received LSA from P2 with SN: 20 and FLAG: 1
2023-02-19 21:23:48,566 - INFO - [RECEIVER] - Flag is set
2023-02-19 21:23:48,566 - INFO - [RECEIVER] - LSA SN is 20 greater than 18
2023-02-19 21:23:48,578 - INFO - [RECEIVER] - Sending update to P3
2023-02-19 21:23:49,580 - INFO - [RECEIVER] - Received LSA from P2 with SN: 20 and FLAG: 1
2023-02-19 21:23:49,580 - INFO - [RECEIVER] - Flag is set
2023-02-19 21:23:51,602 - INFO - [RECEIVER] - Received LSA from P3 with SN: 17 and FLAG: 0
2023-02-19 21:23:51,969 - INFO - [Thread-475] - Running Dijkstra: ({'P1': {'P2': 119, 'P3': 555}, 'P2': {'P4': 260, 'P1': 119}, 'P3': {'P4': 2524, 'P1': 555}, 'P4': {'P2': 260, 'P3': 2524}}, ['P1', 'P2', 'P3', 'P4'], {'P1': {'P2': 'SidRelay', 'P3': 'sveahosting'}, 'P2': {'P4': 'mentoreth', 'P1': 'SidRelay'}, 'P3': {'P4': 'Logforme3', 'P1': 'sveahosting'}, 'P4': {'P2': 'mentoreth', 'P3': 'Logforme3'}})
2023-02-19 21:23:57,004 - INFO - [RECEIVER] - Received LSA from P4 with SN: 17 and FLAG: 1
2023-02-19 21:23:57,004 - INFO - [RECEIVER] - Flag is set
2023-02-19 21:23:57,004 - INFO - [RECEIVER] - LSA SN is 17 greater than 16
2023-02-19 21:23:57,016 - INFO - [RECEIVER] - Sending update to P2
2023-02-19 21:23:58,018 - INFO - [RECEIVER] - Sending update to P3
2023-02-19 21:23:58,577 - INFO - [Thread-502] - organizeGraph(graph_arg): [['P1', 'P2', 123, 'SidRelay'], ['P2', 'P4', 522, 'mentoreth'], ['P1', 'P3', 563, 'sveahosting'], ['P3', 'P4', 2524, 'Logforme3']]
2023-02-19 21:23:59,020 - INFO - [RECEIVER] - Received LSA from P4 with SN: 17 and FLAG: 1
2023-02-19 21:23:59,020 - INFO - [RECEIVER] - Flag is set
2023-02-19 21:24:03,586 - INFO - [RECEIVER] - Received LSA from P2 with SN: 20 and FLAG: 0
2023-02-19 21:24:06,602 - INFO - [RECEIVER] - Received LSA from P3 with SN: 18 and FLAG: 1
2023-02-19 21:24:06,602 - INFO - [RECEIVER] - Flag is set
2023-02-19 21:24:06,602 - INFO - [RECEIVER] - LSA SN is 18 greater than 17
2023-02-19 21:24:06,612 - INFO - [RECEIVER] - Sending update to P2
2023-02-19 21:24:07,016 - INFO - [Thread-508] - organizeGraph(graph_arg): [['P1', 'P2', 123, 'SidRelay'], ['P2', 'P4', 522, 'mentoreth'], ['P1', 'P3', 563, 'sveahosting'], ['P3', 'P4', 1855, 'Logforme3']]
2023-02-19 21:24:07,036 - INFO - [Thread-489] - Running Dijkstra: ({'P1': {'P2': 119, 'P3': 563}, 'P2': {'P4': 260, 'P1': 119}, 'P3': {'P4': 2524, 'P1': 563}, 'P4': {'P2': 260, 'P3': 2524}}, ['P1', 'P2', 'P3', 'P4'], {'P1': {'P2': 'SidRelay', 'P3': 'sveahosting'}, 'P2': {'P4': 'mentoreth', 'P1': 'SidRelay'}, 'P3': {'P4': 'Logforme3', 'P1': 'sveahosting'}, 'P4': {'P2': 'mentoreth', 'P3': 'Logforme3'}})
2023-02-19 21:24:07,614 - INFO - [RECEIVER] - Received LSA from P3 with SN: 18 and FLAG: 1
2023-02-19 21:24:07,615 - INFO - [RECEIVER] - Flag is set
2023-02-19 21:24:11,980 - INFO - [RECEIVER] - Received LSA from P4 with SN: 18 and FLAG: 1
2023-02-19 21:24:11,981 - INFO - [RECEIVER] - Flag is set
2023-02-19 21:24:11,981 - INFO - [RECEIVER] - LSA SN is 18 greater than 17
2023-02-19 21:24:12,004 - INFO - [RECEIVER] - Sending update to P2
2023-02-19 21:24:13,007 - INFO - [RECEIVER] - Sending update to P3
2023-02-19 21:24:14,008 - INFO - [RECEIVER] - Received LSA from P4 with SN: 18 and FLAG: 1
2023-02-19 21:24:14,008 - INFO - [RECEIVER] - Flag is set
2023-02-19 21:24:16,585 - INFO - [Thread-498] - Running Dijkstra: ({'P1': {'P2': 119, 'P3': 563}, 'P2': {'P4': 260, 'P1': 119}, 'P3': {'P4': 2524, 'P1': 563}, 'P4': {'P2': 260, 'P3': 2524}}, ['P1', 'P2', 'P3', 'P4'], {'P1': {'P2': 'SidRelay', 'P3': 'sveahosting'}, 'P2': {'P4': 'mentoreth', 'P1': 'SidRelay'}, 'P3': {'P4': 'Logforme3', 'P1': 'sveahosting'}, 'P4': {'P2': 'mentoreth', 'P3': 'Logforme3'}})
2023-02-19 21:24:16,610 - INFO - [Thread-518] - organizeGraph(graph_arg): [['P1', 'P2', 123, 'SidRelay'], ['P2', 'P4', 522, 'mentoreth'], ['P1', 'P3', 563, 'sveahosting'], ['P3', 'P4', 1855, 'Logforme3']]
2023-02-19 21:24:18,601 - INFO - [RECEIVER] - Received LSA from P2 with SN: 20 and FLAG: 0
2023-02-19 21:24:21,622 - INFO - [RECEIVER] - Received LSA from P3 with SN: 18 and FLAG: 0
2023-02-19 21:24:22,004 - INFO - [Thread-524] - organizeGraph(graph_arg): [['P1', 'P2', 123, 'SidRelay'], ['P2', 'P4', 522, 'mentoreth'], ['P1', 'P3', 563, 'sveahosting'], ['P3', 'P4', 1855, 'Logforme3']]
2023-02-19 21:24:28,585 - INFO - [Thread-509] - Running Dijkstra: ({'P1': {'P2': 123, 'P3': 563}, 'P2': {'P4': 522, 'P1': 123}, 'P3': {'P4': 2524, 'P1': 563}, 'P4': {'P2': 522, 'P3': 2524}}, ['P1', 'P2', 'P3', 'P4'], {'P1': {'P2': 'SidRelay', 'P3': 'sveahosting'}, 'P2': {'P4': 'mentoreth', 'P1': 'SidRelay'}, 'P3': {'P4': 'Logforme3', 'P1': 'sveahosting'}, 'P4': {'P2': 'mentoreth', 'P3': 'Logforme3'}})
2023-02-19 21:24:33,623 - INFO - [RECEIVER] - Received LSA from P2 with SN: 22 and FLAG: 1
2023-02-19 21:24:33,623 - INFO - [RECEIVER] - Flag is set
2023-02-19 21:24:33,623 - INFO - [RECEIVER] - LSA SN is 22 greater than 20
2023-02-19 21:24:33,653 - INFO - [RECEIVER] - Sending update to P3
2023-02-19 21:24:34,656 - INFO - [RECEIVER] - Received LSA from P2 with SN: 22 and FLAG: 1
2023-02-19 21:24:34,656 - INFO - [RECEIVER] - Flag is set
2023-02-19 21:24:36,632 - INFO - [RECEIVER] - Received LSA from P3 with SN: 19 and FLAG: 1
2023-02-19 21:24:36,633 - INFO - [RECEIVER] - Flag is set
2023-02-19 21:24:36,633 - INFO - [RECEIVER] - LSA SN is 19 greater than 18
2023-02-19 21:24:36,654 - INFO - [RECEIVER] - Sending update to P2
2023-02-19 21:24:37,021 - INFO - [Thread-519] - Running Dijkstra: ({'P1': {'P2': 123, 'P3': 563}, 'P2': {'P4': 522, 'P1': 123}, 'P3': {'P4': 1855, 'P1': 563}, 'P4': {'P2': 522, 'P3': 1855}}, ['P1', 'P2', 'P3', 'P4'], {'P1': {'P2': 'SidRelay', 'P3': 'sveahosting'}, 'P2': {'P4': 'mentoreth', 'P1': 'SidRelay'}, 'P3': {'P4': 'Logforme3', 'P1': 'sveahosting'}, 'P4': {'P2': 'mentoreth', 'P3': 'Logforme3'}})
2023-02-19 21:24:37,661 - INFO - [RECEIVER] - Received LSA from P3 with SN: 19 and FLAG: 1
2023-02-19 21:24:37,662 - INFO - [RECEIVER] - Flag is set
2023-02-19 21:24:43,653 - INFO - [Thread-546] - organizeGraph(graph_arg): [['P1', 'P2', 120, 'SidRelay'], ['P2', 'P4', 360, 'mentoreth'], ['P1', 'P3', 686, 'sveahosting'], ['P3', 'P4', 1855, 'Logforme3']]
2023-02-19 21:24:46,621 - INFO - [Thread-529] - Running Dijkstra: ({'P1': {'P2': 123, 'P3': 563}, 'P2': {'P4': 522, 'P1': 123}, 'P3': {'P4': 1855, 'P1': 563}, 'P4': {'P2': 522, 'P3': 1855}}, ['P1', 'P2', 'P3', 'P4'], {'P1': {'P2': 'SidRelay', 'P3': 'sveahosting'}, 'P2': {'P4': 'mentoreth', 'P1': 'SidRelay'}, 'P3': {'P4': 'Logforme3', 'P1': 'sveahosting'}, 'P4': {'P2': 'mentoreth', 'P3': 'Logforme3'}})
2023-02-19 21:24:46,654 - INFO - [Thread-548] - organizeGraph(graph_arg): [['P1', 'P2', 120, 'SidRelay'], ['P2', 'P4', 360, 'mentoreth'], ['P1', 'P3', 686, 'sveahosting'], ['P3', 'P4', 1855, 'Logforme3']]
2023-02-19 21:24:48,636 - INFO - [RECEIVER] - Received LSA from P2 with SN: 22 and FLAG: 0
2023-02-19 21:24:51,652 - INFO - [RECEIVER] - Received LSA from P3 with SN: 19 and FLAG: 0
2023-02-19 21:24:52,010 - INFO - [Thread-534] - Running Dijkstra: ({'P1': {'P2': 123, 'P3': 563}, 'P2': {'P4': 522, 'P1': 123}, 'P3': {'P4': 1855, 'P1': 563}, 'P4': {'P2': 522, 'P3': 1855}}, ['P1', 'P2', 'P3', 'P4'], {'P1': {'P2': 'SidRelay', 'P3': 'sveahosting'}, 'P2': {'P4': 'mentoreth', 'P1': 'SidRelay'}, 'P3': {'P4': 'Logforme3', 'P1': 'sveahosting'}, 'P4': {'P2': 'mentoreth', 'P3': 'Logforme3'}})
2023-02-19 21:24:57,092 - INFO - [RECEIVER] - Received LSA from P4 with SN: 19 and FLAG: 1
2023-02-19 21:24:57,092 - INFO - [RECEIVER] - Flag is set
2023-02-19 21:24:57,092 - INFO - [RECEIVER] - LSA SN is 19 greater than 18
2023-02-19 21:24:57,106 - INFO - [RECEIVER] - Sending update to P2
2023-02-19 21:24:58,112 - INFO - [RECEIVER] - Sending update to P3
2023-02-19 21:24:59,160 - INFO - [RECEIVER] - Received LSA from P4 with SN: 19 and FLAG: 1
2023-02-19 21:24:59,161 - INFO - [RECEIVER] - Flag is set
2023-02-19 21:25:03,643 - INFO - [RecvLoop_185.181] - On destroy: circuit #80000001
2023-02-19 21:25:03,661 - INFO - [RecvLoop_185.181] - Destroy circuit #80000001
2023-02-19 21:25:03,664 - INFO - [RecvLoop_185.181] - Stream #4: closing (state = Connected)...
2023-02-19 21:25:03,663 - INFO - [RECEIVER] - Received LSA from P2 with SN: 22 and FLAG: 0
2023-02-19 21:25:05,018 - INFO - [RecvLoop_185.181] - On destroy: circuit #80000002
2023-02-19 21:25:05,018 - INFO - [RecvLoop_185.181] - Destroy circuit #80000002
2023-02-19 21:25:05,018 - INFO - [RecvLoop_185.181] - Stream #3: closing (state = Connected)...
