1677420286.1914525;P4;PEER ENTERED;
1677420287.0282874;P4;NEIGHBOUR CONNECTION;P2
1677420287.0425823;P4;NEIGHBOUR CONNECTION;P3
1677420288.1484823;P4;HB SENT;Payload: 111 bytes
1677420290.764332;P4;HB SENT;Payload: 111 bytes
1677420291.205522;P4;HB SENT;Payload: 105 bytes
1677420291.206165;P4;HB SENT;Payload: 105 bytes
1677420291.289729;P4;MEASURED LATENCY;{'P3': 85}
1677420291.2911148;P4;MEASURED LATENCY;{'P2': 86}
1677420292.5166318;P4;TOPOLOGY UPDATE;{"P1": {"P2": 100, "P3": 100}, "P2": {"P4": 100, "P1": 100}, "P3": {"P4": 100, "P1": 100}, "P4": {"P2": 100, "P3": 100}}
1677420292.5174863;P4;LSA SENT;Payload: 360 bytes
1677420293.5201697;P4;LSA SENT;Payload: 360 bytes
1677420294.5228183;P4;HB SENT;Payload: 111 bytes
1677420295.7895987;P4;TOPOLOGY UPDATE;{"P1": {"P2": 100, "P3": 100}, "P2": {"P4": 100, "P1": 100}, "P3": {"P4": 100, "P1": 100}, "P4": {"P2": 100, "P3": 100}}
1677420295.7946947;P4;LSA SENT;Payload: 360 bytes
1677420296.2071667;P4;HB SENT;Payload: 105 bytes
1677420296.2074935;P4;HB SENT;Payload: 105 bytes
1677420296.7961948;P4;HB SENT;Payload: 111 bytes
1677420296.7964814;P4;MEASURED LATENCY;{'P2': 589}
1677420297.842622;P4;MEASURED LATENCY;{'P3': 1636}
1677420298.1495564;P4;TOPOLOGY UPDATE;{"P1": {"P2": 100, "P3": 100}, "P2": {"P4": 100, "P1": 100}, "P3": {"P4": 100, "P1": 100}, "P4": {"P2": 100, "P3": 100}}
1677420298.1501353;P4;LSA SENT;Payload: 360 bytes
1677420299.1521626;P4;HB SENT;Payload: 111 bytes
1677420300.7885983;P4;HB SENT;Payload: 111 bytes
1677420301.2102804;P4;LSA SENT;Payload: 230 bytes
1677420301.210977;P4;LSA SENT;Payload: 230 bytes
1677420301.2122264;P4;HB SENT;Payload: 105 bytes
1677420301.21255;P4;HB SENT;Payload: 105 bytes
1677420303.1668198;P4;HB SENT;Payload: 111 bytes
1677420305.798444;P4;HB SENT;Payload: 111 bytes
1677420306.2194874;P4;HB SENT;Payload: 105 bytes
1677420306.2200696;P4;HB SENT;Payload: 105 bytes
1677420306.3043108;P4;MEASURED LATENCY;{'P3': 85}
1677420306.3140216;P4;MEASURED LATENCY;{'P2': 95}
1677420308.183705;P4;HB SENT;Payload: 111 bytes
1677420310.9024572;P4;HB SENT;Payload: 111 bytes
1677420311.225978;P4;HB SENT;Payload: 105 bytes
1677420311.2264843;P4;HB SENT;Payload: 105 bytes
1677420311.3118088;P4;MEASURED LATENCY;{'P3': 87}
1677420311.3168304;P4;MEASURED LATENCY;{'P2': 92}
1677420313.2083077;P4;HB SENT;Payload: 111 bytes
1677420315.9356823;P4;HB SENT;Payload: 111 bytes
1677420316.230229;P4;LSA SENT;Payload: 230 bytes
1677420316.2309043;P4;LSA SENT;Payload: 230 bytes
1677420316.2313628;P4;HB SENT;Payload: 105 bytes
1677420316.231579;P4;HB SENT;Payload: 105 bytes
1677420318.223773;P4;HB SENT;Payload: 111 bytes
1677420320.8268456;P4;HB SENT;Payload: 111 bytes
1677420321.2366288;P4;HB SENT;Payload: 105 bytes
1677420321.2373192;P4;HB SENT;Payload: 105 bytes
1677420321.3207574;P4;MEASURED LATENCY;{'P3': 85}
1677420321.3500226;P4;MEASURED LATENCY;{'P2': 114}
1677420322.518275;P4;LEAST COST PATH;{"P1": ["P2"], "P2": ["P4"], "P3": ["P4"], "P4": []}
1677420323.2432585;P4;HB SENT;Payload: 111 bytes
1677420325.793681;P4;LEAST COST PATH;{"P1": ["P2"], "P2": ["P4"], "P3": ["P4"], "P4": []}
1677420325.913243;P4;HB SENT;Payload: 111 bytes
1677420326.2457314;P4;HB SENT;Payload: 105 bytes
1677420326.2468154;P4;HB SENT;Payload: 105 bytes
1677420326.339832;P4;MEASURED LATENCY;{'P3': 95}
1677420326.344415;P4;MEASURED LATENCY;{'P2': 99}
1677420327.5624192;P4;LOOKUP RECEIVED;[{"Message": "LOOKUP", "Destination": "P4", "Source": "P1", "ID": 1677420327483, "Path": ["P1", "P2", "P4"]}]
1677420328.1526203;P4;LEAST COST PATH;{"P1": ["P2"], "P2": ["P4"], "P3": ["P4"], "P4": []}
1677420328.2557166;P4;HB SENT;Payload: 111 bytes
1677420330.8504999;P4;HB SENT;Payload: 111 bytes
1677420331.2469993;P4;LSA SENT;Payload: 230 bytes
1677420331.2476108;P4;LSA SENT;Payload: 230 bytes
1677420331.2512681;P4;HB SENT;Payload: 105 bytes
1677420331.251907;P4;HB SENT;Payload: 105 bytes
1677420331.399664;P4;MEASURED LATENCY;{'P3': 149}
1677420331.4149218;P4;MEASURED LATENCY;{'P2': 164}
1677420333.2609973;P4;HB SENT;Payload: 111 bytes
1677420334.5637958;P4;LOOKUP RECEIVED;[{"Message": "LOOKUP", "Destination": "P4", "Source": "P1", "ID": 1677420334491, "Path": ["P1", "P2", "P4"]}]
1677420335.845375;P4;HB SENT;Payload: 111 bytes
1677420336.2591882;P4;HB SENT;Payload: 105 bytes
1677420336.260579;P4;HB SENT;Payload: 105 bytes
1677420336.339675;P4;MEASURED LATENCY;{'P3': 81}
1677420336.3451288;P4;MEASURED LATENCY;{'P2': 86}
1677420337.5577018;P4;LSA SENT;Payload: 360 bytes
1677420338.5594895;P4;LSA SENT;Payload: 360 bytes
1677420339.5623286;P4;HB SENT;Payload: 111 bytes
1677420340.6218057;P4;LOOKUP RECEIVED;[{"Message": "LOOKUP", "Destination": "P4", "Source": "P1", "ID": 1677420340499, "Path": ["P1", "P2", "P4"]}]
1677420340.872636;P4;LSA SENT;Payload: 360 bytes
1677420341.2675586;P4;HB SENT;Payload: 105 bytes
1677420341.2690454;P4;HB SENT;Payload: 105 bytes
1677420341.8739736;P4;HB SENT;Payload: 111 bytes
1677420341.8781621;P4;MEASURED LATENCY;{'P2': 611}
1677420342.8796277;P4;MEASURED LATENCY;{'P3': 1613}
1677420343.203271;P4;LSA SENT;Payload: 360 bytes
1677420344.20674;P4;HB SENT;Payload: 111 bytes
1677420345.5702353;P4;LOOKUP RECEIVED;[{"Message": "LOOKUP", "Destination": "P4", "Source": "P1", "ID": 1677420345507, "Path": ["P1", "P2", "P4"]}]
1677420345.8938367;P4;HB SENT;Payload: 111 bytes
1677420346.2637222;P4;LSA SENT;Payload: 230 bytes
1677420346.2641983;P4;LSA SENT;Payload: 230 bytes
1677420346.2757454;P4;HB SENT;Payload: 105 bytes
1677420346.277181;P4;HB SENT;Payload: 105 bytes
1677420346.4242883;P4;MEASURED LATENCY;{'P3': 149}
1677420346.4244196;P4;APPLIED LATENCY;{"P3": 149}
1677420346.4440272;P4;MEASURED LATENCY;{'P2': 169}
1677420346.4441383;P4;APPLIED LATENCY;{"P2": 169}
1677420347.557826;P4;TOPOLOGY UPDATE;{"P1": {"P2": 576, "P3": 150}, "P2": {"P4": 232, "P1": 576}, "P3": {"P4": 327, "P1": 150}, "P4": {"P2": 232, "P3": 327}}
1677420348.2818408;P4;HB SENT;Payload: 111 bytes
1677420350.6307714;P4;LOOKUP RECEIVED;[{"Message": "LOOKUP", "Destination": "P4", "Source": "P1", "ID": 1677420350514, "Path": ["P1", "P2", "P4"]}]
1677420350.8724613;P4;TOPOLOGY UPDATE;{"P1": {"P2": 576, "P3": 150}, "P2": {"P4": 232, "P1": 576}, "P3": {"P4": 327, "P1": 150}, "P4": {"P2": 232, "P3": 327}}
1677420350.925907;P4;HB SENT;Payload: 111 bytes
1677420351.2836316;P4;HB SENT;Payload: 105 bytes
1677420351.2851186;P4;HB SENT;Payload: 105 bytes
1677420351.3649688;P4;MEASURED LATENCY;{'P3': 82}
1677420351.5235574;P4;MEASURED LATENCY;{'P2': 241}
1677420353.202972;P4;TOPOLOGY UPDATE;{"P1": {"P2": 576, "P3": 150}, "P2": {"P4": 232, "P1": 576}, "P3": {"P4": 327, "P1": 150}, "P4": {"P2": 232, "P3": 327}}
1677420353.289031;P4;HB SENT;Payload: 111 bytes
1677420355.5927079;P4;LOOKUP RECEIVED;[{"Message": "LOOKUP", "Destination": "P4", "Source": "P1", "ID": 1677420355520, "Path": ["P1", "P2", "P4"]}]
1677420355.9368765;P4;HB SENT;Payload: 111 bytes
1677420356.2911494;P4;HB SENT;Payload: 105 bytes
1677420356.2927861;P4;HB SENT;Payload: 105 bytes
1677420356.372897;P4;MEASURED LATENCY;{'P3': 82}
1677420356.3770785;P4;MEASURED LATENCY;{'P2': 86}
1677420358.3049922;P4;HB SENT;Payload: 111 bytes
1677420360.876715;P4;HB SENT;Payload: 111 bytes
1677420361.2802074;P4;LSA SENT;Payload: 231 bytes
1677420361.2807674;P4;LSA SENT;Payload: 231 bytes
1677420361.2989936;P4;HB SENT;Payload: 105 bytes
1677420361.2993135;P4;HB SENT;Payload: 105 bytes
1677420362.3791082;P4;MEASURED LATENCY;{'P3': 1080}
1677420362.381291;P4;MEASURED LATENCY;{'P2': 1082}
1677420362.593017;P4;LOOKUP RECEIVED;[{"Message": "LOOKUP", "Destination": "P4", "Source": "P1", "ID": 1677420362529, "Path": ["P1", "P2", "P4"]}]
1677420363.303108;P4;HB SENT;Payload: 111 bytes
1677420365.884648;P4;HB SENT;Payload: 111 bytes
1677420366.3060327;P4;HB SENT;Payload: 105 bytes
1677420366.3068242;P4;HB SENT;Payload: 105 bytes
1677420366.3933892;P4;MEASURED LATENCY;{'P3': 87}
1677420366.397189;P4;MEASURED LATENCY;{'P2': 91}
1677420368.3170853;P4;HB SENT;Payload: 111 bytes
1677420370.6285467;P4;LOOKUP RECEIVED;[{"Message": "LOOKUP", "Destination": "P4", "Source": "P1", "ID": 1677420370540, "Path": ["P1", "P2", "P4"]}]
1677420370.957719;P4;HB SENT;Payload: 111 bytes
1677420371.3139405;P4;HB SENT;Payload: 105 bytes
1677420371.31514;P4;HB SENT;Payload: 105 bytes
1677420371.3914216;P4;MEASURED LATENCY;{'P3': 78}
1677420371.3974771;P4;MEASURED LATENCY;{'P2': 84}
1677420373.3195195;P4;HB SENT;Payload: 111 bytes
1677420375.6253762;P4;LOOKUP RECEIVED;[{"Message": "LOOKUP", "Destination": "P4", "Source": "P1", "ID": 1677420375547, "Path": ["P1", "P2", "P4"]}]
1677420375.898172;P4;HB SENT;Payload: 111 bytes
1677420376.296424;P4;LSA SENT;Payload: 231 bytes
1677420376.2968383;P4;LSA SENT;Payload: 231 bytes
1677420376.3210502;P4;HB SENT;Payload: 105 bytes
1677420376.3214211;P4;HB SENT;Payload: 105 bytes
1677420376.4574697;P4;MEASURED LATENCY;{'P3': 136}
1677420376.4618728;P4;MEASURED LATENCY;{'P2': 141}
1677420377.5609338;P4;LEAST COST PATH;{"P1": ["P2", "P3"], "P2": ["P4"], "P3": ["P4"], "P4": []}
1677420378.328366;P4;HB SENT;Payload: 111 bytes
1677420380.8743534;P4;LEAST COST PATH;{"P1": ["P2", "P3"], "P2": ["P4"], "P3": ["P4"], "P4": []}
1677420380.9090805;P4;HB SENT;Payload: 111 bytes
1677420381.3269796;P4;HB SENT;Payload: 105 bytes
1677420381.327677;P4;HB SENT;Payload: 105 bytes
1677420381.423926;P4;MEASURED LATENCY;{'P3': 98}
1677420381.4244692;P4;MEASURED LATENCY;{'P2': 98}
1677420382.6004663;P4;LSA SENT;Payload: 360 bytes
1677420383.2044506;P4;LEAST COST PATH;{"P1": ["P2", "P3"], "P2": ["P4"], "P3": ["P4"], "P4": []}
1677420383.6027331;P4;LSA SENT;Payload: 360 bytes
1677420384.6044784;P4;HB SENT;Payload: 111 bytes
1677420384.6052332;P4;LOOKUP RECEIVED;[{"Message": "LOOKUP", "Destination": "P4", "Source": "P1", "ID": 1677420382556, "Path": ["P1", "P2", "P4"]}]
1677420385.8929935;P4;LSA SENT;Payload: 360 bytes
1677420386.3350914;P4;HB SENT;Payload: 105 bytes
1677420386.335646;P4;HB SENT;Payload: 105 bytes
1677420386.8965204;P4;HB SENT;Payload: 111 bytes
1677420386.897944;P4;MEASURED LATENCY;{'P2': 564}
1677420387.951713;P4;MEASURED LATENCY;{'P3': 1618}
1677420388.2394962;P4;LSA SENT;Payload: 360 bytes
1677420389.2420175;P4;HB SENT;Payload: 111 bytes
1677420390.287259;P4;LOOKUP RECEIVED;[{"Message": "LOOKUP", "Destination": "P4", "Source": "P1", "ID": 1677420389565, "Path": ["P1", "P2", "P4"]}]
1677420390.924165;P4;HB SENT;Payload: 111 bytes
1677420391.3110538;P4;LSA SENT;Payload: 231 bytes
1677420391.3115528;P4;LSA SENT;Payload: 231 bytes
1677420391.342216;P4;HB SENT;Payload: 105 bytes
1677420391.3429985;P4;HB SENT;Payload: 105 bytes
1677420391.4598432;P4;MEASURED LATENCY;{'P3': 118}
1677420391.4823785;P4;MEASURED LATENCY;{'P2': 140}
1677420392.600963;P4;TOPOLOGY UPDATE;{"P1": {"P2": 233, "P3": 150}, "P2": {"P4": 232, "P1": 233}, "P3": {"P4": 434, "P1": 150}, "P4": {"P2": 232, "P3": 434}}
1677420393.3437634;P4;HB SENT;Payload: 111 bytes
1677420395.8927217;P4;TOPOLOGY UPDATE;{"P1": {"P2": 233, "P3": 150}, "P2": {"P4": 232, "P1": 233}, "P3": {"P4": 434, "P1": 150}, "P4": {"P2": 232, "P3": 434}}
1677420395.9352205;P4;HB SENT;Payload: 111 bytes
1677420396.350375;P4;HB SENT;Payload: 105 bytes
1677420396.3510697;P4;HB SENT;Payload: 105 bytes
1677420396.4335258;P4;MEASURED LATENCY;{'P3': 84}
1677420396.4336972;P4;APPLIED LATENCY;{"P3": 84}
1677420396.4506092;P4;MEASURED LATENCY;{'P2': 101}
1677420396.4507232;P4;APPLIED LATENCY;{"P2": 101}
1677420397.6020024;P4;LSA SENT;Payload: 360 bytes
1677420398.2396932;P4;TOPOLOGY UPDATE;{"P1": {"P2": 233, "P3": 340}, "P2": {"P4": 232, "P1": 233}, "P3": {"P4": 434, "P1": 340}, "P4": {"P2": 232, "P3": 434}}
1677420398.604181;P4;LSA SENT;Payload: 360 bytes
1677420399.6058905;P4;HB SENT;Payload: 111 bytes
1677420401.3569136;P4;HB SENT;Payload: 105 bytes
1677420401.3573732;P4;HB SENT;Payload: 105 bytes
1677420401.4373477;P4;MEASURED LATENCY;{'P3': 81}
1677420403.360488;P4;HB SENT;Payload: 111 bytes
1677420406.3275716;P4;LSA SENT;Payload: 232 bytes
1677420406.3281853;P4;LSA SENT;Payload: 232 bytes
1677420406.3591187;P4;HB SENT;Payload: 105 bytes
1677420406.3607714;P4;HB SENT;Payload: 105 bytes
1677420407.4172127;P4;MEASURED LATENCY;{'P3': 1059}
1677420407.6024342;P4;TOPOLOGY UPDATE;{"P1": {"P2": 233, "P3": 340}, "P2": {"P4": 232, "P1": 233}, "P3": {"P4": 434, "P1": 340}, "P4": {"P2": 232, "P3": 434}}
1677420408.3670173;P4;HB SENT;Payload: 111 bytes
1677420411.3673072;P4;HB SENT;Payload: 105 bytes
1677420411.3685226;P4;HB SENT;Payload: 105 bytes
1677420411.443146;P4;MEASURED LATENCY;{'P3': 76}
1677420413.3787599;P4;HB SENT;Payload: 111 bytes
1677420413.379192;P4;DEAD ROUTES DETECTED;"{\"py/set\": [\"P2\"]}"
1677420413.379822;P4;LSA SENT;Payload: 206 bytes
1677420416.3718886;P4;HB SENT;Payload: 105 bytes
1677420416.453045;P4;MEASURED LATENCY;{'P3': 82}
1677420417.7045453;P4;DEAD ROUTES RECEIVED;{'P2'}
1677420417.7053854;P4;LSA SENT;Payload: 360 bytes
1677420418.70832;P4;HB SENT;Payload: 111 bytes
1677420421.3456602;P4;LSA SENT;Payload: 194 bytes
1677420421.3808086;P4;HB SENT;Payload: 105 bytes
1677420421.50006;P4;MEASURED LATENCY;{'P3': 120}
1677420422.6028566;P4;LEAST COST PATH;{"P1": ["P2"], "P2": ["P4"], "P3": ["P4"], "P4": []}
1677420423.385993;P4;HB SENT;Payload: 111 bytes
1677420424.384015;P4;TOPOLOGY UPDATE;{"P1": {"P3": 340}, "P3": {"P4": 434, "P1": 340}, "P4": {"P3": 434}}
1677420425.8947742;P4;LEAST COST PATH;{"P1": ["P2"], "P2": ["P4"], "P3": ["P4"], "P4": []}
1677420426.3880525;P4;HB SENT;Payload: 105 bytes
1677420426.4746368;P4;MEASURED LATENCY;{'P3': 87}
1677420427.70589;P4;TOPOLOGY UPDATE;{"P1": {"P3": 340}, "P3": {"P4": 434, "P1": 340}, "P4": {"P3": 434}}
1677420428.2412715;P4;LEAST COST PATH;{"P1": ["P2"], "P2": ["P4"], "P3": ["P4"], "P4": []}
1677420428.392742;P4;HB SENT;Payload: 111 bytes
1677420431.3951557;P4;HB SENT;Payload: 105 bytes
1677420431.4778137;P4;MEASURED LATENCY;{'P3': 84}
1677420433.4251673;P4;HB SENT;Payload: 111 bytes
1677420436.3621876;P4;LSA SENT;Payload: 194 bytes
1677420436.3985975;P4;HB SENT;Payload: 105 bytes
1677420436.5174596;P4;MEASURED LATENCY;{'P3': 119}
1677420437.6057315;P4;LEAST COST PATH;{"P1": ["P2"], "P2": ["P4"], "P3": ["P4"], "P4": []}
1677420438.404312;P4;HB SENT;Payload: 111 bytes
1677420441.4053218;P4;HB SENT;Payload: 105 bytes
1677420441.4887395;P4;MEASURED LATENCY;{'P3': 84}
1677420442.627956;P4;LSA SENT;Payload: 360 bytes
1677420443.6346245;P4;HB SENT;Payload: 111 bytes
1677420446.4192712;P4;HB SENT;Payload: 105 bytes
1677420446.5011444;P4;MEASURED LATENCY;{'P3': 82}
1677420446.5012662;P4;APPLIED LATENCY;{"P3": 82}
1677420447.6997647;P4;LOOKUP RECEIVED;[{"Message": "LOOKUP", "Destination": "P4", "Source": "P1", "ID": 1677420447639, "Path": ["P1", "P3", "P4"]}]
1677420448.4187193;P4;HB SENT;Payload: 111 bytes
1677420451.3732812;P4;LSA SENT;Payload: 193 bytes
1677420451.4255059;P4;HB SENT;Payload: 105 bytes
1677420452.4709733;P4;MEASURED LATENCY;{'P3': 1046}
1677420452.6289492;P4;TOPOLOGY UPDATE;{"P1": {"P3": 238}, "P3": {"P4": 333, "P1": 238}, "P4": {"P3": 333}}
1677420453.4339979;P4;HB SENT;Payload: 111 bytes
1677420453.7007809;P4;LOOKUP RECEIVED;[{"Message": "LOOKUP", "Destination": "P4", "Source": "P1", "ID": 1677420453646, "Path": ["P1", "P3", "P4"]}]
1677420454.3864038;P4;LEAST COST PATH;{"P1": ["P3"], "P3": ["P4"], "P4": []}
1677420456.4317489;P4;HB SENT;Payload: 105 bytes
1677420456.5155373;P4;MEASURED LATENCY;{'P3': 85}
1677420457.7102866;P4;LEAST COST PATH;{"P1": ["P3"], "P3": ["P4"], "P4": []}
1677420458.299608;P4;TOPOLOGY UPDATE;{"P1": {"P3": 238}, "P3": {"P4": 333, "P1": 238}, "P4": {"P3": 333}}
1677420458.439348;P4;HB SENT;Payload: 111 bytes
1677420460.7166371;P4;LOOKUP RECEIVED;[{"Message": "LOOKUP", "Destination": "P4", "Source": "P1", "ID": 1677420460656, "Path": ["P1", "P3", "P4"]}]
1677420461.4354641;P4;HB SENT;Payload: 105 bytes
1677420461.5230622;P4;MEASURED LATENCY;{'P3': 88}
1677420463.4363878;P4;HB SENT;Payload: 111 bytes
1677420466.3900597;P4;LSA SENT;Payload: 193 bytes
1677420466.4412305;P4;HB SENT;Payload: 105 bytes
1677420466.5656295;P4;MEASURED LATENCY;{'P3': 126}
1677420467.7252333;P4;LOOKUP RECEIVED;[{"Message": "LOOKUP", "Destination": "P4", "Source": "P1", "ID": 1677420467666, "Path": ["P1", "P3", "P4"]}]
1677420468.4510133;P4;HB SENT;Payload: 111 bytes
1677420471.4475765;P4;HB SENT;Payload: 105 bytes
1677420471.5294065;P4;MEASURED LATENCY;{'P3': 82}
1677420473.4604564;P4;HB SENT;Payload: 111 bytes
1677420473.7246408;P4;LOOKUP RECEIVED;[{"Message": "LOOKUP", "Destination": "P4", "Source": "P1", "ID": 1677420473672, "Path": ["P1", "P3", "P4"]}]
1677420476.4543698;P4;HB SENT;Payload: 105 bytes
1677420476.555289;P4;MEASURED LATENCY;{'P3': 101}
1677420478.4578652;P4;HB SENT;Payload: 111 bytes
1677420480.7475202;P4;LOOKUP RECEIVED;[{"Message": "LOOKUP", "Destination": "P4", "Source": "P1", "ID": 1677420480681, "Path": ["P1", "P3", "P4"]}]
1677420481.40731;P4;LSA SENT;Payload: 193 bytes
1677420481.4590108;P4;HB SENT;Payload: 105 bytes
1677420481.5663369;P4;MEASURED LATENCY;{'P3': 107}
1677420482.6312494;P4;LEAST COST PATH;{"P1": ["P3"], "P3": ["P4"], "P4": []}
1677420483.4710653;P4;HB SENT;Payload: 111 bytes
1677420485.7483118;P4;LOOKUP RECEIVED;[{"Message": "LOOKUP", "Destination": "P4", "Source": "P1", "ID": 1677420485688, "Path": ["P1", "P3", "P4"]}]
1677420486.4600909;P4;HB SENT;Payload: 105 bytes
1677420486.544941;P4;MEASURED LATENCY;{'P3': 85}
1677420487.6798596;P4;LSA SENT;Payload: 360 bytes
1677420488.3014305;P4;LEAST COST PATH;{"P1": ["P3"], "P3": ["P4"], "P4": []}
1677420488.6812515;P4;HB SENT;Payload: 111 bytes
1677420491.4661112;P4;HB SENT;Payload: 105 bytes
1677420491.5470192;P4;MEASURED LATENCY;{'P3': 81}
1677420493.4760952;P4;HB SENT;Payload: 111 bytes
1677420493.7456903;P4;LOOKUP RECEIVED;[{"Message": "LOOKUP", "Destination": "P4", "Source": "P1", "ID": 1677420493693, "Path": ["P1", "P3", "P4"]}]
1677420496.4154942;P4;LSA SENT;Payload: 193 bytes
1677420496.4727821;P4;HB SENT;Payload: 105 bytes
1677420496.572698;P4;MEASURED LATENCY;{'P3': 101}
1677420496.573376;P4;APPLIED LATENCY;{"P3": 101}
1677420497.6804643;P4;TOPOLOGY UPDATE;{"P1": {"P3": 125}, "P3": {"P4": 106, "P1": 125}, "P4": {"P3": 106}}
1677420498.4828966;P4;HB SENT;Payload: 111 bytes
1677420499.7555916;P4;LOOKUP RECEIVED;[{"Message": "LOOKUP", "Destination": "P4", "Source": "P1", "ID": 1677420499701, "Path": ["P1", "P3", "P4"]}]
1677420501.4793646;P4;HB SENT;Payload: 105 bytes
1677420501.5602708;P4;MEASURED LATENCY;{'P3': 81}
1677420503.3367586;P4;TOPOLOGY UPDATE;{"P1": {"P3": 125}, "P3": {"P4": 106, "P1": 125}, "P4": {"P3": 106}}
1677420503.492966;P4;HB SENT;Payload: 111 bytes
1677420504.7683706;P4;LOOKUP RECEIVED;[{"Message": "LOOKUP", "Destination": "P4", "Source": "P1", "ID": 1677420504707, "Path": ["P1", "P3", "P4"]}]
1677420506.4860232;P4;HB SENT;Payload: 105 bytes
1677420506.5652056;P4;MEASURED LATENCY;{'P3': 79}
1677420508.498073;P4;HB SENT;Payload: 111 bytes
1677420511.4196;P4;LSA SENT;Payload: 193 bytes
1677420511.4920614;P4;HB SENT;Payload: 105 bytes
1677420512.5198815;P4;MEASURED LATENCY;{'P3': 1029}
1677420512.7729812;P4;LOOKUP RECEIVED;[{"Message": "LOOKUP", "Destination": "P4", "Source": "P1", "ID": 1677420512716, "Path": ["P1", "P3", "P4"]}]
1677420513.5087898;P4;HB SENT;Payload: 111 bytes
1677420516.4987164;P4;HB SENT;Payload: 105 bytes
1677420516.5825427;P4;MEASURED LATENCY;{'P3': 84}
1677420517.9593172;P4;PEER EXITED;
