2023-04-10 11:54:19,143 - INFO - [MainThread] - Initialized router P2 at port 5002 PID 22556
2023-04-10 11:54:19,145 - INFO - [MainThread] - Adding a connection to sklep
2023-04-10 11:54:19,145 - INFO - [Connect-sklep] - Calling connect_to_rendezvous_point
2023-04-10 11:54:19,145 - INFO - [Connect-sklep] - Connect to rendezvous point sklep
2023-04-10 11:54:19,147 - INFO - [MainThread] - Adding listener for LupusreginaBeta
2023-04-10 11:54:19,148 - INFO - [Establish-LupusreginaBeta] - Establishing RP to LupusreginaBeta
2023-04-10 11:54:19,152 - INFO - [Connect-sklep] - Loading cached NetworkStatusDocument from TorCacheDirStorage: /root/.local/share/torpy/network_status
2023-04-10 11:54:19,162 - INFO - [MainThread] - Starting testing thread
2023-04-10 11:54:19,168 - INFO - [TESTER] - Started tester
2023-04-10 11:54:19,181 - INFO - [Establish-LupusreginaBeta] - Loading cached NetworkStatusDocument from TorCacheDirStorage: /root/.local/share/torpy/network_status
2023-04-10 11:54:19,228 - INFO - [MainThread] - Starting connection thread
2023-04-10 11:54:19,399 - INFO - [MainThread] - Starting log thread
2023-04-10 11:54:19,413 - INFO - [Connect-sklep] - Loading cached DirKeyCertificateList from TorCacheDirStorage: /root/.local/share/torpy/dir_key_certificates
2023-04-10 11:54:19,642 - INFO - [Establish-LupusreginaBeta] - Loading cached DirKeyCertificateList from TorCacheDirStorage: /root/.local/share/torpy/dir_key_certificates
2023-04-10 11:54:19,644 - INFO - [Establish-LupusreginaBeta] - Connecting to guard node 185.181.61.23:443 (staysafeandgoodluck; Tor 0.4.7.13)... (None)
2023-04-10 11:54:19,671 - INFO - [Connect-sklep] - Connected to rendezvous point sklep
2023-04-10 11:54:19,671 - INFO - [Connect-sklep] - Waiting for peer to open stream
2023-04-10 11:54:19,693 - INFO - [Establish-LupusreginaBeta] - Creating new circuit #80000001 with 185.181.61.23:443 (staysafeandgoodluck; Tor 0.4.7.13) router...
2023-04-10 11:54:19,705 - INFO - [Establish-LupusreginaBeta] - Building -1 hops circuit...
2023-04-10 11:54:19,705 - INFO - [Establish-LupusreginaBeta] - Extending the circuit #80000001 with 213.113.2.72:6881 (LupusreginaBeta; Tor 0.4.7.13)...
2023-04-10 11:54:19,706 - INFO - [Establish-LupusreginaBeta] - Getting descriptor for 213.113.2.72:6881 (LupusreginaBeta; Tor 0.4.7.13)...
2023-04-10 11:54:19,710 - INFO - [Establish-LupusreginaBeta] - Connecting to guard node 85.195.253.5:9001 (lodrich; Tor 0.4.7.13)... (Internal dir client)
2023-04-10 11:54:19,726 - INFO - [Connect-sklep] - Received cell: <class 'torpy.cells.CellRelay'>
2023-04-10 11:54:19,727 - INFO - [Connect-sklep] - Stream opened successfully
2023-04-10 11:54:19,727 - INFO - [Connect-sklep] - Sending HELLO to peer: b'\x80\x04\x95&\x00\x00\x00\x00\x00\x00\x00]\x94}\x94(\x8c\x07Message\x94\x8c\x05HELLO\x94\x8c\x04Peer\x94\x8c\x02P2\x94ua.'
2023-04-10 11:54:19,928 - INFO - [Establish-LupusreginaBeta] - Creating new circuit #80000002 with 85.195.253.5:9001 (lodrich; Tor 0.4.7.13) router...
2023-04-10 11:54:19,930 - INFO - [RECEIVER] - Added neighbour P1
2023-04-10 11:54:19,984 - INFO - [Establish-LupusreginaBeta] - Building 0 hops circuit...
2023-04-10 11:54:19,984 - INFO - [Establish-LupusreginaBeta] - Stream #1: creating attached to #80000002 circuit...
2023-04-10 11:54:19,984 - INFO - [Establish-LupusreginaBeta] - Stream #1: connecting to hsdir
2023-04-10 11:54:20,039 - INFO - [RecvLoop_85.195.] - Stream #1: connected (remote ip '')
2023-04-10 11:54:20,315 - INFO - [RecvLoop_85.195.] - Stream #1: remote disconnected (reason = DONE)
2023-04-10 11:54:20,316 - INFO - [Establish-LupusreginaBeta] - Stream #1: closing (state = Disconnected)...
2023-04-10 11:54:20,316 - INFO - [Establish-LupusreginaBeta] - Got descriptor
2023-04-10 11:54:20,344 - INFO - [Establish-LupusreginaBeta] - <class 'torpy.circuit.TorCircuit'>
2023-04-10 11:54:20,375 - INFO - [Establish-LupusreginaBeta] - Rendezvous established (CellRelayRendezvousEstablished())
2023-04-10 11:54:20,375 - INFO - [Establish-LupusreginaBeta] - Waiting for connections at relay LupusreginaBeta for cookie b'eb688e4f52df90278060' ...
2023-04-10 11:54:26,835 - INFO - [Establish-LupusreginaBeta] - Got REND2 message from LupusreginaBeta
2023-04-10 11:54:26,835 - INFO - [Establish-LupusreginaBeta] - Entered circuit context with id 0x80000001
2023-04-10 11:54:26,835 - INFO - [Establish-LupusreginaBeta] - Stream #2: creating attached to #80000001 circuit...
2023-04-10 11:54:26,835 - INFO - [Establish-LupusreginaBeta] - Stream #2: connecting to ('127.0.0.1', 5000)
2023-04-10 11:54:26,886 - INFO - [RecvLoop_185.181] - Stream #2: connected (remote ip '127.0.0.1')
2023-04-10 11:54:27,037 - INFO - [Establish-LupusreginaBeta] - Sending HELLO to peer
2023-04-10 11:54:27,037 - INFO - [Establish-LupusreginaBeta] - Sending HELLO to peer: b'\x80\x04\x95&\x00\x00\x00\x00\x00\x00\x00]\x94}\x94(\x8c\x07Message\x94\x8c\x05HELLO\x94\x8c\x04Peer\x94\x8c\x02P2\x94ua.'
2023-04-10 11:54:27,038 - INFO - [RECEIVER] - Added neighbour P4
2023-04-10 11:54:31,630 - WARNING - [RECEIVER] - Routing loop from P2 to P4: P2-P1-P2
2023-04-10 11:54:32,683 - WARNING - [RECEIVER] - Routing loop from P2 to P1: P2-P4-P2
2023-04-10 11:55:17,799 - WARNING - [Connect-sklep] - Got SENDME
2023-04-10 11:55:19,427 - INFO - [CONNECTION] - Highest cost peers: [('P6', 300), ('P3', 200), ('P5', 200), ('P1', 100), ('P4', 100), ('P2', 0)]
2023-04-10 11:55:19,427 - INFO - [CONNECTION] - Latency for P6 is 300 - max 500
2023-04-10 11:55:19,427 - INFO - [CONNECTION] - Latency for P3 is 200 - max 500
2023-04-10 11:55:19,427 - INFO - [CONNECTION] - Latency for P5 is 200 - max 500
2023-04-10 11:55:19,427 - INFO - [CONNECTION] - Latency for P1 is 100 - max 500
2023-04-10 11:55:19,427 - INFO - [CONNECTION] - Latency for P4 is 100 - max 500
2023-04-10 11:55:19,427 - INFO - [CONNECTION] - Latency for P2 is 0 - max 500
2023-04-10 11:55:19,427 - INFO - [CONNECTION] - No join peer selected for circuit switch
2023-04-10 11:55:27,894 - INFO - [RecvLoop_85.195.] - On destroy: circuit #80000002
2023-04-10 11:55:27,894 - INFO - [RecvLoop_85.195.] - Destroy circuit #80000002
2023-04-10 11:55:43,863 - INFO - [RECEIVER] - updateGraphOnly: [['P1', 'P2', 100, 'sklep'], ['P1', 'P3', 100, 'snowball'], ['P3', 'P4', 100, 'Vulnerar'], ['P2', 'P4', 100, 'LupusreginaBeta'], ['P4', 'P5', 100, 'shhovh'], ['P5', 'P6', 100, 'taipe'], ['P5', 'P7', 100, 'RMK'], ['P6', 'P8', 100, 'LupusreginaBeta'], ['P7', 'P8', 100, 'Vulnerar']] , {'P6'}
2023-04-10 11:56:02,350 - INFO - [RECEIVER] - updateGraphOnly: [['P1', 'P2', 100, 'sklep'], ['P1', 'P3', 100, 'snowball'], ['P3', 'P4', 100, 'Vulnerar'], ['P2', 'P4', 100, 'LupusreginaBeta'], ['P4', 'P5', 100, 'shhovh'], ['P5', 'P7', 100, 'RMK'], ['P7', 'P8', 100, 'Vulnerar'], ['P6', 'P8', 100, 'LupusreginaBeta']] , {'P5'}
2023-04-10 11:56:04,372 - WARNING - [Connect-sklep] - Got SENDME
2023-04-10 11:56:04,394 - WARNING - [Connect-sklep] - Got SENDME
2023-04-10 11:56:19,484 - INFO - [CONNECTION] - Highest cost peers: [('P6', 500), ('P8', 400), ('P7', 300), ('P3', 200), ('P5', 200), ('P1', 100), ('P4', 100), ('P2', 0)]
2023-04-10 11:56:19,484 - INFO - [CONNECTION] - Latency for P6 is 500 - max 500
2023-04-10 11:56:19,485 - INFO - [CONNECTION] - Latency for P8 is 400 - max 500
2023-04-10 11:56:19,485 - INFO - [CONNECTION] - Latency for P7 is 300 - max 500
2023-04-10 11:56:19,485 - INFO - [CONNECTION] - Latency for P3 is 200 - max 500
2023-04-10 11:56:19,485 - INFO - [CONNECTION] - Latency for P5 is 200 - max 500
2023-04-10 11:56:19,485 - INFO - [CONNECTION] - Latency for P1 is 100 - max 500
2023-04-10 11:56:19,485 - INFO - [CONNECTION] - Latency for P4 is 100 - max 500
2023-04-10 11:56:19,485 - INFO - [CONNECTION] - Latency for P2 is 0 - max 500
2023-04-10 11:56:19,485 - INFO - [CONNECTION] - No join peer selected for circuit switch
2023-04-10 11:56:58,472 - WARNING - [Connect-sklep] - Got SENDME
2023-04-10 11:57:19,546 - INFO - [CONNECTION] - Highest cost peers: [('P6', 768), ('P8', 668), ('P7', 568), ('P3', 468), ('P5', 468), ('P4', 368), ('P1', 316), ('P2', 0)]
2023-04-10 11:57:19,547 - INFO - [CONNECTION] - Latency for P6 is 768 - max 500
2023-04-10 11:57:19,547 - INFO - [CONNECTION] - Latency for P8 is 668 - max 500
2023-04-10 11:57:19,547 - INFO - [CONNECTION] - Latency for P7 is 568 - max 500
2023-04-10 11:57:19,547 - INFO - [CONNECTION] - Latency for P3 is 468 - max 500
2023-04-10 11:57:19,547 - INFO - [CONNECTION] - Latency for P5 is 468 - max 500
2023-04-10 11:57:19,547 - INFO - [CONNECTION] - Latency for P4 is 368 - max 500
2023-04-10 11:57:19,547 - INFO - [CONNECTION] - Latency for P1 is 316 - max 500
2023-04-10 11:57:19,547 - INFO - [CONNECTION] - Latency for P2 is 0 - max 500
2023-04-10 11:57:19,547 - INFO - [CONNECTION] - No join peer selected for circuit switch
2023-04-10 11:57:25,040 - WARNING - [RECEIVER] - Routing loop from P4 to P5: P4-P2-P4-P2
2023-04-10 11:57:42,542 - WARNING - [RECEIVER] - Routing loop from P4 to P8: P4-P2-P4-P2
2023-04-10 11:57:49,466 - WARNING - [Connect-sklep] - Got SENDME
2023-04-10 11:57:49,488 - WARNING - [Connect-sklep] - Got SENDME
2023-04-10 11:57:50,594 - WARNING - [RECEIVER] - TTL reached from path to P1 from P8
2023-04-10 11:58:02,605 - WARNING - [RECEIVER] - TTL reached from path to P1 from P8
2023-04-10 11:58:19,609 - INFO - [CONNECTION] - Highest cost peers: [('P6', 2552), ('P8', 1893), ('P7', 1793), ('P5', 1029), ('P3', 717), ('P4', 368), ('P1', 316), ('P2', 0)]
2023-04-10 11:58:19,609 - INFO - [CONNECTION] - Latency for P6 is 2552 - max 500
2023-04-10 11:58:19,609 - INFO - [CONNECTION] - Latency for P8 is 1893 - max 500
2023-04-10 11:58:19,609 - INFO - [CONNECTION] - Latency for P7 is 1793 - max 500
2023-04-10 11:58:19,609 - INFO - [CONNECTION] - Latency for P5 is 1029 - max 500
2023-04-10 11:58:19,609 - INFO - [CONNECTION] - Latency for P3 is 717 - max 500
2023-04-10 11:58:19,609 - INFO - [CONNECTION] - Latency for P4 is 368 - max 500
2023-04-10 11:58:19,609 - INFO - [CONNECTION] - Latency for P1 is 316 - max 500
2023-04-10 11:58:19,609 - INFO - [CONNECTION] - Latency for P2 is 0 - max 500
2023-04-10 11:58:19,609 - INFO - [CONNECTION] - No join peer selected for circuit switch
2023-04-10 11:58:28,736 - WARNING - [RECEIVER] - TTL reached from path to P1 from P8
2023-04-10 11:58:34,634 - WARNING - [Connect-sklep] - Got SENDME
2023-04-10 11:58:43,494 - WARNING - [RECEIVER] - TTL reached from path to P1 from P8
2023-04-10 11:58:52,427 - WARNING - [RECEIVER] - TTL reached from path to P1 from P8
2023-04-10 11:59:02,979 - WARNING - [RECEIVER] - TTL reached from path to P1 from P8
2023-04-10 11:59:08,228 - WARNING - [RECEIVER] - TTL reached from path to P1 from P8
2023-04-10 11:59:18,018 - WARNING - [RECEIVER] - TTL reached from path to P1 from P8
2023-04-10 11:59:19,614 - INFO - [CONNECTION] - Highest cost peers: [('P6', 2552), ('P8', 1893), ('P7', 1793), ('P5', 1029), ('P3', 717), ('P4', 368), ('P1', 316), ('P2', 0)]
2023-04-10 11:59:19,614 - INFO - [CONNECTION] - Latency for P6 is 2552 - max 500
2023-04-10 11:59:19,614 - INFO - [CONNECTION] - Latency for P8 is 1893 - max 500
2023-04-10 11:59:19,614 - INFO - [CONNECTION] - Latency for P7 is 1793 - max 500
2023-04-10 11:59:19,614 - INFO - [CONNECTION] - Latency for P5 is 1029 - max 500
2023-04-10 11:59:19,614 - INFO - [CONNECTION] - Latency for P3 is 717 - max 500
2023-04-10 11:59:19,614 - INFO - [CONNECTION] - Latency for P4 is 368 - max 500
2023-04-10 11:59:19,614 - INFO - [CONNECTION] - Latency for P1 is 316 - max 500
2023-04-10 11:59:19,614 - INFO - [CONNECTION] - Latency for P2 is 0 - max 500
2023-04-10 11:59:19,615 - INFO - [CONNECTION] - No join peer selected for circuit switch
2023-04-10 11:59:25,311 - WARNING - [Connect-sklep] - Got SENDME
2023-04-10 11:59:25,334 - WARNING - [Connect-sklep] - Got SENDME
2023-04-10 11:59:27,329 - WARNING - [RECEIVER] - TTL reached from path to P1 from P8
2023-04-10 11:59:45,798 - WARNING - [RECEIVER] - TTL reached from path to P1 from P8
2023-04-10 11:59:51,560 - WARNING - [RECEIVER] - TTL reached from path to P1 from P8
2023-04-10 11:59:58,588 - WARNING - [RECEIVER] - TTL reached from path to P1 from P8
2023-04-10 12:00:10,181 - WARNING - [RECEIVER] - TTL reached from path to P1 from P8
2023-04-10 12:00:11,101 - WARNING - [Connect-sklep] - Got SENDME
2023-04-10 12:00:19,678 - INFO - [CONNECTION] - Highest cost peers: [('P6', 2047), ('P8', 1388), ('P7', 1288), ('P5', 1188), ('P4', 527), ('P3', 484), ('P1', 198), ('P2', 0)]
2023-04-10 12:00:19,678 - INFO - [CONNECTION] - Latency for P6 is 2047 - max 500
2023-04-10 12:00:19,678 - INFO - [CONNECTION] - Latency for P8 is 1388 - max 500
2023-04-10 12:00:19,678 - INFO - [CONNECTION] - Latency for P7 is 1288 - max 500
2023-04-10 12:00:19,678 - INFO - [CONNECTION] - Latency for P5 is 1188 - max 500
2023-04-10 12:00:19,678 - INFO - [CONNECTION] - Latency for P4 is 527 - max 500
2023-04-10 12:00:19,678 - INFO - [CONNECTION] - Peer P4 selected for circuit switch
2023-04-10 12:00:19,684 - INFO - [CONNECTION] - Loading cached NetworkStatusDocument from TorCacheDirStorage: /root/.local/share/torpy/network_status
2023-04-10 12:00:20,141 - INFO - [CONNECTION] - Loading cached DirKeyCertificateList from TorCacheDirStorage: /root/.local/share/torpy/dir_key_certificates
2023-04-10 12:00:20,152 - INFO - [MainThread] - ['ESTABLISH', 'jokulhops', b'13bdd2a60335a06042b3']
2023-04-10 12:00:20,152 - INFO - [MainThread] - Got ESTABLISH to relay jokulhops:b'13bdd2a60335a06042b3' via staysafeandgoodluck
2023-04-10 12:00:20,169 - INFO - [Establish-jokulhops] - Establishing RP to jokulhops
2023-04-10 12:00:20,178 - INFO - [Establish-jokulhops] - Loading cached NetworkStatusDocument from TorCacheDirStorage: /root/.local/share/torpy/network_status
2023-04-10 12:00:20,637 - INFO - [Establish-jokulhops] - Loading cached DirKeyCertificateList from TorCacheDirStorage: /root/.local/share/torpy/dir_key_certificates
2023-04-10 12:00:20,640 - INFO - [Establish-jokulhops] - Connecting to guard node 185.181.61.23:443 (staysafeandgoodluck; Tor 0.4.7.13)... (None)
2023-04-10 12:00:20,696 - WARNING - [RECEIVER] - TTL reached from path to P1 from P8
2023-04-10 12:00:20,715 - INFO - [Establish-jokulhops] - Creating new circuit #80000003 with 185.181.61.23:443 (staysafeandgoodluck; Tor 0.4.7.13) router...
2023-04-10 12:00:20,731 - INFO - [Establish-jokulhops] - Building -1 hops circuit...
2023-04-10 12:00:20,731 - INFO - [Establish-jokulhops] - Extending the circuit #80000003 with 130.193.15.79:443 (jokulhops; Tor 0.4.7.12)...
2023-04-10 12:00:20,732 - INFO - [Establish-jokulhops] - Getting descriptor for 130.193.15.79:443 (jokulhops; Tor 0.4.7.12)...
2023-04-10 12:00:20,738 - INFO - [Establish-jokulhops] - Connecting to guard node 171.25.193.235:80 (DFRI26; Tor 0.4.7.13)... (Internal dir client)
2023-04-10 12:00:20,830 - INFO - [Establish-jokulhops] - Creating new circuit #80000004 with 171.25.193.235:80 (DFRI26; Tor 0.4.7.13) router...
2023-04-10 12:00:20,851 - INFO - [Establish-jokulhops] - Building 0 hops circuit...
2023-04-10 12:00:20,851 - INFO - [Establish-jokulhops] - Stream #3: creating attached to #80000004 circuit...
2023-04-10 12:00:20,851 - INFO - [Establish-jokulhops] - Stream #3: connecting to hsdir
2023-04-10 12:00:20,875 - INFO - [RecvLoop_171.25.] - Stream #3: connected (remote ip '')
2023-04-10 12:00:21,089 - INFO - [RecvLoop_171.25.] - Stream #3: remote disconnected (reason = DONE)
2023-04-10 12:00:21,089 - INFO - [Establish-jokulhops] - Stream #3: closing (state = Disconnected)...
2023-04-10 12:00:21,089 - INFO - [Establish-jokulhops] - Got descriptor
2023-04-10 12:00:21,142 - INFO - [Establish-jokulhops] - <class 'torpy.circuit.TorCircuit'>
2023-04-10 12:00:21,187 - INFO - [Establish-jokulhops] - Rendezvous established (CellRelayRendezvousEstablished())
2023-04-10 12:00:21,187 - INFO - [Establish-jokulhops] - Waiting for connections at relay jokulhops for cookie b'13bdd2a60335a06042b3' ...
2023-04-10 12:00:25,153 - INFO - [CONNECTION] - Sending JOIN to P4 for relay jokulhops with cookie b'13bdd2a60335a06042b3'
2023-04-10 12:00:25,693 - INFO - [Establish-jokulhops] - Got REND2 message from jokulhops
2023-04-10 12:00:25,694 - INFO - [Establish-jokulhops] - Entered circuit context with id 0x80000003
2023-04-10 12:00:25,694 - INFO - [Establish-jokulhops] - Stream #4: creating attached to #80000003 circuit...
2023-04-10 12:00:25,694 - INFO - [Establish-jokulhops] - Stream #4: connecting to ('127.0.0.1', 5000)
2023-04-10 12:00:25,788 - INFO - [RecvLoop_185.181] - Stream #4: connected (remote ip '127.0.0.1')
2023-04-10 12:00:25,895 - INFO - [Establish-jokulhops] - Sending HELLO to peer
2023-04-10 12:00:25,895 - INFO - [Establish-jokulhops] - Sending HELLO to peer: b'\x80\x04\x95&\x00\x00\x00\x00\x00\x00\x00]\x94}\x94(\x8c\x07Message\x94\x8c\x05HELLO\x94\x8c\x04Peer\x94\x8c\x02P2\x94ua.'
2023-04-10 12:00:25,896 - INFO - [RECEIVER] - Added neighbour P4
2023-04-10 12:00:30,052 - WARNING - [RECEIVER] - TTL reached from path to P1 from P8
2023-04-10 12:00:38,105 - WARNING - [RECEIVER] - TTL reached from path to P1 from P8
2023-04-10 12:00:43,056 - WARNING - [RECEIVER] - TTL reached from path to P1 from P8
2023-04-10 12:00:50,301 - WARNING - [RECEIVER] - TTL reached from path to P3 from P8
2023-04-10 12:00:50,455 - WARNING - [RECEIVER] - TTL reached from path to P1 from P8
2023-04-10 12:00:56,285 - WARNING - [Connect-sklep] - Got SENDME
2023-04-10 12:00:56,402 - WARNING - [Connect-sklep] - Got SENDME
2023-04-10 12:01:07,958 - WARNING - [RECEIVER] - TTL reached from path to P3 from P8
2023-04-10 12:01:10,291 - WARNING - [RECEIVER] - TTL reached from path to P1 from P8
2023-04-10 12:01:13,697 - WARNING - [RECEIVER] - TTL reached from path to P1 from P8
2023-04-10 12:01:23,178 - INFO - [RecvLoop_171.25.] - On destroy: circuit #80000004
2023-04-10 12:01:23,178 - INFO - [RecvLoop_171.25.] - Destroy circuit #80000004
2023-04-10 12:01:24,629 - ERROR - [Establish-LupusreginaBeta] - recv timeout
2023-04-10 12:01:24,629 - INFO - [Establish-LupusreginaBeta] - Closing connection Establish-LupusreginaBeta
2023-04-10 12:01:24,629 - INFO - [Establish-LupusreginaBeta] - Stream #2: closing (state = Connected)...
2023-04-10 12:01:24,630 - INFO - [Establish-LupusreginaBeta] - Destroy circuit #80000001
2023-04-10 12:01:24,630 - INFO - [Establish-LupusreginaBeta] - Closing guard connections (None)...
2023-04-10 12:01:25,301 - INFO - [CONNECTION] - Highest cost peers: [('P6', 2762), ('P8', 1950), ('P7', 889), ('P5', 789), ('P3', 484), ('P1', 198), ('P4', 100), ('P2', 0)]
2023-04-10 12:01:25,304 - INFO - [CONNECTION] - Latency for P6 is 2762 - max 500
2023-04-10 12:01:25,305 - INFO - [CONNECTION] - Latency for P8 is 1950 - max 500
2023-04-10 12:01:25,305 - INFO - [CONNECTION] - Latency for P7 is 889 - max 500
2023-04-10 12:01:25,305 - INFO - [CONNECTION] - Latency for P5 is 789 - max 500
2023-04-10 12:01:25,305 - INFO - [CONNECTION] - Latency for P3 is 484 - max 500
2023-04-10 12:01:25,305 - INFO - [CONNECTION] - Latency for P1 is 198 - max 500
2023-04-10 12:01:25,305 - INFO - [CONNECTION] - Latency for P4 is 100 - max 500
2023-04-10 12:01:25,305 - INFO - [CONNECTION] - Latency for P2 is 0 - max 500
2023-04-10 12:01:25,305 - INFO - [CONNECTION] - No join peer selected for circuit switch
2023-04-10 12:01:39,730 - WARNING - [Connect-sklep] - Got SENDME
2023-04-10 12:01:45,208 - INFO - [RECEIVER] - updateGraphOnly: [['P1', 'P2', 198, 'sklep'], ['P1', 'P3', 286, 'snowball'], ['P3', 'P4', 744, 'Vulnerar'], ['P2', 'P4', 100, 'jokulhops'], ['P4', 'P5', 689, 'shhovh'], ['P5', 'P7', 100, 'p1onX01'], ['P7', 'P8', 1061, 'hawksTorRelay'], ['P6', 'P8', 812, 'LupusreginaBeta']] , {'P7'}
2023-04-10 12:01:54,289 - WARNING - [RECEIVER] - Routing loop from P2 to P8: P2-P4-P2
2023-04-10 12:01:54,402 - WARNING - [RECEIVER] - Routing loop from P2 to P6: P2-P4-P3-P1-P2
2023-04-10 12:01:54,402 - WARNING - [RECEIVER] - TTL reached from path to P6 from P2
2023-04-10 12:01:55,756 - WARNING - [RECEIVER] - Routing loop from P3 to P8: P3-P4-P2-P1-P2
2023-04-10 12:01:55,756 - WARNING - [RECEIVER] - TTL reached from path to P8 from P3
2023-04-10 12:01:55,772 - WARNING - [RECEIVER] - Routing loop from P3 to P6: P3-P4-P2-P4-P2
2023-04-10 12:01:55,772 - WARNING - [RECEIVER] - TTL reached from path to P6 from P3
2023-04-10 12:01:57,552 - WARNING - [RECEIVER] - TTL reached from path to P8 from P5
2023-04-10 12:01:58,668 - WARNING - [RECEIVER] - Routing loop from P1 to P7: P1-P2-P1-P2
2023-04-10 12:02:02,269 - WARNING - [RECEIVER] - Routing loop from P2 to P8: P2-P1-P2
2023-04-10 12:02:03,585 - WARNING - [RECEIVER] - Routing loop from P2 to P6: P2-P1-P2
2023-04-10 12:02:07,327 - WARNING - [RECEIVER] - TTL reached from path to P7 from P5
2023-04-10 12:02:10,349 - WARNING - [RECEIVER] - TTL reached from path to P7 from P3
2023-04-10 12:02:11,784 - WARNING - [Connect-sklep] - Got SENDME
2023-04-10 12:02:11,806 - WARNING - [Connect-sklep] - Got SENDME
2023-04-10 12:02:12,697 - WARNING - [RECEIVER] - Routing loop from P2 to P6: P2-P4-P2
2023-04-10 12:02:13,722 - WARNING - [RECEIVER] - Routing loop from P5 to P7: P5-P4-P2-P4-P2
2023-04-10 12:02:13,722 - WARNING - [RECEIVER] - TTL reached from path to P7 from P5
2023-04-10 12:02:13,891 - WARNING - [RECEIVER] - Routing loop from P1 to P7: P1-P2-P1-P2
2023-04-10 12:02:19,253 - WARNING - [RECEIVER] - Routing loop from P4 to P6: P4-P2-P4-P2
2023-04-10 12:02:21,290 - WARNING - [RECEIVER] - Routing loop from P2 to P8: P2-P1-P2
2023-04-10 12:02:21,348 - WARNING - [RECEIVER] - Routing loop from P2 to P8: P2-P1-P2-P1-P2
2023-04-10 12:02:21,348 - WARNING - [RECEIVER] - TTL reached from path to P8 from P2
2023-04-10 12:02:21,672 - WARNING - [RECEIVER] - Routing loop from P2 to P6: P2-P4-P5-P4-P2
2023-04-10 12:02:21,672 - WARNING - [RECEIVER] - TTL reached from path to P6 from P2
2023-04-10 12:02:24,932 - WARNING - [RECEIVER] - Routing loop from P1 to P7: P1-P2-P4-P2
2023-04-10 12:02:24,947 - WARNING - [RECEIVER] - TTL reached from path to P6 from P3
2023-04-10 12:02:25,361 - INFO - [CONNECTION] - Highest cost peers: [('P6', 2762), ('P8', 1950), ('P7', 889), ('P5', 789), ('P3', 717), ('P1', 217), ('P4', 100), ('P2', 0)]
2023-04-10 12:02:25,362 - INFO - [CONNECTION] - Latency for P6 is 2762 - max 500
2023-04-10 12:02:25,362 - INFO - [CONNECTION] - Latency for P8 is 1950 - max 500
2023-04-10 12:02:25,362 - INFO - [CONNECTION] - Latency for P7 is 889 - max 500
2023-04-10 12:02:25,362 - INFO - [CONNECTION] - Latency for P5 is 789 - max 500
2023-04-10 12:02:25,362 - INFO - [CONNECTION] - Latency for P3 is 717 - max 500
2023-04-10 12:02:25,362 - INFO - [CONNECTION] - Latency for P1 is 217 - max 500
2023-04-10 12:02:25,362 - INFO - [CONNECTION] - Latency for P4 is 100 - max 500
2023-04-10 12:02:25,362 - INFO - [CONNECTION] - Latency for P2 is 0 - max 500
2023-04-10 12:02:25,362 - INFO - [CONNECTION] - No join peer selected for circuit switch
2023-04-10 12:02:25,462 - WARNING - [RECEIVER] - Routing loop from P4 to P8: P4-P2-P1-P2
2023-04-10 12:02:25,502 - WARNING - [RECEIVER] - Routing loop from P4 to P6: P4-P2-P1-P2
2023-04-10 12:02:26,415 - WARNING - [RECEIVER] - Routing loop from P5 to P6: P5-P4-P2-P1-P2
2023-04-10 12:02:26,415 - WARNING - [RECEIVER] - TTL reached from path to P6 from P5
2023-04-10 12:02:32,252 - WARNING - [RECEIVER] - TTL reached from path to P7 from P3
2023-04-10 12:02:34,481 - WARNING - [RECEIVER] - Routing loop from P2 to P8: P2-P4-P3-P1-P2
2023-04-10 12:02:34,481 - WARNING - [RECEIVER] - TTL reached from path to P8 from P2
2023-04-10 12:02:43,382 - WARNING - [Connect-sklep] - Got SENDME
2023-04-10 12:02:43,533 - WARNING - [RECEIVER] - Routing loop from P2 to P8: P2-P1-P3-P1-P2
2023-04-10 12:02:43,533 - WARNING - [RECEIVER] - TTL reached from path to P8 from P2
2023-04-10 12:02:44,829 - WARNING - [RECEIVER] - Routing loop from P2 to P6: P2-P4-P2
2023-04-10 12:02:49,506 - WARNING - [RECEIVER] - Routing loop from P2 to P7: P2-P1-P3-P4-P2
2023-04-10 12:02:49,507 - WARNING - [RECEIVER] - TTL reached from path to P7 from P2
2023-04-10 12:02:56,055 - WARNING - [RECEIVER] - TTL reached from path to P7 from P3
2023-04-10 12:02:56,624 - INFO - [RECEIVER] - updateGraphOnly: [['P1', 'P2', 217, 'sklep'], ['P1', 'P3', 500, 'snowball'], ['P3', 'P4', 543, 'Vulnerar'], ['P2', 'P4', 100, 'jokulhops'], ['P4', 'P5', 689, 'shhovh'], ['P6', 'P8', 812, 'LupusreginaBeta'], ['P7', 'P8', 877, 'hawksTorRelay']] , {'P5'}
2023-04-10 12:02:58,129 - WARNING - [RECEIVER] - Routing loop from P2 to P6: P2-P4-P3-P4-P2
2023-04-10 12:02:58,129 - WARNING - [RECEIVER] - TTL reached from path to P6 from P2
2023-04-10 12:02:59,665 - WARNING - [RECEIVER] - Routing loop from P2 to P8: P2-P1-P2
2023-04-10 12:02:59,727 - WARNING - [RECEIVER] - Routing loop from P2 to P8: P2-P1-P2-P1-P2
2023-04-10 12:02:59,727 - WARNING - [RECEIVER] - TTL reached from path to P8 from P2
2023-04-10 12:02:59,788 - WARNING - [RECEIVER] - Routing loop from P1 to P7: P1-P2-P4-P2
2023-04-10 12:03:05,790 - WARNING - [RECEIVER] - Routing loop from P1 to P8: P1-P2-P1-P2
2023-04-10 12:03:05,822 - WARNING - [RECEIVER] - Routing loop from P1 to P7: P1-P2-P1-P2
2023-04-10 12:03:07,402 - WARNING - [RECEIVER] - Routing loop from P2 to P8: P2-P4-P2
2023-04-10 12:03:07,464 - WARNING - [RECEIVER] - Routing loop from P2 to P8: P2-P4-P2-P1-P2
2023-04-10 12:03:07,464 - WARNING - [RECEIVER] - TTL reached from path to P8 from P2
2023-04-10 12:03:09,160 - WARNING - [RECEIVER] - Routing loop from P2 to P7: P2-P4-P2
2023-04-10 12:03:10,735 - WARNING - [RECEIVER] - Routing loop from P4 to P7: P4-P2-P1-P2
2023-04-10 12:03:14,090 - WARNING - [RECEIVER] - Routing loop from P1 to P7: P1-P2-P4-P2
2023-04-10 12:03:14,136 - WARNING - [RECEIVER] - TTL reached from path to P6 from P3
2023-04-10 12:03:14,413 - WARNING - [RECEIVER] - Routing loop from P2 to P8: P2-P4-P2
2023-04-10 12:03:14,856 - WARNING - [RECEIVER] - Routing loop from P2 to P6: P2-P4-P2
2023-04-10 12:03:14,915 - WARNING - [RECEIVER] - Routing loop from P2 to P6: P2-P4-P2-P1-P2
2023-04-10 12:03:14,915 - WARNING - [RECEIVER] - TTL reached from path to P6 from P2
2023-04-10 12:03:14,997 - WARNING - [RECEIVER] - Routing loop from P2 to P7: P2-P4-P3-P4-P2
2023-04-10 12:03:14,997 - WARNING - [RECEIVER] - TTL reached from path to P7 from P2
2023-04-10 12:03:18,835 - WARNING - [RECEIVER] - Routing loop from P4 to P6: P4-P2-P4-P2
2023-04-10 12:03:19,747 - WARNING - [Connect-sklep] - Got SENDME
2023-04-10 12:03:19,830 - WARNING - [Connect-sklep] - Got SENDME
2023-04-10 12:03:20,471 - WARNING - [RECEIVER] - Routing loop from P2 to P6: P2-P1-P2
2023-04-10 12:03:24,186 - WARNING - [RECEIVER] - TTL reached from path to P7 from P3
2023-04-10 12:03:25,422 - INFO - [CONNECTION] - Highest cost peers: [('P6', 2762), ('P8', 1950), ('P7', 889), ('P5', 789), ('P3', 717), ('P4', 352), ('P1', 217), ('P2', 0)]
2023-04-10 12:03:25,422 - INFO - [CONNECTION] - Latency for P6 is 2762 - max 500
2023-04-10 12:03:25,422 - INFO - [CONNECTION] - Latency for P8 is 1950 - max 500
2023-04-10 12:03:25,422 - INFO - [CONNECTION] - Latency for P7 is 889 - max 500
2023-04-10 12:03:25,422 - INFO - [CONNECTION] - Latency for P5 is 789 - max 500
2023-04-10 12:03:25,422 - INFO - [CONNECTION] - Latency for P3 is 717 - max 500
2023-04-10 12:03:25,422 - INFO - [CONNECTION] - Latency for P4 is 352 - max 500
2023-04-10 12:03:25,423 - INFO - [CONNECTION] - Latency for P1 is 217 - max 500
2023-04-10 12:03:25,423 - INFO - [CONNECTION] - Latency for P2 is 0 - max 500
2023-04-10 12:03:25,423 - INFO - [CONNECTION] - No join peer selected for circuit switch
2023-04-10 12:03:26,791 - WARNING - [RECEIVER] - Routing loop from P4 to P6: P4-P2-P1-P2
2023-04-10 12:03:28,478 - WARNING - [RECEIVER] - Routing loop from P2 to P8: P2-P4-P2
2023-04-10 12:03:28,534 - WARNING - [RECEIVER] - Routing loop from P2 to P8: P2-P4-P2-P1-P2
2023-04-10 12:03:28,534 - WARNING - [RECEIVER] - TTL reached from path to P8 from P2
2023-04-10 12:03:31,779 - WARNING - [RECEIVER] - Routing loop from P4 to P8: P4-P2-P4-P2
2023-04-10 12:03:32,222 - WARNING - [RECEIVER] - Routing loop from P3 to P7: P3-P4-P2-P4-P2
2023-04-10 12:03:32,222 - WARNING - [RECEIVER] - TTL reached from path to P7 from P3
2023-04-10 12:03:32,321 - WARNING - [RECEIVER] - Routing loop from P3 to P8: P3-P1-P2-P4-P2
2023-04-10 12:03:32,321 - WARNING - [RECEIVER] - TTL reached from path to P8 from P3
2023-04-10 12:03:33,860 - WARNING - [RECEIVER] - Routing loop from P1 to P8: P1-P2-P4-P2
2023-04-10 12:03:40,467 - WARNING - [RECEIVER] - Routing loop from P2 to P6: P2-P1-P2
2023-04-10 12:03:40,469 - WARNING - [RECEIVER] - Routing loop from P2 to P8: P2-P4-P3-P1-P2
2023-04-10 12:03:40,470 - WARNING - [RECEIVER] - TTL reached from path to P8 from P2
2023-04-10 12:03:40,470 - WARNING - [RECEIVER] - Routing loop from P2 to P7: P2-P4-P3-P1-P2
2023-04-10 12:03:40,470 - WARNING - [RECEIVER] - TTL reached from path to P7 from P2
2023-04-10 12:03:40,535 - WARNING - [RECEIVER] - Routing loop from P2 to P6: P2-P1-P2-P1-P2
2023-04-10 12:03:40,535 - WARNING - [RECEIVER] - TTL reached from path to P6 from P2
2023-04-10 12:03:40,840 - WARNING - [RECEIVER] - Routing loop from P4 to P8: P4-P2-P4-P2
2023-04-10 12:03:40,885 - WARNING - [RECEIVER] - Routing loop from P4 to P7: P4-P2-P4-P2
2023-04-10 12:03:43,863 - WARNING - [RECEIVER] - Routing loop from P1 to P6: P1-P2-P1-P2
2023-04-10 12:03:43,894 - WARNING - [RECEIVER] - Routing loop from P1 to P7: P1-P2-P4-P2
2023-04-10 12:03:47,258 - WARNING - [RECEIVER] - Routing loop from P2 to P6: P2-P1-P2
2023-04-10 12:03:47,865 - WARNING - [RECEIVER] - Routing loop from P4 to P7: P4-P2-P1-P2
2023-04-10 12:03:48,348 - WARNING - [RECEIVER] - Routing loop from P4 to P6: P4-P2-P4-P2
2023-04-10 12:03:51,374 - WARNING - [Connect-sklep] - Got SENDME
2023-04-10 12:03:53,504 - WARNING - [RECEIVER] - Routing loop from P2 to P8: P2-P4-P2
2023-04-10 12:03:53,574 - WARNING - [RECEIVER] - Routing loop from P2 to P7: P2-P4-P2
2023-04-10 12:03:53,586 - WARNING - [RECEIVER] - Routing loop from P2 to P8: P2-P4-P2-P1-P2
2023-04-10 12:03:53,586 - WARNING - [RECEIVER] - TTL reached from path to P8 from P2
2023-04-10 12:03:53,864 - WARNING - [RECEIVER] - Routing loop from P2 to P6: P2-P1-P3-P4-P2
2023-04-10 12:03:53,864 - WARNING - [RECEIVER] - TTL reached from path to P6 from P2
2023-04-10 12:03:53,909 - WARNING - [RECEIVER] - Routing loop from P4 to P7: P4-P2-P1-P2
2023-04-10 12:03:54,522 - WARNING - [RECEIVER] - TTL reached from path to P7 from P3
2023-04-10 12:03:54,838 - WARNING - [RECEIVER] - TTL reached from path to P8 from P3
2023-04-10 12:03:56,857 - WARNING - [RECEIVER] - Routing loop from P1 to P6: P1-P2-P1-P2
2023-04-10 12:03:56,906 - WARNING - [RECEIVER] - Routing loop from P1 to P8: P1-P2-P4-P2
2023-04-10 12:03:56,978 - WARNING - [RECEIVER] - Routing loop from P1 to P7: P1-P2-P4-P2
2023-04-10 12:04:00,246 - WARNING - [RECEIVER] - Routing loop from P3 to P6: P3-P4-P2-P4-P2
2023-04-10 12:04:00,247 - WARNING - [RECEIVER] - TTL reached from path to P6 from P3
2023-04-10 12:04:00,562 - WARNING - [RECEIVER] - TTL reached from path to P7 from P3
2023-04-10 12:04:02,019 - WARNING - [RECEIVER] - Routing loop from P3 to P8: P3-P1-P2-P4-P2
2023-04-10 12:04:02,020 - WARNING - [RECEIVER] - TTL reached from path to P8 from P3
2023-04-10 12:04:02,712 - WARNING - [RECEIVER] - Routing loop from P2 to P8: P2-P4-P3-P1-P2
2023-04-10 12:04:02,712 - WARNING - [RECEIVER] - TTL reached from path to P8 from P2
2023-04-10 12:04:02,924 - WARNING - [RECEIVER] - Routing loop from P2 to P6: P2-P1-P3-P4-P2
2023-04-10 12:04:02,925 - WARNING - [RECEIVER] - TTL reached from path to P6 from P2
2023-04-10 12:04:03,012 - WARNING - [RECEIVER] - Routing loop from P1 to P6: P1-P2-P4-P2
2023-04-10 12:04:06,489 - WARNING - [RECEIVER] - Routing loop from P3 to P6: P3-P4-P2-P1-P2
2023-04-10 12:04:06,489 - WARNING - [RECEIVER] - TTL reached from path to P6 from P3
2023-04-10 12:04:06,612 - WARNING - [RECEIVER] - TTL reached from path to P7 from P3
2023-04-10 12:04:06,918 - WARNING - [RECEIVER] - TTL reached from path to P8 from P3
2023-04-10 12:04:07,564 - WARNING - [RECEIVER] - Routing loop from P2 to P8: P2-P1-P2
2023-04-10 12:04:07,622 - WARNING - [RECEIVER] - Routing loop from P2 to P8: P2-P1-P2-P1-P2
2023-04-10 12:04:07,622 - WARNING - [RECEIVER] - TTL reached from path to P8 from P2
2023-04-10 12:04:10,546 - WARNING - [RECEIVER] - Routing loop from P2 to P6: P2-P4-P2
2023-04-10 12:04:12,996 - WARNING - [RECEIVER] - Routing loop from P4 to P8: P4-P2-P4-P2
2023-04-10 12:04:13,072 - WARNING - [RECEIVER] - Routing loop from P4 to P7: P4-P2-P4-P2
2023-04-10 12:04:14,932 - WARNING - [RECEIVER] - Routing loop from P1 to P8: P1-P2-P4-P2
2023-04-10 12:04:14,952 - WARNING - [RECEIVER] - Routing loop from P1 to P7: P1-P2-P1-P2
2023-04-10 12:04:17,364 - ERROR - [Connect-sklep] - Got DESTROY
