1676223134.5897017;P3;PEER ENTERED;
1676223147.307937;P3;TOPOLOGY UPDATE;{"P1": {"P3": 100, "P2": 100, "P4": 100, "P5": 100}, "P2": {"P1": 100}, "P3": {"P1": 100}, "P4": {"P1": 100}, "P5": {"P1": 100}}
1676223147.3088167;P3;TOPOLOGY UPDATE;{"P1": {"P3": 100, "P2": 100, "P4": 100, "P5": 100}, "P2": {"P1": 100}, "P3": {"P1": 100}, "P4": {"P1": 100}, "P5": {"P1": 100}}
1676223156.2422664;P3;TOPOLOGY UPDATE;{"P1": {"P3": 100, "P2": 100, "P4": 100, "P5": 100}, "P2": {"P1": 100}, "P3": {"P1": 100}, "P4": {"P1": 100}, "P5": {"P1": 100}}
1676223177.3097074;P3;LEAST COST PATH;{"P1": ["P3"], "P2": ["P1"], "P3": [], "P4": ["P1"], "P5": ["P1"]}
1676223177.310494;P3;LEAST COST PATH;{"P1": ["P3"], "P2": ["P1"], "P3": [], "P4": ["P1"], "P5": ["P1"]}
1676223183.2708788;P3;TOPOLOGY UPDATE;{"P1": {"P3": 100, "P2": 100, "P4": 100, "P5": 100}, "P2": {"P1": 100}, "P3": {"P1": 100}, "P4": {"P1": 100}, "P5": {"P1": 100}}
1676223186.2438135;P3;LEAST COST PATH;{"P1": ["P3"], "P2": ["P1"], "P3": [], "P4": ["P1"], "P5": ["P1"]}
1676223199.8457909;P3;NODE FAILURE;set()
1676223199.8460763;P3;TOPOLOGY UPDATE;{"P1": {"P2": 383, "P3": 470, "P4": 1280, "P5": 100}, "P2": {"P1": 383}, "P3": {"P1": 470}, "P4": {"P1": 1280}, "P5": {"P1": 100}}
1676223202.3482342;P3;NODE FAILURE;set()
1676223202.3485334;P3;TOPOLOGY UPDATE;{"P1": {"P2": 383, "P3": 470, "P4": 1280, "P5": 100}, "P2": {"P1": 383}, "P3": {"P1": 470}, "P4": {"P1": 1280}, "P5": {"P1": 100}}
1676223208.2835367;P3;NODE FAILURE;set()
1676223208.2840462;P3;TOPOLOGY UPDATE;{"P1": {"P2": 383, "P3": 470, "P4": 1280, "P5": 1391}, "P2": {"P1": 383}, "P3": {"P1": 470}, "P4": {"P1": 1280}, "P5": {"P1": 1391}}
1676223211.2801948;P3;NODE FAILURE;set()
1676223211.2808247;P3;TOPOLOGY UPDATE;{"P1": {"P2": 383, "P3": 470, "P4": 1280, "P5": 1391}, "P2": {"P1": 383}, "P3": {"P1": 470}, "P4": {"P1": 1280}, "P5": {"P1": 1391}}
1676223213.274213;P3;LEAST COST PATH;{"P1": ["P3"], "P2": ["P1"], "P3": [], "P4": ["P1"], "P5": ["P1"]}
1676223214.871357;P3;NODE FAILURE;set()
1676223214.8718293;P3;TOPOLOGY UPDATE;{"P1": {"P2": 383, "P3": 470, "P4": 1280, "P5": 1391}, "P2": {"P1": 383}, "P3": {"P1": 470}, "P4": {"P1": 1280}, "P5": {"P1": 1391}}
1676223229.8474164;P3;LEAST COST PATH;{"P1": ["P3"], "P2": ["P1"], "P3": [], "P4": ["P1"], "P5": ["P1"]}
1676223232.3513832;P3;LEAST COST PATH;{"P1": ["P3"], "P2": ["P1"], "P3": [], "P4": ["P1"], "P5": ["P1"]}
1676223238.286541;P3;LEAST COST PATH;{"P1": ["P3"], "P2": ["P1"], "P3": [], "P4": ["P1"], "P5": ["P1"]}
1676223241.2825444;P3;LEAST COST PATH;{"P1": ["P3"], "P2": ["P1"], "P3": [], "P4": ["P1"], "P5": ["P1"]}
1676223244.8733723;P3;LEAST COST PATH;{"P1": ["P3"], "P2": ["P1"], "P3": [], "P4": ["P1"], "P5": ["P1"]}
1676223244.9285855;P3;NODE FAILURE;set()
1676223244.928752;P3;TOPOLOGY UPDATE;{"P1": {"P2": 451, "P3": 470, "P4": 1280, "P5": 1391}, "P2": {"P1": 451}, "P3": {"P1": 470}, "P4": {"P1": 1280}, "P5": {"P1": 1391}}
1676223247.3959475;P3;NODE FAILURE;set()
1676223247.396189;P3;TOPOLOGY UPDATE;{"P1": {"P2": 451, "P3": 470, "P4": 1280, "P5": 1391}, "P2": {"P1": 451}, "P3": {"P1": 470}, "P4": {"P1": 1280}, "P5": {"P1": 1391}}
1676223256.3576949;P3;NODE FAILURE;set()
1676223256.3582072;P3;TOPOLOGY UPDATE;{"P1": {"P2": 451, "P3": 531, "P4": 1106, "P5": 1391}, "P2": {"P1": 451}, "P3": {"P1": 531}, "P4": {"P1": 1106}, "P5": {"P1": 1391}}
1676223259.928924;P3;NODE FAILURE;set()
1676223259.9292524;P3;TOPOLOGY UPDATE;{"P1": {"P2": 451, "P3": 531, "P4": 1106, "P5": 1391}, "P2": {"P1": 451}, "P3": {"P1": 531}, "P4": {"P1": 1106}, "P5": {"P1": 1391}}
1676223268.331362;P3;NODE FAILURE;set()
1676223268.3316126;P3;TOPOLOGY UPDATE;{"P1": {"P2": 451, "P3": 531, "P4": 1106, "P5": 1391}, "P2": {"P1": 451}, "P3": {"P1": 531}, "P4": {"P1": 1106}, "P5": {"P1": 1391}}
1676223274.9301524;P3;LEAST COST PATH;{"P1": ["P3"], "P2": ["P1"], "P3": [], "P4": ["P1"], "P5": ["P1"]}
1676223277.4008892;P3;LEAST COST PATH;{"P1": ["P3"], "P2": ["P1"], "P3": [], "P4": ["P1"], "P5": ["P1"]}
1676223286.359787;P3;LEAST COST PATH;{"P1": ["P3"], "P2": ["P1"], "P3": [], "P4": ["P1"], "P5": ["P1"]}
1676223289.9249132;P3;NODE FAILURE;set()
1676223289.9251814;P3;TOPOLOGY UPDATE;{"P1": {"P2": 451, "P3": 531, "P4": 1106, "P5": 1095}, "P2": {"P1": 451}, "P3": {"P1": 531}, "P4": {"P1": 1106}, "P5": {"P1": 1095}}
1676223289.9310935;P3;LEAST COST PATH;{"P1": ["P3"], "P2": ["P1"], "P3": [], "P4": ["P1"], "P5": ["P1"]}
1676223298.3326857;P3;LEAST COST PATH;{"P1": ["P3"], "P2": ["P1"], "P3": [], "P4": ["P1"], "P5": ["P1"]}
1676223305.0620165;P3;NODE FAILURE;set()
1676223305.0623677;P3;TOPOLOGY UPDATE;{"P1": {"P2": 413, "P3": 531, "P4": 740, "P5": 1095}, "P2": {"P1": 413}, "P3": {"P1": 531}, "P4": {"P1": 740}, "P5": {"P1": 1095}}
1676223307.5372355;P3;NODE FAILURE;set()
1676223307.5378323;P3;TOPOLOGY UPDATE;{"P1": {"P2": 413, "P3": 531, "P4": 740, "P5": 1095}, "P2": {"P1": 413}, "P3": {"P1": 531}, "P4": {"P1": 740}, "P5": {"P1": 1095}}
1676223313.4909103;P3;NODE FAILURE;set()
1676223313.491262;P3;TOPOLOGY UPDATE;{"P1": {"P2": 413, "P3": 475, "P4": 740, "P5": 1095}, "P2": {"P1": 413}, "P3": {"P1": 475}, "P4": {"P1": 740}, "P5": {"P1": 1095}}
1676223316.5128415;P3;NODE FAILURE;set()
1676223316.513091;P3;TOPOLOGY UPDATE;{"P1": {"P2": 413, "P3": 475, "P4": 740, "P5": 1095}, "P2": {"P1": 413}, "P3": {"P1": 475}, "P4": {"P1": 740}, "P5": {"P1": 1095}}
1676223319.927967;P3;LEAST COST PATH;{"P1": ["P3"], "P2": ["P1"], "P3": [], "P4": ["P1"], "P5": ["P1"]}
1676223320.1700938;P3;NODE FAILURE;set()
1676223320.1703367;P3;TOPOLOGY UPDATE;{"P1": {"P2": 413, "P3": 475, "P4": 740, "P5": 1095}, "P2": {"P1": 413}, "P3": {"P1": 475}, "P4": {"P1": 740}, "P5": {"P1": 1095}}
1676223335.063593;P3;LEAST COST PATH;{"P1": ["P3"], "P2": ["P1"], "P3": [], "P4": ["P1"], "P5": ["P1"]}
1676223337.5394742;P3;LEAST COST PATH;{"P1": ["P3"], "P2": ["P1"], "P3": [], "P4": ["P1"], "P5": ["P1"]}
1676223343.492179;P3;LEAST COST PATH;{"P1": ["P3"], "P2": ["P1"], "P3": [], "P4": ["P1"], "P5": ["P1"]}
1676223346.5142446;P3;LEAST COST PATH;{"P1": ["P3"], "P2": ["P1"], "P3": [], "P4": ["P1"], "P5": ["P1"]}
1676223350.1488225;P3;NODE FAILURE;set()
1676223350.1493318;P3;TOPOLOGY UPDATE;{"P1": {"P2": 113, "P3": 475, "P4": 785, "P5": 1279}, "P2": {"P1": 113}, "P3": {"P1": 475}, "P4": {"P1": 785}, "P5": {"P1": 1279}}
1676223350.1722858;P3;LEAST COST PATH;{"P1": ["P3"], "P2": ["P1"], "P3": [], "P4": ["P1"], "P5": ["P1"]}
1676223352.7159834;P3;NODE FAILURE;set()
1676223352.7162533;P3;TOPOLOGY UPDATE;{"P1": {"P2": 113, "P3": 475, "P4": 785, "P5": 1279}, "P2": {"P1": 113}, "P3": {"P1": 475}, "P4": {"P1": 785}, "P5": {"P1": 1279}}
1676223358.5136812;P3;NODE FAILURE;set()
1676223358.513935;P3;TOPOLOGY UPDATE;{"P1": {"P2": 113, "P3": 475, "P4": 785, "P5": 1279}, "P2": {"P1": 113}, "P3": {"P1": 475}, "P4": {"P1": 785}, "P5": {"P1": 1279}}
1676223361.6419148;P3;NODE FAILURE;set()
1676223361.6424732;P3;TOPOLOGY UPDATE;{"P1": {"P2": 113, "P3": 475, "P4": 785, "P5": 1279}, "P2": {"P1": 113}, "P3": {"P1": 475}, "P4": {"P1": 785}, "P5": {"P1": 1279}}
1676223380.1517084;P3;LEAST COST PATH;{"P1": ["P3"], "P2": ["P1"], "P3": [], "P4": ["P1"], "P5": ["P1"]}
1676223382.717699;P3;LEAST COST PATH;{"P1": ["P3"], "P2": ["P1"], "P3": [], "P4": ["P1"], "P5": ["P1"]}
1676223388.5150552;P3;LEAST COST PATH;{"P1": ["P3"], "P2": ["P1"], "P3": [], "P4": ["P1"], "P5": ["P1"]}
1676223391.6458743;P3;LEAST COST PATH;{"P1": ["P3"], "P2": ["P1"], "P3": [], "P4": ["P1"], "P5": ["P1"]}
1676223395.285666;P3;NODE FAILURE;set()
1676223395.2857888;P3;TOPOLOGY UPDATE;{"P1": {"P2": 268, "P3": 1358, "P4": 785, "P5": 1279}, "P2": {"P1": 268}, "P3": {"P1": 1358}, "P4": {"P1": 785}, "P5": {"P1": 1279}}
1676223397.7743979;P3;NODE FAILURE;set()
1676223397.775474;P3;TOPOLOGY UPDATE;{"P1": {"P2": 268, "P3": 1358, "P4": 785, "P5": 1279}, "P2": {"P1": 268}, "P3": {"P1": 1358}, "P4": {"P1": 785}, "P5": {"P1": 1279}}
1676223410.074474;P3;NODE FAILURE;set()
1676223410.0746272;P3;TOPOLOGY UPDATE;{"P1": {"P2": 268, "P3": 1358, "P4": 834, "P5": 1231}, "P2": {"P1": 268}, "P3": {"P1": 1358}, "P4": {"P1": 834}, "P5": {"P1": 1231}}
1676223419.0676436;P3;NODE FAILURE;set()
1676223419.067798;P3;TOPOLOGY UPDATE;{"P1": {"P2": 268, "P3": 1358, "P4": 834, "P5": 1231}, "P2": {"P1": 268}, "P3": {"P1": 1358}, "P4": {"P1": 834}, "P5": {"P1": 1231}}
1676223422.047886;P3;NODE FAILURE;set()
1676223422.0481253;P3;TOPOLOGY UPDATE;{"P1": {"P2": 268, "P3": 1358, "P4": 834, "P5": 1231}, "P2": {"P1": 268}, "P3": {"P1": 1358}, "P4": {"P1": 834}, "P5": {"P1": 1231}}
1676223425.2865856;P3;LEAST COST PATH;{"P1": ["P3"], "P2": ["P1"], "P3": [], "P4": ["P1"], "P5": ["P1"]}
1676223427.7797527;P3;LEAST COST PATH;{"P1": ["P3"], "P2": ["P1"], "P3": [], "P4": ["P1"], "P5": ["P1"]}
1676223440.0752256;P3;LEAST COST PATH;{"P1": ["P3"], "P2": ["P1"], "P3": [], "P4": ["P1"], "P5": ["P1"]}
1676223449.0683947;P3;LEAST COST PATH;{"P1": ["P3"], "P2": ["P1"], "P3": [], "P4": ["P1"], "P5": ["P1"]}
1676223452.0551984;P3;LEAST COST PATH;{"P1": ["P3"], "P2": ["P1"], "P3": [], "P4": ["P1"], "P5": ["P1"]}
1676223455.153899;P3;NODE FAILURE;set()
1676223455.1541595;P3;TOPOLOGY UPDATE;{"P1": {"P2": 451, "P3": 875, "P4": 834, "P5": 1231}, "P2": {"P1": 451}, "P3": {"P1": 875}, "P4": {"P1": 834}, "P5": {"P1": 1231}}
1676223457.7247114;P3;NODE FAILURE;set()
1676223457.7249773;P3;TOPOLOGY UPDATE;{"P1": {"P2": 451, "P3": 875, "P4": 834, "P5": 1231}, "P2": {"P1": 451}, "P3": {"P1": 875}, "P4": {"P1": 834}, "P5": {"P1": 1231}}
1676223470.1519387;P3;NODE FAILURE;set()
1676223470.1520755;P3;TOPOLOGY UPDATE;{"P1": {"P2": 451, "P3": 875, "P4": 1066, "P5": 1632}, "P2": {"P1": 451}, "P3": {"P1": 875}, "P4": {"P1": 1066}, "P5": {"P1": 1632}}
1676223479.1204436;P3;NODE FAILURE;set()
1676223479.1206026;P3;TOPOLOGY UPDATE;{"P1": {"P2": 451, "P3": 875, "P4": 1066, "P5": 1632}, "P2": {"P1": 451}, "P3": {"P1": 875}, "P4": {"P1": 1066}, "P5": {"P1": 1632}}
1676223482.1643684;P3;NODE FAILURE;set()
1676223482.1647494;P3;TOPOLOGY UPDATE;{"P1": {"P2": 451, "P3": 875, "P4": 1066, "P5": 1632}, "P2": {"P1": 451}, "P3": {"P1": 875}, "P4": {"P1": 1066}, "P5": {"P1": 1632}}
1676223485.1547067;P3;LEAST COST PATH;{"P1": ["P3"], "P2": ["P1"], "P3": [], "P4": ["P1"], "P5": ["P1"]}
1676223487.7255242;P3;LEAST COST PATH;{"P1": ["P3"], "P2": ["P1"], "P3": [], "P4": ["P1"], "P5": ["P1"]}
1676223500.1529093;P3;LEAST COST PATH;{"P1": ["P3"], "P2": ["P1"], "P3": [], "P4": ["P1"], "P5": ["P1"]}
1676223500.1841247;P3;NODE FAILURE;set()
1676223500.18431;P3;TOPOLOGY UPDATE;{"P1": {"P2": 451, "P3": 470, "P4": 1066, "P5": 1632}, "P2": {"P1": 451}, "P3": {"P1": 470}, "P4": {"P1": 1066}, "P5": {"P1": 1632}}
1676223502.6966574;P3;NODE FAILURE;set()
1676223502.6969628;P3;TOPOLOGY UPDATE;{"P1": {"P2": 451, "P3": 470, "P4": 1066, "P5": 1632}, "P2": {"P1": 451}, "P3": {"P1": 470}, "P4": {"P1": 1066}, "P5": {"P1": 1632}}
1676223509.1214216;P3;LEAST COST PATH;{"P1": ["P3"], "P2": ["P1"], "P3": [], "P4": ["P1"], "P5": ["P1"]}
1676223512.165365;P3;LEAST COST PATH;{"P1": ["P3"], "P2": ["P1"], "P3": [], "P4": ["P1"], "P5": ["P1"]}
1676223515.249183;P3;NODE FAILURE;set()
1676223515.2493227;P3;TOPOLOGY UPDATE;{"P1": {"P2": 420, "P3": 470, "P4": 1015, "P5": 1254}, "P2": {"P1": 420}, "P3": {"P1": 470}, "P4": {"P1": 1015}, "P5": {"P1": 1254}}
1676223524.111503;P3;NODE FAILURE;set()
1676223524.111671;P3;TOPOLOGY UPDATE;{"P1": {"P2": 420, "P3": 470, "P4": 1015, "P5": 1254}, "P2": {"P1": 420}, "P3": {"P1": 470}, "P4": {"P1": 1015}, "P5": {"P1": 1254}}
1676223527.1518638;P3;NODE FAILURE;set()
1676223527.1522527;P3;TOPOLOGY UPDATE;{"P1": {"P2": 420, "P3": 470, "P4": 1015, "P5": 1254}, "P2": {"P1": 420}, "P3": {"P1": 470}, "P4": {"P1": 1015}, "P5": {"P1": 1254}}
1676223530.1848054;P3;LEAST COST PATH;{"P1": ["P3"], "P2": ["P1"], "P3": [], "P4": ["P1"], "P5": ["P1"]}
1676223532.6975749;P3;LEAST COST PATH;{"P1": ["P3"], "P2": ["P1"], "P3": [], "P4": ["P1"], "P5": ["P1"]}
1676223545.2499378;P3;LEAST COST PATH;{"P1": ["P3"], "P2": ["P1"], "P3": [], "P4": ["P1"], "P5": ["P1"]}
1676223554.1124403;P3;LEAST COST PATH;{"P1": ["P3"], "P2": ["P1"], "P3": [], "P4": ["P1"], "P5": ["P1"]}
1676223557.1529949;P3;LEAST COST PATH;{"P1": ["P3"], "P2": ["P1"], "P3": [], "P4": ["P1"], "P5": ["P1"]}
1676223560.3054738;P3;NODE FAILURE;set()
1676223560.3056872;P3;TOPOLOGY UPDATE;{"P1": {"P2": 384, "P3": 752, "P4": 1015, "P5": 1254}, "P2": {"P1": 384}, "P3": {"P1": 752}, "P4": {"P1": 1015}, "P5": {"P1": 1254}}
1676223562.8192863;P3;NODE FAILURE;set()
1676223562.819576;P3;TOPOLOGY UPDATE;{"P1": {"P2": 384, "P3": 752, "P4": 1015, "P5": 1254}, "P2": {"P1": 384}, "P3": {"P1": 752}, "P4": {"P1": 1015}, "P5": {"P1": 1254}}
1676223571.9127116;P3;NODE FAILURE;set()
1676223571.91291;P3;TOPOLOGY UPDATE;{"P1": {"P2": 384, "P3": 752, "P4": 985, "P5": 1157}, "P2": {"P1": 384}, "P3": {"P1": 752}, "P4": {"P1": 985}, "P5": {"P1": 1157}}
1676223575.5253181;P3;NODE FAILURE;set()
1676223575.5255485;P3;TOPOLOGY UPDATE;{"P1": {"P2": 384, "P3": 752, "P4": 985, "P5": 1157}, "P2": {"P1": 384}, "P3": {"P1": 752}, "P4": {"P1": 985}, "P5": {"P1": 1157}}
1676223584.307421;P3;NODE FAILURE;set()
1676223584.3077157;P3;TOPOLOGY UPDATE;{"P1": {"P2": 384, "P3": 752, "P4": 985, "P5": 1157}, "P2": {"P1": 384}, "P3": {"P1": 752}, "P4": {"P1": 985}, "P5": {"P1": 1157}}
1676223590.3065405;P3;LEAST COST PATH;{"P1": ["P3"], "P2": ["P1"], "P3": [], "P4": ["P1"], "P5": ["P1"]}
1676223592.820502;P3;LEAST COST PATH;{"P1": ["P3"], "P2": ["P1"], "P3": [], "P4": ["P1"], "P5": ["P1"]}
1676223601.9134035;P3;LEAST COST PATH;{"P1": ["P3"], "P2": ["P1"], "P3": [], "P4": ["P1"], "P5": ["P1"]}
1676223605.38098;P3;NODE FAILURE;set()
1676223605.3813639;P3;TOPOLOGY UPDATE;{"P1": {"P2": 675, "P3": 813, "P4": 985, "P5": 1157}, "P2": {"P1": 675}, "P3": {"P1": 813}, "P4": {"P1": 985}, "P5": {"P1": 1157}}
1676223605.5261421;P3;LEAST COST PATH;{"P1": ["P3"], "P2": ["P1"], "P3": [], "P4": ["P1"], "P5": ["P1"]}
1676223607.7419474;P3;NODE FAILURE;set()
1676223607.7422373;P3;TOPOLOGY UPDATE;{"P1": {"P2": 675, "P3": 813, "P4": 985, "P5": 1157}, "P2": {"P1": 675}, "P3": {"P1": 813}, "P4": {"P1": 985}, "P5": {"P1": 1157}}
1676223614.308416;P3;LEAST COST PATH;{"P1": ["P3"], "P2": ["P1"], "P3": [], "P4": ["P1"], "P5": ["P1"]}
1676223620.4125311;P3;NODE FAILURE;set()
1676223620.4126763;P3;TOPOLOGY UPDATE;{"P1": {"P2": 675, "P3": 813, "P4": 944, "P5": 1159}, "P2": {"P1": 675}, "P3": {"P1": 813}, "P4": {"P1": 944}, "P5": {"P1": 1159}}
1676223628.6734173;P3;NODE FAILURE;set()
1676223628.673579;P3;TOPOLOGY UPDATE;{"P1": {"P2": 675, "P3": 813, "P4": 944, "P5": 1159}, "P2": {"P1": 675}, "P3": {"P1": 813}, "P4": {"P1": 944}, "P5": {"P1": 1159}}
1676223631.7117934;P3;NODE FAILURE;set()
1676223631.711965;P3;TOPOLOGY UPDATE;{"P1": {"P2": 675, "P3": 813, "P4": 944, "P5": 1159}, "P2": {"P1": 675}, "P3": {"P1": 813}, "P4": {"P1": 944}, "P5": {"P1": 1159}}
1676223635.3819838;P3;LEAST COST PATH;{"P1": ["P3"], "P2": ["P1"], "P3": [], "P4": ["P1"], "P5": ["P1"]}
1676223637.74332;P3;LEAST COST PATH;{"P1": ["P3"], "P2": ["P1"], "P3": [], "P4": ["P1"], "P5": ["P1"]}
1676223650.4131703;P3;LEAST COST PATH;{"P1": ["P3"], "P2": ["P1"], "P3": [], "P4": ["P1"], "P5": ["P1"]}
1676223650.4602377;P3;NODE FAILURE;set()
1676223650.46048;P3;TOPOLOGY UPDATE;{"P1": {"P2": 675, "P3": 663, "P4": 944, "P5": 1159}, "P2": {"P1": 675}, "P3": {"P1": 663}, "P4": {"P1": 944}, "P5": {"P1": 1159}}
1676223652.7859936;P3;NODE FAILURE;set()
1676223652.786181;P3;TOPOLOGY UPDATE;{"P1": {"P2": 675, "P3": 663, "P4": 944, "P5": 1159}, "P2": {"P1": 675}, "P3": {"P1": 663}, "P4": {"P1": 944}, "P5": {"P1": 1159}}
1676223658.6740956;P3;LEAST COST PATH;{"P1": ["P3"], "P2": ["P1"], "P3": [], "P4": ["P1"], "P5": ["P1"]}
1676223661.7124345;P3;LEAST COST PATH;{"P1": ["P3"], "P2": ["P1"], "P3": [], "P4": ["P1"], "P5": ["P1"]}
1676223665.47326;P3;NODE FAILURE;set()
1676223665.4734292;P3;TOPOLOGY UPDATE;{"P1": {"P2": 578, "P3": 663, "P4": 891, "P5": 1108}, "P2": {"P1": 578}, "P3": {"P1": 663}, "P4": {"P1": 891}, "P5": {"P1": 1108}}
1676223673.700755;P3;NODE FAILURE;set()
1676223673.7014666;P3;TOPOLOGY UPDATE;{"P1": {"P2": 578, "P3": 663, "P4": 891, "P5": 1108}, "P2": {"P1": 578}, "P3": {"P1": 663}, "P4": {"P1": 891}, "P5": {"P1": 1108}}
1676223676.7356822;P3;NODE FAILURE;set()
1676223676.7361333;P3;TOPOLOGY UPDATE;{"P1": {"P2": 578, "P3": 663, "P4": 891, "P5": 1108}, "P2": {"P1": 578}, "P3": {"P1": 663}, "P4": {"P1": 891}, "P5": {"P1": 1108}}
1676223680.4611232;P3;LEAST COST PATH;{"P1": ["P3"], "P2": ["P1"], "P3": [], "P4": ["P1"], "P5": ["P1"]}
1676223682.7871401;P3;LEAST COST PATH;{"P1": ["P3"], "P2": ["P1"], "P3": [], "P4": ["P1"], "P5": ["P1"]}
1676223695.4739077;P3;LEAST COST PATH;{"P1": ["P3"], "P2": ["P1"], "P3": [], "P4": ["P1"], "P5": ["P1"]}
1676223703.7054677;P3;LEAST COST PATH;{"P1": ["P3"], "P2": ["P1"], "P3": [], "P4": ["P1"], "P5": ["P1"]}
1676223706.7368863;P3;LEAST COST PATH;{"P1": ["P3"], "P2": ["P1"], "P3": [], "P4": ["P1"], "P5": ["P1"]}
1676223710.5496523;P3;NODE FAILURE;set()
1676223710.5498786;P3;TOPOLOGY UPDATE;{"P1": {"P2": 541, "P3": 641, "P4": 891, "P5": 1108}, "P2": {"P1": 541}, "P3": {"P1": 641}, "P4": {"P1": 891}, "P5": {"P1": 1108}}
1676223712.8641095;P3;NODE FAILURE;set()
1676223712.8648164;P3;TOPOLOGY UPDATE;{"P1": {"P2": 541, "P3": 641, "P4": 891, "P5": 1108}, "P2": {"P1": 541}, "P3": {"P1": 641}, "P4": {"P1": 891}, "P5": {"P1": 1108}}
1676223721.7641633;P3;NODE FAILURE;set()
1676223721.7643287;P3;TOPOLOGY UPDATE;{"P1": {"P2": 541, "P3": 641, "P4": 860, "P5": 1071}, "P2": {"P1": 541}, "P3": {"P1": 641}, "P4": {"P1": 860}, "P5": {"P1": 1071}}
1676223725.5873756;P3;NODE FAILURE;set()
1676223725.5875177;P3;TOPOLOGY UPDATE;{"P1": {"P2": 541, "P3": 641, "P4": 860, "P5": 1071}, "P2": {"P1": 541}, "P3": {"P1": 641}, "P4": {"P1": 860}, "P5": {"P1": 1071}}
1676223733.7942436;P3;NODE FAILURE;set()
1676223733.794554;P3;TOPOLOGY UPDATE;{"P1": {"P2": 541, "P3": 641, "P4": 860, "P5": 1071}, "P2": {"P1": 541}, "P3": {"P1": 641}, "P4": {"P1": 860}, "P5": {"P1": 1071}}
1676223740.550673;P3;LEAST COST PATH;{"P1": ["P3"], "P2": ["P1"], "P3": [], "P4": ["P1"], "P5": ["P1"]}
1676223742.866015;P3;LEAST COST PATH;{"P1": ["P3"], "P2": ["P1"], "P3": [], "P4": ["P1"], "P5": ["P1"]}
1676223751.765148;P3;LEAST COST PATH;{"P1": ["P3"], "P2": ["P1"], "P3": [], "P4": ["P1"], "P5": ["P1"]}
1676223755.5879755;P3;LEAST COST PATH;{"P1": ["P3"], "P2": ["P1"], "P3": [], "P4": ["P1"], "P5": ["P1"]}
1676223756.3163896;P3;NODE FAILURE;set()
1676223756.3167074;P3;TOPOLOGY UPDATE;{"P1": {"P2": 523, "P3": 606, "P4": 860, "P5": 1071}, "P2": {"P1": 523}, "P3": {"P1": 606}, "P4": {"P1": 860}, "P5": {"P1": 1071}}
1676223758.0170834;P3;NODE FAILURE;set()
1676223758.0173256;P3;TOPOLOGY UPDATE;{"P1": {"P2": 523, "P3": 606, "P4": 860, "P5": 1071}, "P2": {"P1": 523}, "P3": {"P1": 606}, "P4": {"P1": 860}, "P5": {"P1": 1071}}
1676223763.795237;P3;LEAST COST PATH;{"P1": ["P3"], "P2": ["P1"], "P3": [], "P4": ["P1"], "P5": ["P1"]}
1676223770.7766142;P3;NODE FAILURE;set()
1676223770.7767744;P3;TOPOLOGY UPDATE;{"P1": {"P2": 523, "P3": 606, "P4": 847, "P5": 1127}, "P2": {"P1": 523}, "P3": {"P1": 606}, "P4": {"P1": 847}, "P5": {"P1": 1127}}
1676223778.835652;P3;NODE FAILURE;set()
1676223778.835811;P3;TOPOLOGY UPDATE;{"P1": {"P2": 523, "P3": 606, "P4": 847, "P5": 1127}, "P2": {"P1": 523}, "P3": {"P1": 606}, "P4": {"P1": 847}, "P5": {"P1": 1127}}
1676223781.8639922;P3;NODE FAILURE;set()
1676223781.864288;P3;TOPOLOGY UPDATE;{"P1": {"P2": 523, "P3": 606, "P4": 847, "P5": 1127}, "P2": {"P1": 523}, "P3": {"P1": 606}, "P4": {"P1": 847}, "P5": {"P1": 1127}}
1676223786.317985;P3;LEAST COST PATH;{"P1": ["P3"], "P2": ["P1"], "P3": [], "P4": ["P1"], "P5": ["P1"]}
1676223788.019379;P3;LEAST COST PATH;{"P1": ["P3"], "P2": ["P1"], "P3": [], "P4": ["P1"], "P5": ["P1"]}
1676223800.7779326;P3;LEAST COST PATH;{"P1": ["P3"], "P2": ["P1"], "P3": [], "P4": ["P1"], "P5": ["P1"]}
1676223801.088776;P3;NODE FAILURE;set()
1676223801.0889344;P3;TOPOLOGY UPDATE;{"P1": {"P2": 523, "P3": 619, "P4": 847, "P5": 1127}, "P2": {"P1": 523}, "P3": {"P1": 619}, "P4": {"P1": 847}, "P5": {"P1": 1127}}
1676223803.1810248;P3;NODE FAILURE;set()
1676223803.1813197;P3;TOPOLOGY UPDATE;{"P1": {"P2": 523, "P3": 619, "P4": 847, "P5": 1127}, "P2": {"P1": 523}, "P3": {"P1": 619}, "P4": {"P1": 847}, "P5": {"P1": 1127}}
1676223808.8362863;P3;LEAST COST PATH;{"P1": ["P3"], "P2": ["P1"], "P3": [], "P4": ["P1"], "P5": ["P1"]}
1676223811.865068;P3;LEAST COST PATH;{"P1": ["P3"], "P2": ["P1"], "P3": [], "P4": ["P1"], "P5": ["P1"]}
1676223816.4729383;P3;NODE FAILURE;set()
1676223816.4732459;P3;TOPOLOGY UPDATE;{"P1": {"P2": 298, "P3": 619, "P4": 886, "P5": 1069}, "P2": {"P1": 298}, "P3": {"P1": 619}, "P4": {"P1": 886}, "P5": {"P1": 1069}}
1676223824.0870109;P3;NODE FAILURE;set()
1676223824.0871992;P3;TOPOLOGY UPDATE;{"P1": {"P2": 298, "P3": 619, "P4": 886, "P5": 1069}, "P2": {"P1": 298}, "P3": {"P1": 619}, "P4": {"P1": 886}, "P5": {"P1": 1069}}
1676223827.1376534;P3;NODE FAILURE;set()
1676223827.1379056;P3;TOPOLOGY UPDATE;{"P1": {"P2": 298, "P3": 619, "P4": 886, "P5": 1069}, "P2": {"P1": 298}, "P3": {"P1": 619}, "P4": {"P1": 886}, "P5": {"P1": 1069}}
1676223831.0894449;P3;LEAST COST PATH;{"P1": ["P3"], "P2": ["P1"], "P3": [], "P4": ["P1"], "P5": ["P1"]}
1676223833.182222;P3;LEAST COST PATH;{"P1": ["P3"], "P2": ["P1"], "P3": [], "P4": ["P1"], "P5": ["P1"]}
1676223846.4738839;P3;LEAST COST PATH;{"P1": ["P3"], "P2": ["P1"], "P3": [], "P4": ["P1"], "P5": ["P1"]}
1676223854.0877156;P3;LEAST COST PATH;{"P1": ["P3"], "P2": ["P1"], "P3": [], "P4": ["P1"], "P5": ["P1"]}
1676223857.1384766;P3;LEAST COST PATH;{"P1": ["P3"], "P2": ["P1"], "P3": [], "P4": ["P1"], "P5": ["P1"]}
1676223861.5570593;P3;NODE FAILURE;set()
1676223861.5572262;P3;TOPOLOGY UPDATE;{"P1": {"P2": 553, "P3": 1090, "P4": 886, "P5": 1069}, "P2": {"P1": 553}, "P3": {"P1": 1090}, "P4": {"P1": 886}, "P5": {"P1": 1069}}
1676223863.3165357;P3;NODE FAILURE;set()
1676223863.3167253;P3;TOPOLOGY UPDATE;{"P1": {"P2": 553, "P3": 1090, "P4": 886, "P5": 1069}, "P2": {"P1": 553}, "P3": {"P1": 1090}, "P4": {"P1": 886}, "P5": {"P1": 1069}}
1676223871.978938;P3;NODE FAILURE;set()
1676223871.9792433;P3;TOPOLOGY UPDATE;{"P1": {"P2": 553, "P3": 1090, "P4": 651, "P5": 845}, "P2": {"P1": 553}, "P3": {"P1": 1090}, "P4": {"P1": 651}, "P5": {"P1": 845}}
1676223876.0032847;P3;NODE FAILURE;set()
1676223876.0037138;P3;TOPOLOGY UPDATE;{"P1": {"P2": 553, "P3": 1090, "P4": 651, "P5": 845}, "P2": {"P1": 553}, "P3": {"P1": 1090}, "P4": {"P1": 651}, "P5": {"P1": 845}}
1676223884.9212186;P3;NODE FAILURE;set()
1676223884.9216342;P3;TOPOLOGY UPDATE;{"P1": {"P2": 553, "P3": 1090, "P4": 651, "P5": 845}, "P2": {"P1": 553}, "P3": {"P1": 1090}, "P4": {"P1": 651}, "P5": {"P1": 845}}
1676223891.5579398;P3;LEAST COST PATH;{"P1": ["P3"], "P2": ["P1"], "P3": [], "P4": ["P1"], "P5": ["P1"]}
1676223893.3172705;P3;LEAST COST PATH;{"P1": ["P3"], "P2": ["P1"], "P3": [], "P4": ["P1"], "P5": ["P1"]}
1676223901.9799979;P3;LEAST COST PATH;{"P1": ["P3"], "P2": ["P1"], "P3": [], "P4": ["P1"], "P5": ["P1"]}
1676223906.0058396;P3;LEAST COST PATH;{"P1": ["P3"], "P2": ["P1"], "P3": [], "P4": ["P1"], "P5": ["P1"]}
1676223906.0451536;P3;NODE FAILURE;set()
1676223906.04543;P3;TOPOLOGY UPDATE;{"P1": {"P2": 502, "P3": 953, "P4": 651, "P5": 845}, "P2": {"P1": 502}, "P3": {"P1": 953}, "P4": {"P1": 651}, "P5": {"P1": 845}}
1676223908.4739187;P3;NODE FAILURE;set()
1676223908.4741378;P3;TOPOLOGY UPDATE;{"P1": {"P2": 502, "P3": 953, "P4": 651, "P5": 845}, "P2": {"P1": 502}, "P3": {"P1": 953}, "P4": {"P1": 651}, "P5": {"P1": 845}}
1676223914.922434;P3;LEAST COST PATH;{"P1": ["P3"], "P2": ["P1"], "P3": [], "P4": ["P1"], "P5": ["P1"]}
1676223921.0428023;P3;NODE FAILURE;set()
1676223921.0430894;P3;TOPOLOGY UPDATE;{"P1": {"P2": 502, "P3": 953, "P4": 814, "P5": 938}, "P2": {"P1": 502}, "P3": {"P1": 953}, "P4": {"P1": 814}, "P5": {"P1": 938}}
1676223929.0641212;P3;NODE FAILURE;set()
1676223929.0642924;P3;TOPOLOGY UPDATE;{"P1": {"P2": 502, "P3": 953, "P4": 814, "P5": 938}, "P2": {"P1": 502}, "P3": {"P1": 953}, "P4": {"P1": 814}, "P5": {"P1": 938}}
1676223932.126701;P3;NODE FAILURE;set()
1676223932.1270838;P3;TOPOLOGY UPDATE;{"P1": {"P2": 502, "P3": 953, "P4": 814, "P5": 938}, "P2": {"P1": 502}, "P3": {"P1": 953}, "P4": {"P1": 814}, "P5": {"P1": 938}}
1676223936.0461175;P3;LEAST COST PATH;{"P1": ["P3"], "P2": ["P1"], "P3": [], "P4": ["P1"], "P5": ["P1"]}
1676223938.4752254;P3;LEAST COST PATH;{"P1": ["P3"], "P2": ["P1"], "P3": [], "P4": ["P1"], "P5": ["P1"]}
1676223951.043996;P3;LEAST COST PATH;{"P1": ["P3"], "P2": ["P1"], "P3": [], "P4": ["P1"], "P5": ["P1"]}
1676223951.1335344;P3;NODE FAILURE;set()
1676223951.1337774;P3;TOPOLOGY UPDATE;{"P1": {"P2": 502, "P3": 868, "P4": 814, "P5": 938}, "P2": {"P1": 502}, "P3": {"P1": 868}, "P4": {"P1": 814}, "P5": {"P1": 938}}
1676223953.3475103;P3;NODE FAILURE;set()
1676223953.3478136;P3;TOPOLOGY UPDATE;{"P1": {"P2": 502, "P3": 868, "P4": 814, "P5": 938}, "P2": {"P1": 502}, "P3": {"P1": 868}, "P4": {"P1": 814}, "P5": {"P1": 938}}
1676223959.0648377;P3;LEAST COST PATH;{"P1": ["P3"], "P2": ["P1"], "P3": [], "P4": ["P1"], "P5": ["P1"]}
1676223962.1276493;P3;LEAST COST PATH;{"P1": ["P3"], "P2": ["P1"], "P3": [], "P4": ["P1"], "P5": ["P1"]}
1676223966.014995;P3;NODE FAILURE;set()
1676223966.0154035;P3;TOPOLOGY UPDATE;{"P1": {"P2": 479, "P3": 868, "P4": 804, "P5": 930}, "P2": {"P1": 479}, "P3": {"P1": 868}, "P4": {"P1": 804}, "P5": {"P1": 930}}
1676223977.1068518;P3;NODE FAILURE;set()
1676223977.1070237;P3;TOPOLOGY UPDATE;{"P1": {"P2": 479, "P3": 868, "P4": 804, "P5": 930}, "P2": {"P1": 479}, "P3": {"P1": 868}, "P4": {"P1": 804}, "P5": {"P1": 930}}
1676223981.134533;P3;LEAST COST PATH;{"P1": ["P3"], "P2": ["P1"], "P3": [], "P4": ["P1"], "P5": ["P1"]}
1676223983.3485289;P3;LEAST COST PATH;{"P1": ["P3"], "P2": ["P1"], "P3": [], "P4": ["P1"], "P5": ["P1"]}
1676223996.0163949;P3;LEAST COST PATH;{"P1": ["P3"], "P2": ["P1"], "P3": [], "P4": ["P1"], "P5": ["P1"]}
1676224007.1077957;P3;LEAST COST PATH;{"P1": ["P3"], "P2": ["P1"], "P3": [], "P4": ["P1"], "P5": ["P1"]}
1676224011.11828;P3;NODE FAILURE;set()
1676224011.118781;P3;TOPOLOGY UPDATE;{"P1": {"P2": 424, "P3": 652, "P4": 804, "P5": 930}, "P2": {"P1": 424}, "P3": {"P1": 652}, "P4": {"P1": 804}, "P5": {"P1": 930}}
1676224013.1947622;P3;NODE FAILURE;set()
1676224013.1949358;P3;TOPOLOGY UPDATE;{"P1": {"P2": 424, "P3": 652, "P4": 804, "P5": 930}, "P2": {"P1": 424}, "P3": {"P1": 652}, "P4": {"P1": 804}, "P5": {"P1": 930}}
1676224022.0375009;P3;NODE FAILURE;set()
1676224022.037678;P3;TOPOLOGY UPDATE;{"P1": {"P2": 424, "P3": 652, "P4": 745, "P5": 858}, "P2": {"P1": 424}, "P3": {"P1": 652}, "P4": {"P1": 745}, "P5": {"P1": 858}}
1676224026.1520545;P3;NODE FAILURE;set()
1676224026.152783;P3;TOPOLOGY UPDATE;{"P1": {"P2": 424, "P3": 652, "P4": 745, "P5": 858}, "P2": {"P1": 424}, "P3": {"P1": 652}, "P4": {"P1": 745}, "P5": {"P1": 858}}
1676224041.1197374;P3;LEAST COST PATH;{"P1": ["P3"], "P2": ["P1"], "P3": [], "P4": ["P1"], "P5": ["P1"]}
1676224043.195909;P3;LEAST COST PATH;{"P1": ["P3"], "P2": ["P1"], "P3": [], "P4": ["P1"], "P5": ["P1"]}
1676224051.1471524;P3;NODE FAILURE;set()
1676224051.147675;P3;TOPOLOGY UPDATE;{"P1": {"P2": 507, "P3": 654, "P4": 745, "P5": 858}, "P2": {"P1": 507}, "P3": {"P1": 654}, "P4": {"P1": 745}, "P5": {"P1": 858}}
1676224052.0380719;P3;LEAST COST PATH;{"P1": ["P3"], "P2": ["P1"], "P3": [], "P4": ["P1"], "P5": ["P1"]}
1676224056.1537004;P3;LEAST COST PATH;{"P1": ["P3"], "P2": ["P1"], "P3": [], "P4": ["P1"], "P5": ["P1"]}
1676224056.4431808;P3;NODE FAILURE;set()
1676224056.4434648;P3;TOPOLOGY UPDATE;{"P1": {"P2": 507, "P3": 654, "P4": 745, "P5": 858}, "P2": {"P1": 507}, "P3": {"P1": 654}, "P4": {"P1": 745}, "P5": {"P1": 858}}
1676224058.6871352;P3;NODE FAILURE;set()
1676224058.6874352;P3;TOPOLOGY UPDATE;{"P1": {"P2": 507, "P3": 654, "P4": 745, "P5": 858}, "P2": {"P1": 507}, "P3": {"P1": 654}, "P4": {"P1": 745}, "P5": {"P1": 858}}
1676224071.4870803;P3;NODE FAILURE;set()
1676224071.4874914;P3;TOPOLOGY UPDATE;{"P1": {"P2": 507, "P3": 654, "P4": 789, "P5": 951}, "P2": {"P1": 507}, "P3": {"P1": 654}, "P4": {"P1": 789}, "P5": {"P1": 951}}
1676224081.1487253;P3;LEAST COST PATH;{"P1": ["P3"], "P2": ["P1"], "P3": [], "P4": ["P1"], "P5": ["P1"]}
1676224082.1911223;P3;NODE FAILURE;set()
1676224082.191277;P3;TOPOLOGY UPDATE;{"P1": {"P2": 507, "P3": 654, "P4": 789, "P5": 951}, "P2": {"P1": 507}, "P3": {"P1": 654}, "P4": {"P1": 789}, "P5": {"P1": 951}}
1676224086.4474695;P3;LEAST COST PATH;{"P1": ["P3"], "P2": ["P1"], "P3": [], "P4": ["P1"], "P5": ["P1"]}
1676224088.688877;P3;LEAST COST PATH;{"P1": ["P3"], "P2": ["P1"], "P3": [], "P4": ["P1"], "P5": ["P1"]}
1676224095.016136;P3;NODE FAILURE;set()
1676224095.016356;P3;TOPOLOGY UPDATE;{"P1": {"P2": 507, "P3": 654, "P4": 789, "P5": 951}, "P2": {"P1": 507}, "P3": {"P1": 654}, "P4": {"P1": 789}, "P5": {"P1": 951}}
1676224101.4883757;P3;LEAST COST PATH;{"P1": ["P3"], "P2": ["P1"], "P3": [], "P4": ["P1"], "P5": ["P1"]}
1676224103.5458841;P3;NODE FAILURE;set()
1676224103.5460558;P3;TOPOLOGY UPDATE;{"P1": {"P2": 507, "P3": 654, "P4": 789, "P5": 951}, "P2": {"P1": 507}, "P3": {"P1": 654}, "P4": {"P1": 789}, "P5": {"P1": 951}}
1676224112.1926043;P3;LEAST COST PATH;{"P1": ["P3"], "P2": ["P1"], "P3": [], "P4": ["P1"], "P5": ["P1"]}
1676224116.3482308;P3;NODE FAILURE;set()
1676224116.3484063;P3;TOPOLOGY UPDATE;{"P1": {"P2": 396, "P3": 1067, "P4": 789, "P5": 824}, "P2": {"P1": 396}, "P3": {"P1": 1067}, "P4": {"P1": 789}, "P5": {"P1": 824}}
1676224125.017069;P3;LEAST COST PATH;{"P1": ["P3"], "P2": ["P1"], "P3": [], "P4": ["P1"], "P5": ["P1"]}
1676224127.3066933;P3;NODE FAILURE;set()
1676224127.3068316;P3;TOPOLOGY UPDATE;{"P1": {"P2": 396, "P3": 1067, "P4": 586, "P5": 824}, "P2": {"P1": 396}, "P3": {"P1": 1067}, "P4": {"P1": 586}, "P5": {"P1": 824}}
1676224131.5232887;P3;NODE FAILURE;set()
1676224131.523457;P3;TOPOLOGY UPDATE;{"P1": {"P2": 396, "P3": 1067, "P4": 586, "P5": 824}, "P2": {"P1": 396}, "P3": {"P1": 1067}, "P4": {"P1": 586}, "P5": {"P1": 824}}
1676224133.5465722;P3;LEAST COST PATH;{"P1": ["P3"], "P2": ["P1"], "P3": [], "P4": ["P1"], "P5": ["P1"]}
1676224146.3489313;P3;LEAST COST PATH;{"P1": ["P3"], "P2": ["P1"], "P3": [], "P4": ["P1"], "P5": ["P1"]}
1676224157.30748;P3;LEAST COST PATH;{"P1": ["P3"], "P2": ["P1"], "P3": [], "P4": ["P1"], "P5": ["P1"]}
1676224161.480439;P3;NODE FAILURE;set()
1676224161.480649;P3;TOPOLOGY UPDATE;{"P1": {"P2": 360, "P3": 920, "P4": 586, "P5": 824}, "P2": {"P1": 360}, "P3": {"P1": 920}, "P4": {"P1": 586}, "P5": {"P1": 824}}
1676224161.5239992;P3;LEAST COST PATH;{"P1": ["P3"], "P2": ["P1"], "P3": [], "P4": ["P1"], "P5": ["P1"]}
1676224163.4272468;P3;NODE FAILURE;set()
1676224163.4274306;P3;TOPOLOGY UPDATE;{"P1": {"P2": 360, "P3": 920, "P4": 586, "P5": 824}, "P2": {"P1": 360}, "P3": {"P1": 920}, "P4": {"P1": 586}, "P5": {"P1": 824}}
1676224176.201441;P3;NODE FAILURE;set()
1676224176.2015915;P3;TOPOLOGY UPDATE;{"P1": {"P2": 360, "P3": 920, "P4": 674, "P5": 785}, "P2": {"P1": 360}, "P3": {"P1": 920}, "P4": {"P1": 674}, "P5": {"P1": 785}}
1676224177.2042916;P3;NODE FAILURE;set()
1676224177.2044625;P3;TOPOLOGY UPDATE;{"P1": {"P2": 360, "P3": 920, "P4": 674, "P5": 785}, "P2": {"P1": 360}, "P3": {"P1": 920}, "P4": {"P1": 674}, "P5": {"P1": 785}}
1676224191.4817376;P3;LEAST COST PATH;{"P1": ["P3"], "P2": ["P1"], "P3": [], "P4": ["P1"], "P5": ["P1"]}
1676224193.4279516;P3;LEAST COST PATH;{"P1": ["P3"], "P2": ["P1"], "P3": [], "P4": ["P1"], "P5": ["P1"]}
1676224199.9755538;P3;NODE FAILURE;set()
1676224199.9757142;P3;TOPOLOGY UPDATE;{"P1": {"P2": 375, "P3": 764, "P4": 674, "P5": 785}, "P2": {"P1": 375}, "P3": {"P1": 764}, "P4": {"P1": 674}, "P5": {"P1": 785}}
1676224206.2079062;P3;LEAST COST PATH;{"P1": ["P3"], "P2": ["P1"], "P3": [], "P4": ["P1"], "P5": ["P1"]}
1676224206.4499953;P3;NODE FAILURE;set()
1676224206.4501507;P3;TOPOLOGY UPDATE;{"P1": {"P2": 375, "P3": 764, "P4": 674, "P5": 785}, "P2": {"P1": 375}, "P3": {"P1": 764}, "P4": {"P1": 674}, "P5": {"P1": 785}}
1676224207.2049851;P3;LEAST COST PATH;{"P1": ["P3"], "P2": ["P1"], "P3": [], "P4": ["P1"], "P5": ["P1"]}
1676224208.446553;P3;NODE FAILURE;set()
1676224208.4467175;P3;TOPOLOGY UPDATE;{"P1": {"P2": 375, "P3": 764, "P4": 674, "P5": 785}, "P2": {"P1": 375}, "P3": {"P1": 764}, "P4": {"P1": 674}, "P5": {"P1": 785}}
1676224221.6169047;P3;NODE FAILURE;set()
1676224221.6170537;P3;TOPOLOGY UPDATE;{"P1": {"P2": 375, "P3": 764, "P4": 690, "P5": 802}, "P2": {"P1": 375}, "P3": {"P1": 764}, "P4": {"P1": 690}, "P5": {"P1": 802}}
1676224229.9762902;P3;LEAST COST PATH;{"P1": ["P3"], "P2": ["P1"], "P3": [], "P4": ["P1"], "P5": ["P1"]}
1676224232.3012009;P3;NODE FAILURE;set()
1676224232.3017862;P3;TOPOLOGY UPDATE;{"P1": {"P2": 375, "P3": 764, "P4": 690, "P5": 802}, "P2": {"P1": 375}, "P3": {"P1": 764}, "P4": {"P1": 690}, "P5": {"P1": 802}}
1676224236.4511073;P3;LEAST COST PATH;{"P1": ["P3"], "P2": ["P1"], "P3": [], "P4": ["P1"], "P5": ["P1"]}
1676224238.4482157;P3;LEAST COST PATH;{"P1": ["P3"], "P2": ["P1"], "P3": [], "P4": ["P1"], "P5": ["P1"]}
1676224244.646074;P3;NODE FAILURE;set()
1676224244.6467772;P3;TOPOLOGY UPDATE;{"P1": {"P2": 375, "P3": 764, "P4": 690, "P5": 802}, "P2": {"P1": 375}, "P3": {"P1": 764}, "P4": {"P1": 690}, "P5": {"P1": 802}}
1676224251.6175923;P3;LEAST COST PATH;{"P1": ["P3"], "P2": ["P1"], "P3": [], "P4": ["P1"], "P5": ["P1"]}
1676224253.6235952;P3;NODE FAILURE;set()
1676224253.623839;P3;TOPOLOGY UPDATE;{"P1": {"P2": 375, "P3": 764, "P4": 690, "P5": 802}, "P2": {"P1": 375}, "P3": {"P1": 764}, "P4": {"P1": 690}, "P5": {"P1": 802}}
1676224262.3029606;P3;LEAST COST PATH;{"P1": ["P3"], "P2": ["P1"], "P3": [], "P4": ["P1"], "P5": ["P1"]}
1676224267.7881713;P3;NODE FAILURE;set()
1676224267.7884734;P3;TOPOLOGY UPDATE;{"P1": {"P2": 199, "P3": 569, "P4": 690, "P5": 802}, "P2": {"P1": 199}, "P3": {"P1": 569}, "P4": {"P1": 690}, "P5": {"P1": 802}}
1676224274.6482472;P3;LEAST COST PATH;{"P1": ["P3"], "P2": ["P1"], "P3": [], "P4": ["P1"], "P5": ["P1"]}
1676224277.4286523;P3;NODE FAILURE;set()
1676224277.4288163;P3;TOPOLOGY UPDATE;{"P1": {"P2": 199, "P3": 569, "P4": 692, "P5": 802}, "P2": {"P1": 199}, "P3": {"P1": 569}, "P4": {"P1": 692}, "P5": {"P1": 802}}
1676224281.6148927;P3;NODE FAILURE;set()
1676224281.6151614;P3;TOPOLOGY UPDATE;{"P1": {"P2": 199, "P3": 569, "P4": 692, "P5": 802}, "P2": {"P1": 199}, "P3": {"P1": 569}, "P4": {"P1": 692}, "P5": {"P1": 802}}
1676224283.6255662;P3;LEAST COST PATH;{"P1": ["P3"], "P2": ["P1"], "P3": [], "P4": ["P1"], "P5": ["P1"]}
1676224297.78967;P3;LEAST COST PATH;{"P1": ["P3"], "P2": ["P1"], "P3": [], "P4": ["P1"], "P5": ["P1"]}
1676224305.0150588;P3;NODE FAILURE;set()
1676224305.01543;P3;TOPOLOGY UPDATE;{"P1": {"P2": 475, "P3": 778, "P4": 692, "P5": 802}, "P2": {"P1": 475}, "P3": {"P1": 778}, "P4": {"P1": 692}, "P5": {"P1": 802}}
1676224307.4297829;P3;LEAST COST PATH;{"P1": ["P3"], "P2": ["P1"], "P3": [], "P4": ["P1"], "P5": ["P1"]}
1676224311.616498;P3;LEAST COST PATH;{"P1": ["P3"], "P2": ["P1"], "P3": [], "P4": ["P1"], "P5": ["P1"]}
1676224311.6557362;P3;NODE FAILURE;set()
1676224311.6559;P3;TOPOLOGY UPDATE;{"P1": {"P2": 475, "P3": 778, "P4": 692, "P5": 802}, "P2": {"P1": 475}, "P3": {"P1": 778}, "P4": {"P1": 692}, "P5": {"P1": 802}}
1676224313.477955;P3;NODE FAILURE;set()
1676224313.478129;P3;TOPOLOGY UPDATE;{"P1": {"P2": 475, "P3": 778, "P4": 692, "P5": 802}, "P2": {"P1": 475}, "P3": {"P1": 778}, "P4": {"P1": 692}, "P5": {"P1": 802}}
1676224326.652985;P3;NODE FAILURE;set()
1676224326.6532276;P3;TOPOLOGY UPDATE;{"P1": {"P2": 475, "P3": 778, "P4": 618, "P5": 733}, "P2": {"P1": 475}, "P3": {"P1": 778}, "P4": {"P1": 618}, "P5": {"P1": 733}}
1676224335.0160377;P3;LEAST COST PATH;{"P1": ["P3"], "P2": ["P1"], "P3": [], "P4": ["P1"], "P5": ["P1"]}
1676224337.3896008;P3;NODE FAILURE;set()
1676224337.389842;P3;TOPOLOGY UPDATE;{"P1": {"P2": 475, "P3": 778, "P4": 618, "P5": 733}, "P2": {"P1": 475}, "P3": {"P1": 778}, "P4": {"P1": 618}, "P5": {"P1": 733}}
1676224341.656526;P3;LEAST COST PATH;{"P1": ["P3"], "P2": ["P1"], "P3": [], "P4": ["P1"], "P5": ["P1"]}
1676224343.4786391;P3;LEAST COST PATH;{"P1": ["P3"], "P2": ["P1"], "P3": [], "P4": ["P1"], "P5": ["P1"]}
1676224356.6539829;P3;LEAST COST PATH;{"P1": ["P3"], "P2": ["P1"], "P3": [], "P4": ["P1"], "P5": ["P1"]}
1676224358.7610831;P3;NODE FAILURE;set()
1676224358.7613087;P3;TOPOLOGY UPDATE;{"P1": {"P2": 475, "P3": 778, "P4": 618, "P5": 733}, "P2": {"P1": 475}, "P3": {"P1": 778}, "P4": {"P1": 618}, "P5": {"P1": 733}}
1676224367.390455;P3;LEAST COST PATH;{"P1": ["P3"], "P2": ["P1"], "P3": [], "P4": ["P1"], "P5": ["P1"]}
1676224379.447302;P3;NODE FAILURE;set()
1676224379.4474723;P3;TOPOLOGY UPDATE;{"P1": {"P2": 491, "P3": 1107, "P4": 1275, "P5": 1388}, "P2": {"P1": 491}, "P3": {"P1": 1107}, "P4": {"P1": 1275}, "P5": {"P1": 1388}}
1676224379.5801356;P3;NODE FAILURE;set()
1676224379.5803564;P3;TOPOLOGY UPDATE;{"P1": {"P2": 491, "P3": 1107, "P4": 1275, "P5": 1388}, "P2": {"P1": 491}, "P3": {"P1": 1107}, "P4": {"P1": 1275}, "P5": {"P1": 1388}}
1676224388.2302585;P3;NODE FAILURE;set()
1676224388.2305417;P3;TOPOLOGY UPDATE;{"P1": {"P2": 491, "P3": 1107, "P4": 1275, "P5": 1388}, "P2": {"P1": 491}, "P3": {"P1": 1107}, "P4": {"P1": 1275}, "P5": {"P1": 1388}}
1676224388.762014;P3;LEAST COST PATH;{"P1": ["P3"], "P2": ["P1"], "P3": [], "P4": ["P1"], "P5": ["P1"]}
1676224397.6017864;P3;NODE FAILURE;set()
1676224397.6019487;P3;TOPOLOGY UPDATE;{"P1": {"P2": 491, "P3": 1107, "P4": 1275, "P5": 1388}, "P2": {"P1": 491}, "P3": {"P1": 1107}, "P4": {"P1": 1275}, "P5": {"P1": 1388}}
1676224409.447999;P3;LEAST COST PATH;{"P1": ["P3"], "P2": ["P1"], "P3": [], "P4": ["P1"], "P5": ["P1"]}
1676224409.5812354;P3;LEAST COST PATH;{"P1": ["P3"], "P2": ["P1"], "P3": [], "P4": ["P1"], "P5": ["P1"]}
1676224417.0629778;P3;NODE FAILURE;set()
1676224417.0631583;P3;TOPOLOGY UPDATE;{"P1": {"P2": 542, "P3": 922, "P4": 1275, "P5": 1388}, "P2": {"P1": 542}, "P3": {"P1": 922}, "P4": {"P1": 1275}, "P5": {"P1": 1388}}
1676224418.231266;P3;LEAST COST PATH;{"P1": ["P3"], "P2": ["P1"], "P3": [], "P4": ["P1"], "P5": ["P1"]}
1676224419.4631207;P3;NODE FAILURE;set()
1676224419.4632812;P3;TOPOLOGY UPDATE;{"P1": {"P2": 542, "P3": 922, "P4": 1275, "P5": 1388}, "P2": {"P1": 542}, "P3": {"P1": 922}, "P4": {"P1": 1275}, "P5": {"P1": 1388}}
1676224425.5722165;P3;NODE FAILURE;set()
1676224425.5725105;P3;TOPOLOGY UPDATE;{"P1": {"P2": 542, "P3": 922, "P4": 1335, "P5": 1606}, "P2": {"P1": 542}, "P3": {"P1": 922}, "P4": {"P1": 1335}, "P5": {"P1": 1606}}
1676224427.6029568;P3;LEAST COST PATH;{"P1": ["P3"], "P2": ["P1"], "P3": [], "P4": ["P1"], "P5": ["P1"]}
1676224432.1871357;P3;NODE FAILURE;set()
1676224432.1874385;P3;TOPOLOGY UPDATE;{"P1": {"P2": 542, "P3": 922, "P4": 1335, "P5": 1606}, "P2": {"P1": 542}, "P3": {"P1": 922}, "P4": {"P1": 1335}, "P5": {"P1": 1606}}
1676224447.0636725;P3;LEAST COST PATH;{"P1": ["P3"], "P2": ["P1"], "P3": [], "P4": ["P1"], "P5": ["P1"]}
1676224449.4639373;P3;LEAST COST PATH;{"P1": ["P3"], "P2": ["P1"], "P3": [], "P4": ["P1"], "P5": ["P1"]}
1676224455.573137;P3;LEAST COST PATH;{"P1": ["P3"], "P2": ["P1"], "P3": [], "P4": ["P1"], "P5": ["P1"]}
1676224457.8001661;P3;NODE FAILURE;set()
1676224457.8003356;P3;TOPOLOGY UPDATE;{"P1": {"P2": 287, "P3": 922, "P4": 1335, "P5": 1606}, "P2": {"P1": 287}, "P3": {"P1": 922}, "P4": {"P1": 1335}, "P5": {"P1": 1606}}
1676224462.1880784;P3;LEAST COST PATH;{"P1": ["P3"], "P2": ["P1"], "P3": [], "P4": ["P1"], "P5": ["P1"]}
1676224462.4942417;P3;NODE FAILURE;set()
1676224462.494414;P3;TOPOLOGY UPDATE;{"P1": {"P2": 287, "P3": 922, "P4": 1335, "P5": 1606}, "P2": {"P1": 287}, "P3": {"P1": 922}, "P4": {"P1": 1335}, "P5": {"P1": 1606}}
1676224464.0130699;P3;NODE FAILURE;set()
1676224464.0132234;P3;TOPOLOGY UPDATE;{"P1": {"P2": 287, "P3": 922, "P4": 1335, "P5": 1606}, "P2": {"P1": 287}, "P3": {"P1": 922}, "P4": {"P1": 1335}, "P5": {"P1": 1606}}
1676224471.6527493;P3;NODE FAILURE;set()
1676224471.6530375;P3;TOPOLOGY UPDATE;{"P1": {"P2": 287, "P3": 1117, "P4": 1335, "P5": 1278}, "P2": {"P1": 287}, "P3": {"P1": 1117}, "P4": {"P1": 1335}, "P5": {"P1": 1278}}
1676224478.1271129;P3;NODE FAILURE;set()
1676224478.1272788;P3;TOPOLOGY UPDATE;{"P1": {"P2": 287, "P3": 1117, "P4": 1335, "P5": 1278}, "P2": {"P1": 287}, "P3": {"P1": 1117}, "P4": {"P1": 1335}, "P5": {"P1": 1278}}
1676224487.8008356;P3;LEAST COST PATH;{"P1": ["P3"], "P2": ["P1"], "P3": [], "P4": ["P1"], "P5": ["P1"]}
1676224492.020755;P3;NODE FAILURE;set()
1676224492.0208855;P3;TOPOLOGY UPDATE;{"P1": {"P2": 287, "P3": 1117, "P4": 1220, "P5": 1278}, "P2": {"P1": 287}, "P3": {"P1": 1117}, "P4": {"P1": 1220}, "P5": {"P1": 1278}}
1676224492.4949877;P3;LEAST COST PATH;{"P1": ["P3"], "P2": ["P1"], "P3": [], "P4": ["P1"], "P5": ["P1"]}
1676224494.0137365;P3;LEAST COST PATH;{"P1": ["P3"], "P2": ["P1"], "P3": [], "P4": ["P1"], "P5": ["P1"]}
1676224501.6538985;P3;LEAST COST PATH;{"P1": ["P3"], "P2": ["P1"], "P3": [], "P4": ["P1"], "P5": ["P1"]}
1676224502.4503202;P3;NODE FAILURE;set()
1676224502.450481;P3;TOPOLOGY UPDATE;{"P1": {"P2": 287, "P3": 1117, "P4": 1220, "P5": 1278}, "P2": {"P1": 287}, "P3": {"P1": 1117}, "P4": {"P1": 1220}, "P5": {"P1": 1278}}
1676224508.1279557;P3;LEAST COST PATH;{"P1": ["P3"], "P2": ["P1"], "P3": [], "P4": ["P1"], "P5": ["P1"]}
1676224508.6123872;P3;NODE FAILURE;set()
1676224508.6125436;P3;TOPOLOGY UPDATE;{"P1": {"P2": 287, "P3": 1117, "P4": 1220, "P5": 1278}, "P2": {"P1": 287}, "P3": {"P1": 1117}, "P4": {"P1": 1220}, "P5": {"P1": 1278}}
1676224521.9514685;P3;NODE FAILURE;set()
1676224521.951737;P3;TOPOLOGY UPDATE;{"P1": {"P2": 263, "P3": 1209, "P4": 1220, "P5": 1278}, "P2": {"P1": 263}, "P3": {"P1": 1209}, "P4": {"P1": 1220}, "P5": {"P1": 1278}}
1676224522.0214508;P3;LEAST COST PATH;{"P1": ["P3"], "P2": ["P1"], "P3": [], "P4": ["P1"], "P5": ["P1"]}
1676224530.037643;P3;NODE FAILURE;set()
1676224530.0379267;P3;TOPOLOGY UPDATE;{"P1": {"P2": 263, "P3": 1209, "P4": 1220, "P5": 888}, "P2": {"P1": 263}, "P3": {"P1": 1209}, "P4": {"P1": 1220}, "P5": {"P1": 888}}
1676224532.4514737;P3;LEAST COST PATH;{"P1": ["P3"], "P2": ["P1"], "P3": [], "P4": ["P1"], "P5": ["P1"]}
1676224537.0032308;P3;NODE FAILURE;set()
1676224537.0033903;P3;TOPOLOGY UPDATE;{"P1": {"P2": 263, "P3": 1209, "P4": 1220, "P5": 888}, "P2": {"P1": 263}, "P3": {"P1": 1209}, "P4": {"P1": 1220}, "P5": {"P1": 888}}
1676224538.6130404;P3;LEAST COST PATH;{"P1": ["P3"], "P2": ["P1"], "P3": [], "P4": ["P1"], "P5": ["P1"]}
1676224547.9767723;P3;NODE FAILURE;set()
1676224547.9770482;P3;TOPOLOGY UPDATE;{"P1": {"P2": 263, "P3": 1209, "P4": 1130, "P5": 888}, "P2": {"P1": 263}, "P3": {"P1": 1209}, "P4": {"P1": 1130}, "P5": {"P1": 888}}
1676224551.9523537;P3;LEAST COST PATH;{"P1": ["P3"], "P2": ["P1"], "P3": [], "P4": ["P1"], "P5": ["P1"]}
1676224551.963684;P3;NODE FAILURE;set()
1676224551.9637873;P3;TOPOLOGY UPDATE;{"P1": {"P2": 263, "P3": 1209, "P4": 1130, "P5": 888}, "P2": {"P1": 263}, "P3": {"P1": 1209}, "P4": {"P1": 1130}, "P5": {"P1": 888}}
1676224560.0393045;P3;LEAST COST PATH;{"P1": ["P3"], "P2": ["P1"], "P3": [], "P4": ["P1"], "P5": ["P1"]}
1676224566.9986653;P3;NODE FAILURE;set()
1676224566.998821;P3;TOPOLOGY UPDATE;{"P1": {"P2": 227, "P3": 272, "P4": 1130, "P5": 888}, "P2": {"P1": 227}, "P3": {"P1": 272}, "P4": {"P1": 1130}, "P5": {"P1": 888}}
1676224567.0038996;P3;LEAST COST PATH;{"P1": ["P3"], "P2": ["P1"], "P3": [], "P4": ["P1"], "P5": ["P1"]}
1676224568.6422615;P3;NODE FAILURE;set()
1676224568.642418;P3;TOPOLOGY UPDATE;{"P1": {"P2": 227, "P3": 272, "P4": 1130, "P5": 888}, "P2": {"P1": 227}, "P3": {"P1": 272}, "P4": {"P1": 1130}, "P5": {"P1": 888}}
1676224575.680189;P3;NODE FAILURE;set()
1676224575.6803715;P3;TOPOLOGY UPDATE;{"P1": {"P2": 227, "P3": 272, "P4": 1130, "P5": 1564}, "P2": {"P1": 227}, "P3": {"P1": 272}, "P4": {"P1": 1130}, "P5": {"P1": 1564}}
1676224577.9776244;P3;LEAST COST PATH;{"P1": ["P3"], "P2": ["P1"], "P3": [], "P4": ["P1"], "P5": ["P1"]}
1676224581.964374;P3;LEAST COST PATH;{"P1": ["P3"], "P2": ["P1"], "P3": [], "P4": ["P1"], "P5": ["P1"]}
1676224582.0712237;P3;NODE FAILURE;set()
1676224582.0714655;P3;TOPOLOGY UPDATE;{"P1": {"P2": 227, "P3": 272, "P4": 1130, "P5": 1564}, "P2": {"P1": 227}, "P3": {"P1": 272}, "P4": {"P1": 1130}, "P5": {"P1": 1564}}
1676224596.9995387;P3;LEAST COST PATH;{"P1": ["P3"], "P2": ["P1"], "P3": [], "P4": ["P1"], "P5": ["P1"]}
1676224597.079899;P3;NODE FAILURE;set()
1676224597.0800385;P3;TOPOLOGY UPDATE;{"P1": {"P2": 227, "P3": 272, "P4": 1218, "P5": 1564}, "P2": {"P1": 227}, "P3": {"P1": 272}, "P4": {"P1": 1218}, "P5": {"P1": 1564}}
1676224598.6430676;P3;LEAST COST PATH;{"P1": ["P3"], "P2": ["P1"], "P3": [], "P4": ["P1"], "P5": ["P1"]}
1676224605.6810853;P3;LEAST COST PATH;{"P1": ["P3"], "P2": ["P1"], "P3": [], "P4": ["P1"], "P5": ["P1"]}
1676224607.8004017;P3;NODE FAILURE;set()
1676224607.8007019;P3;TOPOLOGY UPDATE;{"P1": {"P2": 845, "P3": 272, "P4": 1218, "P5": 1564}, "P2": {"P1": 845}, "P3": {"P1": 272}, "P4": {"P1": 1218}, "P5": {"P1": 1564}}
1676224612.0727167;P3;LEAST COST PATH;{"P1": ["P3"], "P2": ["P1"], "P3": [], "P4": ["P1"], "P5": ["P1"]}
1676224612.080172;P3;NODE FAILURE;set()
1676224612.0802727;P3;TOPOLOGY UPDATE;{"P1": {"P2": 845, "P3": 272, "P4": 1218, "P5": 1564}, "P2": {"P1": 845}, "P3": {"P1": 272}, "P4": {"P1": 1218}, "P5": {"P1": 1564}}
1676224613.645941;P3;NODE FAILURE;set()
1676224613.6460962;P3;TOPOLOGY UPDATE;{"P1": {"P2": 845, "P3": 272, "P4": 1218, "P5": 1564}, "P2": {"P1": 845}, "P3": {"P1": 272}, "P4": {"P1": 1218}, "P5": {"P1": 1564}}
1676224620.766124;P3;NODE FAILURE;set()
1676224620.7663925;P3;TOPOLOGY UPDATE;{"P1": {"P2": 845, "P3": 1195, "P4": 1218, "P5": 1205}, "P2": {"P1": 845}, "P3": {"P1": 1195}, "P4": {"P1": 1218}, "P5": {"P1": 1205}}
1676224627.0805826;P3;LEAST COST PATH;{"P1": ["P3"], "P2": ["P1"], "P3": [], "P4": ["P1"], "P5": ["P1"]}
1676224627.1071103;P3;NODE FAILURE;set()
1676224627.1072233;P3;TOPOLOGY UPDATE;{"P1": {"P2": 845, "P3": 1195, "P4": 1218, "P5": 1205}, "P2": {"P1": 845}, "P3": {"P1": 1195}, "P4": {"P1": 1218}, "P5": {"P1": 1205}}
1676224637.801635;P3;LEAST COST PATH;{"P1": ["P3"], "P2": ["P1"], "P3": [], "P4": ["P1"], "P5": ["P1"]}
1676224642.080785;P3;LEAST COST PATH;{"P1": ["P3"], "P2": ["P1"], "P3": [], "P4": ["P1"], "P5": ["P1"]}
1676224642.1549566;P3;NODE FAILURE;set()
1676224642.1553733;P3;TOPOLOGY UPDATE;{"P1": {"P2": 845, "P3": 1195, "P4": 1186, "P5": 1205}, "P2": {"P1": 845}, "P3": {"P1": 1195}, "P4": {"P1": 1186}, "P5": {"P1": 1205}}
1676224643.6470618;P3;LEAST COST PATH;{"P1": ["P3"], "P2": ["P1"], "P3": [], "P4": ["P1"], "P5": ["P1"]}
1676224650.7669964;P3;LEAST COST PATH;{"P1": ["P3"], "P2": ["P1"], "P3": [], "P4": ["P1"], "P5": ["P1"]}
1676224657.1077237;P3;LEAST COST PATH;{"P1": ["P3"], "P2": ["P1"], "P3": [], "P4": ["P1"], "P5": ["P1"]}
1676224658.7280204;P3;NODE FAILURE;set()
1676224658.7281933;P3;TOPOLOGY UPDATE;{"P1": {"P2": 845, "P3": 1195, "P4": 1186, "P5": 1205}, "P2": {"P1": 845}, "P3": {"P1": 1195}, "P4": {"P1": 1186}, "P5": {"P1": 1205}}
1676224672.1561909;P3;LEAST COST PATH;{"P1": ["P3"], "P2": ["P1"], "P3": [], "P4": ["P1"], "P5": ["P1"]}
1676224672.1933424;P3;NODE FAILURE;set()
1676224672.1936202;P3;TOPOLOGY UPDATE;{"P1": {"P2": 1007, "P3": 778, "P4": 1186, "P5": 1205}, "P2": {"P1": 1007}, "P3": {"P1": 778}, "P4": {"P1": 1186}, "P5": {"P1": 1205}}
1676224680.122669;P3;NODE FAILURE;set()
1676224680.1229727;P3;TOPOLOGY UPDATE;{"P1": {"P2": 1007, "P3": 778, "P4": 1186, "P5": 844}, "P2": {"P1": 1007}, "P3": {"P1": 778}, "P4": {"P1": 1186}, "P5": {"P1": 844}}
1676224687.2130554;P3;NODE FAILURE;set()
1676224687.2133265;P3;TOPOLOGY UPDATE;{"P1": {"P2": 1007, "P3": 778, "P4": 1186, "P5": 844}, "P2": {"P1": 1007}, "P3": {"P1": 778}, "P4": {"P1": 1186}, "P5": {"P1": 844}}
1676224688.728676;P3;LEAST COST PATH;{"P1": ["P3"], "P2": ["P1"], "P3": [], "P4": ["P1"], "P5": ["P1"]}
1676224702.19414;P3;LEAST COST PATH;{"P1": ["P3"], "P2": ["P1"], "P3": [], "P4": ["P1"], "P5": ["P1"]}
1676224702.2360623;P3;NODE FAILURE;set()
1676224702.2362266;P3;TOPOLOGY UPDATE;{"P1": {"P2": 1007, "P3": 778, "P4": 1034, "P5": 844}, "P2": {"P1": 1007}, "P3": {"P1": 778}, "P4": {"P1": 1034}, "P5": {"P1": 844}}
1676224710.123433;P3;LEAST COST PATH;{"P1": ["P3"], "P2": ["P1"], "P3": [], "P4": ["P1"], "P5": ["P1"]}
1676224713.175211;P3;NODE FAILURE;set()
1676224713.175384;P3;TOPOLOGY UPDATE;{"P1": {"P2": 452, "P3": 596, "P4": 1034, "P5": 844}, "P2": {"P1": 452}, "P3": {"P1": 596}, "P4": {"P1": 1034}, "P5": {"P1": 844}}
1676224717.2146366;P3;LEAST COST PATH;{"P1": ["P3"], "P2": ["P1"], "P3": [], "P4": ["P1"], "P5": ["P1"]}
1676224717.260351;P3;NODE FAILURE;set()
1676224717.2604697;P3;TOPOLOGY UPDATE;{"P1": {"P2": 452, "P3": 596, "P4": 1034, "P5": 844}, "P2": {"P1": 452}, "P3": {"P1": 596}, "P4": {"P1": 1034}, "P5": {"P1": 844}}
1676224718.759657;P3;NODE FAILURE;set()
1676224718.759802;P3;TOPOLOGY UPDATE;{"P1": {"P2": 452, "P3": 596, "P4": 1034, "P5": 844}, "P2": {"P1": 452}, "P3": {"P1": 596}, "P4": {"P1": 1034}, "P5": {"P1": 844}}
1676224725.8431756;P3;NODE FAILURE;set()
1676224725.8434632;P3;TOPOLOGY UPDATE;{"P1": {"P2": 452, "P3": 596, "P4": 1034, "P5": 1450}, "P2": {"P1": 452}, "P3": {"P1": 596}, "P4": {"P1": 1034}, "P5": {"P1": 1450}}
1676224732.2366452;P3;LEAST COST PATH;{"P1": ["P3"], "P2": ["P1"], "P3": [], "P4": ["P1"], "P5": ["P1"]}
1676224732.3195653;P3;NODE FAILURE;set()
1676224732.3197978;P3;TOPOLOGY UPDATE;{"P1": {"P2": 452, "P3": 596, "P4": 1034, "P5": 1450}, "P2": {"P1": 452}, "P3": {"P1": 596}, "P4": {"P1": 1034}, "P5": {"P1": 1450}}
1676224743.1771622;P3;LEAST COST PATH;{"P1": ["P3"], "P2": ["P1"], "P3": [], "P4": ["P1"], "P5": ["P1"]}
1676224747.2611353;P3;LEAST COST PATH;{"P1": ["P3"], "P2": ["P1"], "P3": [], "P4": ["P1"], "P5": ["P1"]}
1676224747.3080676;P3;NODE FAILURE;set()
1676224747.308177;P3;TOPOLOGY UPDATE;{"P1": {"P2": 452, "P3": 596, "P4": 1119, "P5": 1450}, "P2": {"P1": 452}, "P3": {"P1": 596}, "P4": {"P1": 1119}, "P5": {"P1": 1450}}
1676224748.7603955;P3;LEAST COST PATH;{"P1": ["P3"], "P2": ["P1"], "P3": [], "P4": ["P1"], "P5": ["P1"]}
1676224755.8440964;P3;LEAST COST PATH;{"P1": ["P3"], "P2": ["P1"], "P3": [], "P4": ["P1"], "P5": ["P1"]}
1676224757.9098096;P3;NODE FAILURE;set()
1676224757.9102676;P3;TOPOLOGY UPDATE;{"P1": {"P2": 880, "P3": 596, "P4": 1119, "P5": 1450}, "P2": {"P1": 880}, "P3": {"P1": 596}, "P4": {"P1": 1119}, "P5": {"P1": 1450}}
1676224762.320465;P3;LEAST COST PATH;{"P1": ["P3"], "P2": ["P1"], "P3": [], "P4": ["P1"], "P5": ["P1"]}
1676224762.3292513;P3;NODE FAILURE;set()
1676224762.3294225;P3;TOPOLOGY UPDATE;{"P1": {"P2": 880, "P3": 596, "P4": 1119, "P5": 1450}, "P2": {"P1": 880}, "P3": {"P1": 596}, "P4": {"P1": 1119}, "P5": {"P1": 1450}}
1676224763.8110132;P3;NODE FAILURE;set()
1676224763.8111737;P3;TOPOLOGY UPDATE;{"P1": {"P2": 880, "P3": 596, "P4": 1119, "P5": 1450}, "P2": {"P1": 880}, "P3": {"P1": 596}, "P4": {"P1": 1119}, "P5": {"P1": 1450}}
1676224770.93181;P3;NODE FAILURE;set()
1676224770.932104;P3;TOPOLOGY UPDATE;{"P1": {"P2": 880, "P3": 1064, "P4": 1119, "P5": 1133}, "P2": {"P1": 880}, "P3": {"P1": 1064}, "P4": {"P1": 1119}, "P5": {"P1": 1133}}
1676224777.3088653;P3;LEAST COST PATH;{"P1": ["P3"], "P2": ["P1"], "P3": [], "P4": ["P1"], "P5": ["P1"]}
1676224777.3479953;P3;NODE FAILURE;set()
1676224777.348119;P3;TOPOLOGY UPDATE;{"P1": {"P2": 880, "P3": 1064, "P4": 1119, "P5": 1133}, "P2": {"P1": 880}, "P3": {"P1": 1064}, "P4": {"P1": 1119}, "P5": {"P1": 1133}}
1676227014.1356318;P3;LEAST COST PATH;{"P1": ["P3"], "P2": ["P1"], "P3": [], "P4": ["P1"], "P5": ["P1"]}
1676227014.1406057;P3;NODE FAILURE;{'P1'}
1676227014.1414554;P3;TOPOLOGY UPDATE;{}
1676227014.1419423;P3;LEAST COST PATH;{"P1": ["P3"], "P2": ["P1"], "P3": [], "P4": ["P1"], "P5": ["P1"]}
1676227014.1423094;P3;LEAST COST PATH;{"P1": ["P3"], "P2": ["P1"], "P3": [], "P4": ["P1"], "P5": ["P1"]}
1676227014.1421704;P3;LEAST COST PATH;{"P1": ["P3"], "P2": ["P1"], "P3": [], "P4": ["P1"], "P5": ["P1"]}
1676227014.1441436;P3;LEAST COST PATH;{"P1": ["P3"], "P2": ["P1"], "P3": [], "P4": ["P1"], "P5": ["P1"]}
1676227464.0242963;P3;PEER EXITED;
