1676837702.188933;P2;PEER ENTERED;
1676837707.3089757;P2;MEASURED LATENCY;{'P1': 113}
1676837709.883882;P2;TOPOLOGY UPDATE;{"P1": {"P2": 100, "P3": 100}, "P2": {"P1": 100}, "P3": {"P1": 100}}
1676837712.3230345;P2;MEASURED LATENCY;{'P1': 121}
1676837712.3773503;P2;LOOKUP SENT;{"Peer": "P4", "Relay": 0}
1676837712.3775299;P2;LOOKUP SENT;{"Peer": "P1", "Relay": 0}
1676837712.4316561;P2;MEASURED LATENCY;{'P4': 230}
1676837718.3411283;P2;MEASURED LATENCY;{'P1': 1135}
1676837718.4374945;P2;MEASURED LATENCY;{'P4': 1231}
1676837720.1582613;P2;TOPOLOGY UPDATE;{"P1": {"P2": 100, "P3": 100}, "P2": {"P4": 100, "P1": 100}, "P3": {"P4": 100, "P1": 100}, "P4": {"P2": 100, "P3": 100}}
1676837722.328994;P2;MEASURED LATENCY;{'P1': 116}
1676837722.453939;P2;MEASURED LATENCY;{'P4': 241}
1676837725.9443467;P2;TOPOLOGY UPDATE;{"P1": {"P2": 100, "P3": 100}, "P2": {"P4": 100, "P1": 100}, "P3": {"P4": 100, "P1": 100}, "P4": {"P2": 100, "P3": 100}}
1676837726.3825924;P2;LOOKUP SENT;{"Peer": "P4", "Relay": 0}
1676837726.3826983;P2;LOOKUP SENT;{"Peer": "P3", "Relay": 0}
1676837726.382734;P2;LOOKUP SENT;{"Peer": "P1", "Relay": 0}
1676837727.5146475;P2;MEASURED LATENCY;{'P4': 296}
1676837728.0129528;P2;MEASURED LATENCY;{'P1': 794}
1676837732.3875494;P2;LOOKUP SENT;{"Peer": "P4", "Relay": 0}
1676837732.3878942;P2;LOOKUP SENT;{"Peer": "P3", "Relay": 0}
1676837732.3879397;P2;LOOKUP SENT;{"Peer": "P1", "Relay": 0}
1676837732.4044306;P2;MEASURED LATENCY;{'P1': 174}
1676837732.5176158;P2;MEASURED LATENCY;{'P4': 288}
1676837737.3550184;P2;MEASURED LATENCY;{'P1': 120}
1676837737.4731622;P2;MEASURED LATENCY;{'P4': 238}
1676837739.396319;P2;LOOKUP SENT;{"Peer": "P4", "Relay": 0}
1676837739.3964806;P2;LOOKUP SENT;{"Peer": "P3", "Relay": 0}
1676837739.396547;P2;LOOKUP SENT;{"Peer": "P1", "Relay": 0}
1676837739.8853972;P2;LEAST COST PATH;{"P1": ["P2"], "P2": [], "P3": ["P1"]}
1676837742.3548503;P2;MEASURED LATENCY;{'P1': 116}
1676837742.468792;P2;MEASURED LATENCY;{'P4': 230}
1676837747.434131;P2;MEASURED LATENCY;{'P1': 189}
1676837747.5327756;P2;MEASURED LATENCY;{'P4': 288}
1676837749.0251207;P2;LOOKUP RECEIVED;[{"Message": "LOOKUP", "Destination": "P2", "Source": "P4", "Path": ["P4", "P2"]}]
1676837749.9369283;P2;LOOKUP RECEIVED;[{"Message": "LOOKUP", "Destination": "P2", "Source": "P1", "Path": ["P1", "P2"]}]
1676837750.1604147;P2;LEAST COST PATH;{"P1": ["P2"], "P2": [], "P3": ["P1"], "P4": ["P2"]}
1676837751.4030058;P2;MESSAGE ROUTED;[{"Message": "LOOKUP", "Destination": "P4", "Source": "P2", "Path": ["P2"]}]
1676837751.4031718;P2;LOOKUP SENT;{"Peer": "P4", "Relay": "P4"}
1676837751.4036288;P2;MESSAGE ROUTED;[{"Message": "LOOKUP", "Destination": "P3", "Source": "P2", "Path": ["P2"]}]
1676837751.4037638;P2;LOOKUP SENT;{"Peer": "P3", "Relay": "P1"}
1676837751.4040413;P2;MESSAGE ROUTED;[{"Message": "LOOKUP", "Destination": "P1", "Source": "P2", "Path": ["P2"]}]
1676837751.4041345;P2;LOOKUP SENT;{"Peer": "P1", "Relay": "P1"}
1676837752.3706512;P2;MEASURED LATENCY;{'P1': 120}
1676837752.3707554;P2;APPLIED LATENCY;{"P1": 120}
1676837752.5776856;P2;MEASURED LATENCY;{'P4': 327}
1676837755.941784;P2;LOOKUP RECEIVED;[{"Message": "LOOKUP", "Destination": "P2", "Source": "P3", "Path": ["P3", "P1", "P2"]}]
1676837755.945227;P2;LEAST COST PATH;{"P1": ["P2"], "P2": [], "P3": ["P1"], "P4": ["P2"]}
1676837756.9650798;P2;MESSAGE ROUTED;[{"Message": "LOOKUP", "Destination": "P4", "Source": "P1", "Path": ["P1", "P2"]}]
1676837757.373167;P2;LOOKUP RECEIVED;[{"Message": "LOOKUP", "Destination": "P2", "Source": "P1", "Path": ["P1", "P2"]}]
1676837757.3733091;P2;MEASURED LATENCY;{'P1': 113}
1676837757.4882848;P2;MEASURED LATENCY;{'P4': 228}
1676837757.4883826;P2;APPLIED LATENCY;{"P4": 228}
1676837759.9805245;P2;LOOKUP RECEIVED;[{"Message": "LOOKUP", "Destination": "P2", "Source": "P4", "Path": ["P4", "P2"]}]
1676837762.9675577;P2;MESSAGE ROUTED;[{"Message": "LOOKUP", "Destination": "P4", "Source": "P1", "Path": ["P1", "P2"]}]
1676837763.3864505;P2;LOOKUP RECEIVED;[{"Message": "LOOKUP", "Destination": "P2", "Source": "P1", "Path": ["P1", "P2"]}]
1676837763.3865352;P2;MEASURED LATENCY;{'P1': 1121}
1676837763.5109975;P2;MEASURED LATENCY;{'P4': 1245}
1676837764.9386992;P2;TOPOLOGY UPDATE;{"P1": {"P2": 663, "P3": 100}, "P2": {"P4": 100, "P1": 663}, "P3": {"P4": 100, "P1": 100}, "P4": {"P2": 100, "P3": 100}}
1676837765.4189622;P2;MESSAGE ROUTED;[{"Message": "LOOKUP", "Destination": "P4", "Source": "P2", "Path": ["P2"]}]
1676837765.4193816;P2;LOOKUP SENT;{"Peer": "P4", "Relay": "P4"}
1676837765.4200976;P2;MESSAGE ROUTED;[{"Message": "LOOKUP", "Destination": "P3", "Source": "P2", "Path": ["P2"]}]
1676837765.420197;P2;LOOKUP SENT;{"Peer": "P3", "Relay": "P1"}
1676837765.420435;P2;MESSAGE ROUTED;[{"Message": "LOOKUP", "Destination": "P1", "Source": "P2", "Path": ["P2"]}]
1676837765.4204803;P2;LOOKUP SENT;{"Peer": "P1", "Relay": "P1"}
1676837767.2080388;P2;LOOKUP RECEIVED;[{"Message": "LOOKUP", "Destination": "P2", "Source": "P3", "Path": ["P3", "P1", "P2"]}]
1676837767.4038196;P2;MEASURED LATENCY;{'P1': 124}
1676837767.5166798;P2;MEASURED LATENCY;{'P4': 237}
1676837769.0534792;P2;LOOKUP RECEIVED;[{"Message": "LOOKUP", "Destination": "P2", "Source": "P4", "Path": ["P4", "P2"]}]
1676837772.5255647;P2;MEASURED LATENCY;{'P4': 233}
1676837773.0107946;P2;MESSAGE ROUTED;[{"Message": "LOOKUP", "Destination": "P4", "Source": "P1", "Path": ["P1", "P2"]}]
1676837773.0782743;P2;LOOKUP RECEIVED;[{"Message": "LOOKUP", "Destination": "P2", "Source": "P1", "Path": ["P1", "P2"]}]
1676837773.0784066;P2;LOOKUP RECEIVED;[{"Message": "LOOKUP", "Destination": "P2", "Source": "P3", "Path": ["P3", "P1", "P2"]}]
1676837773.4312654;P2;MESSAGE ROUTED;[{"Message": "LOOKUP", "Destination": "P4", "Source": "P2", "Path": ["P2"]}]
1676837773.4316828;P2;LOOKUP SENT;{"Peer": "P4", "Relay": "P4"}
1676837773.432753;P2;MESSAGE ROUTED;[{"Message": "LOOKUP", "Destination": "P3", "Source": "P2", "Path": ["P2"]}]
1676837773.4330974;P2;LOOKUP SENT;{"Peer": "P3", "Relay": "P1"}
1676837773.4339366;P2;MESSAGE ROUTED;[{"Message": "LOOKUP", "Destination": "P1", "Source": "P2", "Path": ["P2"]}]
1676837773.4340422;P2;LOOKUP SENT;{"Peer": "P1", "Relay": "P1"}
1676837773.9936135;P2;MESSAGE ROUTED;[{"Message": "LOOKUP", "Destination": "P1", "Source": "P4", "Path": ["P4", "P2"]}]
1676837774.9690537;P2;MEASURED LATENCY;{'P1': 2676}
1676837775.205593;P2;TOPOLOGY UPDATE;{"P1": {"P2": 663, "P3": 242}, "P2": {"P4": 593, "P1": 663}, "P3": {"P4": 100, "P1": 242}, "P4": {"P2": 593, "P3": 100}}
1676837777.445059;P2;MEASURED LATENCY;{'P1': 147}
1676837777.5447106;P2;MEASURED LATENCY;{'P4': 247}
1676837779.9452035;P2;TOPOLOGY UPDATE;{"P1": {"P2": 663, "P3": 242}, "P2": {"P4": 593, "P1": 663}, "P3": {"P4": 100, "P1": 242}, "P4": {"P2": 593, "P3": 100}}
1676837780.4426365;P2;MESSAGE ROUTED;[{"Message": "LOOKUP", "Destination": "P4", "Source": "P2", "Path": ["P2"]}]
1676837780.4430828;P2;LOOKUP SENT;{"Peer": "P4", "Relay": "P4"}
1676837780.4440458;P2;MESSAGE ROUTED;[{"Message": "LOOKUP", "Destination": "P3", "Source": "P2", "Path": ["P2"]}]
1676837780.4443865;P2;LOOKUP SENT;{"Peer": "P3", "Relay": "P1"}
1676837780.4447398;P2;MESSAGE ROUTED;[{"Message": "LOOKUP", "Destination": "P1", "Source": "P2", "Path": ["P2"]}]
1676837780.444796;P2;LOOKUP SENT;{"Peer": "P1", "Relay": "P1"}
1676837780.9700608;P2;TOPOLOGY UPDATE;{"P1": {"P2": 663, "P3": 242}, "P2": {"P4": 593, "P1": 663}, "P3": {"P4": 860, "P1": 242}, "P4": {"P2": 593, "P3": 860}}
1676837782.228647;P2;MESSAGE ROUTED;[{"Message": "LOOKUP", "Destination": "P4", "Source": "P1", "Path": ["P1", "P2"]}]
1676837782.2300377;P2;LOOKUP RECEIVED;[{"Message": "LOOKUP", "Destination": "P2", "Source": "P1", "Path": ["P1", "P2"]}]
1676837782.4233103;P2;MEASURED LATENCY;{'P1': 113}
1676837782.5820153;P2;MEASURED LATENCY;{'P4': 272}
1676837784.005031;P2;MESSAGE ROUTED;[{"Message": "LOOKUP", "Destination": "P1", "Source": "P4", "Path": ["P4", "P2"]}]
1676837784.2473395;P2;LOOKUP RECEIVED;[{"Message": "LOOKUP", "Destination": "P2", "Source": "P3", "Path": ["P3", "P1", "P2"]}]
1676837786.4457397;P2;MESSAGE ROUTED;[{"Message": "LOOKUP", "Destination": "P4", "Source": "P2", "Path": ["P2"]}]
1676837786.4458673;P2;LOOKUP SENT;{"Peer": "P4", "Relay": "P4"}
1676837786.446142;P2;MESSAGE ROUTED;[{"Message": "LOOKUP", "Destination": "P3", "Source": "P2", "Path": ["P2"]}]
1676837786.4462142;P2;LOOKUP SENT;{"Peer": "P3", "Relay": "P1"}
1676837786.4464498;P2;MESSAGE ROUTED;[{"Message": "LOOKUP", "Destination": "P1", "Source": "P2", "Path": ["P2"]}]
1676837786.4465191;P2;LOOKUP SENT;{"Peer": "P1", "Relay": "P1"}
1676837787.5456858;P2;MEASURED LATENCY;{'P4': 231}
1676837788.132737;P2;MEASURED LATENCY;{'P1': 818}
1676837790.2158158;P2;TOPOLOGY UPDATE;{"P1": {"P2": 663, "P3": 242}, "P2": {"P4": 593, "P1": 663}, "P3": {"P4": 860, "P1": 242}, "P4": {"P2": 593, "P3": 860}}
1676837792.4577277;P2;MEASURED LATENCY;{'P1': 140}
1676837792.568797;P2;MEASURED LATENCY;{'P4': 251}
1676837794.940622;P2;LEAST COST PATH;{"P1": ["P2", "P3"], "P2": [], "P3": ["P4"], "P4": ["P2"]}
1676837795.9989543;P2;TOPOLOGY UPDATE;{"P1": {"P2": 663, "P3": 242}, "P2": {"P4": 593, "P1": 663}, "P3": {"P4": 860, "P1": 242}, "P4": {"P2": 593, "P3": 860}}
1676837796.0100214;P2;MESSAGE ROUTED;[{"Message": "LOOKUP", "Destination": "P4", "Source": "P1", "Path": ["P1", "P2"]}]
1676837796.0297275;P2;MESSAGE ROUTED;[{"Message": "LOOKUP", "Destination": "P1", "Source": "P4", "Path": ["P4", "P2"]}]
1676837796.0517597;P2;LOOKUP RECEIVED;[{"Message": "LOOKUP", "Destination": "P2", "Source": "P1", "Path": ["P1", "P2"]}]
1676837796.116493;P2;LOOKUP RECEIVED;[{"Message": "LOOKUP", "Destination": "P2", "Source": "P4", "Path": ["P4", "P2"]}]
1676837796.263118;P2;LOOKUP RECEIVED;[{"Message": "LOOKUP", "Destination": "P2", "Source": "P3", "Path": ["P3", "P1", "P2"]}]
1676837797.4366167;P2;MEASURED LATENCY;{'P1': 113}
1676837797.549775;P2;MEASURED LATENCY;{'P4': 226}
1676837798.4591699;P2;MESSAGE ROUTED;[{"Message": "LOOKUP", "Destination": "P4", "Source": "P2", "Path": ["P2"]}]
1676837798.4593189;P2;LOOKUP SENT;{"Peer": "P4", "Relay": "P4"}
1676837798.459608;P2;MESSAGE ROUTED;[{"Message": "LOOKUP", "Destination": "P3", "Source": "P2", "Path": ["P2"]}]
1676837798.459664;P2;LOOKUP SENT;{"Peer": "P3", "Relay": "P4"}
1676837798.4599042;P2;MESSAGE ROUTED;[{"Message": "LOOKUP", "Destination": "P1", "Source": "P2", "Path": ["P2"]}]
1676837798.4599564;P2;LOOKUP SENT;{"Peer": "P1", "Relay": "P1"}
1676837801.0603464;P2;MESSAGE ROUTED;[{"Message": "LOOKUP", "Destination": "P1", "Source": "P4", "Path": ["P4", "P2"]}]
1676837802.443037;P2;MEASURED LATENCY;{'P1': 117}
1676837802.4431598;P2;APPLIED LATENCY;{"P1": 117}
1676837802.6358032;P2;MEASURED LATENCY;{'P4': 310}
1676837805.0592659;P2;MESSAGE ROUTED;[{"Message": "LOOKUP", "Destination": "P4", "Source": "P1", "Path": ["P1", "P2"]}]
1676837805.2089698;P2;LEAST COST PATH;{"P1": ["P2"], "P2": [], "P3": ["P4"], "P4": ["P2"]}
1676837807.3914247;P2;LOOKUP RECEIVED;[{"Message": "LOOKUP", "Destination": "P2", "Source": "P3", "Path": ["P3", "P4", "P2"]}]
1676837808.4139533;P2;LOOKUP RECEIVED;[{"Message": "LOOKUP", "Destination": "P2", "Source": "P1", "Path": ["P1", "P2"]}]
1676837808.4140515;P2;MEASURED LATENCY;{'P1': 1084}
1676837808.4728696;P2;MESSAGE ROUTED;[{"Message": "LOOKUP", "Destination": "P4", "Source": "P2", "Path": ["P2"]}]
1676837808.4729924;P2;LOOKUP SENT;{"Peer": "P4", "Relay": "P4"}
1676837808.4731553;P2;MESSAGE ROUTED;[{"Message": "LOOKUP", "Destination": "P3", "Source": "P2", "Path": ["P2"]}]
1676837808.4735117;P2;LOOKUP SENT;{"Peer": "P3", "Relay": "P4"}
1676837808.4736943;P2;MESSAGE ROUTED;[{"Message": "LOOKUP", "Destination": "P1", "Source": "P2", "Path": ["P2"]}]
1676837808.4737382;P2;LOOKUP SENT;{"Peer": "P1", "Relay": "P1"}
1676837808.5135598;P2;MEASURED LATENCY;{'P4': 1184}
1676837808.5136752;P2;APPLIED LATENCY;{"P4": 1184}
1676837809.9490118;P2;LEAST COST PATH;{"P1": ["P2"], "P2": [], "P3": ["P4"], "P4": ["P2"]}
1676837810.9757333;P2;LEAST COST PATH;{"P1": ["P2"], "P2": [], "P3": ["P4", "P1"], "P4": ["P2"]}
1676837812.0499158;P2;MESSAGE ROUTED;[{"Message": "LOOKUP", "Destination": "P4", "Source": "P1", "Path": ["P1", "P2"]}]
1676837812.0758917;P2;LOOKUP RECEIVED;[{"Message": "LOOKUP", "Destination": "P2", "Source": "P1", "Path": ["P1", "P2"]}]
1676837812.4461336;P2;MEASURED LATENCY;{'P1': 112}
1676837812.5644143;P2;MEASURED LATENCY;{'P4': 230}
1676837815.963974;P2;LOOKUP RECEIVED;[{"Message": "LOOKUP", "Destination": "P2", "Source": "P4", "Path": ["P4", "P2"]}]
1676837817.244901;P2;LOOKUP RECEIVED;[{"Message": "LOOKUP", "Destination": "P2", "Source": "P3", "Path": ["P3", "P4", "P2"]}]
1676837817.4511979;P2;MEASURED LATENCY;{'P1': 108}
1676837817.5698876;P2;MEASURED LATENCY;{'P4': 227}
1676837820.2179773;P2;LEAST COST PATH;{"P1": ["P2"], "P2": [], "P3": ["P4", "P1"], "P4": ["P2"]}
1676837820.4845247;P2;MESSAGE ROUTED;[{"Message": "LOOKUP", "Destination": "P4", "Source": "P2", "Path": ["P2"]}]
1676837820.4846404;P2;LOOKUP SENT;{"Peer": "P4", "Relay": "P4"}
1676837820.4848742;P2;MESSAGE ROUTED;[{"Message": "LOOKUP", "Destination": "P3", "Source": "P2", "Path": ["P2"]}]
1676837820.4849346;P2;LOOKUP SENT;{"Peer": "P3", "Relay": "P4"}
1676837820.485425;P2;MESSAGE ROUTED;[{"Message": "LOOKUP", "Destination": "P1", "Source": "P2", "Path": ["P2"]}]
1676837820.4854853;P2;LOOKUP SENT;{"Peer": "P1", "Relay": "P1"}
1676837821.0388925;P2;MESSAGE ROUTED;[{"Message": "LOOKUP", "Destination": "P1", "Source": "P4", "Path": ["P4", "P2"]}]
1676837822.0524554;P2;MESSAGE ROUTED;[{"Message": "LOOKUP", "Destination": "P4", "Source": "P1", "Path": ["P1", "P2"]}]
1676837822.1396575;P2;LOOKUP RECEIVED;[{"Message": "LOOKUP", "Destination": "P2", "Source": "P1", "Path": ["P1", "P2"]}]
1676837823.4139469;P2;MEASURED LATENCY;{'P1': 1065}
1676837824.9629495;P2;TOPOLOGY UPDATE;{"P1": {"P2": 501, "P3": 363}, "P2": {"P4": 593, "P1": 501}, "P3": {"P4": 860, "P1": 363}, "P4": {"P2": 593, "P3": 860}}
1676837826.0034912;P2;LEAST COST PATH;{"P1": ["P2"], "P2": [], "P3": ["P4", "P1"], "P4": ["P2"]}
1676837826.490322;P2;MESSAGE ROUTED;[{"Message": "LOOKUP", "Destination": "P4", "Source": "P2", "Path": ["P2"]}]
1676837826.4904454;P2;LOOKUP SENT;{"Peer": "P4", "Relay": "P4"}
1676837826.4906368;P2;MESSAGE ROUTED;[{"Message": "LOOKUP", "Destination": "P3", "Source": "P2", "Path": ["P2"]}]
1676837826.4907076;P2;LOOKUP SENT;{"Peer": "P3", "Relay": "P4"}
1676837826.490961;P2;MESSAGE ROUTED;[{"Message": "LOOKUP", "Destination": "P1", "Source": "P2", "Path": ["P2"]}]
1676837826.4910376;P2;LOOKUP SENT;{"Peer": "P1", "Relay": "P1"}
1676837827.2693686;P2;LOOKUP RECEIVED;[{"Message": "LOOKUP", "Destination": "P2", "Source": "P3", "Path": ["P3", "P1", "P2"]}]
1676837827.2694993;P2;MEASURED LATENCY;{'P4': 4920}
1676837827.4635677;P2;MEASURED LATENCY;{'P1': 110}
1676837827.586905;P2;MEASURED LATENCY;{'P4': 233}
1676837829.077544;P2;MESSAGE ROUTED;[{"Message": "LOOKUP", "Destination": "P4", "Source": "P1", "Path": ["P1", "P2"]}]
1676837829.987663;P2;LOOKUP RECEIVED;[{"Message": "LOOKUP", "Destination": "P2", "Source": "P1", "Path": ["P1", "P2"]}]
1676837832.0231302;P2;MESSAGE ROUTED;[{"Message": "LOOKUP", "Destination": "P1", "Source": "P4", "Path": ["P4", "P2"]}]
1676837832.5881596;P2;MEASURED LATENCY;{'P4': 230}
1676837833.0640402;P2;MEASURED LATENCY;{'P1': 706}
1676837835.2638893;P2;TOPOLOGY UPDATE;{"P1": {"P2": 501, "P3": 363}, "P2": {"P4": 671, "P1": 501}, "P3": {"P4": 860, "P1": 363}, "P4": {"P2": 671, "P3": 860}}
1676837835.4962106;P2;MESSAGE ROUTED;[{"Message": "LOOKUP", "Destination": "P4", "Source": "P2", "Path": ["P2"]}]
1676837835.4963303;P2;LOOKUP SENT;{"Peer": "P4", "Relay": "P4"}
1676837835.496581;P2;MESSAGE ROUTED;[{"Message": "LOOKUP", "Destination": "P3", "Source": "P2", "Path": ["P2"]}]
1676837835.4966347;P2;LOOKUP SENT;{"Peer": "P3", "Relay": "P4"}
1676837835.496859;P2;MESSAGE ROUTED;[{"Message": "LOOKUP", "Destination": "P1", "Source": "P2", "Path": ["P2"]}]
1676837835.496921;P2;LOOKUP SENT;{"Peer": "P1", "Relay": "P1"}
1676837836.0748775;P2;MESSAGE ROUTED;[{"Message": "LOOKUP", "Destination": "P4", "Source": "P1", "Path": ["P1", "P2"]}]
1676837836.118435;P2;LOOKUP RECEIVED;[{"Message": "LOOKUP", "Destination": "P2", "Source": "P1", "Path": ["P1", "P2"]}]
1676837836.3187582;P2;LOOKUP RECEIVED;[{"Message": "LOOKUP", "Destination": "P2", "Source": "P3", "Path": ["P3", "P1", "P2"]}]
1676837837.5047934;P2;MEASURED LATENCY;{'P1': 142}
1676837837.633656;P2;MEASURED LATENCY;{'P4': 271}
1676837841.0193195;P2;TOPOLOGY UPDATE;{"P1": {"P2": 501, "P3": 363}, "P2": {"P4": 671, "P1": 501}, "P3": {"P4": 652, "P1": 363}, "P4": {"P2": 671, "P3": 652}}
1676837842.48415;P2;MEASURED LATENCY;{'P1': 116}
1676837842.5914657;P2;MEASURED LATENCY;{'P4': 223}
1676837844.0603962;P2;MESSAGE ROUTED;[{"Message": "LOOKUP", "Destination": "P1", "Source": "P4", "Path": ["P4", "P2"]}]
1676837844.0884316;P2;MESSAGE ROUTED;[{"Message": "LOOKUP", "Destination": "P4", "Source": "P1", "Path": ["P1", "P2"]}]
1676837844.1245205;P2;LOOKUP RECEIVED;[{"Message": "LOOKUP", "Destination": "P2", "Source": "P1", "Path": ["P1", "P2"]}]
1676837845.3246768;P2;LOOKUP RECEIVED;[{"Message": "LOOKUP", "Destination": "P2", "Source": "P3", "Path": ["P3", "P1", "P2"]}]
1676837847.59876;P2;MEASURED LATENCY;{'P4': 227}
1676837848.1956255;P2;MEASURED LATENCY;{'P1': 824}
1676837848.5111187;P2;MESSAGE ROUTED;[{"Message": "LOOKUP", "Destination": "P4", "Source": "P2", "Path": ["P2"]}]
1676837848.5115597;P2;LOOKUP SENT;{"Peer": "P4", "Relay": "P4"}
1676837848.5124831;P2;MESSAGE ROUTED;[{"Message": "LOOKUP", "Destination": "P3", "Source": "P2", "Path": ["P2"]}]
1676837848.5126007;P2;LOOKUP SENT;{"Peer": "P3", "Relay": "P4"}
1676837848.5130048;P2;MESSAGE ROUTED;[{"Message": "LOOKUP", "Destination": "P1", "Source": "P2", "Path": ["P2"]}]
1676837848.5130527;P2;LOOKUP SENT;{"Peer": "P1", "Relay": "P1"}
1676837849.1006994;P2;LOOKUP RECEIVED;[{"Message": "LOOKUP", "Destination": "P2", "Source": "P1", "Path": ["P1", "P2"]}]
1676837850.2821867;P2;TOPOLOGY UPDATE;{"P1": {"P2": 501, "P3": 363}, "P2": {"P4": 671, "P1": 501}, "P3": {"P4": 652, "P1": 363}, "P4": {"P2": 671, "P3": 652}}
1676837850.436591;P2;LOOKUP RECEIVED;[{"Message": "LOOKUP", "Destination": "P2", "Source": "P3", "Path": ["P3", "P1", "P2"]}]
1676837852.532288;P2;MEASURED LATENCY;{'P1': 155}
1676837852.5325456;P2;APPLIED LATENCY;{"P1": 155}
1676837852.6220663;P2;MEASURED LATENCY;{'P4': 245}
1676837854.0576613;P2;MESSAGE ROUTED;[{"Message": "LOOKUP", "Destination": "P1", "Source": "P4", "Path": ["P4", "P2"]}]
1676837854.9643207;P2;LEAST COST PATH;{"P1": ["P2"], "P2": [], "P3": ["P1"], "P4": ["P2"]}
1676837856.0454261;P2;TOPOLOGY UPDATE;{"P1": {"P2": 501, "P3": 363}, "P2": {"P4": 671, "P1": 501}, "P3": {"P4": 652, "P1": 363}, "P4": {"P2": 671, "P3": 652}}
1676837856.3529708;P2;LOOKUP RECEIVED;[{"Message": "LOOKUP", "Destination": "P2", "Source": "P3", "Path": ["P3", "P1", "P2"]}]
1676837857.507919;P2;MEASURED LATENCY;{'P1': 125}
1676837857.6406546;P2;MEASURED LATENCY;{'P4': 258}
1676837857.6407535;P2;APPLIED LATENCY;{"P4": 258}
1676837861.1467702;P2;MESSAGE ROUTED;[{"Message": "LOOKUP", "Destination": "P1", "Source": "P4", "Path": ["P4", "P2"]}]
1676837862.117846;P2;LOOKUP RECEIVED;[{"Message": "LOOKUP", "Destination": "P2", "Source": "P1", "Path": ["P1", "P2"]}]
1676837862.608453;P2;MEASURED LATENCY;{'P1': 217}
1676837862.6456943;P2;MEASURED LATENCY;{'P4': 255}
1676837863.526943;P2;MESSAGE ROUTED;[{"Message": "LOOKUP", "Destination": "P4", "Source": "P2", "Path": ["P2"]}]
1676837863.5270586;P2;LOOKUP SENT;{"Peer": "P4", "Relay": "P4"}
1676837863.527307;P2;MESSAGE ROUTED;[{"Message": "LOOKUP", "Destination": "P3", "Source": "P2", "Path": ["P2"]}]
1676837863.527378;P2;LOOKUP SENT;{"Peer": "P3", "Relay": "P1"}
1676837863.5276313;P2;MESSAGE ROUTED;[{"Message": "LOOKUP", "Destination": "P1", "Source": "P2", "Path": ["P2"]}]
1676837863.527696;P2;LOOKUP SENT;{"Peer": "P1", "Relay": "P1"}
1676837865.264643;P2;LEAST COST PATH;{"P1": ["P2"], "P2": [], "P3": ["P1"], "P4": ["P2"]}
1676837866.0658267;P2;MESSAGE ROUTED;[{"Message": "LOOKUP", "Destination": "P1", "Source": "P4", "Path": ["P4", "P2"]}]
1676837866.1665313;P2;LOOKUP RECEIVED;[{"Message": "LOOKUP", "Destination": "P2", "Source": "P4", "Path": ["P4", "P2"]}]
1676837868.472617;P2;MEASURED LATENCY;{'P1': 1077}
1676837868.6253092;P2;MEASURED LATENCY;{'P4': 1229}
1676837870.0234327;P2;TOPOLOGY UPDATE;{"P1": {"P2": 242, "P3": 178}, "P2": {"P4": 671, "P1": 242}, "P3": {"P4": 652, "P1": 178}, "P4": {"P2": 671, "P3": 652}}
1676837870.3005943;P2;LOOKUP RECEIVED;[{"Message": "LOOKUP", "Destination": "P2", "Source": "P1", "Path": ["P1", "P2"]}]
1676837871.0268118;P2;LEAST COST PATH;{"P1": ["P2"], "P2": [], "P3": ["P1"], "P4": ["P2"]}
1676837871.5378609;P2;MESSAGE ROUTED;[{"Message": "LOOKUP", "Destination": "P4", "Source": "P2", "Path": ["P2"]}]
1676837871.5379748;P2;LOOKUP SENT;{"Peer": "P4", "Relay": "P4"}
1676837871.5381875;P2;MESSAGE ROUTED;[{"Message": "LOOKUP", "Destination": "P3", "Source": "P2", "Path": ["P2"]}]
1676837871.5382648;P2;LOOKUP SENT;{"Peer": "P3", "Relay": "P1"}
1676837871.538449;P2;MESSAGE ROUTED;[{"Message": "LOOKUP", "Destination": "P1", "Source": "P2", "Path": ["P2"]}]
1676837871.5385182;P2;LOOKUP SENT;{"Peer": "P1", "Relay": "P1"}
1676837872.3099985;P2;LOOKUP RECEIVED;[{"Message": "LOOKUP", "Destination": "P2", "Source": "P3", "Path": ["P3", "P1", "P2"]}]
1676837872.3110332;P2;MESSAGE ROUTED;[{"Message": "LOOKUP", "Destination": "P1", "Source": "P4", "Path": ["P4", "P2"]}]
1676837872.6408408;P2;MEASURED LATENCY;{'P4': 239}
1676837877.5543485;P2;MEASURED LATENCY;{'P1': 150}
1676837877.64765;P2;MEASURED LATENCY;{'P4': 244}
1676837879.1432195;P2;LOOKUP RECEIVED;[{"Message": "LOOKUP", "Destination": "P2", "Source": "P1", "Path": ["P1", "P2"]}]
1676837880.283883;P2;LEAST COST PATH;{"P1": ["P2"], "P2": [], "P3": ["P1"], "P4": ["P2"]}
1676837880.3023732;P2;TOPOLOGY UPDATE;{"P1": {"P2": 242, "P3": 178}, "P2": {"P4": 671, "P1": 242}, "P3": {"P4": 652, "P1": 178}, "P4": {"P2": 671, "P3": 652}}
1676837881.082113;P2;MESSAGE ROUTED;[{"Message": "LOOKUP", "Destination": "P1", "Source": "P4", "Path": ["P4", "P2"]}]
1676837881.1934438;P2;LOOKUP RECEIVED;[{"Message": "LOOKUP", "Destination": "P2", "Source": "P4", "Path": ["P4", "P2"]}]
1676837881.364191;P2;LOOKUP RECEIVED;[{"Message": "LOOKUP", "Destination": "P2", "Source": "P3", "Path": ["P3", "P1", "P2"]}]
1676837881.548186;P2;MESSAGE ROUTED;[{"Message": "LOOKUP", "Destination": "P4", "Source": "P2", "Path": ["P2"]}]
1676837881.548354;P2;LOOKUP SENT;{"Peer": "P4", "Relay": "P4"}
1676837881.5485895;P2;MESSAGE ROUTED;[{"Message": "LOOKUP", "Destination": "P3", "Source": "P2", "Path": ["P2"]}]
1676837881.5486376;P2;LOOKUP SENT;{"Peer": "P3", "Relay": "P1"}
1676837881.5487661;P2;MESSAGE ROUTED;[{"Message": "LOOKUP", "Destination": "P1", "Source": "P2", "Path": ["P2"]}]
1676837881.5488048;P2;LOOKUP SENT;{"Peer": "P1", "Relay": "P1"}
1676837882.5884407;P2;MEASURED LATENCY;{'P1': 180}
1676837882.6696467;P2;MEASURED LATENCY;{'P4': 262}
1676837885.1649241;P2;LOOKUP RECEIVED;[{"Message": "LOOKUP", "Destination": "P2", "Source": "P1", "Path": ["P1", "P2"]}]
1676837886.049789;P2;LEAST COST PATH;{"P1": ["P2"], "P2": [], "P3": ["P1"], "P4": ["P2"]}
1676837887.5308254;P2;MEASURED LATENCY;{'P1': 117}
1676837887.6417496;P2;MEASURED LATENCY;{'P4': 228}
1676837892.6455202;P2;MEASURED LATENCY;{'P4': 227}
1676837893.1160145;P2;MEASURED LATENCY;{'P1': 697}
1676837894.161196;P2;LOOKUP RECEIVED;[{"Message": "LOOKUP", "Destination": "P2", "Source": "P1", "Path": ["P1", "P2"]}]
1676837895.371962;P2;LOOKUP RECEIVED;[{"Message": "LOOKUP", "Destination": "P2", "Source": "P3", "Path": ["P3", "P1", "P2"]}]
1676837896.105122;P2;MESSAGE ROUTED;[{"Message": "LOOKUP", "Destination": "P1", "Source": "P4", "Path": ["P4", "P2"]}]
1676837896.554553;P2;MESSAGE ROUTED;[{"Message": "LOOKUP", "Destination": "P4", "Source": "P2", "Path": ["P2"]}]
1676837896.5548966;P2;LOOKUP SENT;{"Peer": "P4", "Relay": "P4"}
1676837896.5559525;P2;MESSAGE ROUTED;[{"Message": "LOOKUP", "Destination": "P3", "Source": "P2", "Path": ["P2"]}]
1676837896.5562959;P2;LOOKUP SENT;{"Peer": "P3", "Relay": "P1"}
1676837896.558031;P2;MESSAGE ROUTED;[{"Message": "LOOKUP", "Destination": "P1", "Source": "P2", "Path": ["P2"]}]
1676837896.5581446;P2;LOOKUP SENT;{"Peer": "P1", "Relay": "P1"}
1676837897.5755534;P2;MEASURED LATENCY;{'P1': 151}
1676837897.757045;P2;MEASURED LATENCY;{'P4': 332}
1676837900.0242;P2;LEAST COST PATH;{"P1": ["P2"], "P2": [], "P3": ["P1"], "P4": ["P2"]}
1676837901.0795515;P2;TOPOLOGY UPDATE;{"P1": {"P2": 242, "P3": 178}, "P2": {"P4": 997, "P1": 242}, "P3": {"P4": 626, "P1": 178}, "P4": {"P2": 997, "P3": 626}}
1676837902.548589;P2;MEASURED LATENCY;{'P1': 118}
1676837902.6921587;P2;MEASURED LATENCY;{'P4': 261}
1676837903.1807141;P2;LOOKUP RECEIVED;[{"Message": "LOOKUP", "Destination": "P2", "Source": "P1", "Path": ["P1", "P2"]}]
1676837903.5658245;P2;MESSAGE ROUTED;[{"Message": "LOOKUP", "Destination": "P4", "Source": "P2", "Path": ["P2"]}]
1676837903.5659745;P2;LOOKUP SENT;{"Peer": "P4", "Relay": "P4"}
1676837903.5662699;P2;MESSAGE ROUTED;[{"Message": "LOOKUP", "Destination": "P3", "Source": "P2", "Path": ["P2"]}]
1676837903.5663373;P2;LOOKUP SENT;{"Peer": "P3", "Relay": "P1"}
1676837903.566548;P2;MESSAGE ROUTED;[{"Message": "LOOKUP", "Destination": "P1", "Source": "P2", "Path": ["P2"]}]
1676837903.5666113;P2;LOOKUP SENT;{"Peer": "P1", "Relay": "P1"}
1676837907.5639312;P2;MEASURED LATENCY;{'P1': 121}
1676837907.5640295;P2;APPLIED LATENCY;{"P1": 121}
1676837907.6781266;P2;MEASURED LATENCY;{'P4': 235}
1676837907.6782558;P2;APPLIED LATENCY;{"P4": 235}
1676837908.119141;P2;LOOKUP RECEIVED;[{"Message": "LOOKUP", "Destination": "P2", "Source": "P4", "Path": ["P4", "P2"]}]
1676837908.1838253;P2;LOOKUP RECEIVED;[{"Message": "LOOKUP", "Destination": "P2", "Source": "P1", "Path": ["P1", "P2"]}]
1676837908.3894641;P2;LOOKUP RECEIVED;[{"Message": "LOOKUP", "Destination": "P2", "Source": "P3", "Path": ["P3", "P1", "P2"]}]
1676837910.305878;P2;LEAST COST PATH;{"P1": ["P2"], "P2": [], "P3": ["P1"], "P4": ["P2"]}
1676837910.336526;P2;TOPOLOGY UPDATE;{"P1": {"P2": 364, "P3": 178}, "P2": {"P4": 997, "P1": 364}, "P3": {"P4": 626, "P1": 178}, "P4": {"P2": 997, "P3": 626}}
1676837912.5746703;P2;MESSAGE ROUTED;[{"Message": "LOOKUP", "Destination": "P4", "Source": "P2", "Path": ["P2"]}]
1676837912.5749786;P2;LOOKUP SENT;{"Peer": "P4", "Relay": "P4"}
1676837912.575507;P2;MESSAGE ROUTED;[{"Message": "LOOKUP", "Destination": "P3", "Source": "P2", "Path": ["P2"]}]
1676837912.5756783;P2;LOOKUP SENT;{"Peer": "P3", "Relay": "P1"}
1676837912.576389;P2;MESSAGE ROUTED;[{"Message": "LOOKUP", "Destination": "P1", "Source": "P2", "Path": ["P2"]}]
1676837912.576665;P2;LOOKUP SENT;{"Peer": "P1", "Relay": "P1"}
1676837913.5179896;P2;MEASURED LATENCY;{'P1': 1071}
1676837913.6184478;P2;MEASURED LATENCY;{'P4': 1171}
1676837915.0731647;P2;TOPOLOGY UPDATE;{"P1": {"P2": 364, "P3": 178}, "P2": {"P4": 997, "P1": 364}, "P3": {"P4": 626, "P1": 178}, "P4": {"P2": 997, "P3": 626}}
1676837917.3676338;P2;LOOKUP RECEIVED;[{"Message": "LOOKUP", "Destination": "P2", "Source": "P3", "Path": ["P3", "P1", "P2"]}]
1676837917.5628583;P2;MEASURED LATENCY;{'P1': 111}
1676837917.715756;P2;MEASURED LATENCY;{'P4': 264}
1676837918.2028801;P2;LOOKUP RECEIVED;[{"Message": "LOOKUP", "Destination": "P2", "Source": "P1", "Path": ["P1", "P2"]}]
1676837919.1314743;P2;LOOKUP RECEIVED;[{"Message": "LOOKUP", "Destination": "P2", "Source": "P4", "Path": ["P4", "P2"]}]
1676837922.5862865;P2;MESSAGE ROUTED;[{"Message": "LOOKUP", "Destination": "P4", "Source": "P2", "Path": ["P2"]}]
1676837922.586464;P2;LOOKUP SENT;{"Peer": "P4", "Relay": "P4"}
1676837922.5868647;P2;MESSAGE ROUTED;[{"Message": "LOOKUP", "Destination": "P3", "Source": "P2", "Path": ["P2"]}]
1676837922.5869966;P2;LOOKUP SENT;{"Peer": "P3", "Relay": "P1"}
1676837922.5873578;P2;MESSAGE ROUTED;[{"Message": "LOOKUP", "Destination": "P1", "Source": "P2", "Path": ["P2"]}]
1676837922.5874865;P2;LOOKUP SENT;{"Peer": "P1", "Relay": "P1"}
1676837922.6819425;P2;MEASURED LATENCY;{'P4': 225}
1676837923.3029387;P2;MEASURED LATENCY;{'P1': 846}
1676837925.1437342;P2;LOOKUP RECEIVED;[{"Message": "LOOKUP", "Destination": "P2", "Source": "P4", "Path": ["P4", "P2"]}]
1676837925.355684;P2;TOPOLOGY UPDATE;{"P1": {"P2": 364, "P3": 268}, "P2": {"P4": 997, "P1": 364}, "P3": {"P4": 626, "P1": 268}, "P4": {"P2": 997, "P3": 626}}
1676837927.5960882;P2;MEASURED LATENCY;{'P1': 134}
1676837927.7467308;P2;MEASURED LATENCY;{'P4': 285}
1676837929.596207;P2;MESSAGE ROUTED;[{"Message": "LOOKUP", "Destination": "P4", "Source": "P2", "Path": ["P2"]}]
1676837929.5964248;P2;LOOKUP SENT;{"Peer": "P4", "Relay": "P4"}
1676837929.5968373;P2;MESSAGE ROUTED;[{"Message": "LOOKUP", "Destination": "P3", "Source": "P2", "Path": ["P2"]}]
1676837929.5968964;P2;LOOKUP SENT;{"Peer": "P3", "Relay": "P1"}
1676837929.5970583;P2;MESSAGE ROUTED;[{"Message": "LOOKUP", "Destination": "P1", "Source": "P2", "Path": ["P2"]}]
1676837929.5971115;P2;LOOKUP SENT;{"Peer": "P1", "Relay": "P1"}
1676837930.0975225;P2;TOPOLOGY UPDATE;{"P1": {"P2": 364, "P3": 268}, "P2": {"P4": 997, "P1": 364}, "P3": {"P4": 626, "P1": 268}, "P4": {"P2": 997, "P3": 626}}
1676837930.4343941;P2;LOOKUP RECEIVED;[{"Message": "LOOKUP", "Destination": "P2", "Source": "P3", "Path": ["P3", "P1", "P2"]}]
1676837931.080877;P2;LEAST COST PATH;{"P1": ["P2"], "P2": [], "P3": ["P1"], "P4": ["P2"]}
1676837931.1024961;P2;TOPOLOGY UPDATE;{"P1": {"P2": 364, "P3": 268}, "P2": {"P4": 997, "P1": 364}, "P3": {"P4": 626, "P1": 268}, "P4": {"P2": 997, "P3": 626}}
1676837932.5857544;P2;MEASURED LATENCY;{'P1': 120}
1676837932.696329;P2;MEASURED LATENCY;{'P4': 230}
1676837933.2258744;P2;LOOKUP RECEIVED;[{"Message": "LOOKUP", "Destination": "P2", "Source": "P1", "Path": ["P1", "P2"]}]
1676837936.599153;P2;MESSAGE ROUTED;[{"Message": "LOOKUP", "Destination": "P4", "Source": "P2", "Path": ["P2"]}]
1676837936.5992792;P2;LOOKUP SENT;{"Peer": "P4", "Relay": "P4"}
1676837936.599469;P2;MESSAGE ROUTED;[{"Message": "LOOKUP", "Destination": "P3", "Source": "P2", "Path": ["P2"]}]
1676837936.5995398;P2;LOOKUP SENT;{"Peer": "P3", "Relay": "P1"}
1676837936.5997212;P2;MESSAGE ROUTED;[{"Message": "LOOKUP", "Destination": "P1", "Source": "P2", "Path": ["P2"]}]
1676837936.5997882;P2;LOOKUP SENT;{"Peer": "P1", "Relay": "P1"}
1676837937.7259586;P2;MEASURED LATENCY;{'P4': 251}
1676837938.156316;P2;LOOKUP RECEIVED;[{"Message": "LOOKUP", "Destination": "P2", "Source": "P4", "Path": ["P4", "P2"]}]
1676837938.2296762;P2;MEASURED LATENCY;{'P1': 755}
1676837940.3396485;P2;LEAST COST PATH;{"P1": ["P2"], "P2": [], "P3": ["P1"], "P4": ["P2"]}
1676837940.442532;P2;LOOKUP RECEIVED;[{"Message": "LOOKUP", "Destination": "P2", "Source": "P3", "Path": ["P3", "P1", "P2"]}]
1676837942.608137;P2;MEASURED LATENCY;{'P1': 127}
1676837942.7165804;P2;MEASURED LATENCY;{'P4': 236}
1676837943.6078515;P2;MESSAGE ROUTED;[{"Message": "LOOKUP", "Destination": "P4", "Source": "P2", "Path": ["P2"]}]
1676837943.6080556;P2;LOOKUP SENT;{"Peer": "P4", "Relay": "P4"}
1676837943.6084974;P2;MESSAGE ROUTED;[{"Message": "LOOKUP", "Destination": "P3", "Source": "P2", "Path": ["P2"]}]
1676837943.608612;P2;LOOKUP SENT;{"Peer": "P3", "Relay": "P1"}
1676837943.609035;P2;MESSAGE ROUTED;[{"Message": "LOOKUP", "Destination": "P1", "Source": "P2", "Path": ["P2"]}]
1676837943.6091056;P2;LOOKUP SENT;{"Peer": "P1", "Relay": "P1"}
1676837945.078021;P2;LEAST COST PATH;{"P1": ["P2"], "P2": [], "P3": ["P1"], "P4": ["P2"]}
1676837945.2472239;P2;LOOKUP RECEIVED;[{"Message": "LOOKUP", "Destination": "P2", "Source": "P1", "Path": ["P1", "P2"]}]
1676837946.1107793;P2;TOPOLOGY UPDATE;{"P1": {"P2": 364, "P3": 268}, "P2": {"P4": 751, "P1": 364}, "P3": {"P4": 626, "P1": 268}, "P4": {"P2": 751, "P3": 626}}
1676837947.6000025;P2;MEASURED LATENCY;{'P1': 114}
1676837947.7809498;P2;MEASURED LATENCY;{'P4': 295}
1676837948.6159182;P2;MESSAGE ROUTED;[{"Message": "LOOKUP", "Destination": "P4", "Source": "P2", "Path": ["P2"]}]
1676837948.616134;P2;LOOKUP SENT;{"Peer": "P4", "Relay": "P4"}
1676837948.6166031;P2;MESSAGE ROUTED;[{"Message": "LOOKUP", "Destination": "P3", "Source": "P2", "Path": ["P2"]}]
1676837948.6167374;P2;LOOKUP SENT;{"Peer": "P3", "Relay": "P1"}
1676837948.617146;P2;MESSAGE ROUTED;[{"Message": "LOOKUP", "Destination": "P1", "Source": "P2", "Path": ["P2"]}]
1676837948.61748;P2;LOOKUP SENT;{"Peer": "P1", "Relay": "P1"}
1676837949.2259474;P2;MESSAGE ROUTED;[{"Message": "LOOKUP", "Destination": "P1", "Source": "P4", "Path": ["P4", "P2"]}]
1676837950.4464366;P2;LOOKUP RECEIVED;[{"Message": "LOOKUP", "Destination": "P2", "Source": "P3", "Path": ["P3", "P1", "P2"]}]
1676837952.8634033;P2;MEASURED LATENCY;{'P1': 128}
1676837952.9794657;P2;MEASURED LATENCY;{'P4': 244}
1676837954.3191845;P2;MESSAGE ROUTED;[{"Message": "LOOKUP", "Destination": "P4", "Source": "P1", "Path": ["P1", "P2"]}]
1676837954.3583527;P2;LOOKUP RECEIVED;[{"Message": "LOOKUP", "Destination": "P2", "Source": "P1", "Path": ["P1", "P2"]}]
1676837955.361099;P2;LEAST COST PATH;{"P1": ["P2"], "P2": [], "P3": ["P1"], "P4": ["P2"]}
1676837956.4529355;P2;MESSAGE ROUTED;[{"Message": "LOOKUP", "Destination": "P1", "Source": "P4", "Path": ["P4", "P2"]}]
1676837957.6312711;P2;MESSAGE ROUTED;[{"Message": "LOOKUP", "Destination": "P4", "Source": "P2", "Path": ["P2"]}]
1676837957.6323364;P2;LOOKUP SENT;{"Peer": "P4", "Relay": "P4"}
1676837957.635196;P2;MESSAGE ROUTED;[{"Message": "LOOKUP", "Destination": "P3", "Source": "P2", "Path": ["P2"]}]
1676837957.6362355;P2;LOOKUP SENT;{"Peer": "P3", "Relay": "P1"}
1676837957.646305;P2;MESSAGE ROUTED;[{"Message": "LOOKUP", "Destination": "P1", "Source": "P2", "Path": ["P2"]}]
1676837957.6474378;P2;LOOKUP SENT;{"Peer": "P1", "Relay": "P1"}
1676837958.1343005;P2;MEASURED LATENCY;{'P1': 207}
1676837958.1356719;P2;APPLIED LATENCY;{"P1": 207}
1676837960.3561409;P2;LEAST COST PATH;{"P1": ["P2"], "P2": [], "P3": ["P1"], "P4": ["P2"]}
1676837961.105531;P2;LEAST COST PATH;{"P1": ["P2"], "P2": [], "P3": ["P1"], "P4": ["P2"]}
1676837962.4337146;P2;MEASURED LATENCY;{'P4': 4507}
1676837962.4339664;P2;APPLIED LATENCY;{"P4": 4507}
1676837963.053902;P2;MEASURED LATENCY;{'P1': 117}
1676837963.2013714;P2;MEASURED LATENCY;{'P4': 264}
1676837963.6019866;P2;LOOKUP RECEIVED;[{"Message": "LOOKUP", "Destination": "P2", "Source": "P3", "Path": ["P3", "P1", "P2"]}]
1676837965.655192;P2;MESSAGE ROUTED;[{"Message": "LOOKUP", "Destination": "P4", "Source": "P2", "Path": ["P2"]}]
1676837965.6553037;P2;LOOKUP SENT;{"Peer": "P4", "Relay": "P4"}
1676837965.6556349;P2;MESSAGE ROUTED;[{"Message": "LOOKUP", "Destination": "P3", "Source": "P2", "Path": ["P2"]}]
1676837965.6575983;P2;LOOKUP SENT;{"Peer": "P3", "Relay": "P1"}
1676837965.6585085;P2;MESSAGE ROUTED;[{"Message": "LOOKUP", "Destination": "P1", "Source": "P2", "Path": ["P2"]}]
1676837965.6586409;P2;LOOKUP SENT;{"Peer": "P1", "Relay": "P1"}
1676837968.3340802;P2;MESSAGE ROUTED;[{"Message": "LOOKUP", "Destination": "P4", "Source": "P1", "Path": ["P1", "P2"]}]
1676837968.3730557;P2;MEASURED LATENCY;{'P1': 149}
1676837968.4714746;P2;MEASURED LATENCY;{'P4': 247}
1676837969.449574;P2;MESSAGE ROUTED;[{"Message": "LOOKUP", "Destination": "P1", "Source": "P4", "Path": ["P4", "P2"]}]
1676837969.629796;P2;LOOKUP RECEIVED;[{"Message": "LOOKUP", "Destination": "P2", "Source": "P1", "Path": ["P1", "P2"]}]
1676837969.6300576;P2;LOOKUP RECEIVED;[{"Message": "LOOKUP", "Destination": "P2", "Source": "P3", "Path": ["P3", "P1", "P2"]}]
1676837970.4241533;P2;TOPOLOGY UPDATE;{"P1": {"P2": 301, "P3": 176}, "P2": {"P4": 751, "P1": 301}, "P3": {"P4": 942, "P1": 176}, "P4": {"P2": 751, "P3": 942}}
1676837974.5009975;P2;MEASURED LATENCY;{'P1': 1109}
1676837974.559942;P2;MEASURED LATENCY;{'P4': 1168}
1676837975.165511;P2;TOPOLOGY UPDATE;{"P1": {"P2": 301, "P3": 176}, "P2": {"P4": 751, "P1": 301}, "P3": {"P4": 942, "P1": 176}, "P4": {"P2": 751, "P3": 942}}
1676837976.1175356;P2;LEAST COST PATH;{"P1": ["P2"], "P2": [], "P3": ["P1"], "P4": ["P2"]}
1676837977.934688;P2;MESSAGE ROUTED;[{"Message": "LOOKUP", "Destination": "P4", "Source": "P2", "Path": ["P2"]}]
1676837977.9353697;P2;LOOKUP SENT;{"Peer": "P4", "Relay": "P4"}
1676837977.9375608;P2;MESSAGE ROUTED;[{"Message": "LOOKUP", "Destination": "P3", "Source": "P2", "Path": ["P2"]}]
1676837977.9379106;P2;LOOKUP SENT;{"Peer": "P3", "Relay": "P1"}
1676837977.9383657;P2;MESSAGE ROUTED;[{"Message": "LOOKUP", "Destination": "P1", "Source": "P2", "Path": ["P2"]}]
1676837977.9385498;P2;LOOKUP SENT;{"Peer": "P1", "Relay": "P1"}
1676837978.4509668;P2;MESSAGE ROUTED;[{"Message": "LOOKUP", "Destination": "P1", "Source": "P4", "Path": ["P4", "P2"]}]
1676837978.531906;P2;MEASURED LATENCY;{'P1': 112}
1676837978.6441069;P2;MEASURED LATENCY;{'P4': 224}
1676837979.3569763;P2;MESSAGE ROUTED;[{"Message": "LOOKUP", "Destination": "P4", "Source": "P1", "Path": ["P1", "P2"]}]
1676837979.452343;P2;LOOKUP RECEIVED;[{"Message": "LOOKUP", "Destination": "P2", "Source": "P1", "Path": ["P1", "P2"]}]
1676837983.4968145;P2;LOOKUP RECEIVED;[{"Message": "LOOKUP", "Destination": "P2", "Source": "P3", "Path": ["P3", "P1", "P2"]}]
1676837983.5614815;P2;MEASURED LATENCY;{'P1': 134}
1676837983.6989546;P2;MEASURED LATENCY;{'P4': 272}
1676837986.4301674;P2;TOPOLOGY UPDATE;{"P1": {"P2": 301, "P3": 176}, "P2": {"P4": 751, "P1": 301}, "P3": {"P4": 942, "P1": 176}, "P4": {"P2": 751, "P3": 942}}
1676837988.559062;P2;MEASURED LATENCY;{'P1': 114}
1676837988.7042663;P2;MEASURED LATENCY;{'P4': 259}
1676837989.97343;P2;MESSAGE ROUTED;[{"Message": "LOOKUP", "Destination": "P4", "Source": "P2", "Path": ["P2"]}]
1676837989.9736223;P2;LOOKUP SENT;{"Peer": "P4", "Relay": "P4"}
1676837989.9741738;P2;MESSAGE ROUTED;[{"Message": "LOOKUP", "Destination": "P3", "Source": "P2", "Path": ["P2"]}]
1676837989.974278;P2;LOOKUP SENT;{"Peer": "P3", "Relay": "P1"}
1676837989.974873;P2;MESSAGE ROUTED;[{"Message": "LOOKUP", "Destination": "P1", "Source": "P2", "Path": ["P2"]}]
1676837989.9749532;P2;LOOKUP SENT;{"Peer": "P1", "Relay": "P1"}
1676837990.471393;P2;MESSAGE ROUTED;[{"Message": "LOOKUP", "Destination": "P1", "Source": "P4", "Path": ["P4", "P2"]}]
1676837990.5746415;P2;LOOKUP RECEIVED;[{"Message": "LOOKUP", "Destination": "P2", "Source": "P4", "Path": ["P4", "P2"]}]
1676837990.672964;P2;LOOKUP RECEIVED;[{"Message": "LOOKUP", "Destination": "P2", "Source": "P3", "Path": ["P3", "P1", "P2"]}]
1676837991.2177758;P2;TOPOLOGY UPDATE;{"P1": {"P2": 301, "P3": 176}, "P2": {"P4": 751, "P1": 301}, "P3": {"P4": 942, "P1": 176}, "P4": {"P2": 751, "P3": 942}}
1676837992.4056451;P2;MESSAGE ROUTED;[{"Message": "LOOKUP", "Destination": "P4", "Source": "P1", "Path": ["P1", "P2"]}]
1676837992.4315903;P2;LOOKUP RECEIVED;[{"Message": "LOOKUP", "Destination": "P2", "Source": "P1", "Path": ["P1", "P2"]}]
1676837993.5619304;P2;MEASURED LATENCY;{'P1': 112}
1676837993.6800084;P2;MEASURED LATENCY;{'P4': 230}
1676837997.9832404;P2;MESSAGE ROUTED;[{"Message": "LOOKUP", "Destination": "P4", "Source": "P2", "Path": ["P2"]}]
1676837997.983388;P2;LOOKUP SENT;{"Peer": "P4", "Relay": "P4"}
1676837997.9840996;P2;MESSAGE ROUTED;[{"Message": "LOOKUP", "Destination": "P3", "Source": "P2", "Path": ["P2"]}]
1676837997.9842389;P2;LOOKUP SENT;{"Peer": "P3", "Relay": "P1"}
1676837997.9850466;P2;MESSAGE ROUTED;[{"Message": "LOOKUP", "Destination": "P1", "Source": "P2", "Path": ["P2"]}]
1676837997.985457;P2;LOOKUP SENT;{"Peer": "P1", "Relay": "P1"}
1676837998.5711946;P2;MEASURED LATENCY;{'P1': 114}
1676837998.8334682;P2;MEASURED LATENCY;{'P4': 376}
1676837999.668154;P2;LOOKUP RECEIVED;[{"Message": "LOOKUP", "Destination": "P2", "Source": "P3", "Path": ["P3", "P1", "P2"]}]
1676838000.4269836;P2;LEAST COST PATH;{"P1": ["P2"], "P2": [], "P3": ["P1"], "P4": ["P2"]}
1676838001.4067545;P2;MESSAGE ROUTED;[{"Message": "LOOKUP", "Destination": "P4", "Source": "P1", "Path": ["P1", "P2"]}]
1676838001.4439695;P2;LOOKUP RECEIVED;[{"Message": "LOOKUP", "Destination": "P2", "Source": "P1", "Path": ["P1", "P2"]}]
1676838002.503399;P2;MESSAGE ROUTED;[{"Message": "LOOKUP", "Destination": "P1", "Source": "P4", "Path": ["P4", "P2"]}]
1676838002.5043848;P2;LOOKUP RECEIVED;[{"Message": "LOOKUP", "Destination": "P2", "Source": "P4", "Path": ["P4", "P2"]}]
1676838002.9897797;P2;MESSAGE ROUTED;[{"Message": "LOOKUP", "Destination": "P4", "Source": "P2", "Path": ["P2"]}]
1676838002.98996;P2;LOOKUP SENT;{"Peer": "P4", "Relay": "P4"}
1676838002.9902773;P2;MESSAGE ROUTED;[{"Message": "LOOKUP", "Destination": "P3", "Source": "P2", "Path": ["P2"]}]
1676838002.9903698;P2;LOOKUP SENT;{"Peer": "P3", "Relay": "P1"}
1676838002.9906788;P2;MESSAGE ROUTED;[{"Message": "LOOKUP", "Destination": "P1", "Source": "P2", "Path": ["P2"]}]
1676838002.990768;P2;LOOKUP SENT;{"Peer": "P1", "Relay": "P1"}
1676838003.5848675;P2;MEASURED LATENCY;{'P1': 124}
1676838003.6878781;P2;MEASURED LATENCY;{'P4': 227}
1676838005.1728368;P2;LEAST COST PATH;{"P1": ["P2"], "P2": [], "P3": ["P1"], "P4": ["P2"]}
1676838006.2476559;P2;TOPOLOGY UPDATE;{"P1": {"P2": 301, "P3": 176}, "P2": {"P4": 717, "P1": 301}, "P3": {"P4": 846, "P1": 176}, "P4": {"P2": 717, "P3": 846}}
1676838008.584628;P2;MEASURED LATENCY;{'P1': 120}
1676838008.5848968;P2;APPLIED LATENCY;{"P1": 120}
1676838008.7521267;P2;MEASURED LATENCY;{'P4': 287}
1676838008.7524157;P2;APPLIED LATENCY;{"P4": 287}
1676838009.565869;P2;MESSAGE ROUTED;[{"Message": "LOOKUP", "Destination": "P1", "Source": "P4", "Path": ["P4", "P2"]}]
1676838009.7315667;P2;LOOKUP RECEIVED;[{"Message": "LOOKUP", "Destination": "P2", "Source": "P3", "Path": ["P3", "P1", "P2"]}]
1676838009.9986598;P2;MESSAGE ROUTED;[{"Message": "LOOKUP", "Destination": "P4", "Source": "P2", "Path": ["P2"]}]
1676838009.998815;P2;LOOKUP SENT;{"Peer": "P4", "Relay": "P4"}
1676838010.000087;P2;MESSAGE ROUTED;[{"Message": "LOOKUP", "Destination": "P3", "Source": "P2", "Path": ["P2"]}]
1676838010.000213;P2;LOOKUP SENT;{"Peer": "P3", "Relay": "P1"}
1676838010.0006907;P2;MESSAGE ROUTED;[{"Message": "LOOKUP", "Destination": "P1", "Source": "P2", "Path": ["P2"]}]
1676838010.0010803;P2;LOOKUP SENT;{"Peer": "P1", "Relay": "P1"}
1676838013.658367;P2;MEASURED LATENCY;{'P1': 130}
1676838013.7873003;P2;MEASURED LATENCY;{'P4': 259}
1676838015.4810202;P2;TOPOLOGY UPDATE;{"P1": {"P2": 400, "P3": 424}, "P2": {"P4": 717, "P1": 400}, "P3": {"P4": 846, "P1": 424}, "P4": {"P2": 717, "P3": 846}}
1676838015.5276253;P2;LOOKUP RECEIVED;[{"Message": "LOOKUP", "Destination": "P2", "Source": "P1", "Path": ["P1", "P2"]}]
1676838016.441772;P2;LEAST COST PATH;{"P1": ["P2"], "P2": [], "P3": ["P1"], "P4": ["P2"]}
1676838016.5144148;P2;MESSAGE ROUTED;[{"Message": "LOOKUP", "Destination": "P1", "Source": "P4", "Path": ["P4", "P2"]}]
1676838019.3130777;P2;MEASURED LATENCY;{'P1': 777}
1676838019.3781884;P2;MEASURED LATENCY;{'P4': 842}
1676838019.7747748;P2;LOOKUP RECEIVED;[{"Message": "LOOKUP", "Destination": "P2", "Source": "P3", "Path": ["P3", "P1", "P2"]}]
1676838020.0129335;P2;MESSAGE ROUTED;[{"Message": "LOOKUP", "Destination": "P4", "Source": "P2", "Path": ["P2"]}]
1676838020.0135524;P2;LOOKUP SENT;{"Peer": "P4", "Relay": "P4"}
1676838020.0145972;P2;MESSAGE ROUTED;[{"Message": "LOOKUP", "Destination": "P3", "Source": "P2", "Path": ["P2"]}]
1676838020.014787;P2;LOOKUP SENT;{"Peer": "P3", "Relay": "P1"}
1676838020.0153093;P2;MESSAGE ROUTED;[{"Message": "LOOKUP", "Destination": "P1", "Source": "P2", "Path": ["P2"]}]
1676838020.0154948;P2;LOOKUP SENT;{"Peer": "P1", "Relay": "P1"}
1676838020.428554;P2;TOPOLOGY UPDATE;{"P1": {"P2": 400, "P3": 424}, "P2": {"P4": 717, "P1": 400}, "P3": {"P4": 846, "P1": 424}, "P4": {"P2": 717, "P3": 846}}
1676838021.218763;P2;LEAST COST PATH;{"P1": ["P2"], "P2": [], "P3": ["P1"], "P4": ["P2"]}
1676838023.5803041;P2;MESSAGE ROUTED;[{"Message": "LOOKUP", "Destination": "P1", "Source": "P4", "Path": ["P4", "P2"]}]
1676838023.5814874;P2;LOOKUP RECEIVED;[{"Message": "LOOKUP", "Destination": "P2", "Source": "P4", "Path": ["P4", "P2"]}]
1676838023.6720045;P2;MEASURED LATENCY;{'P1': 129}
1676838023.7906559;P2;MEASURED LATENCY;{'P4': 248}
1676838027.545367;P2;LOOKUP RECEIVED;[{"Message": "LOOKUP", "Destination": "P2", "Source": "P1", "Path": ["P1", "P2"]}]
1676838027.7660718;P2;LOOKUP RECEIVED;[{"Message": "LOOKUP", "Destination": "P2", "Source": "P3", "Path": ["P3", "P1", "P2"]}]
1676838028.560828;P2;MESSAGE ROUTED;[{"Message": "LOOKUP", "Destination": "P1", "Source": "P4", "Path": ["P4", "P2"]}]
1676838028.7069938;P2;MEASURED LATENCY;{'P1': 156}
1676838028.8086922;P2;MEASURED LATENCY;{'P4': 258}
1676838030.5437648;P2;TOPOLOGY UPDATE;{"P1": {"P2": 400, "P3": 424}, "P2": {"P4": 717, "P1": 400}, "P3": {"P4": 846, "P1": 424}, "P4": {"P2": 717, "P3": 846}}
1676838033.0263987;P2;MESSAGE ROUTED;[{"Message": "LOOKUP", "Destination": "P4", "Source": "P2", "Path": ["P2"]}]
1676838033.0265374;P2;LOOKUP SENT;{"Peer": "P4", "Relay": "P4"}
1676838033.0267835;P2;MESSAGE ROUTED;[{"Message": "LOOKUP", "Destination": "P3", "Source": "P2", "Path": ["P2"]}]
1676838033.0268383;P2;LOOKUP SENT;{"Peer": "P3", "Relay": "P1"}
1676838033.0269785;P2;MESSAGE ROUTED;[{"Message": "LOOKUP", "Destination": "P1", "Source": "P2", "Path": ["P2"]}]
1676838033.0270336;P2;LOOKUP SENT;{"Peer": "P1", "Relay": "P1"}
1676838033.6765773;P2;MEASURED LATENCY;{'P1': 120}
1676838033.7878017;P2;MEASURED LATENCY;{'P4': 231}
1676838036.2508314;P2;LEAST COST PATH;{"P1": ["P2"], "P2": [], "P3": ["P1"], "P4": ["P2"]}
1676838037.569389;P2;MESSAGE ROUTED;[{"Message": "LOOKUP", "Destination": "P1", "Source": "P4", "Path": ["P4", "P2"]}]
1676838037.6696596;P2;LOOKUP RECEIVED;[{"Message": "LOOKUP", "Destination": "P2", "Source": "P4", "Path": ["P4", "P2"]}]
1676838038.5747533;P2;LOOKUP RECEIVED;[{"Message": "LOOKUP", "Destination": "P2", "Source": "P1", "Path": ["P1", "P2"]}]
1676838038.6865993;P2;MEASURED LATENCY;{'P1': 122}
1676838038.8686686;P2;MEASURED LATENCY;{'P4': 304}
1676838039.0360982;P2;MESSAGE ROUTED;[{"Message": "LOOKUP", "Destination": "P4", "Source": "P2", "Path": ["P2"]}]
1676838039.0363083;P2;LOOKUP SENT;{"Peer": "P4", "Relay": "P4"}
1676838039.036596;P2;MESSAGE ROUTED;[{"Message": "LOOKUP", "Destination": "P3", "Source": "P2", "Path": ["P2"]}]
1676838039.0366743;P2;LOOKUP SENT;{"Peer": "P3", "Relay": "P1"}
1676838039.0368855;P2;MESSAGE ROUTED;[{"Message": "LOOKUP", "Destination": "P1", "Source": "P2", "Path": ["P2"]}]
1676838039.036947;P2;LOOKUP SENT;{"Peer": "P1", "Relay": "P1"}
1676838040.7697074;P2;LOOKUP RECEIVED;[{"Message": "LOOKUP", "Destination": "P2", "Source": "P3", "Path": ["P3", "P1", "P2"]}]
1676838044.0721357;P2;MEASURED LATENCY;{'P1': 120}
1676838044.2612736;P2;MEASURED LATENCY;{'P4': 309}
1676838045.4839003;P2;LEAST COST PATH;{"P1": ["P2"], "P2": [], "P3": ["P1"], "P4": ["P2"]}
1676838047.6016378;P2;LOOKUP RECEIVED;[{"Message": "LOOKUP", "Destination": "P2", "Source": "P1", "Path": ["P1", "P2"]}]
1676838049.047387;P2;MESSAGE ROUTED;[{"Message": "LOOKUP", "Destination": "P4", "Source": "P2", "Path": ["P2"]}]
1676838049.0475948;P2;LOOKUP SENT;{"Peer": "P4", "Relay": "P4"}
1676838049.048365;P2;MESSAGE ROUTED;[{"Message": "LOOKUP", "Destination": "P3", "Source": "P2", "Path": ["P2"]}]
1676838049.048452;P2;LOOKUP SENT;{"Peer": "P3", "Relay": "P1"}
1676838049.0486205;P2;MESSAGE ROUTED;[{"Message": "LOOKUP", "Destination": "P1", "Source": "P2", "Path": ["P2"]}]
1676838049.048661;P2;LOOKUP SENT;{"Peer": "P1", "Relay": "P1"}
1676838049.0851984;P2;MEASURED LATENCY;{'P1': 127}
1676838049.2067735;P2;MEASURED LATENCY;{'P4': 249}
1676838049.613453;P2;MESSAGE ROUTED;[{"Message": "LOOKUP", "Destination": "P1", "Source": "P4", "Path": ["P4", "P2"]}]
1676838050.4345243;P2;LEAST COST PATH;{"P1": ["P2"], "P2": [], "P3": ["P1"], "P4": ["P2"]}
1676838051.436903;P2;TOPOLOGY UPDATE;{"P1": {"P2": 400, "P3": 424}, "P2": {"P4": 612, "P1": 400}, "P3": {"P4": 846, "P1": 424}, "P4": {"P2": 612, "P3": 846}}
1676838052.0694728;P2;LOOKUP RECEIVED;[{"Message": "LOOKUP", "Destination": "P2", "Source": "P3", "Path": ["P3", "P1", "P2"]}]
1676838053.6479275;P2;LOOKUP RECEIVED;[{"Message": "LOOKUP", "Destination": "P2", "Source": "P1", "Path": ["P1", "P2"]}]
1676838054.0823743;P2;MEASURED LATENCY;{'P1': 114}
1676838054.198656;P2;MEASURED LATENCY;{'P4': 231}
1676838059.106214;P2;MEASURED LATENCY;{'P1': 124}
1676838059.1063542;P2;APPLIED LATENCY;{"P1": 124}
1676838059.2320576;P2;MEASURED LATENCY;{'P4': 250}
1676838059.2321904;P2;APPLIED LATENCY;{"P4": 250}
1676838060.5449264;P2;LEAST COST PATH;{"P1": ["P2"], "P2": [], "P3": ["P1"], "P4": ["P2"]}
1676838060.6482143;P2;MESSAGE ROUTED;[{"Message": "LOOKUP", "Destination": "P1", "Source": "P4", "Path": ["P4", "P2"]}]
1676838060.704465;P2;MESSAGE ROUTED;[{"Message": "LOOKUP", "Destination": "P4", "Source": "P1", "Path": ["P1", "P2"]}]
1676838060.7431989;P2;LOOKUP RECEIVED;[{"Message": "LOOKUP", "Destination": "P2", "Source": "P1", "Path": ["P1", "P2"]}]
1676838062.0686097;P2;MESSAGE ROUTED;[{"Message": "LOOKUP", "Destination": "P4", "Source": "P2", "Path": ["P2"]}]
1676838062.0700357;P2;LOOKUP SENT;{"Peer": "P4", "Relay": "P4"}
1676838062.0714612;P2;MESSAGE ROUTED;[{"Message": "LOOKUP", "Destination": "P3", "Source": "P2", "Path": ["P2"]}]
1676838062.0722203;P2;LOOKUP SENT;{"Peer": "P3", "Relay": "P1"}
1676838062.0740407;P2;MESSAGE ROUTED;[{"Message": "LOOKUP", "Destination": "P1", "Source": "P2", "Path": ["P2"]}]
1676838062.0746193;P2;LOOKUP SENT;{"Peer": "P1", "Relay": "P1"}
1676838063.0875788;P2;LOOKUP RECEIVED;[{"Message": "LOOKUP", "Destination": "P2", "Source": "P3", "Path": ["P3", "P1", "P2"]}]
1676838064.363785;P2;MEASURED LATENCY;{'P1': 359}
1676838064.4804387;P2;MEASURED LATENCY;{'P4': 475}
1676838065.9329188;P2;TOPOLOGY UPDATE;{"P1": {"P2": 530, "P3": 424}, "P2": {"P4": 612, "P1": 530}, "P3": {"P4": 846, "P1": 424}, "P4": {"P2": 612, "P3": 846}}
1676838069.2956698;P2;MEASURED LATENCY;{'P1': 120}
1676838069.4099936;P2;MEASURED LATENCY;{'P4': 234}
1676838072.167805;P2;MESSAGE ROUTED;[{"Message": "LOOKUP", "Destination": "P4", "Source": "P2", "Path": ["P2"]}]
1676838072.1679525;P2;LOOKUP SENT;{"Peer": "P4", "Relay": "P4"}
1676838072.1681972;P2;MESSAGE ROUTED;[{"Message": "LOOKUP", "Destination": "P3", "Source": "P2", "Path": ["P2"]}]
1676838072.1682825;P2;LOOKUP SENT;{"Peer": "P3", "Relay": "P1"}
1676838072.1684864;P2;MESSAGE ROUTED;[{"Message": "LOOKUP", "Destination": "P1", "Source": "P2", "Path": ["P2"]}]
1676838072.1685598;P2;LOOKUP SENT;{"Peer": "P1", "Relay": "P1"}
1676838072.7488873;P2;MESSAGE ROUTED;[{"Message": "LOOKUP", "Destination": "P4", "Source": "P1", "Path": ["P1", "P2"]}]
1676838072.7905939;P2;LOOKUP RECEIVED;[{"Message": "LOOKUP", "Destination": "P2", "Source": "P1", "Path": ["P1", "P2"]}]
1676838073.1303048;P2;LOOKUP RECEIVED;[{"Message": "LOOKUP", "Destination": "P2", "Source": "P3", "Path": ["P3", "P1", "P2"]}]
1676838074.3093886;P2;MEASURED LATENCY;{'P1': 112}
1676838074.462969;P2;MEASURED LATENCY;{'P4': 266}
1676838075.7612352;P2;MESSAGE ROUTED;[{"Message": "LOOKUP", "Destination": "P1", "Source": "P4", "Path": ["P4", "P2"]}]
1676838076.4363868;P2;TOPOLOGY UPDATE;{"P1": {"P2": 530, "P3": 298}, "P2": {"P4": 612, "P1": 530}, "P3": {"P4": 1136, "P1": 298}, "P4": {"P2": 612, "P3": 1136}}
1676838079.7800362;P2;MEASURED LATENCY;{'P1': 115}
1676838079.9083517;P2;MEASURED LATENCY;{'P4': 243}
1676838080.5788374;P2;TOPOLOGY UPDATE;{"P1": {"P2": 530, "P3": 298}, "P2": {"P4": 612, "P1": 530}, "P3": {"P4": 1136, "P1": 298}, "P4": {"P2": 612, "P3": 1136}}
1676838081.441607;P2;LEAST COST PATH;{"P1": ["P2"], "P2": [], "P3": ["P1"], "P4": ["P2"]}
1676838082.1777797;P2;MESSAGE ROUTED;[{"Message": "LOOKUP", "Destination": "P4", "Source": "P2", "Path": ["P2"]}]
1676838082.1779168;P2;LOOKUP SENT;{"Peer": "P4", "Relay": "P4"}
1676838082.1781726;P2;MESSAGE ROUTED;[{"Message": "LOOKUP", "Destination": "P3", "Source": "P2", "Path": ["P2"]}]
1676838082.1782343;P2;LOOKUP SENT;{"Peer": "P3", "Relay": "P1"}
1676838082.1783886;P2;MESSAGE ROUTED;[{"Message": "LOOKUP", "Destination": "P1", "Source": "P2", "Path": ["P2"]}]
1676838082.1784382;P2;LOOKUP SENT;{"Peer": "P1", "Relay": "P1"}
1676838084.878149;P2;MEASURED LATENCY;{'P1': 148}
1676838084.9752965;P2;MEASURED LATENCY;{'P4': 245}
1676838086.1836746;P2;LOOKUP RECEIVED;[{"Message": "LOOKUP", "Destination": "P2", "Source": "P3", "Path": ["P3", "P1", "P2"]}]
1676838087.593072;P2;MESSAGE ROUTED;[{"Message": "LOOKUP", "Destination": "P4", "Source": "P1", "Path": ["P1", "P2"]}]
1676838087.5932338;P2;LOOKUP RECEIVED;[{"Message": "LOOKUP", "Destination": "P2", "Source": "P1", "Path": ["P1", "P2"]}]
1676838089.886017;P2;MEASURED LATENCY;{'P1': 123}
1676838090.067124;P2;MEASURED LATENCY;{'P4': 304}
1676838090.227369;P2;MESSAGE ROUTED;[{"Message": "LOOKUP", "Destination": "P4", "Source": "P2", "Path": ["P2"]}]
1676838090.227502;P2;LOOKUP SENT;{"Peer": "P4", "Relay": "P4"}
1676838090.2278101;P2;MESSAGE ROUTED;[{"Message": "LOOKUP", "Destination": "P3", "Source": "P2", "Path": ["P2"]}]
1676838090.2278838;P2;LOOKUP SENT;{"Peer": "P3", "Relay": "P1"}
1676838090.2281537;P2;MESSAGE ROUTED;[{"Message": "LOOKUP", "Destination": "P1", "Source": "P2", "Path": ["P2"]}]
1676838090.2282252;P2;LOOKUP SENT;{"Peer": "P1", "Relay": "P1"}
1676838090.7628462;P2;MESSAGE ROUTED;[{"Message": "LOOKUP", "Destination": "P1", "Source": "P4", "Path": ["P4", "P2"]}]
1676838096.0126488;P2;LEAST COST PATH;{"P1": ["P2"], "P2": [], "P3": ["P1"], "P4": ["P2"]}
1676838096.8406417;P2;TOPOLOGY UPDATE;{"P1": {"P2": 530, "P3": 298}, "P2": {"P4": 600, "P1": 530}, "P3": {"P4": 1136, "P1": 298}, "P4": {"P2": 600, "P3": 1136}}
1676838099.3903456;P2;MESSAGE ROUTED;[{"Message": "LOOKUP", "Destination": "P4", "Source": "P1", "Path": ["P1", "P2"]}]
1676838099.4784284;P2;LOOKUP RECEIVED;[{"Message": "LOOKUP", "Destination": "P2", "Source": "P1", "Path": ["P1", "P2"]}]
1676838099.4975686;P2;LOOKUP RECEIVED;[{"Message": "LOOKUP", "Destination": "P2", "Source": "P3", "Path": ["P3", "P1", "P2"]}]
1676838099.8882122;P2;MEASURED LATENCY;{'P1': 115}
1676838099.9084733;P2;MESSAGE ROUTED;[{"Message": "LOOKUP", "Destination": "P1", "Source": "P4", "Path": ["P4", "P2"]}]
1676838103.2421112;P2;MEASURED LATENCY;{'P4': 3469}
1676838104.901186;P2;MEASURED LATENCY;{'P1': 117}
1676838105.055005;P2;MEASURED LATENCY;{'P4': 271}
1676838105.2973998;P2;MESSAGE ROUTED;[{"Message": "LOOKUP", "Destination": "P4", "Source": "P2", "Path": ["P2"]}]
1676838105.2975442;P2;LOOKUP SENT;{"Peer": "P4", "Relay": "P4"}
1676838105.2977993;P2;MESSAGE ROUTED;[{"Message": "LOOKUP", "Destination": "P3", "Source": "P2", "Path": ["P2"]}]
1676838105.297862;P2;LOOKUP SENT;{"Peer": "P3", "Relay": "P1"}
1676838105.2980201;P2;MESSAGE ROUTED;[{"Message": "LOOKUP", "Destination": "P1", "Source": "P2", "Path": ["P2"]}]
1676838105.2980752;P2;LOOKUP SENT;{"Peer": "P1", "Relay": "P1"}
1676838106.5673892;P2;LEAST COST PATH;{"P1": ["P2"], "P2": [], "P3": ["P1"], "P4": ["P2"]}
1676838109.8851452;P2;MESSAGE ROUTED;[{"Message": "LOOKUP", "Destination": "P4", "Source": "P1", "Path": ["P1", "P2"]}]
1676838109.9242449;P2;LOOKUP RECEIVED;[{"Message": "LOOKUP", "Destination": "P2", "Source": "P1", "Path": ["P1", "P2"]}]
1676838110.0309002;P2;MEASURED LATENCY;{'P4': 231}
1676838110.204347;P2;MEASURED LATENCY;{'P1': 404}
1676838110.2061415;P2;LOOKUP RECEIVED;[{"Message": "LOOKUP", "Destination": "P2", "Source": "P3", "Path": ["P3", "P1", "P2"]}]
1676838110.5804794;P2;LEAST COST PATH;{"P1": ["P2"], "P2": [], "P3": ["P1"], "P4": ["P2"]}
1676838113.8149335;P2;MESSAGE ROUTED;[{"Message": "LOOKUP", "Destination": "P1", "Source": "P4", "Path": ["P4", "P2"]}]
1676838113.9039474;P2;LOOKUP RECEIVED;[{"Message": "LOOKUP", "Destination": "P2", "Source": "P4", "Path": ["P4", "P2"]}]
1676838114.9621735;P2;MEASURED LATENCY;{'P1': 120}
1676838114.9623356;P2;APPLIED LATENCY;{"P1": 120}
1676838115.07272;P2;MEASURED LATENCY;{'P4': 231}
1676838115.072852;P2;APPLIED LATENCY;{"P4": 231}
1676838115.3127317;P2;MESSAGE ROUTED;[{"Message": "LOOKUP", "Destination": "P4", "Source": "P2", "Path": ["P2"]}]
1676838115.3131566;P2;LOOKUP SENT;{"Peer": "P4", "Relay": "P4"}
1676838115.3247874;P2;MESSAGE ROUTED;[{"Message": "LOOKUP", "Destination": "P3", "Source": "P2", "Path": ["P2"]}]
1676838115.3252802;P2;LOOKUP SENT;{"Peer": "P3", "Relay": "P1"}
1676838115.326064;P2;MESSAGE ROUTED;[{"Message": "LOOKUP", "Destination": "P1", "Source": "P2", "Path": ["P2"]}]
1676838115.3263578;P2;LOOKUP SENT;{"Peer": "P1", "Relay": "P1"}
1676838116.7828212;P2;MESSAGE ROUTED;[{"Message": "LOOKUP", "Destination": "P4", "Source": "P1", "Path": ["P1", "P2"]}]
1676838116.7836642;P2;LOOKUP RECEIVED;[{"Message": "LOOKUP", "Destination": "P2", "Source": "P1", "Path": ["P1", "P2"]}]
1676838119.980514;P2;MEASURED LATENCY;{'P1': 120}
1676838120.1121168;P2;MEASURED LATENCY;{'P4': 251}
1676838124.3509986;P2;MESSAGE ROUTED;[{"Message": "LOOKUP", "Destination": "P4", "Source": "P2", "Path": ["P2"]}]
1676838124.351152;P2;LOOKUP SENT;{"Peer": "P4", "Relay": "P4"}
1676838124.3523495;P2;MESSAGE ROUTED;[{"Message": "LOOKUP", "Destination": "P3", "Source": "P2", "Path": ["P2"]}]
1676838124.3529613;P2;LOOKUP SENT;{"Peer": "P3", "Relay": "P1"}
1676838124.3534079;P2;MESSAGE ROUTED;[{"Message": "LOOKUP", "Destination": "P1", "Source": "P2", "Path": ["P2"]}]
1676838124.3535101;P2;LOOKUP SENT;{"Peer": "P1", "Relay": "P1"}
1676838124.5406892;P2;LOOKUP RECEIVED;[{"Message": "LOOKUP", "Destination": "P2", "Source": "P3", "Path": ["P3", "P1", "P2"]}]
1676838125.266397;P2;MEASURED LATENCY;{'P1': 121}
1676838125.4067595;P2;MEASURED LATENCY;{'P4': 262}
1676838125.749842;P2;TOPOLOGY UPDATE;{"P1": {"P2": 744, "P3": 467}, "P2": {"P4": 600, "P1": 744}, "P3": {"P4": 1136, "P1": 467}, "P4": {"P2": 600, "P3": 1136}}
1676838125.8714676;P2;MESSAGE ROUTED;[{"Message": "LOOKUP", "Destination": "P1", "Source": "P4", "Path": ["P4", "P2"]}]
1676838125.8736627;P2;LOOKUP RECEIVED;[{"Message": "LOOKUP", "Destination": "P2", "Source": "P4", "Path": ["P4", "P2"]}]
1676838126.8276858;P2;TOPOLOGY UPDATE;{"P1": {"P2": 744, "P3": 467}, "P2": {"P4": 600, "P1": 744}, "P3": {"P4": 1136, "P1": 467}, "P4": {"P2": 600, "P3": 1136}}
1676838126.854209;P2;LEAST COST PATH;{"P1": ["P2"], "P2": [], "P3": ["P1"], "P4": ["P2"]}
1676838130.591357;P2;MEASURED LATENCY;{'P1': 125}
1676838130.6985064;P2;MEASURED LATENCY;{'P4': 232}
1676838130.8869252;P2;MESSAGE ROUTED;[{"Message": "LOOKUP", "Destination": "P1", "Source": "P4", "Path": ["P4", "P2"]}]
1676838130.887418;P2;LOOKUP RECEIVED;[{"Message": "LOOKUP", "Destination": "P2", "Source": "P4", "Path": ["P4", "P2"]}]
1676838130.923612;P2;MESSAGE ROUTED;[{"Message": "LOOKUP", "Destination": "P4", "Source": "P1", "Path": ["P1", "P2"]}]
1676838130.9625378;P2;LOOKUP RECEIVED;[{"Message": "LOOKUP", "Destination": "P2", "Source": "P1", "Path": ["P1", "P2"]}]
1676838132.3723223;P2;MESSAGE ROUTED;[{"Message": "LOOKUP", "Destination": "P4", "Source": "P2", "Path": ["P2"]}]
1676838132.3729415;P2;LOOKUP SENT;{"Peer": "P4", "Relay": "P4"}
1676838132.374109;P2;MESSAGE ROUTED;[{"Message": "LOOKUP", "Destination": "P3", "Source": "P2", "Path": ["P2"]}]
1676838132.374951;P2;LOOKUP SENT;{"Peer": "P3", "Relay": "P1"}
1676838132.3761005;P2;MESSAGE ROUTED;[{"Message": "LOOKUP", "Destination": "P1", "Source": "P2", "Path": ["P2"]}]
1676838132.3765619;P2;LOOKUP SENT;{"Peer": "P1", "Relay": "P1"}
1676838135.6005886;P2;MEASURED LATENCY;{'P1': 126}
1676838135.7396376;P2;MEASURED LATENCY;{'P4': 265}
1676838136.2898495;P2;TOPOLOGY UPDATE;{"P1": {"P2": 744, "P3": 467}, "P2": {"P4": 600, "P1": 744}, "P3": {"P4": 1136, "P1": 467}, "P4": {"P2": 600, "P3": 1136}}
1676838137.279206;P2;LOOKUP RECEIVED;[{"Message": "LOOKUP", "Destination": "P2", "Source": "P3", "Path": ["P3", "P1", "P2"]}]
1676838140.3863072;P2;MESSAGE ROUTED;[{"Message": "LOOKUP", "Destination": "P4", "Source": "P2", "Path": ["P2"]}]
1676838140.3864913;P2;LOOKUP SENT;{"Peer": "P4", "Relay": "P4"}
1676838140.3870392;P2;MESSAGE ROUTED;[{"Message": "LOOKUP", "Destination": "P3", "Source": "P2", "Path": ["P2"]}]
1676838140.3872027;P2;LOOKUP SENT;{"Peer": "P3", "Relay": "P1"}
1676838140.388237;P2;MESSAGE ROUTED;[{"Message": "LOOKUP", "Destination": "P1", "Source": "P2", "Path": ["P2"]}]
1676838140.3883991;P2;LOOKUP SENT;{"Peer": "P1", "Relay": "P1"}
1676838145.2875402;P2;MESSAGE ROUTED;[{"Message": "LOOKUP", "Destination": "P4", "Source": "P1", "Path": ["P1", "P2"]}]
1676838145.323234;P2;MESSAGE ROUTED;[{"Message": "LOOKUP", "Destination": "P1", "Source": "P4", "Path": ["P4", "P2"]}]
1676838145.3976145;P2;MESSAGE ROUTED;[{"Message": "LOOKUP", "Destination": "P4", "Source": "P2", "Path": ["P2"]}]
1676838145.3978086;P2;LOOKUP SENT;{"Peer": "P4", "Relay": "P4"}
1676838145.3987849;P2;MESSAGE ROUTED;[{"Message": "LOOKUP", "Destination": "P3", "Source": "P2", "Path": ["P2"]}]
1676838145.398853;P2;LOOKUP SENT;{"Peer": "P3", "Relay": "P1"}
1676838145.3994133;P2;MESSAGE ROUTED;[{"Message": "LOOKUP", "Destination": "P1", "Source": "P2", "Path": ["P2"]}]
1676838145.399467;P2;LOOKUP SENT;{"Peer": "P1", "Relay": "P1"}
1676838145.6076348;P2;LOOKUP RECEIVED;[{"Message": "LOOKUP", "Destination": "P2", "Source": "P1", "Path": ["P1", "P2"]}]
1676838145.609255;P2;MEASURED LATENCY;{'P1': 128}
1676838145.8014343;P2;MEASURED LATENCY;{'P4': 320}
1676838149.9402251;P2;MESSAGE ROUTED;[{"Message": "LOOKUP", "Destination": "P1", "Source": "P4", "Path": ["P4", "P2"]}]
1676838149.9407089;P2;LOOKUP RECEIVED;[{"Message": "LOOKUP", "Destination": "P2", "Source": "P4", "Path": ["P4", "P2"]}]
1676838150.6206791;P2;MEASURED LATENCY;{'P1': 114}
1676838150.799613;P2;MEASURED LATENCY;{'P4': 293}
1676838155.6222525;P2;MEASURED LATENCY;{'P1': 113}
1676838155.772882;P2;MEASURED LATENCY;{'P4': 264}
1676838155.7744844;P2;LEAST COST PATH;{"P1": ["P2"], "P2": [], "P3": ["P4", "P1"], "P4": ["P2"]}
1676838156.4087238;P2;LOOKUP RECEIVED;[{"Message": "LOOKUP", "Destination": "P2", "Source": "P3", "Path": ["P3", "P1", "P2"]}]
1676838156.8373144;P2;LEAST COST PATH;{"P1": ["P2"], "P2": [], "P3": ["P4", "P1"], "P4": ["P2"]}
1676838157.0805643;P2;MESSAGE ROUTED;[{"Message": "LOOKUP", "Destination": "P4", "Source": "P1", "Path": ["P1", "P2"]}]
1676838157.1319833;P2;LOOKUP RECEIVED;[{"Message": "LOOKUP", "Destination": "P2", "Source": "P1", "Path": ["P1", "P2"]}]
1676838157.4548008;P2;MESSAGE ROUTED;[{"Message": "LOOKUP", "Destination": "P4", "Source": "P2", "Path": ["P2"]}]
1676838157.4549484;P2;LOOKUP SENT;{"Peer": "P4", "Relay": "P4"}
1676838157.4554174;P2;MESSAGE ROUTED;[{"Message": "LOOKUP", "Destination": "P3", "Source": "P2", "Path": ["P2"]}]
1676838157.4554698;P2;LOOKUP SENT;{"Peer": "P3", "Relay": "P4"}
1676838157.4558089;P2;MESSAGE ROUTED;[{"Message": "LOOKUP", "Destination": "P1", "Source": "P2", "Path": ["P2"]}]
1676838157.4558709;P2;LOOKUP SENT;{"Peer": "P1", "Relay": "P1"}
1676838159.935643;P2;MESSAGE ROUTED;[{"Message": "LOOKUP", "Destination": "P1", "Source": "P4", "Path": ["P4", "P2"]}]
1676838160.0312858;P2;LOOKUP RECEIVED;[{"Message": "LOOKUP", "Destination": "P2", "Source": "P4", "Path": ["P4", "P2"]}]
1676838160.6369174;P2;MEASURED LATENCY;{'P1': 115}
1676838160.7500343;P2;MEASURED LATENCY;{'P4': 228}
1676838165.0990264;P2;MESSAGE ROUTED;[{"Message": "LOOKUP", "Destination": "P4", "Source": "P1", "Path": ["P1", "P2"]}]
1676838165.6365738;P2;LOOKUP RECEIVED;[{"Message": "LOOKUP", "Destination": "P2", "Source": "P1", "Path": ["P1", "P2"]}]
1676838165.6368673;P2;MEASURED LATENCY;{'P1': 112}
1676838165.7804587;P2;MEASURED LATENCY;{'P4': 255}
1676838166.405164;P2;LEAST COST PATH;{"P1": ["P2"], "P2": [], "P3": ["P4", "P1"], "P4": ["P2"]}
1676838166.9916515;P2;MESSAGE ROUTED;[{"Message": "LOOKUP", "Destination": "P1", "Source": "P4", "Path": ["P4", "P2"]}]
1676838166.9917815;P2;LOOKUP RECEIVED;[{"Message": "LOOKUP", "Destination": "P2", "Source": "P4", "Path": ["P4", "P2"]}]
1676838167.4660025;P2;MESSAGE ROUTED;[{"Message": "LOOKUP", "Destination": "P4", "Source": "P2", "Path": ["P2"]}]
1676838167.4663594;P2;LOOKUP SENT;{"Peer": "P4", "Relay": "P4"}
1676838167.4668427;P2;MESSAGE ROUTED;[{"Message": "LOOKUP", "Destination": "P3", "Source": "P2", "Path": ["P2"]}]
1676838167.466916;P2;LOOKUP SENT;{"Peer": "P3", "Relay": "P4"}
1676838167.4673398;P2;MESSAGE ROUTED;[{"Message": "LOOKUP", "Destination": "P1", "Source": "P2", "Path": ["P2"]}]
1676838167.4674108;P2;LOOKUP SENT;{"Peer": "P1", "Relay": "P1"}
1676838170.6428974;P2;MEASURED LATENCY;{'P1': 114}
1676838170.643001;P2;APPLIED LATENCY;{"P1": 114}
1676838170.7562919;P2;MEASURED LATENCY;{'P4': 227}
1676838170.7563932;P2;APPLIED LATENCY;{"P4": 227}
1676838170.7583544;P2;TOPOLOGY UPDATE;{"P1": {"P2": 904, "P3": 467}, "P2": {"P4": 249, "P1": 904}, "P3": {"P4": 1136, "P1": 467}, "P4": {"P2": 249, "P3": 1136}}
1676838171.8953116;P2;TOPOLOGY UPDATE;{"P1": {"P2": 904, "P3": 467}, "P2": {"P4": 249, "P1": 904}, "P3": {"P4": 2524, "P1": 467}, "P4": {"P2": 249, "P3": 2524}}
1676838173.4750051;P2;LOOKUP RECEIVED;[{"Message": "LOOKUP", "Destination": "P2", "Source": "P3", "Path": ["P3", "P1", "P2"]}]
1676838174.105527;P2;MESSAGE ROUTED;[{"Message": "LOOKUP", "Destination": "P4", "Source": "P1", "Path": ["P1", "P2"]}]
1676838174.1443586;P2;LOOKUP RECEIVED;[{"Message": "LOOKUP", "Destination": "P2", "Source": "P1", "Path": ["P1", "P2"]}]
1676838175.7374136;P2;MEASURED LATENCY;{'P1': 133}
1676838176.4739504;P2;MESSAGE ROUTED;[{"Message": "LOOKUP", "Destination": "P4", "Source": "P2", "Path": ["P2"]}]
1676838176.4741223;P2;LOOKUP SENT;{"Peer": "P4", "Relay": "P4"}
1676838176.475017;P2;MESSAGE ROUTED;[{"Message": "LOOKUP", "Destination": "P3", "Source": "P2", "Path": ["P2"]}]
1676838176.475079;P2;LOOKUP SENT;{"Peer": "P3", "Relay": "P4"}
1676838176.475819;P2;MESSAGE ROUTED;[{"Message": "LOOKUP", "Destination": "P1", "Source": "P2", "Path": ["P2"]}]
1676838176.4761112;P2;LOOKUP SENT;{"Peer": "P1", "Relay": "P1"}
1676838176.7810595;P2;MEASURED LATENCY;{'P4': 1177}
1676838179.2258472;P2;MESSAGE ROUTED;[{"Message": "LOOKUP", "Destination": "P4", "Source": "P1", "Path": ["P1", "P2"]}]
1676838179.4444826;P2;LOOKUP RECEIVED;[{"Message": "LOOKUP", "Destination": "P2", "Source": "P1", "Path": ["P1", "P2"]}]
1676838179.4449258;P2;LOOKUP RECEIVED;[{"Message": "LOOKUP", "Destination": "P2", "Source": "P3", "Path": ["P3", "P1", "P2"]}]
1676838179.9804282;P2;MESSAGE ROUTED;[{"Message": "LOOKUP", "Destination": "P1", "Source": "P4", "Path": ["P4", "P2"]}]
1676838180.0872512;P2;LOOKUP RECEIVED;[{"Message": "LOOKUP", "Destination": "P2", "Source": "P4", "Path": ["P4", "P2"]}]
1676838180.759437;P2;MEASURED LATENCY;{'P1': 149}
1676838180.8493264;P2;MEASURED LATENCY;{'P4': 239}
1676838181.7230139;P2;TOPOLOGY UPDATE;{"P1": {"P2": 904, "P3": 546}, "P2": {"P4": 249, "P1": 904}, "P3": {"P4": 2524, "P1": 546}, "P4": {"P2": 249, "P3": 2524}}
1676838185.729952;P2;MEASURED LATENCY;{'P1': 113}
1676838185.779565;P2;TOPOLOGY UPDATE;{"P1": {"P2": 904, "P3": 546}, "P2": {"P4": 249, "P1": 904}, "P3": {"P4": 2524, "P1": 546}, "P4": {"P2": 249, "P3": 2524}}
1676838185.8428364;P2;MEASURED LATENCY;{'P4': 226}
1676838185.9879599;P2;MESSAGE ROUTED;[{"Message": "LOOKUP", "Destination": "P1", "Source": "P4", "Path": ["P4", "P2"]}]
1676838186.0981073;P2;LOOKUP RECEIVED;[{"Message": "LOOKUP", "Destination": "P2", "Source": "P4", "Path": ["P4", "P2"]}]
1676838186.4859185;P2;MESSAGE ROUTED;[{"Message": "LOOKUP", "Destination": "P4", "Source": "P2", "Path": ["P2"]}]
1676838186.4861712;P2;LOOKUP SENT;{"Peer": "P4", "Relay": "P4"}
1676838186.4866524;P2;MESSAGE ROUTED;[{"Message": "LOOKUP", "Destination": "P3", "Source": "P2", "Path": ["P2"]}]
1676838186.4867203;P2;LOOKUP SENT;{"Peer": "P3", "Relay": "P4"}
1676838186.4871423;P2;MESSAGE ROUTED;[{"Message": "LOOKUP", "Destination": "P1", "Source": "P2", "Path": ["P2"]}]
1676838186.4872189;P2;LOOKUP SENT;{"Peer": "P1", "Relay": "P1"}
1676838188.2282317;P2;MESSAGE ROUTED;[{"Message": "LOOKUP", "Destination": "P4", "Source": "P1", "Path": ["P1", "P2"]}]
1676838188.2690964;P2;LOOKUP RECEIVED;[{"Message": "LOOKUP", "Destination": "P2", "Source": "P1", "Path": ["P1", "P2"]}]
1676838190.4481966;P2;LOOKUP RECEIVED;[{"Message": "LOOKUP", "Destination": "P2", "Source": "P3", "Path": ["P3", "P1", "P2"]}]
1676838190.7363763;P2;MEASURED LATENCY;{'P1': 115}
1676838190.8510375;P2;MEASURED LATENCY;{'P4': 230}
1676838191.4899292;P2;MESSAGE ROUTED;[{"Message": "LOOKUP", "Destination": "P4", "Source": "P2", "Path": ["P2"]}]
1676838191.490053;P2;LOOKUP SENT;{"Peer": "P4", "Relay": "P4"}
1676838191.4904912;P2;MESSAGE ROUTED;[{"Message": "LOOKUP", "Destination": "P3", "Source": "P2", "Path": ["P2"]}]
1676838191.490563;P2;LOOKUP SENT;{"Peer": "P3", "Relay": "P4"}
1676838191.4909575;P2;MESSAGE ROUTED;[{"Message": "LOOKUP", "Destination": "P1", "Source": "P2", "Path": ["P2"]}]
1676838191.4910269;P2;LOOKUP SENT;{"Peer": "P1", "Relay": "P1"}
1676838193.0003803;P2;MESSAGE ROUTED;[{"Message": "LOOKUP", "Destination": "P1", "Source": "P4", "Path": ["P4", "P2"]}]
1676838195.7445295;P2;MEASURED LATENCY;{'P1': 120}
1676838195.9104373;P2;MEASURED LATENCY;{'P4': 285}
1676838198.048499;P2;MESSAGE ROUTED;[{"Message": "LOOKUP", "Destination": "P1", "Source": "P4", "Path": ["P4", "P2"]}]
1676838198.4882133;P2;LOOKUP RECEIVED;[{"Message": "LOOKUP", "Destination": "P2", "Source": "P3", "Path": ["P3", "P1", "P2"]}]
1676838200.497998;P2;MESSAGE ROUTED;[{"Message": "LOOKUP", "Destination": "P4", "Source": "P2", "Path": ["P2"]}]
1676838200.4981391;P2;LOOKUP SENT;{"Peer": "P4", "Relay": "P4"}
1676838200.4985726;P2;MESSAGE ROUTED;[{"Message": "LOOKUP", "Destination": "P3", "Source": "P2", "Path": ["P2"]}]
1676838200.498645;P2;LOOKUP SENT;{"Peer": "P3", "Relay": "P4"}
1676838200.499059;P2;MESSAGE ROUTED;[{"Message": "LOOKUP", "Destination": "P1", "Source": "P2", "Path": ["P2"]}]
1676838200.4991226;P2;LOOKUP SENT;{"Peer": "P1", "Relay": "P1"}
1676838200.756588;P2;MEASURED LATENCY;{'P1': 127}
1676838200.7626233;P2;LEAST COST PATH;{"P1": ["P2"], "P2": [], "P3": ["P4", "P1"], "P4": ["P2"]}
1676838200.8613496;P2;MEASURED LATENCY;{'P4': 231}
1676838201.8966393;P2;LEAST COST PATH;{"P1": ["P2"], "P2": [], "P3": ["P4", "P1"], "P4": ["P2"]}
1676838201.922013;P2;TOPOLOGY UPDATE;{"P1": {"P2": 904, "P3": 546}, "P2": {"P4": 249, "P1": 904}, "P3": {"P4": 2524, "P1": 546}, "P4": {"P2": 249, "P3": 2524}}
1676838202.2720807;P2;MESSAGE ROUTED;[{"Message": "LOOKUP", "Destination": "P4", "Source": "P1", "Path": ["P1", "P2"]}]
1676838202.3110878;P2;LOOKUP RECEIVED;[{"Message": "LOOKUP", "Destination": "P2", "Source": "P1", "Path": ["P1", "P2"]}]
1676838204.0127594;P2;MESSAGE ROUTED;[{"Message": "LOOKUP", "Destination": "P1", "Source": "P4", "Path": ["P4", "P2"]}]
1676838204.0129397;P2;LOOKUP RECEIVED;[{"Message": "LOOKUP", "Destination": "P2", "Source": "P4", "Path": ["P4", "P2"]}]
1676838205.7579021;P2;MEASURED LATENCY;{'P1': 115}
1676838206.8283691;P2;MEASURED LATENCY;{'P4': 1185}
1676838210.764305;P2;MEASURED LATENCY;{'P1': 114}
1676838210.875798;P2;MEASURED LATENCY;{'P4': 226}
1676838211.4901886;P2;LOOKUP RECEIVED;[{"Message": "LOOKUP", "Destination": "P2", "Source": "P3", "Path": ["P3", "P1", "P2"]}]
1676838211.7509873;P2;LEAST COST PATH;{"P1": ["P2"], "P2": [], "P3": ["P4", "P1"], "P4": ["P2"]}
1676838213.5983524;P2;MESSAGE ROUTED;[{"Message": "LOOKUP", "Destination": "P4", "Source": "P2", "Path": ["P2"]}]
1676838213.5987184;P2;LOOKUP SENT;{"Peer": "P4", "Relay": "P4"}
1676838213.5989928;P2;MESSAGE ROUTED;[{"Message": "LOOKUP", "Destination": "P3", "Source": "P2", "Path": ["P2"]}]
1676838213.599046;P2;LOOKUP SENT;{"Peer": "P3", "Relay": "P4"}
1676838213.5994585;P2;MESSAGE ROUTED;[{"Message": "LOOKUP", "Destination": "P1", "Source": "P2", "Path": ["P2"]}]
1676838213.5996552;P2;LOOKUP SENT;{"Peer": "P1", "Relay": "P1"}
1676838215.307379;P2;MESSAGE ROUTED;[{"Message": "LOOKUP", "Destination": "P4", "Source": "P1", "Path": ["P1", "P2"]}]
1676838215.3467062;P2;LOOKUP RECEIVED;[{"Message": "LOOKUP", "Destination": "P2", "Source": "P1", "Path": ["P1", "P2"]}]
1676838215.7744992;P2;MEASURED LATENCY;{'P1': 121}
1676838215.7904663;P2;LEAST COST PATH;{"P1": ["P2"], "P2": [], "P3": ["P4", "P1"], "P4": ["P2"]}
1676838215.8197472;P2;TOPOLOGY UPDATE;{"P1": {"P2": 467, "P3": 546}, "P2": {"P4": 367, "P1": 467}, "P3": {"P4": 2524, "P1": 546}, "P4": {"P2": 367, "P3": 2524}}
1676838215.8867896;P2;MEASURED LATENCY;{'P4': 234}
1676838216.9630551;P2;TOPOLOGY UPDATE;{"P1": {"P2": 467, "P3": 546}, "P2": {"P4": 367, "P1": 467}, "P3": {"P4": 2524, "P1": 546}, "P4": {"P2": 367, "P3": 2524}}
1676838218.6439824;P2;LOOKUP RECEIVED;[{"Message": "LOOKUP", "Destination": "P2", "Source": "P3", "Path": ["P3", "P1", "P2"]}]
1676838218.644591;P2;MESSAGE ROUTED;[{"Message": "LOOKUP", "Destination": "P1", "Source": "P4", "Path": ["P4", "P2"]}]
1676838220.7782016;P2;MEASURED LATENCY;{'P1': 121}
1676838220.7783914;P2;APPLIED LATENCY;{"P1": 121}
1676838221.8435984;P2;MEASURED LATENCY;{'P4': 1187}
1676838221.8437304;P2;APPLIED LATENCY;{"P4": 1187}
1676838221.845815;P2;MESSAGE ROUTED;[{"Message": "LOOKUP", "Destination": "P4", "Source": "P1", "Path": ["P1", "P2"]}]
1676838222.1058254;P2;LOOKUP RECEIVED;[{"Message": "LOOKUP", "Destination": "P2", "Source": "P1", "Path": ["P1", "P2"]}]
1676838222.6073966;P2;MESSAGE ROUTED;[{"Message": "LOOKUP", "Destination": "P4", "Source": "P2", "Path": ["P2"]}]
1676838222.6079378;P2;LOOKUP SENT;{"Peer": "P4", "Relay": "P4"}
1676838222.6105084;P2;MESSAGE ROUTED;[{"Message": "LOOKUP", "Destination": "P3", "Source": "P2", "Path": ["P2"]}]
1676838222.6111622;P2;LOOKUP SENT;{"Peer": "P3", "Relay": "P4"}
1676838222.612983;P2;MESSAGE ROUTED;[{"Message": "LOOKUP", "Destination": "P1", "Source": "P2", "Path": ["P2"]}]
1676838222.6131618;P2;LOOKUP SENT;{"Peer": "P1", "Relay": "P1"}
1676838224.491153;P2;LOOKUP RECEIVED;[{"Message": "LOOKUP", "Destination": "P2", "Source": "P3", "Path": ["P3", "P1", "P2"]}]
1676838225.785232;P2;MEASURED LATENCY;{'P1': 124}
1676838225.8983707;P2;MEASURED LATENCY;{'P4': 237}
1676838226.6386824;P2;TOPOLOGY UPDATE;{"P1": {"P2": 467, "P3": 342}, "P2": {"P4": 367, "P1": 467}, "P3": {"P4": 2524, "P1": 342}, "P4": {"P2": 367, "P3": 2524}}
1676838230.7822223;P2;MEASURED LATENCY;{'P1': 117}
1676838230.8420396;P2;TOPOLOGY UPDATE;{"P1": {"P2": 467, "P3": 342}, "P2": {"P4": 367, "P1": 467}, "P3": {"P4": 2524, "P1": 342}, "P4": {"P2": 367, "P3": 2524}}
1676838230.8924122;P2;MEASURED LATENCY;{'P4': 227}
1676838231.3339725;P2;MESSAGE ROUTED;[{"Message": "LOOKUP", "Destination": "P4", "Source": "P1", "Path": ["P1", "P2"]}]
1676838231.3752825;P2;LOOKUP RECEIVED;[{"Message": "LOOKUP", "Destination": "P2", "Source": "P1", "Path": ["P1", "P2"]}]
1676838231.923768;P2;LEAST COST PATH;{"P1": ["P2"], "P2": [], "P3": ["P4", "P1"], "P4": ["P2"]}
1676838232.030299;P2;MESSAGE ROUTED;[{"Message": "LOOKUP", "Destination": "P1", "Source": "P4", "Path": ["P4", "P2"]}]
1676838232.1335237;P2;LOOKUP RECEIVED;[{"Message": "LOOKUP", "Destination": "P2", "Source": "P4", "Path": ["P4", "P2"]}]
1676838232.6219587;P2;MESSAGE ROUTED;[{"Message": "LOOKUP", "Destination": "P4", "Source": "P2", "Path": ["P2"]}]
1676838232.6220539;P2;LOOKUP SENT;{"Peer": "P4", "Relay": "P4"}
1676838232.622784;P2;MESSAGE ROUTED;[{"Message": "LOOKUP", "Destination": "P3", "Source": "P2", "Path": ["P2"]}]
1676838232.6228673;P2;LOOKUP SENT;{"Peer": "P3", "Relay": "P4"}
1676838232.6232793;P2;MESSAGE ROUTED;[{"Message": "LOOKUP", "Destination": "P1", "Source": "P2", "Path": ["P2"]}]
1676838232.623356;P2;LOOKUP SENT;{"Peer": "P1", "Relay": "P1"}
1676838235.5178564;P2;LOOKUP RECEIVED;[{"Message": "LOOKUP", "Destination": "P2", "Source": "P3", "Path": ["P3", "P1", "P2"]}]
1676838235.7810051;P2;MEASURED LATENCY;{'P1': 112}
1676838235.9559262;P2;MEASURED LATENCY;{'P4': 287}
1676838237.9780083;P2;MESSAGE ROUTED;[{"Message": "LOOKUP", "Destination": "P1", "Source": "P4", "Path": ["P4", "P2"]}]
1676838237.9781425;P2;LOOKUP RECEIVED;[{"Message": "LOOKUP", "Destination": "P2", "Source": "P4", "Path": ["P4", "P2"]}]
1676838239.6302884;P2;MESSAGE ROUTED;[{"Message": "LOOKUP", "Destination": "P4", "Source": "P2", "Path": ["P2"]}]
1676838239.6304104;P2;LOOKUP SENT;{"Peer": "P4", "Relay": "P4"}
1676838239.6306806;P2;MESSAGE ROUTED;[{"Message": "LOOKUP", "Destination": "P3", "Source": "P2", "Path": ["P2"]}]
1676838239.6307478;P2;LOOKUP SENT;{"Peer": "P3", "Relay": "P4"}
1676838239.6311288;P2;MESSAGE ROUTED;[{"Message": "LOOKUP", "Destination": "P1", "Source": "P2", "Path": ["P2"]}]
1676838239.631193;P2;LOOKUP SENT;{"Peer": "P1", "Relay": "P1"}
1676838240.7927744;P2;MEASURED LATENCY;{'P1': 120}
1676838240.9475827;P2;MEASURED LATENCY;{'P4': 275}
1676838241.366338;P2;MESSAGE ROUTED;[{"Message": "LOOKUP", "Destination": "P4", "Source": "P1", "Path": ["P1", "P2"]}]
1676838242.1355681;P2;LOOKUP RECEIVED;[{"Message": "LOOKUP", "Destination": "P2", "Source": "P1", "Path": ["P1", "P2"]}]
1676838245.804178;P2;MEASURED LATENCY;{'P1': 121}
1676838245.9191678;P2;MEASURED LATENCY;{'P4': 236}
1676838245.8995295;P2;LEAST COST PATH;{"P1": ["P2"], "P2": [], "P3": ["P4", "P1"], "P4": ["P2"]}
1676838246.9646177;P2;LEAST COST PATH;{"P1": ["P2"], "P2": [], "P3": ["P4", "P1"], "P4": ["P2"]}
1676838246.9761941;P2;TOPOLOGY UPDATE;{"P1": {"P2": 467, "P3": 342}, "P2": {"P4": 367, "P1": 467}, "P3": {"P4": 1855, "P1": 342}, "P4": {"P2": 367, "P3": 1855}}
1676838248.6751506;P2;LOOKUP RECEIVED;[{"Message": "LOOKUP", "Destination": "P2", "Source": "P3", "Path": ["P3", "P1", "P2"]}]
1676838250.0533864;P2;MESSAGE ROUTED;[{"Message": "LOOKUP", "Destination": "P1", "Source": "P4", "Path": ["P4", "P2"]}]
1676838250.8019183;P2;MEASURED LATENCY;{'P1': 113}
1676838250.9329953;P2;MEASURED LATENCY;{'P4': 244}
1676838251.3630474;P2;MESSAGE ROUTED;[{"Message": "LOOKUP", "Destination": "P4", "Source": "P1", "Path": ["P1", "P2"]}]
1676838253.007291;P2;LOOKUP RECEIVED;[{"Message": "LOOKUP", "Destination": "P2", "Source": "P1", "Path": ["P1", "P2"]}]
1676838254.645919;P2;MESSAGE ROUTED;[{"Message": "LOOKUP", "Destination": "P4", "Source": "P2", "Path": ["P2"]}]
1676838254.6460557;P2;LOOKUP SENT;{"Peer": "P4", "Relay": "P4"}
1676838254.6463249;P2;MESSAGE ROUTED;[{"Message": "LOOKUP", "Destination": "P3", "Source": "P2", "Path": ["P2"]}]
1676838254.6463935;P2;LOOKUP SENT;{"Peer": "P3", "Relay": "P4"}
1676838254.647005;P2;MESSAGE ROUTED;[{"Message": "LOOKUP", "Destination": "P1", "Source": "P2", "Path": ["P2"]}]
1676838254.6470802;P2;LOOKUP SENT;{"Peer": "P1", "Relay": "P1"}
1676838255.8137846;P2;MEASURED LATENCY;{'P1': 121}
1676838255.9311512;P2;MEASURED LATENCY;{'P4': 238}
1676838256.640329;P2;LEAST COST PATH;{"P1": ["P2"], "P2": [], "P3": ["P4", "P1"], "P4": ["P2"]}
1676838256.6707695;P2;TOPOLOGY UPDATE;{"P1": {"P2": 467, "P3": 342}, "P2": {"P4": 326, "P1": 467}, "P3": {"P4": 1855, "P1": 342}, "P4": {"P2": 326, "P3": 1855}}
1676838257.1073265;P2;MESSAGE ROUTED;[{"Message": "LOOKUP", "Destination": "P1", "Source": "P4", "Path": ["P4", "P2"]}]
1676838258.3752084;P2;MESSAGE ROUTED;[{"Message": "LOOKUP", "Destination": "P4", "Source": "P1", "Path": ["P1", "P2"]}]
1676838258.5387564;P2;LOOKUP RECEIVED;[{"Message": "LOOKUP", "Destination": "P2", "Source": "P1", "Path": ["P1", "P2"]}]
1676838258.5396647;P2;LOOKUP RECEIVED;[{"Message": "LOOKUP", "Destination": "P2", "Source": "P3", "Path": ["P3", "P1", "P2"]}]
1676838260.834983;P2;MEASURED LATENCY;{'P1': 138}
1676838260.8543649;P2;LEAST COST PATH;{"P1": ["P2"], "P2": [], "P3": ["P4", "P1"], "P4": ["P2"]}
1676838260.9358006;P2;MEASURED LATENCY;{'P4': 239}
1676838261.9926853;P2;TOPOLOGY UPDATE;{"P1": {"P2": 467, "P3": 342}, "P2": {"P4": 326, "P1": 467}, "P3": {"P4": 1855, "P1": 342}, "P4": {"P2": 326, "P3": 1855}}
1676838264.404392;P2;MESSAGE ROUTED;[{"Message": "LOOKUP", "Destination": "P4", "Source": "P1", "Path": ["P1", "P2"]}]
1676838265.0753717;P2;MESSAGE ROUTED;[{"Message": "LOOKUP", "Destination": "P1", "Source": "P4", "Path": ["P4", "P2"]}]
1676838265.8082316;P2;LOOKUP RECEIVED;[{"Message": "LOOKUP", "Destination": "P2", "Source": "P1", "Path": ["P1", "P2"]}]
1676838265.808648;P2;MEASURED LATENCY;{'P1': 108}
1676838266.913741;P2;MEASURED LATENCY;{'P4': 1213}
1676838267.661499;P2;MESSAGE ROUTED;[{"Message": "LOOKUP", "Destination": "P4", "Source": "P2", "Path": ["P2"]}]
1676838267.6620545;P2;LOOKUP SENT;{"Peer": "P4", "Relay": "P4"}
1676838267.6630504;P2;MESSAGE ROUTED;[{"Message": "LOOKUP", "Destination": "P3", "Source": "P2", "Path": ["P2"]}]
1676838267.6634068;P2;LOOKUP SENT;{"Peer": "P3", "Relay": "P4"}
1676838267.663884;P2;MESSAGE ROUTED;[{"Message": "LOOKUP", "Destination": "P1", "Source": "P2", "Path": ["P2"]}]
1676838267.663979;P2;LOOKUP SENT;{"Peer": "P1", "Relay": "P1"}
1676838268.5528312;P2;LOOKUP RECEIVED;[{"Message": "LOOKUP", "Destination": "P2", "Source": "P3", "Path": ["P3", "P1", "P2"]}]
1676838270.8337634;P2;MEASURED LATENCY;{'P1': 128}
1676838270.8339603;P2;APPLIED LATENCY;{"P1": 128}
1676838271.113858;P2;MEASURED LATENCY;{'P4': 408}
1676838271.1139927;P2;APPLIED LATENCY;{"P4": 408}
1676838273.1986134;P2;MESSAGE ROUTED;[{"Message": "LOOKUP", "Destination": "P1", "Source": "P4", "Path": ["P4", "P2"]}]
1676838273.6607907;P2;LOOKUP RECEIVED;[{"Message": "LOOKUP", "Destination": "P2", "Source": "P3", "Path": ["P3", "P1", "P2"]}]
1676838275.3940556;P2;MESSAGE ROUTED;[{"Message": "LOOKUP", "Destination": "P4", "Source": "P1", "Path": ["P1", "P2"]}]
1676838275.8228796;P2;LOOKUP RECEIVED;[{"Message": "LOOKUP", "Destination": "P2", "Source": "P1", "Path": ["P1", "P2"]}]
1676838275.8237543;P2;MEASURED LATENCY;{'P1': 115}
1676838275.911996;P2;TOPOLOGY UPDATE;{"P1": {"P2": 1004, "P3": 550}, "P2": {"P4": 326, "P1": 1004}, "P3": {"P4": 1855, "P1": 550}, "P4": {"P2": 326, "P3": 1855}}
1676838275.9519722;P2;MEASURED LATENCY;{'P4': 243}
1676838276.6745641;P2;MESSAGE ROUTED;[{"Message": "LOOKUP", "Destination": "P4", "Source": "P2", "Path": ["P2"]}]
1676838276.6750405;P2;LOOKUP SENT;{"Peer": "P4", "Relay": "P4"}
1676838276.6762607;P2;MESSAGE ROUTED;[{"Message": "LOOKUP", "Destination": "P3", "Source": "P2", "Path": ["P2"]}]
1676838276.676629;P2;LOOKUP SENT;{"Peer": "P3", "Relay": "P4"}
1676838276.6771379;P2;MESSAGE ROUTED;[{"Message": "LOOKUP", "Destination": "P1", "Source": "P2", "Path": ["P2"]}]
1676838276.6772761;P2;LOOKUP SENT;{"Peer": "P1", "Relay": "P1"}
1676838276.990084;P2;LEAST COST PATH;{"P1": ["P2"], "P2": [], "P3": ["P4", "P1"], "P4": ["P2"]}
1676838280.4024282;P2;MESSAGE ROUTED;[{"Message": "LOOKUP", "Destination": "P4", "Source": "P1", "Path": ["P1", "P2"]}]
1676838280.830614;P2;LOOKUP RECEIVED;[{"Message": "LOOKUP", "Destination": "P2", "Source": "P1", "Path": ["P1", "P2"]}]
1676838280.8307753;P2;MEASURED LATENCY;{'P1': 118}
1676838280.9364388;P2;MEASURED LATENCY;{'P4': 223}
1676838281.2023067;P2;MESSAGE ROUTED;[{"Message": "LOOKUP", "Destination": "P1", "Source": "P4", "Path": ["P4", "P2"]}]
1676838281.3055491;P2;LOOKUP RECEIVED;[{"Message": "LOOKUP", "Destination": "P2", "Source": "P4", "Path": ["P4", "P2"]}]
1676838282.6777544;P2;LOOKUP RECEIVED;[{"Message": "LOOKUP", "Destination": "P2", "Source": "P3", "Path": ["P3", "P1", "P2"]}]
1676838284.6858122;P2;MESSAGE ROUTED;[{"Message": "LOOKUP", "Destination": "P4", "Source": "P2", "Path": ["P2"]}]
1676838284.6859627;P2;LOOKUP SENT;{"Peer": "P4", "Relay": "P4"}
1676838284.686221;P2;MESSAGE ROUTED;[{"Message": "LOOKUP", "Destination": "P3", "Source": "P2", "Path": ["P2"]}]
1676838284.6862833;P2;LOOKUP SENT;{"Peer": "P3", "Relay": "P4"}
1676838284.6866024;P2;MESSAGE ROUTED;[{"Message": "LOOKUP", "Destination": "P1", "Source": "P2", "Path": ["P2"]}]
1676838284.6866858;P2;LOOKUP SENT;{"Peer": "P1", "Relay": "P1"}
1676838285.9441466;P2;MEASURED LATENCY;{'P4': 227}
1676838286.6779773;P2;LEAST COST PATH;{"P1": ["P2"], "P2": [], "P3": ["P4", "P1"], "P4": ["P2"]}
1676838286.7138631;P2;TOPOLOGY UPDATE;{"P1": {"P2": 1004, "P3": 550}, "P2": {"P4": 326, "P1": 1004}, "P3": {"P4": 1855, "P1": 550}, "P4": {"P2": 326, "P3": 1855}}
1676838287.1966887;P2;MEASURED LATENCY;{'P1': 1480}
1676838288.6790245;P2;LOOKUP RECEIVED;[{"Message": "LOOKUP", "Destination": "P2", "Source": "P3", "Path": ["P3", "P1", "P2"]}]
1676838291.0697174;P2;MEASURED LATENCY;{'P1': 116}
1676838291.1807556;P2;MEASURED LATENCY;{'P4': 227}
1676838291.9935331;P2;LEAST COST PATH;{"P1": ["P2"], "P2": [], "P3": ["P4", "P1"], "P4": ["P2"]}
1676838292.2559888;P2;MESSAGE ROUTED;[{"Message": "LOOKUP", "Destination": "P1", "Source": "P4", "Path": ["P4", "P2"]}]
1676838293.4126546;P2;MESSAGE ROUTED;[{"Message": "LOOKUP", "Destination": "P4", "Source": "P1", "Path": ["P1", "P2"]}]
1676838293.464555;P2;LOOKUP RECEIVED;[{"Message": "LOOKUP", "Destination": "P2", "Source": "P1", "Path": ["P1", "P2"]}]
1676838295.705493;P2;MESSAGE ROUTED;[{"Message": "LOOKUP", "Destination": "P4", "Source": "P2", "Path": ["P2"]}]
1676838295.7057147;P2;LOOKUP SENT;{"Peer": "P4", "Relay": "P4"}
1676838295.7071621;P2;MESSAGE ROUTED;[{"Message": "LOOKUP", "Destination": "P3", "Source": "P2", "Path": ["P2"]}]
1676838295.7072742;P2;LOOKUP SENT;{"Peer": "P3", "Relay": "P4"}
1676838295.709067;P2;MESSAGE ROUTED;[{"Message": "LOOKUP", "Destination": "P1", "Source": "P2", "Path": ["P2"]}]
1676838295.7092683;P2;LOOKUP SENT;{"Peer": "P1", "Relay": "P1"}
1676838296.1345398;P2;MEASURED LATENCY;{'P1': 112}
1676838296.282175;P2;MEASURED LATENCY;{'P4': 259}
1676838299.2823462;P2;LOOKUP RECEIVED;[{"Message": "LOOKUP", "Destination": "P2", "Source": "P3", "Path": ["P3", "P1", "P2"]}]
1676838299.4312687;P2;MESSAGE ROUTED;[{"Message": "LOOKUP", "Destination": "P4", "Source": "P1", "Path": ["P1", "P2"]}]
1676838299.47052;P2;LOOKUP RECEIVED;[{"Message": "LOOKUP", "Destination": "P2", "Source": "P1", "Path": ["P1", "P2"]}]
1676838300.7138457;P2;MESSAGE ROUTED;[{"Message": "LOOKUP", "Destination": "P4", "Source": "P2", "Path": ["P2"]}]
1676838300.7149804;P2;LOOKUP SENT;{"Peer": "P4", "Relay": "P4"}
1676838300.7160873;P2;MESSAGE ROUTED;[{"Message": "LOOKUP", "Destination": "P3", "Source": "P2", "Path": ["P2"]}]
1676838300.7163906;P2;LOOKUP SENT;{"Peer": "P3", "Relay": "P4"}
1676838300.717665;P2;MESSAGE ROUTED;[{"Message": "LOOKUP", "Destination": "P1", "Source": "P2", "Path": ["P2"]}]
1676838300.7177835;P2;LOOKUP SENT;{"Peer": "P1", "Relay": "P1"}
1676838301.1867962;P2;MEASURED LATENCY;{'P1': 116}
1676838301.3291059;P2;MEASURED LATENCY;{'P4': 258}
1676838304.443707;P2;MESSAGE ROUTED;[{"Message": "LOOKUP", "Destination": "P4", "Source": "P1", "Path": ["P1", "P2"]}]
1676838304.5482605;P2;LOOKUP RECEIVED;[{"Message": "LOOKUP", "Destination": "P2", "Source": "P1", "Path": ["P1", "P2"]}]
1676838304.5991747;P2;PEER EXITED;
