1676223129.7300792;P1;PEER ENTERED;
1676223147.267251;P1;TOPOLOGY UPDATE;{"P1": {"P2": 100, "P3": 100, "P4": 100, "P5": 100}, "P2": {"P1": 100}, "P3": {"P1": 100}, "P4": {"P1": 100}, "P5": {"P1": 100}}
1676223150.2762225;P1;TOPOLOGY UPDATE;{"P1": {"P2": 100, "P3": 100, "P4": 100, "P5": 100}, "P2": {"P1": 100}, "P3": {"P1": 100}, "P4": {"P1": 100}, "P5": {"P1": 100}}
1676223155.1680448;P1;TOPOLOGY UPDATE;{"P1": {"P2": 100, "P3": 100, "P4": 100, "P5": 100}, "P2": {"P1": 100}, "P3": {"P1": 100}, "P4": {"P1": 100}, "P5": {"P1": 100}}
1676223177.2679212;P1;LEAST COST PATH;{"P1": [], "P2": ["P1"], "P3": ["P1"], "P4": ["P1"], "P5": ["P1"]}
1676223180.2780328;P1;LEAST COST PATH;{"P1": [], "P2": ["P1"], "P3": ["P1"], "P4": ["P1"], "P5": ["P1"]}
1676223182.2181568;P1;TOPOLOGY UPDATE;{"P1": {"P2": 100, "P3": 100, "P4": 100, "P5": 100}, "P2": {"P1": 100}, "P3": {"P1": 100}, "P4": {"P1": 100}, "P5": {"P1": 100}}
1676223185.170188;P1;LEAST COST PATH;{"P1": [], "P2": ["P1"], "P3": ["P1"], "P4": ["P1"], "P5": ["P1"]}
1676223202.3072596;P1;NODE FAILURE;set()
1676223202.307668;P1;TOPOLOGY UPDATE;{"P1": {"P2": 819, "P3": 100, "P5": 1310, "P4": 639}, "P2": {"P1": 819}, "P3": {"P1": 100}, "P4": {"P1": 639}, "P5": {"P1": 1310}}
1676223207.2228057;P1;NODE FAILURE;set()
1676223207.2232084;P1;TOPOLOGY UPDATE;{"P1": {"P2": 819, "P3": 100, "P5": 1310, "P4": 639}, "P2": {"P1": 819}, "P3": {"P1": 100}, "P4": {"P1": 639}, "P5": {"P1": 1310}}
1676223210.2348983;P1;NODE FAILURE;set()
1676223210.2352502;P1;TOPOLOGY UPDATE;{"P1": {"P2": 819, "P3": 204, "P5": 1310, "P4": 639}, "P2": {"P1": 819}, "P3": {"P1": 204}, "P4": {"P1": 639}, "P5": {"P1": 1310}}
1676223212.2191625;P1;LEAST COST PATH;{"P1": [], "P2": ["P1"], "P3": ["P1"], "P4": ["P1"], "P5": ["P1"]}
1676223219.716407;P1;NODE FAILURE;set()
1676223219.7173247;P1;TOPOLOGY UPDATE;{"P1": {"P2": 819, "P3": 204, "P5": 1310, "P4": 639}, "P2": {"P1": 819}, "P3": {"P1": 204}, "P4": {"P1": 639}, "P5": {"P1": 1310}}
1676223232.3094563;P1;LEAST COST PATH;{"P1": [], "P2": ["P1"], "P3": ["P1"], "P4": ["P1"], "P5": ["P1"]}
1676223237.2265697;P1;LEAST COST PATH;{"P1": [], "P2": ["P1"], "P3": ["P1"], "P4": ["P1"], "P5": ["P1"]}
1676223240.2368155;P1;LEAST COST PATH;{"P1": [], "P2": ["P1"], "P3": ["P1"], "P4": ["P1"], "P5": ["P1"]}
1676223247.352304;P1;NODE FAILURE;set()
1676223247.352583;P1;TOPOLOGY UPDATE;{"P1": {"P2": 753, "P3": 204, "P5": 1635, "P4": 639}, "P2": {"P1": 753}, "P3": {"P1": 204}, "P4": {"P1": 639}, "P5": {"P1": 1635}}
1676223249.719553;P1;LEAST COST PATH;{"P1": [], "P2": ["P1"], "P3": ["P1"], "P4": ["P1"], "P5": ["P1"]}
1676223255.3133328;P1;NODE FAILURE;set()
1676223255.3135996;P1;TOPOLOGY UPDATE;{"P1": {"P2": 753, "P3": 204, "P5": 1635, "P4": 639}, "P2": {"P1": 753}, "P3": {"P1": 204}, "P4": {"P1": 639}, "P5": {"P1": 1635}}
1676223267.2840343;P1;NODE FAILURE;set()
1676223267.2844393;P1;TOPOLOGY UPDATE;{"P1": {"P2": 753, "P3": 204, "P5": 1635, "P4": 922}, "P2": {"P1": 753}, "P3": {"P1": 204}, "P4": {"P1": 922}, "P5": {"P1": 1635}}
1676223277.354701;P1;LEAST COST PATH;{"P1": [], "P2": ["P1"], "P3": ["P1"], "P4": ["P1"], "P5": ["P1"]}
1676223279.8443167;P1;NODE FAILURE;set()
1676223279.8446612;P1;TOPOLOGY UPDATE;{"P1": {"P2": 753, "P3": 239, "P5": 1635, "P4": 922}, "P2": {"P1": 753}, "P3": {"P1": 239}, "P4": {"P1": 922}, "P5": {"P1": 1635}}
1676223285.3153956;P1;LEAST COST PATH;{"P1": [], "P2": ["P1"], "P3": ["P1"], "P4": ["P1"], "P5": ["P1"]}
1676223297.2858574;P1;LEAST COST PATH;{"P1": [], "P2": ["P1"], "P3": ["P1"], "P4": ["P1"], "P5": ["P1"]}
1676223307.4180706;P1;NODE FAILURE;set()
1676223307.4184563;P1;TOPOLOGY UPDATE;{"P1": {"P2": 764, "P3": 239, "P5": 1274, "P4": 909}, "P2": {"P1": 764}, "P3": {"P1": 239}, "P4": {"P1": 909}, "P5": {"P1": 1274}}
1676223309.8466644;P1;LEAST COST PATH;{"P1": [], "P2": ["P1"], "P3": ["P1"], "P4": ["P1"], "P5": ["P1"]}
1676223312.3347309;P1;NODE FAILURE;set()
1676223312.3350043;P1;TOPOLOGY UPDATE;{"P1": {"P2": 764, "P3": 239, "P5": 1274, "P4": 909}, "P2": {"P1": 764}, "P3": {"P1": 239}, "P4": {"P1": 909}, "P5": {"P1": 1274}}
1676223315.3578415;P1;NODE FAILURE;set()
1676223315.3583531;P1;TOPOLOGY UPDATE;{"P1": {"P2": 764, "P3": 239, "P5": 1274, "P4": 909}, "P2": {"P1": 764}, "P3": {"P1": 239}, "P4": {"P1": 909}, "P5": {"P1": 1274}}
1676223337.4208143;P1;LEAST COST PATH;{"P1": [], "P2": ["P1"], "P3": ["P1"], "P4": ["P1"], "P5": ["P1"]}
1676223342.3360772;P1;LEAST COST PATH;{"P1": [], "P2": ["P1"], "P3": ["P1"], "P4": ["P1"], "P5": ["P1"]}
1676223345.360104;P1;LEAST COST PATH;{"P1": [], "P2": ["P1"], "P3": ["P1"], "P4": ["P1"], "P5": ["P1"]}
1676223352.4585366;P1;NODE FAILURE;set()
1676223352.4595747;P1;TOPOLOGY UPDATE;{"P1": {"P2": 955, "P3": 239, "P5": 1017, "P4": 926}, "P2": {"P1": 955}, "P3": {"P1": 239}, "P4": {"P1": 926}, "P5": {"P1": 1017}}
1676223357.374049;P1;NODE FAILURE;set()
1676223357.3744493;P1;TOPOLOGY UPDATE;{"P1": {"P2": 955, "P3": 239, "P5": 1017, "P4": 926}, "P2": {"P1": 955}, "P3": {"P1": 239}, "P4": {"P1": 926}, "P5": {"P1": 1017}}
1676223360.3883855;P1;NODE FAILURE;set()
1676223360.3889744;P1;TOPOLOGY UPDATE;{"P1": {"P2": 955, "P3": 239, "P5": 1017, "P4": 926}, "P2": {"P1": 955}, "P3": {"P1": 239}, "P4": {"P1": 926}, "P5": {"P1": 1017}}
1676223382.461572;P1;LEAST COST PATH;{"P1": [], "P2": ["P1"], "P3": ["P1"], "P4": ["P1"], "P5": ["P1"]}
1676223387.376178;P1;LEAST COST PATH;{"P1": [], "P2": ["P1"], "P3": ["P1"], "P4": ["P1"], "P5": ["P1"]}
1676223390.3895817;P1;LEAST COST PATH;{"P1": [], "P2": ["P1"], "P3": ["P1"], "P4": ["P1"], "P5": ["P1"]}
1676223397.5042686;P1;NODE FAILURE;set()
1676223397.5044832;P1;TOPOLOGY UPDATE;{"P1": {"P2": 1116, "P3": 239, "P5": 1017, "P4": 926}, "P2": {"P1": 1116}, "P3": {"P1": 239}, "P4": {"P1": 926}, "P5": {"P1": 1017}}
1676223414.9230907;P1;NODE FAILURE;set()
1676223414.9235818;P1;TOPOLOGY UPDATE;{"P1": {"P2": 1116, "P3": 843, "P5": 1004, "P4": 867}, "P2": {"P1": 1116}, "P3": {"P1": 843}, "P4": {"P1": 867}, "P5": {"P1": 1004}}
1676223417.9536853;P1;NODE FAILURE;set()
1676223417.95457;P1;TOPOLOGY UPDATE;{"P1": {"P2": 1116, "P3": 843, "P5": 1004, "P4": 867}, "P2": {"P1": 1116}, "P3": {"P1": 843}, "P4": {"P1": 867}, "P5": {"P1": 1004}}
1676223420.980104;P1;NODE FAILURE;set()
1676223420.9817789;P1;TOPOLOGY UPDATE;{"P1": {"P2": 1116, "P3": 843, "P5": 1004, "P4": 867}, "P2": {"P1": 1116}, "P3": {"P1": 843}, "P4": {"P1": 867}, "P5": {"P1": 1004}}
1676223427.5055935;P1;LEAST COST PATH;{"P1": [], "P2": ["P1"], "P3": ["P1"], "P4": ["P1"], "P5": ["P1"]}
1676223444.9253743;P1;LEAST COST PATH;{"P1": [], "P2": ["P1"], "P3": ["P1"], "P4": ["P1"], "P5": ["P1"]}
1676223447.9565296;P1;LEAST COST PATH;{"P1": [], "P2": ["P1"], "P3": ["P1"], "P4": ["P1"], "P5": ["P1"]}
1676223450.9857574;P1;LEAST COST PATH;{"P1": [], "P2": ["P1"], "P3": ["P1"], "P4": ["P1"], "P5": ["P1"]}
1676223457.567955;P1;NODE FAILURE;set()
1676223457.5705209;P1;TOPOLOGY UPDATE;{"P1": {"P2": 1188, "P3": 843, "P5": 1004, "P4": 867}, "P2": {"P1": 1188}, "P3": {"P1": 843}, "P4": {"P1": 867}, "P5": {"P1": 1004}}
1676223475.0403998;P1;NODE FAILURE;set()
1676223475.0409365;P1;TOPOLOGY UPDATE;{"P1": {"P2": 1188, "P3": 621, "P5": 1292, "P4": 1242}, "P2": {"P1": 1188}, "P3": {"P1": 621}, "P4": {"P1": 1242}, "P5": {"P1": 1292}}
1676223478.0710218;P1;NODE FAILURE;set()
1676223478.071666;P1;TOPOLOGY UPDATE;{"P1": {"P2": 1188, "P3": 621, "P5": 1292, "P4": 1242}, "P2": {"P1": 1188}, "P3": {"P1": 621}, "P4": {"P1": 1242}, "P5": {"P1": 1292}}
1676223481.1127422;P1;NODE FAILURE;set()
1676223481.1157217;P1;TOPOLOGY UPDATE;{"P1": {"P2": 1188, "P3": 621, "P5": 1292, "P4": 1242}, "P2": {"P1": 1188}, "P3": {"P1": 621}, "P4": {"P1": 1242}, "P5": {"P1": 1292}}
1676223487.5744042;P1;LEAST COST PATH;{"P1": [], "P2": ["P1"], "P3": ["P1"], "P4": ["P1"], "P5": ["P1"]}
1676223502.6124446;P1;NODE FAILURE;set()
1676223502.617172;P1;TOPOLOGY UPDATE;{"P1": {"P2": 828, "P3": 621, "P5": 1292, "P4": 1242}, "P2": {"P1": 828}, "P3": {"P1": 621}, "P4": {"P1": 1242}, "P5": {"P1": 1292}}
1676223505.0494592;P1;LEAST COST PATH;{"P1": [], "P2": ["P1"], "P3": ["P1"], "P4": ["P1"], "P5": ["P1"]}
1676223508.0735247;P1;LEAST COST PATH;{"P1": [], "P2": ["P1"], "P3": ["P1"], "P4": ["P1"], "P5": ["P1"]}
1676223511.1285172;P1;LEAST COST PATH;{"P1": [], "P2": ["P1"], "P3": ["P1"], "P4": ["P1"], "P5": ["P1"]}
1676223520.006914;P1;NODE FAILURE;set()
1676223520.0103908;P1;TOPOLOGY UPDATE;{"P1": {"P2": 828, "P3": 578, "P5": 1364, "P4": 985}, "P2": {"P1": 828}, "P3": {"P1": 578}, "P4": {"P1": 985}, "P5": {"P1": 1364}}
1676223523.0657644;P1;NODE FAILURE;set()
1676223523.0676527;P1;TOPOLOGY UPDATE;{"P1": {"P2": 828, "P3": 578, "P5": 1364, "P4": 985}, "P2": {"P1": 828}, "P3": {"P1": 578}, "P4": {"P1": 985}, "P5": {"P1": 1364}}
1676223526.100978;P1;NODE FAILURE;set()
1676223526.1027849;P1;TOPOLOGY UPDATE;{"P1": {"P2": 828, "P3": 578, "P5": 1364, "P4": 985}, "P2": {"P1": 828}, "P3": {"P1": 578}, "P4": {"P1": 985}, "P5": {"P1": 1364}}
1676223532.6229796;P1;LEAST COST PATH;{"P1": [], "P2": ["P1"], "P3": ["P1"], "P4": ["P1"], "P5": ["P1"]}
1676223550.0262744;P1;LEAST COST PATH;{"P1": [], "P2": ["P1"], "P3": ["P1"], "P4": ["P1"], "P5": ["P1"]}
1676223553.0806034;P1;LEAST COST PATH;{"P1": [], "P2": ["P1"], "P3": ["P1"], "P4": ["P1"], "P5": ["P1"]}
1676223556.1093268;P1;LEAST COST PATH;{"P1": [], "P2": ["P1"], "P3": ["P1"], "P4": ["P1"], "P5": ["P1"]}
1676223562.6587043;P1;NODE FAILURE;set()
1676223562.661952;P1;TOPOLOGY UPDATE;{"P1": {"P2": 816, "P3": 578, "P5": 1361, "P4": 985}, "P2": {"P1": 816}, "P3": {"P1": 578}, "P4": {"P1": 985}, "P5": {"P1": 1361}}
1676223570.5484567;P1;NODE FAILURE;set()
1676223570.551637;P1;TOPOLOGY UPDATE;{"P1": {"P2": 816, "P3": 590, "P5": 1361, "P4": 985}, "P2": {"P1": 816}, "P3": {"P1": 590}, "P4": {"P1": 985}, "P5": {"P1": 1361}}
1676223580.1965702;P1;NODE FAILURE;set()
1676223580.200969;P1;TOPOLOGY UPDATE;{"P1": {"P2": 816, "P3": 590, "P5": 1361, "P4": 993}, "P2": {"P1": 816}, "P3": {"P1": 590}, "P4": {"P1": 993}, "P5": {"P1": 1361}}
1676223583.25915;P1;NODE FAILURE;set()
1676223583.2603393;P1;TOPOLOGY UPDATE;{"P1": {"P2": 816, "P3": 590, "P5": 1361, "P4": 993}, "P2": {"P1": 816}, "P3": {"P1": 590}, "P4": {"P1": 993}, "P5": {"P1": 1361}}
1676223592.6681232;P1;LEAST COST PATH;{"P1": [], "P2": ["P1"], "P3": ["P1"], "P4": ["P1"], "P5": ["P1"]}
1676223600.5572243;P1;LEAST COST PATH;{"P1": [], "P2": ["P1"], "P3": ["P1"], "P4": ["P1"], "P5": ["P1"]}
1676223607.704594;P1;NODE FAILURE;set()
1676223607.7057326;P1;TOPOLOGY UPDATE;{"P1": {"P2": 767, "P3": 590, "P5": 1361, "P4": 993}, "P2": {"P1": 767}, "P3": {"P1": 590}, "P4": {"P1": 993}, "P5": {"P1": 1361}}
1676223610.2058198;P1;LEAST COST PATH;{"P1": [], "P2": ["P1"], "P3": ["P1"], "P4": ["P1"], "P5": ["P1"]}
1676223613.2622228;P1;LEAST COST PATH;{"P1": [], "P2": ["P1"], "P3": ["P1"], "P4": ["P1"], "P5": ["P1"]}
1676223627.6189284;P1;NODE FAILURE;set()
1676223627.6223893;P1;TOPOLOGY UPDATE;{"P1": {"P2": 767, "P3": 590, "P5": 1362, "P4": 926}, "P2": {"P1": 767}, "P3": {"P1": 590}, "P4": {"P1": 926}, "P5": {"P1": 1362}}
1676223630.6612275;P1;NODE FAILURE;set()
1676223630.6640916;P1;TOPOLOGY UPDATE;{"P1": {"P2": 767, "P3": 588, "P5": 1362, "P4": 926}, "P2": {"P1": 767}, "P3": {"P1": 588}, "P4": {"P1": 926}, "P5": {"P1": 1362}}
1676223637.7084796;P1;LEAST COST PATH;{"P1": [], "P2": ["P1"], "P3": ["P1"], "P4": ["P1"], "P5": ["P1"]}
1676223640.0991662;P1;NODE FAILURE;set()
1676223640.1015954;P1;TOPOLOGY UPDATE;{"P1": {"P2": 767, "P3": 588, "P5": 1362, "P4": 926}, "P2": {"P1": 767}, "P3": {"P1": 588}, "P4": {"P1": 926}, "P5": {"P1": 1362}}
1676223652.7488604;P1;NODE FAILURE;set()
1676223652.755275;P1;TOPOLOGY UPDATE;{"P1": {"P2": 747, "P3": 588, "P5": 1362, "P4": 926}, "P2": {"P1": 747}, "P3": {"P1": 588}, "P4": {"P1": 926}, "P5": {"P1": 1362}}
1676223657.6292324;P1;LEAST COST PATH;{"P1": [], "P2": ["P1"], "P3": ["P1"], "P4": ["P1"], "P5": ["P1"]}
1676223660.675164;P1;LEAST COST PATH;{"P1": [], "P2": ["P1"], "P3": ["P1"], "P4": ["P1"], "P5": ["P1"]}
1676223670.1415732;P1;LEAST COST PATH;{"P1": [], "P2": ["P1"], "P3": ["P1"], "P4": ["P1"], "P5": ["P1"]}
1676223672.6546679;P1;NODE FAILURE;set()
1676223672.6631649;P1;TOPOLOGY UPDATE;{"P1": {"P2": 747, "P3": 588, "P5": 1251, "P4": 894}, "P2": {"P1": 747}, "P3": {"P1": 588}, "P4": {"P1": 894}, "P5": {"P1": 1251}}
1676223675.6869693;P1;NODE FAILURE;set()
1676223675.690756;P1;TOPOLOGY UPDATE;{"P1": {"P2": 747, "P3": 496, "P5": 1251, "P4": 894}, "P2": {"P1": 747}, "P3": {"P1": 496}, "P4": {"P1": 894}, "P5": {"P1": 1251}}
1676223682.7609205;P1;LEAST COST PATH;{"P1": [], "P2": ["P1"], "P3": ["P1"], "P4": ["P1"], "P5": ["P1"]}
1676223685.1319788;P1;NODE FAILURE;set()
1676223685.1359968;P1;TOPOLOGY UPDATE;{"P1": {"P2": 747, "P3": 496, "P5": 1251, "P4": 894}, "P2": {"P1": 747}, "P3": {"P1": 496}, "P4": {"P1": 894}, "P5": {"P1": 1251}}
1676223702.667362;P1;LEAST COST PATH;{"P1": [], "P2": ["P1"], "P3": ["P1"], "P4": ["P1"], "P5": ["P1"]}
1676223705.6921866;P1;LEAST COST PATH;{"P1": [], "P2": ["P1"], "P3": ["P1"], "P4": ["P1"], "P5": ["P1"]}
1676223712.799782;P1;NODE FAILURE;set()
1676223712.8132691;P1;TOPOLOGY UPDATE;{"P1": {"P2": 738, "P3": 496, "P5": 1246, "P4": 894}, "P2": {"P1": 738}, "P3": {"P1": 496}, "P4": {"P1": 894}, "P5": {"P1": 1246}}
1676223715.1401138;P1;LEAST COST PATH;{"P1": [], "P2": ["P1"], "P3": ["P1"], "P4": ["P1"], "P5": ["P1"]}
1676223720.6816711;P1;NODE FAILURE;set()
1676223720.6829624;P1;TOPOLOGY UPDATE;{"P1": {"P2": 738, "P3": 496, "P5": 1246, "P4": 894}, "P2": {"P1": 738}, "P3": {"P1": 496}, "P4": {"P1": 894}, "P5": {"P1": 1246}}
1676223732.7090254;P1;NODE FAILURE;set()
1676223732.7154133;P1;TOPOLOGY UPDATE;{"P1": {"P2": 738, "P3": 496, "P5": 1246, "P4": 903}, "P2": {"P1": 738}, "P3": {"P1": 496}, "P4": {"P1": 903}, "P5": {"P1": 1246}}
1676223742.8161163;P1;LEAST COST PATH;{"P1": [], "P2": ["P1"], "P3": ["P1"], "P4": ["P1"], "P5": ["P1"]}
1676223745.3231082;P1;NODE FAILURE;set()
1676223745.3253336;P1;TOPOLOGY UPDATE;{"P1": {"P2": 738, "P3": 472, "P5": 1246, "P4": 903}, "P2": {"P1": 738}, "P3": {"P1": 472}, "P4": {"P1": 903}, "P5": {"P1": 1246}}
1676223750.6961362;P1;LEAST COST PATH;{"P1": [], "P2": ["P1"], "P3": ["P1"], "P4": ["P1"], "P5": ["P1"]}
1676223757.8417945;P1;NODE FAILURE;set()
1676223757.8455596;P1;TOPOLOGY UPDATE;{"P1": {"P2": 1022, "P3": 472, "P5": 1246, "P4": 903}, "P2": {"P1": 1022}, "P3": {"P1": 472}, "P4": {"P1": 903}, "P5": {"P1": 1246}}
1676223762.7193038;P1;LEAST COST PATH;{"P1": [], "P2": ["P1"], "P3": ["P1"], "P4": ["P1"], "P5": ["P1"]}
1676223775.3325915;P1;LEAST COST PATH;{"P1": [], "P2": ["P1"], "P3": ["P1"], "P4": ["P1"], "P5": ["P1"]}
1676223777.7633803;P1;NODE FAILURE;set()
1676223777.7639613;P1;TOPOLOGY UPDATE;{"P1": {"P2": 1022, "P3": 472, "P5": 1277, "P4": 889}, "P2": {"P1": 1022}, "P3": {"P1": 472}, "P4": {"P1": 889}, "P5": {"P1": 1277}}
1676223780.7860048;P1;NODE FAILURE;set()
1676223780.7869523;P1;TOPOLOGY UPDATE;{"P1": {"P2": 1022, "P3": 472, "P5": 1277, "P4": 889}, "P2": {"P1": 1022}, "P3": {"P1": 472}, "P4": {"P1": 889}, "P5": {"P1": 1277}}
1676223787.8490927;P1;LEAST COST PATH;{"P1": [], "P2": ["P1"], "P3": ["P1"], "P4": ["P1"], "P5": ["P1"]}
1676223802.8987274;P1;NODE FAILURE;set()
1676223802.89947;P1;TOPOLOGY UPDATE;{"P1": {"P2": 702, "P3": 472, "P5": 1277, "P4": 889}, "P2": {"P1": 702}, "P3": {"P1": 472}, "P4": {"P1": 889}, "P5": {"P1": 1277}}
1676223805.9174623;P1;NODE FAILURE;set()
1676223805.9204724;P1;TOPOLOGY UPDATE;{"P1": {"P2": 702, "P3": 472, "P5": 1277, "P4": 889}, "P2": {"P1": 702}, "P3": {"P1": 472}, "P4": {"P1": 889}, "P5": {"P1": 1277}}
1676223807.7688673;P1;LEAST COST PATH;{"P1": [], "P2": ["P1"], "P3": ["P1"], "P4": ["P1"], "P5": ["P1"]}
1676223810.7920713;P1;LEAST COST PATH;{"P1": [], "P2": ["P1"], "P3": ["P1"], "P4": ["P1"], "P5": ["P1"]}
1676223822.7787437;P1;NODE FAILURE;set()
1676223822.7806566;P1;TOPOLOGY UPDATE;{"P1": {"P2": 702, "P3": 472, "P5": 1307, "P4": 952}, "P2": {"P1": 702}, "P3": {"P1": 472}, "P4": {"P1": 952}, "P5": {"P1": 1307}}
1676223825.8052413;P1;NODE FAILURE;set()
1676223825.8061194;P1;TOPOLOGY UPDATE;{"P1": {"P2": 702, "P3": 472, "P5": 1307, "P4": 952}, "P2": {"P1": 702}, "P3": {"P1": 472}, "P4": {"P1": 952}, "P5": {"P1": 1307}}
1676223832.905047;P1;LEAST COST PATH;{"P1": [], "P2": ["P1"], "P3": ["P1"], "P4": ["P1"], "P5": ["P1"]}
1676223835.921778;P1;LEAST COST PATH;{"P1": [], "P2": ["P1"], "P3": ["P1"], "P4": ["P1"], "P5": ["P1"]}
1676223852.783348;P1;LEAST COST PATH;{"P1": [], "P2": ["P1"], "P3": ["P1"], "P4": ["P1"], "P5": ["P1"]}
1676223855.8469343;P1;LEAST COST PATH;{"P1": [], "P2": ["P1"], "P3": ["P1"], "P4": ["P1"], "P5": ["P1"]}
1676223862.9489877;P1;NODE FAILURE;set()
1676223862.953568;P1;TOPOLOGY UPDATE;{"P1": {"P2": 840, "P3": 472, "P5": 1038, "P4": 952}, "P2": {"P1": 840}, "P3": {"P1": 472}, "P4": {"P1": 952}, "P5": {"P1": 1038}}
1676223870.7983263;P1;NODE FAILURE;set()
1676223870.7992246;P1;TOPOLOGY UPDATE;{"P1": {"P2": 840, "P3": 761, "P5": 1038, "P4": 952}, "P2": {"P1": 840}, "P3": {"P1": 761}, "P4": {"P1": 952}, "P5": {"P1": 1038}}
1676223880.5724204;P1;NODE FAILURE;set()
1676223880.5760067;P1;TOPOLOGY UPDATE;{"P1": {"P2": 840, "P3": 761, "P5": 1038, "P4": 928}, "P2": {"P1": 840}, "P3": {"P1": 761}, "P4": {"P1": 928}, "P5": {"P1": 1038}}
1676223883.620689;P1;NODE FAILURE;set()
1676223883.62267;P1;TOPOLOGY UPDATE;{"P1": {"P2": 840, "P3": 761, "P5": 1038, "P4": 928}, "P2": {"P1": 840}, "P3": {"P1": 761}, "P4": {"P1": 928}, "P5": {"P1": 1038}}
1676223892.9558647;P1;LEAST COST PATH;{"P1": [], "P2": ["P1"], "P3": ["P1"], "P4": ["P1"], "P5": ["P1"]}
1676223900.8046243;P1;LEAST COST PATH;{"P1": [], "P2": ["P1"], "P3": ["P1"], "P4": ["P1"], "P5": ["P1"]}
1676223908.0036077;P1;NODE FAILURE;set()
1676223908.008569;P1;TOPOLOGY UPDATE;{"P1": {"P2": 778, "P3": 761, "P5": 1038, "P4": 928}, "P2": {"P1": 778}, "P3": {"P1": 761}, "P4": {"P1": 928}, "P5": {"P1": 1038}}
1676223910.57813;P1;LEAST COST PATH;{"P1": [], "P2": ["P1"], "P3": ["P1"], "P4": ["P1"], "P5": ["P1"]}
1676223913.6359837;P1;LEAST COST PATH;{"P1": [], "P2": ["P1"], "P3": ["P1"], "P4": ["P1"], "P5": ["P1"]}
1676223927.8602543;P1;NODE FAILURE;set()
1676223927.861989;P1;TOPOLOGY UPDATE;{"P1": {"P2": 778, "P3": 761, "P5": 1404, "P4": 963}, "P2": {"P1": 778}, "P3": {"P1": 761}, "P4": {"P1": 963}, "P5": {"P1": 1404}}
1676223930.890372;P1;NODE FAILURE;set()
1676223930.894972;P1;TOPOLOGY UPDATE;{"P1": {"P2": 778, "P3": 998, "P5": 1404, "P4": 963}, "P2": {"P1": 778}, "P3": {"P1": 998}, "P4": {"P1": 963}, "P5": {"P1": 1404}}
1676223938.015011;P1;LEAST COST PATH;{"P1": [], "P2": ["P1"], "P3": ["P1"], "P4": ["P1"], "P5": ["P1"]}
1676223940.6762035;P1;NODE FAILURE;set()
1676223940.6771271;P1;TOPOLOGY UPDATE;{"P1": {"P2": 778, "P3": 998, "P5": 1404, "P4": 963}, "P2": {"P1": 778}, "P3": {"P1": 998}, "P4": {"P1": 963}, "P5": {"P1": 1404}}
1676223953.031598;P1;NODE FAILURE;set()
1676223953.0414798;P1;TOPOLOGY UPDATE;{"P1": {"P2": 769, "P3": 998, "P5": 1404, "P4": 963}, "P2": {"P1": 769}, "P3": {"P1": 998}, "P4": {"P1": 963}, "P5": {"P1": 1404}}
1676223957.8667686;P1;LEAST COST PATH;{"P1": [], "P2": ["P1"], "P3": ["P1"], "P4": ["P1"], "P5": ["P1"]}
1676223960.9021733;P1;LEAST COST PATH;{"P1": [], "P2": ["P1"], "P3": ["P1"], "P4": ["P1"], "P5": ["P1"]}
1676223970.6913714;P1;LEAST COST PATH;{"P1": [], "P2": ["P1"], "P3": ["P1"], "P4": ["P1"], "P5": ["P1"]}
1676223975.9362712;P1;NODE FAILURE;set()
1676223975.938569;P1;TOPOLOGY UPDATE;{"P1": {"P2": 769, "P3": 779, "P5": 1324, "P4": 963}, "P2": {"P1": 769}, "P3": {"P1": 779}, "P4": {"P1": 963}, "P5": {"P1": 1324}}
1676223983.0445285;P1;LEAST COST PATH;{"P1": [], "P2": ["P1"], "P3": ["P1"], "P4": ["P1"], "P5": ["P1"]}
1676223985.4437323;P1;NODE FAILURE;set()
1676223985.4447532;P1;TOPOLOGY UPDATE;{"P1": {"P2": 769, "P3": 779, "P5": 1324, "P4": 963}, "P2": {"P1": 769}, "P3": {"P1": 779}, "P4": {"P1": 963}, "P5": {"P1": 1324}}
1676224005.9443696;P1;LEAST COST PATH;{"P1": [], "P2": ["P1"], "P3": ["P1"], "P4": ["P1"], "P5": ["P1"]}
1676224013.0881944;P1;NODE FAILURE;set()
1676224013.092383;P1;TOPOLOGY UPDATE;{"P1": {"P2": 448, "P3": 779, "P5": 1296, "P4": 963}, "P2": {"P1": 448}, "P3": {"P1": 779}, "P4": {"P1": 963}, "P5": {"P1": 1296}}
1676224015.4467285;P1;LEAST COST PATH;{"P1": [], "P2": ["P1"], "P3": ["P1"], "P4": ["P1"], "P5": ["P1"]}
1676224020.9396398;P1;NODE FAILURE;set()
1676224020.9440205;P1;TOPOLOGY UPDATE;{"P1": {"P2": 448, "P3": 779, "P5": 1296, "P4": 963}, "P2": {"P1": 448}, "P3": {"P1": 779}, "P4": {"P1": 963}, "P5": {"P1": 1296}}
1676224043.0964088;P1;LEAST COST PATH;{"P1": [], "P2": ["P1"], "P3": ["P1"], "P4": ["P1"], "P5": ["P1"]}
1676224046.3022223;P1;NODE FAILURE;set()
1676224046.3031492;P1;TOPOLOGY UPDATE;{"P1": {"P2": 448, "P3": 588, "P5": 1296, "P4": 684}, "P2": {"P1": 448}, "P3": {"P1": 588}, "P4": {"P1": 684}, "P5": {"P1": 1296}}
1676224049.336606;P1;NODE FAILURE;set()
1676224049.3384628;P1;TOPOLOGY UPDATE;{"P1": {"P2": 815, "P3": 588, "P5": 1296, "P4": 684}, "P2": {"P1": 815}, "P3": {"P1": 588}, "P4": {"P1": 684}, "P5": {"P1": 1296}}
1676224050.9481418;P1;LEAST COST PATH;{"P1": [], "P2": ["P1"], "P3": ["P1"], "P4": ["P1"], "P5": ["P1"]}
1676224058.1460102;P1;NODE FAILURE;set()
1676224058.1495697;P1;TOPOLOGY UPDATE;{"P1": {"P2": 815, "P3": 588, "P5": 1296, "P4": 684}, "P2": {"P1": 815}, "P3": {"P1": 588}, "P4": {"P1": 684}, "P5": {"P1": 1296}}
1676224076.308255;P1;LEAST COST PATH;{"P1": [], "P2": ["P1"], "P3": ["P1"], "P4": ["P1"], "P5": ["P1"]}
1676224079.3414547;P1;LEAST COST PATH;{"P1": [], "P2": ["P1"], "P3": ["P1"], "P4": ["P1"], "P5": ["P1"]}
1676224080.998529;P1;NODE FAILURE;set()
1676224081.005058;P1;TOPOLOGY UPDATE;{"P1": {"P2": 815, "P3": 1160, "P5": 1148, "P4": 684}, "P2": {"P1": 815}, "P3": {"P1": 1160}, "P4": {"P1": 684}, "P5": {"P1": 1148}}
1676224088.155044;P1;LEAST COST PATH;{"P1": [], "P2": ["P1"], "P3": ["P1"], "P4": ["P1"], "P5": ["P1"]}
1676224090.744954;P1;NODE FAILURE;set()
1676224090.7457943;P1;TOPOLOGY UPDATE;{"P1": {"P2": 815, "P3": 1160, "P5": 1148, "P4": 648}, "P2": {"P1": 815}, "P3": {"P1": 1160}, "P4": {"P1": 648}, "P5": {"P1": 1148}}
1676224093.7756362;P1;NODE FAILURE;set()
1676224093.7772906;P1;TOPOLOGY UPDATE;{"P1": {"P2": 770, "P3": 1160, "P5": 1148, "P4": 648}, "P2": {"P1": 770}, "P3": {"P1": 1160}, "P4": {"P1": 648}, "P5": {"P1": 1148}}
1676224103.171595;P1;NODE FAILURE;set()
1676224103.1727734;P1;TOPOLOGY UPDATE;{"P1": {"P2": 770, "P3": 1160, "P5": 1148, "P4": 648}, "P2": {"P1": 770}, "P3": {"P1": 1160}, "P4": {"P1": 648}, "P5": {"P1": 1148}}
1676224111.007342;P1;LEAST COST PATH;{"P1": [], "P2": ["P1"], "P3": ["P1"], "P4": ["P1"], "P5": ["P1"]}
1676224120.7488172;P1;LEAST COST PATH;{"P1": [], "P2": ["P1"], "P3": ["P1"], "P4": ["P1"], "P5": ["P1"]}
1676224123.7804847;P1;LEAST COST PATH;{"P1": [], "P2": ["P1"], "P3": ["P1"], "P4": ["P1"], "P5": ["P1"]}
1676224126.056849;P1;NODE FAILURE;set()
1676224126.0585802;P1;TOPOLOGY UPDATE;{"P1": {"P2": 770, "P3": 1160, "P5": 1254, "P4": 648}, "P2": {"P1": 770}, "P3": {"P1": 1160}, "P4": {"P1": 648}, "P5": {"P1": 1254}}
1676224133.1800566;P1;LEAST COST PATH;{"P1": [], "P2": ["P1"], "P3": ["P1"], "P4": ["P1"], "P5": ["P1"]}
1676224150.668739;P1;NODE FAILURE;set()
1676224150.6697538;P1;TOPOLOGY UPDATE;{"P1": {"P2": 770, "P3": 990, "P5": 1254, "P4": 648}, "P2": {"P1": 770}, "P3": {"P1": 990}, "P4": {"P1": 648}, "P5": {"P1": 1254}}
1676224156.0602157;P1;LEAST COST PATH;{"P1": [], "P2": ["P1"], "P3": ["P1"], "P4": ["P1"], "P5": ["P1"]}
1676224163.2348406;P1;NODE FAILURE;set()
1676224163.237563;P1;TOPOLOGY UPDATE;{"P1": {"P2": 407, "P3": 990, "P5": 1211, "P4": 648}, "P2": {"P1": 407}, "P3": {"P1": 990}, "P4": {"P1": 648}, "P5": {"P1": 1211}}
1676224171.448855;P1;NODE FAILURE;set()
1676224171.4516313;P1;TOPOLOGY UPDATE;{"P1": {"P2": 407, "P3": 990, "P5": 1211, "P4": 648}, "P2": {"P1": 407}, "P3": {"P1": 990}, "P4": {"P1": 648}, "P5": {"P1": 1211}}
1676224180.6727283;P1;LEAST COST PATH;{"P1": [], "P2": ["P1"], "P3": ["P1"], "P4": ["P1"], "P5": ["P1"]}
1676224193.2405999;P1;LEAST COST PATH;{"P1": [], "P2": ["P1"], "P3": ["P1"], "P4": ["P1"], "P5": ["P1"]}
1676224195.750617;P1;NODE FAILURE;set()
1676224195.751345;P1;TOPOLOGY UPDATE;{"P1": {"P2": 407, "P3": 914, "P5": 1211, "P4": 609}, "P2": {"P1": 407}, "P3": {"P1": 914}, "P4": {"P1": 609}, "P5": {"P1": 1211}}
1676224198.781666;P1;NODE FAILURE;set()
1676224198.7840564;P1;TOPOLOGY UPDATE;{"P1": {"P2": 525, "P3": 914, "P5": 1211, "P4": 609}, "P2": {"P1": 525}, "P3": {"P1": 914}, "P4": {"P1": 609}, "P5": {"P1": 1211}}
1676224201.456465;P1;LEAST COST PATH;{"P1": [], "P2": ["P1"], "P3": ["P1"], "P4": ["P1"], "P5": ["P1"]}
1676224208.283174;P1;NODE FAILURE;set()
1676224208.2897098;P1;TOPOLOGY UPDATE;{"P1": {"P2": 525, "P3": 914, "P5": 1211, "P4": 609}, "P2": {"P1": 525}, "P3": {"P1": 914}, "P4": {"P1": 609}, "P5": {"P1": 1211}}
1676224225.7558875;P1;LEAST COST PATH;{"P1": [], "P2": ["P1"], "P3": ["P1"], "P4": ["P1"], "P5": ["P1"]}
1676224228.7854996;P1;LEAST COST PATH;{"P1": [], "P2": ["P1"], "P3": ["P1"], "P4": ["P1"], "P5": ["P1"]}
1676224231.1488733;P1;NODE FAILURE;set()
1676224231.1522193;P1;TOPOLOGY UPDATE;{"P1": {"P2": 525, "P3": 914, "P5": 1319, "P4": 609}, "P2": {"P1": 525}, "P3": {"P1": 914}, "P4": {"P1": 609}, "P5": {"P1": 1319}}
1676224238.4282708;P1;LEAST COST PATH;{"P1": [], "P2": ["P1"], "P3": ["P1"], "P4": ["P1"], "P5": ["P1"]}
1676224243.4943864;P1;NODE FAILURE;set()
1676224243.499296;P1;TOPOLOGY UPDATE;{"P1": {"P2": 411, "P3": 914, "P5": 1319, "P4": 576}, "P2": {"P1": 411}, "P3": {"P1": 914}, "P4": {"P1": 576}, "P5": {"P1": 1319}}
1676224253.3090327;P1;NODE FAILURE;set()
1676224253.3100173;P1;TOPOLOGY UPDATE;{"P1": {"P2": 411, "P3": 1113, "P5": 1319, "P4": 576}, "P2": {"P1": 411}, "P3": {"P1": 1113}, "P4": {"P1": 576}, "P5": {"P1": 1319}}
1676224256.3570986;P1;NODE FAILURE;set()
1676224256.3585951;P1;TOPOLOGY UPDATE;{"P1": {"P2": 411, "P3": 1113, "P5": 1319, "P4": 576}, "P2": {"P1": 411}, "P3": {"P1": 1113}, "P4": {"P1": 576}, "P5": {"P1": 1319}}
1676224261.158176;P1;LEAST COST PATH;{"P1": [], "P2": ["P1"], "P3": ["P1"], "P4": ["P1"], "P5": ["P1"]}
1676224273.500486;P1;LEAST COST PATH;{"P1": [], "P2": ["P1"], "P3": ["P1"], "P4": ["P1"], "P5": ["P1"]}
1676224276.1989844;P1;NODE FAILURE;set()
1676224276.2008328;P1;TOPOLOGY UPDATE;{"P1": {"P2": 411, "P3": 1113, "P5": 1198, "P4": 576}, "P2": {"P1": 411}, "P3": {"P1": 1113}, "P4": {"P1": 576}, "P5": {"P1": 1198}}
1676224283.3276463;P1;LEAST COST PATH;{"P1": [], "P2": ["P1"], "P3": ["P1"], "P4": ["P1"], "P5": ["P1"]}
1676224286.3616574;P1;LEAST COST PATH;{"P1": [], "P2": ["P1"], "P3": ["P1"], "P4": ["P1"], "P5": ["P1"]}
1676224300.8493152;P1;NODE FAILURE;set()
1676224300.850822;P1;TOPOLOGY UPDATE;{"P1": {"P2": 411, "P3": 1238, "P5": 1198, "P4": 983}, "P2": {"P1": 411}, "P3": {"P1": 1238}, "P4": {"P1": 983}, "P5": {"P1": 1198}}
1676224303.9023137;P1;NODE FAILURE;set()
1676224303.902898;P1;TOPOLOGY UPDATE;{"P1": {"P2": 492, "P3": 1238, "P5": 1198, "P4": 983}, "P2": {"P1": 492}, "P3": {"P1": 1238}, "P4": {"P1": 983}, "P5": {"P1": 1198}}
1676224306.2043667;P1;LEAST COST PATH;{"P1": [], "P2": ["P1"], "P3": ["P1"], "P4": ["P1"], "P5": ["P1"]}
1676224313.3693054;P1;NODE FAILURE;set()
1676224313.3778732;P1;TOPOLOGY UPDATE;{"P1": {"P2": 492, "P3": 1238, "P5": 1198, "P4": 983}, "P2": {"P1": 492}, "P3": {"P1": 1238}, "P4": {"P1": 983}, "P5": {"P1": 1198}}
1676224330.853112;P1;LEAST COST PATH;{"P1": [], "P2": ["P1"], "P3": ["P1"], "P4": ["P1"], "P5": ["P1"]}
1676224333.9138715;P1;LEAST COST PATH;{"P1": [], "P2": ["P1"], "P3": ["P1"], "P4": ["P1"], "P5": ["P1"]}
1676224336.2530348;P1;NODE FAILURE;set()
1676224336.2537994;P1;TOPOLOGY UPDATE;{"P1": {"P2": 492, "P3": 940, "P5": 1244, "P4": 983}, "P2": {"P1": 492}, "P3": {"P1": 940}, "P4": {"P1": 983}, "P5": {"P1": 1244}}
1676224343.3872273;P1;LEAST COST PATH;{"P1": [], "P2": ["P1"], "P3": ["P1"], "P4": ["P1"], "P5": ["P1"]}
1676224345.8348484;P1;NODE FAILURE;set()
1676224345.838589;P1;TOPOLOGY UPDATE;{"P1": {"P2": 492, "P3": 940, "P5": 1244, "P4": 983}, "P2": {"P1": 492}, "P3": {"P1": 940}, "P4": {"P1": 983}, "P5": {"P1": 1244}}
1676224358.3974714;P1;NODE FAILURE;set()
1676224358.3983288;P1;TOPOLOGY UPDATE;{"P1": {"P2": 690, "P3": 940, "P5": 1244, "P4": 983}, "P2": {"P1": 690}, "P3": {"P1": 940}, "P4": {"P1": 983}, "P5": {"P1": 1244}}
1676224366.2590022;P1;LEAST COST PATH;{"P1": [], "P2": ["P1"], "P3": ["P1"], "P4": ["P1"], "P5": ["P1"]}
1676224375.8434122;P1;LEAST COST PATH;{"P1": [], "P2": ["P1"], "P3": ["P1"], "P4": ["P1"], "P5": ["P1"]}
1676224378.387151;P1;NODE FAILURE;set()
1676224378.3880572;P1;TOPOLOGY UPDATE;{"P1": {"P2": 690, "P3": 940, "P5": 1244, "P4": 1231}, "P2": {"P1": 690}, "P3": {"P1": 940}, "P4": {"P1": 1231}, "P5": {"P1": 1244}}
1676224388.4030414;P1;LEAST COST PATH;{"P1": [], "P2": ["P1"], "P3": ["P1"], "P4": ["P1"], "P5": ["P1"]}
1676224396.3203125;P1;NODE FAILURE;set()
1676224396.3210106;P1;TOPOLOGY UPDATE;{"P1": {"P2": 690, "P3": 940, "P5": 1098, "P4": 1231}, "P2": {"P1": 690}, "P3": {"P1": 940}, "P4": {"P1": 1231}, "P5": {"P1": 1098}}
1676224408.3896937;P1;LEAST COST PATH;{"P1": [], "P2": ["P1"], "P3": ["P1"], "P4": ["P1"], "P5": ["P1"]}
1676224418.445633;P1;NODE FAILURE;set()
1676224418.449125;P1;TOPOLOGY UPDATE;{"P1": {"P2": 1000, "P3": 1096, "P5": 1098, "P4": 1260}, "P2": {"P1": 1000}, "P3": {"P1": 1096}, "P4": {"P1": 1260}, "P5": {"P1": 1098}}
1676224421.475113;P1;NODE FAILURE;set()
1676224421.4765842;P1;TOPOLOGY UPDATE;{"P1": {"P2": 1000, "P3": 1096, "P5": 1098, "P4": 1260}, "P2": {"P1": 1000}, "P3": {"P1": 1096}, "P4": {"P1": 1260}, "P5": {"P1": 1098}}
1676224424.5015857;P1;NODE FAILURE;set()
1676224424.5026994;P1;TOPOLOGY UPDATE;{"P1": {"P2": 1000, "P3": 1096, "P5": 1098, "P4": 1260}, "P2": {"P1": 1000}, "P3": {"P1": 1096}, "P4": {"P1": 1260}, "P5": {"P1": 1098}}
1676224426.3224545;P1;LEAST COST PATH;{"P1": [], "P2": ["P1"], "P3": ["P1"], "P4": ["P1"], "P5": ["P1"]}
1676224448.4548624;P1;LEAST COST PATH;{"P1": [], "P2": ["P1"], "P3": ["P1"], "P4": ["P1"], "P5": ["P1"]}
1676224451.4804726;P1;LEAST COST PATH;{"P1": [], "P2": ["P1"], "P3": ["P1"], "P4": ["P1"], "P5": ["P1"]}
1676224454.5054512;P1;LEAST COST PATH;{"P1": [], "P2": ["P1"], "P3": ["P1"], "P4": ["P1"], "P5": ["P1"]}
1676224456.3743107;P1;NODE FAILURE;set()
1676224456.379086;P1;TOPOLOGY UPDATE;{"P1": {"P2": 710, "P3": 1096, "P5": 1360, "P4": 1260}, "P2": {"P1": 710}, "P3": {"P1": 1096}, "P4": {"P1": 1260}, "P5": {"P1": 1360}}
1676224463.4751189;P1;NODE FAILURE;set()
1676224463.4767745;P1;TOPOLOGY UPDATE;{"P1": {"P2": 710, "P3": 703, "P5": 1360, "P4": 1278}, "P2": {"P1": 710}, "P3": {"P1": 703}, "P4": {"P1": 1278}, "P5": {"P1": 1360}}
1676224466.5049446;P1;NODE FAILURE;set()
1676224466.5065265;P1;TOPOLOGY UPDATE;{"P1": {"P2": 710, "P3": 703, "P5": 1360, "P4": 1278}, "P2": {"P1": 710}, "P3": {"P1": 703}, "P4": {"P1": 1278}, "P5": {"P1": 1360}}
1676224469.5387316;P1;NODE FAILURE;set()
1676224469.539836;P1;TOPOLOGY UPDATE;{"P1": {"P2": 710, "P3": 703, "P5": 1360, "P4": 1278}, "P2": {"P1": 710}, "P3": {"P1": 703}, "P4": {"P1": 1278}, "P5": {"P1": 1360}}
1676224486.3899617;P1;LEAST COST PATH;{"P1": [], "P2": ["P1"], "P3": ["P1"], "P4": ["P1"], "P5": ["P1"]}
1676224493.4825366;P1;LEAST COST PATH;{"P1": [], "P2": ["P1"], "P3": ["P1"], "P4": ["P1"], "P5": ["P1"]}
1676224496.509347;P1;LEAST COST PATH;{"P1": [], "P2": ["P1"], "P3": ["P1"], "P4": ["P1"], "P5": ["P1"]}
1676224499.5433679;P1;LEAST COST PATH;{"P1": [], "P2": ["P1"], "P3": ["P1"], "P4": ["P1"], "P5": ["P1"]}
1676224501.411524;P1;NODE FAILURE;set()
1676224501.4144967;P1;TOPOLOGY UPDATE;{"P1": {"P2": 864, "P3": 703, "P5": 1299, "P4": 1278}, "P2": {"P1": 864}, "P3": {"P1": 703}, "P4": {"P1": 1278}, "P5": {"P1": 1299}}
1676224508.5201838;P1;NODE FAILURE;set()
1676224508.5242865;P1;TOPOLOGY UPDATE;{"P1": {"P2": 864, "P3": 703, "P5": 1299, "P4": 1278}, "P2": {"P1": 864}, "P3": {"P1": 703}, "P4": {"P1": 1278}, "P5": {"P1": 1299}}
1676224525.9621482;P1;NODE FAILURE;set()
1676224525.963366;P1;TOPOLOGY UPDATE;{"P1": {"P2": 864, "P3": 1182, "P5": 1299, "P4": 1339}, "P2": {"P1": 864}, "P3": {"P1": 1182}, "P4": {"P1": 1339}, "P5": {"P1": 1299}}
1676224528.9897244;P1;NODE FAILURE;set()
1676224528.9961724;P1;TOPOLOGY UPDATE;{"P1": {"P2": 864, "P3": 1182, "P5": 1299, "P4": 1339}, "P2": {"P1": 864}, "P3": {"P1": 1182}, "P4": {"P1": 1339}, "P5": {"P1": 1299}}
1676224531.4174695;P1;LEAST COST PATH;{"P1": [], "P2": ["P1"], "P3": ["P1"], "P4": ["P1"], "P5": ["P1"]}
1676224538.5292695;P1;LEAST COST PATH;{"P1": [], "P2": ["P1"], "P3": ["P1"], "P4": ["P1"], "P5": ["P1"]}
1676224546.9278152;P1;NODE FAILURE;set()
1676224546.9287865;P1;TOPOLOGY UPDATE;{"P1": {"P2": 864, "P3": 1182, "P5": 1180, "P4": 1339}, "P2": {"P1": 864}, "P3": {"P1": 1182}, "P4": {"P1": 1339}, "P5": {"P1": 1180}}
1676224555.9651167;P1;LEAST COST PATH;{"P1": [], "P2": ["P1"], "P3": ["P1"], "P4": ["P1"], "P5": ["P1"]}
1676224559.000426;P1;LEAST COST PATH;{"P1": [], "P2": ["P1"], "P3": ["P1"], "P4": ["P1"], "P5": ["P1"]}
1676224568.5749846;P1;NODE FAILURE;set()
1676224568.5801432;P1;TOPOLOGY UPDATE;{"P1": {"P2": 775, "P3": 421, "P5": 1180, "P4": 1025}, "P2": {"P1": 775}, "P3": {"P1": 421}, "P4": {"P1": 1025}, "P5": {"P1": 1180}}
1676224571.596385;P1;NODE FAILURE;set()
1676224571.5996127;P1;TOPOLOGY UPDATE;{"P1": {"P2": 775, "P3": 421, "P5": 1180, "P4": 1025}, "P2": {"P1": 775}, "P3": {"P1": 421}, "P4": {"P1": 1025}, "P5": {"P1": 1180}}
1676224574.6240473;P1;NODE FAILURE;set()
1676224574.6261141;P1;TOPOLOGY UPDATE;{"P1": {"P2": 775, "P3": 421, "P5": 1180, "P4": 1025}, "P2": {"P1": 775}, "P3": {"P1": 421}, "P4": {"P1": 1025}, "P5": {"P1": 1180}}
1676224576.9307675;P1;LEAST COST PATH;{"P1": [], "P2": ["P1"], "P3": ["P1"], "P4": ["P1"], "P5": ["P1"]}
1676224598.5820534;P1;LEAST COST PATH;{"P1": [], "P2": ["P1"], "P3": ["P1"], "P4": ["P1"], "P5": ["P1"]}
1676224601.6028917;P1;LEAST COST PATH;{"P1": [], "P2": ["P1"], "P3": ["P1"], "P4": ["P1"], "P5": ["P1"]}
1676224604.6273909;P1;LEAST COST PATH;{"P1": [], "P2": ["P1"], "P3": ["P1"], "P4": ["P1"], "P5": ["P1"]}
1676224606.709444;P1;NODE FAILURE;set()
1676224606.7123961;P1;TOPOLOGY UPDATE;{"P1": {"P2": 710, "P3": 547, "P5": 1021, "P4": 1025}, "P2": {"P1": 710}, "P3": {"P1": 547}, "P4": {"P1": 1025}, "P5": {"P1": 1021}}
1676224613.6119;P1;NODE FAILURE;set()
1676224613.6176646;P1;TOPOLOGY UPDATE;{"P1": {"P2": 710, "P3": 547, "P5": 1021, "P4": 1614}, "P2": {"P1": 710}, "P3": {"P1": 547}, "P4": {"P1": 1614}, "P5": {"P1": 1021}}
1676224616.647743;P1;NODE FAILURE;set()
1676224616.6485431;P1;TOPOLOGY UPDATE;{"P1": {"P2": 710, "P3": 547, "P5": 1021, "P4": 1614}, "P2": {"P1": 710}, "P3": {"P1": 547}, "P4": {"P1": 1614}, "P5": {"P1": 1021}}
1676224619.6751742;P1;NODE FAILURE;set()
1676224619.6765985;P1;TOPOLOGY UPDATE;{"P1": {"P2": 710, "P3": 547, "P5": 1021, "P4": 1614}, "P2": {"P1": 710}, "P3": {"P1": 547}, "P4": {"P1": 1614}, "P5": {"P1": 1021}}
1676224636.719414;P1;LEAST COST PATH;{"P1": [], "P2": ["P1"], "P3": ["P1"], "P4": ["P1"], "P5": ["P1"]}
1676224643.6212943;P1;LEAST COST PATH;{"P1": [], "P2": ["P1"], "P3": ["P1"], "P4": ["P1"], "P5": ["P1"]}
1676224646.6515133;P1;LEAST COST PATH;{"P1": [], "P2": ["P1"], "P3": ["P1"], "P4": ["P1"], "P5": ["P1"]}
1676224649.6832588;P1;LEAST COST PATH;{"P1": [], "P2": ["P1"], "P3": ["P1"], "P4": ["P1"], "P5": ["P1"]}
1676224658.6636798;P1;NODE FAILURE;set()
1676224658.6647024;P1;TOPOLOGY UPDATE;{"P1": {"P2": 812, "P3": 547, "P5": 1021, "P4": 1614}, "P2": {"P1": 812}, "P3": {"P1": 547}, "P4": {"P1": 1614}, "P5": {"P1": 1021}}
1676224676.052271;P1;NODE FAILURE;set()
1676224676.0546236;P1;TOPOLOGY UPDATE;{"P1": {"P2": 812, "P3": 552, "P5": 1021, "P4": 1238}, "P2": {"P1": 812}, "P3": {"P1": 552}, "P4": {"P1": 1238}, "P5": {"P1": 1021}}
1676224679.074117;P1;NODE FAILURE;set()
1676224679.075998;P1;TOPOLOGY UPDATE;{"P1": {"P2": 812, "P3": 552, "P5": 1021, "P4": 1238}, "P2": {"P1": 812}, "P3": {"P1": 552}, "P4": {"P1": 1238}, "P5": {"P1": 1021}}
1676224688.6666598;P1;LEAST COST PATH;{"P1": [], "P2": ["P1"], "P3": ["P1"], "P4": ["P1"], "P5": ["P1"]}
1676224706.0580757;P1;LEAST COST PATH;{"P1": [], "P2": ["P1"], "P3": ["P1"], "P4": ["P1"], "P5": ["P1"]}
1676224709.081097;P1;LEAST COST PATH;{"P1": [], "P2": ["P1"], "P3": ["P1"], "P4": ["P1"], "P5": ["P1"]}
1676224712.1185815;P1;NODE FAILURE;set()
1676224712.1204486;P1;TOPOLOGY UPDATE;{"P1": {"P2": 741, "P3": 430, "P5": 1066, "P4": 1238}, "P2": {"P1": 741}, "P3": {"P1": 430}, "P4": {"P1": 1238}, "P5": {"P1": 1066}}
1676224718.7233307;P1;NODE FAILURE;set()
1676224718.72708;P1;TOPOLOGY UPDATE;{"P1": {"P2": 741, "P3": 430, "P5": 1066, "P4": 1095}, "P2": {"P1": 741}, "P3": {"P1": 430}, "P4": {"P1": 1095}, "P5": {"P1": 1066}}
1676224721.7651792;P1;NODE FAILURE;set()
1676224721.766084;P1;TOPOLOGY UPDATE;{"P1": {"P2": 741, "P3": 430, "P5": 1066, "P4": 1095}, "P2": {"P1": 741}, "P3": {"P1": 430}, "P4": {"P1": 1095}, "P5": {"P1": 1066}}
1676224724.7901187;P1;NODE FAILURE;set()
1676224724.79201;P1;TOPOLOGY UPDATE;{"P1": {"P2": 741, "P3": 430, "P5": 1066, "P4": 1095}, "P2": {"P1": 741}, "P3": {"P1": 430}, "P4": {"P1": 1095}, "P5": {"P1": 1066}}
1676224742.125914;P1;LEAST COST PATH;{"P1": [], "P2": ["P1"], "P3": ["P1"], "P4": ["P1"], "P5": ["P1"]}
1676224748.7305398;P1;LEAST COST PATH;{"P1": [], "P2": ["P1"], "P3": ["P1"], "P4": ["P1"], "P5": ["P1"]}
1676224751.7719085;P1;LEAST COST PATH;{"P1": [], "P2": ["P1"], "P3": ["P1"], "P4": ["P1"], "P5": ["P1"]}
1676224754.794224;P1;LEAST COST PATH;{"P1": [], "P2": ["P1"], "P3": ["P1"], "P4": ["P1"], "P5": ["P1"]}
1676224756.863008;P1;NODE FAILURE;set()
1676224756.8646321;P1;TOPOLOGY UPDATE;{"P1": {"P2": 841, "P3": 532, "P5": 1002, "P4": 1095}, "P2": {"P1": 841}, "P3": {"P1": 532}, "P4": {"P1": 1095}, "P5": {"P1": 1002}}
1676224763.7627196;P1;NODE FAILURE;set()
1676224763.7686348;P1;TOPOLOGY UPDATE;{"P1": {"P2": 841, "P3": 532, "P5": 1002, "P4": 1298}, "P2": {"P1": 841}, "P3": {"P1": 532}, "P4": {"P1": 1298}, "P5": {"P1": 1002}}
1676224766.7864058;P1;NODE FAILURE;set()
1676224766.7923374;P1;TOPOLOGY UPDATE;{"P1": {"P2": 841, "P3": 532, "P5": 1002, "P4": 1298}, "P2": {"P1": 841}, "P3": {"P1": 532}, "P4": {"P1": 1298}, "P5": {"P1": 1002}}
1676224769.8166878;P1;NODE FAILURE;set()
1676224769.8202267;P1;TOPOLOGY UPDATE;{"P1": {"P2": 841, "P3": 532, "P5": 1002, "P4": 1298}, "P2": {"P1": 841}, "P3": {"P1": 532}, "P4": {"P1": 1298}, "P5": {"P1": 1002}}
1676227014.1464996;P1;LEAST COST PATH;{"P1": [], "P2": ["P1"], "P3": ["P1"], "P4": ["P1"], "P5": ["P1"]}
1676227014.148228;P1;LEAST COST PATH;{"P1": [], "P2": ["P1"], "P3": ["P1"], "P4": ["P1"], "P5": ["P1"]}
1676227014.1567547;P1;LEAST COST PATH;{"P1": [], "P2": ["P1"], "P3": ["P1"], "P4": ["P1"], "P5": ["P1"]}
1676227014.1658342;P1;LEAST COST PATH;{"P1": [], "P2": ["P1"], "P3": ["P1"], "P4": ["P1"], "P5": ["P1"]}
1676227460.574265;P1;PEER EXITED;
