2023-02-16 13:45:44,080 - INFO - [MainThread] - Initialized router P1 at port 5001
2023-02-16 13:45:44,082 - INFO - [MainThread] - Adding listener for SidRelay
2023-02-16 13:45:44,082 - INFO - [MainThread] - Adding listener for Hydra90a
2023-02-16 13:45:44,082 - INFO - [MainThread] - Starting thread Establish-SidRelay
2023-02-16 13:45:44,085 - INFO - [MainThread] - Starting thread Establish-Hydra90a
2023-02-16 13:45:44,086 - INFO - [MainThread] - Starting thread Thread-Stats
2023-02-16 13:45:44,090 - INFO - [Establish-Hydra90a] - Loading cached NetworkStatusDocument from TorCacheDirStorage: /root/.local/share/torpy/network_status
2023-02-16 13:45:44,097 - INFO - [Establish-SidRelay] - Loading cached NetworkStatusDocument from TorCacheDirStorage: /root/.local/share/torpy/network_status
2023-02-16 13:45:44,390 - INFO - [Establish-Hydra90a] - Loading cached DirKeyCertificateList from TorCacheDirStorage: /root/.local/share/torpy/dir_key_certificates
2023-02-16 13:45:44,392 - INFO - [Establish-Hydra90a] - Connecting to guard node 185.181.61.23:443 (staysafeandgoodluck; Tor 0.4.7.10)... (None)
2023-02-16 13:45:44,548 - INFO - [Establish-SidRelay] - Loading cached DirKeyCertificateList from TorCacheDirStorage: /root/.local/share/torpy/dir_key_certificates
2023-02-16 13:45:44,550 - INFO - [Establish-SidRelay] - Connecting to guard node 185.181.61.23:443 (staysafeandgoodluck; Tor 0.4.7.10)... (None)
2023-02-16 13:45:44,954 - INFO - [Establish-Hydra90a] - Creating new circuit #80000001 with 185.181.61.23:443 (staysafeandgoodluck; Tor 0.4.7.10) router...
2023-02-16 13:45:45,056 - INFO - [Establish-Hydra90a] - Building -1 hops circuit...
2023-02-16 13:45:45,056 - INFO - [Establish-Hydra90a] - Extending the circuit #80000001 with 185.125.171.100:9001 (Hydra90a; Tor 0.4.7.13)...
2023-02-16 13:45:45,056 - INFO - [Establish-Hydra90a] - Getting descriptor for 185.125.171.100:9001 (Hydra90a; Tor 0.4.7.13)...
2023-02-16 13:45:45,060 - INFO - [Establish-Hydra90a] - Connecting to guard node 144.24.232.2:443 (SnowflakeAwake9184; Tor 0.4.7.13)... (Internal dir client)
2023-02-16 13:45:45,075 - INFO - [Establish-SidRelay] - Creating new circuit #80000002 with 185.181.61.23:443 (staysafeandgoodluck; Tor 0.4.7.10) router...
2023-02-16 13:45:45,164 - INFO - [Establish-SidRelay] - Building -1 hops circuit...
2023-02-16 13:45:45,164 - INFO - [Establish-SidRelay] - Extending the circuit #80000002 with 98.128.175.41:9001 (SidRelay; Tor 0.4.7.13)...
2023-02-16 13:45:45,607 - INFO - [Establish-Hydra90a] - Creating new circuit #80000003 with 144.24.232.2:443 (SnowflakeAwake9184; Tor 0.4.7.13) router...
2023-02-16 13:45:45,767 - INFO - [Establish-Hydra90a] - Building 0 hops circuit...
2023-02-16 13:45:45,767 - INFO - [Establish-Hydra90a] - Stream #1: creating attached to #80000003 circuit...
2023-02-16 13:45:45,767 - INFO - [Establish-Hydra90a] - Stream #1: connecting to hsdir
2023-02-16 13:45:45,912 - INFO - [RecvLoop_144.24.] - Stream #1: connected (remote ip '')
2023-02-16 13:45:46,187 - INFO - [RecvLoop_144.24.] - Stream #1: remote disconnected (reason = DONE)
2023-02-16 13:45:46,188 - INFO - [Establish-Hydra90a] - Stream #1: closing (state = Disconnected)...
2023-02-16 13:45:46,188 - INFO - [Establish-Hydra90a] - Got descriptor
2023-02-16 13:45:46,188 - INFO - [Establish-SidRelay] - Getting descriptor for 98.128.175.41:9001 (SidRelay; Tor 0.4.7.13)...
2023-02-16 13:45:46,192 - INFO - [Establish-SidRelay] - Connecting to guard node 172.106.167.6:443 (torfu2k22; Tor 0.4.7.10)... (Internal dir client)
2023-02-16 13:45:46,282 - INFO - [Establish-Hydra90a] - <class 'torpy.circuit.TorCircuit'>
2023-02-16 13:45:46,395 - INFO - [Establish-Hydra90a] - Rendezvous established (CellRelayRendezvousEstablished())
2023-02-16 13:45:46,395 - INFO - [Establish-Hydra90a] - Waiting for connections at relay Hydra90a for cookie b'eb688e4f52df90278060' ...
2023-02-16 13:45:47,061 - INFO - [Establish-SidRelay] - Creating new circuit #80000004 with 172.106.167.6:443 (torfu2k22; Tor 0.4.7.10) router...
2023-02-16 13:45:47,276 - INFO - [Establish-SidRelay] - Building 0 hops circuit...
2023-02-16 13:45:47,276 - INFO - [Establish-SidRelay] - Stream #2: creating attached to #80000004 circuit...
2023-02-16 13:45:47,276 - INFO - [Establish-SidRelay] - Stream #2: connecting to hsdir
2023-02-16 13:45:47,595 - INFO - [RecvLoop_172.106] - Stream #2: connected (remote ip '')
2023-02-16 13:45:47,994 - INFO - [RecvLoop_172.106] - Stream #2: remote disconnected (reason = DONE)
2023-02-16 13:45:47,994 - INFO - [Establish-SidRelay] - Stream #2: closing (state = Disconnected)...
2023-02-16 13:45:47,995 - INFO - [Establish-SidRelay] - Got descriptor
2023-02-16 13:45:48,160 - INFO - [Establish-SidRelay] - <class 'torpy.circuit.TorCircuit'>
2023-02-16 13:45:48,320 - INFO - [Establish-SidRelay] - Rendezvous established (CellRelayRendezvousEstablished())
2023-02-16 13:45:48,320 - INFO - [Establish-SidRelay] - Waiting for connections at relay SidRelay for cookie b'eb688e4f52df90278060' ...
2023-02-16 13:45:48,435 - INFO - [Establish-SidRelay] - Got REND2 message from SidRelay
2023-02-16 13:45:48,435 - INFO - [Establish-SidRelay] - Entered circuit context with id 0x80000002
2023-02-16 13:45:48,435 - INFO - [Establish-SidRelay] - Stream #3: creating attached to #80000002 circuit...
2023-02-16 13:45:48,436 - INFO - [Establish-SidRelay] - Stream #3: connecting to ('127.0.0.1', 5000)
2023-02-16 13:45:48,826 - INFO - [RecvLoop_185.181] - Stream #3: connected (remote ip '127.0.0.1')
2023-02-16 13:45:48,839 - INFO - [Establish-SidRelay] - Sending HELLO to peer
2023-02-16 13:45:48,839 - INFO - [Establish-SidRelay] - Sending HELLO to peer: b'\x80\x04\x95&\x00\x00\x00\x00\x00\x00\x00]\x94}\x94(\x8c\x07Message\x94\x8c\x05HELLO\x94\x8c\x04Peer\x94\x8c\x02P1\x94ua.'
2023-02-16 13:45:48,840 - INFO - [RECEIVER] - Added neighbour P2
2023-02-16 13:45:50,303 - INFO - [Establish-Hydra90a] - Got REND2 message from Hydra90a
2023-02-16 13:45:50,303 - INFO - [Establish-Hydra90a] - Entered circuit context with id 0x80000001
2023-02-16 13:45:50,303 - INFO - [Establish-Hydra90a] - Stream #4: creating attached to #80000001 circuit...
2023-02-16 13:45:50,303 - INFO - [Establish-Hydra90a] - Stream #4: connecting to ('127.0.0.1', 5000)
2023-02-16 13:45:50,459 - INFO - [RecvLoop_185.181] - Stream #4: connected (remote ip '127.0.0.1')
2023-02-16 13:45:50,504 - INFO - [Establish-Hydra90a] - Sending HELLO to peer
2023-02-16 13:45:50,504 - INFO - [Establish-Hydra90a] - Sending HELLO to peer: b'\x80\x04\x95&\x00\x00\x00\x00\x00\x00\x00]\x94}\x94(\x8c\x07Message\x94\x8c\x05HELLO\x94\x8c\x04Peer\x94\x8c\x02P1\x94ua.'
2023-02-16 13:45:50,504 - INFO - [RECEIVER] - Added neighbour P3
2023-02-16 13:46:04,563 - INFO - [RECEIVER] - Received LSA from P3 with SN: 0 and FLAG: 0
2023-02-16 13:46:04,563 - INFO - [RECEIVER] - LSA received from P3 is new
2023-02-16 13:46:04,563 - INFO - [RECEIVER] - organizeGraph(graph_arg): [['P1', 'P2', 100, 'SidRelay'], ['P1', 'P3', 100, 'Hydra90a']]
2023-02-16 13:46:04,563 - INFO - [RECEIVER] - Sending update to P2
2023-02-16 13:46:05,565 - INFO - [RECEIVER] - Received LSA from P3 with SN: 0 and FLAG: 0
2023-02-16 13:46:17,502 - INFO - [RECEIVER] - Received LSA from P2 with SN: 0 and FLAG: 0
2023-02-16 13:46:17,502 - INFO - [RECEIVER] - LSA received from P2 is new
2023-02-16 13:46:17,502 - INFO - [RECEIVER] - organizeGraph(graph_arg): [['P1', 'P2', 100, 'SidRelay'], ['P1', 'P3', 100, 'Hydra90a']]
2023-02-16 13:46:17,504 - INFO - [RECEIVER] - Sending update to P3
2023-02-16 13:46:18,508 - INFO - [RECEIVER] - Received LSA from P2 with SN: 0 and FLAG: 0
2023-02-16 13:46:19,539 - INFO - [RECEIVER] - Received LSA from P3 with SN: 0 and FLAG: 0
2023-02-16 13:46:32,486 - INFO - [RECEIVER] - Received LSA from P2 with SN: 0 and FLAG: 0
2023-02-16 13:46:34,328 - INFO - [RECEIVER] - Calculated latency for P2 to 235 : [288, 233, 276, 207, 188, 315, 203, 193, 265, 185]
2023-02-16 13:46:34,564 - INFO - [Thread-18] - Running Dijkstra: ({'P1': {'P2': 100, 'P3': 100}, 'P2': {'P1': 100}, 'P3': {'P1': 100}}, ['P1', 'P2', 'P3'], {'P1': {'P2': 'SidRelay', 'P3': 'Hydra90a'}, 'P2': {'P1': 'SidRelay'}, 'P3': {'P1': 'Hydra90a'}})
2023-02-16 13:46:34,583 - INFO - [RECEIVER] - Received LSA from P3 with SN: 0 and FLAG: 0
2023-02-16 13:46:39,269 - INFO - [RECEIVER] - Calculated latency for P3 to 174 : [176, 215, 151, 174, 253, 161, 146, 202, 138, 123]
2023-02-16 13:46:47,504 - INFO - [Thread-28] - Running Dijkstra: ({'P1': {'P2': 100, 'P3': 100}, 'P2': {'P1': 100}, 'P3': {'P1': 100}}, ['P1', 'P2', 'P3'], {'P1': {'P2': 'SidRelay', 'P3': 'Hydra90a'}, 'P2': {'P1': 'SidRelay'}, 'P3': {'P1': 'Hydra90a'}})
2023-02-16 13:46:47,538 - INFO - [RECEIVER] - Received LSA from P2 with SN: 1 and FLAG: 1
2023-02-16 13:46:47,538 - INFO - [RECEIVER] - Flag is set
2023-02-16 13:46:47,539 - INFO - [RECEIVER] - LSA SN is 1 greater than 0
2023-02-16 13:46:47,539 - INFO - [RECEIVER] - Sending update to P3
2023-02-16 13:46:48,542 - INFO - [RECEIVER] - Received LSA from P2 with SN: 1 and FLAG: 1
2023-02-16 13:46:48,542 - INFO - [RECEIVER] - Flag is set
2023-02-16 13:46:49,603 - INFO - [RECEIVER] - Received LSA from P3 with SN: 1 and FLAG: 1
2023-02-16 13:46:49,603 - INFO - [RECEIVER] - Flag is set
2023-02-16 13:46:49,603 - INFO - [RECEIVER] - LSA SN is 1 greater than 0
2023-02-16 13:46:49,603 - INFO - [RECEIVER] - Sending update to P2
2023-02-16 13:46:50,609 - INFO - [RECEIVER] - Received LSA from P3 with SN: 1 and FLAG: 1
2023-02-16 13:46:50,609 - INFO - [RECEIVER] - Flag is set
2023-02-16 13:46:51,825 - INFO - [RecvLoop_144.24.] - On destroy: circuit #80000003
2023-02-16 13:46:51,826 - INFO - [RecvLoop_144.24.] - Destroy circuit #80000003
2023-02-16 13:46:57,525 - INFO - [RecvLoop_172.106] - On destroy: circuit #80000004
2023-02-16 13:46:57,525 - INFO - [RecvLoop_172.106] - Destroy circuit #80000004
2023-02-16 13:46:57,539 - INFO - [Thread-52] - organizeGraph(graph_arg): [['P1', 'P3', 292, 'Hydra90a'], ['P1', 'P2', 244, 'SidRelay']]
2023-02-16 13:46:59,603 - INFO - [Thread-56] - organizeGraph(graph_arg): [['P1', 'P3', 292, 'Hydra90a'], ['P1', 'P2', 244, 'SidRelay']]
2023-02-16 13:47:02,567 - INFO - [RECEIVER] - Received LSA from P2 with SN: 1 and FLAG: 0
2023-02-16 13:47:04,619 - INFO - [RECEIVER] - Received LSA from P3 with SN: 1 and FLAG: 0
2023-02-16 13:47:17,520 - INFO - [RECEIVER] - Received LSA from P2 with SN: 1 and FLAG: 0
2023-02-16 13:47:19,577 - INFO - [RECEIVER] - Received LSA from P3 with SN: 1 and FLAG: 0
2023-02-16 13:47:24,446 - INFO - [RECEIVER] - Calculated latency for P2 to 256 : [173, 259, 255, 213, 308, 250, 315, 330, 218, 235]
2023-02-16 13:47:27,541 - INFO - [Thread-62] - Running Dijkstra: ({'P1': {'P3': 292, 'P2': 244}, 'P2': {'P1': 244}, 'P3': {'P1': 292}}, ['P1', 'P2', 'P3'], {'P1': {'P3': 'Hydra90a', 'P2': 'SidRelay'}, 'P2': {'P1': 'SidRelay'}, 'P3': {'P1': 'Hydra90a'}})
2023-02-16 13:47:29,396 - INFO - [RECEIVER] - Calculated latency for P3 to 207 : [198, 203, 163, 241, 193, 268, 264, 176, 182, 179]
2023-02-16 13:47:29,605 - INFO - [Thread-66] - Running Dijkstra: ({'P1': {'P3': 292, 'P2': 244}, 'P2': {'P1': 244}, 'P3': {'P1': 292}}, ['P1', 'P2', 'P3'], {'P1': {'P3': 'Hydra90a', 'P2': 'SidRelay'}, 'P2': {'P1': 'SidRelay'}, 'P3': {'P1': 'Hydra90a'}})
2023-02-16 13:47:32,565 - INFO - [RECEIVER] - Received LSA from P2 with SN: 1 and FLAG: 0
2023-02-16 13:47:34,594 - INFO - [RECEIVER] - Received LSA from P3 with SN: 2 and FLAG: 1
2023-02-16 13:47:34,594 - INFO - [RECEIVER] - Flag is set
2023-02-16 13:47:34,594 - INFO - [RECEIVER] - LSA SN is 2 greater than 1
2023-02-16 13:47:34,594 - INFO - [RECEIVER] - Sending update to P2
2023-02-16 13:47:35,597 - INFO - [RECEIVER] - Received LSA from P3 with SN: 2 and FLAG: 1
2023-02-16 13:47:35,597 - INFO - [RECEIVER] - Flag is set
2023-02-16 13:47:44,599 - INFO - [Thread-95] - organizeGraph(graph_arg): [['P1', 'P3', 305, 'Hydra90a'], ['P1', 'P2', 244, 'SidRelay']]
2023-02-16 13:47:47,599 - INFO - [RECEIVER] - Received LSA from P2 with SN: 2 and FLAG: 1
2023-02-16 13:47:47,599 - INFO - [RECEIVER] - Flag is set
2023-02-16 13:47:47,599 - INFO - [RECEIVER] - LSA SN is 2 greater than 1
2023-02-16 13:47:47,600 - INFO - [RECEIVER] - Sending update to P3
2023-02-16 13:47:48,603 - INFO - [RECEIVER] - Received LSA from P2 with SN: 2 and FLAG: 1
2023-02-16 13:47:48,603 - INFO - [RECEIVER] - Flag is set
2023-02-16 13:47:49,651 - INFO - [RECEIVER] - Received LSA from P3 with SN: 2 and FLAG: 0
2023-02-16 13:47:57,602 - INFO - [Thread-106] - organizeGraph(graph_arg): [['P1', 'P3', 305, 'Hydra90a'], ['P1', 'P2', 354, 'SidRelay']]
2023-02-16 13:48:02,582 - INFO - [RECEIVER] - Received LSA from P2 with SN: 2 and FLAG: 0
2023-02-16 13:48:04,610 - INFO - [RECEIVER] - Received LSA from P3 with SN: 2 and FLAG: 0
2023-02-16 13:48:14,448 - INFO - [RECEIVER] - Calculated latency for P2 to 254 : [239, 286, 336, 324, 268, 225, 329, 184, 163, 187]
2023-02-16 13:48:14,641 - INFO - [Thread-104] - Running Dijkstra: ({'P1': {'P3': 305, 'P2': 244}, 'P2': {'P1': 244}, 'P3': {'P1': 305}}, ['P1', 'P2', 'P3'], {'P1': {'P3': 'Hydra90a', 'P2': 'SidRelay'}, 'P2': {'P1': 'SidRelay'}, 'P3': {'P1': 'Hydra90a'}})
2023-02-16 13:48:17,580 - INFO - [RECEIVER] - Received LSA from P2 with SN: 2 and FLAG: 0
2023-02-16 13:48:19,349 - INFO - [RECEIVER] - Calculated latency for P3 to 191 : [246, 290, 256, 228, 176, 269, 137, 119, 109, 76]
2023-02-16 13:48:19,602 - INFO - [RECEIVER] - Received LSA from P3 with SN: 2 and FLAG: 0
2023-02-16 13:48:27,605 - INFO - [Thread-114] - Running Dijkstra: ({'P1': {'P3': 305, 'P2': 354}, 'P2': {'P1': 354}, 'P3': {'P1': 305}}, ['P1', 'P2', 'P3'], {'P1': {'P3': 'Hydra90a', 'P2': 'SidRelay'}, 'P2': {'P1': 'SidRelay'}, 'P3': {'P1': 'Hydra90a'}})
2023-02-16 13:48:32,667 - INFO - [RECEIVER] - Received LSA from P2 with SN: 3 and FLAG: 1
2023-02-16 13:48:32,667 - INFO - [RECEIVER] - Flag is set
2023-02-16 13:48:32,667 - INFO - [RECEIVER] - LSA SN is 3 greater than 2
2023-02-16 13:48:32,667 - INFO - [RECEIVER] - Sending update to P3
2023-02-16 13:48:33,669 - INFO - [RECEIVER] - Received LSA from P2 with SN: 3 and FLAG: 1
2023-02-16 13:48:33,669 - INFO - [RECEIVER] - Flag is set
2023-02-16 13:48:34,662 - INFO - [RECEIVER] - Received LSA from P3 with SN: 3 and FLAG: 1
2023-02-16 13:48:34,662 - INFO - [RECEIVER] - Flag is set
2023-02-16 13:48:34,663 - INFO - [RECEIVER] - LSA SN is 3 greater than 2
2023-02-16 13:48:34,663 - INFO - [RECEIVER] - Sending update to P2
2023-02-16 13:48:35,666 - INFO - [RECEIVER] - Received LSA from P3 with SN: 3 and FLAG: 1
2023-02-16 13:48:35,666 - INFO - [RECEIVER] - Flag is set
2023-02-16 13:48:42,669 - INFO - [Thread-143] - organizeGraph(graph_arg): [['P1', 'P3', 282, 'Hydra90a'], ['P1', 'P2', 229, 'SidRelay']]
2023-02-16 13:48:44,665 - INFO - [Thread-147] - organizeGraph(graph_arg): [['P1', 'P3', 282, 'Hydra90a'], ['P1', 'P2', 229, 'SidRelay']]
2023-02-16 13:48:47,617 - INFO - [RECEIVER] - Received LSA from P2 with SN: 3 and FLAG: 0
2023-02-16 13:48:49,704 - INFO - [RECEIVER] - Received LSA from P3 with SN: 3 and FLAG: 0
2023-02-16 13:49:02,598 - INFO - [RECEIVER] - Received LSA from P2 with SN: 3 and FLAG: 0
2023-02-16 13:49:04,451 - INFO - [RECEIVER] - Calculated latency for P2 to 217 : [145, 158, 200, 274, 268, 331, 267, 246, 157, 126]
2023-02-16 13:49:04,660 - INFO - [RECEIVER] - Received LSA from P3 with SN: 3 and FLAG: 0
2023-02-16 13:49:09,471 - INFO - [RECEIVER] - Calculated latency for P3 to 170 : [113, 139, 219, 214, 269, 236, 198, 96, 77, 140]
2023-02-16 13:49:12,673 - INFO - [Thread-153] - Running Dijkstra: ({'P1': {'P3': 282, 'P2': 229}, 'P2': {'P1': 229}, 'P3': {'P1': 282}}, ['P1', 'P2', 'P3'], {'P1': {'P3': 'Hydra90a', 'P2': 'SidRelay'}, 'P2': {'P1': 'SidRelay'}, 'P3': {'P1': 'Hydra90a'}})
2023-02-16 13:49:14,667 - INFO - [Thread-157] - Running Dijkstra: ({'P1': {'P3': 282, 'P2': 229}, 'P2': {'P1': 229}, 'P3': {'P1': 282}}, ['P1', 'P2', 'P3'], {'P1': {'P3': 'Hydra90a', 'P2': 'SidRelay'}, 'P2': {'P1': 'SidRelay'}, 'P3': {'P1': 'Hydra90a'}})
2023-02-16 13:49:17,638 - INFO - [RECEIVER] - Received LSA from P2 with SN: 3 and FLAG: 0
2023-02-16 13:49:19,660 - INFO - [RECEIVER] - Received LSA from P3 with SN: 4 and FLAG: 1
2023-02-16 13:49:19,660 - INFO - [RECEIVER] - Flag is set
2023-02-16 13:49:19,660 - INFO - [RECEIVER] - LSA SN is 4 greater than 3
2023-02-16 13:49:19,661 - INFO - [RECEIVER] - Sending update to P2
2023-02-16 13:49:20,669 - INFO - [RECEIVER] - Received LSA from P3 with SN: 4 and FLAG: 1
2023-02-16 13:49:20,669 - INFO - [RECEIVER] - Flag is set
2023-02-16 13:49:29,661 - INFO - [Thread-186] - organizeGraph(graph_arg): [['P1', 'P3', 253, 'Hydra90a'], ['P1', 'P2', 229, 'SidRelay']]
2023-02-16 13:49:32,664 - INFO - [RECEIVER] - Received LSA from P2 with SN: 4 and FLAG: 1
2023-02-16 13:49:32,664 - INFO - [RECEIVER] - Flag is set
2023-02-16 13:49:32,664 - INFO - [RECEIVER] - LSA SN is 4 greater than 3
2023-02-16 13:49:32,665 - INFO - [RECEIVER] - Sending update to P3
2023-02-16 13:49:33,673 - INFO - [RECEIVER] - Received LSA from P2 with SN: 4 and FLAG: 1
2023-02-16 13:49:33,673 - INFO - [RECEIVER] - Flag is set
2023-02-16 13:49:34,728 - INFO - [RECEIVER] - Received LSA from P3 with SN: 4 and FLAG: 0
2023-02-16 13:49:42,665 - INFO - [Thread-197] - organizeGraph(graph_arg): [['P1', 'P3', 253, 'Hydra90a'], ['P1', 'P2', 474, 'SidRelay']]
2023-02-16 13:49:47,723 - INFO - [RECEIVER] - Received LSA from P2 with SN: 4 and FLAG: 0
2023-02-16 13:49:49,771 - INFO - [RECEIVER] - Received LSA from P3 with SN: 4 and FLAG: 0
2023-02-16 13:49:54,574 - INFO - [RECEIVER] - Calculated latency for P2 to 197 : [187, 160, 113, 149, 253, 206, 240, 219, 262, 185]
2023-02-16 13:49:59,510 - INFO - [RECEIVER] - Calculated latency for P3 to 139 : [99, 76, 108, 147, 167, 190, 147, 221, 121, 117]
2023-02-16 13:49:59,662 - INFO - [Thread-195] - Running Dijkstra: ({'P1': {'P3': 253, 'P2': 229}, 'P2': {'P1': 229}, 'P3': {'P1': 253}}, ['P1', 'P2', 'P3'], {'P1': {'P3': 'Hydra90a', 'P2': 'SidRelay'}, 'P2': {'P1': 'SidRelay'}, 'P3': {'P1': 'Hydra90a'}})
2023-02-16 13:50:02,676 - INFO - [RECEIVER] - Received LSA from P2 with SN: 4 and FLAG: 0
2023-02-16 13:50:04,717 - INFO - [RECEIVER] - Received LSA from P3 with SN: 5 and FLAG: 1
2023-02-16 13:50:04,717 - INFO - [RECEIVER] - Flag is set
2023-02-16 13:50:04,717 - INFO - [RECEIVER] - LSA SN is 5 greater than 4
2023-02-16 13:50:04,718 - INFO - [RECEIVER] - Sending update to P2
2023-02-16 13:50:05,721 - INFO - [RECEIVER] - Received LSA from P3 with SN: 5 and FLAG: 1
2023-02-16 13:50:05,721 - INFO - [RECEIVER] - Flag is set
2023-02-16 13:50:12,666 - INFO - [Thread-206] - Running Dijkstra: ({'P1': {'P3': 253, 'P2': 474}, 'P2': {'P1': 474}, 'P3': {'P1': 253}}, ['P1', 'P2', 'P3'], {'P1': {'P3': 'Hydra90a', 'P2': 'SidRelay'}, 'P2': {'P1': 'SidRelay'}, 'P3': {'P1': 'Hydra90a'}})
2023-02-16 13:50:14,719 - INFO - [Thread-226] - organizeGraph(graph_arg): [['P1', 'P3', 702, 'Hydra90a'], ['P1', 'P2', 474, 'SidRelay']]
2023-02-16 13:50:17,696 - INFO - [RECEIVER] - Received LSA from P2 with SN: 5 and FLAG: 1
2023-02-16 13:50:17,697 - INFO - [RECEIVER] - Flag is set
2023-02-16 13:50:17,697 - INFO - [RECEIVER] - LSA SN is 5 greater than 4
2023-02-16 13:50:17,697 - INFO - [RECEIVER] - Sending update to P3
2023-02-16 13:50:18,700 - INFO - [RECEIVER] - Received LSA from P2 with SN: 5 and FLAG: 1
2023-02-16 13:50:18,700 - INFO - [RECEIVER] - Flag is set
2023-02-16 13:50:19,793 - INFO - [RECEIVER] - Received LSA from P3 with SN: 5 and FLAG: 0
2023-02-16 13:50:27,699 - INFO - [Thread-237] - organizeGraph(graph_arg): [['P1', 'P3', 702, 'Hydra90a'], ['P1', 'P2', 345, 'SidRelay']]
2023-02-16 13:50:32,734 - INFO - [RECEIVER] - Received LSA from P2 with SN: 5 and FLAG: 0
2023-02-16 13:50:34,834 - INFO - [RECEIVER] - Received LSA from P3 with SN: 5 and FLAG: 0
2023-02-16 13:50:44,627 - INFO - [RECEIVER] - Calculated latency for P2 to 225 : [165, 120, 168, 157, 215, 209, 376, 307, 336, 198]
2023-02-16 13:50:44,721 - INFO - [Thread-235] - Running Dijkstra: ({'P1': {'P3': 702, 'P2': 474}, 'P2': {'P1': 474}, 'P3': {'P1': 702}}, ['P1', 'P2', 'P3'], {'P1': {'P3': 'Hydra90a', 'P2': 'SidRelay'}, 'P2': {'P1': 'SidRelay'}, 'P3': {'P1': 'Hydra90a'}})
2023-02-16 13:50:47,764 - INFO - [RECEIVER] - Received LSA from P2 with SN: 5 and FLAG: 0
2023-02-16 13:50:49,592 - INFO - [RECEIVER] - Calculated latency for P3 to 176 : [65, 128, 106, 157, 161, 323, 246, 281, 134, 159]
2023-02-16 13:50:49,845 - INFO - [RECEIVER] - Received LSA from P3 with SN: 5 and FLAG: 0
2023-02-16 13:50:57,700 - INFO - [Thread-246] - Running Dijkstra: ({'P1': {'P3': 702, 'P2': 345}, 'P2': {'P1': 345}, 'P3': {'P1': 702}}, ['P1', 'P2', 'P3'], {'P1': {'P3': 'Hydra90a', 'P2': 'SidRelay'}, 'P2': {'P1': 'SidRelay'}, 'P3': {'P1': 'Hydra90a'}})
2023-02-16 13:51:02,750 - INFO - [RECEIVER] - Received LSA from P2 with SN: 6 and FLAG: 1
2023-02-16 13:51:02,750 - INFO - [RECEIVER] - Flag is set
2023-02-16 13:51:02,750 - INFO - [RECEIVER] - LSA SN is 6 greater than 5
2023-02-16 13:51:02,762 - INFO - [RECEIVER] - Sending update to P3
2023-02-16 13:51:03,768 - INFO - [RECEIVER] - Received LSA from P2 with SN: 6 and FLAG: 1
2023-02-16 13:51:03,768 - INFO - [RECEIVER] - Flag is set
2023-02-16 13:51:04,781 - INFO - [RECEIVER] - Received LSA from P3 with SN: 6 and FLAG: 1
2023-02-16 13:51:04,781 - INFO - [RECEIVER] - Flag is set
2023-02-16 13:51:04,781 - INFO - [RECEIVER] - LSA SN is 6 greater than 5
2023-02-16 13:51:04,782 - INFO - [RECEIVER] - Sending update to P2
2023-02-16 13:51:05,786 - INFO - [RECEIVER] - Received LSA from P3 with SN: 6 and FLAG: 1
2023-02-16 13:51:05,786 - INFO - [RECEIVER] - Flag is set
2023-02-16 13:51:12,763 - INFO - [Thread-275] - organizeGraph(graph_arg): [['P1', 'P3', 284, 'Hydra90a'], ['P1', 'P2', 380, 'SidRelay']]
2023-02-16 13:51:14,863 - INFO - [Thread-279] - organizeGraph(graph_arg): [['P1', 'P3', 284, 'Hydra90a'], ['P1', 'P2', 380, 'SidRelay']]
2023-02-16 13:51:17,764 - INFO - [RECEIVER] - Received LSA from P2 with SN: 6 and FLAG: 0
2023-02-16 13:51:19,853 - INFO - [RECEIVER] - Received LSA from P3 with SN: 6 and FLAG: 0
2023-02-16 13:51:32,823 - INFO - [RECEIVER] - Received LSA from P2 with SN: 6 and FLAG: 0
2023-02-16 13:51:34,744 - INFO - [RECEIVER] - Calculated latency for P2 to 210 : [203, 237, 265, 186, 167, 173, 210, 246, 197, 217]
2023-02-16 13:51:34,861 - INFO - [RECEIVER] - Received LSA from P3 with SN: 6 and FLAG: 0
2023-02-16 13:51:39,660 - INFO - [RECEIVER] - Calculated latency for P3 to 155 : [178, 174, 117, 117, 129, 184, 197, 140, 186, 127]
2023-02-16 13:51:42,814 - INFO - [Thread-285] - Running Dijkstra: ({'P1': {'P3': 284, 'P2': 380}, 'P2': {'P1': 380}, 'P3': {'P1': 284}}, ['P1', 'P2', 'P3'], {'P1': {'P3': 'Hydra90a', 'P2': 'SidRelay'}, 'P2': {'P1': 'SidRelay'}, 'P3': {'P1': 'Hydra90a'}})
2023-02-16 13:51:44,867 - INFO - [Thread-289] - Running Dijkstra: ({'P1': {'P3': 284, 'P2': 380}, 'P2': {'P1': 380}, 'P3': {'P1': 284}}, ['P1', 'P2', 'P3'], {'P1': {'P3': 'Hydra90a', 'P2': 'SidRelay'}, 'P2': {'P1': 'SidRelay'}, 'P3': {'P1': 'Hydra90a'}})
2023-02-16 13:51:47,806 - INFO - [RECEIVER] - Received LSA from P2 with SN: 6 and FLAG: 0
2023-02-16 13:51:49,883 - INFO - [RECEIVER] - Received LSA from P3 with SN: 7 and FLAG: 1
2023-02-16 13:51:49,883 - INFO - [RECEIVER] - Flag is set
2023-02-16 13:51:49,883 - INFO - [RECEIVER] - LSA SN is 7 greater than 6
2023-02-16 13:51:49,890 - INFO - [RECEIVER] - Sending update to P2
2023-02-16 13:51:50,919 - INFO - [RECEIVER] - Received LSA from P3 with SN: 7 and FLAG: 1
2023-02-16 13:51:50,919 - INFO - [RECEIVER] - Flag is set
2023-02-16 13:51:59,895 - INFO - [Thread-318] - organizeGraph(graph_arg): [['P1', 'P3', 308, 'Hydra90a'], ['P1', 'P2', 380, 'SidRelay']]
2023-02-16 13:52:02,834 - INFO - [RECEIVER] - Received LSA from P2 with SN: 7 and FLAG: 1
2023-02-16 13:52:02,834 - INFO - [RECEIVER] - Flag is set
2023-02-16 13:52:02,834 - INFO - [RECEIVER] - LSA SN is 7 greater than 6
2023-02-16 13:52:02,834 - INFO - [RECEIVER] - Sending update to P3
2023-02-16 13:52:03,836 - INFO - [RECEIVER] - Received LSA from P2 with SN: 7 and FLAG: 1
2023-02-16 13:52:03,836 - INFO - [RECEIVER] - Flag is set
2023-02-16 13:52:04,990 - INFO - [RECEIVER] - Received LSA from P3 with SN: 7 and FLAG: 0
2023-02-16 13:52:12,847 - INFO - [Thread-329] - organizeGraph(graph_arg): [['P1', 'P3', 308, 'Hydra90a'], ['P1', 'P2', 327, 'SidRelay']]
2023-02-16 13:52:17,837 - INFO - [RECEIVER] - Received LSA from P2 with SN: 7 and FLAG: 0
2023-02-16 13:52:19,935 - INFO - [RECEIVER] - Received LSA from P3 with SN: 7 and FLAG: 0
2023-02-16 13:52:24,999 - INFO - [RECEIVER] - Calculated latency for P2 to 188 : [176, 186, 179, 196, 211, 237, 150, 175, 176, 191]
2023-02-16 13:52:29,912 - INFO - [Thread-326] - Running Dijkstra: ({'P1': {'P3': 308, 'P2': 380}, 'P2': {'P1': 380}, 'P3': {'P1': 308}}, ['P1', 'P2', 'P3'], {'P1': {'P3': 'Hydra90a', 'P2': 'SidRelay'}, 'P2': {'P1': 'SidRelay'}, 'P3': {'P1': 'Hydra90a'}})
2023-02-16 13:52:30,030 - INFO - [RECEIVER] - Calculated latency for P3 to 146 : [144, 122, 145, 201, 174, 88, 124, 118, 122, 218]
2023-02-16 13:52:32,853 - INFO - [RECEIVER] - Received LSA from P2 with SN: 7 and FLAG: 0
2023-02-16 13:52:34,984 - INFO - [RECEIVER] - Received LSA from P3 with SN: 8 and FLAG: 1
2023-02-16 13:52:34,984 - INFO - [RECEIVER] - Flag is set
2023-02-16 13:52:34,984 - INFO - [RECEIVER] - LSA SN is 8 greater than 7
2023-02-16 13:52:34,986 - INFO - [RECEIVER] - Sending update to P2
2023-02-16 13:52:35,994 - INFO - [RECEIVER] - Received LSA from P3 with SN: 8 and FLAG: 1
2023-02-16 13:52:35,994 - INFO - [RECEIVER] - Flag is set
2023-02-16 13:52:42,879 - INFO - [Thread-338] - Running Dijkstra: ({'P1': {'P3': 308, 'P2': 327}, 'P2': {'P1': 327}, 'P3': {'P1': 308}}, ['P1', 'P2', 'P3'], {'P1': {'P3': 'Hydra90a', 'P2': 'SidRelay'}, 'P2': {'P1': 'SidRelay'}, 'P3': {'P1': 'Hydra90a'}})
2023-02-16 13:52:45,033 - INFO - [Thread-356] - organizeGraph(graph_arg): [['P1', 'P3', 231, 'Hydra90a'], ['P1', 'P2', 327, 'SidRelay']]
2023-02-16 13:52:47,904 - INFO - [RECEIVER] - Received LSA from P2 with SN: 8 and FLAG: 1
2023-02-16 13:52:47,905 - INFO - [RECEIVER] - Flag is set
2023-02-16 13:52:47,905 - INFO - [RECEIVER] - LSA SN is 8 greater than 7
2023-02-16 13:52:47,908 - INFO - [RECEIVER] - Sending update to P3
2023-02-16 13:52:48,992 - INFO - [RECEIVER] - Received LSA from P2 with SN: 8 and FLAG: 1
2023-02-16 13:52:48,993 - INFO - [RECEIVER] - Flag is set
2023-02-16 13:52:50,011 - INFO - [RECEIVER] - Received LSA from P3 with SN: 8 and FLAG: 0
2023-02-16 13:52:57,967 - INFO - [Thread-369] - organizeGraph(graph_arg): [['P1', 'P3', 231, 'Hydra90a'], ['P1', 'P2', 280, 'SidRelay']]
2023-02-16 13:53:02,898 - INFO - [RECEIVER] - Received LSA from P2 with SN: 8 and FLAG: 0
2023-02-16 13:53:04,974 - INFO - [RECEIVER] - Received LSA from P3 with SN: 8 and FLAG: 0
2023-02-16 13:53:15,059 - INFO - [Thread-365] - Running Dijkstra: ({'P1': {'P3': 231, 'P2': 327}, 'P2': {'P1': 327}, 'P3': {'P1': 231}}, ['P1', 'P2', 'P3'], {'P1': {'P3': 'Hydra90a', 'P2': 'SidRelay'}, 'P2': {'P1': 'SidRelay'}, 'P3': {'P1': 'Hydra90a'}})
2023-02-16 13:53:15,338 - INFO - [RECEIVER] - Calculated latency for P2 to 334 : [247, 1172, 323, 262, 246, 241, 224, 193, 200, 227]
2023-02-16 13:53:17,877 - INFO - [RECEIVER] - Received LSA from P2 with SN: 8 and FLAG: 0
2023-02-16 13:53:20,015 - INFO - [RECEIVER] - Received LSA from P3 with SN: 8 and FLAG: 0
2023-02-16 13:53:20,237 - INFO - [RECEIVER] - Calculated latency for P3 to 274 : [1176, 273, 211, 189, 181, 165, 121, 157, 144, 121]
2023-02-16 13:53:27,981 - INFO - [Thread-378] - Running Dijkstra: ({'P1': {'P3': 231, 'P2': 280}, 'P2': {'P1': 280}, 'P3': {'P1': 231}}, ['P1', 'P2', 'P3'], {'P1': {'P3': 'Hydra90a', 'P2': 'SidRelay'}, 'P2': {'P1': 'SidRelay'}, 'P3': {'P1': 'Hydra90a'}})
2023-02-16 13:53:32,922 - INFO - [RECEIVER] - Received LSA from P2 with SN: 9 and FLAG: 1
2023-02-16 13:53:32,922 - INFO - [RECEIVER] - Flag is set
2023-02-16 13:53:32,923 - INFO - [RECEIVER] - LSA SN is 9 greater than 8
2023-02-16 13:53:32,935 - INFO - [RECEIVER] - Sending update to P3
2023-02-16 13:53:33,944 - INFO - [RECEIVER] - Received LSA from P2 with SN: 9 and FLAG: 1
2023-02-16 13:53:33,944 - INFO - [RECEIVER] - Flag is set
2023-02-16 13:53:35,106 - INFO - [RECEIVER] - Received LSA from P3 with SN: 9 and FLAG: 1
2023-02-16 13:53:35,106 - INFO - [RECEIVER] - Flag is set
2023-02-16 13:53:35,106 - INFO - [RECEIVER] - LSA SN is 9 greater than 8
2023-02-16 13:53:35,122 - INFO - [RECEIVER] - Sending update to P2
2023-02-16 13:53:36,157 - INFO - [RECEIVER] - Received LSA from P3 with SN: 9 and FLAG: 1
2023-02-16 13:53:36,157 - INFO - [RECEIVER] - Flag is set
2023-02-16 13:53:42,940 - INFO - [Thread-407] - organizeGraph(graph_arg): [['P1', 'P3', 226, 'Hydra90a'], ['P1', 'P2', 292, 'SidRelay']]
2023-02-16 13:53:45,232 - INFO - [Thread-409] - organizeGraph(graph_arg): [['P1', 'P3', 226, 'Hydra90a'], ['P1', 'P2', 292, 'SidRelay']]
2023-02-16 13:53:47,905 - INFO - [RECEIVER] - Received LSA from P2 with SN: 9 and FLAG: 0
2023-02-16 13:53:50,115 - INFO - [RECEIVER] - Received LSA from P3 with SN: 9 and FLAG: 0
2023-02-16 13:54:02,912 - INFO - [RECEIVER] - Received LSA from P2 with SN: 9 and FLAG: 0
2023-02-16 13:54:05,080 - INFO - [RECEIVER] - Received LSA from P3 with SN: 9 and FLAG: 0
2023-02-16 13:54:05,682 - INFO - [RECEIVER] - Calculated latency for P2 to 327 : [181, 213, 221, 1313, 346, 250, 268, 206, 129, 145]
2023-02-16 13:54:10,866 - INFO - [RECEIVER] - Calculated latency for P3 to 242 : [159, 162, 979, 240, 212, 216, 171, 85, 91, 101]
2023-02-16 13:54:12,949 - INFO - [Thread-417] - Running Dijkstra: ({'P1': {'P3': 226, 'P2': 292}, 'P2': {'P1': 292}, 'P3': {'P1': 226}}, ['P1', 'P2', 'P3'], {'P1': {'P3': 'Hydra90a', 'P2': 'SidRelay'}, 'P2': {'P1': 'SidRelay'}, 'P3': {'P1': 'Hydra90a'}})
2023-02-16 13:54:15,400 - INFO - [Thread-419] - Running Dijkstra: ({'P1': {'P3': 226, 'P2': 292}, 'P2': {'P1': 292}, 'P3': {'P1': 226}}, ['P1', 'P2', 'P3'], {'P1': {'P3': 'Hydra90a', 'P2': 'SidRelay'}, 'P2': {'P1': 'SidRelay'}, 'P3': {'P1': 'Hydra90a'}})
2023-02-16 13:54:17,902 - INFO - [RECEIVER] - Received LSA from P2 with SN: 9 and FLAG: 0
2023-02-16 13:54:20,137 - INFO - [RECEIVER] - Received LSA from P3 with SN: 10 and FLAG: 1
2023-02-16 13:54:20,137 - INFO - [RECEIVER] - Flag is set
2023-02-16 13:54:20,137 - INFO - [RECEIVER] - LSA SN is 10 greater than 9
2023-02-16 13:54:20,164 - INFO - [RECEIVER] - Sending update to P2
2023-02-16 13:54:21,186 - INFO - [RECEIVER] - Received LSA from P3 with SN: 10 and FLAG: 1
2023-02-16 13:54:21,186 - INFO - [RECEIVER] - Flag is set
2023-02-16 13:54:30,164 - INFO - [Thread-448] - organizeGraph(graph_arg): [['P1', 'P3', 197, 'Hydra90a'], ['P1', 'P2', 292, 'SidRelay']]
2023-02-16 13:54:32,985 - INFO - [RECEIVER] - Received LSA from P2 with SN: 10 and FLAG: 1
2023-02-16 13:54:32,986 - INFO - [RECEIVER] - Flag is set
2023-02-16 13:54:32,986 - INFO - [RECEIVER] - LSA SN is 10 greater than 9
2023-02-16 13:54:32,988 - INFO - [RECEIVER] - Sending update to P3
2023-02-16 13:54:33,990 - INFO - [RECEIVER] - Received LSA from P2 with SN: 10 and FLAG: 1
2023-02-16 13:54:33,990 - INFO - [RECEIVER] - Flag is set
2023-02-16 13:54:35,148 - INFO - [RECEIVER] - Received LSA from P3 with SN: 10 and FLAG: 0
2023-02-16 13:54:42,988 - INFO - [Thread-461] - organizeGraph(graph_arg): [['P1', 'P3', 197, 'Hydra90a'], ['P1', 'P2', 228, 'SidRelay']]
2023-02-16 13:54:47,989 - INFO - [RECEIVER] - Received LSA from P2 with SN: 10 and FLAG: 0
2023-02-16 13:54:50,153 - INFO - [RECEIVER] - Received LSA from P3 with SN: 10 and FLAG: 0
2023-02-16 13:54:56,174 - INFO - [RECEIVER] - Calculated latency for P2 to 188 : [155, 124, 528, 120, 130, 226, 157, 163, 133, 139]
2023-02-16 13:55:00,252 - INFO - [Thread-457] - Running Dijkstra: ({'P1': {'P3': 197, 'P2': 292}, 'P2': {'P1': 292}, 'P3': {'P1': 197}}, ['P1', 'P2', 'P3'], {'P1': {'P3': 'Hydra90a', 'P2': 'SidRelay'}, 'P2': {'P1': 'SidRelay'}, 'P3': {'P1': 'Hydra90a'}})
2023-02-16 13:55:01,109 - INFO - [RECEIVER] - Calculated latency for P3 to 152 : [215, 399, 205, 76, 165, 106, 105, 76, 100, 68]
2023-02-16 13:55:03,012 - INFO - [RECEIVER] - Received LSA from P2 with SN: 10 and FLAG: 0
2023-02-16 13:55:05,255 - INFO - [RECEIVER] - Received LSA from P3 with SN: 11 and FLAG: 1
2023-02-16 13:55:05,255 - INFO - [RECEIVER] - Flag is set
2023-02-16 13:55:05,256 - INFO - [RECEIVER] - LSA SN is 11 greater than 10
2023-02-16 13:55:05,263 - INFO - [RECEIVER] - Sending update to P2
2023-02-16 13:55:06,312 - INFO - [RECEIVER] - Received LSA from P3 with SN: 11 and FLAG: 1
2023-02-16 13:55:06,312 - INFO - [RECEIVER] - Flag is set
2023-02-16 13:55:13,019 - INFO - [Thread-470] - Running Dijkstra: ({'P1': {'P3': 197, 'P2': 228}, 'P2': {'P1': 228}, 'P3': {'P1': 197}}, ['P1', 'P2', 'P3'], {'P1': {'P3': 'Hydra90a', 'P2': 'SidRelay'}, 'P2': {'P1': 'SidRelay'}, 'P3': {'P1': 'Hydra90a'}})
2023-02-16 13:55:15,265 - INFO - [Thread-488] - organizeGraph(graph_arg): [['P1', 'P3', 542, 'Hydra90a'], ['P1', 'P2', 228, 'SidRelay']]
2023-02-16 13:55:18,025 - INFO - [RECEIVER] - Received LSA from P2 with SN: 11 and FLAG: 1
2023-02-16 13:55:18,025 - INFO - [RECEIVER] - Flag is set
2023-02-16 13:55:18,025 - INFO - [RECEIVER] - LSA SN is 11 greater than 10
2023-02-16 13:55:18,037 - INFO - [RECEIVER] - Sending update to P3
2023-02-16 13:55:19,039 - INFO - [RECEIVER] - Received LSA from P2 with SN: 11 and FLAG: 1
2023-02-16 13:55:19,039 - INFO - [RECEIVER] - Flag is set
2023-02-16 13:55:20,270 - INFO - [RECEIVER] - Received LSA from P3 with SN: 11 and FLAG: 0
2023-02-16 13:55:28,053 - INFO - [Thread-501] - organizeGraph(graph_arg): [['P1', 'P3', 542, 'Hydra90a'], ['P1', 'P2', 178, 'SidRelay']]
2023-02-16 13:55:33,146 - INFO - [RECEIVER] - Received LSA from P2 with SN: 11 and FLAG: 0
2023-02-16 13:55:35,478 - INFO - [RECEIVER] - Received LSA from P3 with SN: 11 and FLAG: 0
2023-02-16 13:55:45,268 - INFO - [Thread-497] - Running Dijkstra: ({'P1': {'P3': 542, 'P2': 228}, 'P2': {'P1': 228}, 'P3': {'P1': 542}}, ['P1', 'P2', 'P3'], {'P1': {'P3': 'Hydra90a', 'P2': 'SidRelay'}, 'P2': {'P1': 'SidRelay'}, 'P3': {'P1': 'Hydra90a'}})
2023-02-16 13:55:46,540 - INFO - [RECEIVER] - Calculated latency for P2 to 213 : [116, 301, 145, 153, 145, 230, 209, 310, 261, 259]
2023-02-16 13:55:48,181 - INFO - [RECEIVER] - Received LSA from P2 with SN: 11 and FLAG: 0
2023-02-16 13:55:50,490 - INFO - [RECEIVER] - Received LSA from P3 with SN: 11 and FLAG: 0
2023-02-16 13:55:51,486 - INFO - [RECEIVER] - Calculated latency for P3 to 174 : [214, 95, 100, 93, 178, 181, 262, 215, 208, 194]
2023-02-16 13:55:58,070 - INFO - [Thread-510] - Running Dijkstra: ({'P1': {'P3': 542, 'P2': 178}, 'P2': {'P1': 178}, 'P3': {'P1': 542}}, ['P1', 'P2', 'P3'], {'P1': {'P3': 'Hydra90a', 'P2': 'SidRelay'}, 'P2': {'P1': 'SidRelay'}, 'P3': {'P1': 'Hydra90a'}})
2023-02-16 13:56:03,230 - INFO - [RECEIVER] - Received LSA from P2 with SN: 12 and FLAG: 1
2023-02-16 13:56:03,230 - INFO - [RECEIVER] - Flag is set
2023-02-16 13:56:03,230 - INFO - [RECEIVER] - LSA SN is 12 greater than 11
2023-02-16 13:56:03,236 - INFO - [RECEIVER] - Sending update to P3
2023-02-16 13:56:04,376 - INFO - [RECEIVER] - Received LSA from P2 with SN: 12 and FLAG: 1
2023-02-16 13:56:04,378 - INFO - [RECEIVER] - Flag is set
2023-02-16 13:56:05,455 - INFO - [RECEIVER] - Received LSA from P3 with SN: 12 and FLAG: 1
2023-02-16 13:56:05,456 - INFO - [RECEIVER] - Flag is set
2023-02-16 13:56:05,456 - INFO - [RECEIVER] - LSA SN is 12 greater than 11
2023-02-16 13:56:05,469 - INFO - [RECEIVER] - Sending update to P2
2023-02-16 13:56:06,473 - INFO - [RECEIVER] - Received LSA from P3 with SN: 12 and FLAG: 1
2023-02-16 13:56:06,473 - INFO - [RECEIVER] - Flag is set
2023-02-16 13:56:13,344 - INFO - [Thread-539] - organizeGraph(graph_arg): [['P1', 'P3', 208, 'Hydra90a'], ['P1', 'P2', 210, 'SidRelay']]
2023-02-16 13:56:15,564 - INFO - [Thread-541] - organizeGraph(graph_arg): [['P1', 'P3', 208, 'Hydra90a'], ['P1', 'P2', 210, 'SidRelay']]
2023-02-16 13:56:18,253 - INFO - [RECEIVER] - Received LSA from P2 with SN: 12 and FLAG: 0
2023-02-16 13:56:20,658 - INFO - [RECEIVER] - Received LSA from P3 with SN: 12 and FLAG: 0
2023-02-16 13:56:33,297 - INFO - [RECEIVER] - Received LSA from P2 with SN: 12 and FLAG: 0
2023-02-16 13:56:35,754 - INFO - [RECEIVER] - Received LSA from P3 with SN: 12 and FLAG: 0
2023-02-16 13:56:36,908 - INFO - [RECEIVER] - Calculated latency for P2 to 180 : [265, 182, 144, 247, 117, 147, 131, 128, 198, 241]
2023-02-16 13:56:41,855 - INFO - [RECEIVER] - Calculated latency for P3 to 115 : [131, 100, 111, 70, 92, 74, 75, 129, 190, 182]
2023-02-16 13:56:43,503 - INFO - [Thread-549] - Running Dijkstra: ({'P1': {'P3': 208, 'P2': 210}, 'P2': {'P1': 210}, 'P3': {'P1': 208}}, ['P1', 'P2', 'P3'], {'P1': {'P3': 'Hydra90a', 'P2': 'SidRelay'}, 'P2': {'P1': 'SidRelay'}, 'P3': {'P1': 'Hydra90a'}})
2023-02-16 13:56:45,569 - INFO - [Thread-551] - Running Dijkstra: ({'P1': {'P3': 208, 'P2': 210}, 'P2': {'P1': 210}, 'P3': {'P1': 208}}, ['P1', 'P2', 'P3'], {'P1': {'P3': 'Hydra90a', 'P2': 'SidRelay'}, 'P2': {'P1': 'SidRelay'}, 'P3': {'P1': 'Hydra90a'}})
2023-02-16 13:56:48,333 - INFO - [RECEIVER] - Received LSA from P2 with SN: 12 and FLAG: 0
2023-02-16 13:56:50,722 - INFO - [RECEIVER] - Received LSA from P3 with SN: 13 and FLAG: 1
2023-02-16 13:56:50,722 - INFO - [RECEIVER] - Flag is set
2023-02-16 13:56:50,722 - INFO - [RECEIVER] - LSA SN is 13 greater than 12
2023-02-16 13:56:50,736 - INFO - [RECEIVER] - Sending update to P2
2023-02-16 13:56:51,738 - INFO - [RECEIVER] - Received LSA from P3 with SN: 13 and FLAG: 1
2023-02-16 13:56:51,738 - INFO - [RECEIVER] - Flag is set
2023-02-16 13:57:00,736 - INFO - [Thread-580] - organizeGraph(graph_arg): [['P1', 'P3', 129, 'Hydra90a'], ['P1', 'P2', 210, 'SidRelay']]
2023-02-16 13:57:03,303 - INFO - [RECEIVER] - Received LSA from P2 with SN: 13 and FLAG: 1
2023-02-16 13:57:03,303 - INFO - [RECEIVER] - Flag is set
2023-02-16 13:57:03,303 - INFO - [RECEIVER] - LSA SN is 13 greater than 12
2023-02-16 13:57:03,313 - INFO - [RECEIVER] - Sending update to P3
2023-02-16 13:57:04,315 - INFO - [RECEIVER] - Received LSA from P2 with SN: 13 and FLAG: 1
2023-02-16 13:57:04,315 - INFO - [RECEIVER] - Flag is set
2023-02-16 13:57:05,699 - INFO - [RECEIVER] - Received LSA from P3 with SN: 13 and FLAG: 0
2023-02-16 13:57:13,331 - INFO - [Thread-593] - organizeGraph(graph_arg): [['P1', 'P3', 129, 'Hydra90a'], ['P1', 'P2', 175, 'SidRelay']]
2023-02-16 13:57:18,474 - INFO - [RECEIVER] - Received LSA from P2 with SN: 13 and FLAG: 0
2023-02-16 13:57:20,741 - INFO - [RECEIVER] - Received LSA from P3 with SN: 13 and FLAG: 0
2023-02-16 13:57:27,334 - INFO - [RECEIVER] - Calculated latency for P2 to 168 : [215, 210, 240, 185, 119, 128, 129, 115, 129, 209]
2023-02-16 13:57:30,756 - INFO - [Thread-589] - Running Dijkstra: ({'P1': {'P3': 129, 'P2': 210}, 'P2': {'P1': 210}, 'P3': {'P1': 129}}, ['P1', 'P2', 'P3'], {'P1': {'P3': 'Hydra90a', 'P2': 'SidRelay'}, 'P2': {'P1': 'SidRelay'}, 'P3': {'P1': 'Hydra90a'}})
2023-02-16 13:57:32,308 - INFO - [RECEIVER] - Calculated latency for P3 to 117 : [166, 165, 131, 70, 106, 80, 72, 76, 142, 159]
2023-02-16 13:57:33,659 - INFO - [RECEIVER] - Received LSA from P2 with SN: 13 and FLAG: 0
2023-02-16 13:57:35,794 - INFO - [RECEIVER] - Received LSA from P3 with SN: 14 and FLAG: 1
2023-02-16 13:57:35,794 - INFO - [RECEIVER] - Flag is set
2023-02-16 13:57:35,794 - INFO - [RECEIVER] - LSA SN is 14 greater than 13
2023-02-16 13:57:35,796 - INFO - [RECEIVER] - Sending update to P2
2023-02-16 13:57:36,798 - INFO - [RECEIVER] - Received LSA from P3 with SN: 14 and FLAG: 1
2023-02-16 13:57:36,798 - INFO - [RECEIVER] - Flag is set
2023-02-16 13:57:43,351 - INFO - [Thread-602] - Running Dijkstra: ({'P1': {'P3': 129, 'P2': 175}, 'P2': {'P1': 175}, 'P3': {'P1': 129}}, ['P1', 'P2', 'P3'], {'P1': {'P3': 'Hydra90a', 'P2': 'SidRelay'}, 'P2': {'P1': 'SidRelay'}, 'P3': {'P1': 'Hydra90a'}})
2023-02-16 13:57:45,796 - INFO - [Thread-620] - organizeGraph(graph_arg): [['P1', 'P3', 120, 'Hydra90a'], ['P1', 'P2', 175, 'SidRelay']]
2023-02-16 13:57:48,651 - INFO - [RECEIVER] - Received LSA from P2 with SN: 14 and FLAG: 1
2023-02-16 13:57:48,651 - INFO - [RECEIVER] - Flag is set
2023-02-16 13:57:48,651 - INFO - [RECEIVER] - LSA SN is 14 greater than 13
2023-02-16 13:57:48,674 - INFO - [RECEIVER] - Sending update to P3
2023-02-16 13:57:49,676 - INFO - [RECEIVER] - Received LSA from P2 with SN: 14 and FLAG: 1
2023-02-16 13:57:49,676 - INFO - [RECEIVER] - Flag is set
2023-02-16 13:57:50,772 - INFO - [RECEIVER] - Received LSA from P3 with SN: 14 and FLAG: 0
2023-02-16 13:57:58,675 - INFO - [Thread-633] - organizeGraph(graph_arg): [['P1', 'P3', 120, 'Hydra90a'], ['P1', 'P2', 154, 'SidRelay']]
2023-02-16 13:58:03,670 - INFO - [RECEIVER] - Received LSA from P2 with SN: 14 and FLAG: 0
2023-02-16 13:58:05,782 - INFO - [RECEIVER] - Received LSA from P3 with SN: 14 and FLAG: 0
2023-02-16 13:58:15,821 - INFO - [Thread-629] - Running Dijkstra: ({'P1': {'P3': 120, 'P2': 175}, 'P2': {'P1': 175}, 'P3': {'P1': 120}}, ['P1', 'P2', 'P3'], {'P1': {'P3': 'Hydra90a', 'P2': 'SidRelay'}, 'P2': {'P1': 'SidRelay'}, 'P3': {'P1': 'Hydra90a'}})
2023-02-16 13:58:17,586 - INFO - [RECEIVER] - Calculated latency for P2 to 293 : [210, 182, 179, 146, 126, 123, 130, 127, 1576, 131]
2023-02-16 13:58:18,684 - INFO - [RECEIVER] - Received LSA from P2 with SN: 14 and FLAG: 0
2023-02-16 13:58:20,865 - INFO - [RECEIVER] - Received LSA from P3 with SN: 14 and FLAG: 0
2023-02-16 13:58:22,602 - INFO - [RECEIVER] - Calculated latency for P3 to 266 : [137, 133, 96, 100, 105, 78, 77, 1570, 231, 137]
2023-02-16 13:58:28,688 - INFO - [Thread-642] - Running Dijkstra: ({'P1': {'P3': 120, 'P2': 154}, 'P2': {'P1': 154}, 'P3': {'P1': 120}}, ['P1', 'P2', 'P3'], {'P1': {'P3': 'Hydra90a', 'P2': 'SidRelay'}, 'P2': {'P1': 'SidRelay'}, 'P3': {'P1': 'Hydra90a'}})
2023-02-16 13:58:36,525 - INFO - [RECEIVER] - Received LSA from P3 with SN: 15 and FLAG: 1
2023-02-16 13:58:36,526 - INFO - [RECEIVER] - Flag is set
2023-02-16 13:58:36,526 - INFO - [RECEIVER] - LSA SN is 15 greater than 14
2023-02-16 13:58:36,534 - INFO - [RECEIVER] - Sending update to P2
2023-02-16 13:58:37,537 - INFO - [RECEIVER] - Received LSA from P2 with SN: 15 and FLAG: 1
2023-02-16 13:58:37,538 - INFO - [RECEIVER] - Flag is set
2023-02-16 13:58:37,538 - INFO - [RECEIVER] - LSA SN is 15 greater than 14
2023-02-16 13:58:37,538 - INFO - [RECEIVER] - Sending update to P3
2023-02-16 13:58:38,555 - INFO - [RECEIVER] - Received LSA from P3 with SN: 15 and FLAG: 1
2023-02-16 13:58:38,555 - INFO - [RECEIVER] - Flag is set
2023-02-16 13:58:38,558 - INFO - [RECEIVER] - Received LSA from P2 with SN: 15 and FLAG: 1
2023-02-16 13:58:38,558 - INFO - [RECEIVER] - Flag is set
2023-02-16 13:58:46,588 - INFO - [Thread-671] - organizeGraph(graph_arg): [['P1', 'P3', 267, 'Hydra90a'], ['P1', 'P2', 494, 'SidRelay']]
2023-02-16 13:58:47,539 - INFO - [Thread-672] - organizeGraph(graph_arg): [['P1', 'P3', 267, 'Hydra90a'], ['P1', 'P2', 494, 'SidRelay']]
2023-02-16 13:58:48,730 - INFO - [RECEIVER] - Received LSA from P2 with SN: 15 and FLAG: 0
2023-02-16 13:58:51,008 - INFO - [RECEIVER] - Received LSA from P3 with SN: 15 and FLAG: 0
2023-02-16 13:59:03,738 - INFO - [RECEIVER] - Received LSA from P2 with SN: 15 and FLAG: 0
2023-02-16 13:59:06,216 - INFO - [RECEIVER] - Received LSA from P3 with SN: 15 and FLAG: 0
2023-02-16 13:59:07,827 - INFO - [RECEIVER] - Calculated latency for P2 to 246 : [111, 212, 147, 1074, 195, 209, 132, 127, 125, 125]
2023-02-16 13:59:12,808 - INFO - [RECEIVER] - Calculated latency for P3 to 201 : [82, 92, 1072, 154, 172, 85, 85, 84, 87, 100]
2023-02-16 13:59:16,612 - INFO - [Thread-682] - Running Dijkstra: ({'P1': {'P3': 267, 'P2': 494}, 'P2': {'P1': 494}, 'P3': {'P1': 267}}, ['P1', 'P2', 'P3'], {'P1': {'P3': 'Hydra90a', 'P2': 'SidRelay'}, 'P2': {'P1': 'SidRelay'}, 'P3': {'P1': 'Hydra90a'}})
2023-02-16 13:59:17,610 - INFO - [Thread-683] - Running Dijkstra: ({'P1': {'P3': 267, 'P2': 494}, 'P2': {'P1': 494}, 'P3': {'P1': 267}}, ['P1', 'P2', 'P3'], {'P1': {'P3': 'Hydra90a', 'P2': 'SidRelay'}, 'P2': {'P1': 'SidRelay'}, 'P3': {'P1': 'Hydra90a'}})
2023-02-16 13:59:18,774 - INFO - [RECEIVER] - Received LSA from P2 with SN: 15 and FLAG: 0
2023-02-16 13:59:21,256 - INFO - [RECEIVER] - Received LSA from P3 with SN: 16 and FLAG: 1
2023-02-16 13:59:21,257 - INFO - [RECEIVER] - Flag is set
2023-02-16 13:59:21,258 - INFO - [RECEIVER] - LSA SN is 16 greater than 15
2023-02-16 13:59:21,260 - INFO - [RECEIVER] - Sending update to P2
2023-02-16 13:59:22,263 - INFO - [RECEIVER] - Received LSA from P3 with SN: 16 and FLAG: 1
2023-02-16 13:59:22,263 - INFO - [RECEIVER] - Flag is set
2023-02-16 13:59:31,261 - INFO - [Thread-712] - organizeGraph(graph_arg): [['P1', 'P3', 210, 'Hydra90a'], ['P1', 'P2', 494, 'SidRelay']]
2023-02-16 13:59:33,827 - INFO - [RECEIVER] - Received LSA from P2 with SN: 16 and FLAG: 1
2023-02-16 13:59:33,827 - INFO - [RECEIVER] - Flag is set
2023-02-16 13:59:33,827 - INFO - [RECEIVER] - LSA SN is 16 greater than 15
2023-02-16 13:59:33,830 - INFO - [RECEIVER] - Sending update to P3
2023-02-16 13:59:34,831 - INFO - [RECEIVER] - Received LSA from P2 with SN: 16 and FLAG: 1
2023-02-16 13:59:34,831 - INFO - [RECEIVER] - Flag is set
2023-02-16 13:59:36,306 - INFO - [RECEIVER] - Received LSA from P3 with SN: 16 and FLAG: 0
2023-02-16 13:59:43,913 - INFO - [Thread-725] - organizeGraph(graph_arg): [['P1', 'P3', 210, 'Hydra90a'], ['P1', 'P2', 482, 'SidRelay']]
2023-02-16 13:59:48,965 - INFO - [RECEIVER] - Received LSA from P2 with SN: 16 and FLAG: 0
2023-02-16 13:59:51,363 - INFO - [RECEIVER] - Received LSA from P3 with SN: 16 and FLAG: 0
2023-02-16 13:59:58,128 - INFO - [RECEIVER] - Calculated latency for P2 to 218 : [121, 136, 139, 231, 256, 342, 342, 301, 162, 145]
2023-02-16 14:00:01,291 - INFO - [Thread-721] - Running Dijkstra: ({'P1': {'P3': 210, 'P2': 494}, 'P2': {'P1': 494}, 'P3': {'P1': 210}}, ['P1', 'P2', 'P3'], {'P1': {'P3': 'Hydra90a', 'P2': 'SidRelay'}, 'P2': {'P1': 'SidRelay'}, 'P3': {'P1': 'Hydra90a'}})
2023-02-16 14:00:03,091 - INFO - [RECEIVER] - Calculated latency for P3 to 174 : [90, 100, 182, 203, 311, 294, 241, 112, 110, 100]
2023-02-16 14:00:03,973 - INFO - [RECEIVER] - Received LSA from P2 with SN: 16 and FLAG: 0
2023-02-16 14:00:06,348 - INFO - [RECEIVER] - Received LSA from P3 with SN: 17 and FLAG: 1
2023-02-16 14:00:06,348 - INFO - [RECEIVER] - Flag is set
2023-02-16 14:00:06,348 - INFO - [RECEIVER] - LSA SN is 17 greater than 16
2023-02-16 14:00:06,363 - INFO - [RECEIVER] - Sending update to P2
2023-02-16 14:00:07,366 - INFO - [RECEIVER] - Received LSA from P3 with SN: 17 and FLAG: 1
2023-02-16 14:00:07,366 - INFO - [RECEIVER] - Flag is set
2023-02-16 14:00:13,949 - INFO - [Thread-734] - Running Dijkstra: ({'P1': {'P3': 210, 'P2': 482}, 'P2': {'P1': 482}, 'P3': {'P1': 210}}, ['P1', 'P2', 'P3'], {'P1': {'P3': 'Hydra90a', 'P2': 'SidRelay'}, 'P2': {'P1': 'SidRelay'}, 'P3': {'P1': 'Hydra90a'}})
2023-02-16 14:00:16,363 - INFO - [Thread-752] - organizeGraph(graph_arg): [['P1', 'P3', 200, 'Hydra90a'], ['P1', 'P2', 482, 'SidRelay']]
2023-02-16 14:00:18,989 - INFO - [RECEIVER] - Received LSA from P2 with SN: 17 and FLAG: 1
2023-02-16 14:00:18,989 - INFO - [RECEIVER] - Flag is set
2023-02-16 14:00:18,989 - INFO - [RECEIVER] - LSA SN is 17 greater than 16
2023-02-16 14:00:18,991 - INFO - [RECEIVER] - Sending update to P3
2023-02-16 14:00:20,038 - INFO - [RECEIVER] - Received LSA from P2 with SN: 17 and FLAG: 1
2023-02-16 14:00:20,039 - INFO - [RECEIVER] - Flag is set
2023-02-16 14:00:21,380 - INFO - [RECEIVER] - Received LSA from P3 with SN: 17 and FLAG: 0
2023-02-16 14:00:28,991 - INFO - [Thread-765] - organizeGraph(graph_arg): [['P1', 'P3', 200, 'Hydra90a'], ['P1', 'P2', 418, 'SidRelay']]
2023-02-16 14:00:34,114 - INFO - [RECEIVER] - Received LSA from P2 with SN: 17 and FLAG: 0
2023-02-16 14:00:36,438 - INFO - [RECEIVER] - Received LSA from P3 with SN: 17 and FLAG: 0
2023-02-16 14:00:46,379 - INFO - [Thread-761] - Running Dijkstra: ({'P1': {'P3': 200, 'P2': 482}, 'P2': {'P1': 482}, 'P3': {'P1': 200}}, ['P1', 'P2', 'P3'], {'P1': {'P3': 'Hydra90a', 'P2': 'SidRelay'}, 'P2': {'P1': 'SidRelay'}, 'P3': {'P1': 'Hydra90a'}})
2023-02-16 14:00:48,390 - INFO - [RECEIVER] - Calculated latency for P2 to 175 : [145, 134, 132, 128, 192, 193, 181, 280, 174, 190]
2023-02-16 14:00:49,074 - INFO - [RECEIVER] - Received LSA from P2 with SN: 17 and FLAG: 0
2023-02-16 14:00:51,434 - INFO - [RECEIVER] - Received LSA from P3 with SN: 17 and FLAG: 0
2023-02-16 14:00:53,325 - INFO - [RECEIVER] - Calculated latency for P3 to 130 : [85, 92, 75, 135, 146, 137, 231, 125, 153, 123]
2023-02-16 14:00:59,057 - INFO - [Thread-774] - Running Dijkstra: ({'P1': {'P3': 200, 'P2': 418}, 'P2': {'P1': 418}, 'P3': {'P1': 200}}, ['P1', 'P2', 'P3'], {'P1': {'P3': 'Hydra90a', 'P2': 'SidRelay'}, 'P2': {'P1': 'SidRelay'}, 'P3': {'P1': 'Hydra90a'}})
2023-02-16 14:01:04,100 - INFO - [RECEIVER] - Received LSA from P2 with SN: 18 and FLAG: 1
2023-02-16 14:01:04,100 - INFO - [RECEIVER] - Flag is set
2023-02-16 14:01:04,100 - INFO - [RECEIVER] - LSA SN is 18 greater than 17
2023-02-16 14:01:04,110 - INFO - [RECEIVER] - Sending update to P3
2023-02-16 14:01:05,124 - INFO - [RECEIVER] - Received LSA from P2 with SN: 18 and FLAG: 1
2023-02-16 14:01:05,124 - INFO - [RECEIVER] - Flag is set
2023-02-16 14:01:06,448 - INFO - [RECEIVER] - Received LSA from P3 with SN: 18 and FLAG: 1
2023-02-16 14:01:06,449 - INFO - [RECEIVER] - Flag is set
2023-02-16 14:01:06,449 - INFO - [RECEIVER] - LSA SN is 18 greater than 17
2023-02-16 14:01:06,460 - INFO - [RECEIVER] - Sending update to P2
2023-02-16 14:01:07,462 - INFO - [RECEIVER] - Received LSA from P3 with SN: 18 and FLAG: 1
2023-02-16 14:01:07,462 - INFO - [RECEIVER] - Flag is set
2023-02-16 14:01:14,200 - INFO - [Thread-803] - organizeGraph(graph_arg): [['P1', 'P3', 127, 'Hydra90a'], ['P1', 'P2', 182, 'SidRelay']]
2023-02-16 14:01:16,524 - INFO - [Thread-805] - organizeGraph(graph_arg): [['P1', 'P3', 127, 'Hydra90a'], ['P1', 'P2', 182, 'SidRelay']]
2023-02-16 14:01:19,104 - INFO - [RECEIVER] - Received LSA from P2 with SN: 18 and FLAG: 0
2023-02-16 14:01:21,448 - INFO - [RECEIVER] - Received LSA from P3 with SN: 18 and FLAG: 0
2023-02-16 14:01:34,117 - INFO - [RECEIVER] - Received LSA from P2 with SN: 18 and FLAG: 0
2023-02-16 14:01:36,466 - INFO - [RECEIVER] - Received LSA from P3 with SN: 18 and FLAG: 0
2023-02-16 14:01:38,439 - INFO - [RECEIVER] - Calculated latency for P2 to 131 : [162, 142, 132, 125, 119, 118, 134, 122, 137, 115]
2023-02-16 14:01:43,406 - INFO - [RECEIVER] - Calculated latency for P3 to 84 : [99, 83, 87, 96, 76, 87, 83, 80, 73, 78]
2023-02-16 14:01:44,212 - INFO - [Thread-813] - Running Dijkstra: ({'P1': {'P3': 127, 'P2': 182}, 'P2': {'P1': 182}, 'P3': {'P1': 127}}, ['P1', 'P2', 'P3'], {'P1': {'P3': 'Hydra90a', 'P2': 'SidRelay'}, 'P2': {'P1': 'SidRelay'}, 'P3': {'P1': 'Hydra90a'}})
2023-02-16 14:01:46,556 - INFO - [Thread-815] - Running Dijkstra: ({'P1': {'P3': 127, 'P2': 182}, 'P2': {'P1': 182}, 'P3': {'P1': 127}}, ['P1', 'P2', 'P3'], {'P1': {'P3': 'Hydra90a', 'P2': 'SidRelay'}, 'P2': {'P1': 'SidRelay'}, 'P3': {'P1': 'Hydra90a'}})
2023-02-16 14:01:49,132 - INFO - [RECEIVER] - Received LSA from P2 with SN: 18 and FLAG: 0
2023-02-16 14:01:51,476 - INFO - [RECEIVER] - Received LSA from P3 with SN: 19 and FLAG: 1
2023-02-16 14:01:51,476 - INFO - [RECEIVER] - Flag is set
2023-02-16 14:01:51,476 - INFO - [RECEIVER] - LSA SN is 19 greater than 18
2023-02-16 14:01:51,485 - INFO - [RECEIVER] - Sending update to P2
2023-02-16 14:01:52,487 - INFO - [RECEIVER] - Received LSA from P3 with SN: 19 and FLAG: 1
2023-02-16 14:01:52,487 - INFO - [RECEIVER] - Flag is set
2023-02-16 14:02:01,485 - INFO - [Thread-844] - organizeGraph(graph_arg): [['P1', 'P3', 83, 'Hydra90a'], ['P1', 'P2', 182, 'SidRelay']]
2023-02-16 14:02:04,144 - INFO - [RECEIVER] - Received LSA from P2 with SN: 19 and FLAG: 1
2023-02-16 14:02:04,144 - INFO - [RECEIVER] - Flag is set
2023-02-16 14:02:04,145 - INFO - [RECEIVER] - LSA SN is 19 greater than 18
2023-02-16 14:02:04,155 - INFO - [RECEIVER] - Sending update to P3
2023-02-16 14:02:05,157 - INFO - [RECEIVER] - Received LSA from P2 with SN: 19 and FLAG: 1
2023-02-16 14:02:05,157 - INFO - [RECEIVER] - Flag is set
2023-02-16 14:02:06,491 - INFO - [RECEIVER] - Received LSA from P3 with SN: 19 and FLAG: 0
2023-02-16 14:02:14,155 - INFO - [Thread-857] - organizeGraph(graph_arg): [['P1', 'P3', 83, 'Hydra90a'], ['P1', 'P2', 126, 'SidRelay']]
2023-02-16 14:02:19,155 - INFO - [RECEIVER] - Received LSA from P2 with SN: 19 and FLAG: 0
2023-02-16 14:02:21,504 - INFO - [RECEIVER] - Received LSA from P3 with SN: 19 and FLAG: 0
2023-02-16 14:02:28,500 - INFO - [RECEIVER] - Calculated latency for P2 to 119 : [123, 119, 118, 114, 138, 128, 111, 115, 113, 109]
2023-02-16 14:02:31,487 - INFO - [Thread-853] - Running Dijkstra: ({'P1': {'P3': 83, 'P2': 182}, 'P2': {'P1': 182}, 'P3': {'P1': 83}}, ['P1', 'P2', 'P3'], {'P1': {'P3': 'Hydra90a', 'P2': 'SidRelay'}, 'P2': {'P1': 'SidRelay'}, 'P3': {'P1': 'Hydra90a'}})
2023-02-16 14:02:33,465 - INFO - [RECEIVER] - Calculated latency for P3 to 78 : [77, 75, 76, 82, 114, 87, 68, 67, 66, 69]
2023-02-16 14:02:34,169 - INFO - [RECEIVER] - Received LSA from P2 with SN: 19 and FLAG: 0
2023-02-16 14:02:36,516 - INFO - [RECEIVER] - Received LSA from P3 with SN: 20 and FLAG: 1
2023-02-16 14:02:36,516 - INFO - [RECEIVER] - Flag is set
2023-02-16 14:02:36,516 - INFO - [RECEIVER] - LSA SN is 20 greater than 19
2023-02-16 14:02:36,524 - INFO - [RECEIVER] - Sending update to P2
2023-02-16 14:02:37,527 - INFO - [RECEIVER] - Received LSA from P3 with SN: 20 and FLAG: 1
2023-02-16 14:02:37,527 - INFO - [RECEIVER] - Flag is set
2023-02-16 14:02:44,159 - INFO - [Thread-866] - Running Dijkstra: ({'P1': {'P3': 83, 'P2': 126}, 'P2': {'P1': 126}, 'P3': {'P1': 83}}, ['P1', 'P2', 'P3'], {'P1': {'P3': 'Hydra90a', 'P2': 'SidRelay'}, 'P2': {'P1': 'SidRelay'}, 'P3': {'P1': 'Hydra90a'}})
2023-02-16 14:02:46,524 - INFO - [Thread-884] - organizeGraph(graph_arg): [['P1', 'P3', 75, 'Hydra90a'], ['P1', 'P2', 126, 'SidRelay']]
2023-02-16 14:02:49,179 - INFO - [RECEIVER] - Received LSA from P2 with SN: 20 and FLAG: 1
2023-02-16 14:02:49,179 - INFO - [RECEIVER] - Flag is set
2023-02-16 14:02:49,179 - INFO - [RECEIVER] - LSA SN is 20 greater than 19
2023-02-16 14:02:49,196 - INFO - [RECEIVER] - Sending update to P3
2023-02-16 14:02:50,199 - INFO - [RECEIVER] - Received LSA from P2 with SN: 20 and FLAG: 1
2023-02-16 14:02:50,199 - INFO - [RECEIVER] - Flag is set
2023-02-16 14:02:51,530 - INFO - [RECEIVER] - Received LSA from P3 with SN: 20 and FLAG: 0
2023-02-16 14:02:59,196 - INFO - [Thread-897] - organizeGraph(graph_arg): [['P1', 'P3', 75, 'Hydra90a'], ['P1', 'P2', 119, 'SidRelay']]
2023-02-16 14:03:04,198 - INFO - [RECEIVER] - Received LSA from P2 with SN: 20 and FLAG: 0
2023-02-16 14:03:06,561 - INFO - [RECEIVER] - Received LSA from P3 with SN: 20 and FLAG: 0
2023-02-16 14:03:16,530 - INFO - [Thread-893] - Running Dijkstra: ({'P1': {'P3': 75, 'P2': 126}, 'P2': {'P1': 126}, 'P3': {'P1': 75}}, ['P1', 'P2', 'P3'], {'P1': {'P3': 'Hydra90a', 'P2': 'SidRelay'}, 'P2': {'P1': 'SidRelay'}, 'P3': {'P1': 'Hydra90a'}})
2023-02-16 14:03:18,582 - INFO - [RECEIVER] - Calculated latency for P2 to 116 : [116, 113, 117, 114, 115, 115, 121, 110, 117, 123]
2023-02-16 14:03:19,209 - INFO - [RECEIVER] - Received LSA from P2 with SN: 20 and FLAG: 0
2023-02-16 14:03:21,561 - INFO - [RECEIVER] - Received LSA from P3 with SN: 20 and FLAG: 0
2023-02-16 14:03:23,535 - INFO - [RECEIVER] - Calculated latency for P3 to 82 : [73, 67, 66, 69, 77, 157, 105, 69, 65, 70]
2023-02-16 14:03:29,220 - INFO - [Thread-906] - Running Dijkstra: ({'P1': {'P3': 75, 'P2': 119}, 'P2': {'P1': 119}, 'P3': {'P1': 75}}, ['P1', 'P2', 'P3'], {'P1': {'P3': 'Hydra90a', 'P2': 'SidRelay'}, 'P2': {'P1': 'SidRelay'}, 'P3': {'P1': 'Hydra90a'}})
2023-02-16 14:03:34,224 - INFO - [RECEIVER] - Received LSA from P2 with SN: 21 and FLAG: 1
2023-02-16 14:03:34,225 - INFO - [RECEIVER] - Flag is set
2023-02-16 14:03:34,225 - INFO - [RECEIVER] - LSA SN is 21 greater than 20
2023-02-16 14:03:34,230 - INFO - [RECEIVER] - Sending update to P3
2023-02-16 14:03:35,233 - INFO - [RECEIVER] - Received LSA from P2 with SN: 21 and FLAG: 1
2023-02-16 14:03:35,233 - INFO - [RECEIVER] - Flag is set
2023-02-16 14:03:36,567 - INFO - [RECEIVER] - Received LSA from P3 with SN: 21 and FLAG: 1
2023-02-16 14:03:36,567 - INFO - [RECEIVER] - Flag is set
2023-02-16 14:03:36,567 - INFO - [RECEIVER] - LSA SN is 21 greater than 20
2023-02-16 14:03:36,574 - INFO - [RECEIVER] - Sending update to P2
2023-02-16 14:03:37,576 - INFO - [RECEIVER] - Received LSA from P3 with SN: 21 and FLAG: 1
2023-02-16 14:03:37,576 - INFO - [RECEIVER] - Flag is set
2023-02-16 14:03:44,230 - INFO - [Thread-935] - organizeGraph(graph_arg): [['P1', 'P3', 97, 'Hydra90a'], ['P1', 'P2', 338, 'SidRelay']]
2023-02-16 14:03:46,575 - INFO - [Thread-937] - organizeGraph(graph_arg): [['P1', 'P3', 97, 'Hydra90a'], ['P1', 'P2', 338, 'SidRelay']]
2023-02-16 14:03:49,233 - INFO - [RECEIVER] - Received LSA from P2 with SN: 21 and FLAG: 0
2023-02-16 14:03:51,600 - INFO - [RECEIVER] - Received LSA from P3 with SN: 21 and FLAG: 0
2023-02-16 14:04:04,245 - INFO - [RECEIVER] - Received LSA from P2 with SN: 21 and FLAG: 0
2023-02-16 14:04:06,622 - INFO - [RECEIVER] - Received LSA from P3 with SN: 21 and FLAG: 0
2023-02-16 14:04:08,760 - INFO - [RECEIVER] - Calculated latency for P2 to 118 : [120, 117, 112, 115, 117, 117, 120, 122, 125, 117]
2023-02-16 14:04:13,711 - INFO - [RECEIVER] - Calculated latency for P3 to 75 : [77, 97, 70, 85, 67, 74, 70, 73, 72, 67]
2023-02-16 14:04:14,244 - INFO - [Thread-945] - Running Dijkstra: ({'P1': {'P3': 97, 'P2': 338}, 'P2': {'P1': 338}, 'P3': {'P1': 97}}, ['P1', 'P2', 'P3'], {'P1': {'P3': 'Hydra90a', 'P2': 'SidRelay'}, 'P2': {'P1': 'SidRelay'}, 'P3': {'P1': 'Hydra90a'}})
2023-02-16 14:04:16,645 - INFO - [Thread-947] - Running Dijkstra: ({'P1': {'P3': 97, 'P2': 338}, 'P2': {'P1': 338}, 'P3': {'P1': 97}}, ['P1', 'P2', 'P3'], {'P1': {'P3': 'Hydra90a', 'P2': 'SidRelay'}, 'P2': {'P1': 'SidRelay'}, 'P3': {'P1': 'Hydra90a'}})
2023-02-16 14:04:19,358 - INFO - [RECEIVER] - Received LSA from P2 with SN: 21 and FLAG: 0
2023-02-16 14:04:21,658 - INFO - [RECEIVER] - Received LSA from P3 with SN: 22 and FLAG: 1
2023-02-16 14:04:21,659 - INFO - [RECEIVER] - Flag is set
2023-02-16 14:04:21,659 - INFO - [RECEIVER] - LSA SN is 22 greater than 21
2023-02-16 14:04:21,662 - INFO - [RECEIVER] - Sending update to P2
2023-02-16 14:04:22,683 - INFO - [RECEIVER] - Received LSA from P3 with SN: 22 and FLAG: 1
2023-02-16 14:04:22,684 - INFO - [RECEIVER] - Flag is set
2023-02-16 14:04:31,663 - INFO - [Thread-975] - organizeGraph(graph_arg): [['P1', 'P3', 78, 'Hydra90a'], ['P1', 'P2', 338, 'SidRelay']]
2023-02-16 14:04:34,339 - INFO - [RECEIVER] - Received LSA from P2 with SN: 22 and FLAG: 1
2023-02-16 14:04:34,339 - INFO - [RECEIVER] - Flag is set
2023-02-16 14:04:34,339 - INFO - [RECEIVER] - LSA SN is 22 greater than 21
2023-02-16 14:04:34,341 - INFO - [RECEIVER] - Sending update to P3
2023-02-16 14:04:35,343 - INFO - [RECEIVER] - Received LSA from P2 with SN: 22 and FLAG: 1
2023-02-16 14:04:35,343 - INFO - [RECEIVER] - Flag is set
2023-02-16 14:04:36,679 - INFO - [RECEIVER] - Received LSA from P3 with SN: 22 and FLAG: 0
2023-02-16 14:04:44,342 - INFO - [Thread-989] - organizeGraph(graph_arg): [['P1', 'P3', 78, 'Hydra90a'], ['P1', 'P2', 215, 'SidRelay']]
2023-02-16 14:04:49,382 - INFO - [RECEIVER] - Received LSA from P2 with SN: 22 and FLAG: 0
2023-02-16 14:04:51,682 - INFO - [RECEIVER] - Received LSA from P3 with SN: 22 and FLAG: 0
2023-02-16 14:04:59,460 - INFO - [RECEIVER] - Calculated latency for P2 to 122 : [110, 126, 122, 122, 120, 118, 114, 136, 127, 126]
2023-02-16 14:05:01,684 - INFO - [Thread-984] - Running Dijkstra: ({'P1': {'P3': 78, 'P2': 338}, 'P2': {'P1': 338}, 'P3': {'P1': 78}}, ['P1', 'P2', 'P3'], {'P1': {'P3': 'Hydra90a', 'P2': 'SidRelay'}, 'P2': {'P1': 'SidRelay'}, 'P3': {'P1': 'Hydra90a'}})
2023-02-16 14:05:04,406 - INFO - [RECEIVER] - Received LSA from P2 with SN: 22 and FLAG: 0
2023-02-16 14:05:04,419 - INFO - [RECEIVER] - Calculated latency for P3 to 75 : [65, 65, 66, 84, 72, 68, 94, 83, 70, 81]
2023-02-16 14:05:06,710 - INFO - [RECEIVER] - Received LSA from P3 with SN: 22 and FLAG: 0
2023-02-16 14:05:14,433 - INFO - [Thread-998] - Running Dijkstra: ({'P1': {'P3': 78, 'P2': 215}, 'P2': {'P1': 215}, 'P3': {'P1': 78}}, ['P1', 'P2', 'P3'], {'P1': {'P3': 'Hydra90a', 'P2': 'SidRelay'}, 'P2': {'P1': 'SidRelay'}, 'P3': {'P1': 'Hydra90a'}})
2023-02-16 14:05:19,420 - INFO - [RECEIVER] - Received LSA from P2 with SN: 23 and FLAG: 1
2023-02-16 14:05:19,420 - INFO - [RECEIVER] - Flag is set
2023-02-16 14:05:19,420 - INFO - [RECEIVER] - LSA SN is 23 greater than 22
2023-02-16 14:05:19,433 - INFO - [RECEIVER] - Sending update to P3
2023-02-16 14:05:20,442 - INFO - [RECEIVER] - Received LSA from P2 with SN: 23 and FLAG: 1
2023-02-16 14:05:20,442 - INFO - [RECEIVER] - Flag is set
2023-02-16 14:05:21,727 - INFO - [RECEIVER] - Received LSA from P3 with SN: 23 and FLAG: 1
2023-02-16 14:05:21,727 - INFO - [RECEIVER] - Flag is set
2023-02-16 14:05:21,727 - INFO - [RECEIVER] - LSA SN is 23 greater than 22
2023-02-16 14:05:21,728 - INFO - [RECEIVER] - Sending update to P2
2023-02-16 14:05:22,877 - INFO - [RECEIVER] - Received LSA from P3 with SN: 23 and FLAG: 1
2023-02-16 14:05:22,877 - INFO - [RECEIVER] - Flag is set
2023-02-16 14:05:29,540 - INFO - [Thread-1024] - organizeGraph(graph_arg): [['P1', 'P3', 81, 'Hydra90a'], ['P1', 'P2', 124, 'SidRelay']]
2023-02-16 14:05:31,760 - INFO - [Thread-1028] - organizeGraph(graph_arg): [['P1', 'P3', 81, 'Hydra90a'], ['P1', 'P2', 124, 'SidRelay']]
2023-02-16 14:05:34,440 - INFO - [RECEIVER] - Received LSA from P2 with SN: 23 and FLAG: 0
2023-02-16 14:05:36,741 - INFO - [RECEIVER] - Received LSA from P3 with SN: 23 and FLAG: 0
