++ dirname ./startserver.sh
++ dirname ./startserver.sh
+ BASEDIR=.
+ SCRIPTPATH=./../../rtun-routing
+ export PYTHONPATH=./../../torpy-rtun-fork/
+ PYTHONPATH=./../../torpy-rtun-fork/
+ BASEDIR=.
+ SCRIPTPATH=./../../rtun-routing
+ python3 ./../../rtun-routing/rtun.py -v INFO -g staysafeandgoodluck -f rendezvous.txt -l -t peer1peer2 -n default -i 1 -d 2
+ export PYTHONPATH=./../../torpy-rtun-fork/
+ PYTHONPATH=./../../torpy-rtun-fork/
+ python3 ./../../rtun-routing/rtun.py -v INFO -g Logforme3 -f rendezvous.txt -t peer1peer2 -n default -i 2 -d 1
++ dirname ./startserver.sh
+ BASEDIR=.
+ SCRIPTPATH=./../../rtun-routing
+ export PYTHONPATH=./../../torpy-rtun-fork/
+ PYTHONPATH=./../../torpy-rtun-fork/
+ python3 ./../../rtun-routing/rtun.py -v INFO -g Lule -f rendezvous.txt -t peer1peer2 -n default -i 3 -d 2
++ dirname ./startserver.sh
++ dirname ./startserver.sh
+ BASEDIR=.
+ SCRIPTPATH=./../../rtun-routing
+ export PYTHONPATH=./../../torpy-rtun-fork/
+ BASEDIR=.
+ PYTHONPATH=./../../torpy-rtun-fork/
+ SCRIPTPATH=./../../rtun-routing
+ export PYTHONPATH=./../../torpy-rtun-fork/
+ python3 ./../../rtun-routing/rtun.py -v INFO -g NeelTorRelay2 -f rendezvous.txt -t peer1peer2 -n default -i 6 -d 2
+ PYTHONPATH=./../../torpy-rtun-fork/
+ python3 ./../../rtun-routing/rtun.py -v INFO -g Shayepe -f rendezvous.txt -t peer1peer2 -n default -i 7 -d 2
++ dirname ./startserver.sh
++ dirname ./startserver.sh
++ dirname ./startserver.sh
+ BASEDIR=.
+ SCRIPTPATH=./../../rtun-routing
+ export PYTHONPATH=./../../torpy-rtun-fork/
+ PYTHONPATH=./../../torpy-rtun-fork/
+ python3 ./../../rtun-routing/rtun.py -v INFO -g lw -f rendezvous.txt -t peer1peer2 -n default -i 5 -d 6
+ BASEDIR=.
+ SCRIPTPATH=./../../rtun-routing
+ export PYTHONPATH=./../../torpy-rtun-fork/
+ PYTHONPATH=./../../torpy-rtun-fork/
+ python3 ./../../rtun-routing/rtun.py -v INFO -g PeachUnknown -f rendezvous.txt -t peer1peer2 -n default -i 4 -d 5
+ BASEDIR=.
+ SCRIPTPATH=./../../rtun-routing
+ export PYTHONPATH=./../../torpy-rtun-fork/
+ PYTHONPATH=./../../torpy-rtun-fork/
+ python3 ./../../rtun-routing/rtun.py -v INFO -g taipe -f rendezvous.txt -t peer1peer2 -n default -i 8 -d 2
Exception in thread Establish-HoMStor:
Traceback (most recent call last):
  File "/usr/lib/python3.9/threading.py", line 954, in _bootstrap_inner
    self.run()
  File "/home/agaa/git/imt4905/rtun-routing/rendezvous.py", line 88, in run
    rendezvous2_cell = w.get(timeout=self.timeout)
  File "/home/agaa/git/imt4905/torpy-rtun-fork/torpy/circuit.py", line 134, in get
    raise CellTimeoutError('Timeout wait for ' + cells_format(self._cell_types))
torpy.circuit.CellTimeoutError: Timeout wait for CellRelayRendezvous2
Exception in thread Establish-Unnamed:
Traceback (most recent call last):
  File "/usr/lib/python3.9/threading.py", line 954, in _bootstrap_inner
    self.run()
  File "/home/agaa/git/imt4905/rtun-routing/rendezvous.py", line 80, in run
    circuit = self.build_circuit(guard_router, [ rendp_router ])
  File "/home/agaa/git/imt4905/rtun-routing/rendezvous.py", line 193, in build_circuit
    circuit =  guard_router.create_circuit(hops_count=-1, extend_routers=extend_routers)
  File "/home/agaa/git/imt4905/torpy-rtun-fork/torpy/utils.py", line 79, in newfn
    return func(*args, **kwargs)
  File "/home/agaa/git/imt4905/torpy-rtun-fork/torpy/guard.py", line 147, in create_circuit
    circuit.extend(router)
  File "/home/agaa/git/imt4905/torpy-rtun-fork/torpy/circuit.py", line 321, in wrapped
    return fn(self, *args, **kwargs)
  File "/home/agaa/git/imt4905/torpy-rtun-fork/torpy/circuit.py", line 575, in extend
    recv_cell = self.send_relay_wait(
  File "/home/agaa/git/imt4905/torpy-rtun-fork/torpy/circuit.py", line 551, in send_relay_wait
    return w.get()
  File "/home/agaa/git/imt4905/torpy-rtun-fork/torpy/circuit.py", line 134, in get
    raise CellTimeoutError('Timeout wait for ' + cells_format(self._cell_types))
torpy.circuit.CellTimeoutError: Timeout wait for CellRelayExtended2 or CellRelayTruncated
Exception in thread Establish-Unnamed:
Traceback (most recent call last):
  File "/usr/lib/python3.9/threading.py", line 954, in _bootstrap_inner
    self.run()
  File "/home/agaa/git/imt4905/rtun-routing/rendezvous.py", line 80, in run
    circuit = self.build_circuit(guard_router, [ rendp_router ])
  File "/home/agaa/git/imt4905/rtun-routing/rendezvous.py", line 193, in build_circuit
    circuit =  guard_router.create_circuit(hops_count=-1, extend_routers=extend_routers)
  File "/home/agaa/git/imt4905/torpy-rtun-fork/torpy/utils.py", line 79, in newfn
    return func(*args, **kwargs)
  File "/home/agaa/git/imt4905/torpy-rtun-fork/torpy/guard.py", line 147, in create_circuit
    circuit.extend(router)
  File "/home/agaa/git/imt4905/torpy-rtun-fork/torpy/circuit.py", line 321, in wrapped
    return fn(self, *args, **kwargs)
  File "/home/agaa/git/imt4905/torpy-rtun-fork/torpy/circuit.py", line 575, in extend
    recv_cell = self.send_relay_wait(
  File "/home/agaa/git/imt4905/torpy-rtun-fork/torpy/circuit.py", line 551, in send_relay_wait
    return w.get()
  File "/home/agaa/git/imt4905/torpy-rtun-fork/torpy/circuit.py", line 134, in get
    raise CellTimeoutError('Timeout wait for ' + cells_format(self._cell_types))
torpy.circuit.CellTimeoutError: Timeout wait for CellRelayExtended2 or CellRelayTruncated
Exception in thread Establish-Unnamed:
Traceback (most recent call last):
  File "/usr/lib/python3.9/threading.py", line 954, in _bootstrap_inner
    self.run()
  File "/home/agaa/git/imt4905/rtun-routing/rendezvous.py", line 80, in run
    circuit = self.build_circuit(guard_router, [ rendp_router ])
  File "/home/agaa/git/imt4905/rtun-routing/rendezvous.py", line 193, in build_circuit
    circuit =  guard_router.create_circuit(hops_count=-1, extend_routers=extend_routers)
  File "/home/agaa/git/imt4905/torpy-rtun-fork/torpy/utils.py", line 79, in newfn
    return func(*args, **kwargs)
  File "/home/agaa/git/imt4905/torpy-rtun-fork/torpy/guard.py", line 147, in create_circuit
    circuit.extend(router)
  File "/home/agaa/git/imt4905/torpy-rtun-fork/torpy/circuit.py", line 321, in wrapped
    return fn(self, *args, **kwargs)
  File "/home/agaa/git/imt4905/torpy-rtun-fork/torpy/circuit.py", line 575, in extend
    recv_cell = self.send_relay_wait(
  File "/home/agaa/git/imt4905/torpy-rtun-fork/torpy/circuit.py", line 551, in send_relay_wait
    return w.get()
  File "/home/agaa/git/imt4905/torpy-rtun-fork/torpy/circuit.py", line 134, in get
    raise CellTimeoutError('Timeout wait for ' + cells_format(self._cell_types))
torpy.circuit.CellTimeoutError: Timeout wait for CellRelayExtended2 or CellRelayTruncated
Exception in thread Establish-DTFNODE64:
Traceback (most recent call last):
  File "/usr/lib/python3.9/threading.py", line 954, in _bootstrap_inner
    self.run()
  File "/home/agaa/git/imt4905/rtun-routing/rendezvous.py", line 80, in run
    circuit = self.build_circuit(guard_router, [ rendp_router ])
  File "/home/agaa/git/imt4905/rtun-routing/rendezvous.py", line 193, in build_circuit
    circuit =  guard_router.create_circuit(hops_count=-1, extend_routers=extend_routers)
  File "/home/agaa/git/imt4905/torpy-rtun-fork/torpy/utils.py", line 79, in newfn
    return func(*args, **kwargs)
  File "/home/agaa/git/imt4905/torpy-rtun-fork/torpy/guard.py", line 147, in create_circuit
    circuit.extend(router)
  File "/home/agaa/git/imt4905/torpy-rtun-fork/torpy/circuit.py", line 321, in wrapped
    return fn(self, *args, **kwargs)
  File "/home/agaa/git/imt4905/torpy-rtun-fork/torpy/circuit.py", line 575, in extend
    recv_cell = self.send_relay_wait(
  File "/home/agaa/git/imt4905/torpy-rtun-fork/torpy/circuit.py", line 551, in send_relay_wait
    return w.get()
  File "/home/agaa/git/imt4905/torpy-rtun-fork/torpy/circuit.py", line 134, in get
    raise CellTimeoutError('Timeout wait for ' + cells_format(self._cell_types))
torpy.circuit.CellTimeoutError: Timeout wait for CellRelayExtended2 or CellRelayTruncated
Exception in thread Establish-prsv:
Traceback (most recent call last):
  File "/usr/lib/python3.9/threading.py", line 954, in _bootstrap_inner
    self.run()
  File "/home/agaa/git/imt4905/rtun-routing/rendezvous.py", line 88, in run
    rendezvous2_cell = w.get(timeout=self.timeout)
  File "/home/agaa/git/imt4905/torpy-rtun-fork/torpy/circuit.py", line 134, in get
    raise CellTimeoutError('Timeout wait for ' + cells_format(self._cell_types))
torpy.circuit.CellTimeoutError: Timeout wait for CellRelayRendezvous2
Exception in thread Thread-4174:
Traceback (most recent call last):
  File "/usr/lib/python3.9/threading.py", line 954, in _bootstrap_inner
    self.run()
  File "/usr/lib/python3.9/threading.py", line 1266, in run
    self.function(*self.args, **self.kwargs)
  File "/home/agaa/git/imt4905/rtun-routing/lsr.py", line 649, in shortest_paths
    cost = nx.path_weight(G, v, 'weight')
  File "/usr/local/lib/python3.9/dist-packages/networkx/classes/function.py", line 1288, in path_weight
    raise nx.NetworkXNoPath("path does not exist")
networkx.exception.NetworkXNoPath: path does not exist
Exception in thread Thread-4175:
Traceback (most recent call last):
  File "/usr/lib/python3.9/threading.py", line 954, in _bootstrap_inner
    self.run()
  File "/usr/lib/python3.9/threading.py", line 1266, in run
    self.function(*self.args, **self.kwargs)
  File "/home/agaa/git/imt4905/rtun-routing/lsr.py", line 649, in shortest_paths
    cost = nx.path_weight(G, v, 'weight')
  File "/usr/local/lib/python3.9/dist-packages/networkx/classes/function.py", line 1288, in path_weight
    raise nx.NetworkXNoPath("path does not exist")
networkx.exception.NetworkXNoPath: path does not exist
Exception in thread Establish-LandShrimp:
Traceback (most recent call last):
  File "/usr/lib/python3.9/threading.py", line 954, in _bootstrap_inner
    self.run()
  File "/home/agaa/git/imt4905/rtun-routing/rendezvous.py", line 88, in run
    rendezvous2_cell = w.get(timeout=self.timeout)
  File "/home/agaa/git/imt4905/torpy-rtun-fork/torpy/circuit.py", line 134, in get
    raise CellTimeoutError('Timeout wait for ' + cells_format(self._cell_types))
torpy.circuit.CellTimeoutError: Timeout wait for CellRelayRendezvous2
Exception in thread Establish-Quetzalcoatl:
Traceback (most recent call last):
  File "/usr/lib/python3.9/threading.py", line 954, in _bootstrap_inner
    self.run()
  File "/home/agaa/git/imt4905/rtun-routing/rendezvous.py", line 88, in run
    rendezvous2_cell = w.get(timeout=self.timeout)
  File "/home/agaa/git/imt4905/torpy-rtun-fork/torpy/circuit.py", line 134, in get
    raise CellTimeoutError('Timeout wait for ' + cells_format(self._cell_types))
torpy.circuit.CellTimeoutError: Timeout wait for CellRelayRendezvous2
Exception in thread Establish-Waeswynn:
Traceback (most recent call last):
  File "/usr/lib/python3.9/threading.py", line 954, in _bootstrap_inner
    self.run()
  File "/home/agaa/git/imt4905/rtun-routing/rendezvous.py", line 88, in run
    rendezvous2_cell = w.get(timeout=self.timeout)
  File "/home/agaa/git/imt4905/torpy-rtun-fork/torpy/circuit.py", line 134, in get
    raise CellTimeoutError('Timeout wait for ' + cells_format(self._cell_types))
torpy.circuit.CellTimeoutError: Timeout wait for CellRelayRendezvous2
Exception in thread Establish-4711938732524403:
Traceback (most recent call last):
  File "/usr/lib/python3.9/threading.py", line 954, in _bootstrap_inner
    self.run()
  File "/home/agaa/git/imt4905/rtun-routing/rendezvous.py", line 88, in run
    rendezvous2_cell = w.get(timeout=self.timeout)
  File "/home/agaa/git/imt4905/torpy-rtun-fork/torpy/circuit.py", line 134, in get
    raise CellTimeoutError('Timeout wait for ' + cells_format(self._cell_types))
torpy.circuit.CellTimeoutError: Timeout wait for CellRelayRendezvous2
Exception in thread Establish-toritico01:
Traceback (most recent call last):
  File "/usr/lib/python3.9/threading.py", line 954, in _bootstrap_inner
    self.run()
  File "/home/agaa/git/imt4905/rtun-routing/rendezvous.py", line 88, in run
    rendezvous2_cell = w.get(timeout=self.timeout)
  File "/home/agaa/git/imt4905/torpy-rtun-fork/torpy/circuit.py", line 134, in get
    raise CellTimeoutError('Timeout wait for ' + cells_format(self._cell_types))
torpy.circuit.CellTimeoutError: Timeout wait for CellRelayRendezvous2
Exception in thread Establish-freefallinn:
Traceback (most recent call last):
  File "/usr/lib/python3.9/threading.py", line 954, in _bootstrap_inner
    self.run()
  File "/home/agaa/git/imt4905/rtun-routing/rendezvous.py", line 88, in run
    rendezvous2_cell = w.get(timeout=self.timeout)
  File "/home/agaa/git/imt4905/torpy-rtun-fork/torpy/circuit.py", line 134, in get
    raise CellTimeoutError('Timeout wait for ' + cells_format(self._cell_types))
torpy.circuit.CellTimeoutError: Timeout wait for CellRelayRendezvous2
Exception in thread Establish-WGL4Freedom:
Traceback (most recent call last):
  File "/usr/lib/python3.9/threading.py", line 954, in _bootstrap_inner
    self.run()
  File "/home/agaa/git/imt4905/rtun-routing/rendezvous.py", line 88, in run
    rendezvous2_cell = w.get(timeout=self.timeout)
  File "/home/agaa/git/imt4905/torpy-rtun-fork/torpy/circuit.py", line 134, in get
    raise CellTimeoutError('Timeout wait for ' + cells_format(self._cell_types))
torpy.circuit.CellTimeoutError: Timeout wait for CellRelayRendezvous2
Exception in thread Establish-uaiblaine:
Traceback (most recent call last):
  File "/usr/lib/python3.9/threading.py", line 954, in _bootstrap_inner
    self.run()
  File "/home/agaa/git/imt4905/rtun-routing/rendezvous.py", line 88, in run
    rendezvous2_cell = w.get(timeout=self.timeout)
  File "/home/agaa/git/imt4905/torpy-rtun-fork/torpy/circuit.py", line 134, in get
    raise CellTimeoutError('Timeout wait for ' + cells_format(self._cell_types))
torpy.circuit.CellTimeoutError: Timeout wait for CellRelayRendezvous2
Exception in thread Establish-torNotBombs:
Traceback (most recent call last):
  File "/usr/lib/python3.9/threading.py", line 954, in _bootstrap_inner
    self.run()
  File "/home/agaa/git/imt4905/rtun-routing/rendezvous.py", line 88, in run
    rendezvous2_cell = w.get(timeout=self.timeout)
  File "/home/agaa/git/imt4905/torpy-rtun-fork/torpy/circuit.py", line 134, in get
    raise CellTimeoutError('Timeout wait for ' + cells_format(self._cell_types))
torpy.circuit.CellTimeoutError: Timeout wait for CellRelayRendezvous2
Exception in thread Establish-NTH10R2:
Traceback (most recent call last):
  File "/usr/lib/python3.9/threading.py", line 954, in _bootstrap_inner
    self.run()
  File "/home/agaa/git/imt4905/rtun-routing/rendezvous.py", line 88, in run
    rendezvous2_cell = w.get(timeout=self.timeout)
  File "/home/agaa/git/imt4905/torpy-rtun-fork/torpy/circuit.py", line 134, in get
    raise CellTimeoutError('Timeout wait for ' + cells_format(self._cell_types))
torpy.circuit.CellTimeoutError: Timeout wait for CellRelayRendezvous2
Exception in thread Establish-ForMyFreedom:
Traceback (most recent call last):
  File "/usr/lib/python3.9/threading.py", line 954, in _bootstrap_inner
    self.run()
  File "/home/agaa/git/imt4905/rtun-routing/rendezvous.py", line 88, in run
    rendezvous2_cell = w.get(timeout=self.timeout)
  File "/home/agaa/git/imt4905/torpy-rtun-fork/torpy/circuit.py", line 134, in get
    raise CellTimeoutError('Timeout wait for ' + cells_format(self._cell_types))
torpy.circuit.CellTimeoutError: Timeout wait for CellRelayRendezvous2
Exception in thread Establish-SanMarino:
Traceback (most recent call last):
  File "/usr/lib/python3.9/threading.py", line 954, in _bootstrap_inner
    self.run()
  File "/home/agaa/git/imt4905/rtun-routing/rendezvous.py", line 88, in run
    rendezvous2_cell = w.get(timeout=self.timeout)
  File "/home/agaa/git/imt4905/torpy-rtun-fork/torpy/circuit.py", line 134, in get
    raise CellTimeoutError('Timeout wait for ' + cells_format(self._cell_types))
torpy.circuit.CellTimeoutError: Timeout wait for CellRelayRendezvous2
Exception in thread Establish-relayon0160:
Traceback (most recent call last):
  File "/usr/lib/python3.9/threading.py", line 954, in _bootstrap_inner
    self.run()
  File "/home/agaa/git/imt4905/rtun-routing/rendezvous.py", line 88, in run
    rendezvous2_cell = w.get(timeout=self.timeout)
  File "/home/agaa/git/imt4905/torpy-rtun-fork/torpy/circuit.py", line 134, in get
    raise CellTimeoutError('Timeout wait for ' + cells_format(self._cell_types))
torpy.circuit.CellTimeoutError: Timeout wait for CellRelayRendezvous2
Exception in thread Establish-tauro:
Traceback (most recent call last):
  File "/usr/lib/python3.9/threading.py", line 954, in _bootstrap_inner
    self.run()
  File "/home/agaa/git/imt4905/rtun-routing/rendezvous.py", line 88, in run
    rendezvous2_cell = w.get(timeout=self.timeout)
  File "/home/agaa/git/imt4905/torpy-rtun-fork/torpy/circuit.py", line 134, in get
    raise CellTimeoutError('Timeout wait for ' + cells_format(self._cell_types))
torpy.circuit.CellTimeoutError: Timeout wait for CellRelayRendezvous2
Exception in thread Establish-relayon1176:
Traceback (most recent call last):
  File "/usr/lib/python3.9/threading.py", line 954, in _bootstrap_inner
    self.run()
  File "/home/agaa/git/imt4905/rtun-routing/rendezvous.py", line 88, in run
    rendezvous2_cell = w.get(timeout=self.timeout)
  File "/home/agaa/git/imt4905/torpy-rtun-fork/torpy/circuit.py", line 134, in get
    raise CellTimeoutError('Timeout wait for ' + cells_format(self._cell_types))
torpy.circuit.CellTimeoutError: Timeout wait for CellRelayRendezvous2
Exception in thread Establish-AccessNow003:
Traceback (most recent call last):
  File "/usr/lib/python3.9/threading.py", line 954, in _bootstrap_inner
    self.run()
  File "/home/agaa/git/imt4905/rtun-routing/rendezvous.py", line 88, in run
    rendezvous2_cell = w.get(timeout=self.timeout)
  File "/home/agaa/git/imt4905/torpy-rtun-fork/torpy/circuit.py", line 134, in get
    raise CellTimeoutError('Timeout wait for ' + cells_format(self._cell_types))
torpy.circuit.CellTimeoutError: Timeout wait for CellRelayRendezvous2
Exception in thread Establish-OnionRaspberrySoup:
Traceback (most recent call last):
  File "/usr/lib/python3.9/threading.py", line 954, in _bootstrap_inner
    self.run()
  File "/home/agaa/git/imt4905/rtun-routing/rendezvous.py", line 88, in run
    rendezvous2_cell = w.get(timeout=self.timeout)
  File "/home/agaa/git/imt4905/torpy-rtun-fork/torpy/circuit.py", line 134, in get
    raise CellTimeoutError('Timeout wait for ' + cells_format(self._cell_types))
torpy.circuit.CellTimeoutError: Timeout wait for CellRelayRendezvous2
Exception in thread Establish-flodder:
Traceback (most recent call last):
  File "/usr/lib/python3.9/threading.py", line 954, in _bootstrap_inner
    self.run()
  File "/home/agaa/git/imt4905/rtun-routing/rendezvous.py", line 88, in run
    rendezvous2_cell = w.get(timeout=self.timeout)
  File "/home/agaa/git/imt4905/torpy-rtun-fork/torpy/circuit.py", line 134, in get
    raise CellTimeoutError('Timeout wait for ' + cells_format(self._cell_types))
torpy.circuit.CellTimeoutError: Timeout wait for CellRelayRendezvous2
Exception in thread Establish-HouseDimir:
Traceback (most recent call last):
  File "/usr/lib/python3.9/threading.py", line 954, in _bootstrap_inner
    self.run()
  File "/home/agaa/git/imt4905/rtun-routing/rendezvous.py", line 88, in run
    rendezvous2_cell = w.get(timeout=self.timeout)
  File "/home/agaa/git/imt4905/torpy-rtun-fork/torpy/circuit.py", line 134, in get
    raise CellTimeoutError('Timeout wait for ' + cells_format(self._cell_types))
torpy.circuit.CellTimeoutError: Timeout wait for CellRelayRendezvous2
Exception in thread Establish-marylou4:
Traceback (most recent call last):
  File "/usr/lib/python3.9/threading.py", line 954, in _bootstrap_inner
    self.run()
  File "/home/agaa/git/imt4905/rtun-routing/rendezvous.py", line 88, in run
    rendezvous2_cell = w.get(timeout=self.timeout)
  File "/home/agaa/git/imt4905/torpy-rtun-fork/torpy/circuit.py", line 134, in get
    raise CellTimeoutError('Timeout wait for ' + cells_format(self._cell_types))
torpy.circuit.CellTimeoutError: Timeout wait for CellRelayRendezvous2
Exception in thread Establish-linuxenbyJP:
Traceback (most recent call last):
  File "/usr/lib/python3.9/threading.py", line 954, in _bootstrap_inner
    self.run()
  File "/home/agaa/git/imt4905/rtun-routing/rendezvous.py", line 88, in run
    rendezvous2_cell = w.get(timeout=self.timeout)
  File "/home/agaa/git/imt4905/torpy-rtun-fork/torpy/circuit.py", line 134, in get
    raise CellTimeoutError('Timeout wait for ' + cells_format(self._cell_types))
torpy.circuit.CellTimeoutError: Timeout wait for CellRelayRendezvous2
Exception in thread Establish-Bayswater:
Traceback (most recent call last):
  File "/usr/lib/python3.9/threading.py", line 954, in _bootstrap_inner
    self.run()
  File "/home/agaa/git/imt4905/rtun-routing/rendezvous.py", line 88, in run
    rendezvous2_cell = w.get(timeout=self.timeout)
  File "/home/agaa/git/imt4905/torpy-rtun-fork/torpy/circuit.py", line 134, in get
    raise CellTimeoutError('Timeout wait for ' + cells_format(self._cell_types))
torpy.circuit.CellTimeoutError: Timeout wait for CellRelayRendezvous2
Exception in thread Establish-tendies2:
Traceback (most recent call last):
  File "/usr/lib/python3.9/threading.py", line 954, in _bootstrap_inner
    self.run()
  File "/home/agaa/git/imt4905/rtun-routing/rendezvous.py", line 88, in run
    rendezvous2_cell = w.get(timeout=self.timeout)
  File "/home/agaa/git/imt4905/torpy-rtun-fork/torpy/circuit.py", line 134, in get
    raise CellTimeoutError('Timeout wait for ' + cells_format(self._cell_types))
torpy.circuit.CellTimeoutError: Timeout wait for CellRelayRendezvous2
Exception in thread Establish-Serge:
Traceback (most recent call last):
  File "/usr/lib/python3.9/threading.py", line 954, in _bootstrap_inner
    self.run()
  File "/home/agaa/git/imt4905/rtun-routing/rendezvous.py", line 88, in run
    rendezvous2_cell = w.get(timeout=self.timeout)
  File "/home/agaa/git/imt4905/torpy-rtun-fork/torpy/circuit.py", line 134, in get
    raise CellTimeoutError('Timeout wait for ' + cells_format(self._cell_types))
torpy.circuit.CellTimeoutError: Timeout wait for CellRelayRendezvous2
Exception in thread Establish-relayon3170:
Traceback (most recent call last):
  File "/usr/lib/python3.9/threading.py", line 954, in _bootstrap_inner
    self.run()
  File "/home/agaa/git/imt4905/rtun-routing/rendezvous.py", line 88, in run
    rendezvous2_cell = w.get(timeout=self.timeout)
  File "/home/agaa/git/imt4905/torpy-rtun-fork/torpy/circuit.py", line 134, in get
    raise CellTimeoutError('Timeout wait for ' + cells_format(self._cell_types))
torpy.circuit.CellTimeoutError: Timeout wait for CellRelayRendezvous2
Exception in thread Establish-NTH11R1:
Traceback (most recent call last):
  File "/usr/lib/python3.9/threading.py", line 954, in _bootstrap_inner
    self.run()
  File "/home/agaa/git/imt4905/rtun-routing/rendezvous.py", line 88, in run
    rendezvous2_cell = w.get(timeout=self.timeout)
  File "/home/agaa/git/imt4905/torpy-rtun-fork/torpy/circuit.py", line 134, in get
    raise CellTimeoutError('Timeout wait for ' + cells_format(self._cell_types))
torpy.circuit.CellTimeoutError: Timeout wait for CellRelayRendezvous2
Exception in thread Establish-atlien:
Traceback (most recent call last):
  File "/usr/lib/python3.9/threading.py", line 954, in _bootstrap_inner
    self.run()
  File "/home/agaa/git/imt4905/rtun-routing/rendezvous.py", line 88, in run
    rendezvous2_cell = w.get(timeout=self.timeout)
  File "/home/agaa/git/imt4905/torpy-rtun-fork/torpy/circuit.py", line 134, in get
    raise CellTimeoutError('Timeout wait for ' + cells_format(self._cell_types))
torpy.circuit.CellTimeoutError: Timeout wait for CellRelayRendezvous2
Exception in thread Establish-RouTOR:
Traceback (most recent call last):
  File "/usr/lib/python3.9/threading.py", line 954, in _bootstrap_inner
    self.run()
  File "/home/agaa/git/imt4905/rtun-routing/rendezvous.py", line 88, in run
    rendezvous2_cell = w.get(timeout=self.timeout)
  File "/home/agaa/git/imt4905/torpy-rtun-fork/torpy/circuit.py", line 134, in get
    raise CellTimeoutError('Timeout wait for ' + cells_format(self._cell_types))
torpy.circuit.CellTimeoutError: Timeout wait for CellRelayRendezvous2
Exception in thread Establish-NTH20R2:
Traceback (most recent call last):
  File "/usr/lib/python3.9/threading.py", line 954, in _bootstrap_inner
    self.run()
  File "/home/agaa/git/imt4905/rtun-routing/rendezvous.py", line 88, in run
    rendezvous2_cell = w.get(timeout=self.timeout)
  File "/home/agaa/git/imt4905/torpy-rtun-fork/torpy/circuit.py", line 134, in get
    raise CellTimeoutError('Timeout wait for ' + cells_format(self._cell_types))
torpy.circuit.CellTimeoutError: Timeout wait for CellRelayRendezvous2
Exception in thread Establish-tapatapatapa:
Traceback (most recent call last):
  File "/usr/lib/python3.9/threading.py", line 954, in _bootstrap_inner
    self.run()
  File "/home/agaa/git/imt4905/rtun-routing/rendezvous.py", line 88, in run
    rendezvous2_cell = w.get(timeout=self.timeout)
  File "/home/agaa/git/imt4905/torpy-rtun-fork/torpy/circuit.py", line 134, in get
    raise CellTimeoutError('Timeout wait for ' + cells_format(self._cell_types))
torpy.circuit.CellTimeoutError: Timeout wait for CellRelayRendezvous2
Exception in thread Establish-Wackelkontakt:
Traceback (most recent call last):
  File "/usr/lib/python3.9/threading.py", line 954, in _bootstrap_inner
    self.run()
  File "/home/agaa/git/imt4905/rtun-routing/rendezvous.py", line 88, in run
    rendezvous2_cell = w.get(timeout=self.timeout)
  File "/home/agaa/git/imt4905/torpy-rtun-fork/torpy/circuit.py", line 134, in get
    raise CellTimeoutError('Timeout wait for ' + cells_format(self._cell_types))
torpy.circuit.CellTimeoutError: Timeout wait for CellRelayRendezvous2
Exception in thread Establish-TorOnionsAreGreat:
Traceback (most recent call last):
  File "/usr/lib/python3.9/threading.py", line 954, in _bootstrap_inner
    self.run()
  File "/home/agaa/git/imt4905/rtun-routing/rendezvous.py", line 88, in run
    rendezvous2_cell = w.get(timeout=self.timeout)
  File "/home/agaa/git/imt4905/torpy-rtun-fork/torpy/circuit.py", line 134, in get
    raise CellTimeoutError('Timeout wait for ' + cells_format(self._cell_types))
torpy.circuit.CellTimeoutError: Timeout wait for CellRelayRendezvous2
Exception in thread Establish-mendicantbias:
Traceback (most recent call last):
  File "/usr/lib/python3.9/threading.py", line 954, in _bootstrap_inner
    self.run()
  File "/home/agaa/git/imt4905/rtun-routing/rendezvous.py", line 88, in run
    rendezvous2_cell = w.get(timeout=self.timeout)
  File "/home/agaa/git/imt4905/torpy-rtun-fork/torpy/circuit.py", line 134, in get
    raise CellTimeoutError('Timeout wait for ' + cells_format(self._cell_types))
torpy.circuit.CellTimeoutError: Timeout wait for CellRelayRendezvous2
Exception in thread Establish-ahahahohohoh:
Traceback (most recent call last):
  File "/usr/lib/python3.9/threading.py", line 954, in _bootstrap_inner
    self.run()
  File "/home/agaa/git/imt4905/rtun-routing/rendezvous.py", line 88, in run
    rendezvous2_cell = w.get(timeout=self.timeout)
  File "/home/agaa/git/imt4905/torpy-rtun-fork/torpy/circuit.py", line 134, in get
    raise CellTimeoutError('Timeout wait for ' + cells_format(self._cell_types))
torpy.circuit.CellTimeoutError: Timeout wait for CellRelayRendezvous2
Exception in thread Establish-anus11:
Traceback (most recent call last):
  File "/usr/lib/python3.9/threading.py", line 954, in _bootstrap_inner
    self.run()
  File "/home/agaa/git/imt4905/rtun-routing/rendezvous.py", line 88, in run
    rendezvous2_cell = w.get(timeout=self.timeout)
  File "/home/agaa/git/imt4905/torpy-rtun-fork/torpy/circuit.py", line 134, in get
    raise CellTimeoutError('Timeout wait for ' + cells_format(self._cell_types))
torpy.circuit.CellTimeoutError: Timeout wait for CellRelayRendezvous2
Exception in thread Establish-politeeyes:
Traceback (most recent call last):
  File "/usr/lib/python3.9/threading.py", line 954, in _bootstrap_inner
    self.run()
  File "/home/agaa/git/imt4905/rtun-routing/rendezvous.py", line 88, in run
    rendezvous2_cell = w.get(timeout=self.timeout)
  File "/home/agaa/git/imt4905/torpy-rtun-fork/torpy/circuit.py", line 134, in get
    raise CellTimeoutError('Timeout wait for ' + cells_format(self._cell_types))
torpy.circuit.CellTimeoutError: Timeout wait for CellRelayRendezvous2
Exception in thread Establish-torname2021:
Traceback (most recent call last):
  File "/usr/lib/python3.9/threading.py", line 954, in _bootstrap_inner
    self.run()
  File "/home/agaa/git/imt4905/rtun-routing/rendezvous.py", line 88, in run
    rendezvous2_cell = w.get(timeout=self.timeout)
  File "/home/agaa/git/imt4905/torpy-rtun-fork/torpy/circuit.py", line 134, in get
    raise CellTimeoutError('Timeout wait for ' + cells_format(self._cell_types))
torpy.circuit.CellTimeoutError: Timeout wait for CellRelayRendezvous2
Exception in thread Establish-quichupps:
Traceback (most recent call last):
  File "/usr/lib/python3.9/threading.py", line 954, in _bootstrap_inner
    self.run()
  File "/home/agaa/git/imt4905/rtun-routing/rendezvous.py", line 88, in run
    rendezvous2_cell = w.get(timeout=self.timeout)
  File "/home/agaa/git/imt4905/torpy-rtun-fork/torpy/circuit.py", line 134, in get
    raise CellTimeoutError('Timeout wait for ' + cells_format(self._cell_types))
torpy.circuit.CellTimeoutError: Timeout wait for CellRelayRendezvous2
Exception in thread Thread-5187:
Traceback (most recent call last):
  File "/usr/lib/python3.9/threading.py", line 954, in _bootstrap_inner
    self.run()
  File "/usr/lib/python3.9/threading.py", line 1266, in run
    self.function(*self.args, **self.kwargs)
  File "/home/agaa/git/imt4905/rtun-routing/lsr.py", line 649, in shortest_paths
    cost = nx.path_weight(G, v, 'weight')
  File "/usr/local/lib/python3.9/dist-packages/networkx/classes/function.py", line 1288, in path_weight
    raise nx.NetworkXNoPath("path does not exist")
networkx.exception.NetworkXNoPath: path does not exist
Exception in thread Establish-Quintex64:
Traceback (most recent call last):
  File "/usr/lib/python3.9/threading.py", line 954, in _bootstrap_inner
    self.run()
  File "/home/agaa/git/imt4905/rtun-routing/rendezvous.py", line 88, in run
    rendezvous2_cell = w.get(timeout=self.timeout)
  File "/home/agaa/git/imt4905/torpy-rtun-fork/torpy/circuit.py", line 134, in get
    raise CellTimeoutError('Timeout wait for ' + cells_format(self._cell_types))
torpy.circuit.CellTimeoutError: Timeout wait for CellRelayRendezvous2
Exception in thread Establish-NTH34R2:
Traceback (most recent call last):
  File "/usr/lib/python3.9/threading.py", line 954, in _bootstrap_inner
    self.run()
  File "/home/agaa/git/imt4905/rtun-routing/rendezvous.py", line 88, in run
    rendezvous2_cell = w.get(timeout=self.timeout)
  File "/home/agaa/git/imt4905/torpy-rtun-fork/torpy/circuit.py", line 134, in get
    raise CellTimeoutError('Timeout wait for ' + cells_format(self._cell_types))
torpy.circuit.CellTimeoutError: Timeout wait for CellRelayRendezvous2
Exception in thread Establish-BEEzar:
Traceback (most recent call last):
  File "/usr/lib/python3.9/threading.py", line 954, in _bootstrap_inner
    self.run()
  File "/home/agaa/git/imt4905/rtun-routing/rendezvous.py", line 88, in run
    rendezvous2_cell = w.get(timeout=self.timeout)
  File "/home/agaa/git/imt4905/torpy-rtun-fork/torpy/circuit.py", line 134, in get
    raise CellTimeoutError('Timeout wait for ' + cells_format(self._cell_types))
torpy.circuit.CellTimeoutError: Timeout wait for CellRelayRendezvous2
Exception in thread Establish-sFtor4:
Traceback (most recent call last):
  File "/usr/lib/python3.9/threading.py", line 954, in _bootstrap_inner
    self.run()
  File "/home/agaa/git/imt4905/rtun-routing/rendezvous.py", line 88, in run
    rendezvous2_cell = w.get(timeout=self.timeout)
  File "/home/agaa/git/imt4905/torpy-rtun-fork/torpy/circuit.py", line 134, in get
    raise CellTimeoutError('Timeout wait for ' + cells_format(self._cell_types))
torpy.circuit.CellTimeoutError: Timeout wait for CellRelayRendezvous2
Exception in thread Establish-Quetzalcoatl:
Traceback (most recent call last):
  File "/usr/lib/python3.9/threading.py", line 954, in _bootstrap_inner
    self.run()
  File "/home/agaa/git/imt4905/rtun-routing/rendezvous.py", line 88, in run
    rendezvous2_cell = w.get(timeout=self.timeout)
  File "/home/agaa/git/imt4905/torpy-rtun-fork/torpy/circuit.py", line 134, in get
    raise CellTimeoutError('Timeout wait for ' + cells_format(self._cell_types))
torpy.circuit.CellTimeoutError: Timeout wait for CellRelayRendezvous2
Exception in thread Establish-GoodColours:
Traceback (most recent call last):
  File "/usr/lib/python3.9/threading.py", line 954, in _bootstrap_inner
    self.run()
  File "/home/agaa/git/imt4905/rtun-routing/rendezvous.py", line 88, in run
    rendezvous2_cell = w.get(timeout=self.timeout)
  File "/home/agaa/git/imt4905/torpy-rtun-fork/torpy/circuit.py", line 134, in get
    raise CellTimeoutError('Timeout wait for ' + cells_format(self._cell_types))
torpy.circuit.CellTimeoutError: Timeout wait for CellRelayRendezvous2
Exception in thread Establish-GenericRelay:
Traceback (most recent call last):
  File "/usr/lib/python3.9/threading.py", line 954, in _bootstrap_inner
    self.run()
  File "/home/agaa/git/imt4905/rtun-routing/rendezvous.py", line 88, in run
    rendezvous2_cell = w.get(timeout=self.timeout)
  File "/home/agaa/git/imt4905/torpy-rtun-fork/torpy/circuit.py", line 134, in get
    raise CellTimeoutError('Timeout wait for ' + cells_format(self._cell_types))
torpy.circuit.CellTimeoutError: Timeout wait for CellRelayRendezvous2
Exception in thread Establish-pIetr0d1C4rB04711:
Traceback (most recent call last):
  File "/usr/lib/python3.9/threading.py", line 954, in _bootstrap_inner
    self.run()
  File "/home/agaa/git/imt4905/rtun-routing/rendezvous.py", line 88, in run
    rendezvous2_cell = w.get(timeout=self.timeout)
  File "/home/agaa/git/imt4905/torpy-rtun-fork/torpy/circuit.py", line 134, in get
    raise CellTimeoutError('Timeout wait for ' + cells_format(self._cell_types))
torpy.circuit.CellTimeoutError: Timeout wait for CellRelayRendezvous2
Exception in thread Establish-nil:
Traceback (most recent call last):
  File "/usr/lib/python3.9/threading.py", line 954, in _bootstrap_inner
    self.run()
  File "/home/agaa/git/imt4905/rtun-routing/rendezvous.py", line 88, in run
    rendezvous2_cell = w.get(timeout=self.timeout)
  File "/home/agaa/git/imt4905/torpy-rtun-fork/torpy/circuit.py", line 134, in get
    raise CellTimeoutError('Timeout wait for ' + cells_format(self._cell_types))
torpy.circuit.CellTimeoutError: Timeout wait for CellRelayRendezvous2
Exception in thread Establish-jhsthirdtorrelay:
Traceback (most recent call last):
  File "/usr/lib/python3.9/threading.py", line 954, in _bootstrap_inner
    self.run()
  File "/home/agaa/git/imt4905/rtun-routing/rendezvous.py", line 88, in run
    rendezvous2_cell = w.get(timeout=self.timeout)
  File "/home/agaa/git/imt4905/torpy-rtun-fork/torpy/circuit.py", line 134, in get
    raise CellTimeoutError('Timeout wait for ' + cells_format(self._cell_types))
torpy.circuit.CellTimeoutError: Timeout wait for CellRelayRendezvous2
Terminated
Terminated
Terminated
Terminated
Terminated
Terminated
Terminated
Terminated
