1681120455.6163516;P1;{}
1681120458.6529796;P1;{}
1681120461.6608686;P1;[["P1", "P2", 100, "sklep"]]
1681120464.6694322;P1;[["P1", "P2", 100, "sklep"]]
1681120467.6773484;P1;[["P1", "P2", 100, "sklep"], ["P1", "P3", 100, "snowball"]]
1681120470.684556;P1;[["P1", "P2", 100, "sklep"], ["P1", "P3", 100, "snowball"]]
1681120473.6914513;P1;[["P1", "P2", 100, "sklep"], ["P1", "P3", 100, "snowball"]]
1681120476.6992893;P1;[["P1", "P2", 100, "sklep"], ["P1", "P3", 100, "snowball"], ["P2", "P4", 100, "LupusreginaBeta"]]
1681120479.7087986;P1;[["P1", "P2", 100, "sklep"], ["P1", "P3", 100, "snowball"], ["P2", "P4", 100, "LupusreginaBeta"], ["P3", "P4", 100, "Vulnerar"]]
1681120482.7152898;P1;[["P1", "P2", 100, "sklep"], ["P1", "P3", 100, "snowball"], ["P2", "P4", 100, "LupusreginaBeta"], ["P3", "P4", 100, "Vulnerar"]]
1681120485.723842;P1;[["P1", "P2", 100, "sklep"], ["P1", "P3", 100, "snowball"], ["P2", "P4", 100, "LupusreginaBeta"], ["P3", "P4", 100, "Vulnerar"]]
1681120488.7305193;P1;[["P1", "P2", 100, "sklep"], ["P1", "P3", 100, "snowball"], ["P2", "P4", 100, "LupusreginaBeta"], ["P3", "P4", 100, "Vulnerar"]]
1681120491.7366898;P1;[["P1", "P2", 100, "sklep"], ["P1", "P3", 100, "snowball"], ["P2", "P4", 100, "LupusreginaBeta"], ["P3", "P4", 100, "Vulnerar"]]
1681120494.7443984;P1;[["P1", "P2", 100, "sklep"], ["P1", "P3", 100, "snowball"], ["P2", "P4", 100, "LupusreginaBeta"], ["P3", "P4", 100, "Vulnerar"]]
1681120497.7513278;P1;[["P1", "P2", 100, "sklep"], ["P1", "P3", 100, "snowball"], ["P2", "P4", 100, "LupusreginaBeta"], ["P3", "P4", 100, "Vulnerar"]]
1681120500.7586703;P1;[["P1", "P2", 100, "sklep"], ["P1", "P3", 100, "snowball"], ["P2", "P4", 100, "LupusreginaBeta"], ["P3", "P4", 100, "Vulnerar"]]
1681120503.766904;P1;[["P1", "P2", 100, "sklep"], ["P1", "P3", 100, "snowball"], ["P2", "P4", 100, "LupusreginaBeta"], ["P3", "P4", 100, "Vulnerar"]]
1681120506.775555;P1;[["P1", "P2", 100, "sklep"], ["P1", "P3", 100, "snowball"], ["P2", "P4", 100, "LupusreginaBeta"], ["P3", "P4", 100, "Vulnerar"]]
1681120509.7817018;P1;[["P1", "P2", 100, "sklep"], ["P1", "P3", 100, "snowball"], ["P2", "P4", 100, "LupusreginaBeta"], ["P3", "P4", 100, "Vulnerar"]]
1681120512.7896247;P1;[["P1", "P2", 100, "sklep"], ["P1", "P3", 100, "snowball"], ["P2", "P4", 100, "LupusreginaBeta"], ["P3", "P4", 100, "Vulnerar"]]
1681120515.7945838;P1;[["P1", "P2", 100, "sklep"], ["P2", "P4", 100, "LupusreginaBeta"], ["P1", "P3", 100, "snowball"], ["P3", "P4", 100, "Vulnerar"], ["P4", "P5", 100, "shhovh"]]
1681120518.804095;P1;[["P1", "P2", 100, "sklep"], ["P2", "P4", 100, "LupusreginaBeta"], ["P1", "P3", 100, "snowball"], ["P3", "P4", 100, "Vulnerar"], ["P4", "P5", 100, "shhovh"], ["P5", "P6", 100, "taipe"]]
1681120521.8124547;P1;[["P1", "P2", 100, "sklep"], ["P2", "P4", 100, "LupusreginaBeta"], ["P1", "P3", 100, "snowball"], ["P3", "P4", 100, "Vulnerar"], ["P4", "P5", 100, "shhovh"], ["P5", "P6", 100, "taipe"]]
1681120524.8202548;P1;[["P1", "P2", 100, "sklep"], ["P2", "P4", 100, "LupusreginaBeta"], ["P1", "P3", 100, "snowball"], ["P3", "P4", 100, "Vulnerar"], ["P4", "P5", 100, "shhovh"], ["P5", "P6", 100, "taipe"]]
1681120527.827859;P1;[["P1", "P2", 100, "sklep"], ["P2", "P4", 100, "LupusreginaBeta"], ["P1", "P3", 100, "snowball"], ["P3", "P4", 100, "Vulnerar"], ["P4", "P5", 100, "shhovh"], ["P5", "P6", 100, "taipe"]]
1681120530.8364937;P1;[["P1", "P2", 100, "sklep"], ["P2", "P4", 100, "LupusreginaBeta"], ["P1", "P3", 100, "snowball"], ["P3", "P4", 100, "Vulnerar"], ["P4", "P5", 100, "shhovh"], ["P5", "P6", 100, "taipe"]]
1681120533.8442507;P1;[["P1", "P2", 100, "sklep"], ["P2", "P4", 100, "LupusreginaBeta"], ["P1", "P3", 100, "snowball"], ["P3", "P4", 100, "Vulnerar"], ["P4", "P5", 100, "shhovh"], ["P5", "P6", 100, "taipe"], ["P5", "P7", 100, "RMK"], ["P7", "P8", 100, "Vulnerar"]]
1681120536.8506186;P1;[["P1", "P2", 100, "sklep"], ["P2", "P4", 100, "LupusreginaBeta"], ["P1", "P3", 100, "snowball"], ["P3", "P4", 100, "Vulnerar"], ["P4", "P5", 100, "shhovh"], ["P5", "P6", 100, "taipe"], ["P5", "P7", 100, "RMK"], ["P7", "P8", 100, "Vulnerar"]]
1681120539.8548896;P1;[["P1", "P2", 100, "sklep"], ["P2", "P4", 100, "LupusreginaBeta"], ["P1", "P3", 100, "snowball"], ["P3", "P4", 100, "Vulnerar"], ["P4", "P5", 100, "shhovh"], ["P5", "P6", 100, "taipe"], ["P5", "P7", 100, "RMK"], ["P7", "P8", 100, "Vulnerar"], ["P6", "P8", 100, "LupusreginaBeta"]]
1681120542.8617206;P1;[["P1", "P2", 100, "sklep"], ["P2", "P4", 100, "LupusreginaBeta"], ["P1", "P3", 100, "snowball"], ["P3", "P4", 100, "Vulnerar"], ["P4", "P5", 100, "shhovh"], ["P5", "P6", 100, "taipe"], ["P5", "P7", 100, "RMK"], ["P7", "P8", 100, "Vulnerar"], ["P6", "P8", 100, "LupusreginaBeta"]]
1681120545.8702111;P1;[["P1", "P2", 100, "sklep"], ["P2", "P4", 100, "LupusreginaBeta"], ["P1", "P3", 100, "snowball"], ["P3", "P4", 100, "Vulnerar"], ["P4", "P5", 100, "shhovh"], ["P5", "P7", 100, "RMK"], ["P7", "P8", 100, "Vulnerar"]]
1681120548.8777847;P1;[["P1", "P2", 100, "sklep"], ["P2", "P4", 100, "LupusreginaBeta"], ["P1", "P3", 100, "snowball"], ["P3", "P4", 100, "Vulnerar"], ["P4", "P5", 100, "shhovh"], ["P5", "P7", 100, "RMK"], ["P7", "P8", 100, "Vulnerar"], ["P6", "P8", 100, "LupusreginaBeta"]]
1681120551.8861003;P1;[["P1", "P2", 100, "sklep"], ["P2", "P4", 100, "LupusreginaBeta"], ["P1", "P3", 100, "snowball"], ["P3", "P4", 100, "Vulnerar"], ["P4", "P5", 100, "shhovh"], ["P5", "P7", 100, "RMK"], ["P7", "P8", 100, "Vulnerar"], ["P6", "P8", 100, "LupusreginaBeta"]]
1681120554.895169;P1;[["P1", "P2", 100, "sklep"], ["P2", "P4", 100, "LupusreginaBeta"], ["P1", "P3", 100, "snowball"], ["P3", "P4", 100, "Vulnerar"], ["P4", "P5", 100, "shhovh"], ["P5", "P7", 100, "RMK"], ["P7", "P8", 100, "Vulnerar"], ["P6", "P8", 100, "LupusreginaBeta"]]
1681120557.901756;P1;[["P1", "P2", 100, "sklep"], ["P2", "P4", 100, "LupusreginaBeta"], ["P1", "P3", 100, "snowball"], ["P3", "P4", 100, "Vulnerar"], ["P4", "P5", 100, "shhovh"], ["P5", "P7", 100, "RMK"], ["P7", "P8", 100, "Vulnerar"], ["P6", "P8", 100, "LupusreginaBeta"]]
1681120560.9105425;P1;[["P1", "P2", 100, "sklep"], ["P2", "P4", 100, "LupusreginaBeta"], ["P1", "P3", 100, "snowball"], ["P3", "P4", 100, "Vulnerar"], ["P4", "P5", 100, "shhovh"], ["P5", "P7", 100, "RMK"], ["P7", "P8", 100, "Vulnerar"], ["P6", "P8", 100, "LupusreginaBeta"]]
1681120563.9185982;P1;[["P1", "P2", 100, "sklep"], ["P2", "P4", 100, "LupusreginaBeta"], ["P1", "P3", 100, "snowball"], ["P3", "P4", 100, "Vulnerar"], ["P5", "P7", 100, "RMK"], ["P7", "P8", 100, "Vulnerar"], ["P6", "P8", 100, "LupusreginaBeta"]]
1681120566.9265578;P1;[["P1", "P2", 100, "sklep"], ["P2", "P4", 100, "LupusreginaBeta"], ["P1", "P3", 100, "snowball"], ["P3", "P4", 100, "Vulnerar"], ["P4", "P5", 100, "shhovh"], ["P5", "P7", 100, "RMK"], ["P7", "P8", 100, "Vulnerar"], ["P6", "P8", 100, "LupusreginaBeta"]]
1681120569.9349384;P1;[["P1", "P2", 100, "sklep"], ["P2", "P4", 100, "LupusreginaBeta"], ["P1", "P3", 100, "snowball"], ["P3", "P4", 100, "Vulnerar"], ["P4", "P5", 100, "shhovh"], ["P5", "P7", 100, "RMK"], ["P7", "P8", 100, "Vulnerar"], ["P6", "P8", 100, "LupusreginaBeta"]]
1681120572.9434435;P1;[["P1", "P2", 100, "sklep"], ["P2", "P4", 100, "LupusreginaBeta"], ["P1", "P3", 100, "snowball"], ["P3", "P4", 100, "Vulnerar"], ["P4", "P5", 100, "shhovh"], ["P5", "P7", 100, "RMK"], ["P7", "P8", 100, "Vulnerar"], ["P6", "P8", 100, "LupusreginaBeta"]]
1681120575.9512868;P1;[["P1", "P2", 100, "sklep"], ["P2", "P4", 100, "LupusreginaBeta"], ["P1", "P3", 100, "snowball"], ["P3", "P4", 100, "Vulnerar"], ["P4", "P5", 100, "shhovh"], ["P5", "P7", 100, "RMK"], ["P7", "P8", 100, "Vulnerar"], ["P6", "P8", 100, "LupusreginaBeta"]]
1681120578.9586687;P1;[["P1", "P2", 100, "sklep"], ["P2", "P4", 100, "LupusreginaBeta"], ["P1", "P3", 100, "snowball"], ["P3", "P4", 100, "Vulnerar"], ["P4", "P5", 100, "shhovh"], ["P5", "P7", 100, "RMK"], ["P7", "P8", 100, "Vulnerar"], ["P6", "P8", 100, "LupusreginaBeta"]]
1681120581.9677348;P1;[["P1", "P2", 100, "sklep"], ["P2", "P4", 100, "LupusreginaBeta"], ["P1", "P3", 100, "snowball"], ["P3", "P4", 100, "Vulnerar"], ["P4", "P5", 100, "shhovh"], ["P5", "P7", 100, "RMK"], ["P7", "P8", 100, "Vulnerar"], ["P6", "P8", 100, "LupusreginaBeta"]]
1681120584.9757352;P1;[["P1", "P2", 100, "sklep"], ["P2", "P4", 100, "LupusreginaBeta"], ["P1", "P3", 100, "snowball"], ["P3", "P4", 100, "Vulnerar"], ["P4", "P5", 100, "shhovh"], ["P5", "P7", 100, "RMK"], ["P7", "P8", 100, "Vulnerar"], ["P6", "P8", 100, "LupusreginaBeta"]]
1681120587.9847608;P1;[["P1", "P2", 100, "sklep"], ["P2", "P4", 100, "LupusreginaBeta"], ["P1", "P3", 100, "snowball"], ["P3", "P4", 100, "Vulnerar"], ["P4", "P5", 100, "shhovh"], ["P5", "P7", 100, "RMK"], ["P7", "P8", 100, "Vulnerar"], ["P6", "P8", 100, "LupusreginaBeta"]]
1681120590.9913762;P1;[["P1", "P2", 100, "sklep"], ["P2", "P4", 100, "LupusreginaBeta"], ["P1", "P3", 100, "snowball"], ["P3", "P4", 100, "Vulnerar"], ["P4", "P5", 100, "shhovh"], ["P5", "P7", 100, "RMK"], ["P7", "P8", 100, "Vulnerar"], ["P6", "P8", 100, "LupusreginaBeta"]]
1681120593.998772;P1;[["P1", "P2", 100, "sklep"], ["P2", "P4", 100, "LupusreginaBeta"], ["P1", "P3", 100, "snowball"], ["P3", "P4", 100, "Vulnerar"], ["P4", "P5", 100, "shhovh"], ["P5", "P7", 100, "RMK"], ["P7", "P8", 100, "Vulnerar"], ["P6", "P8", 100, "LupusreginaBeta"]]
1681120597.0077558;P1;[["P1", "P2", 100, "sklep"], ["P2", "P4", 100, "LupusreginaBeta"], ["P1", "P3", 100, "snowball"], ["P3", "P4", 100, "Vulnerar"], ["P4", "P5", 100, "shhovh"], ["P5", "P7", 100, "RMK"], ["P7", "P8", 100, "Vulnerar"], ["P6", "P8", 100, "LupusreginaBeta"]]
1681120600.0152345;P1;[["P1", "P2", 100, "sklep"], ["P2", "P4", 100, "LupusreginaBeta"], ["P1", "P3", 100, "snowball"], ["P3", "P4", 100, "Vulnerar"], ["P4", "P5", 100, "shhovh"], ["P5", "P7", 100, "RMK"], ["P7", "P8", 100, "Vulnerar"], ["P6", "P8", 100, "LupusreginaBeta"]]
1681120603.0232224;P1;[["P1", "P2", 100, "sklep"], ["P2", "P4", 100, "LupusreginaBeta"], ["P1", "P3", 100, "snowball"], ["P3", "P4", 100, "Vulnerar"], ["P4", "P5", 100, "shhovh"], ["P5", "P7", 100, "RMK"], ["P7", "P8", 100, "Vulnerar"], ["P6", "P8", 100, "LupusreginaBeta"]]
1681120606.030844;P1;[["P1", "P2", 100, "sklep"], ["P2", "P4", 100, "LupusreginaBeta"], ["P1", "P3", 100, "snowball"], ["P3", "P4", 100, "Vulnerar"], ["P4", "P5", 100, "shhovh"], ["P5", "P7", 100, "RMK"], ["P7", "P8", 100, "Vulnerar"], ["P6", "P8", 100, "LupusreginaBeta"]]
1681120609.0397136;P1;[["P1", "P2", 100, "sklep"], ["P2", "P4", 100, "LupusreginaBeta"], ["P1", "P3", 100, "snowball"], ["P3", "P4", 100, "Vulnerar"], ["P4", "P5", 100, "shhovh"], ["P5", "P7", 100, "RMK"], ["P7", "P8", 100, "Vulnerar"], ["P6", "P8", 100, "LupusreginaBeta"]]
1681120612.0478206;P1;[["P1", "P2", 100, "sklep"], ["P2", "P4", 100, "LupusreginaBeta"], ["P1", "P3", 100, "snowball"], ["P3", "P4", 100, "Vulnerar"], ["P4", "P5", 100, "shhovh"], ["P5", "P7", 100, "RMK"], ["P7", "P8", 100, "Vulnerar"], ["P6", "P8", 100, "LupusreginaBeta"]]
1681120615.0550406;P1;[["P1", "P2", 100, "sklep"], ["P2", "P4", 100, "LupusreginaBeta"], ["P1", "P3", 100, "snowball"], ["P3", "P4", 100, "Vulnerar"], ["P4", "P5", 100, "shhovh"], ["P5", "P7", 100, "RMK"], ["P7", "P8", 100, "Vulnerar"], ["P6", "P8", 100, "LupusreginaBeta"]]
1681120618.0629873;P1;[["P1", "P2", 100, "sklep"], ["P2", "P4", 100, "LupusreginaBeta"], ["P1", "P3", 100, "snowball"], ["P3", "P4", 100, "Vulnerar"], ["P4", "P5", 100, "shhovh"], ["P5", "P7", 100, "RMK"], ["P7", "P8", 100, "Vulnerar"], ["P6", "P8", 100, "LupusreginaBeta"]]
1681120621.0711415;P1;[["P1", "P2", 100, "sklep"], ["P2", "P4", 100, "LupusreginaBeta"], ["P1", "P3", 100, "snowball"], ["P3", "P4", 100, "Vulnerar"], ["P4", "P5", 100, "shhovh"], ["P5", "P7", 100, "RMK"], ["P7", "P8", 100, "Vulnerar"], ["P6", "P8", 100, "LupusreginaBeta"]]
1681120624.0789826;P1;[["P1", "P2", 100, "sklep"], ["P2", "P4", 100, "LupusreginaBeta"], ["P1", "P3", 100, "snowball"], ["P3", "P4", 100, "Vulnerar"], ["P4", "P5", 100, "shhovh"], ["P5", "P7", 100, "RMK"], ["P7", "P8", 100, "Vulnerar"], ["P6", "P8", 100, "LupusreginaBeta"]]
1681120627.086588;P1;[["P1", "P2", 294, "sklep"], ["P2", "P4", 470, "LupusreginaBeta"], ["P1", "P3", 100, "snowball"], ["P3", "P4", 100, "Vulnerar"], ["P4", "P5", 100, "shhovh"], ["P5", "P7", 100, "RMK"], ["P7", "P8", 100, "Vulnerar"], ["P6", "P8", 100, "LupusreginaBeta"]]
1681120630.0947108;P1;[["P1", "P2", 294, "sklep"], ["P2", "P4", 470, "LupusreginaBeta"], ["P1", "P3", 447, "snowball"], ["P3", "P4", 100, "Vulnerar"], ["P4", "P5", 100, "shhovh"], ["P5", "P7", 100, "RMK"], ["P7", "P8", 100, "Vulnerar"], ["P6", "P8", 100, "LupusreginaBeta"]]
1681120633.102668;P1;[["P1", "P2", 294, "sklep"], ["P2", "P4", 470, "LupusreginaBeta"], ["P1", "P3", 447, "snowball"], ["P3", "P4", 100, "Vulnerar"], ["P4", "P5", 100, "shhovh"], ["P5", "P7", 100, "RMK"], ["P7", "P8", 100, "Vulnerar"], ["P6", "P8", 100, "LupusreginaBeta"]]
1681120636.1084378;P1;[["P1", "P2", 294, "sklep"], ["P2", "P4", 470, "LupusreginaBeta"], ["P1", "P3", 447, "snowball"], ["P3", "P4", 100, "Vulnerar"], ["P4", "P5", 100, "shhovh"], ["P5", "P7", 100, "RMK"], ["P7", "P8", 100, "Vulnerar"], ["P6", "P8", 100, "LupusreginaBeta"]]
1681120639.1158602;P1;[["P1", "P2", 294, "sklep"], ["P2", "P4", 470, "LupusreginaBeta"], ["P1", "P3", 447, "snowball"], ["P3", "P4", 100, "Vulnerar"], ["P4", "P5", 100, "shhovh"], ["P5", "P7", 100, "RMK"], ["P7", "P8", 100, "Vulnerar"], ["P6", "P8", 100, "LupusreginaBeta"]]
1681120642.1236944;P1;[["P1", "P2", 294, "sklep"], ["P2", "P4", 470, "LupusreginaBeta"], ["P1", "P3", 447, "snowball"], ["P3", "P4", 100, "Vulnerar"], ["P4", "P5", 100, "shhovh"], ["P5", "P7", 100, "RMK"], ["P7", "P8", 100, "Vulnerar"], ["P6", "P8", 100, "LupusreginaBeta"]]
1681120645.130697;P1;[["P1", "P2", 294, "sklep"], ["P2", "P4", 470, "LupusreginaBeta"], ["P1", "P3", 447, "snowball"], ["P3", "P4", 707, "Vulnerar"], ["P4", "P5", 100, "shhovh"], ["P5", "P7", 100, "RMK"], ["P7", "P8", 100, "Vulnerar"], ["P6", "P8", 100, "LupusreginaBeta"]]
1681120648.1403205;P1;[["P1", "P2", 294, "sklep"], ["P2", "P4", 470, "LupusreginaBeta"], ["P1", "P3", 447, "snowball"], ["P3", "P4", 707, "Vulnerar"], ["P4", "P5", 100, "shhovh"], ["P5", "P7", 100, "RMK"], ["P7", "P8", 100, "Vulnerar"], ["P6", "P8", 100, "LupusreginaBeta"]]
1681120651.1478364;P1;[["P1", "P2", 294, "sklep"], ["P2", "P4", 470, "LupusreginaBeta"], ["P1", "P3", 447, "snowball"], ["P3", "P4", 707, "Vulnerar"], ["P4", "P5", 100, "shhovh"], ["P5", "P7", 100, "RMK"], ["P7", "P8", 100, "Vulnerar"], ["P6", "P8", 100, "LupusreginaBeta"]]
1681120654.1543221;P1;[["P1", "P2", 294, "sklep"], ["P2", "P4", 470, "LupusreginaBeta"], ["P1", "P3", 447, "snowball"], ["P3", "P4", 707, "Vulnerar"], ["P4", "P5", 100, "shhovh"], ["P5", "P7", 100, "RMK"], ["P7", "P8", 100, "Vulnerar"], ["P6", "P8", 100, "LupusreginaBeta"]]
1681120657.1634443;P1;[["P1", "P2", 294, "sklep"], ["P2", "P4", 470, "LupusreginaBeta"], ["P1", "P3", 447, "snowball"], ["P3", "P4", 707, "Vulnerar"], ["P4", "P5", 100, "shhovh"], ["P5", "P7", 100, "RMK"], ["P7", "P8", 100, "Vulnerar"], ["P6", "P8", 100, "LupusreginaBeta"]]
1681120660.1703355;P1;[["P1", "P2", 294, "sklep"], ["P2", "P4", 470, "LupusreginaBeta"], ["P1", "P3", 447, "snowball"], ["P3", "P4", 707, "Vulnerar"], ["P4", "P5", 100, "shhovh"], ["P5", "P7", 100, "RMK"], ["P7", "P8", 100, "Vulnerar"], ["P6", "P8", 100, "LupusreginaBeta"]]
1681120663.1792243;P1;[["P1", "P2", 294, "sklep"], ["P2", "P4", 470, "LupusreginaBeta"], ["P1", "P3", 447, "snowball"], ["P3", "P4", 707, "Vulnerar"], ["P4", "P5", 100, "shhovh"], ["P5", "P7", 100, "RMK"], ["P7", "P8", 100, "Vulnerar"], ["P6", "P8", 100, "LupusreginaBeta"]]
1681120666.18515;P1;[["P1", "P2", 294, "sklep"], ["P2", "P4", 470, "LupusreginaBeta"], ["P1", "P3", 447, "snowball"], ["P3", "P4", 707, "Vulnerar"], ["P4", "P5", 661, "shhovh"], ["P5", "P7", 100, "RMK"], ["P7", "P8", 100, "Vulnerar"], ["P6", "P8", 100, "LupusreginaBeta"]]
1681120669.192266;P1;[["P1", "P2", 294, "sklep"], ["P2", "P4", 470, "LupusreginaBeta"], ["P1", "P3", 447, "snowball"], ["P3", "P4", 707, "Vulnerar"], ["P4", "P5", 661, "shhovh"], ["P5", "P7", 100, "RMK"], ["P7", "P8", 100, "Vulnerar"], ["P6", "P8", 100, "LupusreginaBeta"]]
1681120672.1983228;P1;[["P1", "P2", 294, "sklep"], ["P2", "P4", 470, "LupusreginaBeta"], ["P1", "P3", 447, "snowball"], ["P3", "P4", 707, "Vulnerar"], ["P4", "P5", 661, "shhovh"], ["P5", "P7", 100, "RMK"], ["P7", "P8", 100, "Vulnerar"], ["P6", "P8", 100, "LupusreginaBeta"]]
1681120675.20628;P1;[["P1", "P2", 294, "sklep"], ["P2", "P4", 470, "LupusreginaBeta"], ["P1", "P3", 447, "snowball"], ["P3", "P4", 707, "Vulnerar"], ["P4", "P5", 661, "shhovh"], ["P5", "P7", 100, "RMK"], ["P7", "P8", 100, "Vulnerar"], ["P6", "P8", 100, "LupusreginaBeta"]]
1681120678.2151213;P1;[["P1", "P2", 294, "sklep"], ["P2", "P4", 470, "LupusreginaBeta"], ["P1", "P3", 447, "snowball"], ["P3", "P4", 707, "Vulnerar"], ["P4", "P5", 661, "shhovh"], ["P5", "P7", 100, "RMK"], ["P7", "P8", 100, "Vulnerar"], ["P6", "P8", 100, "LupusreginaBeta"]]
1681120681.2233562;P1;[["P1", "P2", 294, "sklep"], ["P2", "P4", 470, "LupusreginaBeta"], ["P1", "P3", 447, "snowball"], ["P3", "P4", 707, "Vulnerar"], ["P4", "P5", 661, "shhovh"], ["P5", "P7", 100, "RMK"], ["P7", "P8", 100, "Vulnerar"], ["P6", "P8", 100, "LupusreginaBeta"]]
1681120684.2304127;P1;[["P1", "P2", 294, "sklep"], ["P2", "P4", 470, "LupusreginaBeta"], ["P1", "P3", 447, "snowball"], ["P3", "P4", 707, "Vulnerar"], ["P4", "P5", 661, "shhovh"], ["P5", "P7", 100, "RMK"], ["P7", "P8", 100, "Vulnerar"], ["P6", "P8", 100, "LupusreginaBeta"]]
1681120687.2375875;P1;[["P1", "P2", 294, "sklep"], ["P2", "P4", 470, "LupusreginaBeta"], ["P1", "P3", 447, "snowball"], ["P3", "P4", 707, "Vulnerar"], ["P4", "P5", 661, "shhovh"], ["P5", "P7", 764, "RMK"], ["P7", "P8", 100, "Vulnerar"], ["P6", "P8", 100, "LupusreginaBeta"]]
1681120690.2450454;P1;[["P1", "P2", 294, "sklep"], ["P2", "P4", 470, "LupusreginaBeta"], ["P1", "P3", 447, "snowball"], ["P3", "P4", 707, "Vulnerar"], ["P4", "P5", 661, "shhovh"], ["P5", "P7", 764, "RMK"], ["P7", "P8", 100, "Vulnerar"], ["P6", "P8", 659, "LupusreginaBeta"]]
1681120693.2511475;P1;[["P1", "P2", 294, "sklep"], ["P2", "P4", 470, "LupusreginaBeta"], ["P1", "P3", 447, "snowball"], ["P3", "P4", 707, "Vulnerar"], ["P4", "P5", 661, "shhovh"], ["P5", "P7", 764, "RMK"], ["P7", "P8", 100, "Vulnerar"], ["P6", "P8", 659, "LupusreginaBeta"]]
1681120696.2612345;P1;[["P1", "P2", 294, "sklep"], ["P2", "P4", 470, "LupusreginaBeta"], ["P1", "P3", 447, "snowball"], ["P3", "P4", 707, "Vulnerar"], ["P4", "P5", 661, "shhovh"], ["P5", "P7", 764, "RMK"], ["P7", "P8", 100, "Vulnerar"], ["P6", "P8", 659, "LupusreginaBeta"]]
1681120699.269428;P1;[["P1", "P2", 294, "sklep"], ["P2", "P4", 470, "LupusreginaBeta"], ["P1", "P3", 447, "snowball"], ["P3", "P4", 707, "Vulnerar"], ["P4", "P5", 661, "shhovh"], ["P5", "P7", 764, "RMK"], ["P7", "P8", 100, "Vulnerar"], ["P6", "P8", 659, "LupusreginaBeta"]]
1681120702.2775853;P1;[["P1", "P2", 294, "sklep"], ["P2", "P4", 470, "LupusreginaBeta"], ["P1", "P3", 447, "snowball"], ["P3", "P4", 707, "Vulnerar"], ["P4", "P5", 661, "shhovh"], ["P5", "P7", 764, "RMK"], ["P7", "P8", 1169, "Vulnerar"], ["P6", "P8", 659, "LupusreginaBeta"]]
1681120705.2858844;P1;[["P1", "P2", 294, "sklep"], ["P2", "P4", 470, "LupusreginaBeta"], ["P1", "P3", 447, "snowball"], ["P3", "P4", 707, "Vulnerar"], ["P4", "P5", 661, "shhovh"], ["P5", "P7", 764, "RMK"], ["P7", "P8", 1169, "Vulnerar"], ["P6", "P8", 659, "LupusreginaBeta"]]
1681120708.2930746;P1;[["P1", "P2", 294, "sklep"], ["P2", "P4", 470, "LupusreginaBeta"], ["P1", "P3", 447, "snowball"], ["P3", "P4", 707, "Vulnerar"], ["P4", "P5", 661, "shhovh"], ["P5", "P7", 764, "RMK"], ["P7", "P8", 1169, "Vulnerar"], ["P6", "P8", 659, "LupusreginaBeta"]]
1681120711.3002987;P1;[["P1", "P2", 294, "sklep"], ["P2", "P4", 470, "LupusreginaBeta"], ["P1", "P3", 447, "snowball"], ["P3", "P4", 707, "Vulnerar"], ["P4", "P5", 661, "shhovh"], ["P5", "P7", 764, "RMK"], ["P7", "P8", 1169, "Vulnerar"], ["P6", "P8", 659, "LupusreginaBeta"]]
1681120714.3084586;P1;[["P1", "P2", 294, "sklep"], ["P2", "P4", 470, "LupusreginaBeta"], ["P1", "P3", 447, "snowball"], ["P3", "P4", 707, "Vulnerar"], ["P4", "P5", 661, "shhovh"], ["P5", "P7", 764, "RMK"], ["P7", "P8", 1169, "Vulnerar"], ["P6", "P8", 659, "LupusreginaBeta"]]
1681120717.3160226;P1;[["P1", "P2", 294, "sklep"], ["P2", "P4", 470, "LupusreginaBeta"], ["P1", "P3", 447, "snowball"], ["P3", "P4", 707, "Vulnerar"], ["P4", "P5", 661, "shhovh"], ["P5", "P7", 764, "RMK"], ["P7", "P8", 100, "hawksTorRelay"], ["P6", "P8", 659, "LupusreginaBeta"]]
1681120720.323275;P1;[["P1", "P2", 294, "sklep"], ["P2", "P4", 470, "LupusreginaBeta"], ["P1", "P3", 447, "snowball"], ["P3", "P4", 707, "Vulnerar"], ["P4", "P5", 661, "shhovh"], ["P5", "P7", 764, "RMK"], ["P7", "P8", 100, "hawksTorRelay"], ["P6", "P8", 659, "LupusreginaBeta"]]
1681120723.3308306;P1;[["P1", "P2", 294, "sklep"], ["P2", "P4", 470, "LupusreginaBeta"], ["P1", "P3", 447, "snowball"], ["P3", "P4", 707, "Vulnerar"], ["P4", "P5", 661, "shhovh"], ["P5", "P7", 764, "RMK"], ["P7", "P8", 100, "hawksTorRelay"], ["P6", "P8", 659, "LupusreginaBeta"]]
1681120726.3349488;P1;[["P1", "P2", 294, "sklep"], ["P2", "P4", 470, "LupusreginaBeta"], ["P1", "P3", 447, "snowball"], ["P3", "P4", 707, "Vulnerar"], ["P4", "P5", 661, "shhovh"], ["P5", "P7", 764, "RMK"], ["P7", "P8", 100, "hawksTorRelay"], ["P6", "P8", 659, "LupusreginaBeta"]]
1681120729.347191;P1;[["P1", "P2", 294, "sklep"], ["P2", "P4", 470, "LupusreginaBeta"], ["P1", "P3", 447, "snowball"], ["P3", "P4", 707, "Vulnerar"], ["P4", "P5", 661, "shhovh"], ["P5", "P7", 764, "RMK"], ["P7", "P8", 100, "hawksTorRelay"], ["P6", "P8", 659, "LupusreginaBeta"]]
1681120732.3541527;P1;[["P1", "P2", 294, "sklep"], ["P2", "P4", 470, "LupusreginaBeta"], ["P1", "P3", 447, "snowball"], ["P3", "P4", 707, "Vulnerar"], ["P4", "P5", 661, "shhovh"], ["P5", "P7", 764, "RMK"], ["P7", "P8", 100, "hawksTorRelay"], ["P6", "P8", 659, "LupusreginaBeta"]]
1681120735.3626988;P1;[["P1", "P2", 294, "sklep"], ["P2", "P4", 470, "LupusreginaBeta"], ["P1", "P3", 447, "snowball"], ["P3", "P4", 707, "Vulnerar"], ["P4", "P5", 661, "shhovh"], ["P5", "P7", 764, "RMK"], ["P7", "P8", 100, "hawksTorRelay"], ["P6", "P8", 659, "LupusreginaBeta"]]
1681120738.3740249;P1;[["P1", "P2", 294, "sklep"], ["P2", "P4", 470, "LupusreginaBeta"], ["P1", "P3", 447, "snowball"], ["P3", "P4", 707, "Vulnerar"], ["P4", "P5", 661, "shhovh"], ["P5", "P7", 764, "RMK"], ["P7", "P8", 100, "hawksTorRelay"], ["P6", "P8", 659, "LupusreginaBeta"]]
1681120741.3832748;P1;[["P1", "P2", 294, "sklep"], ["P2", "P4", 470, "LupusreginaBeta"], ["P1", "P3", 447, "snowball"], ["P3", "P4", 707, "Vulnerar"], ["P4", "P5", 661, "shhovh"], ["P5", "P7", 764, "RMK"], ["P7", "P8", 100, "hawksTorRelay"], ["P6", "P8", 659, "LupusreginaBeta"]]
1681120744.3908777;P1;[["P1", "P2", 294, "sklep"], ["P2", "P4", 470, "LupusreginaBeta"], ["P1", "P3", 447, "snowball"], ["P3", "P4", 707, "Vulnerar"], ["P4", "P5", 661, "shhovh"], ["P5", "P7", 764, "RMK"], ["P7", "P8", 100, "hawksTorRelay"], ["P6", "P8", 659, "LupusreginaBeta"]]
1681120747.3994658;P1;[["P1", "P2", 294, "sklep"], ["P2", "P4", 470, "LupusreginaBeta"], ["P1", "P3", 447, "snowball"], ["P3", "P4", 707, "Vulnerar"], ["P4", "P5", 661, "shhovh"], ["P5", "P7", 764, "RMK"], ["P7", "P8", 100, "hawksTorRelay"], ["P6", "P8", 659, "LupusreginaBeta"]]
1681120750.4073935;P1;[["P1", "P2", 294, "sklep"], ["P2", "P4", 470, "LupusreginaBeta"], ["P1", "P3", 447, "snowball"], ["P3", "P4", 707, "Vulnerar"], ["P4", "P5", 661, "shhovh"], ["P5", "P7", 764, "RMK"], ["P7", "P8", 100, "hawksTorRelay"], ["P6", "P8", 659, "LupusreginaBeta"]]
1681120753.4156663;P1;[["P1", "P2", 294, "sklep"], ["P2", "P4", 470, "LupusreginaBeta"], ["P1", "P3", 447, "snowball"], ["P3", "P4", 707, "Vulnerar"], ["P4", "P5", 661, "shhovh"], ["P5", "P7", 764, "RMK"], ["P7", "P8", 100, "hawksTorRelay"], ["P6", "P8", 659, "LupusreginaBeta"]]
1681120756.4261334;P1;[["P1", "P2", 294, "sklep"], ["P2", "P4", 470, "LupusreginaBeta"], ["P1", "P3", 447, "snowball"], ["P3", "P4", 707, "Vulnerar"], ["P4", "P5", 661, "shhovh"], ["P5", "P7", 764, "RMK"], ["P7", "P8", 100, "hawksTorRelay"], ["P6", "P8", 659, "LupusreginaBeta"]]
1681120759.4348469;P1;[["P1", "P2", 294, "sklep"], ["P2", "P4", 470, "LupusreginaBeta"], ["P1", "P3", 447, "snowball"], ["P3", "P4", 707, "Vulnerar"], ["P4", "P5", 661, "shhovh"], ["P5", "P7", 764, "RMK"], ["P7", "P8", 100, "hawksTorRelay"], ["P6", "P8", 659, "LupusreginaBeta"]]
1681120762.443059;P1;[["P1", "P2", 294, "sklep"], ["P2", "P4", 470, "LupusreginaBeta"], ["P1", "P3", 447, "snowball"], ["P3", "P4", 707, "Vulnerar"], ["P4", "P5", 661, "shhovh"], ["P5", "P7", 764, "RMK"], ["P7", "P8", 100, "hawksTorRelay"], ["P6", "P8", 659, "LupusreginaBeta"]]
1681120765.450474;P1;[["P1", "P2", 294, "sklep"], ["P2", "P4", 470, "LupusreginaBeta"], ["P1", "P3", 447, "snowball"], ["P3", "P4", 707, "Vulnerar"], ["P4", "P5", 661, "shhovh"], ["P5", "P7", 764, "RMK"], ["P7", "P8", 100, "hawksTorRelay"], ["P6", "P8", 659, "LupusreginaBeta"]]
1681120768.456595;P1;[["P1", "P2", 294, "sklep"], ["P2", "P4", 470, "LupusreginaBeta"], ["P1", "P3", 447, "snowball"], ["P3", "P4", 707, "Vulnerar"], ["P4", "P5", 661, "shhovh"], ["P5", "P7", 764, "RMK"], ["P7", "P8", 100, "hawksTorRelay"], ["P6", "P8", 659, "LupusreginaBeta"]]
1681120771.4616394;P1;[["P1", "P2", 294, "sklep"], ["P2", "P4", 470, "LupusreginaBeta"], ["P1", "P3", 447, "snowball"], ["P3", "P4", 707, "Vulnerar"], ["P4", "P5", 661, "shhovh"], ["P5", "P7", 764, "RMK"], ["P7", "P8", 100, "hawksTorRelay"], ["P6", "P8", 659, "LupusreginaBeta"]]
1681120774.484579;P1;[["P1", "P2", 294, "sklep"], ["P2", "P4", 470, "LupusreginaBeta"], ["P1", "P3", 447, "snowball"], ["P3", "P4", 707, "Vulnerar"], ["P4", "P5", 661, "shhovh"], ["P5", "P7", 764, "RMK"], ["P7", "P8", 100, "hawksTorRelay"], ["P6", "P8", 659, "LupusreginaBeta"]]
1681120777.492127;P1;[["P1", "P2", 294, "sklep"], ["P2", "P4", 470, "LupusreginaBeta"], ["P1", "P3", 447, "snowball"], ["P3", "P4", 707, "Vulnerar"], ["P4", "P5", 661, "shhovh"], ["P5", "P7", 100, "p1onX01"], ["P7", "P8", 100, "hawksTorRelay"], ["P6", "P8", 659, "LupusreginaBeta"]]
1681120780.5030062;P1;[["P1", "P2", 325, "sklep"], ["P2", "P4", 470, "LupusreginaBeta"], ["P1", "P3", 447, "snowball"], ["P3", "P4", 707, "Vulnerar"], ["P4", "P5", 661, "shhovh"], ["P5", "P7", 100, "p1onX01"], ["P7", "P8", 100, "hawksTorRelay"], ["P6", "P8", 659, "LupusreginaBeta"]]
1681120783.5140455;P1;[["P1", "P2", 325, "sklep"], ["P2", "P4", 470, "LupusreginaBeta"], ["P1", "P3", 611, "snowball"], ["P3", "P4", 707, "Vulnerar"], ["P4", "P5", 661, "shhovh"], ["P5", "P7", 100, "p1onX01"], ["P7", "P8", 100, "hawksTorRelay"], ["P6", "P8", 659, "LupusreginaBeta"]]
1681120786.5226834;P1;[["P1", "P2", 325, "sklep"], ["P2", "P4", 470, "LupusreginaBeta"], ["P1", "P3", 611, "snowball"], ["P3", "P4", 707, "Vulnerar"], ["P4", "P5", 661, "shhovh"], ["P5", "P7", 100, "p1onX01"], ["P7", "P8", 100, "hawksTorRelay"], ["P6", "P8", 659, "LupusreginaBeta"]]
1681120789.5399559;P1;[["P1", "P2", 325, "sklep"], ["P2", "P4", 470, "LupusreginaBeta"], ["P1", "P3", 611, "snowball"], ["P3", "P4", 707, "Vulnerar"], ["P4", "P5", 661, "shhovh"], ["P5", "P7", 100, "p1onX01"], ["P7", "P8", 100, "hawksTorRelay"], ["P6", "P8", 659, "LupusreginaBeta"]]
1681120792.5449665;P1;[["P1", "P2", 325, "sklep"], ["P2", "P4", 514, "LupusreginaBeta"], ["P1", "P3", 611, "snowball"], ["P3", "P4", 707, "Vulnerar"], ["P4", "P5", 661, "shhovh"], ["P5", "P7", 100, "p1onX01"], ["P7", "P8", 100, "hawksTorRelay"], ["P6", "P8", 659, "LupusreginaBeta"]]
1681120795.5665698;P1;[["P1", "P2", 325, "sklep"], ["P2", "P4", 514, "LupusreginaBeta"], ["P1", "P3", 611, "snowball"], ["P3", "P4", 707, "Vulnerar"], ["P4", "P5", 661, "shhovh"], ["P5", "P7", 100, "p1onX01"], ["P7", "P8", 100, "hawksTorRelay"], ["P6", "P8", 659, "LupusreginaBeta"]]
1681120798.577683;P1;[["P1", "P2", 325, "sklep"], ["P2", "P4", 514, "LupusreginaBeta"], ["P1", "P3", 611, "snowball"], ["P3", "P4", 707, "Vulnerar"], ["P4", "P5", 661, "shhovh"], ["P5", "P7", 100, "p1onX01"], ["P7", "P8", 100, "hawksTorRelay"], ["P6", "P8", 659, "LupusreginaBeta"]]
1681120801.5859869;P1;[["P1", "P2", 325, "sklep"], ["P2", "P4", 514, "LupusreginaBeta"], ["P1", "P3", 611, "snowball"], ["P3", "P4", 707, "Vulnerar"], ["P4", "P5", 661, "shhovh"], ["P5", "P7", 100, "p1onX01"], ["P7", "P8", 100, "hawksTorRelay"], ["P6", "P8", 659, "LupusreginaBeta"]]
1681120804.5943058;P1;[["P1", "P2", 325, "sklep"], ["P2", "P4", 514, "LupusreginaBeta"], ["P1", "P3", 611, "snowball"], ["P3", "P4", 707, "Vulnerar"], ["P4", "P5", 661, "shhovh"], ["P5", "P7", 100, "p1onX01"], ["P7", "P8", 100, "hawksTorRelay"], ["P6", "P8", 659, "LupusreginaBeta"]]
1681120807.6012068;P1;[["P1", "P2", 325, "sklep"], ["P2", "P4", 514, "LupusreginaBeta"], ["P1", "P3", 611, "snowball"], ["P3", "P4", 707, "Vulnerar"], ["P4", "P5", 661, "shhovh"], ["P5", "P7", 100, "p1onX01"], ["P7", "P8", 100, "hawksTorRelay"], ["P6", "P8", 659, "LupusreginaBeta"]]
1681120810.620023;P1;[["P1", "P2", 325, "sklep"], ["P2", "P4", 514, "LupusreginaBeta"], ["P1", "P3", 611, "snowball"], ["P3", "P4", 744, "Vulnerar"], ["P4", "P5", 661, "shhovh"], ["P5", "P7", 100, "p1onX01"], ["P7", "P8", 100, "hawksTorRelay"], ["P6", "P8", 659, "LupusreginaBeta"]]
1681120813.632412;P1;[["P1", "P2", 325, "sklep"], ["P2", "P4", 514, "LupusreginaBeta"], ["P1", "P3", 611, "snowball"], ["P3", "P4", 744, "Vulnerar"], ["P4", "P5", 661, "shhovh"], ["P5", "P7", 100, "p1onX01"], ["P7", "P8", 100, "hawksTorRelay"], ["P6", "P8", 659, "LupusreginaBeta"]]
1681120816.6411061;P1;[["P1", "P2", 325, "sklep"], ["P2", "P4", 514, "LupusreginaBeta"], ["P1", "P3", 611, "snowball"], ["P3", "P4", 744, "Vulnerar"], ["P4", "P5", 661, "shhovh"], ["P5", "P7", 100, "p1onX01"], ["P7", "P8", 100, "hawksTorRelay"], ["P6", "P8", 659, "LupusreginaBeta"]]
1681120819.6478426;P1;[["P1", "P2", 325, "sklep"], ["P2", "P4", 514, "LupusreginaBeta"], ["P1", "P3", 611, "snowball"], ["P3", "P4", 744, "Vulnerar"], ["P4", "P5", 661, "shhovh"], ["P5", "P7", 100, "p1onX01"], ["P7", "P8", 100, "hawksTorRelay"], ["P6", "P8", 659, "LupusreginaBeta"]]
1681120822.6640694;P1;[["P1", "P2", 325, "sklep"], ["P2", "P4", 514, "LupusreginaBeta"], ["P1", "P3", 611, "snowball"], ["P3", "P4", 744, "Vulnerar"], ["P4", "P5", 661, "shhovh"], ["P5", "P7", 100, "p1onX01"], ["P7", "P8", 100, "hawksTorRelay"], ["P6", "P8", 659, "LupusreginaBeta"]]
1681120825.670357;P1;[["P1", "P2", 325, "sklep"], ["P2", "P4", 514, "LupusreginaBeta"], ["P1", "P3", 611, "snowball"], ["P3", "P4", 744, "Vulnerar"], ["P4", "P5", 661, "shhovh"], ["P5", "P7", 100, "p1onX01"], ["P7", "P8", 100, "hawksTorRelay"], ["P6", "P8", 659, "LupusreginaBeta"]]
1681120828.67722;P1;[["P1", "P2", 325, "sklep"], ["P2", "P4", 514, "LupusreginaBeta"], ["P1", "P3", 611, "snowball"], ["P3", "P4", 744, "Vulnerar"], ["P4", "P5", 689, "shhovh"], ["P5", "P7", 100, "p1onX01"], ["P7", "P8", 100, "hawksTorRelay"], ["P6", "P8", 659, "LupusreginaBeta"]]
1681120831.6843033;P1;[["P1", "P2", 325, "sklep"], ["P2", "P4", 514, "LupusreginaBeta"], ["P1", "P3", 611, "snowball"], ["P3", "P4", 744, "Vulnerar"], ["P4", "P5", 689, "shhovh"], ["P5", "P7", 100, "p1onX01"], ["P7", "P8", 100, "hawksTorRelay"], ["P6", "P8", 659, "LupusreginaBeta"]]
1681120834.6893454;P1;[["P1", "P2", 325, "sklep"], ["P2", "P4", 514, "LupusreginaBeta"], ["P1", "P3", 611, "snowball"], ["P3", "P4", 744, "Vulnerar"], ["P4", "P5", 689, "shhovh"], ["P5", "P7", 100, "p1onX01"], ["P7", "P8", 100, "hawksTorRelay"], ["P6", "P8", 659, "LupusreginaBeta"]]
1681120837.6990342;P1;[["P1", "P2", 325, "sklep"], ["P2", "P4", 100, "jokulhops"], ["P1", "P3", 611, "snowball"], ["P3", "P4", 744, "Vulnerar"], ["P4", "P5", 689, "shhovh"], ["P5", "P7", 100, "p1onX01"], ["P7", "P8", 100, "hawksTorRelay"], ["P6", "P8", 659, "LupusreginaBeta"]]
1681120840.708455;P1;[["P1", "P2", 325, "sklep"], ["P2", "P4", 100, "jokulhops"], ["P1", "P3", 611, "snowball"], ["P3", "P4", 744, "Vulnerar"], ["P4", "P5", 689, "shhovh"], ["P5", "P7", 100, "p1onX01"], ["P7", "P8", 100, "hawksTorRelay"], ["P6", "P8", 659, "LupusreginaBeta"]]
1681120843.7158267;P1;[["P1", "P2", 325, "sklep"], ["P2", "P4", 100, "jokulhops"], ["P1", "P3", 611, "snowball"], ["P3", "P4", 744, "Vulnerar"], ["P4", "P5", 689, "shhovh"], ["P5", "P7", 100, "p1onX01"], ["P7", "P8", 100, "hawksTorRelay"], ["P6", "P8", 812, "LupusreginaBeta"]]
1681120846.7208393;P1;[["P1", "P2", 325, "sklep"], ["P2", "P4", 100, "jokulhops"], ["P1", "P3", 611, "snowball"], ["P3", "P4", 744, "Vulnerar"], ["P4", "P5", 689, "shhovh"], ["P5", "P7", 100, "p1onX01"], ["P7", "P8", 100, "hawksTorRelay"], ["P6", "P8", 812, "LupusreginaBeta"]]
1681120849.7264621;P1;[["P1", "P2", 325, "sklep"], ["P2", "P4", 100, "jokulhops"], ["P1", "P3", 611, "snowball"], ["P3", "P4", 744, "Vulnerar"], ["P4", "P5", 689, "shhovh"], ["P5", "P7", 100, "p1onX01"], ["P7", "P8", 100, "hawksTorRelay"], ["P6", "P8", 812, "LupusreginaBeta"]]
1681120852.7341125;P1;[["P1", "P2", 325, "sklep"], ["P2", "P4", 100, "jokulhops"], ["P1", "P3", 611, "snowball"], ["P3", "P4", 744, "Vulnerar"], ["P4", "P5", 689, "shhovh"], ["P5", "P7", 100, "p1onX01"], ["P7", "P8", 100, "hawksTorRelay"], ["P6", "P8", 812, "LupusreginaBeta"]]
1681120855.7426777;P1;[["P1", "P2", 325, "sklep"], ["P2", "P4", 100, "jokulhops"], ["P1", "P3", 611, "snowball"], ["P3", "P4", 744, "Vulnerar"], ["P4", "P5", 689, "shhovh"], ["P5", "P7", 100, "p1onX01"], ["P7", "P8", 100, "hawksTorRelay"], ["P6", "P8", 812, "LupusreginaBeta"]]
1681120858.7504313;P1;[["P1", "P2", 325, "sklep"], ["P2", "P4", 100, "jokulhops"], ["P1", "P3", 611, "snowball"], ["P3", "P4", 744, "Vulnerar"], ["P4", "P5", 689, "shhovh"], ["P5", "P7", 100, "p1onX01"], ["P7", "P8", 100, "hawksTorRelay"], ["P6", "P8", 812, "LupusreginaBeta"]]
1681120861.7589312;P1;[["P1", "P2", 325, "sklep"], ["P2", "P4", 100, "jokulhops"], ["P1", "P3", 611, "snowball"], ["P3", "P4", 744, "Vulnerar"], ["P4", "P5", 689, "shhovh"], ["P5", "P7", 100, "p1onX01"], ["P7", "P8", 100, "hawksTorRelay"], ["P6", "P8", 812, "LupusreginaBeta"]]
1681120864.7652633;P1;[["P1", "P2", 325, "sklep"], ["P2", "P4", 100, "jokulhops"], ["P1", "P3", 611, "snowball"], ["P3", "P4", 744, "Vulnerar"], ["P4", "P5", 689, "shhovh"], ["P5", "P7", 100, "p1onX01"], ["P7", "P8", 100, "hawksTorRelay"], ["P6", "P8", 812, "LupusreginaBeta"]]
1681120867.8453355;P1;[["P1", "P2", 325, "sklep"], ["P2", "P4", 100, "jokulhops"], ["P1", "P3", 611, "snowball"], ["P3", "P4", 744, "Vulnerar"], ["P4", "P5", 689, "shhovh"], ["P5", "P7", 100, "p1onX01"], ["P7", "P8", 100, "hawksTorRelay"], ["P6", "P8", 812, "LupusreginaBeta"]]
1681120870.8615465;P1;[["P1", "P2", 325, "sklep"], ["P2", "P4", 100, "jokulhops"], ["P1", "P3", 611, "snowball"], ["P3", "P4", 744, "Vulnerar"], ["P4", "P5", 689, "shhovh"], ["P5", "P7", 100, "p1onX01"], ["P7", "P8", 100, "hawksTorRelay"], ["P6", "P8", 812, "LupusreginaBeta"]]
1681120873.8678167;P1;[["P1", "P2", 325, "sklep"], ["P2", "P4", 100, "jokulhops"], ["P1", "P3", 611, "snowball"], ["P3", "P4", 744, "Vulnerar"], ["P4", "P5", 689, "shhovh"], ["P5", "P7", 100, "p1onX01"], ["P7", "P8", 100, "hawksTorRelay"], ["P6", "P8", 812, "LupusreginaBeta"]]
1681120876.8746889;P1;[["P1", "P2", 325, "sklep"], ["P2", "P4", 100, "jokulhops"], ["P1", "P3", 611, "snowball"], ["P3", "P4", 744, "Vulnerar"], ["P4", "P5", 689, "shhovh"], ["P5", "P7", 100, "p1onX01"], ["P7", "P8", 100, "hawksTorRelay"], ["P6", "P8", 812, "LupusreginaBeta"]]
1681120879.8843377;P1;[["P1", "P2", 325, "sklep"], ["P2", "P4", 100, "jokulhops"], ["P1", "P3", 611, "snowball"], ["P3", "P4", 744, "Vulnerar"], ["P4", "P5", 689, "shhovh"], ["P5", "P7", 100, "p1onX01"], ["P7", "P8", 1061, "hawksTorRelay"], ["P6", "P8", 812, "LupusreginaBeta"]]
1681120882.9049873;P1;[["P1", "P2", 325, "sklep"], ["P2", "P4", 100, "jokulhops"], ["P1", "P3", 611, "snowball"], ["P3", "P4", 744, "Vulnerar"], ["P4", "P5", 689, "shhovh"], ["P5", "P7", 100, "p1onX01"], ["P7", "P8", 1061, "hawksTorRelay"], ["P6", "P8", 812, "LupusreginaBeta"]]
1681120885.9194555;P1;[["P1", "P2", 325, "sklep"], ["P2", "P4", 100, "jokulhops"], ["P1", "P3", 611, "snowball"], ["P3", "P4", 744, "Vulnerar"], ["P4", "P5", 689, "shhovh"], ["P5", "P7", 100, "p1onX01"], ["P7", "P8", 1061, "hawksTorRelay"], ["P6", "P8", 812, "LupusreginaBeta"]]
1681120888.9270036;P1;[["P1", "P2", 325, "sklep"], ["P2", "P4", 100, "jokulhops"], ["P1", "P3", 611, "snowball"], ["P3", "P4", 744, "Vulnerar"], ["P4", "P5", 689, "shhovh"], ["P5", "P7", 100, "p1onX01"], ["P7", "P8", 1061, "hawksTorRelay"], ["P6", "P8", 812, "LupusreginaBeta"]]
1681120891.946018;P1;[["P1", "P2", 325, "sklep"], ["P2", "P4", 100, "jokulhops"], ["P1", "P3", 611, "snowball"], ["P3", "P4", 744, "Vulnerar"], ["P4", "P5", 689, "shhovh"], ["P5", "P7", 100, "p1onX01"], ["P7", "P8", 1061, "hawksTorRelay"], ["P6", "P8", 812, "LupusreginaBeta"]]
1681120894.9556775;P1;[["P1", "P2", 325, "sklep"], ["P2", "P4", 100, "jokulhops"], ["P1", "P3", 611, "snowball"], ["P3", "P4", 744, "Vulnerar"], ["P4", "P5", 689, "shhovh"], ["P5", "P7", 100, "p1onX01"], ["P7", "P8", 1061, "hawksTorRelay"], ["P6", "P8", 812, "LupusreginaBeta"]]
1681120897.960848;P1;[["P1", "P2", 325, "sklep"], ["P2", "P4", 100, "jokulhops"], ["P1", "P3", 611, "snowball"], ["P3", "P4", 744, "Vulnerar"], ["P4", "P5", 689, "shhovh"], ["P5", "P7", 100, "p1onX01"], ["P7", "P8", 1061, "hawksTorRelay"], ["P6", "P8", 812, "LupusreginaBeta"]]
1681120900.966595;P1;[["P1", "P2", 325, "sklep"], ["P2", "P4", 100, "jokulhops"], ["P1", "P3", 611, "snowball"], ["P3", "P4", 744, "Vulnerar"], ["P4", "P5", 689, "shhovh"], ["P5", "P7", 100, "p1onX01"], ["P7", "P8", 1061, "hawksTorRelay"], ["P6", "P8", 812, "LupusreginaBeta"]]
1681120903.9744918;P1;[["P1", "P2", 325, "sklep"], ["P2", "P4", 100, "jokulhops"], ["P1", "P3", 611, "snowball"], ["P3", "P4", 744, "Vulnerar"], ["P4", "P5", 689, "shhovh"], ["P5", "P7", 100, "p1onX01"], ["P7", "P8", 1061, "hawksTorRelay"], ["P6", "P8", 812, "LupusreginaBeta"]]
1681120906.983735;P1;[["P1", "P2", 325, "sklep"], ["P2", "P4", 100, "jokulhops"], ["P1", "P3", 611, "snowball"], ["P3", "P4", 744, "Vulnerar"], ["P4", "P5", 689, "shhovh"], ["P7", "P8", 1061, "hawksTorRelay"], ["P6", "P8", 812, "LupusreginaBeta"]]
1681120909.9902704;P1;[["P1", "P2", 325, "sklep"], ["P2", "P4", 100, "jokulhops"], ["P1", "P3", 611, "snowball"], ["P3", "P4", 744, "Vulnerar"], ["P4", "P5", 689, "shhovh"], ["P6", "P8", 812, "LupusreginaBeta"], ["P7", "P8", 877, "hawksTorRelay"]]
1681120912.9990196;P1;[["P1", "P2", 325, "sklep"], ["P2", "P4", 100, "jokulhops"], ["P1", "P3", 611, "snowball"], ["P3", "P4", 744, "Vulnerar"], ["P4", "P5", 689, "shhovh"], ["P6", "P8", 812, "LupusreginaBeta"], ["P7", "P8", 877, "hawksTorRelay"]]
1681120916.0046554;P1;[["P1", "P2", 325, "sklep"], ["P2", "P4", 100, "jokulhops"], ["P1", "P3", 611, "snowball"], ["P3", "P4", 744, "Vulnerar"], ["P4", "P5", 689, "shhovh"], ["P6", "P8", 812, "LupusreginaBeta"], ["P7", "P8", 877, "hawksTorRelay"]]
1681120919.010351;P1;[["P1", "P2", 325, "sklep"], ["P2", "P4", 100, "jokulhops"], ["P1", "P3", 611, "snowball"], ["P3", "P4", 744, "Vulnerar"], ["P4", "P5", 689, "shhovh"], ["P6", "P8", 812, "LupusreginaBeta"], ["P7", "P8", 877, "hawksTorRelay"]]
1681120922.018066;P1;[["P1", "P2", 325, "sklep"], ["P2", "P4", 100, "jokulhops"], ["P1", "P3", 611, "snowball"], ["P3", "P4", 744, "Vulnerar"], ["P4", "P5", 689, "shhovh"], ["P6", "P8", 812, "LupusreginaBeta"], ["P7", "P8", 877, "hawksTorRelay"]]
1681120925.02497;P1;[["P1", "P2", 325, "sklep"], ["P2", "P4", 100, "jokulhops"], ["P1", "P3", 611, "snowball"], ["P3", "P4", 744, "Vulnerar"], ["P4", "P5", 689, "shhovh"], ["P6", "P8", 812, "LupusreginaBeta"], ["P7", "P8", 877, "hawksTorRelay"]]
1681120928.0309176;P1;[["P1", "P2", 482, "sklep"], ["P2", "P4", 100, "jokulhops"], ["P1", "P3", 611, "snowball"], ["P3", "P4", 744, "Vulnerar"], ["P4", "P5", 689, "shhovh"], ["P6", "P8", 812, "LupusreginaBeta"], ["P7", "P8", 877, "hawksTorRelay"]]
1681120931.0382414;P1;[["P1", "P2", 482, "sklep"], ["P2", "P4", 100, "jokulhops"], ["P1", "P3", 567, "snowball"], ["P3", "P4", 744, "Vulnerar"], ["P4", "P5", 689, "shhovh"], ["P6", "P8", 812, "LupusreginaBeta"], ["P7", "P8", 877, "hawksTorRelay"]]
1681120934.0460033;P1;[["P1", "P2", 482, "sklep"], ["P2", "P4", 100, "jokulhops"], ["P1", "P3", 567, "snowball"], ["P3", "P4", 744, "Vulnerar"], ["P4", "P5", 689, "shhovh"], ["P6", "P8", 812, "LupusreginaBeta"], ["P7", "P8", 877, "hawksTorRelay"]]
1681120937.053302;P1;[["P1", "P2", 482, "sklep"], ["P2", "P4", 100, "jokulhops"], ["P1", "P3", 567, "snowball"], ["P3", "P4", 744, "Vulnerar"], ["P4", "P5", 689, "shhovh"], ["P6", "P8", 812, "LupusreginaBeta"], ["P7", "P8", 877, "hawksTorRelay"]]
1681120940.0576181;P1;[["P1", "P2", 482, "sklep"], ["P2", "P4", 100, "jokulhops"], ["P1", "P3", 567, "snowball"], ["P3", "P4", 744, "Vulnerar"], ["P4", "P5", 689, "shhovh"], ["P6", "P8", 812, "LupusreginaBeta"], ["P7", "P8", 877, "hawksTorRelay"]]
1681120943.069449;P1;[["P1", "P2", 482, "sklep"], ["P2", "P4", 100, "jokulhops"], ["P1", "P3", 567, "snowball"], ["P3", "P4", 744, "Vulnerar"], ["P4", "P5", 689, "shhovh"], ["P6", "P8", 812, "LupusreginaBeta"], ["P7", "P8", 877, "hawksTorRelay"]]
1681120946.0810604;P1;[["P1", "P2", 482, "sklep"], ["P2", "P4", 100, "jokulhops"], ["P1", "P3", 567, "snowball"], ["P3", "P4", 744, "Vulnerar"], ["P4", "P5", 689, "shhovh"], ["P6", "P8", 812, "LupusreginaBeta"], ["P7", "P8", 877, "hawksTorRelay"]]
1681120949.0935307;P1;[["P1", "P2", 482, "sklep"], ["P2", "P4", 100, "jokulhops"], ["P1", "P3", 567, "snowball"], ["P3", "P4", 744, "Vulnerar"], ["P4", "P5", 689, "shhovh"], ["P6", "P8", 812, "LupusreginaBeta"], ["P7", "P8", 877, "hawksTorRelay"]]
1681120952.1067011;P1;[["P1", "P2", 482, "sklep"], ["P2", "P4", 100, "jokulhops"], ["P1", "P3", 567, "snowball"], ["P3", "P4", 744, "Vulnerar"], ["P4", "P5", 689, "shhovh"], ["P6", "P8", 812, "LupusreginaBeta"], ["P7", "P8", 877, "hawksTorRelay"]]
1681120955.1193206;P1;[["P1", "P2", 482, "sklep"], ["P2", "P4", 100, "jokulhops"], ["P1", "P3", 567, "snowball"], ["P3", "P4", 744, "Vulnerar"], ["P4", "P5", 689, "shhovh"], ["P6", "P8", 812, "LupusreginaBeta"], ["P7", "P8", 877, "hawksTorRelay"]]
1681120958.1279516;P1;[["P1", "P2", 482, "sklep"], ["P2", "P4", 100, "jokulhops"], ["P1", "P3", 567, "snowball"], ["P3", "P4", 744, "Vulnerar"], ["P4", "P5", 689, "shhovh"], ["P6", "P8", 812, "LupusreginaBeta"], ["P7", "P8", 877, "hawksTorRelay"]]
1681120961.1435413;P1;[["P1", "P2", 482, "sklep"], ["P2", "P4", 100, "jokulhops"], ["P1", "P3", 567, "snowball"], ["P3", "P4", 543, "Vulnerar"], ["P4", "P5", 689, "shhovh"], ["P6", "P8", 812, "LupusreginaBeta"], ["P7", "P8", 877, "hawksTorRelay"]]
1681120964.1535504;P1;[["P1", "P2", 482, "sklep"], ["P2", "P4", 100, "jokulhops"], ["P1", "P3", 567, "snowball"], ["P3", "P4", 543, "Vulnerar"], ["P4", "P5", 689, "shhovh"], ["P6", "P8", 812, "LupusreginaBeta"], ["P7", "P8", 877, "hawksTorRelay"]]
1681120967.1646383;P1;[["P1", "P2", 482, "sklep"], ["P2", "P4", 100, "jokulhops"], ["P1", "P3", 567, "snowball"], ["P3", "P4", 543, "Vulnerar"], ["P4", "P5", 689, "shhovh"], ["P6", "P8", 812, "LupusreginaBeta"], ["P7", "P8", 877, "hawksTorRelay"]]
1681120970.1797545;P1;[["P1", "P2", 482, "sklep"], ["P2", "P4", 100, "jokulhops"], ["P1", "P3", 567, "snowball"], ["P3", "P4", 543, "Vulnerar"], ["P4", "P5", 689, "shhovh"], ["P6", "P8", 812, "LupusreginaBeta"], ["P7", "P8", 877, "hawksTorRelay"]]
1681120973.1889846;P1;[["P1", "P2", 482, "sklep"], ["P2", "P4", 100, "jokulhops"], ["P1", "P3", 567, "snowball"], ["P3", "P4", 543, "Vulnerar"], ["P4", "P5", 689, "shhovh"], ["P6", "P8", 812, "LupusreginaBeta"], ["P7", "P8", 877, "hawksTorRelay"]]
1681120976.2030525;P1;[["P1", "P2", 482, "sklep"], ["P2", "P4", 100, "jokulhops"], ["P1", "P3", 567, "snowball"], ["P3", "P4", 543, "Vulnerar"], ["P4", "P5", 689, "shhovh"], ["P6", "P8", 812, "LupusreginaBeta"], ["P7", "P8", 877, "hawksTorRelay"]]
1681120979.2169297;P1;[["P1", "P2", 482, "sklep"], ["P2", "P4", 100, "jokulhops"], ["P1", "P3", 567, "snowball"], ["P3", "P4", 543, "Vulnerar"], ["P6", "P8", 812, "LupusreginaBeta"], ["P7", "P8", 877, "hawksTorRelay"]]
1681120982.2272177;P1;[["P1", "P2", 482, "sklep"], ["P2", "P4", 100, "jokulhops"], ["P1", "P3", 567, "snowball"], ["P3", "P4", 543, "Vulnerar"], ["P6", "P8", 812, "LupusreginaBeta"], ["P7", "P8", 877, "hawksTorRelay"]]
1681120985.2424364;P1;[["P1", "P2", 482, "sklep"], ["P2", "P4", 100, "jokulhops"], ["P1", "P3", 567, "snowball"], ["P3", "P4", 543, "Vulnerar"], ["P6", "P8", 812, "LupusreginaBeta"], ["P7", "P8", 877, "hawksTorRelay"]]
1681120988.2573128;P1;[["P1", "P2", 482, "sklep"], ["P2", "P4", 522, "jokulhops"], ["P1", "P3", 567, "snowball"], ["P3", "P4", 543, "Vulnerar"], ["P6", "P8", 812, "LupusreginaBeta"], ["P7", "P8", 877, "hawksTorRelay"]]
1681120991.2726865;P1;[["P1", "P2", 482, "sklep"], ["P2", "P4", 522, "jokulhops"], ["P1", "P3", 567, "snowball"], ["P3", "P4", 543, "Vulnerar"], ["P6", "P8", 812, "LupusreginaBeta"], ["P7", "P8", 877, "hawksTorRelay"]]
1681120994.283659;P1;[["P1", "P2", 482, "sklep"], ["P2", "P4", 522, "jokulhops"], ["P1", "P3", 567, "snowball"], ["P3", "P4", 543, "Vulnerar"], ["P6", "P8", 812, "LupusreginaBeta"], ["P7", "P8", 877, "hawksTorRelay"]]
1681120997.2961698;P1;[["P1", "P2", 482, "sklep"], ["P2", "P4", 522, "jokulhops"], ["P1", "P3", 567, "snowball"], ["P3", "P4", 543, "Vulnerar"], ["P6", "P8", 812, "LupusreginaBeta"], ["P7", "P8", 877, "hawksTorRelay"]]
1681121000.3104208;P1;[["P1", "P2", 482, "sklep"], ["P2", "P4", 522, "jokulhops"], ["P1", "P3", 567, "snowball"], ["P3", "P4", 543, "Vulnerar"], ["P6", "P8", 812, "LupusreginaBeta"], ["P7", "P8", 877, "hawksTorRelay"]]
1681121003.3226497;P1;[["P1", "P2", 482, "sklep"], ["P2", "P4", 522, "jokulhops"], ["P1", "P3", 567, "snowball"], ["P3", "P4", 543, "Vulnerar"], ["P6", "P8", 812, "LupusreginaBeta"], ["P7", "P8", 877, "hawksTorRelay"]]
1681121006.3358667;P1;[["P1", "P2", 482, "sklep"], ["P2", "P4", 522, "jokulhops"], ["P1", "P3", 567, "snowball"], ["P3", "P4", 543, "Vulnerar"], ["P6", "P8", 812, "LupusreginaBeta"], ["P7", "P8", 877, "hawksTorRelay"]]
1681121009.3483977;P1;[["P1", "P2", 482, "sklep"], ["P2", "P4", 522, "jokulhops"], ["P1", "P3", 567, "snowball"], ["P3", "P4", 543, "Vulnerar"], ["P6", "P8", 812, "LupusreginaBeta"], ["P7", "P8", 877, "hawksTorRelay"]]
1681121012.3582551;P1;[["P1", "P2", 482, "sklep"], ["P2", "P4", 522, "jokulhops"], ["P1", "P3", 567, "snowball"], ["P3", "P4", 543, "Vulnerar"], ["P6", "P8", 812, "LupusreginaBeta"], ["P7", "P8", 877, "hawksTorRelay"]]
1681121015.3852668;P1;[["P1", "P2", 482, "sklep"], ["P2", "P4", 522, "jokulhops"], ["P1", "P3", 567, "snowball"], ["P3", "P4", 543, "Vulnerar"], ["P6", "P8", 812, "LupusreginaBeta"], ["P7", "P8", 877, "hawksTorRelay"]]
1681121018.398038;P1;[["P1", "P2", 217, "sklep"], ["P1", "P3", 100, "cakeallergy"]]
1681121021.4121985;P1;[["P1", "P2", 482, "sklep"], ["P2", "P4", 522, "jokulhops"], ["P1", "P3", 100, "cakeallergy"], ["P3", "P4", 543, "Vulnerar"], ["P6", "P8", 812, "LupusreginaBeta"], ["P7", "P8", 877, "hawksTorRelay"]]
1681121024.4242578;P1;[["P1", "P2", 482, "sklep"], ["P2", "P4", 522, "jokulhops"], ["P1", "P3", 100, "cakeallergy"], ["P3", "P4", 543, "Vulnerar"], ["P6", "P8", 812, "LupusreginaBeta"], ["P7", "P8", 877, "hawksTorRelay"]]
1681121027.4355881;P1;[["P1", "P2", 482, "sklep"], ["P2", "P4", 522, "jokulhops"], ["P1", "P3", 100, "cakeallergy"], ["P3", "P4", 543, "Vulnerar"], ["P6", "P8", 812, "LupusreginaBeta"], ["P7", "P8", 877, "hawksTorRelay"]]
1681121030.4467666;P1;[["P1", "P2", 482, "sklep"], ["P2", "P4", 522, "jokulhops"], ["P1", "P3", 100, "cakeallergy"], ["P3", "P4", 543, "Vulnerar"], ["P6", "P8", 812, "LupusreginaBeta"], ["P7", "P8", 877, "hawksTorRelay"]]
1681121033.4616454;P1;[["P1", "P2", 482, "sklep"], ["P2", "P4", 522, "jokulhops"], ["P1", "P3", 100, "cakeallergy"], ["P3", "P4", 543, "Vulnerar"], ["P6", "P8", 812, "LupusreginaBeta"], ["P7", "P8", 877, "hawksTorRelay"]]
1681121036.4706686;P1;[["P1", "P2", 482, "sklep"], ["P2", "P4", 522, "jokulhops"], ["P1", "P3", 100, "cakeallergy"], ["P3", "P4", 543, "Vulnerar"], ["P6", "P8", 812, "LupusreginaBeta"], ["P7", "P8", 877, "hawksTorRelay"]]
1681121039.5668979;P1;[["P1", "P2", 482, "sklep"], ["P2", "P4", 522, "jokulhops"], ["P1", "P3", 100, "cakeallergy"], ["P3", "P4", 543, "Vulnerar"], ["P6", "P8", 812, "LupusreginaBeta"], ["P7", "P8", 877, "hawksTorRelay"]]
1681121042.575762;P1;[["P1", "P2", 482, "sklep"], ["P2", "P4", 522, "jokulhops"], ["P1", "P3", 100, "cakeallergy"], ["P3", "P4", 543, "Vulnerar"], ["P6", "P8", 812, "LupusreginaBeta"], ["P7", "P8", 877, "hawksTorRelay"]]
1681121045.5941384;P1;[["P1", "P2", 482, "sklep"], ["P2", "P4", 522, "jokulhops"], ["P1", "P3", 100, "cakeallergy"], ["P3", "P4", 543, "Vulnerar"], ["P6", "P8", 812, "LupusreginaBeta"], ["P7", "P8", 877, "hawksTorRelay"]]
1681121048.6069508;P1;[["P1", "P2", 482, "sklep"], ["P2", "P4", 522, "jokulhops"], ["P1", "P3", 100, "cakeallergy"], ["P3", "P4", 543, "Vulnerar"], ["P6", "P8", 812, "LupusreginaBeta"], ["P7", "P8", 877, "hawksTorRelay"]]
1681121051.6200442;P1;[["P1", "P2", 482, "sklep"], ["P2", "P4", 522, "jokulhops"], ["P1", "P3", 100, "cakeallergy"], ["P3", "P4", 100, "newyorkie"], ["P6", "P8", 812, "LupusreginaBeta"], ["P7", "P8", 877, "hawksTorRelay"]]
1681121054.6289315;P1;[["P1", "P2", 482, "sklep"], ["P2", "P4", 522, "jokulhops"], ["P1", "P3", 100, "cakeallergy"], ["P3", "P4", 100, "newyorkie"], ["P6", "P8", 812, "LupusreginaBeta"], ["P7", "P8", 877, "hawksTorRelay"]]
