1676837705.0551345;P3;PEER ENTERED;
1676837709.8711731;P3;TOPOLOGY UPDATE;{"P1": {"P3": 100, "P2": 100}, "P2": {"P1": 100}, "P3": {"P1": 100}}
1676837710.1402812;P3;MEASURED LATENCY;{'P1': 81}
1676837715.1601226;P3;MEASURED LATENCY;{'P1': 93}
1676837715.3080611;P3;MEASURED LATENCY;{'P4': 241}
1676837717.3230393;P3;TOPOLOGY UPDATE;{"P1": {"P3": 100, "P2": 100}, "P2": {"P4": 100, "P1": 100}, "P3": {"P4": 100, "P1": 100}, "P4": {"P2": 100, "P3": 100}}
1676837720.089537;P3;LOOKUP SENT;{"Peer": "P2", "Relay": 0}
1676837720.0896351;P3;LOOKUP SENT;{"Peer": "P4", "Relay": 0}
1676837720.0896716;P3;LOOKUP SENT;{"Peer": "P1", "Relay": 0}
1676837721.143476;P3;MEASURED LATENCY;{'P1': 1071}
1676837721.4149432;P3;MEASURED LATENCY;{'P4': 1343}
1676837725.1627903;P3;MEASURED LATENCY;{'P1': 80}
1676837725.3121085;P3;MEASURED LATENCY;{'P4': 229}
1676837725.890661;P3;TOPOLOGY UPDATE;{"P1": {"P3": 100, "P2": 100}, "P2": {"P4": 100, "P1": 100}, "P3": {"P4": 100, "P1": 100}, "P4": {"P2": 100, "P3": 100}}
1676837730.1782417;P3;MEASURED LATENCY;{'P1': 87}
1676837730.2050261;P3;MEASURED LATENCY;{'P4': 114}
1676837734.1030056;P3;LOOKUP SENT;{"Peer": "P2", "Relay": 0}
1676837734.103116;P3;LOOKUP SENT;{"Peer": "P4", "Relay": 0}
1676837734.103152;P3;LOOKUP SENT;{"Peer": "P1", "Relay": 0}
1676837735.2100685;P3;MEASURED LATENCY;{'P1': 112}
1676837736.033067;P3;MEASURED LATENCY;{'P4': 935}
1676837739.8740478;P3;LEAST COST PATH;{"P1": ["P3"], "P2": ["P1"], "P3": []}
1676837740.1820264;P3;MEASURED LATENCY;{'P1': 78}
1676837740.33082;P3;MEASURED LATENCY;{'P4': 227}
1676837745.1871095;P3;MEASURED LATENCY;{'P1': 75}
1676837745.433473;P3;MEASURED LATENCY;{'P4': 321}
1676837746.1145675;P3;MESSAGE ROUTED;[{"Message": "LOOKUP", "Destination": "P2", "Source": "P3", "Path": ["P3"]}]
1676837746.1146536;P3;LOOKUP SENT;{"Peer": "P2", "Relay": "P1"}
1676837746.114693;P3;LOOKUP SENT;{"Peer": "P4", "Relay": 0}
1676837746.1150742;P3;MESSAGE ROUTED;[{"Message": "LOOKUP", "Destination": "P1", "Source": "P3", "Path": ["P3"]}]
1676837746.1151175;P3;LOOKUP SENT;{"Peer": "P1", "Relay": "P1"}
1676837747.3237815;P3;LEAST COST PATH;{"P1": ["P3"], "P2": ["P1"], "P3": [], "P4": ["P3"]}
1676837748.910366;P3;LOOKUP RECEIVED;[{"Message": "LOOKUP", "Destination": "P3", "Source": "P4", "Path": ["P4", "P3"]}]
1676837748.9306493;P3;LOOKUP RECEIVED;[{"Message": "LOOKUP", "Destination": "P3", "Source": "P1", "Path": ["P1", "P3"]}]
1676837750.2198749;P3;MEASURED LATENCY;{'P1': 100}
1676837751.506958;P3;LOOKUP RECEIVED;[{"Message": "LOOKUP", "Destination": "P3", "Source": "P2", "Path": ["P2", "P1", "P3"]}]
1676837752.263389;P3;MEASURED LATENCY;{'P4': 2143}
1676837755.1238668;P3;MESSAGE ROUTED;[{"Message": "LOOKUP", "Destination": "P2", "Source": "P3", "Path": ["P3"]}]
1676837755.1239638;P3;LOOKUP SENT;{"Peer": "P2", "Relay": "P1"}
1676837755.1244411;P3;MESSAGE ROUTED;[{"Message": "LOOKUP", "Destination": "P4", "Source": "P3", "Path": ["P3"]}]
1676837755.1244915;P3;LOOKUP SENT;{"Peer": "P4", "Relay": "P4"}
1676837755.1247568;P3;MESSAGE ROUTED;[{"Message": "LOOKUP", "Destination": "P1", "Source": "P3", "Path": ["P3"]}]
1676837755.1248014;P3;LOOKUP SENT;{"Peer": "P1", "Relay": "P1"}
1676837755.8924172;P3;LEAST COST PATH;{"P1": ["P3"], "P2": ["P1"], "P3": [], "P4": ["P3"]}
1676837756.952277;P3;LOOKUP RECEIVED;[{"Message": "LOOKUP", "Destination": "P3", "Source": "P1", "Path": ["P1", "P3"]}]
1676837759.9250073;P3;LOOKUP RECEIVED;[{"Message": "LOOKUP", "Destination": "P3", "Source": "P4", "Path": ["P4", "P3"]}]
1676837761.7637608;P3;MEASURED LATENCY;{'P1': 1634}
1676837761.7639406;P3;APPLIED LATENCY;{"P1": 1634}
1676837764.3597887;P3;LOOKUP RECEIVED;[{"Message": "LOOKUP", "Destination": "P3", "Source": "P1", "Path": ["P1", "P3"]}]
1676837764.9231398;P3;TOPOLOGY UPDATE;{"P1": {"P2": 663, "P3": 100}, "P2": {"P4": 360, "P1": 663}, "P3": {"P4": 100, "P1": 100}, "P4": {"P2": 360, "P3": 100}}
1676837765.1309;P3;MESSAGE ROUTED;[{"Message": "LOOKUP", "Destination": "P2", "Source": "P3", "Path": ["P3"]}]
1676837765.1311233;P3;LOOKUP SENT;{"Peer": "P2", "Relay": "P1"}
1676837765.1317446;P3;MESSAGE ROUTED;[{"Message": "LOOKUP", "Destination": "P4", "Source": "P3", "Path": ["P3"]}]
1676837765.1318233;P3;LOOKUP SENT;{"Peer": "P4", "Relay": "P4"}
1676837765.1323025;P3;MESSAGE ROUTED;[{"Message": "LOOKUP", "Destination": "P1", "Source": "P3", "Path": ["P3"]}]
1676837765.132472;P3;LOOKUP SENT;{"Peer": "P1", "Relay": "P1"}
1676837766.1911955;P3;MEASURED LATENCY;{'P1': 1057}
1676837766.2298238;P3;MEASURED LATENCY;{'P4': 1096}
1676837768.9332068;P3;LOOKUP RECEIVED;[{"Message": "LOOKUP", "Destination": "P3", "Source": "P4", "Path": ["P4", "P3"]}]
1676837769.9248104;P3;LOOKUP RECEIVED;[{"Message": "LOOKUP", "Destination": "P3", "Source": "P2", "Path": ["P2", "P1", "P3"]}]
1676837770.9278066;P3;MEASURED LATENCY;{'P1': 786}
1676837771.1390462;P3;MESSAGE ROUTED;[{"Message": "LOOKUP", "Destination": "P2", "Source": "P3", "Path": ["P3"]}]
1676837771.1391351;P3;LOOKUP SENT;{"Peer": "P2", "Relay": "P1"}
1676837771.1395516;P3;MESSAGE ROUTED;[{"Message": "LOOKUP", "Destination": "P4", "Source": "P3", "Path": ["P3"]}]
1676837771.1395984;P3;LOOKUP SENT;{"Peer": "P4", "Relay": "P4"}
1676837771.1399822;P3;MESSAGE ROUTED;[{"Message": "LOOKUP", "Destination": "P1", "Source": "P3", "Path": ["P3"]}]
1676837771.140027;P3;LOOKUP SENT;{"Peer": "P1", "Relay": "P1"}
1676837772.0912514;P3;MEASURED LATENCY;{'P4': 1949}
1676837772.0913928;P3;APPLIED LATENCY;{"P4": 1949}
1676837772.3551273;P3;TOPOLOGY UPDATE;{"P1": {"P2": 663, "P3": 242}, "P2": {"P4": 360, "P1": 663}, "P3": {"P4": 100, "P1": 242}, "P4": {"P2": 360, "P3": 100}}
1676837772.9678774;P3;LOOKUP RECEIVED;[{"Message": "LOOKUP", "Destination": "P3", "Source": "P1", "Path": ["P1", "P3"]}]
1676837773.5373883;P3;LOOKUP RECEIVED;[{"Message": "LOOKUP", "Destination": "P3", "Source": "P2", "Path": ["P2", "P1", "P3"]}]
1676837773.969233;P3;LOOKUP RECEIVED;[{"Message": "LOOKUP", "Destination": "P3", "Source": "P4", "Path": ["P4", "P3"]}]
1676837775.2296662;P3;MEASURED LATENCY;{'P1': 82}
1676837775.384782;P3;MEASURED LATENCY;{'P4': 237}
1676837779.927429;P3;TOPOLOGY UPDATE;{"P1": {"P2": 663, "P3": 242}, "P2": {"P4": 360, "P1": 663}, "P3": {"P4": 100, "P1": 242}, "P4": {"P2": 360, "P3": 100}}
1676837780.9433365;P3;TOPOLOGY UPDATE;{"P1": {"P2": 663, "P3": 242}, "P2": {"P4": 360, "P1": 663}, "P3": {"P4": 100, "P1": 242}, "P4": {"P2": 360, "P3": 100}}
1676837780.990457;P3;LOOKUP RECEIVED;[{"Message": "LOOKUP", "Destination": "P3", "Source": "P1", "Path": ["P1", "P3"]}]
1676837781.195071;P3;MEASURED LATENCY;{'P1': 1040}
1676837781.2320502;P3;LOOKUP RECEIVED;[{"Message": "LOOKUP", "Destination": "P3", "Source": "P2", "Path": ["P2", "P1", "P3"]}]
1676837781.448887;P3;MEASURED LATENCY;{'P4': 1294}
1676837783.961654;P3;LOOKUP RECEIVED;[{"Message": "LOOKUP", "Destination": "P3", "Source": "P4", "Path": ["P4", "P3"]}]
1676837784.1546855;P3;MESSAGE ROUTED;[{"Message": "LOOKUP", "Destination": "P2", "Source": "P3", "Path": ["P3"]}]
1676837784.1552022;P3;LOOKUP SENT;{"Peer": "P2", "Relay": "P1"}
1676837784.156482;P3;MESSAGE ROUTED;[{"Message": "LOOKUP", "Destination": "P4", "Source": "P3", "Path": ["P3"]}]
1676837784.1565814;P3;LOOKUP SENT;{"Peer": "P4", "Relay": "P4"}
1676837784.1573956;P3;MESSAGE ROUTED;[{"Message": "LOOKUP", "Destination": "P1", "Source": "P3", "Path": ["P3"]}]
1676837784.1574903;P3;LOOKUP SENT;{"Peer": "P1", "Relay": "P1"}
1676837785.2423284;P3;MEASURED LATENCY;{'P1': 81}
1676837785.3827245;P3;MEASURED LATENCY;{'P4': 222}
1676837788.1172116;P3;LOOKUP RECEIVED;[{"Message": "LOOKUP", "Destination": "P3", "Source": "P2", "Path": ["P2", "P1", "P3"]}]
1676837790.2494762;P3;MEASURED LATENCY;{'P1': 82}
1676837790.7912436;P3;MEASURED LATENCY;{'P4': 624}
1676837794.92522;P3;LEAST COST PATH;{"P1": ["P3"], "P2": ["P1", "P4"], "P3": [], "P4": ["P3"]}
1676837795.2558942;P3;MEASURED LATENCY;{'P1': 82}
1676837795.8923461;P3;MEASURED LATENCY;{'P4': 718}
1676837795.9614832;P3;LOOKUP RECEIVED;[{"Message": "LOOKUP", "Destination": "P3", "Source": "P4", "Path": ["P4", "P3"]}]
1676837796.0025814;P3;LOOKUP RECEIVED;[{"Message": "LOOKUP", "Destination": "P3", "Source": "P1", "Path": ["P1", "P3"]}]
1676837796.0367193;P3;TOPOLOGY UPDATE;{"P1": {"P2": 663, "P3": 242}, "P2": {"P4": 360, "P1": 663}, "P3": {"P4": 542, "P1": 242}, "P4": {"P2": 360, "P3": 542}}
1676837796.1650221;P3;MESSAGE ROUTED;[{"Message": "LOOKUP", "Destination": "P2", "Source": "P3", "Path": ["P3"]}]
1676837796.1654918;P3;LOOKUP SENT;{"Peer": "P2", "Relay": "P1"}
1676837796.1661804;P3;MESSAGE ROUTED;[{"Message": "LOOKUP", "Destination": "P4", "Source": "P3", "Path": ["P3"]}]
1676837796.1662476;P3;LOOKUP SENT;{"Peer": "P4", "Relay": "P4"}
1676837796.1666913;P3;MESSAGE ROUTED;[{"Message": "LOOKUP", "Destination": "P1", "Source": "P3", "Path": ["P3"]}]
1676837796.166742;P3;LOOKUP SENT;{"Peer": "P1", "Relay": "P1"}
1676837800.262162;P3;MEASURED LATENCY;{'P1': 82}
1676837800.5739722;P3;MEASURED LATENCY;{'P4': 394}
1676837800.994064;P3;LOOKUP RECEIVED;[{"Message": "LOOKUP", "Destination": "P3", "Source": "P4", "Path": ["P4", "P3"]}]
1676837801.2698815;P3;LOOKUP RECEIVED;[{"Message": "LOOKUP", "Destination": "P3", "Source": "P2", "Path": ["P2", "P4", "P3"]}]
1676837802.356812;P3;LEAST COST PATH;{"P1": ["P3"], "P2": ["P4"], "P3": [], "P4": ["P3"]}
1676837805.047549;P3;LOOKUP RECEIVED;[{"Message": "LOOKUP", "Destination": "P3", "Source": "P1", "Path": ["P1", "P3"]}]
1676837805.2691147;P3;MEASURED LATENCY;{'P1': 84}
1676837805.3104124;P3;MEASURED LATENCY;{'P4': 125}
1676837807.1784365;P3;MESSAGE ROUTED;[{"Message": "LOOKUP", "Destination": "P2", "Source": "P3", "Path": ["P3"]}]
1676837807.1785572;P3;LOOKUP SENT;{"Peer": "P2", "Relay": "P4"}
1676837807.1851933;P3;MESSAGE ROUTED;[{"Message": "LOOKUP", "Destination": "P4", "Source": "P3", "Path": ["P3"]}]
1676837807.1853423;P3;LOOKUP SENT;{"Peer": "P4", "Relay": "P4"}
1676837807.1860788;P3;MESSAGE ROUTED;[{"Message": "LOOKUP", "Destination": "P1", "Source": "P3", "Path": ["P3"]}]
1676837807.1861403;P3;LOOKUP SENT;{"Peer": "P1", "Relay": "P1"}
1676837809.3952413;P3;LOOKUP RECEIVED;[{"Message": "LOOKUP", "Destination": "P3", "Source": "P2", "Path": ["P2", "P4", "P3"]}]
1676837809.9298735;P3;LEAST COST PATH;{"P1": ["P3"], "P2": ["P4"], "P3": [], "P4": ["P3"]}
1676837810.2902732;P3;MEASURED LATENCY;{'P1': 81}
1676837810.2903821;P3;APPLIED LATENCY;{"P1": 81}
1676837810.9450707;P3;LEAST COST PATH;{"P1": ["P3"], "P2": ["P4"], "P3": [], "P4": ["P3"]}
1676837811.7987406;P3;MEASURED LATENCY;{'P4': 1590}
1676837812.0275998;P3;LOOKUP RECEIVED;[{"Message": "LOOKUP", "Destination": "P3", "Source": "P1", "Path": ["P1", "P3"]}]
1676837814.1915743;P3;MESSAGE ROUTED;[{"Message": "LOOKUP", "Destination": "P2", "Source": "P3", "Path": ["P3"]}]
1676837814.1917233;P3;LOOKUP SENT;{"Peer": "P2", "Relay": "P4"}
1676837814.1924825;P3;MESSAGE ROUTED;[{"Message": "LOOKUP", "Destination": "P4", "Source": "P3", "Path": ["P3"]}]
1676837814.1925452;P3;LOOKUP SENT;{"Peer": "P4", "Relay": "P4"}
1676837814.1929576;P3;MESSAGE ROUTED;[{"Message": "LOOKUP", "Destination": "P1", "Source": "P3", "Path": ["P3"]}]
1676837814.1930187;P3;LOOKUP SENT;{"Peer": "P1", "Relay": "P1"}
1676837815.9536016;P3;LOOKUP RECEIVED;[{"Message": "LOOKUP", "Destination": "P3", "Source": "P4", "Path": ["P4", "P3"]}]
1676837815.9537086;P3;MEASURED LATENCY;{'P1': 738}
1676837817.3913355;P3;TOPOLOGY UPDATE;{"P1": {"P2": 501, "P3": 363}, "P2": {"P4": 360, "P1": 501}, "P3": {"P4": 542, "P1": 363}, "P4": {"P2": 360, "P3": 542}}
1676837820.3015103;P3;MEASURED LATENCY;{'P1': 80}
1676837822.0338075;P3;LOOKUP RECEIVED;[{"Message": "LOOKUP", "Destination": "P3", "Source": "P4", "Path": ["P4", "P3"]}]
1676837822.052188;P3;LOOKUP RECEIVED;[{"Message": "LOOKUP", "Destination": "P3", "Source": "P1", "Path": ["P1", "P3"]}]
1676837822.0840282;P3;LOOKUP RECEIVED;[{"Message": "LOOKUP", "Destination": "P3", "Source": "P2", "Path": ["P2", "P4", "P3"]}]
1676837824.9501328;P3;TOPOLOGY UPDATE;{"P1": {"P2": 501, "P3": 363}, "P2": {"P4": 444, "P1": 501}, "P3": {"P4": 542, "P1": 363}, "P4": {"P2": 444, "P3": 542}}
1676837826.0412512;P3;LEAST COST PATH;{"P1": ["P3"], "P2": ["P1", "P4"], "P3": [], "P4": ["P3"]}
1676837826.2045338;P3;MESSAGE ROUTED;[{"Message": "LOOKUP", "Destination": "P2", "Source": "P3", "Path": ["P3"]}]
1676837826.2047453;P3;LOOKUP SENT;{"Peer": "P2", "Relay": "P1"}
1676837826.206228;P3;MESSAGE ROUTED;[{"Message": "LOOKUP", "Destination": "P4", "Source": "P3", "Path": ["P3"]}]
1676837826.2063317;P3;LOOKUP SENT;{"Peer": "P4", "Relay": "P4"}
1676837826.207075;P3;MESSAGE ROUTED;[{"Message": "LOOKUP", "Destination": "P1", "Source": "P3", "Path": ["P3"]}]
1676837826.207193;P3;LOOKUP SENT;{"Peer": "P1", "Relay": "P1"}
1676837826.2484999;P3;MEASURED LATENCY;{'P1': 1022}
1676837826.3981397;P3;MEASURED LATENCY;{'P4': 1172}
1676837827.45268;P3;LOOKUP RECEIVED;[{"Message": "LOOKUP", "Destination": "P3", "Source": "P2", "Path": ["P2", "P4", "P3"]}]
1676837829.0531192;P3;LOOKUP RECEIVED;[{"Message": "LOOKUP", "Destination": "P3", "Source": "P1", "Path": ["P1", "P3"]}]
1676837830.3185525;P3;MEASURED LATENCY;{'P1': 86}
1676837830.3763459;P3;MEASURED LATENCY;{'P4': 143}
1676837830.3764453;P3;APPLIED LATENCY;{"P4": 143}
1676837831.9608932;P3;LOOKUP RECEIVED;[{"Message": "LOOKUP", "Destination": "P3", "Source": "P4", "Path": ["P4", "P3"]}]
1676837832.3994105;P3;TOPOLOGY UPDATE;{"P1": {"P2": 501, "P3": 363}, "P2": {"P4": 444, "P1": 501}, "P3": {"P4": 542, "P1": 363}, "P4": {"P2": 444, "P3": 542}}
1676837835.3393924;P3;MEASURED LATENCY;{'P1': 84}
1676837835.3643787;P3;MEASURED LATENCY;{'P4': 109}
1676837836.0632875;P3;LOOKUP RECEIVED;[{"Message": "LOOKUP", "Destination": "P3", "Source": "P1", "Path": ["P1", "P3"]}]
1676837836.2141871;P3;MESSAGE ROUTED;[{"Message": "LOOKUP", "Destination": "P2", "Source": "P3", "Path": ["P3"]}]
1676837836.214268;P3;LOOKUP SENT;{"Peer": "P2", "Relay": "P1"}
1676837836.2148285;P3;MESSAGE ROUTED;[{"Message": "LOOKUP", "Destination": "P4", "Source": "P3", "Path": ["P3"]}]
1676837836.2148755;P3;LOOKUP SENT;{"Peer": "P4", "Relay": "P4"}
1676837836.215255;P3;MESSAGE ROUTED;[{"Message": "LOOKUP", "Destination": "P1", "Source": "P3", "Path": ["P3"]}]
1676837836.2152987;P3;LOOKUP SENT;{"Peer": "P1", "Relay": "P1"}
1676837836.2958093;P3;LOOKUP RECEIVED;[{"Message": "LOOKUP", "Destination": "P3", "Source": "P2", "Path": ["P2", "P4", "P3"]}]
1676837840.9581158;P3;TOPOLOGY UPDATE;{"P1": {"P2": 501, "P3": 363}, "P2": {"P4": 444, "P1": 501}, "P3": {"P4": 542, "P1": 363}, "P4": {"P2": 444, "P3": 542}}
1676837841.2634556;P3;MEASURED LATENCY;{'P1': 995}
1676837844.0680313;P3;LOOKUP RECEIVED;[{"Message": "LOOKUP", "Destination": "P3", "Source": "P1", "Path": ["P1", "P3"]}]
1676837845.2219915;P3;MESSAGE ROUTED;[{"Message": "LOOKUP", "Destination": "P2", "Source": "P3", "Path": ["P3"]}]
1676837845.2220945;P3;LOOKUP SENT;{"Peer": "P2", "Relay": "P1"}
1676837845.2225904;P3;MESSAGE ROUTED;[{"Message": "LOOKUP", "Destination": "P4", "Source": "P3", "Path": ["P3"]}]
1676837845.2226446;P3;LOOKUP SENT;{"Peer": "P4", "Relay": "P4"}
1676837845.2229886;P3;MESSAGE ROUTED;[{"Message": "LOOKUP", "Destination": "P1", "Source": "P3", "Path": ["P3"]}]
1676837845.2230327;P3;LOOKUP SENT;{"Peer": "P1", "Relay": "P1"}
1676837845.411191;P3;MEASURED LATENCY;{'P1': 138}
1676837845.5484817;P3;LOOKUP RECEIVED;[{"Message": "LOOKUP", "Destination": "P3", "Source": "P4", "Path": ["P4", "P3"]}]
1676837845.9347785;P3;MEASURED LATENCY;{'P4': 662}
1676837847.3942747;P3;LEAST COST PATH;{"P1": ["P3"], "P2": ["P1"], "P3": [], "P4": ["P3"]}
1676837849.0886366;P3;MESSAGE ROUTED;[{"Message": "LOOKUP", "Destination": "P4", "Source": "P1", "Path": ["P1", "P3"]}]
1676837850.0760741;P3;LOOKUP RECEIVED;[{"Message": "LOOKUP", "Destination": "P3", "Source": "P1", "Path": ["P1", "P3"]}]
1676837850.2260082;P3;MESSAGE ROUTED;[{"Message": "LOOKUP", "Destination": "P2", "Source": "P3", "Path": ["P3"]}]
1676837850.2261004;P3;LOOKUP SENT;{"Peer": "P2", "Relay": "P1"}
1676837850.2264435;P3;MESSAGE ROUTED;[{"Message": "LOOKUP", "Destination": "P4", "Source": "P3", "Path": ["P3"]}]
1676837850.2264957;P3;LOOKUP SENT;{"Peer": "P4", "Relay": "P4"}
1676837850.2273686;P3;MESSAGE ROUTED;[{"Message": "LOOKUP", "Destination": "P1", "Source": "P3", "Path": ["P3"]}]
1676837850.2274334;P3;LOOKUP SENT;{"Peer": "P1", "Relay": "P1"}
1676837850.4107535;P3;MEASURED LATENCY;{'P1': 132}
1676837850.42505;P3;MEASURED LATENCY;{'P4': 146}
1676837851.2556293;P3;LOOKUP RECEIVED;[{"Message": "LOOKUP", "Destination": "P3", "Source": "P2", "Path": ["P2", "P4", "P3"]}]
1676837854.0020723;P3;LOOKUP RECEIVED;[{"Message": "LOOKUP", "Destination": "P3", "Source": "P4", "Path": ["P4", "P3"]}]
1676837854.9511487;P3;LEAST COST PATH;{"P1": ["P3"], "P2": ["P1"], "P3": [], "P4": ["P3"]}
1676837855.3808806;P3;MEASURED LATENCY;{'P1': 93}
1676837855.418447;P3;MEASURED LATENCY;{'P4': 130}
1676837855.98478;P3;TOPOLOGY UPDATE;{"P1": {"P2": 501, "P3": 363}, "P2": {"P4": 444, "P1": 501}, "P3": {"P4": 403, "P1": 363}, "P4": {"P2": 444, "P3": 403}}
1676837856.2342916;P3;MESSAGE ROUTED;[{"Message": "LOOKUP", "Destination": "P2", "Source": "P3", "Path": ["P3"]}]
1676837856.2343907;P3;LOOKUP SENT;{"Peer": "P2", "Relay": "P1"}
1676837856.2352762;P3;MESSAGE ROUTED;[{"Message": "LOOKUP", "Destination": "P4", "Source": "P3", "Path": ["P3"]}]
1676837856.2353346;P3;LOOKUP SENT;{"Peer": "P4", "Relay": "P4"}
1676837856.2356205;P3;MESSAGE ROUTED;[{"Message": "LOOKUP", "Destination": "P1", "Source": "P3", "Path": ["P3"]}]
1676837856.235665;P3;LOOKUP SENT;{"Peer": "P1", "Relay": "P1"}
1676837861.0095012;P3;MEASURED LATENCY;{'P1': 704}
1676837861.0095859;P3;APPLIED LATENCY;{"P1": 704}
1676837861.2635;P3;LOOKUP RECEIVED;[{"Message": "LOOKUP", "Destination": "P3", "Source": "P4", "Path": ["P4", "P3"]}]
1676837862.1027281;P3;MESSAGE ROUTED;[{"Message": "LOOKUP", "Destination": "P4", "Source": "P1", "Path": ["P1", "P3"]}]
1676837862.134231;P3;MEASURED LATENCY;{'P4': 1829}
1676837862.4000924;P3;LEAST COST PATH;{"P1": ["P3"], "P2": ["P1"], "P3": [], "P4": ["P3"]}
1676837863.62757;P3;LOOKUP RECEIVED;[{"Message": "LOOKUP", "Destination": "P3", "Source": "P1", "Path": ["P1", "P3"]}]
1676837863.6276813;P3;LOOKUP RECEIVED;[{"Message": "LOOKUP", "Destination": "P3", "Source": "P2", "Path": ["P2", "P1", "P3"]}]
1676837865.3958292;P3;MEASURED LATENCY;{'P1': 83}
1676837865.6944954;P3;MEASURED LATENCY;{'P4': 381}
1676837866.0081909;P3;LOOKUP RECEIVED;[{"Message": "LOOKUP", "Destination": "P3", "Source": "P4", "Path": ["P4", "P3"]}]
1676837870.006746;P3;TOPOLOGY UPDATE;{"P1": {"P2": 242, "P3": 178}, "P2": {"P4": 706, "P1": 242}, "P3": {"P4": 403, "P1": 178}, "P4": {"P2": 706, "P3": 403}}
1676837870.1239314;P3;MESSAGE ROUTED;[{"Message": "LOOKUP", "Destination": "P4", "Source": "P1", "Path": ["P1", "P3"]}]
1676837870.1240888;P3;LOOKUP RECEIVED;[{"Message": "LOOKUP", "Destination": "P3", "Source": "P1", "Path": ["P1", "P3"]}]
1676837870.9594662;P3;LEAST COST PATH;{"P1": ["P3"], "P2": ["P1"], "P3": [], "P4": ["P3"]}
1676837871.2493286;P3;MESSAGE ROUTED;[{"Message": "LOOKUP", "Destination": "P2", "Source": "P3", "Path": ["P3"]}]
1676837871.2494912;P3;LOOKUP SENT;{"Peer": "P2", "Relay": "P1"}
1676837871.2500877;P3;MESSAGE ROUTED;[{"Message": "LOOKUP", "Destination": "P4", "Source": "P3", "Path": ["P3"]}]
1676837871.2501853;P3;LOOKUP SENT;{"Peer": "P4", "Relay": "P4"}
1676837871.2511551;P3;MESSAGE ROUTED;[{"Message": "LOOKUP", "Destination": "P1", "Source": "P3", "Path": ["P3"]}]
1676837871.2514157;P3;LOOKUP SENT;{"Peer": "P1", "Relay": "P1"}
1676837871.2893667;P3;MEASURED LATENCY;{'P1': 964}
1676837871.6309376;P3;LOOKUP RECEIVED;[{"Message": "LOOKUP", "Destination": "P3", "Source": "P2", "Path": ["P2", "P1", "P3"]}]
1676837872.1063676;P3;LOOKUP RECEIVED;[{"Message": "LOOKUP", "Destination": "P3", "Source": "P4", "Path": ["P4", "P3"]}]
1676837872.5939565;P3;MEASURED LATENCY;{'P4': 2269}
1676837875.415801;P3;MEASURED LATENCY;{'P1': 85}
1676837875.8121884;P3;MEASURED LATENCY;{'P4': 481}
1676837877.449559;P3;TOPOLOGY UPDATE;{"P1": {"P2": 242, "P3": 178}, "P2": {"P4": 706, "P1": 242}, "P3": {"P4": 403, "P1": 178}, "P4": {"P2": 706, "P3": 403}}
1676837879.120803;P3;MESSAGE ROUTED;[{"Message": "LOOKUP", "Destination": "P4", "Source": "P1", "Path": ["P1", "P3"]}]
1676837879.1752279;P3;LOOKUP RECEIVED;[{"Message": "LOOKUP", "Destination": "P3", "Source": "P1", "Path": ["P1", "P3"]}]
1676837880.407727;P3;MEASURED LATENCY;{'P1': 75}
1676837880.4669325;P3;MEASURED LATENCY;{'P4': 134}
1676837881.1196434;P3;LOOKUP RECEIVED;[{"Message": "LOOKUP", "Destination": "P3", "Source": "P4", "Path": ["P4", "P3"]}]
1676837881.2628734;P3;MESSAGE ROUTED;[{"Message": "LOOKUP", "Destination": "P2", "Source": "P3", "Path": ["P3"]}]
1676837881.2631032;P3;LOOKUP SENT;{"Peer": "P2", "Relay": "P1"}
1676837881.263955;P3;MESSAGE ROUTED;[{"Message": "LOOKUP", "Destination": "P4", "Source": "P3", "Path": ["P3"]}]
1676837881.2640812;P3;LOOKUP SENT;{"Peer": "P4", "Relay": "P4"}
1676837881.2657902;P3;MESSAGE ROUTED;[{"Message": "LOOKUP", "Destination": "P1", "Source": "P3", "Path": ["P3"]}]
1676837881.266103;P3;LOOKUP SENT;{"Peer": "P1", "Relay": "P1"}
1676837881.7614384;P3;LOOKUP RECEIVED;[{"Message": "LOOKUP", "Destination": "P3", "Source": "P2", "Path": ["P2", "P1", "P3"]}]
1676837885.1480923;P3;MESSAGE ROUTED;[{"Message": "LOOKUP", "Destination": "P4", "Source": "P1", "Path": ["P1", "P3"]}]
1676837885.1483068;P3;LOOKUP RECEIVED;[{"Message": "LOOKUP", "Destination": "P3", "Source": "P1", "Path": ["P1", "P3"]}]
1676837885.4183125;P3;MEASURED LATENCY;{'P1': 78}
1676837885.456299;P3;MEASURED LATENCY;{'P4': 116}
1676837885.456704;P3;APPLIED LATENCY;{"P4": 116}
1676837885.9857829;P3;LEAST COST PATH;{"P1": ["P3"], "P2": ["P1", "P4"], "P3": [], "P4": ["P3"]}
1676837890.4245143;P3;MEASURED LATENCY;{'P1': 79}
1676837890.4691668;P3;MEASURED LATENCY;{'P4': 123}
1676837894.1438422;P3;MESSAGE ROUTED;[{"Message": "LOOKUP", "Destination": "P4", "Source": "P1", "Path": ["P1", "P3"]}]
1676837895.1330607;P3;LOOKUP RECEIVED;[{"Message": "LOOKUP", "Destination": "P3", "Source": "P1", "Path": ["P1", "P3"]}]
1676837895.2808268;P3;MESSAGE ROUTED;[{"Message": "LOOKUP", "Destination": "P2", "Source": "P3", "Path": ["P3"]}]
1676837895.2809222;P3;LOOKUP SENT;{"Peer": "P2", "Relay": "P1"}
1676837895.2815;P3;MESSAGE ROUTED;[{"Message": "LOOKUP", "Destination": "P4", "Source": "P3", "Path": ["P3"]}]
1676837895.2815487;P3;LOOKUP SENT;{"Peer": "P4", "Relay": "P4"}
1676837895.28218;P3;MESSAGE ROUTED;[{"Message": "LOOKUP", "Destination": "P1", "Source": "P3", "Path": ["P3"]}]
1676837895.2822251;P3;LOOKUP SENT;{"Peer": "P1", "Relay": "P1"}
1676837895.4671407;P3;MEASURED LATENCY;{'P1': 115}
1676837895.9315364;P3;MEASURED LATENCY;{'P4': 580}
1676837896.6681824;P3;LOOKUP RECEIVED;[{"Message": "LOOKUP", "Destination": "P3", "Source": "P2", "Path": ["P2", "P1", "P3"]}]
1676837896.9649384;P3;LOOKUP RECEIVED;[{"Message": "LOOKUP", "Destination": "P3", "Source": "P4", "Path": ["P4", "P3"]}]
1676837900.007618;P3;LEAST COST PATH;{"P1": ["P3"], "P2": ["P1"], "P3": [], "P4": ["P3"]}
1676837901.0073328;P3;TOPOLOGY UPDATE;{"P1": {"P2": 242, "P3": 178}, "P2": {"P4": 706, "P1": 242}, "P3": {"P4": 403, "P1": 178}, "P4": {"P2": 706, "P3": 403}}
1676837901.3236816;P3;MEASURED LATENCY;{'P1': 966}
1676837901.4018414;P3;MEASURED LATENCY;{'P4': 1044}
1676837903.1620543;P3;MESSAGE ROUTED;[{"Message": "LOOKUP", "Destination": "P4", "Source": "P1", "Path": ["P1", "P3"]}]
1676837903.6679473;P3;LOOKUP RECEIVED;[{"Message": "LOOKUP", "Destination": "P3", "Source": "P1", "Path": ["P1", "P3"]}]
1676837903.6680553;P3;LOOKUP RECEIVED;[{"Message": "LOOKUP", "Destination": "P3", "Source": "P2", "Path": ["P2", "P1", "P3"]}]
1676837906.052177;P3;MEASURED LATENCY;{'P1': 686}
1676837907.1902158;P3;MEASURED LATENCY;{'P4': 1824}
1676837907.4551487;P3;LEAST COST PATH;{"P1": ["P3"], "P2": ["P1"], "P3": [], "P4": ["P3"]}
1676837908.0595613;P3;LOOKUP RECEIVED;[{"Message": "LOOKUP", "Destination": "P3", "Source": "P4", "Path": ["P4", "P3"]}]
1676837908.1706831;P3;MESSAGE ROUTED;[{"Message": "LOOKUP", "Destination": "P4", "Source": "P1", "Path": ["P1", "P3"]}]
1676837908.2030735;P3;LOOKUP RECEIVED;[{"Message": "LOOKUP", "Destination": "P3", "Source": "P1", "Path": ["P1", "P3"]}]
1676837908.2962644;P3;MESSAGE ROUTED;[{"Message": "LOOKUP", "Destination": "P2", "Source": "P3", "Path": ["P3"]}]
1676837908.2964313;P3;LOOKUP SENT;{"Peer": "P2", "Relay": "P1"}
1676837908.2995903;P3;MESSAGE ROUTED;[{"Message": "LOOKUP", "Destination": "P4", "Source": "P3", "Path": ["P3"]}]
1676837908.299659;P3;LOOKUP SENT;{"Peer": "P4", "Relay": "P4"}
1676837908.3025186;P3;MESSAGE ROUTED;[{"Message": "LOOKUP", "Destination": "P1", "Source": "P3", "Path": ["P3"]}]
1676837908.3025792;P3;LOOKUP SENT;{"Peer": "P1", "Relay": "P1"}
1676837910.4570825;P3;MEASURED LATENCY;{'P1': 82}
1676837910.45742;P3;APPLIED LATENCY;{"P1": 82}
1676837911.3851454;P3;MEASURED LATENCY;{'P4': 1010}
1676837914.4982815;P3;LOOKUP RECEIVED;[{"Message": "LOOKUP", "Destination": "P3", "Source": "P2", "Path": ["P2", "P1", "P3"]}]
1676837915.048674;P3;TOPOLOGY UPDATE;{"P1": {"P2": 364, "P3": 178}, "P2": {"P4": 351, "P1": 364}, "P3": {"P4": 403, "P1": 178}, "P4": {"P2": 351, "P3": 403}}
1676837915.309639;P3;MESSAGE ROUTED;[{"Message": "LOOKUP", "Destination": "P2", "Source": "P3", "Path": ["P3"]}]
1676837915.309767;P3;LOOKUP SENT;{"Peer": "P2", "Relay": "P1"}
1676837915.3100333;P3;MESSAGE ROUTED;[{"Message": "LOOKUP", "Destination": "P4", "Source": "P3", "Path": ["P3"]}]
1676837915.3100798;P3;LOOKUP SENT;{"Peer": "P4", "Relay": "P4"}
1676837915.3102963;P3;MESSAGE ROUTED;[{"Message": "LOOKUP", "Destination": "P1", "Source": "P3", "Path": ["P3"]}]
1676837915.3103466;P3;LOOKUP SENT;{"Peer": "P1", "Relay": "P1"}
1676837916.330578;P3;MEASURED LATENCY;{'P1': 951}
1676837918.187504;P3;MESSAGE ROUTED;[{"Message": "LOOKUP", "Destination": "P4", "Source": "P1", "Path": ["P1", "P3"]}]
1676837919.0800343;P3;LOOKUP RECEIVED;[{"Message": "LOOKUP", "Destination": "P3", "Source": "P4", "Path": ["P4", "P3"]}]
1676837920.0578132;P3;LOOKUP RECEIVED;[{"Message": "LOOKUP", "Destination": "P3", "Source": "P1", "Path": ["P1", "P3"]}]
1676837921.0630863;P3;MEASURED LATENCY;{'P1': 676}
1676837922.49517;P3;TOPOLOGY UPDATE;{"P1": {"P2": 364, "P3": 268}, "P2": {"P4": 351, "P1": 364}, "P3": {"P4": 606, "P1": 268}, "P4": {"P2": 351, "P3": 606}}
1676837923.2870605;P3;LOOKUP RECEIVED;[{"Message": "LOOKUP", "Destination": "P3", "Source": "P2", "Path": ["P2", "P1", "P3"]}]
1676837925.5239189;P3;MEASURED LATENCY;{'P1': 130}
1676837926.1537814;P3;LOOKUP RECEIVED;[{"Message": "LOOKUP", "Destination": "P3", "Source": "P4", "Path": ["P4", "P3"]}]
1676837929.6997018;P3;LOOKUP RECEIVED;[{"Message": "LOOKUP", "Destination": "P3", "Source": "P2", "Path": ["P2", "P1", "P3"]}]
1676837930.0595481;P3;TOPOLOGY UPDATE;{"P1": {"P2": 364, "P3": 268}, "P2": {"P4": 351, "P1": 364}, "P3": {"P4": 606, "P1": 268}, "P4": {"P2": 351, "P3": 606}}
1676837930.3283632;P3;MESSAGE ROUTED;[{"Message": "LOOKUP", "Destination": "P2", "Source": "P3", "Path": ["P3"]}]
1676837930.328521;P3;LOOKUP SENT;{"Peer": "P2", "Relay": "P1"}
1676837930.328857;P3;MESSAGE ROUTED;[{"Message": "LOOKUP", "Destination": "P4", "Source": "P3", "Path": ["P3"]}]
1676837930.32901;P3;LOOKUP SENT;{"Peer": "P4", "Relay": "P4"}
1676837930.3295019;P3;MESSAGE ROUTED;[{"Message": "LOOKUP", "Destination": "P1", "Source": "P3", "Path": ["P3"]}]
1676837930.329608;P3;LOOKUP SENT;{"Peer": "P1", "Relay": "P1"}
1676837930.4806433;P3;MEASURED LATENCY;{'P1': 81}
1676837931.0081959;P3;LEAST COST PATH;{"P1": ["P3"], "P2": ["P1"], "P3": [], "P4": ["P3"]}
1676837931.5272472;P3;MEASURED LATENCY;{'P4': 1127}
1676837932.2789462;P3;TOPOLOGY UPDATE;{"P1": {"P2": 364, "P3": 268}, "P2": {"P4": 351, "P1": 364}, "P3": {"P4": 606, "P1": 268}, "P4": {"P2": 351, "P3": 606}}
1676837933.21766;P3;MESSAGE ROUTED;[{"Message": "LOOKUP", "Destination": "P4", "Source": "P1", "Path": ["P1", "P3"]}]
1676837935.0735161;P3;LOOKUP RECEIVED;[{"Message": "LOOKUP", "Destination": "P3", "Source": "P1", "Path": ["P1", "P3"]}]
1676837935.4816082;P3;MEASURED LATENCY;{'P1': 80}
1676837935.809108;P3;MEASURED LATENCY;{'P4': 407}
1676837938.092446;P3;LOOKUP RECEIVED;[{"Message": "LOOKUP", "Destination": "P3", "Source": "P4", "Path": ["P4", "P3"]}]
1676837938.2135472;P3;LOOKUP RECEIVED;[{"Message": "LOOKUP", "Destination": "P3", "Source": "P2", "Path": ["P2", "P1", "P3"]}]
1676837940.3392391;P3;MESSAGE ROUTED;[{"Message": "LOOKUP", "Destination": "P2", "Source": "P3", "Path": ["P3"]}]
1676837940.3394475;P3;LOOKUP SENT;{"Peer": "P2", "Relay": "P1"}
1676837940.3398225;P3;MESSAGE ROUTED;[{"Message": "LOOKUP", "Destination": "P4", "Source": "P3", "Path": ["P3"]}]
1676837940.3399549;P3;LOOKUP SENT;{"Peer": "P4", "Relay": "P4"}
1676837940.340314;P3;MESSAGE ROUTED;[{"Message": "LOOKUP", "Destination": "P1", "Source": "P3", "Path": ["P3"]}]
1676837940.3403864;P3;LOOKUP SENT;{"Peer": "P1", "Relay": "P1"}
1676837940.4900212;P3;MEASURED LATENCY;{'P1': 84}
1676837940.856503;P3;MEASURED LATENCY;{'P4': 450}
1676837943.707539;P3;LOOKUP RECEIVED;[{"Message": "LOOKUP", "Destination": "P3", "Source": "P2", "Path": ["P2", "P1", "P3"]}]
1676837945.0499291;P3;LEAST COST PATH;{"P1": ["P3"], "P2": ["P1"], "P3": [], "P4": ["P3"]}
1676837945.2329557;P3;MESSAGE ROUTED;[{"Message": "LOOKUP", "Destination": "P4", "Source": "P1", "Path": ["P1", "P3"]}]
1676837945.2330668;P3;LOOKUP RECEIVED;[{"Message": "LOOKUP", "Destination": "P3", "Source": "P1", "Path": ["P1", "P3"]}]
1676837945.4883845;P3;MEASURED LATENCY;{'P1': 77}
1676837946.5161736;P3;TOPOLOGY UPDATE;{"P1": {"P2": 364, "P3": 268}, "P2": {"P4": 351, "P1": 364}, "P3": {"P4": 606, "P1": 268}, "P4": {"P2": 351, "P3": 606}}
1676837947.8147507;P3;MEASURED LATENCY;{'P4': 2404}
1676837948.7270684;P3;LOOKUP RECEIVED;[{"Message": "LOOKUP", "Destination": "P3", "Source": "P2", "Path": ["P2", "P1", "P3"]}]
1676837949.132402;P3;LOOKUP RECEIVED;[{"Message": "LOOKUP", "Destination": "P3", "Source": "P4", "Path": ["P4", "P3"]}]
1676837950.3515673;P3;MESSAGE ROUTED;[{"Message": "LOOKUP", "Destination": "P2", "Source": "P3", "Path": ["P3"]}]
1676837950.3519871;P3;LOOKUP SENT;{"Peer": "P2", "Relay": "P1"}
1676837950.3533971;P3;MESSAGE ROUTED;[{"Message": "LOOKUP", "Destination": "P4", "Source": "P3", "Path": ["P3"]}]
1676837950.3537204;P3;LOOKUP SENT;{"Peer": "P4", "Relay": "P4"}
1676837950.3540306;P3;MESSAGE ROUTED;[{"Message": "LOOKUP", "Destination": "P1", "Source": "P3", "Path": ["P3"]}]
1676837950.3541088;P3;LOOKUP SENT;{"Peer": "P1", "Relay": "P1"}
1676837950.535138;P3;MEASURED LATENCY;{'P1': 119}
1676837950.8661509;P3;MEASURED LATENCY;{'P4': 450}
1676837950.8662527;P3;APPLIED LATENCY;{"P4": 450}
1676837952.7329016;P3;LEAST COST PATH;{"P1": ["P3"], "P2": ["P1"], "P3": [], "P4": ["P3"]}
1676837954.3067436;P3;LOOKUP RECEIVED;[{"Message": "LOOKUP", "Destination": "P3", "Source": "P1", "Path": ["P1", "P3"]}]
1676837955.5031571;P3;MEASURED LATENCY;{'P1': 80}
1676837955.7673497;P3;MEASURED LATENCY;{'P4': 344}
1676837956.5574768;P3;LOOKUP RECEIVED;[{"Message": "LOOKUP", "Destination": "P3", "Source": "P4", "Path": ["P4", "P3"]}]
1676837957.7376325;P3;LOOKUP RECEIVED;[{"Message": "LOOKUP", "Destination": "P3", "Source": "P2", "Path": ["P2", "P1", "P3"]}]
1676837960.0656013;P3;LEAST COST PATH;{"P1": ["P3"], "P2": ["P1"], "P3": [], "P4": ["P3"]}
1676837961.4061387;P3;MEASURED LATENCY;{'P1': 969}
1676837961.406244;P3;APPLIED LATENCY;{"P1": 969}
1676837961.655267;P3;MEASURED LATENCY;{'P4': 1218}
1676837962.2946959;P3;LEAST COST PATH;{"P1": ["P3"], "P2": ["P1"], "P3": [], "P4": ["P3"]}
1676837963.4999292;P3;MESSAGE ROUTED;[{"Message": "LOOKUP", "Destination": "P2", "Source": "P3", "Path": ["P3"]}]
1676837963.500045;P3;LOOKUP SENT;{"Peer": "P2", "Relay": "P1"}
1676837963.50033;P3;MESSAGE ROUTED;[{"Message": "LOOKUP", "Destination": "P4", "Source": "P3", "Path": ["P3"]}]
1676837963.5003877;P3;LOOKUP SENT;{"Peer": "P4", "Relay": "P4"}
1676837963.5005944;P3;MESSAGE ROUTED;[{"Message": "LOOKUP", "Destination": "P1", "Source": "P3", "Path": ["P3"]}]
1676837963.5006485;P3;LOOKUP SENT;{"Peer": "P1", "Relay": "P1"}
1676837966.1516378;P3;MEASURED LATENCY;{'P1': 493}
1676837966.1526604;P3;LOOKUP RECEIVED;[{"Message": "LOOKUP", "Destination": "P3", "Source": "P2", "Path": ["P2", "P1", "P3"]}]
1676837967.4045663;P3;MEASURED LATENCY;{'P4': 1746}
1676837968.330007;P3;LOOKUP RECEIVED;[{"Message": "LOOKUP", "Destination": "P3", "Source": "P1", "Path": ["P1", "P3"]}]
1676837969.3758118;P3;LOOKUP RECEIVED;[{"Message": "LOOKUP", "Destination": "P3", "Source": "P4", "Path": ["P4", "P3"]}]
1676837969.5066338;P3;MESSAGE ROUTED;[{"Message": "LOOKUP", "Destination": "P2", "Source": "P3", "Path": ["P3"]}]
1676837969.5070639;P3;LOOKUP SENT;{"Peer": "P2", "Relay": "P1"}
1676837969.5087821;P3;MESSAGE ROUTED;[{"Message": "LOOKUP", "Destination": "P4", "Source": "P3", "Path": ["P3"]}]
1676837969.510808;P3;LOOKUP SENT;{"Peer": "P4", "Relay": "P4"}
1676837969.5143037;P3;MESSAGE ROUTED;[{"Message": "LOOKUP", "Destination": "P1", "Source": "P3", "Path": ["P3"]}]
1676837969.5144277;P3;LOOKUP SENT;{"Peer": "P1", "Relay": "P1"}
1676837970.7419596;P3;MEASURED LATENCY;{'P1': 79}
1676837970.7941666;P3;MEASURED LATENCY;{'P4': 131}
1676837975.1360762;P3;TOPOLOGY UPDATE;{"P1": {"P2": 301, "P3": 176}, "P2": {"P4": 771, "P1": 301}, "P3": {"P4": 606, "P1": 176}, "P4": {"P2": 771, "P3": 606}}
1676837976.4670544;P3;MEASURED LATENCY;{'P1': 785}
1676837976.519284;P3;LEAST COST PATH;{"P1": ["P3"], "P2": ["P1"], "P3": [], "P4": ["P3"]}
1676837976.960911;P3;MEASURED LATENCY;{'P4': 1279}
1676837978.0402138;P3;LOOKUP RECEIVED;[{"Message": "LOOKUP", "Destination": "P3", "Source": "P2", "Path": ["P2", "P1", "P3"]}]
1676837979.2052548;P3;LOOKUP RECEIVED;[{"Message": "LOOKUP", "Destination": "P3", "Source": "P4", "Path": ["P4", "P3"]}]
1676837979.3475814;P3;LOOKUP RECEIVED;[{"Message": "LOOKUP", "Destination": "P3", "Source": "P1", "Path": ["P1", "P3"]}]
1676837980.7898583;P3;MEASURED LATENCY;{'P1': 88}
1676837981.5284464;P3;MESSAGE ROUTED;[{"Message": "LOOKUP", "Destination": "P2", "Source": "P3", "Path": ["P3"]}]
1676837981.5285568;P3;LOOKUP SENT;{"Peer": "P2", "Relay": "P1"}
1676837981.5288067;P3;MESSAGE ROUTED;[{"Message": "LOOKUP", "Destination": "P4", "Source": "P3", "Path": ["P3"]}]
1676837981.5288618;P3;LOOKUP SENT;{"Peer": "P4", "Relay": "P4"}
1676837981.5290704;P3;MESSAGE ROUTED;[{"Message": "LOOKUP", "Destination": "P1", "Source": "P3", "Path": ["P3"]}]
1676837981.5291276;P3;LOOKUP SENT;{"Peer": "P1", "Relay": "P1"}
1676837982.2102156;P3;MEASURED LATENCY;{'P4': 1508}
1676837983.1148055;P3;TOPOLOGY UPDATE;{"P1": {"P2": 301, "P3": 176}, "P2": {"P4": 771, "P1": 301}, "P3": {"P4": 919, "P1": 176}, "P4": {"P2": 771, "P3": 919}}
1676837985.7913992;P3;MEASURED LATENCY;{'P1': 85}
1676837986.2048087;P3;MEASURED LATENCY;{'P4': 499}
1676837990.0997806;P3;LOOKUP RECEIVED;[{"Message": "LOOKUP", "Destination": "P3", "Source": "P2", "Path": ["P2", "P1", "P3"]}]
1676837990.5570822;P3;MESSAGE ROUTED;[{"Message": "LOOKUP", "Destination": "P2", "Source": "P3", "Path": ["P3"]}]
1676837990.557195;P3;LOOKUP SENT;{"Peer": "P2", "Relay": "P1"}
1676837990.557461;P3;MESSAGE ROUTED;[{"Message": "LOOKUP", "Destination": "P4", "Source": "P3", "Path": ["P3"]}]
1676837990.5576482;P3;LOOKUP SENT;{"Peer": "P4", "Relay": "P4"}
1676837990.557862;P3;MESSAGE ROUTED;[{"Message": "LOOKUP", "Destination": "P1", "Source": "P3", "Path": ["P3"]}]
1676837990.5579321;P3;LOOKUP SENT;{"Peer": "P1", "Relay": "P1"}
1676837990.7705762;P3;LOOKUP RECEIVED;[{"Message": "LOOKUP", "Destination": "P3", "Source": "P4", "Path": ["P4", "P3"]}]
1676837990.809543;P3;MEASURED LATENCY;{'P1': 85}
1676837991.1538103;P3;TOPOLOGY UPDATE;{"P1": {"P2": 301, "P3": 176}, "P2": {"P4": 771, "P1": 301}, "P3": {"P4": 919, "P1": 176}, "P4": {"P2": 771, "P3": 919}}
1676837991.7718217;P3;MEASURED LATENCY;{'P4': 1047}
1676837992.397445;P3;LOOKUP RECEIVED;[{"Message": "LOOKUP", "Destination": "P3", "Source": "P1", "Path": ["P1", "P3"]}]
1676837995.8139293;P3;MEASURED LATENCY;{'P1': 85}
1676837995.9621384;P3;MEASURED LATENCY;{'P4': 233}
1676837998.3566682;P3;LOOKUP RECEIVED;[{"Message": "LOOKUP", "Destination": "P3", "Source": "P2", "Path": ["P2", "P1", "P3"]}]
1676837999.5672152;P3;MESSAGE ROUTED;[{"Message": "LOOKUP", "Destination": "P2", "Source": "P3", "Path": ["P3"]}]
1676837999.5673506;P3;LOOKUP SENT;{"Peer": "P2", "Relay": "P1"}
1676837999.567609;P3;MESSAGE ROUTED;[{"Message": "LOOKUP", "Destination": "P4", "Source": "P3", "Path": ["P3"]}]
1676837999.5676818;P3;LOOKUP SENT;{"Peer": "P4", "Relay": "P4"}
1676837999.5679238;P3;MESSAGE ROUTED;[{"Message": "LOOKUP", "Destination": "P1", "Source": "P3", "Path": ["P3"]}]
1676837999.5679934;P3;LOOKUP SENT;{"Peer": "P1", "Relay": "P1"}
1676838000.8142705;P3;MEASURED LATENCY;{'P1': 81}
1676838001.1918619;P3;MEASURED LATENCY;{'P4': 459}
1676838001.192034;P3;APPLIED LATENCY;{"P4": 459}
1676838001.3977506;P3;LOOKUP RECEIVED;[{"Message": "LOOKUP", "Destination": "P3", "Source": "P1", "Path": ["P1", "P3"]}]
1676838002.4227483;P3;LOOKUP RECEIVED;[{"Message": "LOOKUP", "Destination": "P3", "Source": "P4", "Path": ["P4", "P3"]}]
1676838003.1004786;P3;LOOKUP RECEIVED;[{"Message": "LOOKUP", "Destination": "P3", "Source": "P2", "Path": ["P2", "P1", "P3"]}]
1676838005.1523254;P3;LEAST COST PATH;{"P1": ["P3"], "P2": ["P1"], "P3": [], "P4": ["P3"]}
1676838006.3054976;P3;TOPOLOGY UPDATE;{"P1": {"P2": 301, "P3": 176}, "P2": {"P4": 771, "P1": 301}, "P3": {"P4": 919, "P1": 176}, "P4": {"P2": 771, "P3": 919}}
1676838006.4554896;P3;MEASURED LATENCY;{'P1': 718}
1676838006.5006294;P3;MEASURED LATENCY;{'P4': 764}
1676838009.432217;P3;LOOKUP RECEIVED;[{"Message": "LOOKUP", "Destination": "P3", "Source": "P4", "Path": ["P4", "P3"]}]
1676838009.6369834;P3;MESSAGE ROUTED;[{"Message": "LOOKUP", "Destination": "P2", "Source": "P3", "Path": ["P3"]}]
1676838009.6371195;P3;LOOKUP SENT;{"Peer": "P2", "Relay": "P1"}
1676838009.6373792;P3;MESSAGE ROUTED;[{"Message": "LOOKUP", "Destination": "P4", "Source": "P3", "Path": ["P3"]}]
1676838009.6374547;P3;LOOKUP SENT;{"Peer": "P4", "Relay": "P4"}
1676838009.6376753;P3;MESSAGE ROUTED;[{"Message": "LOOKUP", "Destination": "P1", "Source": "P3", "Path": ["P3"]}]
1676838009.6377447;P3;LOOKUP SENT;{"Peer": "P1", "Relay": "P1"}
1676838010.1001763;P3;LOOKUP RECEIVED;[{"Message": "LOOKUP", "Destination": "P3", "Source": "P2", "Path": ["P2", "P1", "P3"]}]
1676838011.4950366;P3;MEASURED LATENCY;{'P1': 752}
1676838011.4951618;P3;APPLIED LATENCY;{"P1": 752}
1676838013.1224656;P3;LEAST COST PATH;{"P1": ["P3"], "P2": ["P1"], "P3": [], "P4": ["P3"]}
1676838013.4031932;P3;MEASURED LATENCY;{'P4': 2660}
1676838015.5095809;P3;MESSAGE ROUTED;[{"Message": "LOOKUP", "Destination": "P4", "Source": "P1", "Path": ["P1", "P3"]}]
1676838015.543633;P3;LOOKUP RECEIVED;[{"Message": "LOOKUP", "Destination": "P3", "Source": "P1", "Path": ["P1", "P3"]}]
1676838015.8680165;P3;MEASURED LATENCY;{'P1': 90}
1676838015.9936035;P3;MEASURED LATENCY;{'P4': 216}
1676838016.822567;P3;LOOKUP RECEIVED;[{"Message": "LOOKUP", "Destination": "P3", "Source": "P4", "Path": ["P4", "P3"]}]
1676838019.651128;P3;MESSAGE ROUTED;[{"Message": "LOOKUP", "Destination": "P2", "Source": "P3", "Path": ["P3"]}]
1676838019.6514826;P3;LOOKUP SENT;{"Peer": "P2", "Relay": "P1"}
1676838019.6518464;P3;MESSAGE ROUTED;[{"Message": "LOOKUP", "Destination": "P4", "Source": "P3", "Path": ["P3"]}]
1676838019.6519063;P3;LOOKUP SENT;{"Peer": "P4", "Relay": "P4"}
1676838019.6521533;P3;MESSAGE ROUTED;[{"Message": "LOOKUP", "Destination": "P1", "Source": "P3", "Path": ["P3"]}]
1676838019.652286;P3;LOOKUP SENT;{"Peer": "P1", "Relay": "P1"}
1676838020.260576;P3;LOOKUP RECEIVED;[{"Message": "LOOKUP", "Destination": "P3", "Source": "P2", "Path": ["P2", "P1", "P3"]}]
1676838020.428811;P3;TOPOLOGY UPDATE;{"P1": {"P2": 400, "P3": 424}, "P2": {"P4": 355, "P1": 400}, "P3": {"P4": 919, "P1": 424}, "P4": {"P2": 355, "P3": 919}}
1676838021.156477;P3;LEAST COST PATH;{"P1": ["P3"], "P2": ["P1"], "P3": [], "P4": ["P3"]}
1676838021.558709;P3;MEASURED LATENCY;{'P1': 778}
1676838022.2273304;P3;MEASURED LATENCY;{'P4': 1446}
1676838023.584082;P3;LOOKUP RECEIVED;[{"Message": "LOOKUP", "Destination": "P3", "Source": "P4", "Path": ["P4", "P3"]}]
1676838025.885025;P3;MEASURED LATENCY;{'P1': 100}
1676838026.0890548;P3;MEASURED LATENCY;{'P4': 304}
1676838027.5279295;P3;MESSAGE ROUTED;[{"Message": "LOOKUP", "Destination": "P4", "Source": "P1", "Path": ["P1", "P3"]}]
1676838027.5643191;P3;LOOKUP RECEIVED;[{"Message": "LOOKUP", "Destination": "P3", "Source": "P1", "Path": ["P1", "P3"]}]
1676838027.660733;P3;MESSAGE ROUTED;[{"Message": "LOOKUP", "Destination": "P2", "Source": "P3", "Path": ["P3"]}]
1676838027.6614313;P3;LOOKUP SENT;{"Peer": "P2", "Relay": "P1"}
1676838027.6619654;P3;MESSAGE ROUTED;[{"Message": "LOOKUP", "Destination": "P4", "Source": "P3", "Path": ["P3"]}]
1676838027.6620529;P3;LOOKUP SENT;{"Peer": "P4", "Relay": "P4"}
1676838027.6622946;P3;MESSAGE ROUTED;[{"Message": "LOOKUP", "Destination": "P1", "Source": "P3", "Path": ["P3"]}]
1676838027.662408;P3;LOOKUP SENT;{"Peer": "P1", "Relay": "P1"}
1676838028.256163;P3;TOPOLOGY UPDATE;{"P1": {"P2": 400, "P3": 424}, "P2": {"P4": 355, "P1": 400}, "P3": {"P4": 919, "P1": 424}, "P4": {"P2": 355, "P3": 919}}
1676838028.4822733;P3;LOOKUP RECEIVED;[{"Message": "LOOKUP", "Destination": "P3", "Source": "P4", "Path": ["P4", "P3"]}]
1676838030.8859577;P3;MEASURED LATENCY;{'P1': 96}
1676838030.9380653;P3;MEASURED LATENCY;{'P4': 148}
1676838033.1294746;P3;LOOKUP RECEIVED;[{"Message": "LOOKUP", "Destination": "P3", "Source": "P2", "Path": ["P2", "P1", "P3"]}]
1676838035.8980143;P3;MEASURED LATENCY;{'P1': 105}
1676838036.3061438;P3;LEAST COST PATH;{"P1": ["P3"], "P2": ["P1"], "P3": [], "P4": ["P3"]}
1676838036.3314831;P3;MEASURED LATENCY;{'P4': 538}
1676838037.505914;P3;LOOKUP RECEIVED;[{"Message": "LOOKUP", "Destination": "P3", "Source": "P4", "Path": ["P4", "P3"]}]
1676838038.5560496;P3;MESSAGE ROUTED;[{"Message": "LOOKUP", "Destination": "P4", "Source": "P1", "Path": ["P1", "P3"]}]
1676838038.6079886;P3;LOOKUP RECEIVED;[{"Message": "LOOKUP", "Destination": "P3", "Source": "P1", "Path": ["P1", "P3"]}]
1676838039.1419697;P3;LOOKUP RECEIVED;[{"Message": "LOOKUP", "Destination": "P3", "Source": "P2", "Path": ["P2", "P1", "P3"]}]
1676838040.6741686;P3;MESSAGE ROUTED;[{"Message": "LOOKUP", "Destination": "P2", "Source": "P3", "Path": ["P3"]}]
1676838040.6749468;P3;LOOKUP SENT;{"Peer": "P2", "Relay": "P1"}
1676838040.6766925;P3;MESSAGE ROUTED;[{"Message": "LOOKUP", "Destination": "P4", "Source": "P3", "Path": ["P3"]}]
1676838040.6782408;P3;LOOKUP SENT;{"Peer": "P4", "Relay": "P4"}
1676838040.6796992;P3;MESSAGE ROUTED;[{"Message": "LOOKUP", "Destination": "P1", "Source": "P3", "Path": ["P3"]}]
1676838040.6804752;P3;LOOKUP SENT;{"Peer": "P1", "Relay": "P1"}
1676838040.9026308;P3;MEASURED LATENCY;{'P1': 95}
1676838042.7214913;P3;MEASURED LATENCY;{'P4': 1913}
1676838045.908173;P3;MEASURED LATENCY;{'P1': 94}
1676838046.5874045;P3;MEASURED LATENCY;{'P4': 773}
1676838047.591196;P3;MESSAGE ROUTED;[{"Message": "LOOKUP", "Destination": "P4", "Source": "P1", "Path": ["P1", "P3"]}]
1676838047.6233256;P3;LOOKUP RECEIVED;[{"Message": "LOOKUP", "Destination": "P3", "Source": "P1", "Path": ["P1", "P3"]}]
1676838049.1754818;P3;LOOKUP RECEIVED;[{"Message": "LOOKUP", "Destination": "P3", "Source": "P2", "Path": ["P2", "P1", "P3"]}]
1676838050.1715102;P3;LOOKUP RECEIVED;[{"Message": "LOOKUP", "Destination": "P3", "Source": "P4", "Path": ["P4", "P3"]}]
1676838050.43531;P3;LEAST COST PATH;{"P1": ["P3"], "P2": ["P1"], "P3": [], "P4": ["P3"]}
1676838050.9266276;P3;MEASURED LATENCY;{'P1': 106}
1676838051.4916098;P3;TOPOLOGY UPDATE;{"P1": {"P2": 400, "P3": 424}, "P2": {"P4": 355, "P1": 400}, "P3": {"P4": 1007, "P1": 424}, "P4": {"P2": 355, "P3": 1007}}
1676838051.9702752;P3;MESSAGE ROUTED;[{"Message": "LOOKUP", "Destination": "P2", "Source": "P3", "Path": ["P3"]}]
1676838051.971792;P3;LOOKUP SENT;{"Peer": "P2", "Relay": "P1"}
1676838051.9724677;P3;MESSAGE ROUTED;[{"Message": "LOOKUP", "Destination": "P4", "Source": "P3", "Path": ["P3"]}]
1676838051.972565;P3;LOOKUP SENT;{"Peer": "P4", "Relay": "P4"}
1676838051.973217;P3;MESSAGE ROUTED;[{"Message": "LOOKUP", "Destination": "P1", "Source": "P3", "Path": ["P3"]}]
1676838051.974051;P3;LOOKUP SENT;{"Peer": "P1", "Relay": "P1"}
1676838053.4224074;P3;MEASURED LATENCY;{'P4': 2601}
1676838053.4228468;P3;APPLIED LATENCY;{"P4": 2601}
1676838053.630488;P3;MESSAGE ROUTED;[{"Message": "LOOKUP", "Destination": "P4", "Source": "P1", "Path": ["P1", "P3"]}]
1676838053.6858857;P3;LOOKUP RECEIVED;[{"Message": "LOOKUP", "Destination": "P3", "Source": "P1", "Path": ["P1", "P3"]}]
1676838056.7298613;P3;MEASURED LATENCY;{'P1': 897}
1676838058.2576635;P3;LEAST COST PATH;{"P1": ["P3"], "P2": ["P1"], "P3": [], "P4": ["P3"]}
1676838060.5861998;P3;LOOKUP RECEIVED;[{"Message": "LOOKUP", "Destination": "P3", "Source": "P4", "Path": ["P4", "P3"]}]
1676838060.692215;P3;LOOKUP RECEIVED;[{"Message": "LOOKUP", "Destination": "P3", "Source": "P1", "Path": ["P1", "P3"]}]
1676838060.9592016;P3;MEASURED LATENCY;{'P1': 92}
1676838060.9605887;P3;APPLIED LATENCY;{"P1": 92}
1676838062.165923;P3;LOOKUP RECEIVED;[{"Message": "LOOKUP", "Destination": "P3", "Source": "P2", "Path": ["P2", "P1", "P3"]}]
1676838062.9946785;P3;MESSAGE ROUTED;[{"Message": "LOOKUP", "Destination": "P2", "Source": "P3", "Path": ["P3"]}]
1676838062.9950724;P3;LOOKUP SENT;{"Peer": "P2", "Relay": "P1"}
1676838063.0022292;P3;MESSAGE ROUTED;[{"Message": "LOOKUP", "Destination": "P4", "Source": "P3", "Path": ["P3"]}]
1676838063.0023806;P3;LOOKUP SENT;{"Peer": "P4", "Relay": "P4"}
1676838063.0029883;P3;MESSAGE ROUTED;[{"Message": "LOOKUP", "Destination": "P1", "Source": "P3", "Path": ["P3"]}]
1676838063.0030446;P3;LOOKUP SENT;{"Peer": "P1", "Relay": "P1"}
1676838065.93832;P3;TOPOLOGY UPDATE;{"P1": {"P2": 530, "P3": 424}, "P2": {"P4": 318, "P1": 530}, "P3": {"P4": 1007, "P1": 424}, "P4": {"P2": 318, "P3": 1007}}
1676838066.01112;P3;MEASURED LATENCY;{'P1': 78}
1676838071.4965727;P3;MEASURED LATENCY;{'P1': 560}
1676838072.2721784;P3;LOOKUP RECEIVED;[{"Message": "LOOKUP", "Destination": "P3", "Source": "P2", "Path": ["P2", "P1", "P3"]}]
1676838072.73831;P3;LOOKUP RECEIVED;[{"Message": "LOOKUP", "Destination": "P3", "Source": "P1", "Path": ["P1", "P3"]}]
1676838073.0340247;P3;MESSAGE ROUTED;[{"Message": "LOOKUP", "Destination": "P2", "Source": "P3", "Path": ["P3"]}]
1676838073.0341332;P3;LOOKUP SENT;{"Peer": "P2", "Relay": "P1"}
1676838073.0343711;P3;MESSAGE ROUTED;[{"Message": "LOOKUP", "Destination": "P4", "Source": "P3", "Path": ["P3"]}]
1676838073.0344446;P3;LOOKUP SENT;{"Peer": "P4", "Relay": "P4"}
1676838073.0346665;P3;MESSAGE ROUTED;[{"Message": "LOOKUP", "Destination": "P1", "Source": "P3", "Path": ["P3"]}]
1676838073.0347362;P3;LOOKUP SENT;{"Peer": "P1", "Relay": "P1"}
1676838073.405944;P3;TOPOLOGY UPDATE;{"P1": {"P2": 530, "P3": 298}, "P2": {"P4": 318, "P1": 530}, "P3": {"P4": 1007, "P1": 298}, "P4": {"P2": 318, "P3": 1007}}
1676838075.9920716;P3;LOOKUP RECEIVED;[{"Message": "LOOKUP", "Destination": "P3", "Source": "P4", "Path": ["P4", "P3"]}]
1676838076.0245824;P3;MEASURED LATENCY;{'P1': 84}
1676838080.878758;P3;TOPOLOGY UPDATE;{"P1": {"P2": 530, "P3": 298}, "P2": {"P4": 318, "P1": 530}, "P3": {"P4": 1007, "P1": 298}, "P4": {"P2": 318, "P3": 1007}}
1676838081.0604353;P3;MEASURED LATENCY;{'P1': 82}
1676838081.6051195;P3;LEAST COST PATH;{"P1": ["P3"], "P2": ["P1"], "P3": [], "P4": ["P3"]}
1676838082.2809043;P3;LOOKUP RECEIVED;[{"Message": "LOOKUP", "Destination": "P3", "Source": "P2", "Path": ["P2", "P1", "P3"]}]
1676838083.2033231;P3;MEASURED LATENCY;{'P4': 2225}
1676838086.058125;P3;MEASURED LATENCY;{'P1': 77}
1676838086.0593002;P3;MESSAGE ROUTED;[{"Message": "LOOKUP", "Destination": "P2", "Source": "P3", "Path": ["P3"]}]
1676838086.05945;P3;LOOKUP SENT;{"Peer": "P2", "Relay": "P1"}
1676838086.0601125;P3;MESSAGE ROUTED;[{"Message": "LOOKUP", "Destination": "P4", "Source": "P3", "Path": ["P3"]}]
1676838086.060806;P3;LOOKUP SENT;{"Peer": "P4", "Relay": "P4"}
1676838086.0707364;P3;MESSAGE ROUTED;[{"Message": "LOOKUP", "Destination": "P1", "Source": "P3", "Path": ["P3"]}]
1676838086.0709672;P3;LOOKUP SENT;{"Peer": "P1", "Relay": "P1"}
1676838086.5785604;P3;MEASURED LATENCY;{'P4': 598}
1676838086.814283;P3;LOOKUP RECEIVED;[{"Message": "LOOKUP", "Destination": "P3", "Source": "P1", "Path": ["P1", "P3"]}]
1676838090.3216743;P3;LOOKUP RECEIVED;[{"Message": "LOOKUP", "Destination": "P3", "Source": "P2", "Path": ["P2", "P1", "P3"]}]
1676838091.0649433;P3;MEASURED LATENCY;{'P1': 79}
1676838091.1265922;P3;LOOKUP RECEIVED;[{"Message": "LOOKUP", "Destination": "P3", "Source": "P4", "Path": ["P4", "P3"]}]
1676838096.011294;P3;LEAST COST PATH;{"P1": ["P3"], "P2": ["P1"], "P3": [], "P4": ["P3"]}
1676838096.0807884;P3;MESSAGE ROUTED;[{"Message": "LOOKUP", "Destination": "P2", "Source": "P3", "Path": ["P3"]}]
1676838096.0823872;P3;LOOKUP SENT;{"Peer": "P2", "Relay": "P1"}
1676838096.0832524;P3;MESSAGE ROUTED;[{"Message": "LOOKUP", "Destination": "P4", "Source": "P3", "Path": ["P3"]}]
1676838096.0833416;P3;LOOKUP SENT;{"Peer": "P4", "Relay": "P4"}
1676838096.0840027;P3;MESSAGE ROUTED;[{"Message": "LOOKUP", "Destination": "P1", "Source": "P3", "Path": ["P3"]}]
1676838096.0841892;P3;LOOKUP SENT;{"Peer": "P1", "Relay": "P1"}
1676838097.707224;P3;TOPOLOGY UPDATE;{"P1": {"P2": 530, "P3": 298}, "P2": {"P4": 318, "P1": 530}, "P3": {"P4": 1007, "P1": 298}, "P4": {"P2": 318, "P3": 1007}}
1676838099.371544;P3;LOOKUP RECEIVED;[{"Message": "LOOKUP", "Destination": "P3", "Source": "P1", "Path": ["P1", "P3"]}]
1676838099.4123406;P3;MEASURED LATENCY;{'P1': 3401}
1676838101.105282;P3;MEASURED LATENCY;{'P1': 92}
1676838101.3602414;P3;MEASURED LATENCY;{'P4': 347}
1676838103.4085581;P3;LEAST COST PATH;{"P1": ["P3"], "P2": ["P1"], "P3": [], "P4": ["P3"]}
1676838105.3963914;P3;LOOKUP RECEIVED;[{"Message": "LOOKUP", "Destination": "P3", "Source": "P2", "Path": ["P2", "P1", "P3"]}]
1676838106.113538;P3;MEASURED LATENCY;{'P1': 87}
1676838108.3307018;P3;MEASURED LATENCY;{'P4': 2305}
1676838109.8837786;P3;LOOKUP RECEIVED;[{"Message": "LOOKUP", "Destination": "P3", "Source": "P1", "Path": ["P1", "P3"]}]
1676838110.0979044;P3;MESSAGE ROUTED;[{"Message": "LOOKUP", "Destination": "P2", "Source": "P3", "Path": ["P3"]}]
1676838110.0982592;P3;LOOKUP SENT;{"Peer": "P2", "Relay": "P1"}
1676838110.0989208;P3;MESSAGE ROUTED;[{"Message": "LOOKUP", "Destination": "P4", "Source": "P3", "Path": ["P3"]}]
1676838110.0990427;P3;LOOKUP SENT;{"Peer": "P4", "Relay": "P4"}
1676838110.0998745;P3;MESSAGE ROUTED;[{"Message": "LOOKUP", "Destination": "P1", "Source": "P3", "Path": ["P3"]}]
1676838110.1002595;P3;LOOKUP SENT;{"Peer": "P1", "Relay": "P1"}
1676838110.8916664;P3;LEAST COST PATH;{"P1": ["P3"], "P2": ["P1"], "P3": [], "P4": ["P3"]}
1676838111.1185496;P3;MEASURED LATENCY;{'P1': 89}
1676838111.1202714;P3;APPLIED LATENCY;{"P1": 89}
1676838114.5818014;P3;LOOKUP RECEIVED;[{"Message": "LOOKUP", "Destination": "P3", "Source": "P4", "Path": ["P4", "P3"]}]
1676838115.4234636;P3;LOOKUP RECEIVED;[{"Message": "LOOKUP", "Destination": "P3", "Source": "P2", "Path": ["P2", "P1", "P3"]}]
1676838116.6637816;P3;LOOKUP RECEIVED;[{"Message": "LOOKUP", "Destination": "P3", "Source": "P1", "Path": ["P1", "P3"]}]
1676838116.665308;P3;MEASURED LATENCY;{'P1': 474}
1676838121.4556923;P3;MEASURED LATENCY;{'P1': 116}
1676838124.1588626;P3;MESSAGE ROUTED;[{"Message": "LOOKUP", "Destination": "P2", "Source": "P3", "Path": ["P3"]}]
1676838124.1600192;P3;LOOKUP SENT;{"Peer": "P2", "Relay": "P1"}
1676838124.1613793;P3;MESSAGE ROUTED;[{"Message": "LOOKUP", "Destination": "P4", "Source": "P3", "Path": ["P3"]}]
1676838124.1615086;P3;LOOKUP SENT;{"Peer": "P4", "Relay": "P4"}
1676838124.16266;P3;MESSAGE ROUTED;[{"Message": "LOOKUP", "Destination": "P1", "Source": "P3", "Path": ["P3"]}]
1676838124.1627927;P3;LOOKUP SENT;{"Peer": "P1", "Relay": "P1"}
1676838125.5113442;P3;LOOKUP RECEIVED;[{"Message": "LOOKUP", "Destination": "P3", "Source": "P2", "Path": ["P2", "P1", "P3"]}]
1676838125.7500768;P3;TOPOLOGY UPDATE;{"P1": {"P2": 744, "P3": 467}, "P2": {"P4": 597, "P1": 744}, "P3": {"P4": 1247, "P1": 467}, "P4": {"P2": 597, "P3": 1247}}
1676838126.16431;P3;LOOKUP RECEIVED;[{"Message": "LOOKUP", "Destination": "P3", "Source": "P4", "Path": ["P4", "P3"]}]
1676838126.7472668;P3;TOPOLOGY UPDATE;{"P1": {"P2": 744, "P3": 467}, "P2": {"P4": 597, "P1": 744}, "P3": {"P4": 1247, "P1": 467}, "P4": {"P2": 597, "P3": 1247}}
1676838127.1753962;P3;MEASURED LATENCY;{'P1': 828}
1676838127.7091832;P3;LEAST COST PATH;{"P1": ["P3"], "P2": ["P1"], "P3": [], "P4": ["P3"]}
1676838128.6461918;P3;MEASURED LATENCY;{'P4': 2299}
1676838130.9070947;P3;LOOKUP RECEIVED;[{"Message": "LOOKUP", "Destination": "P3", "Source": "P1", "Path": ["P1", "P3"]}]
1676838131.8147333;P3;LOOKUP RECEIVED;[{"Message": "LOOKUP", "Destination": "P3", "Source": "P4", "Path": ["P4", "P3"]}]
1676838131.8296802;P3;MEASURED LATENCY;{'P1': 90}
1676838132.4794924;P3;LOOKUP RECEIVED;[{"Message": "LOOKUP", "Destination": "P3", "Source": "P2", "Path": ["P2", "P1", "P3"]}]
1676838133.507062;P3;TOPOLOGY UPDATE;{"P1": {"P2": 744, "P3": 467}, "P2": {"P4": 597, "P1": 744}, "P3": {"P4": 1247, "P1": 467}, "P4": {"P2": 597, "P3": 1247}}
1676838135.3031094;P3;MEASURED LATENCY;{'P4': 3563}
1676838136.8394682;P3;MEASURED LATENCY;{'P1': 94}
1676838137.1738214;P3;MESSAGE ROUTED;[{"Message": "LOOKUP", "Destination": "P2", "Source": "P3", "Path": ["P3"]}]
1676838137.1739743;P3;LOOKUP SENT;{"Peer": "P2", "Relay": "P1"}
1676838137.1742866;P3;MESSAGE ROUTED;[{"Message": "LOOKUP", "Destination": "P4", "Source": "P3", "Path": ["P3"]}]
1676838137.174379;P3;LOOKUP SENT;{"Peer": "P4", "Relay": "P4"}
1676838137.1746104;P3;MESSAGE ROUTED;[{"Message": "LOOKUP", "Destination": "P1", "Source": "P3", "Path": ["P3"]}]
1676838137.1746929;P3;LOOKUP SENT;{"Peer": "P1", "Relay": "P1"}
1676838139.4895945;P3;MEASURED LATENCY;{'P4': 2745}
1676838142.2610247;P3;MESSAGE ROUTED;[{"Message": "LOOKUP", "Destination": "P2", "Source": "P3", "Path": ["P3"]}]
1676838142.2615933;P3;LOOKUP SENT;{"Peer": "P2", "Relay": "P1"}
1676838142.2620142;P3;MESSAGE ROUTED;[{"Message": "LOOKUP", "Destination": "P4", "Source": "P3", "Path": ["P3"]}]
1676838142.2624354;P3;LOOKUP SENT;{"Peer": "P4", "Relay": "P4"}
1676838142.2719183;P3;MESSAGE ROUTED;[{"Message": "LOOKUP", "Destination": "P1", "Source": "P3", "Path": ["P3"]}]
1676838142.2726696;P3;LOOKUP SENT;{"Peer": "P1", "Relay": "P1"}
1676838145.2841213;P3;LOOKUP RECEIVED;[{"Message": "LOOKUP", "Destination": "P3", "Source": "P1", "Path": ["P1", "P3"]}]
1676838145.3228033;P3;MEASURED LATENCY;{'P1': 3574}
1676838145.3250492;P3;LOOKUP RECEIVED;[{"Message": "LOOKUP", "Destination": "P3", "Source": "P2", "Path": ["P2", "P1", "P3"]}]
1676838145.5045328;P3;LOOKUP RECEIVED;[{"Message": "LOOKUP", "Destination": "P3", "Source": "P2", "Path": ["P2", "P1", "P3"]}]
1676838145.5358307;P3;LOOKUP RECEIVED;[{"Message": "LOOKUP", "Destination": "P3", "Source": "P4", "Path": ["P4", "P3"]}]
1676838146.848541;P3;MEASURED LATENCY;{'P1': 94}
1676838149.8616326;P3;LOOKUP RECEIVED;[{"Message": "LOOKUP", "Destination": "P3", "Source": "P4", "Path": ["P4", "P3"]}]
1676838151.8687096;P3;MEASURED LATENCY;{'P1': 89}
1676838155.773648;P3;LEAST COST PATH;{"P1": ["P3"], "P2": ["P1"], "P3": [], "P4": ["P3"]}
1676838156.3106363;P3;MESSAGE ROUTED;[{"Message": "LOOKUP", "Destination": "P2", "Source": "P3", "Path": ["P3"]}]
1676838156.3117588;P3;LOOKUP SENT;{"Peer": "P2", "Relay": "P1"}
1676838156.3142457;P3;MESSAGE ROUTED;[{"Message": "LOOKUP", "Destination": "P4", "Source": "P3", "Path": ["P3"]}]
1676838156.3143754;P3;LOOKUP SENT;{"Peer": "P4", "Relay": "P4"}
1676838156.3146935;P3;MESSAGE ROUTED;[{"Message": "LOOKUP", "Destination": "P1", "Source": "P3", "Path": ["P3"]}]
1676838156.3148062;P3;LOOKUP SENT;{"Peer": "P1", "Relay": "P1"}
1676838156.791728;P3;LEAST COST PATH;{"P1": ["P3"], "P2": ["P1"], "P3": [], "P4": ["P3"]}
1676838156.889185;P3;MEASURED LATENCY;{'P1': 103}
1676838157.0636203;P3;LOOKUP RECEIVED;[{"Message": "LOOKUP", "Destination": "P3", "Source": "P1", "Path": ["P1", "P3"]}]
1676838159.8724985;P3;LOOKUP RECEIVED;[{"Message": "LOOKUP", "Destination": "P3", "Source": "P4", "Path": ["P4", "P3"]}]
1676838161.7474756;P3;MEASURED LATENCY;{'P4': 4961}
1676838161.8746307;P3;MEASURED LATENCY;{'P1': 86}
1676838161.8747673;P3;APPLIED LATENCY;{"P1": 86}
1676838163.5140536;P3;LEAST COST PATH;{"P1": ["P3"], "P2": ["P1"], "P3": [], "P4": ["P3"]}
1676838164.0860145;P3;MEASURED LATENCY;{'P4': 2297}
1676838165.0824533;P3;LOOKUP RECEIVED;[{"Message": "LOOKUP", "Destination": "P3", "Source": "P1", "Path": ["P1", "P3"]}]
1676838166.9359672;P3;MEASURED LATENCY;{'P1': 82}
1676838166.9933212;P3;LOOKUP RECEIVED;[{"Message": "LOOKUP", "Destination": "P3", "Source": "P4", "Path": ["P4", "P3"]}]
1676838168.7627516;P3;LOOKUP RECEIVED;[{"Message": "LOOKUP", "Destination": "P3", "Source": "P2", "Path": ["P2", "P4", "P3"]}]
1676838170.7486954;P3;TOPOLOGY UPDATE;{"P1": {"P2": 904, "P3": 467}, "P2": {"P4": 597, "P1": 904}, "P3": {"P4": 1247, "P1": 467}, "P4": {"P2": 597, "P3": 1247}}
1676838170.7559545;P3;MEASURED LATENCY;{'P4': 3902}
1676838170.75618;P3;APPLIED LATENCY;{"P4": 3902}
1676838171.3298335;P3;MESSAGE ROUTED;[{"Message": "LOOKUP", "Destination": "P2", "Source": "P3", "Path": ["P3"]}]
1676838171.3303297;P3;LOOKUP SENT;{"Peer": "P2", "Relay": "P1"}
1676838171.33073;P3;MESSAGE ROUTED;[{"Message": "LOOKUP", "Destination": "P4", "Source": "P3", "Path": ["P3"]}]
1676838171.3308709;P3;LOOKUP SENT;{"Peer": "P4", "Relay": "P4"}
1676838171.3316252;P3;MESSAGE ROUTED;[{"Message": "LOOKUP", "Destination": "P1", "Source": "P3", "Path": ["P3"]}]
1676838171.3318946;P3;LOOKUP SENT;{"Peer": "P1", "Relay": "P1"}
1676838172.5388567;P3;MEASURED LATENCY;{'P1': 682}
1676838173.0940037;P3;TOPOLOGY UPDATE;{"P1": {"P2": 904, "P3": 467}, "P2": {"P4": 597, "P1": 904}, "P3": {"P4": 1247, "P1": 467}, "P4": {"P2": 597, "P3": 1247}}
1676838174.0934691;P3;LOOKUP RECEIVED;[{"Message": "LOOKUP", "Destination": "P3", "Source": "P1", "Path": ["P1", "P3"]}]
1676838174.3037937;P3;MEASURED LATENCY;{'P4': 2447}
1676838176.9405918;P3;MEASURED LATENCY;{'P1': 80}
1676838178.9343834;P3;LOOKUP RECEIVED;[{"Message": "LOOKUP", "Destination": "P3", "Source": "P2", "Path": ["P2", "P4", "P3"]}]
1676838179.2179573;P3;LOOKUP RECEIVED;[{"Message": "LOOKUP", "Destination": "P3", "Source": "P1", "Path": ["P1", "P3"]}]
1676838179.3393111;P3;MESSAGE ROUTED;[{"Message": "LOOKUP", "Destination": "P2", "Source": "P3", "Path": ["P3"]}]
1676838179.3401573;P3;LOOKUP SENT;{"Peer": "P2", "Relay": "P1"}
1676838179.342956;P3;MESSAGE ROUTED;[{"Message": "LOOKUP", "Destination": "P4", "Source": "P3", "Path": ["P3"]}]
1676838179.3431091;P3;LOOKUP SENT;{"Peer": "P4", "Relay": "P4"}
1676838179.344649;P3;MESSAGE ROUTED;[{"Message": "LOOKUP", "Destination": "P1", "Source": "P3", "Path": ["P3"]}]
1676838179.3447783;P3;LOOKUP SENT;{"Peer": "P1", "Relay": "P1"}
1676838180.0275154;P3;MEASURED LATENCY;{'P4': 3166}
1676838180.0664158;P3;LOOKUP RECEIVED;[{"Message": "LOOKUP", "Destination": "P3", "Source": "P4", "Path": ["P4", "P3"]}]
1676838181.9703915;P3;MEASURED LATENCY;{'P1': 104}
1676838185.778852;P3;TOPOLOGY UPDATE;{"P1": {"P2": 904, "P3": 546}, "P2": {"P4": 260, "P1": 904}, "P3": {"P4": 1247, "P1": 546}, "P4": {"P2": 260, "P3": 1247}}
1676838186.4311345;P3;LOOKUP RECEIVED;[{"Message": "LOOKUP", "Destination": "P3", "Source": "P4", "Path": ["P4", "P3"]}]
1676838186.9565132;P3;MEASURED LATENCY;{'P1': 82}
1676838188.2154145;P3;LOOKUP RECEIVED;[{"Message": "LOOKUP", "Destination": "P3", "Source": "P1", "Path": ["P1", "P3"]}]
1676838190.3539116;P3;MESSAGE ROUTED;[{"Message": "LOOKUP", "Destination": "P2", "Source": "P3", "Path": ["P3"]}]
1676838190.354108;P3;LOOKUP SENT;{"Peer": "P2", "Relay": "P1"}
1676838190.354444;P3;MESSAGE ROUTED;[{"Message": "LOOKUP", "Destination": "P4", "Source": "P3", "Path": ["P3"]}]
1676838190.354526;P3;LOOKUP SENT;{"Peer": "P4", "Relay": "P4"}
1676838190.354788;P3;MESSAGE ROUTED;[{"Message": "LOOKUP", "Destination": "P1", "Source": "P3", "Path": ["P3"]}]
1676838190.354854;P3;LOOKUP SENT;{"Peer": "P1", "Relay": "P1"}
1676838192.9015381;P3;MEASURED LATENCY;{'P1': 1021}
1676838193.4676588;P3;LOOKUP RECEIVED;[{"Message": "LOOKUP", "Destination": "P3", "Source": "P4", "Path": ["P4", "P3"]}]
1676838193.5822186;P3;TOPOLOGY UPDATE;{"P1": {"P2": 904, "P3": 546}, "P2": {"P4": 260, "P1": 904}, "P3": {"P4": 2277, "P1": 546}, "P4": {"P2": 260, "P3": 2277}}
1676838196.9867702;P3;MEASURED LATENCY;{'P1': 101}
1676838197.0761821;P3;MEASURED LATENCY;{'P4': 190}
1676838198.3649225;P3;MESSAGE ROUTED;[{"Message": "LOOKUP", "Destination": "P2", "Source": "P3", "Path": ["P3"]}]
1676838198.3664439;P3;LOOKUP SENT;{"Peer": "P2", "Relay": "P1"}
1676838198.366921;P3;MESSAGE ROUTED;[{"Message": "LOOKUP", "Destination": "P4", "Source": "P3", "Path": ["P3"]}]
1676838198.3670378;P3;LOOKUP SENT;{"Peer": "P4", "Relay": "P4"}
1676838198.3674705;P3;MESSAGE ROUTED;[{"Message": "LOOKUP", "Destination": "P1", "Source": "P3", "Path": ["P3"]}]
1676838198.3675802;P3;LOOKUP SENT;{"Peer": "P1", "Relay": "P1"}
1676838198.3862112;P3;LOOKUP RECEIVED;[{"Message": "LOOKUP", "Destination": "P3", "Source": "P4", "Path": ["P4", "P3"]}]
1676838200.7606547;P3;LEAST COST PATH;{"P1": ["P3"], "P2": ["P1"], "P3": [], "P4": ["P3"]}
1676838200.9060526;P3;LOOKUP RECEIVED;[{"Message": "LOOKUP", "Destination": "P3", "Source": "P2", "Path": ["P2", "P4", "P3"]}]
1676838201.8979657;P3;TOPOLOGY UPDATE;{"P1": {"P2": 904, "P3": 546}, "P2": {"P4": 260, "P1": 904}, "P3": {"P4": 2277, "P1": 546}, "P4": {"P2": 260, "P3": 2277}}
1676838202.0107718;P3;MEASURED LATENCY;{'P1': 118}
1676838202.2560353;P3;LOOKUP RECEIVED;[{"Message": "LOOKUP", "Destination": "P3", "Source": "P1", "Path": ["P1", "P3"]}]
1676838203.1131985;P3;LEAST COST PATH;{"P1": ["P3"], "P2": ["P1"], "P3": [], "P4": ["P3"]}
1676838204.4207466;P3;LOOKUP RECEIVED;[{"Message": "LOOKUP", "Destination": "P3", "Source": "P4", "Path": ["P4", "P3"]}]
1676838205.6440501;P3;MEASURED LATENCY;{'P4': 3751}
1676838206.9983969;P3;MEASURED LATENCY;{'P1': 99}
1676838211.008689;P3;MEASURED LATENCY;{'P4': 4110}
1676838211.378177;P3;MESSAGE ROUTED;[{"Message": "LOOKUP", "Destination": "P2", "Source": "P3", "Path": ["P3"]}]
1676838211.3783765;P3;LOOKUP SENT;{"Peer": "P2", "Relay": "P1"}
1676838211.378732;P3;MESSAGE ROUTED;[{"Message": "LOOKUP", "Destination": "P4", "Source": "P3", "Path": ["P3"]}]
1676838211.3788548;P3;LOOKUP SENT;{"Peer": "P4", "Relay": "P4"}
1676838211.3792794;P3;MESSAGE ROUTED;[{"Message": "LOOKUP", "Destination": "P1", "Source": "P3", "Path": ["P3"]}]
1676838211.3793874;P3;LOOKUP SENT;{"Peer": "P1", "Relay": "P1"}
1676838214.0118368;P3;LOOKUP RECEIVED;[{"Message": "LOOKUP", "Destination": "P3", "Source": "P2", "Path": ["P2", "P4", "P3"]}]
1676838214.525867;P3;MEASURED LATENCY;{'P4': 2495}
1676838215.2959933;P3;MEASURED LATENCY;{'P1': 3265}
1676838215.2984543;P3;APPLIED LATENCY;{"P1": 3265}
1676838215.3090742;P3;LOOKUP RECEIVED;[{"Message": "LOOKUP", "Destination": "P3", "Source": "P1", "Path": ["P1", "P3"]}]
1676838215.7811594;P3;LEAST COST PATH;{"P1": ["P3"], "P2": ["P1"], "P3": [], "P4": ["P3"]}
1676838215.8261433;P3;TOPOLOGY UPDATE;{"P1": {"P2": 467, "P3": 546}, "P2": {"P4": 260, "P1": 467}, "P3": {"P4": 2277, "P1": 546}, "P4": {"P2": 260, "P3": 2277}}
1676838217.1974962;P3;TOPOLOGY UPDATE;{"P1": {"P2": 467, "P3": 546}, "P2": {"P4": 260, "P1": 467}, "P3": {"P4": 2277, "P1": 546}, "P4": {"P2": 260, "P3": 2277}}
1676838217.3864717;P3;MESSAGE ROUTED;[{"Message": "LOOKUP", "Destination": "P2", "Source": "P3", "Path": ["P3"]}]
1676838217.3867922;P3;LOOKUP SENT;{"Peer": "P2", "Relay": "P1"}
1676838217.3872437;P3;MESSAGE ROUTED;[{"Message": "LOOKUP", "Destination": "P4", "Source": "P3", "Path": ["P3"]}]
1676838217.3873684;P3;LOOKUP SENT;{"Peer": "P4", "Relay": "P4"}
1676838217.3878562;P3;MESSAGE ROUTED;[{"Message": "LOOKUP", "Destination": "P1", "Source": "P3", "Path": ["P3"]}]
1676838217.3879917;P3;LOOKUP SENT;{"Peer": "P1", "Relay": "P1"}
1676838217.6264963;P3;MEASURED LATENCY;{'P1': 589}
1676838217.830606;P3;MEASURED LATENCY;{'P4': 794}
1676838218.0461748;P3;LOOKUP RECEIVED;[{"Message": "LOOKUP", "Destination": "P3", "Source": "P4", "Path": ["P4", "P3"]}]
1676838221.8290772;P3;LOOKUP RECEIVED;[{"Message": "LOOKUP", "Destination": "P3", "Source": "P1", "Path": ["P1", "P3"]}]
1676838222.1330764;P3;MEASURED LATENCY;{'P1': 92}
1676838222.9732676;P3;MEASURED LATENCY;{'P4': 932}
1676838223.584019;P3;LEAST COST PATH;{"P1": ["P3"], "P2": ["P1"], "P3": [], "P4": ["P3", "P2"]}
1676838224.3937414;P3;MESSAGE ROUTED;[{"Message": "LOOKUP", "Destination": "P2", "Source": "P3", "Path": ["P3"]}]
1676838224.3946579;P3;LOOKUP SENT;{"Peer": "P2", "Relay": "P1"}
1676838224.3950462;P3;MESSAGE ROUTED;[{"Message": "LOOKUP", "Destination": "P4", "Source": "P3", "Path": ["P3"]}]
1676838224.395161;P3;LOOKUP SENT;{"Peer": "P4", "Relay": "P4"}
1676838224.3956308;P3;MESSAGE ROUTED;[{"Message": "LOOKUP", "Destination": "P1", "Source": "P3", "Path": ["P3"]}]
1676838224.3957498;P3;LOOKUP SENT;{"Peer": "P1", "Relay": "P1"}
1676838227.1419394;P3;MEASURED LATENCY;{'P1': 86}
1676838227.1694818;P3;MEASURED LATENCY;{'P4': 113}
1676838230.8277397;P3;TOPOLOGY UPDATE;{"P1": {"P2": 467, "P3": 342}, "P2": {"P4": 522, "P1": 467}, "P3": {"P4": 2277, "P1": 342}, "P4": {"P2": 522, "P3": 2277}}
1676838231.3300612;P3;LOOKUP RECEIVED;[{"Message": "LOOKUP", "Destination": "P3", "Source": "P1", "Path": ["P1", "P3"]}]
1676838231.902757;P3;LEAST COST PATH;{"P1": ["P3"], "P2": ["P1"], "P3": [], "P4": ["P3", "P2"]}
1676838232.1412385;P3;MEASURED LATENCY;{'P1': 79}
1676838232.3047159;P3;LOOKUP RECEIVED;[{"Message": "LOOKUP", "Destination": "P3", "Source": "P4", "Path": ["P4", "P3"]}]
1676838232.6129036;P3;MEASURED LATENCY;{'P4': 551}
1676838232.613378;P3;APPLIED LATENCY;{"P4": 551}
1676838232.8467898;P3;LOOKUP RECEIVED;[{"Message": "LOOKUP", "Destination": "P3", "Source": "P2", "Path": ["P2", "P4", "P3"]}]
1676838235.4068875;P3;MESSAGE ROUTED;[{"Message": "LOOKUP", "Destination": "P2", "Source": "P3", "Path": ["P3"]}]
1676838235.4073565;P3;LOOKUP SENT;{"Peer": "P2", "Relay": "P1"}
1676838235.407926;P3;MESSAGE ROUTED;[{"Message": "LOOKUP", "Destination": "P4", "Source": "P3", "Path": ["P3"]}]
1676838235.4080515;P3;LOOKUP SENT;{"Peer": "P4", "Relay": "P4"}
1676838235.4084785;P3;MESSAGE ROUTED;[{"Message": "LOOKUP", "Destination": "P1", "Source": "P3", "Path": ["P3"]}]
1676838235.408699;P3;LOOKUP SENT;{"Peer": "P1", "Relay": "P1"}
1676838237.9698727;P3;LOOKUP RECEIVED;[{"Message": "LOOKUP", "Destination": "P3", "Source": "P4", "Path": ["P4", "P3"]}]
1676838237.9712613;P3;MEASURED LATENCY;{'P4': 905}
1676838238.6263354;P3;TOPOLOGY UPDATE;{"P1": {"P2": 467, "P3": 342}, "P2": {"P4": 522, "P1": 467}, "P3": {"P4": 1625, "P1": 342}, "P4": {"P2": 522, "P3": 1625}}
1676838239.05983;P3;MEASURED LATENCY;{'P1': 1994}
1676838240.8609147;P3;LOOKUP RECEIVED;[{"Message": "LOOKUP", "Destination": "P3", "Source": "P2", "Path": ["P2", "P4", "P3"]}]
1676838241.331404;P3;LOOKUP RECEIVED;[{"Message": "LOOKUP", "Destination": "P3", "Source": "P1", "Path": ["P1", "P3"]}]
1676838242.153616;P3;MEASURED LATENCY;{'P1': 85}
1676838243.2407126;P3;MEASURED LATENCY;{'P4': 1172}
1676838245.89726;P3;LEAST COST PATH;{"P1": ["P3"], "P2": ["P1"], "P3": [], "P4": ["P3", "P2"]}
1676838246.96585;P3;TOPOLOGY UPDATE;{"P1": {"P2": 467, "P3": 342}, "P2": {"P4": 522, "P1": 467}, "P3": {"P4": 1625, "P1": 342}, "P4": {"P2": 522, "P3": 1625}}
1676838247.209847;P3;LEAST COST PATH;{"P1": ["P3"], "P2": ["P1"], "P3": [], "P4": ["P3", "P2"]}
1676838247.4186552;P3;MESSAGE ROUTED;[{"Message": "LOOKUP", "Destination": "P2", "Source": "P3", "Path": ["P3"]}]
1676838247.4191537;P3;LOOKUP SENT;{"Peer": "P2", "Relay": "P1"}
1676838247.419789;P3;MESSAGE ROUTED;[{"Message": "LOOKUP", "Destination": "P4", "Source": "P3", "Path": ["P3"]}]
1676838247.4202476;P3;LOOKUP SENT;{"Peer": "P4", "Relay": "P4"}
1676838247.4217772;P3;MESSAGE ROUTED;[{"Message": "LOOKUP", "Destination": "P1", "Source": "P3", "Path": ["P3"]}]
1676838247.42265;P3;LOOKUP SENT;{"Peer": "P1", "Relay": "P1"}
1676838247.6508818;P3;MEASURED LATENCY;{'P1': 578}
1676838248.2313635;P3;MEASURED LATENCY;{'P4': 1158}
1676838250.111856;P3;LOOKUP RECEIVED;[{"Message": "LOOKUP", "Destination": "P3", "Source": "P4", "Path": ["P4", "P3"]}]
1676838251.3474293;P3;LOOKUP RECEIVED;[{"Message": "LOOKUP", "Destination": "P3", "Source": "P1", "Path": ["P1", "P3"]}]
1676838252.9406106;P3;MEASURED LATENCY;{'P4': 864}
1676838254.047919;P3;MEASURED LATENCY;{'P1': 1971}
1676838256.3201742;P3;LOOKUP RECEIVED;[{"Message": "LOOKUP", "Destination": "P3", "Source": "P2", "Path": ["P2", "P4", "P3"]}]
1676838257.7595582;P3;LOOKUP RECEIVED;[{"Message": "LOOKUP", "Destination": "P3", "Source": "P4", "Path": ["P4", "P3"]}]
1676838258.3611767;P3;MEASURED LATENCY;{'P1': 1280}
1676838258.3639836;P3;LOOKUP RECEIVED;[{"Message": "LOOKUP", "Destination": "P3", "Source": "P1", "Path": ["P1", "P3"]}]
1676838258.434916;P3;MESSAGE ROUTED;[{"Message": "LOOKUP", "Destination": "P2", "Source": "P3", "Path": ["P3"]}]
1676838258.435322;P3;LOOKUP SENT;{"Peer": "P2", "Relay": "P1"}
1676838258.4358413;P3;MESSAGE ROUTED;[{"Message": "LOOKUP", "Destination": "P4", "Source": "P3", "Path": ["P3"]}]
1676838258.435987;P3;LOOKUP SENT;{"Peer": "P4", "Relay": "P4"}
1676838258.436519;P3;MESSAGE ROUTED;[{"Message": "LOOKUP", "Destination": "P1", "Source": "P3", "Path": ["P3"]}]
1676838258.4366188;P3;LOOKUP SENT;{"Peer": "P1", "Relay": "P1"}
1676838260.8357422;P3;LEAST COST PATH;{"P1": ["P3"], "P2": ["P1"], "P3": [], "P4": ["P3", "P2"]}
1676838261.9357347;P3;TOPOLOGY UPDATE;{"P1": {"P2": 467, "P3": 342}, "P2": {"P4": 522, "P1": 467}, "P3": {"P4": 1625, "P1": 342}, "P4": {"P2": 522, "P3": 1625}}
1676838262.1908007;P3;MEASURED LATENCY;{'P1': 106}
1676838262.1909535;P3;APPLIED LATENCY;{"P1": 106}
1676838262.755673;P3;MEASURED LATENCY;{'P4': 671}
1676838264.3658798;P3;LOOKUP RECEIVED;[{"Message": "LOOKUP", "Destination": "P3", "Source": "P1", "Path": ["P1", "P3"]}]
1676838265.010135;P3;LOOKUP RECEIVED;[{"Message": "LOOKUP", "Destination": "P3", "Source": "P4", "Path": ["P4", "P3"]}]
1676838267.2008889;P3;MEASURED LATENCY;{'P1': 111}
1676838268.000349;P3;MEASURED LATENCY;{'P4': 910}
1676838268.44582;P3;MESSAGE ROUTED;[{"Message": "LOOKUP", "Destination": "P2", "Source": "P3", "Path": ["P3"]}]
1676838268.4459517;P3;LOOKUP SENT;{"Peer": "P2", "Relay": "P1"}
1676838268.44628;P3;MESSAGE ROUTED;[{"Message": "LOOKUP", "Destination": "P4", "Source": "P3", "Path": ["P3"]}]
1676838268.4463532;P3;LOOKUP SENT;{"Peer": "P4", "Relay": "P4"}
1676838268.446617;P3;MESSAGE ROUTED;[{"Message": "LOOKUP", "Destination": "P1", "Source": "P3", "Path": ["P3"]}]
1676838268.446688;P3;LOOKUP SENT;{"Peer": "P1", "Relay": "P1"}
1676838268.6277654;P3;LEAST COST PATH;{"P1": ["P3"], "P2": ["P1"], "P3": [], "P4": ["P3", "P2"]}
1676838269.0003848;P3;LOOKUP RECEIVED;[{"Message": "LOOKUP", "Destination": "P3", "Source": "P2", "Path": ["P2", "P4", "P3"]}]
1676838272.1982107;P3;MEASURED LATENCY;{'P1': 89}
1676838272.3544524;P3;MEASURED LATENCY;{'P4': 245}
1676838273.1384616;P3;LOOKUP RECEIVED;[{"Message": "LOOKUP", "Destination": "P3", "Source": "P4", "Path": ["P4", "P3"]}]
1676838273.5599618;P3;MESSAGE ROUTED;[{"Message": "LOOKUP", "Destination": "P2", "Source": "P3", "Path": ["P3"]}]
1676838273.560129;P3;LOOKUP SENT;{"Peer": "P2", "Relay": "P1"}
1676838273.5603836;P3;MESSAGE ROUTED;[{"Message": "LOOKUP", "Destination": "P4", "Source": "P3", "Path": ["P3"]}]
1676838273.5604558;P3;LOOKUP SENT;{"Peer": "P4", "Relay": "P4"}
1676838273.5666432;P3;MESSAGE ROUTED;[{"Message": "LOOKUP", "Destination": "P1", "Source": "P3", "Path": ["P3"]}]
1676838273.5670185;P3;LOOKUP SENT;{"Peer": "P1", "Relay": "P1"}
1676838275.7045197;P3;LOOKUP RECEIVED;[{"Message": "LOOKUP", "Destination": "P3", "Source": "P1", "Path": ["P1", "P3"]}]
1676838275.8780057;P3;TOPOLOGY UPDATE;{"P1": {"P2": 1004, "P3": 550}, "P2": {"P4": 360, "P1": 1004}, "P3": {"P4": 1625, "P1": 550}, "P4": {"P2": 360, "P3": 1625}}
1676838276.9675357;P3;LEAST COST PATH;{"P1": ["P3"], "P2": ["P1"], "P3": [], "P4": ["P3", "P2"]}
1676838277.7063134;P3;MEASURED LATENCY;{'P1': 585}
1676838278.2907252;P3;LOOKUP RECEIVED;[{"Message": "LOOKUP", "Destination": "P3", "Source": "P2", "Path": ["P2", "P4", "P3"]}]
1676838280.3884747;P3;LOOKUP RECEIVED;[{"Message": "LOOKUP", "Destination": "P3", "Source": "P1", "Path": ["P1", "P3"]}]
1676838281.7639763;P3;LOOKUP RECEIVED;[{"Message": "LOOKUP", "Destination": "P3", "Source": "P4", "Path": ["P4", "P3"]}]
1676838282.2200935;P3;MEASURED LATENCY;{'P1': 95}
1676838282.5781093;P3;MESSAGE ROUTED;[{"Message": "LOOKUP", "Destination": "P2", "Source": "P3", "Path": ["P3"]}]
1676838282.578284;P3;LOOKUP SENT;{"Peer": "P2", "Relay": "P1"}
1676838282.5790553;P3;MESSAGE ROUTED;[{"Message": "LOOKUP", "Destination": "P4", "Source": "P3", "Path": ["P3"]}]
1676838282.5791578;P3;LOOKUP SENT;{"Peer": "P4", "Relay": "P4"}
1676838282.579669;P3;MESSAGE ROUTED;[{"Message": "LOOKUP", "Destination": "P1", "Source": "P3", "Path": ["P3"]}]
1676838282.5797415;P3;LOOKUP SENT;{"Peer": "P1", "Relay": "P1"}
1676838283.698714;P3;TOPOLOGY UPDATE;{"P1": {"P2": 1004, "P3": 550}, "P2": {"P4": 360, "P1": 1004}, "P3": {"P4": 1625, "P1": 550}, "P4": {"P2": 360, "P3": 1625}}
1676838287.2340662;P3;MEASURED LATENCY;{'P1': 105}
1676838287.6385758;P3;MEASURED LATENCY;{'P4': 510}
1676838288.5862467;P3;MESSAGE ROUTED;[{"Message": "LOOKUP", "Destination": "P2", "Source": "P3", "Path": ["P3"]}]
1676838288.5863562;P3;LOOKUP SENT;{"Peer": "P2", "Relay": "P1"}
1676838288.5866032;P3;MESSAGE ROUTED;[{"Message": "LOOKUP", "Destination": "P4", "Source": "P3", "Path": ["P3"]}]
1676838288.586695;P3;LOOKUP SENT;{"Peer": "P4", "Relay": "P4"}
1676838288.5875256;P3;MESSAGE ROUTED;[{"Message": "LOOKUP", "Destination": "P1", "Source": "P3", "Path": ["P3"]}]
1676838288.5879774;P3;LOOKUP SENT;{"Peer": "P1", "Relay": "P1"}
1676838291.9500196;P3;LEAST COST PATH;{"P1": ["P3"], "P2": ["P1"], "P3": [], "P4": ["P3", "P2"]}
1676838292.173703;P3;LOOKUP RECEIVED;[{"Message": "LOOKUP", "Destination": "P3", "Source": "P4", "Path": ["P4", "P3"]}]
1676838292.2406886;P3;MEASURED LATENCY;{'P1': 102}
1676838292.389977;P3;MEASURED LATENCY;{'P4': 251}
1676838293.40513;P3;LOOKUP RECEIVED;[{"Message": "LOOKUP", "Destination": "P3", "Source": "P1", "Path": ["P1", "P3"]}]
1676838297.1374662;P3;LOOKUP RECEIVED;[{"Message": "LOOKUP", "Destination": "P3", "Source": "P2", "Path": ["P2", "P4", "P3"]}]
1676838298.190417;P3;MEASURED LATENCY;{'P4': 1048}
1676838298.190555;P3;APPLIED LATENCY;{"P4": 1048}
1676838298.6341643;P3;MESSAGE ROUTED;[{"Message": "LOOKUP", "Destination": "P2", "Source": "P3", "Path": ["P3"]}]
1676838298.634559;P3;LOOKUP SENT;{"Peer": "P2", "Relay": "P1"}
1676838298.63593;P3;MESSAGE ROUTED;[{"Message": "LOOKUP", "Destination": "P4", "Source": "P3", "Path": ["P3"]}]
1676838298.636162;P3;LOOKUP SENT;{"Peer": "P4", "Relay": "P4"}
1676838298.6371033;P3;MESSAGE ROUTED;[{"Message": "LOOKUP", "Destination": "P1", "Source": "P3", "Path": ["P3"]}]
1676838298.637262;P3;LOOKUP SENT;{"Peer": "P1", "Relay": "P1"}
1676838299.1563175;P3;MEASURED LATENCY;{'P1': 2014}
1676838299.4201365;P3;LOOKUP RECEIVED;[{"Message": "LOOKUP", "Destination": "P3", "Source": "P1", "Path": ["P1", "P3"]}]
1676838301.6920378;P3;LOOKUP RECEIVED;[{"Message": "LOOKUP", "Destination": "P3", "Source": "P2", "Path": ["P2", "P4", "P3"]}]
1676838302.2587245;P3;MEASURED LATENCY;{'P1': 114}
1676838303.2082617;P3;PEER EXITED;
