1676223139.8793232;P5;PEER ENTERED;
1676223145.322191;P5;TOPOLOGY UPDATE;{"P1": {"P5": 100, "P2": 100, "P3": 100, "P4": 100}, "P2": {"P1": 100}, "P3": {"P1": 100}, "P4": {"P1": 100}, "P5": {"P1": 100}}
1676223149.6190403;P5;TOPOLOGY UPDATE;{"P1": {"P5": 100, "P2": 100, "P3": 100, "P4": 100}, "P2": {"P1": 100}, "P3": {"P1": 100}, "P4": {"P1": 100}, "P5": {"P1": 100}}
1676223152.588673;P5;TOPOLOGY UPDATE;{"P1": {"P5": 100, "P2": 100, "P3": 100, "P4": 100}, "P2": {"P1": 100}, "P3": {"P1": 100}, "P4": {"P1": 100}, "P5": {"P1": 100}}
1676223175.3237088;P5;LEAST COST PATH;{"P1": ["P5"], "P2": ["P1"], "P3": ["P1"], "P4": ["P1"], "P5": []}
1676223179.6199229;P5;LEAST COST PATH;{"P1": ["P5"], "P2": ["P1"], "P3": ["P1"], "P4": ["P1"], "P5": []}
1676223182.5901313;P5;LEAST COST PATH;{"P1": ["P5"], "P2": ["P1"], "P3": ["P1"], "P4": ["P1"], "P5": []}
1676223184.5700624;P5;TOPOLOGY UPDATE;{"P1": {"P5": 100, "P2": 100, "P3": 100, "P4": 100}, "P2": {"P1": 100}, "P3": {"P1": 100}, "P4": {"P1": 100}, "P5": {"P1": 100}}
1676223200.0975752;P5;NODE FAILURE;set()
1676223200.097751;P5;TOPOLOGY UPDATE;{"P1": {"P2": 383, "P3": 470, "P4": 1280, "P5": 100}, "P2": {"P1": 383}, "P3": {"P1": 470}, "P4": {"P1": 1280}, "P5": {"P1": 100}}
1676223204.6664352;P5;NODE FAILURE;set()
1676223204.666684;P5;TOPOLOGY UPDATE;{"P1": {"P2": 383, "P3": 470, "P4": 1280, "P5": 100}, "P2": {"P1": 383}, "P3": {"P1": 470}, "P4": {"P1": 1280}, "P5": {"P1": 100}}
1676223209.5916288;P5;NODE FAILURE;set()
1676223209.5918367;P5;TOPOLOGY UPDATE;{"P1": {"P2": 383, "P3": 470, "P4": 1280, "P5": 1391}, "P2": {"P1": 383}, "P3": {"P1": 470}, "P4": {"P1": 1280}, "P5": {"P1": 1391}}
1676223214.571068;P5;LEAST COST PATH;{"P1": ["P5"], "P2": ["P1"], "P3": ["P1"], "P4": ["P1"], "P5": []}
1676223215.1153507;P5;NODE FAILURE;set()
1676223215.1156075;P5;TOPOLOGY UPDATE;{"P1": {"P2": 383, "P3": 470, "P4": 1280, "P5": 1391}, "P2": {"P1": 383}, "P3": {"P1": 470}, "P4": {"P1": 1280}, "P5": {"P1": 1391}}
1676223222.0420735;P5;NODE FAILURE;set()
1676223222.042328;P5;TOPOLOGY UPDATE;{"P1": {"P2": 383, "P3": 470, "P4": 1280, "P5": 1391}, "P2": {"P1": 383}, "P3": {"P1": 470}, "P4": {"P1": 1280}, "P5": {"P1": 1391}}
1676223230.0989976;P5;LEAST COST PATH;{"P1": ["P5"], "P2": ["P1"], "P3": ["P1"], "P4": ["P1"], "P5": []}
1676223234.6677785;P5;LEAST COST PATH;{"P1": ["P5"], "P2": ["P1"], "P3": ["P1"], "P4": ["P1"], "P5": []}
1676223239.5937417;P5;LEAST COST PATH;{"P1": ["P5"], "P2": ["P1"], "P3": ["P1"], "P4": ["P1"], "P5": []}
1676223245.1170542;P5;LEAST COST PATH;{"P1": ["P5"], "P2": ["P1"], "P3": ["P1"], "P4": ["P1"], "P5": []}
1676223245.141265;P5;NODE FAILURE;set()
1676223245.141511;P5;TOPOLOGY UPDATE;{"P1": {"P2": 451, "P3": 470, "P4": 1280, "P5": 1391}, "P2": {"P1": 451}, "P3": {"P1": 470}, "P4": {"P1": 1280}, "P5": {"P1": 1391}}
1676223249.7150743;P5;NODE FAILURE;set()
1676223249.715243;P5;TOPOLOGY UPDATE;{"P1": {"P2": 451, "P3": 470, "P4": 1280, "P5": 1391}, "P2": {"P1": 451}, "P3": {"P1": 470}, "P4": {"P1": 1280}, "P5": {"P1": 1391}}
1676223252.0448596;P5;LEAST COST PATH;{"P1": ["P5"], "P2": ["P1"], "P3": ["P1"], "P4": ["P1"], "P5": []}
1676223260.1485326;P5;NODE FAILURE;set()
1676223260.148863;P5;TOPOLOGY UPDATE;{"P1": {"P2": 451, "P3": 531, "P4": 1106, "P5": 1391}, "P2": {"P1": 451}, "P3": {"P1": 531}, "P4": {"P1": 1106}, "P5": {"P1": 1391}}
1676223269.6727452;P5;NODE FAILURE;set()
1676223269.6729996;P5;TOPOLOGY UPDATE;{"P1": {"P2": 451, "P3": 531, "P4": 1106, "P5": 1391}, "P2": {"P1": 451}, "P3": {"P1": 531}, "P4": {"P1": 1106}, "P5": {"P1": 1391}}
1676223275.1425529;P5;LEAST COST PATH;{"P1": ["P5"], "P2": ["P1"], "P3": ["P1"], "P4": ["P1"], "P5": []}
1676223279.7172382;P5;LEAST COST PATH;{"P1": ["P5"], "P2": ["P1"], "P3": ["P1"], "P4": ["P1"], "P5": []}
1676223282.1456149;P5;NODE FAILURE;set()
1676223282.1458635;P5;TOPOLOGY UPDATE;{"P1": {"P2": 451, "P3": 531, "P4": 1106, "P5": 1095}, "P2": {"P1": 451}, "P3": {"P1": 531}, "P4": {"P1": 1106}, "P5": {"P1": 1095}}
1676223290.150766;P5;LEAST COST PATH;{"P1": ["P5"], "P2": ["P1"], "P3": ["P1"], "P4": ["P1"], "P5": []}
1676223290.1779845;P5;NODE FAILURE;set()
1676223290.1782637;P5;TOPOLOGY UPDATE;{"P1": {"P2": 451, "P3": 531, "P4": 1106, "P5": 1095}, "P2": {"P1": 451}, "P3": {"P1": 531}, "P4": {"P1": 1106}, "P5": {"P1": 1095}}
1676223299.6741686;P5;LEAST COST PATH;{"P1": ["P5"], "P2": ["P1"], "P3": ["P1"], "P4": ["P1"], "P5": []}
1676223305.1896167;P5;NODE FAILURE;set()
1676223305.1899085;P5;TOPOLOGY UPDATE;{"P1": {"P2": 413, "P3": 531, "P4": 740, "P5": 1095}, "P2": {"P1": 413}, "P3": {"P1": 531}, "P4": {"P1": 740}, "P5": {"P1": 1095}}
1676223309.7651842;P5;NODE FAILURE;set()
1676223309.7657127;P5;TOPOLOGY UPDATE;{"P1": {"P2": 413, "P3": 531, "P4": 740, "P5": 1095}, "P2": {"P1": 413}, "P3": {"P1": 531}, "P4": {"P1": 740}, "P5": {"P1": 1095}}
1676223312.1502242;P5;LEAST COST PATH;{"P1": ["P5"], "P2": ["P1"], "P3": ["P1"], "P4": ["P1"], "P5": []}
1676223314.7461383;P5;NODE FAILURE;set()
1676223314.7463086;P5;TOPOLOGY UPDATE;{"P1": {"P2": 413, "P3": 475, "P4": 740, "P5": 1095}, "P2": {"P1": 413}, "P3": {"P1": 475}, "P4": {"P1": 740}, "P5": {"P1": 1095}}
1676223320.180555;P5;LEAST COST PATH;{"P1": ["P5"], "P2": ["P1"], "P3": ["P1"], "P4": ["P1"], "P5": []}
1676223320.2021418;P5;NODE FAILURE;set()
1676223320.202358;P5;TOPOLOGY UPDATE;{"P1": {"P2": 413, "P3": 475, "P4": 740, "P5": 1095}, "P2": {"P1": 413}, "P3": {"P1": 475}, "P4": {"P1": 740}, "P5": {"P1": 1095}}
1676223335.1907973;P5;LEAST COST PATH;{"P1": ["P5"], "P2": ["P1"], "P3": ["P1"], "P4": ["P1"], "P5": []}
1676223339.7672725;P5;LEAST COST PATH;{"P1": ["P5"], "P2": ["P1"], "P3": ["P1"], "P4": ["P1"], "P5": []}
1676223344.7471397;P5;LEAST COST PATH;{"P1": ["P5"], "P2": ["P1"], "P3": ["P1"], "P4": ["P1"], "P5": []}
1676223350.2037356;P5;LEAST COST PATH;{"P1": ["P5"], "P2": ["P1"], "P3": ["P1"], "P4": ["P1"], "P5": []}
1676223350.2392907;P5;NODE FAILURE;set()
1676223350.2395415;P5;TOPOLOGY UPDATE;{"P1": {"P2": 113, "P3": 475, "P4": 785, "P5": 1279}, "P2": {"P1": 113}, "P3": {"P1": 475}, "P4": {"P1": 785}, "P5": {"P1": 1279}}
1676223354.786453;P5;NODE FAILURE;set()
1676223354.7867076;P5;TOPOLOGY UPDATE;{"P1": {"P2": 113, "P3": 475, "P4": 785, "P5": 1279}, "P2": {"P1": 113}, "P3": {"P1": 475}, "P4": {"P1": 785}, "P5": {"P1": 1279}}
1676223359.691244;P5;NODE FAILURE;set()
1676223359.6914985;P5;TOPOLOGY UPDATE;{"P1": {"P2": 113, "P3": 475, "P4": 785, "P5": 1279}, "P2": {"P1": 113}, "P3": {"P1": 475}, "P4": {"P1": 785}, "P5": {"P1": 1279}}
1676223380.2430606;P5;LEAST COST PATH;{"P1": ["P5"], "P2": ["P1"], "P3": ["P1"], "P4": ["P1"], "P5": []}
1676223384.7887278;P5;LEAST COST PATH;{"P1": ["P5"], "P2": ["P1"], "P3": ["P1"], "P4": ["P1"], "P5": []}
1676223389.692699;P5;LEAST COST PATH;{"P1": ["P5"], "P2": ["P1"], "P3": ["P1"], "P4": ["P1"], "P5": []}
1676223395.2849154;P5;NODE FAILURE;set()
1676223395.2850516;P5;TOPOLOGY UPDATE;{"P1": {"P2": 268, "P3": 1358, "P4": 785, "P5": 1279}, "P2": {"P1": 268}, "P3": {"P1": 1358}, "P4": {"P1": 785}, "P5": {"P1": 1279}}
1676223399.9299026;P5;NODE FAILURE;set()
1676223399.930085;P5;TOPOLOGY UPDATE;{"P1": {"P2": 268, "P3": 1358, "P4": 785, "P5": 1279}, "P2": {"P1": 268}, "P3": {"P1": 1358}, "P4": {"P1": 785}, "P5": {"P1": 1279}}
1676223410.3073418;P5;NODE FAILURE;set()
1676223410.3074746;P5;TOPOLOGY UPDATE;{"P1": {"P2": 268, "P3": 1358, "P4": 834, "P5": 1231}, "P2": {"P1": 268}, "P3": {"P1": 1358}, "P4": {"P1": 834}, "P5": {"P1": 1231}}
1676223417.2332346;P5;NODE FAILURE;set()
1676223417.2334993;P5;TOPOLOGY UPDATE;{"P1": {"P2": 268, "P3": 1358, "P4": 834, "P5": 1231}, "P2": {"P1": 268}, "P3": {"P1": 1358}, "P4": {"P1": 834}, "P5": {"P1": 1231}}
1676223420.2533634;P5;NODE FAILURE;set()
1676223420.2535238;P5;TOPOLOGY UPDATE;{"P1": {"P2": 268, "P3": 1358, "P4": 834, "P5": 1231}, "P2": {"P1": 268}, "P3": {"P1": 1358}, "P4": {"P1": 834}, "P5": {"P1": 1231}}
1676223425.2856057;P5;LEAST COST PATH;{"P1": ["P5"], "P2": ["P1"], "P3": ["P1"], "P4": ["P1"], "P5": []}
1676223429.9305675;P5;LEAST COST PATH;{"P1": ["P5"], "P2": ["P1"], "P3": ["P1"], "P4": ["P1"], "P5": []}
1676223440.308143;P5;LEAST COST PATH;{"P1": ["P5"], "P2": ["P1"], "P3": ["P1"], "P4": ["P1"], "P5": []}
1676223447.2340138;P5;LEAST COST PATH;{"P1": ["P5"], "P2": ["P1"], "P3": ["P1"], "P4": ["P1"], "P5": []}
1676223450.2540092;P5;LEAST COST PATH;{"P1": ["P5"], "P2": ["P1"], "P3": ["P1"], "P4": ["P1"], "P5": []}
1676223455.3742914;P5;NODE FAILURE;set()
1676223455.3744276;P5;TOPOLOGY UPDATE;{"P1": {"P2": 451, "P3": 875, "P4": 834, "P5": 1231}, "P2": {"P1": 451}, "P3": {"P1": 875}, "P4": {"P1": 834}, "P5": {"P1": 1231}}
1676223459.905601;P5;NODE FAILURE;set()
1676223459.905764;P5;TOPOLOGY UPDATE;{"P1": {"P2": 451, "P3": 875, "P4": 834, "P5": 1231}, "P2": {"P1": 451}, "P3": {"P1": 875}, "P4": {"P1": 834}, "P5": {"P1": 1231}}
1676223470.394961;P5;NODE FAILURE;set()
1676223470.3950996;P5;TOPOLOGY UPDATE;{"P1": {"P2": 451, "P3": 875, "P4": 1066, "P5": 1632}, "P2": {"P1": 451}, "P3": {"P1": 875}, "P4": {"P1": 1066}, "P5": {"P1": 1632}}
1676223477.3466003;P5;NODE FAILURE;set()
1676223477.3470316;P5;TOPOLOGY UPDATE;{"P1": {"P2": 451, "P3": 875, "P4": 1066, "P5": 1632}, "P2": {"P1": 451}, "P3": {"P1": 875}, "P4": {"P1": 1066}, "P5": {"P1": 1632}}
1676223480.377624;P5;NODE FAILURE;set()
1676223480.3777752;P5;TOPOLOGY UPDATE;{"P1": {"P2": 451, "P3": 875, "P4": 1066, "P5": 1632}, "P2": {"P1": 451}, "P3": {"P1": 875}, "P4": {"P1": 1066}, "P5": {"P1": 1632}}
1676223485.3749332;P5;LEAST COST PATH;{"P1": ["P5"], "P2": ["P1"], "P3": ["P1"], "P4": ["P1"], "P5": []}
1676223489.906681;P5;LEAST COST PATH;{"P1": ["P5"], "P2": ["P1"], "P3": ["P1"], "P4": ["P1"], "P5": []}
1676223500.396436;P5;LEAST COST PATH;{"P1": ["P5"], "P2": ["P1"], "P3": ["P1"], "P4": ["P1"], "P5": []}
1676223500.4417908;P5;NODE FAILURE;set()
1676223500.4419465;P5;TOPOLOGY UPDATE;{"P1": {"P2": 451, "P3": 470, "P4": 1066, "P5": 1632}, "P2": {"P1": 451}, "P3": {"P1": 470}, "P4": {"P1": 1066}, "P5": {"P1": 1632}}
1676223504.9461262;P5;NODE FAILURE;set()
1676223504.9462986;P5;TOPOLOGY UPDATE;{"P1": {"P2": 451, "P3": 470, "P4": 1066, "P5": 1632}, "P2": {"P1": 451}, "P3": {"P1": 470}, "P4": {"P1": 1066}, "P5": {"P1": 1632}}
1676223507.347722;P5;LEAST COST PATH;{"P1": ["P5"], "P2": ["P1"], "P3": ["P1"], "P4": ["P1"], "P5": []}
1676223510.3782141;P5;LEAST COST PATH;{"P1": ["P5"], "P2": ["P1"], "P3": ["P1"], "P4": ["P1"], "P5": []}
1676223515.5004714;P5;NODE FAILURE;set()
1676223515.5006309;P5;TOPOLOGY UPDATE;{"P1": {"P2": 420, "P3": 470, "P4": 1015, "P5": 1254}, "P2": {"P1": 420}, "P3": {"P1": 470}, "P4": {"P1": 1015}, "P5": {"P1": 1254}}
1676223522.3234375;P5;NODE FAILURE;set()
1676223522.323599;P5;TOPOLOGY UPDATE;{"P1": {"P2": 420, "P3": 470, "P4": 1015, "P5": 1254}, "P2": {"P1": 420}, "P3": {"P1": 470}, "P4": {"P1": 1015}, "P5": {"P1": 1254}}
1676223525.3682923;P5;NODE FAILURE;set()
1676223525.3685863;P5;TOPOLOGY UPDATE;{"P1": {"P2": 420, "P3": 470, "P4": 1015, "P5": 1254}, "P2": {"P1": 420}, "P3": {"P1": 470}, "P4": {"P1": 1015}, "P5": {"P1": 1254}}
1676223530.4423783;P5;LEAST COST PATH;{"P1": ["P5"], "P2": ["P1"], "P3": ["P1"], "P4": ["P1"], "P5": []}
1676223534.947107;P5;LEAST COST PATH;{"P1": ["P5"], "P2": ["P1"], "P3": ["P1"], "P4": ["P1"], "P5": []}
1676223545.501122;P5;LEAST COST PATH;{"P1": ["P5"], "P2": ["P1"], "P3": ["P1"], "P4": ["P1"], "P5": []}
1676223552.3246372;P5;LEAST COST PATH;{"P1": ["P5"], "P2": ["P1"], "P3": ["P1"], "P4": ["P1"], "P5": []}
1676223555.3693802;P5;LEAST COST PATH;{"P1": ["P5"], "P2": ["P1"], "P3": ["P1"], "P4": ["P1"], "P5": []}
1676223560.5653253;P5;NODE FAILURE;set()
1676223560.5654697;P5;TOPOLOGY UPDATE;{"P1": {"P2": 384, "P3": 752, "P4": 1015, "P5": 1254}, "P2": {"P1": 384}, "P3": {"P1": 752}, "P4": {"P1": 1015}, "P5": {"P1": 1254}}
1676223564.9999673;P5;NODE FAILURE;set()
1676223565.0001328;P5;TOPOLOGY UPDATE;{"P1": {"P2": 384, "P3": 752, "P4": 1015, "P5": 1254}, "P2": {"P1": 384}, "P3": {"P1": 752}, "P4": {"P1": 1015}, "P5": {"P1": 1254}}
1676223575.59346;P5;NODE FAILURE;set()
1676223575.593738;P5;TOPOLOGY UPDATE;{"P1": {"P2": 384, "P3": 752, "P4": 985, "P5": 1157}, "P2": {"P1": 384}, "P3": {"P1": 752}, "P4": {"P1": 985}, "P5": {"P1": 1157}}
1676223582.4998608;P5;NODE FAILURE;set()
1676223582.5000994;P5;TOPOLOGY UPDATE;{"P1": {"P2": 384, "P3": 752, "P4": 985, "P5": 1157}, "P2": {"P1": 384}, "P3": {"P1": 752}, "P4": {"P1": 985}, "P5": {"P1": 1157}}
1676223585.561871;P5;NODE FAILURE;set()
1676223585.5622442;P5;TOPOLOGY UPDATE;{"P1": {"P2": 384, "P3": 752, "P4": 985, "P5": 1157}, "P2": {"P1": 384}, "P3": {"P1": 752}, "P4": {"P1": 985}, "P5": {"P1": 1157}}
1676223590.5658963;P5;LEAST COST PATH;{"P1": ["P5"], "P2": ["P1"], "P3": ["P1"], "P4": ["P1"], "P5": []}
1676223595.000809;P5;LEAST COST PATH;{"P1": ["P5"], "P2": ["P1"], "P3": ["P1"], "P4": ["P1"], "P5": []}
1676223605.594362;P5;LEAST COST PATH;{"P1": ["P5"], "P2": ["P1"], "P3": ["P1"], "P4": ["P1"], "P5": []}
1676223605.6402285;P5;NODE FAILURE;set()
1676223605.6404943;P5;TOPOLOGY UPDATE;{"P1": {"P2": 675, "P3": 813, "P4": 985, "P5": 1157}, "P2": {"P1": 675}, "P3": {"P1": 813}, "P4": {"P1": 985}, "P5": {"P1": 1157}}
1676223610.0250015;P5;NODE FAILURE;set()
1676223610.025269;P5;TOPOLOGY UPDATE;{"P1": {"P2": 675, "P3": 813, "P4": 985, "P5": 1157}, "P2": {"P1": 675}, "P3": {"P1": 813}, "P4": {"P1": 985}, "P5": {"P1": 1157}}
1676223612.5007417;P5;LEAST COST PATH;{"P1": ["P5"], "P2": ["P1"], "P3": ["P1"], "P4": ["P1"], "P5": []}
1676223615.5632775;P5;LEAST COST PATH;{"P1": ["P5"], "P2": ["P1"], "P3": ["P1"], "P4": ["P1"], "P5": []}
1676223620.6723893;P5;NODE FAILURE;set()
1676223620.6725383;P5;TOPOLOGY UPDATE;{"P1": {"P2": 675, "P3": 813, "P4": 944, "P5": 1159}, "P2": {"P1": 675}, "P3": {"P1": 813}, "P4": {"P1": 944}, "P5": {"P1": 1159}}
1676223630.0518703;P5;NODE FAILURE;set()
1676223630.0520399;P5;TOPOLOGY UPDATE;{"P1": {"P2": 675, "P3": 813, "P4": 944, "P5": 1159}, "P2": {"P1": 675}, "P3": {"P1": 813}, "P4": {"P1": 944}, "P5": {"P1": 1159}}
1676223635.641549;P5;LEAST COST PATH;{"P1": ["P5"], "P2": ["P1"], "P3": ["P1"], "P4": ["P1"], "P5": []}
1676223640.026252;P5;LEAST COST PATH;{"P1": ["P5"], "P2": ["P1"], "P3": ["P1"], "P4": ["P1"], "P5": []}
1676223642.4530776;P5;NODE FAILURE;set()
1676223642.4533842;P5;TOPOLOGY UPDATE;{"P1": {"P2": 675, "P3": 663, "P4": 944, "P5": 1159}, "P2": {"P1": 675}, "P3": {"P1": 663}, "P4": {"P1": 944}, "P5": {"P1": 1159}}
1676223650.673409;P5;LEAST COST PATH;{"P1": ["P5"], "P2": ["P1"], "P3": ["P1"], "P4": ["P1"], "P5": []}
1676223650.7166255;P5;NODE FAILURE;set()
1676223650.716815;P5;TOPOLOGY UPDATE;{"P1": {"P2": 675, "P3": 663, "P4": 944, "P5": 1159}, "P2": {"P1": 675}, "P3": {"P1": 663}, "P4": {"P1": 944}, "P5": {"P1": 1159}}
1676223655.069717;P5;NODE FAILURE;set()
1676223655.0699534;P5;TOPOLOGY UPDATE;{"P1": {"P2": 675, "P3": 663, "P4": 944, "P5": 1159}, "P2": {"P1": 675}, "P3": {"P1": 663}, "P4": {"P1": 944}, "P5": {"P1": 1159}}
1676223660.053261;P5;LEAST COST PATH;{"P1": ["P5"], "P2": ["P1"], "P3": ["P1"], "P4": ["P1"], "P5": []}
1676223665.728915;P5;NODE FAILURE;set()
1676223665.7290647;P5;TOPOLOGY UPDATE;{"P1": {"P2": 578, "P3": 663, "P4": 891, "P5": 1108}, "P2": {"P1": 578}, "P3": {"P1": 663}, "P4": {"P1": 891}, "P5": {"P1": 1108}}
1676223672.454303;P5;LEAST COST PATH;{"P1": ["P5"], "P2": ["P1"], "P3": ["P1"], "P4": ["P1"], "P5": []}
1676223674.966669;P5;NODE FAILURE;set()
1676223674.9670594;P5;TOPOLOGY UPDATE;{"P1": {"P2": 578, "P3": 663, "P4": 891, "P5": 1108}, "P2": {"P1": 578}, "P3": {"P1": 663}, "P4": {"P1": 891}, "P5": {"P1": 1108}}
1676223680.7174356;P5;LEAST COST PATH;{"P1": ["P5"], "P2": ["P1"], "P3": ["P1"], "P4": ["P1"], "P5": []}
1676223685.0727887;P5;LEAST COST PATH;{"P1": ["P5"], "P2": ["P1"], "P3": ["P1"], "P4": ["P1"], "P5": []}
1676223687.4696321;P5;NODE FAILURE;set()
1676223687.4698286;P5;TOPOLOGY UPDATE;{"P1": {"P2": 578, "P3": 663, "P4": 891, "P5": 1108}, "P2": {"P1": 578}, "P3": {"P1": 663}, "P4": {"P1": 891}, "P5": {"P1": 1108}}
1676223695.7295933;P5;LEAST COST PATH;{"P1": ["P5"], "P2": ["P1"], "P3": ["P1"], "P4": ["P1"], "P5": []}
1676223704.969727;P5;LEAST COST PATH;{"P1": ["P5"], "P2": ["P1"], "P3": ["P1"], "P4": ["P1"], "P5": []}
1676223710.8128498;P5;NODE FAILURE;set()
1676223710.8131402;P5;TOPOLOGY UPDATE;{"P1": {"P2": 541, "P3": 641, "P4": 891, "P5": 1108}, "P2": {"P1": 541}, "P3": {"P1": 641}, "P4": {"P1": 891}, "P5": {"P1": 1108}}
1676223715.1234622;P5;NODE FAILURE;set()
1676223715.1236289;P5;TOPOLOGY UPDATE;{"P1": {"P2": 541, "P3": 641, "P4": 891, "P5": 1108}, "P2": {"P1": 541}, "P3": {"P1": 641}, "P4": {"P1": 891}, "P5": {"P1": 1108}}
1676223717.4703445;P5;LEAST COST PATH;{"P1": ["P5"], "P2": ["P1"], "P3": ["P1"], "P4": ["P1"], "P5": []}
1676223725.841211;P5;NODE FAILURE;set()
1676223725.841404;P5;TOPOLOGY UPDATE;{"P1": {"P2": 541, "P3": 641, "P4": 860, "P5": 1071}, "P2": {"P1": 541}, "P3": {"P1": 641}, "P4": {"P1": 860}, "P5": {"P1": 1071}}
1676223735.0903683;P5;NODE FAILURE;set()
1676223735.0905843;P5;TOPOLOGY UPDATE;{"P1": {"P2": 541, "P3": 641, "P4": 860, "P5": 1071}, "P2": {"P1": 541}, "P3": {"P1": 641}, "P4": {"P1": 860}, "P5": {"P1": 1071}}
1676223740.8139617;P5;LEAST COST PATH;{"P1": ["P5"], "P2": ["P1"], "P3": ["P1"], "P4": ["P1"], "P5": []}
1676223745.1240692;P5;LEAST COST PATH;{"P1": ["P5"], "P2": ["P1"], "P3": ["P1"], "P4": ["P1"], "P5": []}
1676223747.6288216;P5;NODE FAILURE;set()
1676223747.6290305;P5;TOPOLOGY UPDATE;{"P1": {"P2": 523, "P3": 606, "P4": 860, "P5": 1071}, "P2": {"P1": 523}, "P3": {"P1": 606}, "P4": {"P1": 860}, "P5": {"P1": 1071}}
1676223755.8422065;P5;LEAST COST PATH;{"P1": ["P5"], "P2": ["P1"], "P3": ["P1"], "P4": ["P1"], "P5": []}
1676223755.8995023;P5;NODE FAILURE;set()
1676223755.8997908;P5;TOPOLOGY UPDATE;{"P1": {"P2": 523, "P3": 606, "P4": 860, "P5": 1071}, "P2": {"P1": 523}, "P3": {"P1": 606}, "P4": {"P1": 860}, "P5": {"P1": 1071}}
1676223760.1683686;P5;NODE FAILURE;set()
1676223760.1686213;P5;TOPOLOGY UPDATE;{"P1": {"P2": 523, "P3": 606, "P4": 860, "P5": 1071}, "P2": {"P1": 523}, "P3": {"P1": 606}, "P4": {"P1": 860}, "P5": {"P1": 1071}}
1676223765.0916944;P5;LEAST COST PATH;{"P1": ["P5"], "P2": ["P1"], "P3": ["P1"], "P4": ["P1"], "P5": []}
1676223770.9222407;P5;NODE FAILURE;set()
1676223770.9225104;P5;TOPOLOGY UPDATE;{"P1": {"P2": 523, "P3": 606, "P4": 847, "P5": 1127}, "P2": {"P1": 523}, "P3": {"P1": 606}, "P4": {"P1": 847}, "P5": {"P1": 1127}}
1676223777.6313758;P5;LEAST COST PATH;{"P1": ["P5"], "P2": ["P1"], "P3": ["P1"], "P4": ["P1"], "P5": []}
1676223780.149386;P5;NODE FAILURE;set()
1676223780.1497176;P5;TOPOLOGY UPDATE;{"P1": {"P2": 523, "P3": 606, "P4": 847, "P5": 1127}, "P2": {"P1": 523}, "P3": {"P1": 606}, "P4": {"P1": 847}, "P5": {"P1": 1127}}
1676223785.9011915;P5;LEAST COST PATH;{"P1": ["P5"], "P2": ["P1"], "P3": ["P1"], "P4": ["P1"], "P5": []}
1676223790.1691232;P5;LEAST COST PATH;{"P1": ["P5"], "P2": ["P1"], "P3": ["P1"], "P4": ["P1"], "P5": []}
1676223800.923266;P5;LEAST COST PATH;{"P1": ["P5"], "P2": ["P1"], "P3": ["P1"], "P4": ["P1"], "P5": []}
1676223800.9660988;P5;NODE FAILURE;set()
1676223800.966281;P5;TOPOLOGY UPDATE;{"P1": {"P2": 523, "P3": 619, "P4": 847, "P5": 1127}, "P2": {"P1": 523}, "P3": {"P1": 619}, "P4": {"P1": 847}, "P5": {"P1": 1127}}
1676223805.2125628;P5;NODE FAILURE;set()
1676223805.212722;P5;TOPOLOGY UPDATE;{"P1": {"P2": 523, "P3": 619, "P4": 847, "P5": 1127}, "P2": {"P1": 523}, "P3": {"P1": 619}, "P4": {"P1": 847}, "P5": {"P1": 1127}}
1676223808.2165005;P5;NODE FAILURE;set()
1676223808.2166605;P5;TOPOLOGY UPDATE;{"P1": {"P2": 298, "P3": 619, "P4": 886, "P5": 1069}, "P2": {"P1": 298}, "P3": {"P1": 619}, "P4": {"P1": 886}, "P5": {"P1": 1069}}
1676223810.1510444;P5;LEAST COST PATH;{"P1": ["P5"], "P2": ["P1"], "P3": ["P1"], "P4": ["P1"], "P5": []}
1676223815.9944863;P5;NODE FAILURE;set()
1676223815.9946418;P5;TOPOLOGY UPDATE;{"P1": {"P2": 298, "P3": 619, "P4": 886, "P5": 1069}, "P2": {"P1": 298}, "P3": {"P1": 619}, "P4": {"P1": 886}, "P5": {"P1": 1069}}
1676223825.1480484;P5;NODE FAILURE;set()
1676223825.148344;P5;TOPOLOGY UPDATE;{"P1": {"P2": 298, "P3": 619, "P4": 886, "P5": 1069}, "P2": {"P1": 298}, "P3": {"P1": 619}, "P4": {"P1": 886}, "P5": {"P1": 1069}}
1676223830.9667575;P5;LEAST COST PATH;{"P1": ["P5"], "P2": ["P1"], "P3": ["P1"], "P4": ["P1"], "P5": []}
1676223835.2133336;P5;LEAST COST PATH;{"P1": ["P5"], "P2": ["P1"], "P3": ["P1"], "P4": ["P1"], "P5": []}
1676223838.217279;P5;LEAST COST PATH;{"P1": ["P5"], "P2": ["P1"], "P3": ["P1"], "P4": ["P1"], "P5": []}
1676223845.995218;P5;LEAST COST PATH;{"P1": ["P5"], "P2": ["P1"], "P3": ["P1"], "P4": ["P1"], "P5": []}
1676223855.1491718;P5;LEAST COST PATH;{"P1": ["P5"], "P2": ["P1"], "P3": ["P1"], "P4": ["P1"], "P5": []}
1676223861.070516;P5;NODE FAILURE;set()
1676223861.0708845;P5;TOPOLOGY UPDATE;{"P1": {"P2": 553, "P3": 1090, "P4": 886, "P5": 1069}, "P2": {"P1": 553}, "P3": {"P1": 1090}, "P4": {"P1": 886}, "P5": {"P1": 1069}}
1676223865.2629323;P5;NODE FAILURE;set()
1676223865.263175;P5;TOPOLOGY UPDATE;{"P1": {"P2": 553, "P3": 1090, "P4": 886, "P5": 1069}, "P2": {"P1": 553}, "P3": {"P1": 1090}, "P4": {"P1": 886}, "P5": {"P1": 1069}}
1676223876.0859709;P5;NODE FAILURE;set()
1676223876.0862296;P5;TOPOLOGY UPDATE;{"P1": {"P2": 553, "P3": 1090, "P4": 651, "P5": 845}, "P2": {"P1": 553}, "P3": {"P1": 1090}, "P4": {"P1": 651}, "P5": {"P1": 845}}
1676223882.872798;P5;NODE FAILURE;set()
1676223882.8730028;P5;TOPOLOGY UPDATE;{"P1": {"P2": 553, "P3": 1090, "P4": 651, "P5": 845}, "P2": {"P1": 553}, "P3": {"P1": 1090}, "P4": {"P1": 651}, "P5": {"P1": 845}}
1676223885.9360406;P5;NODE FAILURE;set()
1676223885.9362288;P5;TOPOLOGY UPDATE;{"P1": {"P2": 553, "P3": 1090, "P4": 651, "P5": 845}, "P2": {"P1": 553}, "P3": {"P1": 1090}, "P4": {"P1": 651}, "P5": {"P1": 845}}
1676223891.0716496;P5;LEAST COST PATH;{"P1": ["P5"], "P2": ["P1"], "P3": ["P1"], "P4": ["P1"], "P5": []}
1676223895.263873;P5;LEAST COST PATH;{"P1": ["P5"], "P2": ["P1"], "P3": ["P1"], "P4": ["P1"], "P5": []}
1676223906.0873802;P5;LEAST COST PATH;{"P1": ["P5"], "P2": ["P1"], "P3": ["P1"], "P4": ["P1"], "P5": []}
1676223906.1343455;P5;NODE FAILURE;set()
1676223906.1344652;P5;TOPOLOGY UPDATE;{"P1": {"P2": 502, "P3": 953, "P4": 651, "P5": 845}, "P2": {"P1": 502}, "P3": {"P1": 953}, "P4": {"P1": 651}, "P5": {"P1": 845}}
1676223910.3152843;P5;NODE FAILURE;set()
1676223910.3154695;P5;TOPOLOGY UPDATE;{"P1": {"P2": 502, "P3": 953, "P4": 651, "P5": 845}, "P2": {"P1": 502}, "P3": {"P1": 953}, "P4": {"P1": 651}, "P5": {"P1": 845}}
1676223912.8737204;P5;LEAST COST PATH;{"P1": ["P5"], "P2": ["P1"], "P3": ["P1"], "P4": ["P1"], "P5": []}
1676223915.9368305;P5;LEAST COST PATH;{"P1": ["P5"], "P2": ["P1"], "P3": ["P1"], "P4": ["P1"], "P5": []}
1676223921.1582067;P5;NODE FAILURE;set()
1676223921.1584015;P5;TOPOLOGY UPDATE;{"P1": {"P2": 502, "P3": 953, "P4": 814, "P5": 938}, "P2": {"P1": 502}, "P3": {"P1": 953}, "P4": {"P1": 814}, "P5": {"P1": 938}}
1676223930.1634874;P5;NODE FAILURE;set()
1676223930.163709;P5;TOPOLOGY UPDATE;{"P1": {"P2": 502, "P3": 953, "P4": 814, "P5": 938}, "P2": {"P1": 502}, "P3": {"P1": 953}, "P4": {"P1": 814}, "P5": {"P1": 938}}
1676223936.1351974;P5;LEAST COST PATH;{"P1": ["P5"], "P2": ["P1"], "P3": ["P1"], "P4": ["P1"], "P5": []}
1676223940.3160517;P5;LEAST COST PATH;{"P1": ["P5"], "P2": ["P1"], "P3": ["P1"], "P4": ["P1"], "P5": []}
1676223943.08248;P5;NODE FAILURE;set()
1676223943.0826664;P5;TOPOLOGY UPDATE;{"P1": {"P2": 502, "P3": 868, "P4": 814, "P5": 938}, "P2": {"P1": 502}, "P3": {"P1": 868}, "P4": {"P1": 814}, "P5": {"P1": 938}}
1676223951.1590881;P5;LEAST COST PATH;{"P1": ["P5"], "P2": ["P1"], "P3": ["P1"], "P4": ["P1"], "P5": []}
1676223951.198583;P5;NODE FAILURE;set()
1676223951.1989195;P5;TOPOLOGY UPDATE;{"P1": {"P2": 502, "P3": 868, "P4": 814, "P5": 938}, "P2": {"P1": 502}, "P3": {"P1": 868}, "P4": {"P1": 814}, "P5": {"P1": 938}}
1676223955.33826;P5;NODE FAILURE;set()
1676223955.3384202;P5;TOPOLOGY UPDATE;{"P1": {"P2": 502, "P3": 868, "P4": 814, "P5": 938}, "P2": {"P1": 502}, "P3": {"P1": 868}, "P4": {"P1": 814}, "P5": {"P1": 938}}
1676223960.164277;P5;LEAST COST PATH;{"P1": ["P5"], "P2": ["P1"], "P3": ["P1"], "P4": ["P1"], "P5": []}
1676223966.2267013;P5;NODE FAILURE;set()
1676223966.2270746;P5;TOPOLOGY UPDATE;{"P1": {"P2": 479, "P3": 868, "P4": 804, "P5": 930}, "P2": {"P1": 479}, "P3": {"P1": 868}, "P4": {"P1": 804}, "P5": {"P1": 930}}
1676223973.0854645;P5;LEAST COST PATH;{"P1": ["P5"], "P2": ["P1"], "P3": ["P1"], "P4": ["P1"], "P5": []}
1676223981.2000525;P5;LEAST COST PATH;{"P1": ["P5"], "P2": ["P1"], "P3": ["P1"], "P4": ["P1"], "P5": []}
1676223985.3389688;P5;LEAST COST PATH;{"P1": ["P5"], "P2": ["P1"], "P3": ["P1"], "P4": ["P1"], "P5": []}
1676223987.740457;P5;NODE FAILURE;set()
1676223987.7406712;P5;TOPOLOGY UPDATE;{"P1": {"P2": 479, "P3": 868, "P4": 804, "P5": 930}, "P2": {"P1": 479}, "P3": {"P1": 868}, "P4": {"P1": 804}, "P5": {"P1": 930}}
1676223996.227592;P5;LEAST COST PATH;{"P1": ["P5"], "P2": ["P1"], "P3": ["P1"], "P4": ["P1"], "P5": []}
1676224011.6895652;P5;NODE FAILURE;set()
1676224011.6898146;P5;TOPOLOGY UPDATE;{"P1": {"P2": 424, "P3": 652, "P4": 804, "P5": 930}, "P2": {"P1": 424}, "P3": {"P1": 652}, "P4": {"P1": 804}, "P5": {"P1": 930}}
1676224015.3969367;P5;NODE FAILURE;set()
1676224015.3971572;P5;TOPOLOGY UPDATE;{"P1": {"P2": 424, "P3": 652, "P4": 804, "P5": 930}, "P2": {"P1": 424}, "P3": {"P1": 652}, "P4": {"P1": 804}, "P5": {"P1": 930}}
1676224017.7414632;P5;LEAST COST PATH;{"P1": ["P5"], "P2": ["P1"], "P3": ["P1"], "P4": ["P1"], "P5": []}
1676224026.3359408;P5;NODE FAILURE;set()
1676224026.3362072;P5;TOPOLOGY UPDATE;{"P1": {"P2": 424, "P3": 652, "P4": 745, "P5": 858}, "P2": {"P1": 424}, "P3": {"P1": 652}, "P4": {"P1": 745}, "P5": {"P1": 858}}
1676224041.690408;P5;LEAST COST PATH;{"P1": ["P5"], "P2": ["P1"], "P3": ["P1"], "P4": ["P1"], "P5": []}
1676224045.3977895;P5;LEAST COST PATH;{"P1": ["P5"], "P2": ["P1"], "P3": ["P1"], "P4": ["P1"], "P5": []}
1676224048.6017244;P5;NODE FAILURE;set()
1676224048.6019704;P5;TOPOLOGY UPDATE;{"P1": {"P2": 507, "P3": 654, "P4": 745, "P5": 858}, "P2": {"P1": 507}, "P3": {"P1": 654}, "P4": {"P1": 745}, "P5": {"P1": 858}}
1676224051.739799;P5;NODE FAILURE;set()
1676224051.7404659;P5;TOPOLOGY UPDATE;{"P1": {"P2": 507, "P3": 654, "P4": 745, "P5": 858}, "P2": {"P1": 507}, "P3": {"P1": 654}, "P4": {"P1": 745}, "P5": {"P1": 858}}
1676224056.336828;P5;LEAST COST PATH;{"P1": ["P5"], "P2": ["P1"], "P3": ["P1"], "P4": ["P1"], "P5": []}
1676224056.6264334;P5;NODE FAILURE;set()
1676224056.6266074;P5;TOPOLOGY UPDATE;{"P1": {"P2": 507, "P3": 654, "P4": 745, "P5": 858}, "P2": {"P1": 507}, "P3": {"P1": 654}, "P4": {"P1": 745}, "P5": {"P1": 858}}
1676224060.4435139;P5;NODE FAILURE;set()
1676224060.4438078;P5;TOPOLOGY UPDATE;{"P1": {"P2": 507, "P3": 654, "P4": 745, "P5": 858}, "P2": {"P1": 507}, "P3": {"P1": 654}, "P4": {"P1": 745}, "P5": {"P1": 858}}
1676224071.6229193;P5;NODE FAILURE;set()
1676224071.6233325;P5;TOPOLOGY UPDATE;{"P1": {"P2": 507, "P3": 654, "P4": 789, "P5": 951}, "P2": {"P1": 507}, "P3": {"P1": 654}, "P4": {"P1": 789}, "P5": {"P1": 951}}
1676224078.6026425;P5;LEAST COST PATH;{"P1": ["P5"], "P2": ["P1"], "P3": ["P1"], "P4": ["P1"], "P5": []}
1676224081.7414436;P5;LEAST COST PATH;{"P1": ["P5"], "P2": ["P1"], "P3": ["P1"], "P4": ["P1"], "P5": []}
1676224086.6272101;P5;LEAST COST PATH;{"P1": ["P5"], "P2": ["P1"], "P3": ["P1"], "P4": ["P1"], "P5": []}
1676224090.4442744;P5;LEAST COST PATH;{"P1": ["P5"], "P2": ["P1"], "P3": ["P1"], "P4": ["P1"], "P5": []}
1676224093.0458055;P5;NODE FAILURE;set()
1676224093.0460196;P5;TOPOLOGY UPDATE;{"P1": {"P2": 507, "P3": 654, "P4": 789, "P5": 951}, "P2": {"P1": 507}, "P3": {"P1": 654}, "P4": {"P1": 789}, "P5": {"P1": 951}}
1676224096.0778306;P5;NODE FAILURE;set()
1676224096.0779996;P5;TOPOLOGY UPDATE;{"P1": {"P2": 507, "P3": 654, "P4": 789, "P5": 951}, "P2": {"P1": 507}, "P3": {"P1": 654}, "P4": {"P1": 789}, "P5": {"P1": 951}}
1676224101.6240888;P5;LEAST COST PATH;{"P1": ["P5"], "P2": ["P1"], "P3": ["P1"], "P4": ["P1"], "P5": []}
1676224105.6669838;P5;NODE FAILURE;set()
1676224105.6672354;P5;TOPOLOGY UPDATE;{"P1": {"P2": 507, "P3": 654, "P4": 789, "P5": 951}, "P2": {"P1": 507}, "P3": {"P1": 654}, "P4": {"P1": 789}, "P5": {"P1": 951}}
1676224116.672501;P5;NODE FAILURE;set()
1676224116.6727867;P5;TOPOLOGY UPDATE;{"P1": {"P2": 396, "P3": 1067, "P4": 789, "P5": 824}, "P2": {"P1": 396}, "P3": {"P1": 1067}, "P4": {"P1": 789}, "P5": {"P1": 824}}
1676224123.0464358;P5;LEAST COST PATH;{"P1": ["P5"], "P2": ["P1"], "P3": ["P1"], "P4": ["P1"], "P5": []}
1676224126.0838003;P5;LEAST COST PATH;{"P1": ["P5"], "P2": ["P1"], "P3": ["P1"], "P4": ["P1"], "P5": []}
1676224131.6879497;P5;NODE FAILURE;set()
1676224131.6881125;P5;TOPOLOGY UPDATE;{"P1": {"P2": 396, "P3": 1067, "P4": 586, "P5": 824}, "P2": {"P1": 396}, "P3": {"P1": 1067}, "P4": {"P1": 586}, "P5": {"P1": 824}}
1676224135.667986;P5;LEAST COST PATH;{"P1": ["P5"], "P2": ["P1"], "P3": ["P1"], "P4": ["P1"], "P5": []}
1676224146.6735642;P5;LEAST COST PATH;{"P1": ["P5"], "P2": ["P1"], "P3": ["P1"], "P4": ["P1"], "P5": []}
1676224152.9665244;P5;NODE FAILURE;set()
1676224152.9667099;P5;TOPOLOGY UPDATE;{"P1": {"P2": 360, "P3": 920, "P4": 586, "P5": 824}, "P2": {"P1": 360}, "P3": {"P1": 920}, "P4": {"P1": 586}, "P5": {"P1": 824}}
1676224161.6892638;P5;LEAST COST PATH;{"P1": ["P5"], "P2": ["P1"], "P3": ["P1"], "P4": ["P1"], "P5": []}
1676224161.712213;P5;NODE FAILURE;set()
1676224161.7123723;P5;TOPOLOGY UPDATE;{"P1": {"P2": 360, "P3": 920, "P4": 586, "P5": 824}, "P2": {"P1": 360}, "P3": {"P1": 920}, "P4": {"P1": 586}, "P5": {"P1": 824}}
1676224165.537167;P5;NODE FAILURE;set()
1676224165.537329;P5;TOPOLOGY UPDATE;{"P1": {"P2": 360, "P3": 920, "P4": 586, "P5": 824}, "P2": {"P1": 360}, "P3": {"P1": 920}, "P4": {"P1": 586}, "P5": {"P1": 824}}
1676224176.7211823;P5;NODE FAILURE;set()
1676224176.721333;P5;TOPOLOGY UPDATE;{"P1": {"P2": 360, "P3": 920, "P4": 674, "P5": 785}, "P2": {"P1": 360}, "P3": {"P1": 920}, "P4": {"P1": 674}, "P5": {"P1": 785}}
1676224182.967221;P5;LEAST COST PATH;{"P1": ["P5"], "P2": ["P1"], "P3": ["P1"], "P4": ["P1"], "P5": []}
1676224191.713099;P5;LEAST COST PATH;{"P1": ["P5"], "P2": ["P1"], "P3": ["P1"], "P4": ["P1"], "P5": []}
1676224195.5378048;P5;LEAST COST PATH;{"P1": ["P5"], "P2": ["P1"], "P3": ["P1"], "P4": ["P1"], "P5": []}
1676224198.0516546;P5;NODE FAILURE;set()
1676224198.051927;P5;TOPOLOGY UPDATE;{"P1": {"P2": 375, "P3": 764, "P4": 674, "P5": 785}, "P2": {"P1": 375}, "P3": {"P1": 764}, "P4": {"P1": 674}, "P5": {"P1": 785}}
1676224201.0890727;P5;NODE FAILURE;set()
1676224201.0892332;P5;TOPOLOGY UPDATE;{"P1": {"P2": 375, "P3": 764, "P4": 674, "P5": 785}, "P2": {"P1": 375}, "P3": {"P1": 764}, "P4": {"P1": 674}, "P5": {"P1": 785}}
1676224206.7219338;P5;LEAST COST PATH;{"P1": ["P5"], "P2": ["P1"], "P3": ["P1"], "P4": ["P1"], "P5": []}
1676224207.7622845;P5;NODE FAILURE;set()
1676224207.7624414;P5;TOPOLOGY UPDATE;{"P1": {"P2": 375, "P3": 764, "P4": 674, "P5": 785}, "P2": {"P1": 375}, "P3": {"P1": 764}, "P4": {"P1": 674}, "P5": {"P1": 785}}
1676224210.5939028;P5;NODE FAILURE;set()
1676224210.5941718;P5;TOPOLOGY UPDATE;{"P1": {"P2": 375, "P3": 764, "P4": 674, "P5": 785}, "P2": {"P1": 375}, "P3": {"P1": 764}, "P4": {"P1": 674}, "P5": {"P1": 785}}
1676224221.7892969;P5;NODE FAILURE;set()
1676224221.789471;P5;TOPOLOGY UPDATE;{"P1": {"P2": 375, "P3": 764, "P4": 690, "P5": 802}, "P2": {"P1": 375}, "P3": {"P1": 764}, "P4": {"P1": 690}, "P5": {"P1": 802}}
1676224228.0534587;P5;LEAST COST PATH;{"P1": ["P5"], "P2": ["P1"], "P3": ["P1"], "P4": ["P1"], "P5": []}
1676224231.0897937;P5;LEAST COST PATH;{"P1": ["P5"], "P2": ["P1"], "P3": ["P1"], "P4": ["P1"], "P5": []}
1676224237.7632794;P5;LEAST COST PATH;{"P1": ["P5"], "P2": ["P1"], "P3": ["P1"], "P4": ["P1"], "P5": []}
1676224240.594936;P5;LEAST COST PATH;{"P1": ["P5"], "P2": ["P1"], "P3": ["P1"], "P4": ["P1"], "P5": []}
1676224245.8766031;P5;NODE FAILURE;set()
1676224245.8767478;P5;TOPOLOGY UPDATE;{"P1": {"P2": 375, "P3": 764, "P4": 690, "P5": 802}, "P2": {"P1": 375}, "P3": {"P1": 764}, "P4": {"P1": 690}, "P5": {"P1": 802}}
1676224251.790064;P5;LEAST COST PATH;{"P1": ["P5"], "P2": ["P1"], "P3": ["P1"], "P4": ["P1"], "P5": []}
1676224255.6231642;P5;NODE FAILURE;set()
1676224255.6233313;P5;TOPOLOGY UPDATE;{"P1": {"P2": 375, "P3": 764, "P4": 690, "P5": 802}, "P2": {"P1": 375}, "P3": {"P1": 764}, "P4": {"P1": 690}, "P5": {"P1": 802}}
1676224258.6571672;P5;NODE FAILURE;set()
1676224258.6573274;P5;TOPOLOGY UPDATE;{"P1": {"P2": 199, "P3": 569, "P4": 690, "P5": 802}, "P2": {"P1": 199}, "P3": {"P1": 569}, "P4": {"P1": 690}, "P5": {"P1": 802}}
1676224266.9231522;P5;NODE FAILURE;set()
1676224266.9234014;P5;TOPOLOGY UPDATE;{"P1": {"P2": 199, "P3": 569, "P4": 690, "P5": 802}, "P2": {"P1": 199}, "P3": {"P1": 569}, "P4": {"P1": 690}, "P5": {"P1": 802}}
1676224275.8772445;P5;LEAST COST PATH;{"P1": ["P5"], "P2": ["P1"], "P3": ["P1"], "P4": ["P1"], "P5": []}
1676224281.883642;P5;NODE FAILURE;set()
1676224281.8837955;P5;TOPOLOGY UPDATE;{"P1": {"P2": 199, "P3": 569, "P4": 692, "P5": 802}, "P2": {"P1": 199}, "P3": {"P1": 569}, "P4": {"P1": 692}, "P5": {"P1": 802}}
1676224285.6243749;P5;LEAST COST PATH;{"P1": ["P5"], "P2": ["P1"], "P3": ["P1"], "P4": ["P1"], "P5": []}
1676224288.657845;P5;LEAST COST PATH;{"P1": ["P5"], "P2": ["P1"], "P3": ["P1"], "P4": ["P1"], "P5": []}
1676224296.923923;P5;LEAST COST PATH;{"P1": ["P5"], "P2": ["P1"], "P3": ["P1"], "P4": ["P1"], "P5": []}
1676224303.306987;P5;NODE FAILURE;set()
1676224303.3072677;P5;TOPOLOGY UPDATE;{"P1": {"P2": 475, "P3": 778, "P4": 692, "P5": 802}, "P2": {"P1": 475}, "P3": {"P1": 778}, "P4": {"P1": 692}, "P5": {"P1": 802}}
1676224306.2114182;P5;NODE FAILURE;set()
1676224306.2121844;P5;TOPOLOGY UPDATE;{"P1": {"P2": 475, "P3": 778, "P4": 692, "P5": 802}, "P2": {"P1": 475}, "P3": {"P1": 778}, "P4": {"P1": 692}, "P5": {"P1": 802}}
1676224311.884342;P5;LEAST COST PATH;{"P1": ["P5"], "P2": ["P1"], "P3": ["P1"], "P4": ["P1"], "P5": []}
1676224311.9114134;P5;NODE FAILURE;set()
1676224311.9116685;P5;TOPOLOGY UPDATE;{"P1": {"P2": 475, "P3": 778, "P4": 692, "P5": 802}, "P2": {"P1": 475}, "P3": {"P1": 778}, "P4": {"P1": 692}, "P5": {"P1": 802}}
1676224315.6751235;P5;NODE FAILURE;set()
1676224315.6753857;P5;TOPOLOGY UPDATE;{"P1": {"P2": 475, "P3": 778, "P4": 692, "P5": 802}, "P2": {"P1": 475}, "P3": {"P1": 778}, "P4": {"P1": 692}, "P5": {"P1": 802}}
1676224326.9265158;P5;NODE FAILURE;set()
1676224326.9269552;P5;TOPOLOGY UPDATE;{"P1": {"P2": 475, "P3": 778, "P4": 618, "P5": 733}, "P2": {"P1": 475}, "P3": {"P1": 778}, "P4": {"P1": 618}, "P5": {"P1": 733}}
1676224333.3090012;P5;LEAST COST PATH;{"P1": ["P5"], "P2": ["P1"], "P3": ["P1"], "P4": ["P1"], "P5": []}
1676224336.2135143;P5;LEAST COST PATH;{"P1": ["P5"], "P2": ["P1"], "P3": ["P1"], "P4": ["P1"], "P5": []}
1676224341.9126558;P5;LEAST COST PATH;{"P1": ["P5"], "P2": ["P1"], "P3": ["P1"], "P4": ["P1"], "P5": []}
1676224345.6763704;P5;LEAST COST PATH;{"P1": ["P5"], "P2": ["P1"], "P3": ["P1"], "P4": ["P1"], "P5": []}
1676224356.2696857;P5;NODE FAILURE;set()
1676224356.2700665;P5;TOPOLOGY UPDATE;{"P1": {"P2": 475, "P3": 778, "P4": 618, "P5": 733}, "P2": {"P1": 475}, "P3": {"P1": 778}, "P4": {"P1": 618}, "P5": {"P1": 733}}
1676224356.9276967;P5;LEAST COST PATH;{"P1": ["P5"], "P2": ["P1"], "P3": ["P1"], "P4": ["P1"], "P5": []}
1676224360.712312;P5;NODE FAILURE;set()
1676224360.7126126;P5;TOPOLOGY UPDATE;{"P1": {"P2": 475, "P3": 778, "P4": 618, "P5": 733}, "P2": {"P1": 475}, "P3": {"P1": 778}, "P4": {"P1": 618}, "P5": {"P1": 733}}
1676224379.5725863;P5;NODE FAILURE;set()
1676224379.572746;P5;TOPOLOGY UPDATE;{"P1": {"P2": 491, "P3": 1107, "P4": 1275, "P5": 1388}, "P2": {"P1": 491}, "P3": {"P1": 1107}, "P4": {"P1": 1275}, "P5": {"P1": 1388}}
1676224380.753152;P5;NODE FAILURE;set()
1676224380.7533998;P5;TOPOLOGY UPDATE;{"P1": {"P2": 491, "P3": 1107, "P4": 1275, "P5": 1388}, "P2": {"P1": 491}, "P3": {"P1": 1107}, "P4": {"P1": 1275}, "P5": {"P1": 1388}}
1676224386.2708993;P5;LEAST COST PATH;{"P1": ["P5"], "P2": ["P1"], "P3": ["P1"], "P4": ["P1"], "P5": []}
1676224387.0007017;P5;NODE FAILURE;set()
1676224387.0008597;P5;TOPOLOGY UPDATE;{"P1": {"P2": 491, "P3": 1107, "P4": 1275, "P5": 1388}, "P2": {"P1": 491}, "P3": {"P1": 1107}, "P4": {"P1": 1275}, "P5": {"P1": 1388}}
1676224390.7131681;P5;LEAST COST PATH;{"P1": ["P5"], "P2": ["P1"], "P3": ["P1"], "P4": ["P1"], "P5": []}
1676224409.5732377;P5;LEAST COST PATH;{"P1": ["P5"], "P2": ["P1"], "P3": ["P1"], "P4": ["P1"], "P5": []}
1676224410.7541788;P5;LEAST COST PATH;{"P1": ["P5"], "P2": ["P1"], "P3": ["P1"], "P4": ["P1"], "P5": []}
1676224417.0016327;P5;LEAST COST PATH;{"P1": ["P5"], "P2": ["P1"], "P3": ["P1"], "P4": ["P1"], "P5": []}
1676224417.050073;P5;NODE FAILURE;set()
1676224417.0510817;P5;TOPOLOGY UPDATE;{"P1": {"P2": 542, "P3": 922, "P4": 1275, "P5": 1388}, "P2": {"P1": 542}, "P3": {"P1": 922}, "P4": {"P1": 1275}, "P5": {"P1": 1388}}
1676224420.7740967;P5;NODE FAILURE;set()
1676224420.7743697;P5;TOPOLOGY UPDATE;{"P1": {"P2": 542, "P3": 922, "P4": 1275, "P5": 1388}, "P2": {"P1": 542}, "P3": {"P1": 922}, "P4": {"P1": 1275}, "P5": {"P1": 1388}}
1676224423.7730348;P5;NODE FAILURE;set()
1676224423.7733066;P5;TOPOLOGY UPDATE;{"P1": {"P2": 542, "P3": 922, "P4": 1335, "P5": 1606}, "P2": {"P1": 542}, "P3": {"P1": 922}, "P4": {"P1": 1335}, "P5": {"P1": 1606}}
1676224426.7997139;P5;NODE FAILURE;set()
1676224426.7998695;P5;TOPOLOGY UPDATE;{"P1": {"P2": 542, "P3": 922, "P4": 1335, "P5": 1606}, "P2": {"P1": 542}, "P3": {"P1": 922}, "P4": {"P1": 1335}, "P5": {"P1": 1606}}
1676224432.039164;P5;NODE FAILURE;set()
1676224432.039336;P5;TOPOLOGY UPDATE;{"P1": {"P2": 542, "P3": 922, "P4": 1335, "P5": 1606}, "P2": {"P1": 542}, "P3": {"P1": 922}, "P4": {"P1": 1335}, "P5": {"P1": 1606}}
1676224447.051819;P5;LEAST COST PATH;{"P1": ["P5"], "P2": ["P1"], "P3": ["P1"], "P4": ["P1"], "P5": []}
1676224450.7750854;P5;LEAST COST PATH;{"P1": ["P5"], "P2": ["P1"], "P3": ["P1"], "P4": ["P1"], "P5": []}
1676224453.774143;P5;LEAST COST PATH;{"P1": ["P5"], "P2": ["P1"], "P3": ["P1"], "P4": ["P1"], "P5": []}
1676224456.8003788;P5;LEAST COST PATH;{"P1": ["P5"], "P2": ["P1"], "P3": ["P1"], "P4": ["P1"], "P5": []}
1676224462.0401516;P5;LEAST COST PATH;{"P1": ["P5"], "P2": ["P1"], "P3": ["P1"], "P4": ["P1"], "P5": []}
1676224462.0827596;P5;NODE FAILURE;set()
1676224462.0829136;P5;TOPOLOGY UPDATE;{"P1": {"P2": 287, "P3": 922, "P4": 1335, "P5": 1606}, "P2": {"P1": 287}, "P3": {"P1": 922}, "P4": {"P1": 1335}, "P5": {"P1": 1606}}
1676224465.8119938;P5;NODE FAILURE;set()
1676224465.8121536;P5;TOPOLOGY UPDATE;{"P1": {"P2": 287, "P3": 922, "P4": 1335, "P5": 1606}, "P2": {"P1": 287}, "P3": {"P1": 922}, "P4": {"P1": 1335}, "P5": {"P1": 1606}}
1676224468.833196;P5;NODE FAILURE;set()
1676224468.8335793;P5;TOPOLOGY UPDATE;{"P1": {"P2": 287, "P3": 1117, "P4": 1335, "P5": 1278}, "P2": {"P1": 287}, "P3": {"P1": 1117}, "P4": {"P1": 1335}, "P5": {"P1": 1278}}
1676224471.845025;P5;NODE FAILURE;set()
1676224471.8452787;P5;TOPOLOGY UPDATE;{"P1": {"P2": 287, "P3": 1117, "P4": 1335, "P5": 1278}, "P2": {"P1": 287}, "P3": {"P1": 1117}, "P4": {"P1": 1335}, "P5": {"P1": 1278}}
1676224477.1083937;P5;NODE FAILURE;set()
1676224477.108554;P5;TOPOLOGY UPDATE;{"P1": {"P2": 287, "P3": 1117, "P4": 1335, "P5": 1278}, "P2": {"P1": 287}, "P3": {"P1": 1117}, "P4": {"P1": 1335}, "P5": {"P1": 1278}}
1676224492.0834212;P5;LEAST COST PATH;{"P1": ["P5"], "P2": ["P1"], "P3": ["P1"], "P4": ["P1"], "P5": []}
1676224492.124205;P5;NODE FAILURE;set()
1676224492.1243527;P5;TOPOLOGY UPDATE;{"P1": {"P2": 287, "P3": 1117, "P4": 1220, "P5": 1278}, "P2": {"P1": 287}, "P3": {"P1": 1117}, "P4": {"P1": 1220}, "P5": {"P1": 1278}}
1676224495.8127964;P5;LEAST COST PATH;{"P1": ["P5"], "P2": ["P1"], "P3": ["P1"], "P4": ["P1"], "P5": []}
1676224498.8343084;P5;LEAST COST PATH;{"P1": ["P5"], "P2": ["P1"], "P3": ["P1"], "P4": ["P1"], "P5": []}
1676224501.8456635;P5;LEAST COST PATH;{"P1": ["P5"], "P2": ["P1"], "P3": ["P1"], "P4": ["P1"], "P5": []}
1676224507.1090095;P5;LEAST COST PATH;{"P1": ["P5"], "P2": ["P1"], "P3": ["P1"], "P4": ["P1"], "P5": []}
1676224510.8510716;P5;NODE FAILURE;set()
1676224510.8512266;P5;TOPOLOGY UPDATE;{"P1": {"P2": 287, "P3": 1117, "P4": 1220, "P5": 1278}, "P2": {"P1": 287}, "P3": {"P1": 1117}, "P4": {"P1": 1220}, "P5": {"P1": 1278}}
1676224522.1251771;P5;LEAST COST PATH;{"P1": ["P5"], "P2": ["P1"], "P3": ["P1"], "P4": ["P1"], "P5": []}
1676224522.1871173;P5;NODE FAILURE;set()
1676224522.1872551;P5;TOPOLOGY UPDATE;{"P1": {"P2": 263, "P3": 1209, "P4": 1220, "P5": 1278}, "P2": {"P1": 263}, "P3": {"P1": 1209}, "P4": {"P1": 1220}, "P5": {"P1": 1278}}
1676224528.2969952;P5;NODE FAILURE;set()
1676224528.297157;P5;TOPOLOGY UPDATE;{"P1": {"P2": 263, "P3": 1209, "P4": 1220, "P5": 888}, "P2": {"P1": 263}, "P3": {"P1": 1209}, "P4": {"P1": 1220}, "P5": {"P1": 888}}
1676224531.3633342;P5;NODE FAILURE;set()
1676224531.3636212;P5;TOPOLOGY UPDATE;{"P1": {"P2": 263, "P3": 1209, "P4": 1220, "P5": 888}, "P2": {"P1": 263}, "P3": {"P1": 1209}, "P4": {"P1": 1220}, "P5": {"P1": 888}}
1676224537.2198067;P5;NODE FAILURE;set()
1676224537.2200942;P5;TOPOLOGY UPDATE;{"P1": {"P2": 263, "P3": 1209, "P4": 1220, "P5": 888}, "P2": {"P1": 263}, "P3": {"P1": 1209}, "P4": {"P1": 1220}, "P5": {"P1": 888}}
1676224540.8517635;P5;LEAST COST PATH;{"P1": ["P5"], "P2": ["P1"], "P3": ["P1"], "P4": ["P1"], "P5": []}
1676224552.187685;P5;LEAST COST PATH;{"P1": ["P5"], "P2": ["P1"], "P3": ["P1"], "P4": ["P1"], "P5": []}
1676224552.2345402;P5;NODE FAILURE;set()
1676224552.234696;P5;TOPOLOGY UPDATE;{"P1": {"P2": 263, "P3": 1209, "P4": 1130, "P5": 888}, "P2": {"P1": 263}, "P3": {"P1": 1209}, "P4": {"P1": 1130}, "P5": {"P1": 888}}
1676224558.29776;P5;LEAST COST PATH;{"P1": ["P5"], "P2": ["P1"], "P3": ["P1"], "P4": ["P1"], "P5": []}
1676224561.3642547;P5;LEAST COST PATH;{"P1": ["P5"], "P2": ["P1"], "P3": ["P1"], "P4": ["P1"], "P5": []}
1676224567.220706;P5;LEAST COST PATH;{"P1": ["P5"], "P2": ["P1"], "P3": ["P1"], "P4": ["P1"], "P5": []}
1676224567.2540264;P5;NODE FAILURE;set()
1676224567.2541823;P5;TOPOLOGY UPDATE;{"P1": {"P2": 227, "P3": 272, "P4": 1130, "P5": 888}, "P2": {"P1": 227}, "P3": {"P1": 272}, "P4": {"P1": 1130}, "P5": {"P1": 888}}
1676224570.9039762;P5;NODE FAILURE;set()
1676224570.9041414;P5;TOPOLOGY UPDATE;{"P1": {"P2": 227, "P3": 272, "P4": 1130, "P5": 888}, "P2": {"P1": 227}, "P3": {"P1": 272}, "P4": {"P1": 1130}, "P5": {"P1": 888}}
1676224574.136965;P5;NODE FAILURE;set()
1676224574.137272;P5;TOPOLOGY UPDATE;{"P1": {"P2": 227, "P3": 272, "P4": 1130, "P5": 1564}, "P2": {"P1": 227}, "P3": {"P1": 272}, "P4": {"P1": 1130}, "P5": {"P1": 1564}}
1676224577.0353692;P5;NODE FAILURE;set()
1676224577.035562;P5;TOPOLOGY UPDATE;{"P1": {"P2": 227, "P3": 272, "P4": 1130, "P5": 1564}, "P2": {"P1": 227}, "P3": {"P1": 272}, "P4": {"P1": 1130}, "P5": {"P1": 1564}}
1676224582.2352102;P5;LEAST COST PATH;{"P1": ["P5"], "P2": ["P1"], "P3": ["P1"], "P4": ["P1"], "P5": []}
1676224582.2897666;P5;NODE FAILURE;set()
1676224582.2900229;P5;TOPOLOGY UPDATE;{"P1": {"P2": 227, "P3": 272, "P4": 1130, "P5": 1564}, "P2": {"P1": 227}, "P3": {"P1": 272}, "P4": {"P1": 1130}, "P5": {"P1": 1564}}
1676224597.254668;P5;LEAST COST PATH;{"P1": ["P5"], "P2": ["P1"], "P3": ["P1"], "P4": ["P1"], "P5": []}
1676224597.3159392;P5;NODE FAILURE;set()
1676224597.3160996;P5;TOPOLOGY UPDATE;{"P1": {"P2": 227, "P3": 272, "P4": 1218, "P5": 1564}, "P2": {"P1": 227}, "P3": {"P1": 272}, "P4": {"P1": 1218}, "P5": {"P1": 1564}}
1676224600.9046495;P5;LEAST COST PATH;{"P1": ["P5"], "P2": ["P1"], "P3": ["P1"], "P4": ["P1"], "P5": []}
1676224604.1382043;P5;LEAST COST PATH;{"P1": ["P5"], "P2": ["P1"], "P3": ["P1"], "P4": ["P1"], "P5": []}
1676224607.0364797;P5;LEAST COST PATH;{"P1": ["P5"], "P2": ["P1"], "P3": ["P1"], "P4": ["P1"], "P5": []}
1676224612.29059;P5;LEAST COST PATH;{"P1": ["P5"], "P2": ["P1"], "P3": ["P1"], "P4": ["P1"], "P5": []}
1676224612.3272095;P5;NODE FAILURE;set()
1676224612.3280032;P5;TOPOLOGY UPDATE;{"P1": {"P2": 845, "P3": 272, "P4": 1218, "P5": 1564}, "P2": {"P1": 845}, "P3": {"P1": 272}, "P4": {"P1": 1218}, "P5": {"P1": 1564}}
1676224615.9561648;P5;NODE FAILURE;set()
1676224615.9563203;P5;TOPOLOGY UPDATE;{"P1": {"P2": 845, "P3": 272, "P4": 1218, "P5": 1564}, "P2": {"P1": 845}, "P3": {"P1": 272}, "P4": {"P1": 1218}, "P5": {"P1": 1564}}
1676224618.9456177;P5;NODE FAILURE;set()
1676224618.9457722;P5;TOPOLOGY UPDATE;{"P1": {"P2": 845, "P3": 1195, "P4": 1218, "P5": 1205}, "P2": {"P1": 845}, "P3": {"P1": 1195}, "P4": {"P1": 1218}, "P5": {"P1": 1205}}
1676224621.9928691;P5;NODE FAILURE;set()
1676224621.9930277;P5;TOPOLOGY UPDATE;{"P1": {"P2": 845, "P3": 1195, "P4": 1218, "P5": 1205}, "P2": {"P1": 845}, "P3": {"P1": 1195}, "P4": {"P1": 1218}, "P5": {"P1": 1205}}
1676224627.3165007;P5;LEAST COST PATH;{"P1": ["P5"], "P2": ["P1"], "P3": ["P1"], "P4": ["P1"], "P5": []}
1676224627.3706589;P5;NODE FAILURE;set()
1676224627.3709335;P5;TOPOLOGY UPDATE;{"P1": {"P2": 845, "P3": 1195, "P4": 1218, "P5": 1205}, "P2": {"P1": 845}, "P3": {"P1": 1195}, "P4": {"P1": 1218}, "P5": {"P1": 1205}}
1676224642.3287327;P5;LEAST COST PATH;{"P1": ["P5"], "P2": ["P1"], "P3": ["P1"], "P4": ["P1"], "P5": []}
1676224642.3942413;P5;NODE FAILURE;set()
1676224642.3944924;P5;TOPOLOGY UPDATE;{"P1": {"P2": 845, "P3": 1195, "P4": 1186, "P5": 1205}, "P2": {"P1": 845}, "P3": {"P1": 1195}, "P4": {"P1": 1186}, "P5": {"P1": 1205}}
1676224645.9567745;P5;LEAST COST PATH;{"P1": ["P5"], "P2": ["P1"], "P3": ["P1"], "P4": ["P1"], "P5": []}
1676224648.9463515;P5;LEAST COST PATH;{"P1": ["P5"], "P2": ["P1"], "P3": ["P1"], "P4": ["P1"], "P5": []}
1676224651.9935348;P5;LEAST COST PATH;{"P1": ["P5"], "P2": ["P1"], "P3": ["P1"], "P4": ["P1"], "P5": []}
1676224657.371447;P5;LEAST COST PATH;{"P1": ["P5"], "P2": ["P1"], "P3": ["P1"], "P4": ["P1"], "P5": []}
1676224661.0018027;P5;NODE FAILURE;set()
1676224661.002087;P5;TOPOLOGY UPDATE;{"P1": {"P2": 845, "P3": 1195, "P4": 1186, "P5": 1205}, "P2": {"P1": 845}, "P3": {"P1": 1195}, "P4": {"P1": 1186}, "P5": {"P1": 1205}}
1676224672.395182;P5;LEAST COST PATH;{"P1": ["P5"], "P2": ["P1"], "P3": ["P1"], "P4": ["P1"], "P5": []}
1676224672.4416811;P5;NODE FAILURE;set()
1676224672.4418185;P5;TOPOLOGY UPDATE;{"P1": {"P2": 1007, "P3": 778, "P4": 1186, "P5": 1205}, "P2": {"P1": 1007}, "P3": {"P1": 778}, "P4": {"P1": 1186}, "P5": {"P1": 1205}}
1676224678.395673;P5;NODE FAILURE;set()
1676224678.3958747;P5;TOPOLOGY UPDATE;{"P1": {"P2": 1007, "P3": 778, "P4": 1186, "P5": 844}, "P2": {"P1": 1007}, "P3": {"P1": 778}, "P4": {"P1": 1186}, "P5": {"P1": 844}}
1676224681.4007893;P5;NODE FAILURE;set()
1676224681.4009483;P5;TOPOLOGY UPDATE;{"P1": {"P2": 1007, "P3": 778, "P4": 1186, "P5": 844}, "P2": {"P1": 1007}, "P3": {"P1": 778}, "P4": {"P1": 1186}, "P5": {"P1": 844}}
1676224687.4665997;P5;NODE FAILURE;set()
1676224687.466807;P5;TOPOLOGY UPDATE;{"P1": {"P2": 1007, "P3": 778, "P4": 1186, "P5": 844}, "P2": {"P1": 1007}, "P3": {"P1": 778}, "P4": {"P1": 1186}, "P5": {"P1": 844}}
1676224691.0025327;P5;LEAST COST PATH;{"P1": ["P5"], "P2": ["P1"], "P3": ["P1"], "P4": ["P1"], "P5": []}
1676224702.4425151;P5;LEAST COST PATH;{"P1": ["P5"], "P2": ["P1"], "P3": ["P1"], "P4": ["P1"], "P5": []}
1676224702.5084262;P5;NODE FAILURE;set()
1676224702.5086792;P5;TOPOLOGY UPDATE;{"P1": {"P2": 1007, "P3": 778, "P4": 1034, "P5": 844}, "P2": {"P1": 1007}, "P3": {"P1": 778}, "P4": {"P1": 1034}, "P5": {"P1": 844}}
1676224708.3966365;P5;LEAST COST PATH;{"P1": ["P5"], "P2": ["P1"], "P3": ["P1"], "P4": ["P1"], "P5": []}
1676224711.4014747;P5;LEAST COST PATH;{"P1": ["P5"], "P2": ["P1"], "P3": ["P1"], "P4": ["P1"], "P5": []}
1676224717.4676452;P5;LEAST COST PATH;{"P1": ["P5"], "P2": ["P1"], "P3": ["P1"], "P4": ["P1"], "P5": []}
1676224717.5187054;P5;NODE FAILURE;set()
1676224717.51886;P5;TOPOLOGY UPDATE;{"P1": {"P2": 452, "P3": 596, "P4": 1034, "P5": 844}, "P2": {"P1": 452}, "P3": {"P1": 596}, "P4": {"P1": 1034}, "P5": {"P1": 844}}
1676224721.0569897;P5;NODE FAILURE;set()
1676224721.057155;P5;TOPOLOGY UPDATE;{"P1": {"P2": 452, "P3": 596, "P4": 1034, "P5": 844}, "P2": {"P1": 452}, "P3": {"P1": 596}, "P4": {"P1": 1034}, "P5": {"P1": 844}}
1676224724.0671074;P5;NODE FAILURE;set()
1676224724.0675292;P5;TOPOLOGY UPDATE;{"P1": {"P2": 452, "P3": 596, "P4": 1034, "P5": 1450}, "P2": {"P1": 452}, "P3": {"P1": 596}, "P4": {"P1": 1034}, "P5": {"P1": 1450}}
1676224727.1344435;P5;NODE FAILURE;set()
1676224727.134648;P5;TOPOLOGY UPDATE;{"P1": {"P2": 452, "P3": 596, "P4": 1034, "P5": 1450}, "P2": {"P1": 452}, "P3": {"P1": 596}, "P4": {"P1": 1034}, "P5": {"P1": 1450}}
1676224732.5092838;P5;LEAST COST PATH;{"P1": ["P5"], "P2": ["P1"], "P3": ["P1"], "P4": ["P1"], "P5": []}
1676224732.541873;P5;NODE FAILURE;set()
1676224732.5419836;P5;TOPOLOGY UPDATE;{"P1": {"P2": 452, "P3": 596, "P4": 1034, "P5": 1450}, "P2": {"P1": 452}, "P3": {"P1": 596}, "P4": {"P1": 1034}, "P5": {"P1": 1450}}
1676224747.5193374;P5;LEAST COST PATH;{"P1": ["P5"], "P2": ["P1"], "P3": ["P1"], "P4": ["P1"], "P5": []}
1676224747.5652294;P5;NODE FAILURE;set()
1676224747.5653777;P5;TOPOLOGY UPDATE;{"P1": {"P2": 452, "P3": 596, "P4": 1119, "P5": 1450}, "P2": {"P1": 452}, "P3": {"P1": 596}, "P4": {"P1": 1119}, "P5": {"P1": 1450}}
1676224751.05804;P5;LEAST COST PATH;{"P1": ["P5"], "P2": ["P1"], "P3": ["P1"], "P4": ["P1"], "P5": []}
1676224754.0683422;P5;LEAST COST PATH;{"P1": ["P5"], "P2": ["P1"], "P3": ["P1"], "P4": ["P1"], "P5": []}
1676224757.1353042;P5;LEAST COST PATH;{"P1": ["P5"], "P2": ["P1"], "P3": ["P1"], "P4": ["P1"], "P5": []}
1676224762.5424776;P5;LEAST COST PATH;{"P1": ["P5"], "P2": ["P1"], "P3": ["P1"], "P4": ["P1"], "P5": []}
1676224762.5893538;P5;NODE FAILURE;set()
1676224762.5894933;P5;TOPOLOGY UPDATE;{"P1": {"P2": 880, "P3": 596, "P4": 1119, "P5": 1450}, "P2": {"P1": 880}, "P3": {"P1": 596}, "P4": {"P1": 1119}, "P5": {"P1": 1450}}
1676224766.0736785;P5;NODE FAILURE;set()
1676224766.0738504;P5;TOPOLOGY UPDATE;{"P1": {"P2": 880, "P3": 596, "P4": 1119, "P5": 1450}, "P2": {"P1": 880}, "P3": {"P1": 596}, "P4": {"P1": 1119}, "P5": {"P1": 1450}}
1676224769.0817194;P5;NODE FAILURE;set()
1676224769.0819035;P5;TOPOLOGY UPDATE;{"P1": {"P2": 880, "P3": 1064, "P4": 1119, "P5": 1133}, "P2": {"P1": 880}, "P3": {"P1": 1064}, "P4": {"P1": 1119}, "P5": {"P1": 1133}}
1676224772.1946607;P5;NODE FAILURE;set()
1676224772.1947982;P5;TOPOLOGY UPDATE;{"P1": {"P2": 880, "P3": 1064, "P4": 1119, "P5": 1133}, "P2": {"P1": 880}, "P3": {"P1": 1064}, "P4": {"P1": 1119}, "P5": {"P1": 1133}}
1676224777.565872;P5;LEAST COST PATH;{"P1": ["P5"], "P2": ["P1"], "P3": ["P1"], "P4": ["P1"], "P5": []}
1676224777.8144603;P5;NODE FAILURE;set()
1676224777.814744;P5;TOPOLOGY UPDATE;{"P1": {"P2": 880, "P3": 1064, "P4": 1119, "P5": 1133}, "P2": {"P1": 880}, "P3": {"P1": 1064}, "P4": {"P1": 1119}, "P5": {"P1": 1133}}
1676227014.1349137;P5;NODE FAILURE;{'P1'}
1676227014.135147;P5;TOPOLOGY UPDATE;{}
1676227014.135534;P5;LEAST COST PATH;{"P1": ["P5"], "P2": ["P1"], "P3": ["P1"], "P4": ["P1"], "P5": []}
1676227014.1360104;P5;LEAST COST PATH;{"P1": ["P5"], "P2": ["P1"], "P3": ["P1"], "P4": ["P1"], "P5": []}
1676227014.1385324;P5;LEAST COST PATH;{"P1": ["P5"], "P2": ["P1"], "P3": ["P1"], "P4": ["P1"], "P5": []}
1676227014.1395264;P5;LEAST COST PATH;{"P1": ["P5"], "P2": ["P1"], "P3": ["P1"], "P4": ["P1"], "P5": []}
1676227014.1438859;P5;LEAST COST PATH;{"P1": ["P5"], "P2": ["P1"], "P3": ["P1"], "P4": ["P1"], "P5": []}
1676227268.6641629;P5;PEER EXITED;
